ARM GAS  /tmp/cc3QWKWs.s 			page 1


   1              		.cpu cortex-m3
   2              		.eabi_attribute 20, 1
   3              		.eabi_attribute 21, 1
   4              		.eabi_attribute 23, 3
   5              		.eabi_attribute 24, 1
   6              		.eabi_attribute 25, 1
   7              		.eabi_attribute 26, 1
   8              		.eabi_attribute 30, 2
   9              		.eabi_attribute 34, 1
  10              		.eabi_attribute 18, 4
  11              		.file	"hal.c"
  12              		.text
  13              	.Ltext0:
  14              		.section	.gnu.lto_.profile.6b192cd7f17b51e6,"",%progbits
  15 0000 789C6365 		.ascii	"x\234ce`b`a```d\260\347\000\000\001\006\000T"
  15      60626061 
  15      60606064 
  15      B0E70000 
  15      01060054 
  16              		.text
  17              		.section	.gnu.lto_.icf.6b192cd7f17b51e6,"",%progbits
  18 0000 789C6365 		.ascii	"x\234ce`b\340`@\000F\206\217\015_\276\3610\000\000\020"
  18      6062E060 
  18      40004686 
  18      8F0D5FBE 
  18      F1300000 
  19 0015 540378   		.ascii	"T\003x"
  20              		.text
  21              		.section	.gnu.lto_.jmpfuncs.6b192cd7f17b51e6,"",%progbits
  22 0000 789C6365 		.ascii	"x\234ce`b\320`@\000F(\315\3048\235\231\261\371\327\376"
  22      6062D060 
  22      40004628 
  22      CDC4389D 
  22      99B1F9D7 
  23 0015 CF7CF57F 		.ascii	"\317|\365\177\033$\34633,f\006\311.g\254g`d\001\262"
  23      1B24E633 
  23      332C6606 
  23      C92E67AC 
  23      67606401 
  24 002a 00B87808 		.ascii	"\000\270x\010\225"
  24      95
  25              		.text
  26              		.section	.gnu.lto_.inline.6b192cd7f17b51e6,"",%progbits
  27 0000 789C6365 		.ascii	"x\234ce`b0f@\000F\006\006.{F\240 \003\003\333\002y&"
  27      60623066 
  27      40004606 
  27      062E7B46 
  27      A0200303 
  28 0018 B0101726 		.ascii	"\260\020\027&\301\304\015R\012f2\000\000?\336\001\224"
  28      C1C40D52 
  28      0A663200 
  28      003FDE01 
  28      94
  29              		.text
  30              		.section	.gnu.lto_.pureconst.6b192cd7f17b51e6,"",%progbits
  31 0000 789C6365 		.ascii	"x\234ce`b`f```d\220\000\000\000\204\000$"
  31      60626066 
ARM GAS  /tmp/cc3QWKWs.s 			page 2


  31      60606064 
  31      90000000 
  31      840024
  32              		.text
  33              		.section	.gnu.lto_halInit.6b192cd7f17b51e6,"",%progbits
  34 0000 789C7590 		.ascii	"x\234u\220AKBA\020\307\347\377V\237/(\351\320\241\322"
  34      414B4241 
  34      10C7E7FF 
  34      569F2F28 
  34      E9D0A1D2 
  35 0014 43572FFA 		.ascii	"CW/\372=\372\026\341%(\010\362\003\274\265W\010\006"
  35      3DFA16E1 
  35      252808F2 
  35      03BCB557 
  35      0806
  36 0026 D5C5CC20 		.ascii	"\325\305\314 \366Q\204\226\246\351\355\235zx\252KA\035"
  36      F6518496 
  36      A6E9ED9D 
  36      7A78AA4B 
  36      411D
  37 0038 3B15D121 		.ascii	";\025\321!\023\202N\025j\263\032\341A\207\035fw\346"
  37      13824E15 
  37      6AB31AE1 
  37      41871D66 
  37      77E6
  38 004a C7CC7F27 		.ascii	"\307\314\177'H\006]\203(JD\021v\010\202\261wK\224\266"
  38      48065D83 
  38      284A4411 
  38      760882B1 
  38      774B94B6 
  39 005e 0C405FA4 		.ascii	"\014@_\244\005\262\015\330\330\025y\201f\346\3253bE"
  39      05B20DD8 
  39      D8157981 
  39      66E6D533 
  39      6245
  40 0070 C9E6E73F 		.ascii	"\311\346\347?\346d\311\207\022D\005vm(\"F\214=\327\273"
  40      E664C987 
  40      12440576 
  40      6D282246 
  40      8C3DD7BB 
  41 0084 B9293330 		.ascii	"\271)30\310\243\004\223GP\355\036\276\354\3662\322\177"
  41      C8A30493 
  41      4750ED1E 
  41      BEECF632 
  41      D27F
  42 0096 39C6C3A2 		.ascii	"9\306\303\242E\224\345\262\236\261-\014\035E\013\216"
  42      4594E5B2 
  42      9EB12D0C 
  42      1D450B8E 
  43 00a6 FB13D1BC 		.ascii	"\373\023\321\274n\342y\357\217!\273#-%P\020\334\001"
  43      6EE279EF 
  43      8F21BB23 
  43      2D255010 
  43      DC01
  44 00b8 67B04931 		.ascii	"g\260I1\333\302\246{:9\202\023\005\256\022\316\231\343"
  44      DBC2A67B 
  44      3A398213 
ARM GAS  /tmp/cc3QWKWs.s 			page 3


  44      05AE12CE 
  44      99E3
  45 00ca C2FE56F3 		.ascii	"\302\376V\363.\264#\224\010@?\235\357\253\3170s\263"
  45      2EB42394 
  45      08403F9D 
  45      EFABCF30 
  45      73B3
  46 00dc 9C38D1C2 		.ascii	"\2348\321\3028wsX^Q8JO+\021D\205\177YF\264_\350\275"
  46      38777358 
  46      5E51384A 
  46      4F2B1144 
  46      857F5946 
  47 00f4 35AA130C 		.ascii	"5\252\023\014\037H\271\240\033\\@\241?\020U\330J\230"
  47      1F48B9A0 
  47      1B5C40A1 
  47      3F1055D8 
  47      4A98
  48 0106 A4B5B6C3 		.ascii	"\244\265\266\303\243\265rs\324\376\265:\356\327\030"
  48      A3B57273 
  48      D4FEB53A 
  48      EED718
  49 0115 2EC0DCE5 		.ascii	".\300\334\345\020\36743\232\0132W\037\342:c8\223\271"
  49      10F73433 
  49      9A0B3257 
  49      1FE23A63 
  49      3893B9
  50 0128 C61FD7C6 		.ascii	"\306\037\327\306\206[\314\0154k\313\362\006y\307\274"
  50      865BCC0D 
  50      346BCBF2 
  50      0679C7BC 
  51 0138 9EF9783C 		.ascii	"\236\371x<18k\251\304\362\322j\"\265\236\3241\236\244"
  51      31386BA9 
  51      C4F2D26A 
  51      22B59ED4 
  51      319EA4
  52 014b 5FDB6F9D 		.ascii	"_\333o\235l"
  52      6C
  53              		.text
  54              		.section	.gnu.lto_.symbol_nodes.6b192cd7f17b51e6,"",%progbits
  55 0000 789C55C9 		.ascii	"x\234U\311\273\021\3020\024D\321\273\222e\267A)\246"
  55      BB11C230 
  55      1444D1BB 
  55      9265B741 
  55      29A6
  56 0012 B2A78002 		.ascii	"\262\247\200\002(\302\025\020:vL\003\006\374\031\352"
  56      28C21510 
  56      3A764C03 
  56      06FC19EA 
  57 0022 F0F05064 		.ascii	"\360\360Pdmrf\356&\002\017|a\226\301\375\011\316\230"
  57      6D7266EE 
  57      26020F7C 
  57      6196C1FD 
  57      09CE98
  58 0035 AF903EE2 		.ascii	"\257\220>\342\342\217v\231\312\0039\367\0366Y\250\302"
  58      E28F7699 
  58      CA0339F7 
  58      1E3659A8 
ARM GAS  /tmp/cc3QWKWs.s 			page 4


  58      C2
  59 0046 2A8B5558 		.ascii	"*\213UXdM\025\336\262T\205\227\254=\207H\307\260\036"
  59      644D15DE 
  59      B2548597 
  59      AC3D8748 
  59      C7B01E
  60 0059 8AB44CC5 		.ascii	"\212\264L\305\304\267\330p\333\376F\206b`r\371\001D"
  60      C4B7D870 
  60      DBFE4686 
  60      626072F9 
  60      0144
  61 006b CE2E1F   		.ascii	"\316.\037"
  62              		.text
  63              		.section	.gnu.lto_.refs.6b192cd7f17b51e6,"",%progbits
  64 0000 789C6365 		.ascii	"x\234ce`b`c```d`bdb\000\000\000\275\000\024"
  64      60626063 
  64      60606064 
  64      60626462 
  64      000000BD 
  65              		.text
  66              		.section	.gnu.lto_.decls.6b192cd7f17b51e6,"",%progbits
  67 0000 789C8D56 		.ascii	"x\234\215VkL\024W\024\236\263\303.0\240\030h\214i4\265"
  67      6B4C1457 
  67      149EB3C3 
  67      2E30A018 
  67      688C6934 
  68 0015 748DF487 		.ascii	"t\215\364\207,\250M\374\341\017-\2505\241\225\324\226"
  68      2CA84DFC 
  68      E10F2DA8 
  68      35A195D4 
  68      96
  69 0026 A4BF362B 		.ascii	"\244\2776+\240l\202@v\227F\323\264\031\004\013b\025"
  69      A06C8240 
  69      769746D3 
  69      B419040B 
  69      6215
  70 0038 50DA0A15 		.ascii	"P\332\012\025%`+\240\002B}\000>\360\001\".\202(\"\002"
  70      25602BA0 
  70      02427D00 
  70      3EF00122 
  70      2E822822 
  71 004d 0BF25C11 		.ascii	"\013\362\\\021\021\251\265\322\032\351\271\367\316\354"
  71      11A9B5D2 
  71      1AE9B9F7 
  71      CEEC
  72 005b 2C5B249D 		.ascii	",[$\235\354\2713\347\336\357;\317{gV\315\251\270C\236"
  72      ECB933E7 
  72      DEEF3BCF 
  72      7B6756CD 
  72      A9B8439E 
  73 006f 1CB756C5 		.ascii	"\034\267V\305q\3078\216\233\302\013\037\271S(\200\322"
  73      71C7388E 
  73      9BC20B1F 
  73      B9532880 
  73      D2
  74 0080 C6B1CB1D 		.ascii	"\306\261\313\035\245\013\305\206\322\213\322\2072\200"
  74      A50BC586 
ARM GAS  /tmp/cc3QWKWs.s 			page 5


  74      D28BD287 
  74      3280
  75 008e 62471991 		.ascii	"bG\031\221\260\243\334\364\253\012\030/\002\345)J'\312"
  75      B0A3DCF4 
  75      AB0A182F 
  75      02E5294A 
  75      27CA
  76 00a0 9864F31E 		.ascii	"\230d\363\036\312\260\213\355\021\311\336\200d\277W"
  76      CAB08BED 
  76      11C9DE80 
  76      64BF57
  77 00af F23793ED 		.ascii	"\3627\223\355\237y\270\223R~\230\337\317\203\257\000"
  77      9F79B893 
  77      527E98DF 
  77      CF83AF00 
  78 00bf 6EA83E6F 		.ascii	"n\250>o\312\355\237\213\352;\002,F\265\346\334\205z"
  78      CAED9F8B 
  78      EA3B022C 
  78      46B5E6DC 
  78      857A
  79 00d1 355B0D42 		.ascii	"5[\015B\365\037{v\0070\325\033\325]5\035Y>\014\334\313"
  79      F51F7B76 
  79      0730D51B 
  79      D55D351D 
  79      593E0CDC 
  80 00e6 39917D19 		.ascii	"9\221}\031y\177F\345i\201W\001Y\312\255y\321(\031\362"
  80      797F46E5 
  80      69815701 
  80      59CAAD79 
  80      D12819F2 
  81 00fa 40B5B0AE 		.ascii	"@\265\260\256\372o/\336\223.u7\024\237 \021,\025\200"
  81      FA6F2FDE 
  81      932E7537 
  81      149F2011 
  81      2C1580
  82 010d D4CD07A7 		.ascii	"\324\315\007\247\312F\253&\347\260)\202\350\231,Z\037"
  82      CA46AB26 
  82      E7B02982 
  82      E8992C5A 
  82      1F
  83 011e 78526497 		.ascii	"xRd\227\307\"%\370\326\214\211c\356\374|\002R\3454\266"
  83      C72225F8 
  83      D68C8963 
  83      EEFC7C02 
  83      52E534B6 
  84 0132 5F758300 		.ascii	"_u\203\000\3417\002\252m~\2614+U\024Up\006\004\250\004"
  84      E13702AA 
  84      6D7EB134 
  84      2B551455 
  84      700604A8 
  85 0147 1E2A2090 		.ascii	"\036* \220\024a\251\200c\232(\356\0223\223E\317O8(\202"
  85      1461A980 
  85      639A28EE 
  85      12339345 
  85      CF4F3828 
  86 015c 85701C16 		.ascii	"\205p\034\026r\360;\004\020\177\004\007\247q\262\034"
  86      72F03B04 
ARM GAS  /tmp/cc3QWKWs.s 			page 6


  86      107F0407 
  86      A771B21C 
  87 016c 27D145F1 		.ascii	"'\321E\361\261\254\002\015\037A]\324_\352|\340\006B"
  87      B1AC020D 
  87      1F415DD4 
  87      5FEA7CE0 
  87      0642
  88 017e C08CFCF3 		.ascii	"\300\214\374\3633\360Y,S\277\370\327\357&\261\234\303"
  88      33F0592C 
  88      53BFF8D7 
  88      EF26B19C 
  88      C3
  89 018f 58CE2AB1 		.ascii	"X\316*\261`h,\215\276\352\256$\025\277\007h\262o\322"
  89      60682C8D 
  89      BEEAAE24 
  89      15BF0768 
  89      B26FD2
  90 01a2 2F8CF3FC 		.ascii	"/\214\363\374>\252\250\355\331\371\311\002h\265Z\277"
  90      3EAAA8ED 
  90      D9F9C902 
  90      68B55ABF 
  91 01b2 8002E2B4 		.ascii	"\200\002\342\264\266\271dU^\353\200(\036\360\246\326"
  91      B6B96455 
  91      5EEB8028 
  91      1EF0A6D6 
  92 01c2 AAD1DA25 		.ascii	"\252\321\332%\360S\242(\305\201\203`\0348F\350[\224"
  92      F053A228 
  92      C5818360 
  92      1C3846E8 
  92      5B94
  93 01d4 23D6A6F0 		.ascii	"#\326\246\360\024]\346\212\326\021p\021(\350V't\325"
  93      145DE68A 
  93      D6117011 
  93      28E85627 
  93      74D5
  94 01e6 8C686A3A 		.ascii	"\214hj:\213\344\225)\212k\33488\201\313%\324+\001cj"
  94      8BE49529 
  94      8A6BDC38 
  94      3881CB25 
  94      D42B0163 
  95 01fb 70192B71 		.ascii	"p\031+q\021\264p\001\245\006\264\264Y\254\022\365y\276"
  95      11B47001 
  95      A506B4B4 
  95      59AC12F5 
  95      79BE
  96 020d 49A20804 		.ascii	"I\242\010\004\311IU\220:y\371MJ\213\206\277A\263V\355"
  96      C9495590 
  96      3A79F94D 
  96      4A8B86BF 
  96      41B356ED 
  97 0221 3D3099A4 		.ascii	"=0\231\244\206\000?Fz\223\247\301\256\303U\264^\253"
  97      86003F46 
  97      7A93A7C1 
  97      AEC355B4 
  97      5EAB
  98 0233 148F9898 		.ascii	"\024\217\230\2309\020\270\202\376g\213\005\335\215\245"
  98      3910B882 
ARM GAS  /tmp/cc3QWKWs.s 			page 7


  98      FE678B05 
  98      DD8DA5
  99 0242 0CF67AB1 		.ascii	"\014\366z\261\355\270\000\3253M\347mj\376!k@\327\304"
  99      EDB800D5 
  99      334DE76D 
  99      6AFE216B 
  99      40D7C4
 100 0255 FD542FFE 		.ascii	"\375T/\376\021S\312^g\037\327\360v\246d$\333\276c\244"
 100      1153CA5E 
 100      671FD7F0 
 100      76A66424 
 100      DBBE63A4 
 101 0269 D5A8FD70 		.ascii	"\325\250\375p\350x\246F\332\375<\352\351g\016\026\372"
 101      E878A646 
 101      DAFD3CEA 
 101      E9670E16 
 101      FA
 102 027a F0CF28D4 		.ascii	"\360\317(\324=\363\301P\352\\l\234\237V\033\240-\240"
 102      3DF3C150 
 102      EA5C6C9C 
 102      9F561BA0 
 102      2DA0
 103 028c 79D88A7C 		.ascii	"y\330\212|\017\212bC\020\315\344&fb\305\273#\350\342"
 103      0F8A6243 
 103      10CDE426 
 103      6662C5BB 
 103      23E8E2
 104 029f 698D43F8 		.ascii	"i\215C\370\325\200$\332\012\202>\345\212>\011J\347\234"
 104      D58024DA 
 104      0A823EE5 
 104      8A3E094A 
 104      E79C
 105 02b1 6BD08080 		.ascii	"k\320\200\200\033t\315*\025\240\031\013\320\202\311"
 105      1B74CD2A 
 105      15A0190B 
 105      D082C9
 106 02c0 DF466942 		.ascii	"\337FiB\271\205\322(\025\2029\232xOqt\335\325\3215\327"
 106      B985D228 
 106      1582399A 
 106      784F7174 
 106      DDD5D135 
 107 02d5 B0FA9CD0 		.ascii	"\260\372\234\320u\256\350R\247\260\244\216\037e\035"
 107      75AEE852 
 107      A7B0A48E 
 107      1F651D
 108 02e4 B74EEF38 		.ascii	"\267N\3578\263u\377\250SE\352]\215)\333\015\213{ert"
 108      B375FFA8 
 108      5345EA5D 
 108      8D29DB0D 
 108      8B7B6572 
 109 02f9 B70FFF92 		.ascii	"\267\017\377\222\355\217\273u\277&y8\366\307X1\335\037"
 109      ED8FBB75 
 109      BF267938 
 109      F6C75831 
 109      DD1F
 110 030b 77917B47 		.ascii	"w\221{G\331\037\326\377\354\017\2716\320\212%\371?\345"
 110      D91FD6FF 
ARM GAS  /tmp/cc3QWKWs.s 			page 8


 110      EC0FB936 
 110      D08A25F9 
 110      3FE5
 111 031d 41B7876F 		.ascii	"A\267\207oW\256\360\223\214\244\275\315\0107\233\205"
 111      57AEF093 
 111      8CA4BDCD 
 111      08379B85 
 112 032d 3D79E7F2 		.ascii	"=y\347\362\275\275\323\035o\014\270\347t\2448h\003o"
 112      BDBDD31D 
 112      6F0CB8E7 
 112      74A43868 
 112      036F
 113 033f 02247704 		.ascii	"\002$w\004\237\335w\375\242\312\006]\200\037\017\230"
 113      9FDD77FD 
 113      A2CA065D 
 113      801F0F98 
 114 034f 474D00B0 		.ascii	"GM\000\260\021\250PuJ\276\000\350<\316\252\350\310\200"
 114      11A85075 
 114      4ABE00E8 
 114      3CCEAAE8 
 114      C880
 115 0361 740A6486 		.ascii	"t\012d\206\244\253$U%\231\244?\211\014N\026\3312\363"
 115      A4AB2455 
 115      2599A43F 
 115      890C4E16 
 115      D932F3
 116 0374 245FECE3 		.ascii	"$_\354\343\301\036(Mf\203Jq\000\340Lp2\310\302\226\326"
 116      C11E284D 
 116      66834A71 
 116      00E04C70 
 116      32C8C296 
 117 0389 1DF1714A 		.ascii	"\035\361qJr \227\352y\216uH\350\201n2\233\277\006\350"
 117      722097EA 
 117      798E7548 
 117      E8816E32 
 117      9BBF06E8 
 118 039d DC78A5D8 		.ascii	"\334x\245\330'\360\"\373\210\324M\375U\353\303\016\240"
 118      27F022FB 
 118      88D44DFD 
 118      55EBC30E 
 118      A0
 119 03ae 8ABCFDC7 		.ascii	"\212\274\375\307\255y^\354\000\316C\365UR\333\025a\301"
 119      AD795EEC 
 119      00CE43F5 
 119      5552DB15 
 119      61C1
 120 03c0 4FF42391 		.ascii	"O\364#\221,\316SA\304|x\210\205\356\240\205\356\204"
 120      2CCE5341 
 120      C47C7888 
 120      85EEA085 
 120      EE84
 121 03d2 05386E71 		.ascii	"\0058nq\223\266S\313\276\032\301?_\314\357\025ko\334"
 121      93B653CB 
 121      BE1AC13F 
 121      5FCCEF15 
 121      6B6FDC
 122 03e5 5C3C5C21 		.ascii	"\\<\\!\212\370\206\026\335\010\014\036(\273\010\037"
ARM GAS  /tmp/cc3QWKWs.s 			page 9


 122      8AF88616 
 122      DD080C1E 
 122      28BB081F 
 123 03f5 716C871E 		.ascii	"ql\207\036\200\373`\303\300\273\300\037\351\251\025"
 123      80FB60C3 
 123      C0BBC01F 
 123      E9A915
 124 0404 633D6ABE 		.ascii	"c=j\276\220E\225U\321\322\307\243\255^\334\213\355M"
 124      90459555 
 124      D1D2C7A3 
 124      AD5EDC8B 
 124      ED4D
 125 0416 AB72CB07 		.ascii	"\253r\313\007\3044\201:\304T\034\226\272\211%\362`\243"
 125      C434813A 
 125      C4541C96 
 125      BA8925F2 
 125      60A3
 126 0428 16AC43DD 		.ascii	"\026\254C\335\337\360Vf\240\364\307\346g\356\222\201"
 126      DFF05666 
 126      A0F4C7E6 
 126      67EE9281 
 127 0438 3F1E6A8B 		.ascii	"?\036j\213+\304\0245\245\367(\364\036\231\336K\351\351"
 127      2BC41435 
 127      A5F728F4 
 127      1E99DE4B 
 127      E9E9
 128 044a 998D760F 		.ascii	"\231\215v\017~/O\371v{\301\244\267\304\357\037\011\352"
 128      7E2F4FF9 
 128      767BC1A4 
 128      B7C4EF1F 
 128      09EA
 129 045c 74F01F29 		.ascii	"t\360\037)\374G2\277\217\362\257\267\215\244\251\371"
 129      FC4732BF 
 129      8FF2AFB7 
 129      8DA4A9F9 
 130 046c F38C2F96 		.ascii	"\363\214/\226\\\314\226\023\270\366jU\203\203\337\257"
 130      5CCC9613 
 130      B8F66A55 
 130      8383DFAF 
 131 047c F0FB65FE 		.ascii	"\360\373e\376\000\345\227\234\314\031\364\344\373\031"
 131      00E5979C 
 131      CC19F4E4 
 131      FB19
 132 048a BF72A8A6 		.ascii	"\277r\250\246\303\303M\305v1)1\316\035\331S\363\275"
 132      C3C34DC5 
 132      76312931 
 132      CE1DD953 
 132      F3BD
 133 049c FB5B9B31 		.ascii	"\373[\2331L\2331\004R7\036O\214\357\022\244\000n\225"
 133      4C9B3104 
 133      52371E4F 
 133      8CEF12A4 
 133      006E95
 134 04af 0475D300 		.ascii	"\004u\323\000\020\003\203J\000\203r\000v\032@\316\221"
 134      1003834A 
 134      00837200 
 134      761A40CE 
ARM GAS  /tmp/cc3QWKWs.s 			page 10


 134      91
 135 04c0 8C729E7F 		.ascii	"\214r\236\177\316\0028\220\373\372\266J.\340\324\352"
 135      CE023890 
 135      FBFAB64A 
 135      2EE0D4EA 
 136 04d0 6A47028F 		.ascii	"jG\002\217\025\376c\231?B\371\015\327J_z\361en\224_"
 136      15FE6399 
 136      3F42F90D 
 136      D74A5F7A 
 136      F1656E94 
 137 04e5 3B55D5A3 		.ascii	";U\325\243^R(\216\223?\016%\253\273\306S\3044_zP\237"
 137      5E52288E 
 137      933F0E25 
 137      ABBBC653 
 137      C4345F7A 
 138 04fb 30034EEF 		.ascii	"0\003N\357\325'tG\214\302\022\362\277\344U\273m\332"
 138      D5277447 
 138      8CC212F2 
 138      BFE455BB 
 138      6DDA
 139 050d D9263E95 		.ascii	"\331&>\225\263\375\024\253!y\177J\217\367\237{\263\277"
 139      B3FD14AB 
 139      21797F4A 
 139      8FF79F7B 
 139      B3BF
 140 051f 75860F4F 		.ascii	"u\206\017O\203\217I\257\002r\327\204\207\206\032,\006"
 140      838F49AF 
 140      0272D784 
 140      87861A2C 
 140      06
 141 0530 3ED214EB 		.ascii	">\322\024\353\261\341\263/\027\207\004\007s\202^\237"
 141      B1E1B32F 
 141      17870407 
 141      73825E9F 
 142 0540 688CB3AC 		.ascii	"h\214\263\254X\256\267\254\324%\232M:\203i\373\262\270"
 142      58AEB7AC 
 142      D4259A4D 
 142      3A8369FB 
 142      B2B8
 143 0552 F8B8E865 		.ascii	"\370\270\350e\321\206-F\2351.261*Z\267\335\020\031c"
 143      D1862D46 
 143      9D312E32 
 143      36312A5A 
 143      B7DD1019 
 144 0567 8C8BD6E9 		.ascii	"\214\213\326\351\243\242\267\032\022c-z\313\316\204"
 144      A3A2B71A 
 144      12632D7A 
 144      CBCE84
 145 0576 6873600C 		.ascii	"hs`\014\347!\263?\234\205m\336i\326\351\315\226(\204"
 145      E721B33F 
 145      9C856DDE 
 145      69D6E9CD 
 145      962884
 146 0589 22858F8F 		.ascii	"\"\205\217\2172a\0141\037\005\006\352\330/\336\254\213"
 146      32610C31 
 146      1F0506EA 
 146      D82FDEAC 
ARM GAS  /tmp/cc3QWKWs.s 			page 11


 146      8B
 147 059a 31C4EA12 		.ascii	"1\304\352\022\342M\026\263n\363\027\237\256X\256\013"
 147      E24D16B3 
 147      6EF3179F 
 147      AE58AE0B 
 148 05aa 0B0BD56D 		.ascii	"\013\013\325m\010\337\270\351\353`\262\244O@\211\215"
 148      08DFB8E9 
 148      EB60B2A4 
 148      4F40898D 
 149 05ba 8D42B6AF 		.ascii	"\215B\266\257\331\262\035\375mK0\306\353\315\321\226"
 149      D9B21DFD 
 149      6D4B30C6 
 149      EBCDD196 
 150 05ca C404BD45 		.ascii	"\304\004\275E\023\036B\362\322\204\177\314nk\331m\035"
 150      131E42F2 
 150      D2847FCC 
 150      6E6BD96D 
 150      1D
 151 05db B97986AF 		.ascii	"\271y\206\257\015\013\211\217\333j\334\346\216v6\306"
 151      0D0B898F 
 151      DB6ADCE6 
 151      8E7636C6 
 152 05eb 192DEFBA 		.ascii	"\031-\357\272\2725\233\"\311=0\222\323\230-\004\361"
 152      BA359B22 
 152      C93D3092 
 152      D3982D04 
 152      F1
 153 05fc BE2B42CE 		.ascii	"\276+B\316\203Db&)xn\2117\230\242\010v\245+\226\256"
 153      83446226 
 153      29786E89 
 153      3798A208 
 153      76A52B96 
 154 0611 902CF434 		.ascii	"\220,\3644\221\2100}\350\306\315!\233\"\326}\376\025"
 154      9188307D 
 154      E8C6CD21 
 154      9B22D67D 
 154      FE15
 155 0623 5BA34533 		.ascii	"[\243E3\230\250\247\017f\363D@\010v7'\030\011\326\177"
 155      98A8A70F 
 155      66F34440 
 155      08763727 
 155      1809D67F 
 156 0637 D6A8128C 		.ascii	"\326\250\022\214\010\235#\327IoD\202w\214\223\0224["
 156      089D23D7 
 156      496F4482 
 156      778C9312 
 156      345B
 157 0649 B1E9B83E 		.ascii	"\261\351\270>x\307\016]\214RgbJ\356v$\255\340\2778\242"
 157      78C70E5D 
 157      8C526762 
 157      4AEE7624 
 157      ADE0BF38 
 158 065e 7674     		.ascii	"vt"
 159              		.text
 160              		.section	.gnu.lto_.symtab.6b192cd7f17b51e6,"",%progbits
 161 0000 68616C49 		.ascii	"halInit\000"
 161      6E697400 
ARM GAS  /tmp/cc3QWKWs.s 			page 12


 162 0008 00       		.ascii	"\000"
 163 0009 00       		.ascii	"\000"
 164 000a 00       		.ascii	"\000"
 165 000b 00000000 		.ascii	"\000\000\000\000\000\000\000\000"
 165      00000000 
 166 0013 DC000000 		.ascii	"\334\000\000\000"
 167 0017 70616C5F 		.ascii	"pal_default_config\000"
 167      64656661 
 167      756C745F 
 167      636F6E66 
 167      696700
 168 002a 00       		.ascii	"\000"
 169 002b 02       		.ascii	"\002"
 170 002c 00       		.ascii	"\000"
 171 002d 00000000 		.ascii	"\000\000\000\000\000\000\000\000"
 171      00000000 
 172 0035 EC000000 		.ascii	"\354\000\000\000"
 173 0039 7374496E 		.ascii	"stInit\000"
 173      697400
 174 0040 00       		.ascii	"\000"
 175 0041 02       		.ascii	"\002"
 176 0042 00       		.ascii	"\000"
 177 0043 00000000 		.ascii	"\000\000\000\000\000\000\000\000"
 177      00000000 
 178 004b DE000000 		.ascii	"\336\000\000\000"
 179 004f 626F6172 		.ascii	"boardInit\000"
 179      64496E69 
 179      7400
 180 0059 00       		.ascii	"\000"
 181 005a 02       		.ascii	"\002"
 182 005b 00       		.ascii	"\000"
 183 005c 00000000 		.ascii	"\000\000\000\000\000\000\000\000"
 183      00000000 
 184 0064 E0000000 		.ascii	"\340\000\000\000"
 185 0068 75617274 		.ascii	"uartInit\000"
 185      496E6974 
 185      00
 186 0071 00       		.ascii	"\000"
 187 0072 02       		.ascii	"\002"
 188 0073 00       		.ascii	"\000"
 189 0074 00000000 		.ascii	"\000\000\000\000\000\000\000\000"
 189      00000000 
 190 007c E2000000 		.ascii	"\342\000\000\000"
 191 0080 73706949 		.ascii	"spiInit\000"
 191      6E697400 
 192 0088 00       		.ascii	"\000"
 193 0089 02       		.ascii	"\002"
 194 008a 00       		.ascii	"\000"
 195 008b 00000000 		.ascii	"\000\000\000\000\000\000\000\000"
 195      00000000 
 196 0093 E4000000 		.ascii	"\344\000\000\000"
 197 0097 5F70616C 		.ascii	"_pal_lld_init\000"
 197      5F6C6C64 
 197      5F696E69 
 197      7400
 198 00a5 00       		.ascii	"\000"
 199 00a6 02       		.ascii	"\002"
ARM GAS  /tmp/cc3QWKWs.s 			page 13


 200 00a7 00       		.ascii	"\000"
 201 00a8 00000000 		.ascii	"\000\000\000\000\000\000\000\000"
 201      00000000 
 202 00b0 E8000000 		.ascii	"\350\000\000\000"
 203 00b4 68616C5F 		.ascii	"hal_lld_init\000"
 203      6C6C645F 
 203      696E6974 
 203      00
 204 00c1 00       		.ascii	"\000"
 205 00c2 02       		.ascii	"\002"
 206 00c3 00       		.ascii	"\000"
 207 00c4 00000000 		.ascii	"\000\000\000\000\000\000\000\000"
 207      00000000 
 208 00cc EA000000 		.ascii	"\352\000\000\000"
 209              		.text
 210              		.section	.gnu.lto_.opts,"",%progbits
 211 0000 272D666D 		.ascii	"'-fmath-errno' '-fsigned-zeros' '-ftrapping-math' '"
 211      6174682D 
 211      6572726E 
 211      6F272027 
 211      2D667369 
 212 0033 2D666E6F 		.ascii	"-fno-trapv' '-fno-openmp' '-fno-openacc' '-mcpu=cor"
 212      2D747261 
 212      70762720 
 212      272D666E 
 212      6F2D6F70 
 213 0066 7465782D 		.ascii	"tex-m3' '-mno-thumb-interwork' '-mthumb' '-ggdb' '-"
 213      6D332720 
 213      272D6D6E 
 213      6F2D7468 
 213      756D622D 
 214 0099 4F322720 		.ascii	"O2' '-fomit-frame-pointer' '-falign-functions=16' '"
 214      272D666F 
 214      6D69742D 
 214      6672616D 
 214      652D706F 
 215 00cc 2D666675 		.ascii	"-ffunction-sections' '-fdata-sections' '-fno-common"
 215      6E637469 
 215      6F6E2D73 
 215      65637469 
 215      6F6E7327 
 216 00ff 2720272D 		.ascii	"' '-flto'\000"
 216      666C746F 
 216      2700
 217              		.text
 218              		.comm	__gnu_lto_v1,1,1
 219              		.comm	__gnu_lto_slim,1,1
 220              		.ident	"GCC: (GNU Tools for ARM Embedded Processors 6-2017-q2-update) 6.3.1 20170620 (release) [AR
ARM GAS  /tmp/cc3QWKWs.s 			page 14


DEFINED SYMBOLS
                            *ABS*:0000000000000000 hal.c
                            *COM*:0000000000000001 __gnu_lto_v1
                            *COM*:0000000000000001 __gnu_lto_slim

NO UNDEFINED SYMBOLS
