ARM GAS  /tmp/cc30Ka9f.s 			page 1


   1              		.cpu cortex-m3
   2              		.eabi_attribute 20, 1
   3              		.eabi_attribute 21, 1
   4              		.eabi_attribute 23, 3
   5              		.eabi_attribute 24, 1
   6              		.eabi_attribute 25, 1
   7              		.eabi_attribute 26, 1
   8              		.eabi_attribute 30, 2
   9              		.eabi_attribute 34, 1
  10              		.eabi_attribute 18, 4
  11              		.file	"hal_pal_lld.c"
  12              		.text
  13              	.Ltext0:
  14              		.section	.gnu.lto_.profile.6c4c9465ac56e4cd,"",%progbits
  15 0000 789C6365 		.ascii	"x\234ce`b`a```dps\001\000\001P\000\227"
  15      60626061 
  15      60606064 
  15      70730100 
  15      01500097 
  16              		.text
  17              		.section	.gnu.lto_.icf.6c4c9465ac56e4cd,"",%progbits
  18 0000 789C6365 		.ascii	"x\234ce`b\020a@\000f\206\217\017\327\336\340`\374\374"
  18      60621061 
  18      40006686 
  18      8F0FD7DE 
  18      E060FCFC 
  19 0014 E676371B 		.ascii	"\346v7\033\323\313\345\317/\2630\000\000m\275\012\032"
  19      D3CBE5CF 
  19      2FB33000 
  19      006DBD0A 
  19      1A
  20              		.text
  21              		.section	.gnu.lto_.jmpfuncs.6c4c9465ac56e4cd,"",%progbits
  22 0000 789C6365 		.ascii	"x\234ce`b\020`@\000&\006FF\306zFf \311^__\317\000\000"
  22      60621060 
  22      40002606 
  22      4646C67A 
  22      466620C9 
  23 001a 0D4C0227 		.ascii	"\015L\002'"
  24              		.text
  25              		.section	.gnu.lto_.inline.6c4c9465ac56e4cd,"",%progbits
  26 0000 789C3D91 		.ascii	"x\234=\2211j\0031\020EgFr\274\304\205\267J\025\260\300"
  26      316A0331 
  26      10456746 
  26      72BCC485 
  26      B74A15B0 
  27 0015 7B821C20 		.ascii	"{\202\034 \350(\251\223KL\353\306\220\312\030\002Q\227"
  27      E828A993 
  27      4B4CEBC6 
  27      90CA1802 
  27      5197
  28 0027 80BB40FA 		.ascii	"\200\273@\372M\351\316\007H\3412mn`\315|\255U\274?\237"
  28      4DE9CE07 
  28      48E1326D 
  28      6E60CD7C 
  28      AD55BC3F 
  29 003c 81A75D34 		.ascii	"\201\247]4#\241o\246\353\021\242a\315KJL\201\234\331"
ARM GAS  /tmp/cc30Ka9f.s 			page 2


  29      23A16FA6 
  29      EB11A261 
  29      CD4B4A4C 
  29      819CD9
  30 004f 999C4FCE 		.ascii	"\231\234O\316\302\036\212\030[\023\2173Zi\0151\"4\240"
  30      C21E8A18 
  30      5B138F33 
  30      5A690D31 
  30      2234A0
  31 0062 214A4843 		.ascii	"!JHC\331\013\335\224\225\020\377\315#h\350|\354\014"
  31      D90BDD94 
  31      9510FFCD 
  31      2368E87C 
  31      EC0C
  32 0074 BD8FBD21 		.ascii	"\275\217\275!\371\230\014\331\307lP\026\204SP\300\330"
  32      F9980CD9 
  32      C76C5016 
  32      845350C0 
  32      D8
  33 0085 C209A7BA 		.ascii	"\302\011\247\272TaU\327*\274\352b\205Y\241\236\334M"
  33      546155D7 
  33      2ABCEA62 
  33      8559A19E 
  33      DC4D
  34 0097 3ED99B7E 		.ascii	">\331\233~\362\327\013\352a\032^\231g\222\236w\2017"
  34      F2D70BEA 
  34      611A5E99 
  34      67929E77 
  34      8137
  35 00a9 6FFBC37C 		.ascii	"o\373\303|\033\336\003q\340\017\276'I/-m\375s\376\372"
  35      1BDE0371 
  35      E00FBE27 
  35      492F2D6D 
  35      FD73FEFA 
  36 00bd 5F601DF9 		.ascii	"_`\035\371\263\255\221\365)\272\207\323oO\267\343\243"
  36      B3AD91F5 
  36      29BA87D3 
  36      6F4FB7E3 
  36      A3
  37 00ce 502CAB4C 		.ascii	"P,\253Lq\274\313\365\263\217\334\333?X\020\357\304."
  37      71BCCBF5 
  37      B38FDCDB 
  37      3F5810EF 
  37      C42E
  38 00e0 AFF447BB 		.ascii	"\257\364G\273\000\360\242P\247"
  38      00F0A250 
  38      A7
  39              		.text
  40              		.section	.gnu.lto_.pureconst.6c4c9465ac56e4cd,"",%progbits
  41 0000 789C6365 		.ascii	"x\234ce`b`e`\000\222R\214R\000\001\005\000D"
  41      60626065 
  41      60009252 
  41      8C520001 
  41      050044
  42              		.text
  43              		.section	.gnu.lto__pal_lld_init.6c4c9465ac56e4cd,"",%progbits
  44 0000 789CA597 		.ascii	"x\234\245\227mLSW\030\307\317sO{)\245t\204\020B\030"
ARM GAS  /tmp/cc30Ka9f.s 			page 3


  44      6D4C5357 
  44      18C7CF73 
  44      4F7B29A5 
  44      74841042 
  45 0015 21849918 		.ascii	"!\204\231\030\277p\263-K\366i\237\226\230%.\333\262"
  45      BF70B32D 
  45      4BF6699F 
  45      9698252E 
  45      DBB2
  46 0027 7D5F3696 		.ascii	"}_6\226\275$d\230\271\354\253\267X@0\021\222)2'k\315"
  46      BD246498 
  46      B9ECABB7 
  46      58403011 
  46      92293227 
  47 003d C22A3228 		.ascii	"\302*2(\356M\250\"\2658\001\025\035\326M\035\276L\334"
  47      EE4DA822 
  47      B5380115 
  47      1DD64D1D 
  47      BE4CDC
  48 0050 D02ACC29 		.ascii	"\320*\314)0\035\233e\3479\247\367\336r\023nr\322\206"
  48      301D9B65 
  48      E739A7F7 
  48      DE72136E 
  48      72D286
  49 0063 FBF41EEE 		.ascii	"\373\364\036\356\355\363\374~\247\177H\353&\012i*$\344"
  49      EDF3FC7E 
  49      A77F48EB 
  49      260A692A 
  49      24E4
  50 0075 0542C893 		.ascii	"\005B\310\223\354\000J@i?KH\300\243\000\340\211\356"
  50      EC004A40 
  50      693F4B48 
  50      C0A300E0 
  50      89EE
  51 0087 01B25581 		.ascii	"\001\262U\201\255\320F\367PH4\317\016)\033\":{\304\367"
  51      ADD046F7 
  51      504834CF 
  51      0E291B22 
  51      3A7BC4F7 
  52 009b 0CAA4D7A 		.ascii	"\014\252MzcY\210\022\362\031;\360\001\021\330\300\356"
  52      63598812 
  52      F2193BF0 
  52      0111D8C0 
  52      EE
  53 00ac 9A0A0EEC 		.ascii	"\232\012\016\354\243;i\210\002\270\330\362\376\344\336"
  53      A33B6988 
  53      02B8D8F2 
  53      FEE4DE
  54 00bb 9B7E5C2A 		.ascii	"\233~\\*P\305\226\251t\364\226\213>\017\204\235\367"
  54      50C596A9 
  54      74F4968B 
  54      3E0F849D 
  54      F7
  55 00cc 5CFBFCB5 		.ascii	"\\\373\374\265\365\335\272\336\240\307\347vQ}]\210R"
  55      F5DDBADE 
  55      A0C7E776 
  55      517D5D88 
ARM GAS  /tmp/cc30Ka9f.s 			page 4


  55      52
  56 00dd 380894F5 		.ascii	"8\010\224\365\203\036\250\200\003PA\330\257\010\364"
  56      831EA880 
  56      035041D8 
  56      AF08F4
  57 00ec C27ABC7D 		.ascii	"\302z\274}\346Pzw\241\352\022\363\340kP\201=G\317C\\"
  57      E6507A77 
  57      A1EA12F3 
  57      E06B5081 
  57      3D47CF43 
  58 0101 4FAF34B3 		.ascii	"O\2574\263\026\335\220\334\270Na/qQ,n\300\027\252x\352"
  58      16DD90DC 
  58      B84E612F 
  58      71512C6E 
  58      C017AA78 
  59 0116 C1E2C5E2 		.ascii	"\301\342\305\342\303\342\307R\204\245\030K\011\226R"
  59      C3E2C752 
  59      84A5184B 
  59      099652
  60 0125 2C6558CA 		.ascii	",eX\312\261\340dW%\226*,\325X\010ie\223q[vP\005\237"
  60      B1E06457 
  60      25962A2C 
  60      D5580869 
  60      6593715B 
  61 013d 690A12B1 		.ascii	"i\012\022\261TO-\262tQ\205!v4&\316\345\241\254\233\013"
  61      544F2DB2 
  61      74518521 
  61      763426CE 
  61      E5A1AC9B 
  62 0152 4E4727EF 		.ascii	"NG'\357z\304R\017o\327q;f\306[\013C\320\025`{X\025\242"
  62      7AC4520F 
  62      6FD7713B 
  62      66C65B0B 
  62      43D01560 
  63 016a 2AF433D1 		.ascii	"*\3643\321>&\212\267\037\337y\373\253B\255O\017B\210"
  63      3E268AB7 
  63      1FDF79FB 
  63      AB42AD4F 
  63      0F4288
  64 017d E6411442 		.ascii	"\346A\024B\320\311\267\026\006@#)\330\366\250\011\304"
  64      D0C9B716 
  64      06402329 
  64      D8F6A809 
  64      C4
  65 018e 282AA625 		.ascii	"(*\246%\373W\342|\247]\360\230\300!\326\205\001u\344"
  65      FB57E27C 
  65      A75DF098 
  65      C021D685 
  65      0175E4
  66 01a1 E33D5293 		.ascii	"\343=R\223\276\261&}\013\032k\317\3724\304R\375\243"
  66      BEB1267D 
  66      0B1A6BCF 
  66      FA34C452 
  66      FDA3
  67 01b3 4F88716A 		.ascii	"O\210qj\266\031\345f\017\307Nm\367e\272\207c\300\266"
  67      B619E566 
  67      0FC74E6D 
ARM GAS  /tmp/cc30Ka9f.s 			page 5


  67      F765BA87 
  67      63C0B6
  68 01c6 C7D3C52C 		.ascii	"\307\323\305,\277\313\364\377\242sp\301\317\372\267"
  68      BFCBF4FF 
  68      A27370C1 
  68      CFFAB7
  69 01d5 F3D9F9F0 		.ascii	"\363\331\371\360=\237\200\357\027\2738\0329x\317+.\206"
  69      3D9F80EF 
  69      17BB381A 
  69      3978CF2B 
  69      2E86
  70 01e7 97198017 		.ascii	"\227\031\200\027~\000\255\223m)\233\177\230\233&:&*"
  70      7E00AD93 
  70      6D299B7F 
  70      989B263A 
  70      262A
  71 01f9 3316E6DC 		.ascii	"3\026\346\334\002>w\366\344\305\026\267X\352\355A\276"
  71      023E77F6 
  71      E4C516B7 
  71      58EAED41 
  71      BE
  72 020a A363914B 		.ascii	"\243c\221K\213.\003\345mF\342\203!\246:\230AI\337\331"
  72      8B2E03E5 
  72      6D46E283 
  72      21A63A98 
  72      4149DFD9 
  73 021e DF8628C1 		.ascii	"\337\206(\301\000\242\344A\214\243\360\010\035AYU\310"
  73      00A2E441 
  73      8CA3F008 
  73      1D415955 
  73      C8
  74 022f 460D598F 		.ascii	"F\015Y\217\274\335Qg\273a\264s\341\300cv;I\366\021>"
  74      BCDD5167 
  74      BB61B473 
  74      E1C06376 
  74      3B49F611 
  75 0244 C88DADE2 		.ascii	"\310\215\255\342\310\356\021\354\203\006\273W\236\375"
  75      C8EE11EC 
  75      8306BB57 
  75      9EFD
  76 0252 B8337B02 		.ascii	"\2703{\002\331U\0348\232#\373\011>(\017[\375\210\354"
  76      D9551C38 
  76      9A23FB09 
  76      3E280F5B 
  76      FD88EC
  77 0265 5EC13E64 		.ascii	"^\301>d\260\373\344\331O\362\226\236\265\330\307\314"
  77      B0FBE4D9 
  77      4FF2969E 
  77      B5D8C7CC 
  78 0275 548DDBD9 		.ascii	"T\215\333\331\247\247n\364\346gb\324)b\324\027\036~"
  78      A7A76EF4 
  78      E66762D4 
  78      2962D417 
  78      1E7E
  79 0287 6AB5CD44 		.ascii	"j\265\315D\226\315\205\245\266\303\236,\233SV\212N\243"
  79      96CD85A5 
  79      B6C39E2C 
ARM GAS  /tmp/cc30Ka9f.s 			page 6


  79      9B53568A 
  79      4EA3
  80 0299 8D4FD8C4 		.ascii	"\215O\330\304\014\033\277\274\315\031g\233I3Eg\3556"
  80      0C1BBFBC 
  80      CD19679B 
  80      49334567 
  80      ED36
  81 02ab 72E8E7AC 		.ascii	"r\350\347\254\020\375\204\350~\201~\304@/\222G\237r"
  81      10FD84E8 
  81      7E817EC4 
  81      402F9247 
  81      9F72
  82 02bd 463F6F86 		.ascii	"F?o\206(\231\033\372\005+C?#z\221@?j\240\027\313\243"
  82      28991BFA 
  82      052B433F 
  82      237A9140 
  82      3F6AA017 
  83 02d3 FFC25BE6 		.ascii	"\377\302[\346\257\205~\321\314\320%;\372\322\256\313"
  83      AF857ED1 
  83      CCD0253B 
  83      FAD2AECB 
  84 02e3 49C86428 		.ascii	"I\310d(,2\364\340zo\213w\265\316\345,\235\371\331\275"
  84      2C32F4E0 
  84      7A6F8B77 
  84      B5CEE52C 
  84      9DF9D9BD 
  85 02f7 570BB274 		.ascii	"W\013\262t~\265B4\215:\305Bg\330\320)\221\327\271\342"
  85      7EB54234 
  85      8D3AC542 
  85      67D8D029 
  85      91D7B9E2 
  86 030b AC73D50C 		.ascii	"\254s\325\014\3215\273\216$\373u+E\277!{\211`?f\260"
  86      D135BB8E 
  86      24FB752B 
  86      45BF217B 
  86      89603F66 
  87 0320 97CAB3DF 		.ascii	"\227\312\263\337pf\2371St3G\366\337\255\030\375\201"
  87      70669F31 
  87      53743347 
  87      F6DFAD18 
  87      FD81
  88 0332 ECA5827D 		.ascii	"\354\245\202}\304`/\223g\237\345-\275k\261\3372ct\333"
  88      C4602F93 
  88      679FE52D 
  88      BD6BB1DF 
  88      326374DB 
  89 0346 CEFE69CB 		.ascii	"\316\376i\313|\300\370Wt@\304hd.\251+\253uRY:\013\273"
  89      7CC0F857 
  89      7440C468 
  89      642EA92B 
  89      AB755259 
  90 035d 27F6B9B3 		.ascii	"'\366\271\263t\356X1\272\213:eBg\334\320)\227\327\231"
  90      74EE5831 
  90      BA8B3A65 
  90      4267DCD0 
  90      2997D799 
  91 0371 73D69937 		.ascii	"s\326\2317c\364\247]G\222\375\236\025\243\277\220\275"
ARM GAS  /tmp/cc30Ka9f.s 			page 7


  91      63F4A75D 
  91      4792FD9E 
  91      15A3BF90 
  91      BD
  92 0382 5CB04F18 		.ascii	"\\\260O\030\354\025\362\354\367\235\331\037\2301Z\310"
  92      EC15F2EC 
  92      F79DD91F 
  92      98315AC8 
  93 0392 917DD18A 		.ascii	"\221}\321\212\321\022\262W\010\366\323\006{\245<\373"
  93      D112B257 
  93      08F6D306 
  93      7BA53CFB 
  94 03a2 DFBC65C1 		.ascii	"\337\274e\301Z\354\017\315\030=\262\263/.\177\271\250"
  94      5AEC0FCD 
  94      183DB2B3 
  94      2F2E7FB9 
  94      A8
  95 03b3 66623420 		.ascii	"fb4 bt\245\273}\277\355\257\342\237,\235\350\216\346"
  95      6274A5BB 
  95      7DBFEDAF 
  95      E29F2C9D 
  95      E88EE6
  96 03c6 916C9D65 		.ascii	"\221l\235e+F\377\242N\245\3209c\350T\311\353\374\347"
  96      2B46FFA2 
  96      4EA5D039 
  96      63E854C9 
  96      EBFCE7
  97 03d9 ACF3D88C 		.ascii	"\254\363\330\214Q\332\256#\311\276b\305HW\030{\225`"
  97      51DAAE23 
  97      C9BE62C5 
  97      4857187B 
  97      9560
  98 03eb 9F34D8AB 		.ascii	"\2374\330\253\345\331\003\212#{\203b\304h\233\222\033"
  98      E5D9038A 
  98      237B8362 
  98      C4689B92 
  98      1B
  99 03fc 7B503163 		.ascii	"{P1c\324\210\354\325d\036\032\302\2216\376Y\237\177"
  99      D488ECD5 
  99      641E1AC2 
  99      9136FE59 
  99      9F7F
 100 040e B16A659F 		.ascii	"\261je\237\317\330\327\015\366\306?WS\243\211\237\372"
 100      CFD8D70D 
 100      F6C63F57 
 100      53A3899F 
 100      FA
 101 041f 2DDAFB6F 		.ascii	"-\332\373o\325i\233\353?\372x\213\366\372\033/?\373"
 101      D5699BEB 
 101      3FFA788B 
 101      F6FA1B2F 
 101      3FFB
 102 0431 8CB669D3 		.ascii	"\214\266i\323\213\332\306W_z\345\223\247\361\322\233"
 102      8BDAC657 
 102      5F7AE593 
 102      A7F1D29B 
 103 0441 9BD95157 		.ascii	"\233\331QW\367NM-Qk\353?|\367\203\367\376\007\251\213"
ARM GAS  /tmp/cc30Ka9f.s 			page 8


 103      F74E4D2D 
 103      516BEB3F 
 103      7CF783F7 
 103      FE07A98B 
 104 0455 7FCD     		.ascii	"\177\315"
 105              		.text
 106              		.section	.gnu.lto__pal_lld_setgroupmode.6c4c9465ac56e4cd,"",%progbits
 107 0000 789CA556 		.ascii	"x\234\245VkLTG\024\236s\347\356\335\273o\203\362\024"
 107      6B4C5447 
 107      149E73E7 
 107      EEDDBB6F 
 107      83F214
 108 0013 048988A6 		.ascii	"\004\211\210\246\211\033\332\264\361O\3774M\254\211"
 108      891BDAB4 
 108      F14FFF34 
 108      4DAC89
 109 0022 A66DDA26 		.ascii	"\246m\332&\266\177Z\243\2654B5\3324i\322\204+\010\012"
 109      B67F5AA3 
 109      B5344235 
 109      DA3469D2 
 109      842B080A 
 110 0036 A43E2A62 		.ascii	"\244>*b%n\226H}\264+\"\240 (\310S\300\007>j\245@\264"
 110      256E9648 
 110      7DB42B22 
 110      A02028C8 
 110      53C0073E 
 111 004e B615129A 		.ascii	"\266\025\022\232\232\010J\255D\244g\316\334e\027JjL"
 111      9A084AAD 
 111      44A467CE 
 111      DC65174A 
 111      6A4C
 112 0060 37DCE1CE 		.ascii	"7\334\341\316\231\357;\347|s\316\314\256\205),\326\301"
 112      99EF3BE7 
 112      7C73CECC 
 112      AE85292C 
 112      D6C1
 113 0072 D8078CB1 		.ascii	"\330\007\214\261\016|`\026\003eW7c[tE\341\367#\231a"
 113      0E7C6016 
 113      03655737 
 113      635B7445 
 113      E1F72399 
 114 0087 574B9732 		.ascii	"WK\2272\303\311A\223fU\261\220Y#\263%h\326\300-_\254"
 114      C3C94193 
 114      6655B190 
 114      5923B325 
 114      68D6C02D 
 115 009d 8ABE3D15 		.ascii	"\212\276=\025\327mbt\352`\227f[\360\305\2568h\335I\353"
 115      D76D6274 
 115      EA609766 
 115      5BF0C5AE 
 115      3868DD49 
 116 00b2 0E7049B3 		.ascii	"\016pI\2633\370\342\222\216\232u\267b\255kg\210\364"
 116      33F8E292 
 116      8E9A75B7 
 116      62AD6B67 
 116      88F4
 117 00c4 F4E888F4 		.ascii	"\364\350\210\364\000\010\273\241\003\313R\270j\321\254"
ARM GAS  /tmp/cc30Ka9f.s 			page 9


 117      0008BBA1 
 117      03CB52B8 
 117      6AD1AC
 118 00d3 BACDEE70 		.ascii	"\272\315\356p\272\334\036\310R\334\014\232T\320i@\025"
 118      BADC1EC8 
 118      52DC0C9A 
 118      54D06940 
 118      15
 119 00e4 6C27DFC7 		.ascii	"l'\337\307\241e\333`\235\262\370\210\201\237\246}E\366"
 119      A165DB60 
 119      9DB2F888 
 119      819FA67D 
 119      45F6
 120 00f6 3C2337C6 		.ascii	"<#7\306\317\031\333\317\031}\340\010,F\324\265\255'"
 120      CF19DBCF 
 120      197DE008 
 120      2C46D4B5 
 120      AD27
 121 0108 0EF01DDC 		.ascii	"\016\360\035\334\317\001T\234\016_.\371\335-\246\012"
 121      CF01549C 
 121      0E5F2EF9 
 121      DD2DA60A 
 122 0118 24E1B4B5 		.ascii	"$\341\264\265{\342\264\235/\005\206\357\331\007\367"
 122      7BE2B49D 
 122      2F0586EF 
 122      D907F7
 123 0127 B7B9520F 		.ascii	"\267\271R\017\031F\266\321\364\244\210\033\013\374\234"
 123      1946B6D1 
 123      F4A4881B 
 123      0BFC9C
 124 0136 C30FC0D1 		.ascii	"\303\017\300\321!|\017\361p\024\342\031\232\030\004"
 124      217C0FF1 
 124      7014E219 
 124      9A1804
 125 0145 2015E113 		.ascii	" \025\341\023\207O\344\353\374U\242>\336\333\351\003"
 125      874FE4EB 
 125      FC55A23E 
 125      DEDBE903 
 126 0155 937AFB68 		.ascii	"\223z\373h\304\336\034\343\015?W\341\330t\262\312\240"
 126      C4DE1CE3 
 126      0D3F57E1 
 126      D874B2CA 
 126      A0
 127 0166 9CC80FAA 		.ascii	"\234\310\017\252\017\355q\360\327\210|qG\303*\223;x"
 127      0FED71F0 
 127      D7887C71 
 127      47C32A93 
 127      3B78
 128 0178 34AE88B8 		.ascii	"4\256\210\270\0268>\235kaP\001\251\202p\350bk\243\233"
 128      16383E9D 
 128      6B615001 
 128      A98270E8 
 128      626BA39B 
 129 018c 2F23F20D 		.ascii	"/#\362\015\343\344\004\244\224\021\373f fw\216\321i"
 129      E3E404A4 
 129      9411FB66 
 129      2066778E 
ARM GAS  /tmp/cc30Ka9f.s 			page 10


 129      D169
 130 019e A87EAEC1 		.ascii	"\250~\256\301\211\251|\361A\370\355\201\363W\201/'\352"
 130      89A97CF1 
 130      41F8ED81 
 130      F357812F 
 130      27EA
 131 01b0 2F43C776 		.ascii	"/C\307vZMjw ~\217I\265B\325\214\324\262\366\3721\007"
 131      5A4D6A77 
 131      207E8F49 
 131      B542D58C 
 131      D4B2F6FA 
 132 01c6 5F49D4B2 		.ascii	"_I\324\262\3339\275n\223zi\0177\2763\024A<9#\361i\301"
 132      DB39BD6E 
 132      937A690F 
 132      37BE3314 
 132      413C3923 
 133 01dd D9FB9CBF 		.ascii	"\331\373\234\277MD#\177\270\310f\022\357~3I\254\231"
 133      4D44237F 
 133      B8C86612 
 133      EF7E3349 
 133      AC99
 134 01ef 9158D53C 		.ascii	"\221X\325<\254\361\367\210w\362`Y\205\303\344\265\205"
 134      ACF1F788 
 134      77F26059 
 134      85C3E4B5 
 134      85
 135 0200 78A767E4 		.ascii	"x\247g\344=\332Q\333\003|\025\021\213;o\024:\203\001"
 135      3DDA51DB 
 135      037C1511 
 135      8B3B6F14 
 135      3A8301
 136 0213 774F12EB 		.ascii	"wO\022\353g$\376V\371t\257KS\313p\345\014\244@\035>"
 136      6724FE56 
 136      F974AF4B 
 136      53CB70E5 
 136      0CA4401D 
 137 0228 B5F89CC2 		.ascii	"\265\370\234\302\247\032\237JH\221\335\005gA\003\306"
 137      A71A9F4A 
 137      4891DD05 
 137      674103C6 
 138 0238 ACFF01AC 		.ascii	"\254\377\001\254\270\016M\306\323\211mX\323E\375\017"
 138      B80E4DC6 
 138      D3896D58 
 138      D345FD0F 
 139 0248 47231601 		.ascii	"G#\026\001\225^!\202\244a3 \321B\243\306\204\003+\215"
 139      955E2182 
 139      A4613320 
 139      D142A3C6 
 139      84032B8D 
 140 025c 3A138E6C 		.ascii	":\023\216l4\332\231p\346\004Qz7\210\316\303s\202~\""
 140      34DA9970 
 140      E604517A 
 140      3788CEC3 
 140      73827E22 
 141 0270 B021F4D9 		.ascii	"\260!\364\331LD\233C\016\"\311e\024\221\242\311M\014"
 141      4C449B43 
 141      0E22C965 
ARM GAS  /tmp/cc30Ka9f.s 			page 11


 141      1491A2C9 
 141      4D0C
 142 0282 426CB1B4 		.ascii	"Bl\261\264\030G\346\271\302\020O\270\004B\314\243\224"
 142      1847E6B9 
 142      C2104FB8 
 142      0442CCA3 
 142      94
 143 0293 12294492 		.ascii	"\022)D\222X\234/\206d1,\020C\212\030\026\212\201\261"
 143      589C2F86 
 143      64312C10 
 143      438A1816 
 143      8A81B1
 144 02a6 02D48DE7 		.ascii	"\002\324\215\347\264\220+\370\217\337\205\255}\255\203"
 144      B4902BF8 
 144      8FDF85AD 
 144      7DAD83
 145 02b5 01A7D808 		.ascii	"\001\247\330\010\037w\342\326\345\037\330\037\260\212"
 145      1F77E2D6 
 145      E51FD81F 
 145      B08A
 146 02c3 7365010E 		.ascii	"se\001\016\015\346\226\026\342i\251U\370\020\264\224"
 146      0DE69616 
 146      E269A955 
 146      F810B494 
 147 02d3 0C35E4DA 		.ascii	"\0145\344\332\005Z\224$\267\345\012A9U\350Q\307\205"
 147      055A9424 
 147      B7E50A41 
 147      3955E851 
 147      C785
 148 02e5 ED4E3FF8 		.ascii	"\355N?\370\266\3409.]\207\321\354>\356\206F\341\002"
 148      B6E0392E 
 148      5D87D1EC 
 148      3EEE8646 
 148      E102
 149 02f7 577B4646 		.ascii	"W{FFZ\235\336rc\353\026#\311\317\035p\016\374\360-\235"
 149      5A9DDE72 
 149      63EB1623 
 149      C9CF1D70 
 149      0EFCF02D 
 150 030c 706802AF 		.ascii	"ph\002\257\217{(\214\312J5\231\324_\201WBI5\337\251"
 150      8F7B288C 
 150      CA4A3599 
 150      D45F8157 
 150      424935DF 
 151 0321 1A76C8A4 		.ascii	"\032v\310\244Th\236L\312\302\356\200L\352\334\200\325"
 151      54689E4C 
 151      CAC2EE80 
 151      4CEADC80 
 151      D5
 152 0332 4CEAF9B2 		.ascii	"L\352\371\262h\241,@d\321\032\312B\023[3\004\331\215"
 152      68A12C40 
 152      64D11ACA 
 152      42135B33 
 152      04D98D
 153 0345 439DD2AF 		.ascii	"C\235\322\257\217G\204\353u\222\336\234\261s\017\334"
 153      8F4784EB 
 153      7592DE9C 
ARM GAS  /tmp/cc30Ka9f.s 			page 12


 153      B1730FDC 
 154 0355 59E3065E 		.ascii	"Y\343\006^V\3162.\033\257\253$\260^\004\237\345\347"
 154      56CE322E 
 154      1BAFAB24 
 154      B05E049F 
 154      E5E7
 155 0367 2E68872C 		.ascii	".h\207,h3\003\377\372\244\271QO\2530v\031\"\260\033"
 155      683303FF 
 155      FAA4B951 
 155      4FAB3076 
 155      1922B01B 
 156 037b CE6360D4 		.ascii	"\316c`\324F\372; \215a\264\221m_\312X\2631\034\033\200"
 156      46FA3B20 
 156      8D61B491 
 156      6D5FCA58 
 156      B3311C1B 
 157 0390 EC246A4F 		.ascii	"\354$jO\354\0144\211y\351\221b/\231\260\007\302\323"
 157      EC0C3489 
 157      79E99162 
 157      2F99B007 
 157      C2D3
 158 03a2 B1624B76 		.ascii	"\261bKvb\034\0019\014\204\020M\0344}F\226\2720K\034"
 158      621C0139 
 158      0C84104D 
 158      1C347D46 
 158      96BA304B 
 159 03b7 59CE8459 		.ascii	"Y\316\204Y\002\305\322VI\236+\376\254{\354\022\236\361"
 159      02C5D256 
 159      499E2BFE 
 159      AC7BEC12 
 159      9EF1
 160 03c9 7040176D 		.ascii	"p@\027mw!\2672\274\345qWr\356\3475\364~$3\235\343\343"
 160      7721B732 
 160      BCE57157 
 160      72EEE735 
 160      F47E2433 
 161 03e0 96F0ABD9 		.ascii	"\226\360\253\331\203\345\271 ]&\005\243\"\212\021\253"
 161      83E5B920 
 161      5D2605A3 
 161      228A11AB 
 162 03f0 FD7D498A 		.ascii	"\375}I\212\364a\303LA\235\021\250H\211\272\325\273V"
 162      F461C34C 
 162      419D11A8 
 162      4889BAD5 
 162      BB56
 163 0402 C2A27CDC 		.ascii	"\302\242|\3346\025vJ\300\242$l\300t\026\355C\371SP\265"
 163      3615764A 
 163      C0A2246C 
 163      C07416ED 
 163      43F95350 
 164 0417 02152D50 		.ascii	"\002\025-PO\362\306{\277\222\260\030\037\007L\264f\260"
 164      4FF2C67B 
 164      BF92B018 
 164      1F074CB4 
 164      66B0
 165 0429 EBBC5D24 		.ascii	"\353\274]$j\003\003\340\"\322\250\327\332\300D\205k"
 165      6A0303E0 
ARM GAS  /tmp/cc30Ka9f.s 			page 13


 165      22D2A8D7 
 165      DAC04485 
 165      6B
 166 043a B7A1F64B 		.ascii	"\267\241\366K\223\255\246\263[\311B\374\337y_\367\247"
 166      93ADA6B3 
 166      5BC942FC 
 166      DF795FF7 
 166      A7
 167 044b 4B742C2A 		.ascii	"Kt,*C\302\361\221\207\3075I\360\300\345\177\211\217"
 167      43C2F191 
 167      87C73549 
 167      F0C0E57F 
 167      898F
 168 045d 25BA6D92 		.ascii	"%\272m\222^\336\237!\351qT\350\250i\362\342\010n\247"
 168      5EDE9F21 
 168      E97154E8 
 168      A869F2E2 
 168      086EA7
 169 0470 BD1E0085 		.ascii	"\275\036\000\205I\253\316\350\235\034\252RZC\277)m\256"
 169      49ABCEE8 
 169      9D1CAA52 
 169      5A43BF29 
 169      6DAE
 170 0482 94365EDA 		.ascii	"\2246^\3327n1\245\031\012tO\32767(f\024T\314J/\251\271"
 170      376E31A5 
 170      190A744F 
 170      D7363728 
 170      661454CC 
 171 049a 860D38C7 		.ascii	"\206\0158\3076V\325\014\243\240c&z}u\027\232\342l}5"
 171      3656D50C 
 171      A3A06326 
 171      7A7D7517 
 171      9AE26C7D 
 172 04af BD804938 		.ascii	"\275\200I8&s\276\034\224\034\217e\232\252\221J'\033"
 172      2673BE1C 
 172      941C8F65 
 172      9AAA914A 
 172      271B
 173 04c1 C43989BF 		.ascii	"\3049\211\277\027\324\230@\032\243\247\025'\201\340"
 173      17D49840 
 173      1AA3A715 
 173      2781E0
 174 04d0 AE9046B2 		.ascii	"\256\220F\262jR#9Td\221\307\203q\347\241Fx!,,^wh\025"
 174      6A522339 
 174      546491C7 
 174      8371E7A1 
 174      4678212C 
 175 04e9 A8E2BCF2 		.ascii	"\250\342\274\362\336\263\246\306D\037\267\213\357\230"
 175      DEB3A6C6 
 175      441FB78B 
 175      EF98
 176 04f7 B68E3C5D 		.ascii	"\266\216<]\266/\300\225\360l+\205\363D\261\007\012f"
 176      B62FC095 
 176      F06C2B85 
 176      F344B107 
 176      0A66
 177 0509 ED28A915 		.ascii	"\355(\251\025{\020\351,\251\026{ \272\311\321G{\220"
ARM GAS  /tmp/cc30Ka9f.s 			page 14


 177      7B10E92C 
 177      A9167B20 
 177      BAC9D147 
 177      7B90
 178 051b E0ECABA5 		.ascii	"\340\354\253\245=p3\374-#\223$\256\235\205\212bc\241"
 178      3D7033FC 
 178      2D239324 
 178      AE9D858A 
 178      6263A1
 179 052e E4AD6105 		.ascii	"\344\255a\005\262\204\011\341\362\235\322\005Q\220+"
 179      B28409E1 
 179      F29DD205 
 179      51902B
 180 053d AD378F69 		.ascii	"\2557\217i2[\221\352\303\202\334G\\\246j\205\253\301"
 180      325B91EA 
 180      C382DC47 
 180      5CA66A85 
 180      ABC1
 181 054f 0261061E 		.ascii	"\002a\006\036\215\241@\327\030f8\212\0271\236S\255\276"
 181      8DA140D7 
 181      1866388A 
 181      17319E53 
 181      ADBE
 182 0561 2A0D77C6 		.ascii	"*\015w\306\205\353\026\232\217\240\017UL\2554\255\302"
 182      85EB169A 
 182      8FA00F55 
 182      4CAD34AD 
 182      C2
 183 0572 8B4E1353 		.ascii	"\213N\023S\233\\u`\333\210\251]\234`\255\257JHMt\215"
 183      9B5C7560 
 183      DB88A95D 
 183      9C60ADAF 
 183      4A484D74 
 184 0587 38509547 		.ascii	"8P\225G\336o-\365CC\271\016\231L\322\264\2533\351\031"
 184      DE6F2DF5 
 184      4343B90E 
 184      994CD2B4 
 184      AB33E919 
 185 059b 17E735BA 		.ascii	"\027\3475\2728\025q}]\007\257l\311\357\315\273r>\352"
 185      3815717D 
 185      5D07AF6C 
 185      C9EFCDBB 
 185      723EEA
 186 05ae 468F8C7A 		.ascii	"F\217\214z!\337&\215\311\270I\270\204\306\226\342\256"
 186      21DF268D 
 186      C9B849B8 
 186      84C696E2 
 186      AE
 187 05bf 84992EEB 		.ascii	"\204\231.\353y\317\010\371c(\344\015qW'3\222\360GP\302"
 187      79CF08F9 
 187      6328E40D 
 187      71572733 
 187      92F04750 
 188 05d4 82E794F0 		.ascii	"\202\347\224\360\023\371\243\237\0017\247K\020eD\217"
 188      13F9A39F 
 188      0137A74B 
 188      1065448F 
ARM GAS  /tmp/cc30Ka9f.s 			page 15


 189 05e4 53252CC4 		.ascii	"S%,\304\232\343\322\377\220\320\023\012\371\263\220"
 189      9AE3D2FF 
 189      90D0130A 
 189      F9B390
 190 05f3 B090DDC3 		.ascii	"\260\220\335\303\313\267b\037\365/\3354\005\330&=:\212"
 190      CBB7621F 
 190      F52FDD34 
 190      05D8263D 
 190      3A8A
 191 0605 7C79C912 		.ascii	"|y\311\022\257\374\333\260\331\233\276:\303\273q\303"
 191      AFFCDBB0 
 191      D99BBE3A 
 191      C3BB71C3 
 192 0615 A6CF377B 		.ascii	"\246\3177{\337yw\345K/zW\254x\335\273\354\255\345o~"
 192      DF7977E5 
 192      4B2F7A57 
 192      AC78DDBB 
 192      ECADE56F 
 193 062a 9126963E 		.ascii	"\221&\226>\334\210OF\306\332%k\230*Pj\346\352\315\353"
 193      DC884F46 
 193      C6DA256B 
 193      982A506A 
 193      E6EACDEB 
 194 063e D5CC0D6B 		.ascii	"\325\314\015k?\206O\371\232u\237\3605\2332\360IW23\224"
 194      3F864FF9 
 194      9A759FF0 
 194      359B32F0 
 194      49573233 
 195 0653 CCF47F00 		.ascii	"\314\364\177\0009h\204\347"
 195      396884E7 
 196              		.text
 197              		.section	.gnu.lto_cfgtab.6683.6c4c9465ac56e4cd,"",%progbits
 198 0000 789C4D8F 		.ascii	"x\234M\217\337K\302P\030\206\317\267\323\264rj\335\357"
 198      DF4BC250 
 198      1886CFB7 
 198      D3B4726A 
 198      DDEF
 199 0012 9FA86EFC 		.ascii	"\237\250n\374\363\014\014\244\213\350\"\010\242P\250"
 199      F30C0CA4 
 199      8BE82208 
 199      A250A8
 200 0021 B05CCEF5 		.ascii	"\260\\\316\365k\265Y\021ED\321E\005\021Bt\325ED\027"
 200      6BB55911 
 200      4544D145 
 200      05114274 
 200      D5454417 
 201 0035 2203119B 		.ascii	"\"\003\021\233\365z\276Cl\354\345\345\341\031\337\313"
 201      F57ABE43 
 201      6CECE5E5 
 201      E119DFCB 
 202 0045 4C618821 		.ascii	"La\210!\011\201W=\253\222\334n\344\246\226dE\012\312"
 202      0981573D 
 202      AB92DC6E 
 202      E4A69664 
 202      450ACA
 203 0058 03CBB7EF 		.ascii	"\003\313\267\357/4B\242i\340k\273\024\020\333\014\360"
 203      2F3442A2 
ARM GAS  /tmp/cc30Ka9f.s 			page 16


 203      69E06BBB 
 203      1410DB0C 
 203      F0
 204 0069 B9F3B091 		.ascii	"\271\363\260\221a;\005\\kE\367&\333\361\344)R\247\342"
 204      613B055C 
 204      6B45F726 
 204      DBF1E429 
 204      52A7E2
 205 007c B7F9A1C1 		.ascii	"\267\371\241\301\230\003n~\005\327&c\0268\370\\i\353"
 205      98036E7E 
 205      05D72663 
 205      1638F85C 
 205      69EB
 206 008e 212B3944 		.ascii	"!+9Dj(\356<\306\026\343$\320\361\267Cm'\200\321\342"
 206      6A28EE3C 
 206      C616E324 
 206      D0F1B743 
 206      6D2780D1 
 207 00a3 424FF26E 		.ascii	"BO\362n:\211\244\360\252\353\325,\266\022\3701h\204"
 207      3A89A4F0 
 207      AAEBD52C 
 207      B612F831 
 207      6884
 208 00b5 39B62960 		.ascii	"9\266)`\363;\350g\331\216~\377n+\374\321C&\360\251\344"
 208      F33BE867 
 208      D98E7EFF 
 208      6E2BFCD1 
 208      4326F0A9 
 209 00ca ADEB5363 		.ascii	"\255\353Sc\311S\244N\375[\241\354\315o\3572\317\326"
 209      C953A44E 
 209      FD5BA1EC 
 209      CD6FEF32 
 209      CFD6
 210 00dc 48A25058 		.ascii	"H\242PX_\356;\351\202_,W\213U\263\"\015\232\261\251"
 210      5FEE3BE9 
 210      825F2C57 
 210      8B55B322 
 210      0D9AB1A9 
 211 00f0 4536CDDA 		.ascii	"E6\315\332t\216:#\306\020q\220@\367)r\202\370\3101r"
 211      748E3A23 
 211      C6107190 
 211      40F72972 
 211      82F8C831 
 212 0105 841C2273 		.ascii	"\204\034\"s\254\017\364g\373\272=\335M\335\256\356\206"
 212      AC0FF467 
 212      FBBA3DDD 
 212      4DDDAEEE 
 212      86
 213 0116 EE3DDD75 		.ascii	"\356=\335ud\027\331Ajd\013\272\240\202\370\0037\230"
 213      6417D941 
 213      6A640BBA 
 213      A082F803 
 213      3798
 214 0128 982E     		.ascii	"\230."
 215              		.text
 216              		.section	.gnu.lto_.symbol_nodes.6c4c9465ac56e4cd,"",%progbits
 217 0000 789C6365 		.ascii	"x\234ce`b\320g\000\002\246\333\214\365\014\014\023\316"
ARM GAS  /tmp/cc30Ka9f.s 			page 17


 217      6062D067 
 217      0002A6DB 
 217      8CF50C0C 
 217      13CE
 218 0012 313000A9 		.ascii	"10\000\251]\015\216@\221;\214\365\214(\"\254w\031\031"
 218      5D0D8E40 
 218      913B8CF5 
 218      8C2822AC 
 218      771919
 219 0025 1A941818 		.ascii	"\032\224\030\030\230\031\000*.\013+"
 219      9819002A 
 219      2E0B2B
 220              		.text
 221              		.section	.gnu.lto_.refs.6c4c9465ac56e4cd,"",%progbits
 222 0000 789C6365 		.ascii	"x\234ce`b`c```dd`be\000\000\000\303\000\027"
 222      60626063 
 222      60606064 
 222      64606265 
 222      000000C3 
 223              		.text
 224              		.section	.gnu.lto_.decls.6c4c9465ac56e4cd,"",%progbits
 225 0000 789CA558 		.ascii	"x\234\245XkP\024W\026\356\333w\006\207\231\001\\P\313"
 225      6B501457 
 225      16EEDB77 
 225      06879901 
 225      5C50CB
 226 0013 1F6CAD65 		.ascii	"\037l\255eM\312\331\252\225\001M\\\267\312\037\312\340"
 226      4DCAD9AA 
 226      95014D5C 
 226      B7CA1FCA 
 226      E0
 227 0024 AB62A235 		.ascii	"\253b\2425\270\376\331\335\232E@\245\002\014\005\303"
 227      B8FED9DD 
 227      9A4540A5 
 227      020C05C3 
 228 0034 96F9936A 		.ascii	"\226\371\223j\036\002\022E@\214B$>Q\020\020\225\227"
 228      1E021245 
 228      408C4224 
 228      3E511010 
 228      9597
 229 0046 F230088A 		.ascii	"\3620\010\212\212\342\"*\021\021D\024|\241\341!\"Fa"
 229      8AE2222A 
 229      11114414 
 229      7CA1E121 
 229      224661
 230 0059 CFBDB767 		.ascii	"\317\275\267g\272\035\007\223\335\355\342\314\355s\373"
 230      BA1D0793 
 230      DDEDE2CC 
 230      ED73FB
 231 0068 3B8F7BCE 		.ascii	";\217{\316\351so\243\344x\316\337\213\343\376\301s\334"
 231      E9736FA3 
 231      E478CEDF 
 231      8BE3FEC1 
 231      73DC
 232 007a 3F11C74D 		.ascii	"?\021\307M\300\245\3408\256\030\010X\256\224c\027<\346"
 232      C0A5E038 
 232      AE180858 
ARM GAS  /tmp/cc30Ka9f.s 			page 18


 232      AE946317 
 232      3CE6
 233 008c BA811488 		.ascii	"\272\201\024\210\315\317@\334{\3279\340\335`\\\007\344"
 233      CDCF40DC 
 233      7BD739E0 
 233      DD605C07 
 233      E4
 234 009d 09340DA8 		.ascii	"\0114\015\250\003h\016\320\002x\366\031\320\023\270"
 234      03680ED0 
 234      0278F619 
 234      D013B8
 235 00ac BF03F467 		.ascii	"\277\003\364g\270_\0104\016\367\357\200\264@z\340\333"
 235      B85F0834 
 235      0EF7EF80 
 235      B4407AE0 
 235      DB
 236 00bd 606C001A 		.ascii	"`l\000\032&\372\200\336\000\325\003\215\002\335\004"
 236      26FA80DE 
 236      00D5038D 
 236      02DD04
 237 00cc BA01741D 		.ascii	"\272\001t\035\250E\364\255\233\373\360r\005G\247:\370"
 237      A845F4AD 
 237      9BFBF072 
 237      0547A73A 
 237      F8
 238 00dd 41C0BDE2 		.ascii	"A\300\275\342ZV\003\235\000\362\026}#\366\211_\177\001"
 238      5A56039D 
 238      00F2167D 
 238      23F6895F 
 238      7F01
 239 00ef CC74A069 		.ascii	"\314t\240i@k\310:\201^\001\275\024\375\030\025mN\266"
 239      406BC83A 
 239      815E01BD 
 239      14FD1815 
 239      6D4EB6
 240 0102 FEB96017 		.ascii	"\376\271`\027\213z\211\315\351\016\317\345\327n\214"
 240      8B7A89CD 
 240      E90ECFE5 
 240      D76E8C
 241 0111 3A2F1514 		.ascii	":/\025\024\3424\214\346\250\021\211\270\007L\225\364"
 241      E2348CE6 
 241      A81189B8 
 241      074C95F4 
 242 0121 9F197363 		.ascii	"\237\031scS\004qo,\177\231O\221\300.\025/\211\266\356"
 242      5304716F 
 242      2C7F994F 
 242      91C02E15 
 242      2F89B6EE 
 243 0135 183A3C05 		.ascii	"\030:<\005k(\350z\342\211\275D\215\247\032)\200\035"
 243      6B28E87A 
 243      E289BD44 
 243      8DA71A29 
 243      801D
 244 0147 6CCE79E0 		.ascii	"l\316y\340\016\35445\232\265\033\363\331M?\325+\220"
 244      0EEC3435 
 244      9AB51BF3 
 244      D94D3FD5 
ARM GAS  /tmp/cc30Ka9f.s 			page 19


 244      2B90
 245 0159 5E7D84A8 		.ascii	"^}\204\250\250\033\035\232\223\221,\010<:\216\324\350"
 245      A81B1D9A 
 245      93912C08 
 245      3C3A8ED4 
 245      E8
 246 016a 18C2A800 		.ascii	"\030\302\250\000\371\220E\315Q\303o\212 \304\013\351"
 246      F99045CD 
 246      51C36F8A 
 246      20C40BE9 
 247 017a 0982EB0A 		.ascii	"\011\202\353\012\016\025!oT\210\2749T\214\364\304\033"
 247      0E15216F 
 247      5488BC39 
 247      548CF4C4 
 247      1B
 248 018b 8243F930 		.ascii	"\202C\3710y\024&\301J\301\341\214\203.\370s\342\000"
 248      791426C1 
 248      4AC1E18C 
 248      832EF873 
 248      E200
 249 019d DF78B6E3 		.ascii	"\337x\266\343\266\002\251\365N\345O:\221g\276<\312\231"
 249      B602A9F5 
 249      4EE54F3A 
 249      9167BE3C 
 249      CA99
 250 01af DDB885F8 		.ascii	"\335\270\205\370r\002|)\221|\001\327\330\"\2175\027"
 250      72027C29 
 250      917C01D7 
 250      D8228F35 
 250      17
 251 01c0 BC55E06F 		.ascii	"\274U\340o\250\215\355\365{\373\265\223\331(\233\324"
 251      A88DEDF5 
 251      7BFBB593 
 251      D9289BD4 
 252 01d0 C644FEA2 		.ascii	"\306D\376\242c7\005a\026*\005\033\247$\033'\250\015"
 252      63370561 
 252      162A051B 
 252      A7241B27 
 252      A80D
 253 01e2 320B762A 		.ascii	"2\013v*\266\237\257\345\273\320]\004\001FSi\210\021"
 253      B69FAFE5 
 253      BBD05D04 
 253      01465369 
 253      8811
 254 01f4 62BF8812 		.ascii	"b\277\210\022e'l\027Bt\036fyN,\004\333\024\262I\210"
 254      65276C17 
 254      42741E66 
 254      794E2C04 
 254      DB14B249 
 255 0209 3C2FB2BC 		.ascii	"</\262\274\250\222\376\211\302H\246\221=f\226l\027\253"
 255      A892FE89 
 255      C248A691 
 255      3D66966C 
 255      17AB
 256 021b 357643C5 		.ascii	"5vC\305l\322\210\227\014 $\027\220)dn\213\317\355\376"
 256      6CD28897 
 256      0C202417 
ARM GAS  /tmp/cc30Ka9f.s 			page 20


 256      9029646E 
 256      8BCFEDFE 
 257 022f 71D2E290 		.ascii	"q\322\342\220\255\224\006\263\257\366\251\357\241N2"
 257      AD9406B3 
 257      AFF6A9EF 
 257      A14E32
 258 023e BB7F3162 		.ascii	"\273\1771b\221/\312\356u\305\265\210\326WueM\243\222"
 258      912FCAEE 
 258      75C5B588 
 258      D6577565 
 258      4DA392
 259 0251 D5972FB0 		.ascii	"\325\227/\260\277<\316jG\214\325\002\033_\335\236\341"
 259      BF3CCE6A 
 259      478CD502 
 259      1B5FDD9E 
 259      E1
 260 0262 C1CAAD9B 		.ascii	"\301\312\255\233\223\225\237'-?\224\266\243\364\244"
 260      93959F27 
 260      2D3F94B6 
 260      A3F4A4
 261 0271 1A5F619A 		.ascii	"\032_a\232r\252_6\211\232T\300\036\272P\365F\203[\331"
 261      72AA5F36 
 261      899A54C0 
 261      1EBA50F5 
 261      46835BD9 
 262 0285 B39EAABB 		.ascii	"\263\236\252\273q<nc\314xj\315\000\306w(\243|\234\265"
 262      713C6E63 
 262      CC786ACD 
 262      00C67728 
 262      A37C9CB5 
 263 0299 3F418D74 		.ascii	"?A\215t:\235\227\376 \311~\335\253\\\317\314\004\341"
 263      3A9D97FE 
 263      20C97EDD 
 263      AB5CCFCC 
 263      04E1
 264 02ab 922F2D9C 		.ascii	"\222/-\234:H\352y\344%\025C-\374p\310\217\274\203\014"
 264      3A48EA79 
 264      E4251543 
 264      2DFC70C8 
 264      8FBC830C 
 265 02bf DEF3FB6C 		.ascii	"\336\363\373l\241.\021S\364YG\264\201\200\213\220\204"
 265      A12E1153 
 265      F45947B4 
 265      81808B90 
 265      84
 266 02d0 6E95A17F 		.ascii	"n\225\241\177t\212\246\2523Hy\245\013\302b\005\207\252"
 266      748AA6AA 
 266      334879A5 
 266      0BC26205 
 266      87AA
 267 02e2 E0F1196A 		.ascii	"\340\361\031j\225\200\241\302\320\005(\310\006\244C"
 267      9580A1C2 
 267      D00528C8 
 267      06A443
 268 02f1 F540E790 		.ascii	"\365@\347\220\216\206\232\025dc\256g\234  \202\344\304"
 268      8E869A15 
 268      6463AE67 
ARM GAS  /tmp/cc30Ka9f.s 			page 21


 268      9C202082 
 268      E4C4
 269 0303 6214F3F0 		.ascii	"b\024\363\360\343xb\213\013\356\242k\346\277\315\034"
 269      E378628B 
 269      0BEEA26B 
 269      E6BFCD1C 
 270 0313 8B5322BD 		.ascii	"\213S\"\275\027\023\032\317u\201\327\037]\002\355\215"
 270      17131ACF 
 270      7581D71F 
 270      5D02ED8D 
 271 0323 520D1315 		.ascii	"R\015\023\025\316\035A\027\301\376\307|\001s/\022{\273"
 271      CE1D4117 
 271      C1FEC77C 
 271      01732F12 
 271      7BBB
 272 0335 352C1733 		.ascii	"5,\0273\201-o>\335\245\304\203,\374w\207\332\2225\370"
 272      812D6F3E 
 272      DDA5C483 
 272      2CFC7787 
 272      DA9235F8 
 273 0349 35634ADE 		.ascii	"5cJ\336f\035u\301\023\214\331\221\320\365\015\023Z\004"
 273      661D75C1 
 273      138CD991 
 273      D0F50D13 
 273      5A04
 274 035b DCB63D47 		.ascii	"\334\266=G\323]\304\334c\340S\313w\036\362\300I<\201"
 274      D35DC4DC 
 274      63E053CB 
 274      771EF2C0 
 274      493C81
 275 036e 4E49BFDD 		.ascii	"NI\277\335\227\354\016i\363\322\351\364\272\203t\035"
 275      97EC0E69 
 275      F3D2E9F4 
 275      BA83741D 
 276 037e 5DF99E3B 		.ascii	"]\371\236;\005\2228\262\222\177\303JZa\264;}\372\275"
 276      059238B2 
 276      927FC34A 
 276      5A61B43B 
 276      7DFABD
 277 0391 C401BC5E 		.ascii	"\304\001\274^\037GSA\3205\216\350j$eN\036\203k\000h"
 277      1F475341 
 277      D0358EE8 
 277      6A24654E 
 277      1E836B00 
 278 03a6 A6CF5AC5 		.ascii	"\246\317Z\305\000\334\202\000\264\301\342o\002\335\000"
 278      00DC8200 
 278      B4C1E26F 
 278      02DD00
 279 03b5 BA0ED422 		.ascii	"\272\016\324\"\006\202\031\032\372\203d\250\311\321"
 279      0682191A 
 279      FA8364A8 
 279      C9D1
 280 03c3 D06547B7 		.ascii	"\320eG\267zd\350+\216\350Z\231[b\306\367\261\214\267"
 280      7A64E82B 
 280      8EE85A99 
 280      5B62C6F7 
 280      B18CB7
ARM GAS  /tmp/cc30Ka9f.s 			page 22


 281 03d6 BE9F71A6 		.ascii	"\276\237q\246\253m\237,\"W\035\225I\345\006\301=7\326"
 281      AB6D9F2C 
 281      22571D95 
 281      49E506C1 
 281      3D37D6
 282 03e9 BFC5036F 		.ascii	"\277\305\003o\247\301\345o\\\310\213S\331\353\343E\001"
 282      A7C1E56F 
 282      5CC88B53 
 282      D9EBE345 
 282      01
 283 03fa AD8F7690 		.ascii	"\255\217v\220\375I\252\217\326\017\352\303\026\033t"
 283      FD49AA8F 
 283      D60FEAC3 
 283      161B74
 284 0409 1B42F25B 		.ascii	"\033B\362[\302\003f\367^+\235\357%*I\231L\011\3671\015"
 284      C20366F7 
 284      5E2B9DEF 
 284      252A4999 
 284      4C09F731 
 285 041e 5B732BF7 		.ascii	"[s+\367k\265\251\366\306\215\356\310^)\016u \255\010"
 285      6BB5A9F6 
 285      C68DEEC8 
 285      5E290E75 
 285      20AD08
 286 0431 2CEDAB6E 		.ascii	",\355\253nW)x6\207\326+\310\334\205\211\321:\017Vq<"
 286      57297836 
 286      87D62BC8 
 286      DC8589D1 
 286      3A0F5671 
 287 0446 D9F706AE 		.ascii	"\331\367\006\256\346jX\305M\005\366\207\255\325ISf~"
 287      E66A58C5 
 287      4D05F687 
 287      ADD54953 
 287      667E
 288 0458 47B7C704 		.ascii	"G\267\307\004a*\217\326\315@]\240\271\223j\276\207f"
 288      612A8FD6 
 288      CD405DA0 
 288      B9936ABE 
 288      8766
 289 046a C2EF5DA4 		.ascii	"\302\357]\244`\352\363\353\252r\334f\357\027\366w\303"
 289      60EAF3EB 
 289      AA72DC66 
 289      EF17F677 
 289      C3
 290 047b BED0E49B 		.ascii	"\276\320\344\233]\224$\264\200\334b\012D\225R\340\340"
 290      5D9424B4 
 290      80DC620A 
 290      449552E0 
 290      E0
 291 048c 167E2B60 		.ascii	"\026~+`\032\225\203:\016u\243\331 \377</a\247\007n\246"
 291      1A95833A 
 291      0E75A3D9 
 291      20FF3C2F 
 291      61A7076E 
 292 04a1 0940553B 		.ascii	"\011@U;\362^c\352+\331Y\230\257\211\347_e\270\341\007"
 292      F25E63EA 
 292      2BD95998 
ARM GAS  /tmp/cc30Ka9f.s 			page 23


 292      AF89E75F 
 292      65B8E107 
 293 04b5 2C436917 		.ascii	",Ci\027.\216)\355\373\356D\276\236\355C\275\200~\340"
 293      2E8E29ED 
 293      FBEE44BE 
 293      9EED43BD 
 293      807EE0
 294 04c8 B80F39DD 		.ascii	"\270\0179\335\324\036:\337xG\222{\257!j\230\250\352"
 294      D41E3ADF 
 294      7847927B 
 294      AF216A98 
 294      A8EA
 295 04da 41D4B22D 		.ascii	"A\324\262-,\236,,\247\332\362\253Ux\200y\232R\224\326"
 295      2C9E2C2C 
 295      A7DAF2AB 
 295      55788079 
 295      9A5294D6 
 296 04ee 80D52924 		.ascii	"\200\325)$@\277eo\006\211\355Y\365\365\012\374\222\211"
 296      40BF656F 
 296      0689ED59 
 296      F5F50AFC 
 296      9289
 297 0500 2736DC2A 		.ascii	"'6\334*\327\3421\306\364^)\211W\341w\214\351+\334\326"
 297      D7E231C6 
 297      F45E2989 
 297      57E1778C 
 297      E92BDCD6 
 298 0514 EF8EE330 		.ascii	"\357\216\3430e\0123\257\347a\274\2051\247k\237\317c"
 298      650A33AF 
 298      E761BC85 
 298      31A76B9F 
 298      CF63
 299 0526 DE789350 		.ascii	"\336x\223Pu\016\326\2119\353F\300\027\277\276W\241\304"
 299      750ED689 
 299      39EB46C0 
 299      17BFBE57 
 299      A1C4
 300 0538 5B29D4B5 		.ascii	"[)\324\265+>!\017\321\346\256c}\"1\001N)O\026u\264>"
 300      2B3E210F 
 300      D1E6AE63 
 300      7D223101 
 300      4E294F16 
 301 054f 14844C2D 		.ascii	"\024\204L-z\002\213\354\207x\215L\332\342\211@\375\337"
 301      7A028BEC 
 301      87788D4C 
 301      DAE28940 
 301      FDDF
 302 0561 59D326E8 		.ascii	"Y\323&\350g\316\321\266\036O\340\2552\370cG\370\243"
 302      67CED1B6 
 302      1E4FE0AD 
 302      32F86347 
 302      F8A3
 303 0573 491ACB00 		.ascii	"I\032\313\000\000~\246\317F\3047g\014\3027\012\265\376"
 303      007EA6CF 
 303      46C43767 
 303      0CC2370A 
 303      B5FE
ARM GAS  /tmp/cc30Ka9f.s 			page 24


 304 0585 06680868 		.ascii	"\006h\010h\030\350\025\320K\240\327\366\006C\0146\311"
 304      18E815D0 
 304      4BA0D7F6 
 304      06430C36 
 304      C9
 305 0596 0C3E756E 		.ascii	"\014>unP\266\232\247\177\223\320/\034\321\006\007\360"
 305      50B69AA7 
 305      7F93D02F 
 305      1CD10607 
 305      F0
 306 05a7 1D99EA41 		.ascii	"\035\231\352AG\260\254w\261:\354\352`\315h\304\261\031"
 306      47B0AC77 
 306      B13AECEA 
 306      60CD68C4 
 306      B119
 307 05b9 1155AF3A 		.ascii	"\021U\257:\304}\225\350z\356\3240\013\013$\361\301\350"
 307      C47D95E8 
 307      7AEED430 
 307      0B0B24F1 
 307      C1E8
 308 05cb A34A0F7C 		.ascii	"\243J\017|\221&\221\257~W\223\352b\357F}wi7z\007\302"
 308      912691AF 
 308      7E5793EA 
 308      62EF467D 
 308      7769377A 
 309 05e1 BF48953E 		.ascii	"\277H\225>\362A7\262\005\024\275\2058\37671%\373\320"
 309      F24137B2 
 309      0514BD85 
 309      38FE3731 
 309      25FBD0
 310 05f4 91F861A5 		.ascii	"\221\370a\245\274\247\274{\257\247\214C\377`v\001[\271"
 310      BCA7BC7B 
 310      AFA78C43 
 310      FF607601 
 310      5BB9
 311 0606 75CF2337 		.ascii	"u\317#7|\223\271\332R8xP\203\264\372IDQ\034\257\227"
 311      7C93B9DA 
 311      52387850 
 311      83B4FA49 
 311      44511CAF 
 312 061b 49DB5E5E 		.ascii	"I\333^^\337\242\001\362\362\012\274\026MHK\032\247\235"
 312      DFA201F2 
 312      F20ABC16 
 312      4D484B1A 
 312      A79D
 313 062d 0B2C6424 		.ascii	"\013,d$\347\364*\351;I\020}\354\235\254om:\255\232\264"
 313      E7F42AE9 
 313      3B49107D 
 313      EC9DAC6F 
 313      6D3AAD9A 
 314 0642 3725F0A4 		.ascii	"7%\360\2447\305\363bo\032i/nq\261\367&}\276\324\233"
 314      37C5F362 
 314      6F1A692F 
 314      6E71B1F7 
 314      267DBED4 
 315 0657 0088EE4B 		.ascii	"\000\210\356K6\357;\366\246D\236\364\246#\255\243I*"
 315      36EF3BF6 
ARM GAS  /tmp/cc30Ka9f.s 			page 25


 315      A6449EF4 
 315      A623ADA3 
 315      492A
 316 0669 7C8FBD7E 		.ascii	"|\217\275~'\273\337\326(\330\373\347\011\354\360\371"
 316      27BBDFD6 
 316      28D8FBE7 
 316      09ECF0F9 
 317 0679 FC61F184 		.ascii	"\374a\361\204\226N\336\277\370\346\227U\032\374\214"
 317      964EDEBF 
 317      F8E69755 
 317      1AFC8C
 318 0688 61532E76 		.ascii	"aS.v\335\022Os\277#z\3166\215\252I\263\020\304\340\300"
 318      DD124F73 
 318      BF237ACE 
 318      368DAA49 
 318      B310C4E0 
 319 069d BC14D654 		.ascii	"\274\024\326T\036\272\025\024\002\332\312\323FQ\262"
 319      1EBA1514 
 319      02DACAD3 
 319      4651B2
 320 06ac E561810A 		.ascii	"\345a\201\012\204\275\341\003\006\311\276^\274\331\327"
 320      84BDE103 
 320      06C9BE5E 
 320      BCD9D7
 321 06bb 4B59DD70 		.ascii	"KY\335p\261\002\017\261\300W\224=\314Q\313\276Cf\234"
 321      B1020FB1 
 321      C057943D 
 321      CC51CBBE 
 321      43669C
 322 06ce 1684A968 		.ascii	"\026\204\251h\007\257F\333y\373\352\274\355\335p\340"
 322      07AF46DB 
 322      79FBEABC 
 322      EDDD70E0 
 323 06de A0806772 		.ascii	"\240\200grh\2767\362\205\254\244AV\274\305F\265\215"
 323      68BE37F2 
 323      85ACA441 
 323      56BCC546 
 323      B58D
 324 06f0 F746DF32 		.ascii	"\367F\3372\373\005\373\362\317\273\341\267\314@\366"
 324      FB05FBF2 
 324      CFBBE1B7 
 324      CC40F6
 325 06ff AE7365EE 		.ascii	"\256se\356v\003\360qQJ?.2\301B\272da\007?\211\211\014"
 325      7603F071 
 325      514A3F2E 
 325      32C142BA 
 325      6461073F 
 326 0716 E726DEB6 		.ascii	"\347&\336\266WoSy\246\213e;\013Q}\311\360<\211'\021"
 326      576F5379 
 326      A68B653B 
 326      0B517DC9 
 326      F03C8927 
 327 072b D9C97BDA 		.ascii	"\331\311{\332\342B\217\312\203\303CH-jO\371u\355%E\335"
 327      E2428FCA 
 327      83C34348 
 327      2D6A4FF9 
 327      75ED2545 
ARM GAS  /tmp/cc30Ka9f.s 			page 26


 328 0740 05BC5C7B 		.ascii	"\005\274\\{\326\307\264\227L\034\313r\371\344\220\320"
 328      D6C7B497 
 328      4C1CCB72 
 328      F9E490D0 
 329 0750 52478AE4 		.ascii	"RG\212\344\323\374\201Dh\221\3602\357\342=Q\012,\021"
 329      D3FC8144 
 329      6891F032 
 329      EFE23D51 
 329      0A2C11
 330 0763 4A4126BC 		.ascii	"JA&\274\005f\326\302\027\312w\374' \373\375p\347\023"
 330      0566D6C2 
 330      17CA77FC 
 330      2720FBFD 
 330      70E713
 331 0776 5796673D 		.ascii	"W\226g=\260\367;\037\245\272\343D\005\315\323\3563="
 331      B0F73B1F 
 331      A5BAE344 
 331      05CDD3EE 
 331      333D
 332 0788 03EE388D 		.ascii	"\003\3568\2151\031\015#\303\032\234\311\230\346\255"
 332      31190D23 
 332      C31A9CC9 
 332      98E6AD
 333 0797 99BB78BC 		.ascii	"\231\273x\274\2331\203-\015\251\256x\037cR\317\265'"
 333      9B31832D 
 333      0DA9AE78 
 333      1F6352CF 
 333      B527
 334 07a9 B9E2A38C 		.ascii	"\271\342\243\2149\360\370\014\354\214\307\031S\323Q"
 334      39F0F80C 
 334      EC8CC719 
 334      53D351
 335 07b8 6EC095EC 		.ascii	"n\300\225\354\276\340\314\366\373J\\\307\230\007\225"
 335      BEE0CCF6 
 335      FB4A5CC7 
 335      980795
 336 07c7 89AF14F8 		.ascii	"\211\257\024\370<cZ\252\272"
 336      3C635AAA 
 336      BA
 337 07d0 7BDDF165 		.ascii	"{\335\361e\306\224\325\016\346\271\262\012\025\3109"
 337      C694D50E 
 337      E6B9B20A 
 337      15C839
 338 07df F24ADB81 		.ascii	"\362J\333\201\343J|\225>t\377\371]\302}\015\331!t:\361"
 338      E34A7C95 
 338      3E74FFF9 
 338      5DC27D0D 
 338      D921743A 
 339 07f4 30A9B36F 		.ascii	"0\251\263o\023\177\352\227m\023?\300\202\213\370\311"
 339      137FEA97 
 339      6D133FC0 
 339      828BF8C9 
 340 0804 1A2B39DB 		.ascii	"\032+9\333w=\237\231a\377p\330\343\010\337\315;\264"
 340      773D9F99 
 340      61FF70D8 
 340      E308DFCD 
 340      3BB4
ARM GAS  /tmp/cc30Ka9f.s 			page 27


 341 0816 D6C67E59 		.ascii	"\326\306~Y?<\340\01078\356*O\303\245N\274\327\021}\331"
 341      3F3CE008 
 341      3738EE2A 
 341      4FC3A54E 
 341      BCD7117D 
 342 082b B1C9F7C8 		.ascii	"\261\311\367\310\320\271\316=\227+\357\211\220\340\207"
 342      D0B9CE3D 
 342      972BEF89 
 342      90E087
 343 083a 9D7BFEDE 		.ascii	"\235{\376\336\016'\323\276\317\021^;\311\016w\010j\207"
 343      0E27D3BE 
 343      CF115E3B 
 343      C90E7708 
 343      6A87
 344 084c 1DC2099C 		.ascii	"\035\302\011\234t\343\022(\333\223\274\016\035\005:"
 344      74E31228 
 344      DB93BC0E 
 344      1D053A
 345 085b 0E540894 		.ascii	"\016T\010\224\007T\000\224\017t\002\350\024P1\320\021"
 345      07540094 
 345      0F7402E8 
 345      145031D0 
 345      11
 346 086c A063BC7C 		.ascii	"\240c\274|\327\253\227\371\234\355\350D\365\007Kl\222"
 346      D7AB97F9 
 346      9CEDE844 
 346      F5074B6C 
 346      92
 347 087d F9BCDFB9 		.ascii	"\371\274\337\271\317\262\235\354\3053\266\223\001\312"
 347      CFB29DEC 
 347      C533B693 
 347      01CA
 348 088b C94E26CF 		.ascii	"\311N&\317\334\367\316s!7\375\346+\311\364A\247\211"
 348      DCF7CE73 
 348      2137FDE6 
 348      2BC9F441 
 348      A789
 349 089d 9665EE8D 		.ascii	"\226e\356\215\314\317\034\347\313\262\235\331G\212\212"
 349      CCCF1CE7 
 349      CBB29DD9 
 349      478A8A
 350 08ac 3AE10B97 		.ascii	":\341\013\227\0262_z\266?w\212tf\177Nw\311r\020.\225"
 350      16325F7A 
 350      B63F778A 
 350      74667F4E 
 350      77C97210 
 351 08c2 DA13598D 		.ascii	"\332\023Y\215\363\244\2402\310\305\377\233\027p)\241"
 351      F3A4A032 
 351      C8C5FF9B 
 351      177029A1 
 352 08d2 22793796 		.ascii	"\"y7\226\357\234\345\274|\347\254\340\351i\234\214\000"
 352      EF9CE5BC 
 352      7CE7ACE0 
 352      E9699C8C 
 352      00
 353 08e3 6E48ADDA 		.ascii	"nH\255\332\364\336\341\337\331\027&\367\301\347%\252"
 353      F4DEE1DF 
ARM GAS  /tmp/cc30Ka9f.s 			page 28


 353      D91726F7 
 353      C1E725AA 
 354 08f3 E4BD40FA 		.ascii	"\344\275@\372\361`_\266F-\036nS~\365\344\211N\363\344"
 354      F1605FB6 
 354      462D1E6E 
 354      537EF5E4 
 354      894EF3E4 
 355 0907 BF317987 		.ascii	"\2771y\207\366\314\225\373G\272\233\344\337\031\321"
 355      F6CC95FB 
 355      47BA9BE4 
 355      DF19D1
 356 0916 3F32AA96 		.ascii	"?2\252\226\177\371\327YF??Nm6\307\206EZ\347\3173[?5"
 356      7FF9D759 
 356      463F3F4E 
 356      6D36C786 
 356      455AE7CF 
 357 092e C4C6441B 		.ascii	"\304\306D\033\202\242#\346FZ\"C\347\206\006\255\017"
 357      82A223E6 
 357      465A2243 
 357      E78606AD 
 357      0F
 358 093f 33844506 		.ascii	"3\204E\006\207\307\206\204\032\"\202\2027\205E\206\032"
 358      87C78684 
 358      1A228282 
 358      37854586 
 358      1A
 359 0950 CC21A11B 		.ascii	"\314!\241\033\202b\303\255f\353\327Q\2411>\2338\225"
 359      8262C3AD 
 359      66EBD751 
 359      A1313E9B 
 359      3895
 360 0962 4DFA8F1F 		.ascii	"M\372\217\037\221\216\371:\306`\216\261\206\000\224"
 360      918EF93A 
 360      C6608EB1 
 360      860094
 361 0971 88845922 		.ascii	"\210\204Y\",!\241f\353g>>\006\366g\2111l\012\0127DY"
 361      2C21A166 
 361      EB673E3E 
 361      06F66789 
 361      316C0A0A 
 362 0988 A2AD3186 		.ascii	"\242\2551\206\300\265_\314\237gX\265*\300\260|\315\312"
 362      C0B55FCC 
 362      9F6758B5 
 362      2AC0B07C 
 362      CDCA
 363 099a D5FFF223 		.ascii	"\325\377\362#\217\314Q@\341\341! \356f\2737\207E\206"
 363      8FCC5140 
 363      E1E12120 
 363      EE66BB37 
 363      874586
 364 09ad 595DD604 		.ascii	"Y]\326\004\004\004Y\203ppt8\266\204D\303\270\3113\306"
 364      04045983 
 364      70707438 
 364      B68444C3 
 364      B8C933C6 
 365 09c1 1A011E6D 		.ascii	"\032\001\036m\214\012\263\230cB\255\261Qf@\031\011\312"
 365      8C0AB398 
ARM GAS  /tmp/cc30Ka9f.s 			page 29


 365      6342ADB1 
 365      51664019 
 365      09CA
 366 09d3 658D3F1B 		.ascii	"e\215?\033\226\260a)\031\\\327,Ye\264Dn\010\333\370"
 366      96B06129 
 366      195CD72C 
 366      5965B444 
 366      6E08DBF8 
 367 09e7 BFF813CC 		.ascii	"\277\370\023\314M\267\373\003\3066F[b\243\310\352\264"
 367      4DB7FB03 
 367      C636465B 
 367      62A3C8EA 
 367      B4
 368 09f8 6116221D 		.ascii	"a\026\"\035\021\024\363\225\331\212\375M&\205\177\240"
 368      1114F395 
 368      D98AFD4D 
 368      26857FA0 
 369 0a08 C9845707 		.ascii	"\311\204W\007\230\360J \243i\005\320*\305*\343\347\246"
 369      98F04A20 
 369      A36905D0 
 369      2AC52AE3 
 369      E7A6
 370 0a1a 8572B3C1 		.ascii	"\205r\263\301\226\210\010K\244!t\263\325`\374\"pe X"
 370      9688084B 
 370      A42174B3 
 370      D560FC22 
 370      70652058 
 371 0a2e 670E2CF3 		.ascii	"g\016,\363\333\274\331@W\266\301\317\327w\363z\210\204"
 371      DBBCD940 
 371      57B6C1CF 
 371      D777F37A 
 371      8884
 372 0a40 96F8635E 		.ascii	"\226\370c^\013\231\010\010\335\240f\006\303B\314VM\360"
 372      0B990808 
 372      DDA06606 
 372      C342CC56 
 372      4DF0
 373 0a52 868DD6A0 		.ascii	"\206\215\326\240\365>\013\026,\234\357\302\356]Y\232"
 373      F53E0B16 
 373      2C9CEFC2 
 373      EE5D599A 
 374 0a62 179AAD53 		.ascii	"\027\232\255S\304\321\325\2644p\251i\335\322\000_l\014"
 374      C4D1D5B4 
 374      3470A969 
 374      DDD2005F 
 374      6C0C
 375 0a74 04EF028C 		.ascii	"\004\357\002\214\246)K\326\370\373-\375\222\216\363"
 375      A6294BD6 
 375      F8FB2DFD 
 375      928EF3
 376 0a83 607459B2 		.ascii	"`tY\262\302\037\006\025\2316\005\256\2457\363\310\015"
 376      C21F0615 
 376      993605AE 
 376      A537F3C8 
 376      0D
 377 0a94 36AE3429 		.ascii	"6\2564)\214\313\226\233x\243II\306y\032\223\321h\363"
 377      8CCB969B 
ARM GAS  /tmp/cc30Ka9f.s 			page 30


 377      78A34949 
 377      C6791A93 
 377      D168F3
 378 0aa7 E43FEF17 		.ascii	"\344?\357\027\035\343"
 378      1DE3
 379              		.text
 380              		.section	.gnu.lto_.symtab.6c4c9465ac56e4cd,"",%progbits
 381 0000 5F70616C 		.ascii	"_pal_lld_init\000"
 381      5F6C6C64 
 381      5F696E69 
 381      7400
 382 000e 00       		.ascii	"\000"
 383 000f 00       		.ascii	"\000"
 384 0010 00       		.ascii	"\000"
 385 0011 00000000 		.ascii	"\000\000\000\000\000\000\000\000"
 385      00000000 
 386 0019 E0000000 		.ascii	"\340\000\000\000"
 387 001d 5F70616C 		.ascii	"_pal_lld_setgroupmode\000"
 387      5F6C6C64 
 387      5F736574 
 387      67726F75 
 387      706D6F64 
 388 0033 00       		.ascii	"\000"
 389 0034 00       		.ascii	"\000"
 390 0035 00       		.ascii	"\000"
 391 0036 00000000 		.ascii	"\000\000\000\000\000\000\000\000"
 391      00000000 
 392 003e 04010000 		.ascii	"\004\001\000\000"
 393              		.text
 394              		.section	.gnu.lto_.opts,"",%progbits
 395 0000 272D666D 		.ascii	"'-fmath-errno' '-fsigned-zeros' '-ftrapping-math' '"
 395      6174682D 
 395      6572726E 
 395      6F272027 
 395      2D667369 
 396 0033 2D666E6F 		.ascii	"-fno-trapv' '-fno-openmp' '-fno-openacc' '-mcpu=cor"
 396      2D747261 
 396      70762720 
 396      272D666E 
 396      6F2D6F70 
 397 0066 7465782D 		.ascii	"tex-m3' '-mno-thumb-interwork' '-mthumb' '-ggdb' '-"
 397      6D332720 
 397      272D6D6E 
 397      6F2D7468 
 397      756D622D 
 398 0099 4F322720 		.ascii	"O2' '-fomit-frame-pointer' '-falign-functions=16' '"
 398      272D666F 
 398      6D69742D 
 398      6672616D 
 398      652D706F 
 399 00cc 2D666675 		.ascii	"-ffunction-sections' '-fdata-sections' '-fno-common"
 399      6E637469 
 399      6F6E2D73 
 399      65637469 
 399      6F6E7327 
 400 00ff 2720272D 		.ascii	"' '-flto'\000"
 400      666C746F 
ARM GAS  /tmp/cc30Ka9f.s 			page 31


 400      2700
 401              		.text
 402              		.comm	__gnu_lto_v1,1,1
 403              		.comm	__gnu_lto_slim,1,1
 404              		.ident	"GCC: (GNU Tools for ARM Embedded Processors 6-2017-q2-update) 6.3.1 20170620 (release) [AR
ARM GAS  /tmp/cc30Ka9f.s 			page 32


DEFINED SYMBOLS
                            *ABS*:0000000000000000 hal_pal_lld.c
                            *COM*:0000000000000001 __gnu_lto_v1
                            *COM*:0000000000000001 __gnu_lto_slim

NO UNDEFINED SYMBOLS
