ARM GAS  /tmp/ccQKNstj.s 			page 1


   1              		.cpu cortex-m3
   2              		.eabi_attribute 20, 1
   3              		.eabi_attribute 21, 1
   4              		.eabi_attribute 23, 3
   5              		.eabi_attribute 24, 1
   6              		.eabi_attribute 25, 1
   7              		.eabi_attribute 26, 1
   8              		.eabi_attribute 30, 2
   9              		.eabi_attribute 34, 1
  10              		.eabi_attribute 18, 4
  11              		.file	"hal_pal.c"
  12              		.text
  13              	.Ltext0:
  14              		.section	.gnu.lto_.profile.2ba979e001e76e90,"",%progbits
  15 0000 789C6365 		.ascii	"x\234ce`b`a```d\320\220\001\000\000\354\000Q"
  15      60626061 
  15      60606064 
  15      D0900100 
  15      00EC0051 
  16              		.text
  17              		.section	.gnu.lto_.icf.2ba979e001e76e90,"",%progbits
  18 0000 789C6365 		.ascii	"x\234ce`b\020a@\000f\206\343\227n\235fc\334\276\377"
  18      60621061 
  18      40006686 
  18      E3976E9D 
  18      6663DCBE 
  19 0015 D00F76A6 		.ascii	"\320\017v\246u;\036\256\342e\000\000hQ\011\233"
  19      753B1EAE 
  19      E2650000 
  19      6851099B 
  20              		.text
  21              		.section	.gnu.lto_.jmpfuncs.2ba979e001e76e90,"",%progbits
  22 0000 789C6365 		.ascii	"x\234ce`bPb@\000f\006FF\306zF&FF\346\372z&0\305\310"
  22      60625062 
  22      40006606 
  22      4646C67A 
  22      46264646 
  23 001b 069162AA 		.ascii	"\006\221b\252d\004Q\0009\324\002\300"
  23      64045100 
  23      39D402C0 
  24              		.text
  25              		.section	.gnu.lto_.inline.2ba979e001e76e90,"",%progbits
  26 0000 789C6365 		.ascii	"x\234ce`b\370\316\200\000\314\014\014\234\034\214\314"
  26      6062F8CE 
  26      8000CC0C 
  26      0C9C1C8C 
  26      CC
  27 0011 0C0A8C20 		.ascii	"\014\012\214 &\210t\000\223\012\034l\037\364\030\330"
  27      26887400 
  27      930A1C6C 
  27      1FF418D8 
  28 0021 16C83331 		.ascii	"\026\310310\276`g\201\220 \202\003\314\344\000\021\002"
  28      30BE6067 
  28      81902082 
  28      03CCE400 
  28      1102
  29 0033 60A600C8 		.ascii	"`\246\000\310\030F\006>^F\026\210)\214@\022b\224\002"
ARM GAS  /tmp/ccQKNstj.s 			page 2


  29      1846063E 
  29      5E461688 
  29      298C4012 
  29      629402
  30 0046 C4406EA6 		.ascii	"\304@n\246\013\374\030F\001\305P\014aY /\001b)010\357"
  30      0BFC1846 
  30      01C5500C 
  30      6159202F 
  30      01622930 
  31 005d 10576000 		.ascii	"\020W`\000Zo\0012\231\211\201[\030\305}PC9\201r\304"
  31      5A6F0132 
  31      9989815B 
  31      18C57D50 
  31      43398172 
  32 0072 390F6893 		.ascii	"9\017h\223\004\310$\026^\240w'\370\201 \003\000\006"
  32      04C82416 
  32      5EA07727 
  32      F8812003 
  32      0006
  33 0084 0820CB   		.ascii	"\010 \313"
  34              		.text
  35              		.section	.gnu.lto_.pureconst.2ba979e001e76e90,"",%progbits
  36 0000 789C6365 		.ascii	"x\234ce`b`g```f\220b\224b\222\004\000\001\307\000b"
  36      60626067 
  36      60606066 
  36      90629462 
  36      92040001 
  37              		.text
  38              		.section	.gnu.lto_palReadBus.2ba979e001e76e90,"",%progbits
  39 0000 789C9591 		.ascii	"x\234\225\221MO\024A\020\206\353\355\232\235\231\225"
  39      4D4F1441 
  39      1086EBED 
  39      9A9D9995 
  40 0010 8F3F2031 		.ascii	"\217? 1kBB\270\354\374\013\377\006\001.\0346\321\270"
  40      6B4242B8 
  40      ECFC0BFF 
  40      06012E1C 
  40      36D1B8
  41 0023 F1BCBD23 		.ascii	"\361\274\275#\240`@C\220E`\231\203\022D]\276\004\017"
  41      A0604043 
  41      90456099 
  41      8312445D 
  41      BE040F
  42 0036 9C364042 		.ascii	"\2346@Bb\242|\\8\031\215r\331D\017\356\305\213\001\253"
  42      62A27C5C 
  42      38198D72 
  42      D9440FEE 
  42      C58B01AB 
  43 004a 7A20D983 		.ascii	"z \331\203\027\222\351\252\256\256\252\247\353\235\316"
  43      1792E9AA 
  43      AEAEAAA7 
  43      EB9DCE
  44 0059 90A1A221 		.ascii	"\220\241\242!\352&\242\233\262\300\004\363\3543Q94\200"
  44      EA26A29B 
  44      B2C004F3 
  44      EC335139 
  44      3480
ARM GAS  /tmp/ccQKNstj.s 			page 3


  45 006b 6E6C082A 		.ascii	"nl\010*\031\224\360\224+\214\343\341\365\005\236\344"
  45      1994F094 
  45      2B8CE3E1 
  45      F5059EE4 
  46 007b 44CA3C09 		.ascii	"D\312<\011\177\177\232\373\321\251!\220\223p\336\236"
  46      7F7F9AFB 
  46      D1A92190 
  46      9370DE9E 
  47 008b 8C05BDCB 		.ascii	"\214\005\275\313\326\306\266^\231\362\0277\217l6aC/"
  47      D6C6B65E 
  47      99F21737 
  47      8F6C3661 
  47      432F
  48 009d A4FC35BA 		.ascii	"\244\3745\272\260\214.\275c\005\275R<r\\\031e\276\015"
  48      B08C2EBD 
  48      6305BD52 
  48      3C725C19 
  48      65BE0D
  49 00b0 92FD97AF 		.ascii	"\222\375\227\257\337V\302\236%\327\270?\315\266;a\306"
  49      DF56C29E 
  49      25D7B83F 
  49      CDB63B61 
  49      C6
  50 00c1 1B706BA3 		.ascii	"\033pk\243\034\021\336\242G\353\277o\234?\357\360\275"
  50      1C11DEA2 
  50      47EBBF6F 
  50      9C3FEFF0 
  50      BD
  51 00d2 974CCA16 		.ascii	"\227L\312\026\344;\370\020\277v\202\272=\277xd\353?"
  51      E43BF810 
  51      BF7682BA 
  51      3DBF7864 
  51      EB3F
  52 00e4 5FA17A27 		.ascii	"_\241z'+\032\244\203\245\327\363\304d2b|_w\201\232\220"
  52      2B1AA483 
  52      A5D7F3C4 
  52      6432627C 
  52      5F77819A 
  53 00f9 743A1A17 		.ascii	"t:\032\027\204J}\"\201xn \336iL\354\371J\255\262\312"
  53      844A7D22 
  53      81786E20 
  53      DE694CEC 
  53      F94AADB2 
  54 010e 9E19D93D 		.ascii	"\236\031\331=\014T'\273q\377\034||\334\236\240Z\266"
  54      0C5427BB 
  54      71FF1C7C 
  54      7CDC9EA0 
  54      5AB6
  55 0120 D6E6120E 		.ascii	"\326\346\022\016\252lPSm\222[:\213W\203\250f\323T\210"
  55      AA6C5053 
  55      6D925B3A 
  55      8B5783A8 
  55      66D35488 
  56 0134 552498D5 		.ascii	"U$\230\325\031\011k\210\250\201\335\235l\012\366Z\301"
  56      19096B88 
  56      A881DD9D 
  56      6C0AF65A 
ARM GAS  /tmp/ccQKNstj.s 			page 4


  56      C1
  57 0145 E1FFC059 		.ascii	"\341\377\300Y\271\035\353\227\340\323fs\257]\300\303"
  57      B91DEB97 
  57      E0D36673 
  57      AF5DC0C3 
  58 0155 654DDDC0 		.ascii	"eM\335\300\206\003\253jl:p|\005\316\\k\3046\274w$\243"
  58      8603AB6A 
  58      6C3A707C 
  58      05CE5C6B 
  58      C436BC77 
  59 016b A42D477A 		.ascii	"\244-Gz\330\034E\212\3221\005\330J\017\256E7\330vt\367"
  59      D81C458A 
  59      D23105D8 
  59      4A0FAE45 
  59      37D87674 
  60 0180 4A1F52FA 		.ascii	"J\037R\372\337+z\350.\010\350\027\342\334\345\211\376"
  60      DF2B7AE8 
  60      2E08E817 
  60      E2DCE589 
  60      FE
  61 0191 A8715125 		.ascii	"\250qQ%\357 \003\335\312\347\243\364\273[\214\206\372"
  61      EF2003DD 
  61      CAE7A3F4 
  61      BB5B8C86 
  61      FA
  62 01a2 0B51F1FE 		.ascii	"\013Q\361\376\240\372\276{\375\205\374 \361\300\203"
  62      A0FABE7B 
  62      FD85FC20 
  62      F1C083
  63 01b1 E23F7577 		.ascii	"\342?uw\307\364"
  63      C7F4
  64              		.text
  65              		.section	.gnu.lto_palWriteBus.2ba979e001e76e90,"",%progbits
  66 0000 789C9593 		.ascii	"x\234\225\223\317k\023Q\020\307\337wg\263?\222\215z"
  66      CF6B1351 
  66      10C7DF77 
  66      67B33F92 
  66      8D7A
  67 0012 142C5241 		.ascii	"\024,RA\011\271d\301?\302\177C\332\\\024\012\212\321"
  67      09B964C1 
  67      3FC27F43 
  67      DA5C140A 
  67      8AD1
  68 0024 7337B149 		.ascii	"s7\261I\245\342\017\220&U\272\254(\265F\355/\177GAB"
  68      A5E20F90 
  68      2655BAAC 
  68      28B546ED 
  68      2F7F4741 
  69 0039 3C14FC49 		.ascii	"<\024\374I\275xQ\024\025\241\007A\253\240\207\2228\363"
  69      BD785114 
  69      15A10741 
  69      ABA08792 
  69      38F3
  70 004b B64B6BF1 		.ascii	"\266Kk\361\322\307\356\2747\363f>of\336nJ\031j?)\225"
  70      D2C7EEBC 
  70      37F3663E 
  70      6F66DE6E 
ARM GAS  /tmp/ccQKNstj.s 			page 5


  70      4A196A3F 
  71 0061 574AEDE2 		.ascii	"WJ\355\342\027\244`\234\177\245T\3311\000Y\004\016\324"
  71      17A4609C 
  71      7FA554D9 
  71      31005904 
  71      0ED4
  72 0073 B081619C 		.ascii	"\260\201a\234\243\006\2413\372\265e\344\247\003\036"
  72      A306A133 
  72      FAB565E4 
  72      A7031E
  73 0082 EDC62FAB 		.ascii	"\355\306/\253\026TwF\034~\221_\031\230F\236\275\226"
  73      16547746 
  73      1C7E915F 
  73      1998469E 
  73      BD96
  74 0094 46E627E9 		.ascii	"F\346'\351,E\004\230\254\376xy\351\3636Q\015\364\263"
  74      2C450498 
  74      ACFE7879 
  74      E9F33651 
  74      0DF4B3
  75 00a7 5A5D6AD4 		.ascii	"Z]j\324\210\366@\361\372\375\207\217M'7\025\004\225"
  75      88F640F1 
  75      FAFD878F 
  75      4D273715 
  75      0495
  76 00b9 A0FDE202 		.ascii	"\240\375\342\002\005{#\"\334\0001\020M\364\341:\372"
  76      057B2322 
  76      DC003110 
  76      4DF4E13A 
  76      FA
  77 00ca 149B146E 		.ascii	"\024\233\024n\"\307\356a\367\312b\206\366\351\320V4"
  77      22C7EE61 
  77      F7CA6286 
  77      F6E9D056 
  77      34
  78 00db D9B4D642 		.ascii	"\331\264\326B\337\215\353P\023\2676\207\232\0123\310"
  78      DF8DEB50 
  78      13B73687 
  78      9A0A33C8 
  79 00eb 89FFA785 		.ascii	"\211\377\247\205\356x\3262\257&\351b\026\026x\236{\203"
  79      EE78D632 
  79      AF26E962 
  79      1616789E 
  79      7B83
  80 00fd 76D0ED8D 		.ascii	"v\320\355\215r\002\327\320;\260\235\353\346\303\210"
  80      7202D7D0 
  80      3BB09DEB 
  80      E6C388
  81 010c 63532624 		.ascii	"cS&$8\305K\313\022a\213pX\330\256\210\264\250\031\021"
  81      38C54BCB 
  81      12618B70 
  81      58D8AE88 
  81      B4A81911 
  82 0120 9E88AC08 		.ascii	"\236\210\254\010\245\306\030.\215;M\206\314\264\214"
  82      A5C6182E 
  82      8D3B4D86 
  82      CCB48C
ARM GAS  /tmp/ccQKNstj.s 			page 6


  83 012f CAA3E527 		.ascii	"\312\243\345'E9.$\351a\275\332ymK;H\327\361{\361\331"
  83      45392E24 
  83      E961BDDA 
  83      796D4B3B 
  83      48D7F17B 
  84 0145 292F4258 		.ascii	")/BX\346\236\366G\344\204\334\2469\316]\366\246\276"
  84      E69EF647 
  84      E484DCA6 
  84      39CE5DF6 
  84      A6BE
  85 0157 54666D7F 		.ascii	"Tfm\177&\210\267\\\314#\302\204\3565\026\340+Fwk\210"
  85      2688B75C 
  85      CC23C284 
  85      EE3516E0 
  85      2B46776B 
  86 016c C9A9906B 		.ascii	"\311\251\220k\225\263\334X\267\266\2046q[\243\245!\270"
  86      95B3DC58 
  86      B7B68436 
  86      715BA3A5 
  86      21B8
  87 017e A3D12757 		.ascii	"\243\321'W\023\264\255\351\326F\272\263%z\032w5\335"
  87      13B4ADE9 
  87      D646BAB3 
  87      257A1A77 
  87      35DD
  88 0190 10FABD98 		.ascii	"\020\372\275\230^O\350nL{\374s\365\271!]Ic\007\3563"
  88      5E4FE86E 
  88      4C7BFC73 
  88      F5B9215D 
  88      496307EE 
  89 01a5 867DBE27 		.ascii	"\206}\276'>i\235\204\373OV\031.8\316j\335\317\323fG"
  89      3E699D84 
  89      FB4F5619 
  89      2E38CE6A 
  89      DDCFD366 
  90 01ba 6C7F125B 		.ascii	"l\177\022[V\207{l\353\324u\366\033\257\300\375\337\025"
  90      56877B6C 
  90      EBD475F6 
  90      1BAFC0FD 
  90      DF15
  91 01cc 3082F060 		.ascii	"0\202\360`\255\222\267++O=\256d\244,[\036\036\352J\364"
  91      AD92B72B 
  91      2B4F3DAE 
  91      64A42C5B 
  91      1E1EEA4A 
  92 01e1 07D482CF 		.ascii	"\007\324\202\317x\365\015\225\313\2753\3724\375\023"
  92      78F50D95 
  92      CBBD33FA 
  92      34FD13
  93 01f0 8C7117F9 		.ascii	"\214q\027\371\342\271\330\335\205\202\037?GJ\376\241"
  93      E2B9D8DD 
  93      85821F3F 
  93      474AFEA1 
  94 0200 8121BF74 		.ascii	"\201!\277t\254(\363\301\243\003C\205\242\242\301\023"
  94      AC28F3C1 
  94      A3034385 
  94      A2A2C113 
ARM GAS  /tmp/ccQKNstj.s 			page 7


  95 0210 2573F0F0 		.ascii	"%s\360\360\361\322_\030\020\377G"
  95      F1D25F18 
  95      10FF47
  96              		.text
  97              		.section	.gnu.lto_palSetBusMode.2ba979e001e76e90,"",%progbits
  98 0000 789C9592 		.ascii	"x\234\225\222\315KTa\024\306\317\363\236;s\357\244\266"
  98      CD4B5461 
  98      14C6CFF3 
  98      9E3B73EF 
  98      A4B6
  99 0012 0E9298C0 		.ascii	"\016\222\230\300\030f3\367\317\350_p\027:#\2700\214"
  99      186633F7 
  99      CFE85F70 
  99      173A23B8 
  99      308C
 100 0024 86D6F33A 		.ascii	"\206\326\363:5c\030h :)\0157\220\301\264\374\312\012"
 100      35631868 
 100      203A290D 
 100      3790C1B4 
 100      FCCA0A
 101 0037 46110637 		.ascii	"F\021\0067A_\242[\223B#\220\022\212\026nJ;\347\035]"
 101      415FA25B 
 101      93422390 
 101      128A166E 
 101      4A3BE71D 
 102 004c D8CE97FB 		.ascii	"\330\316\227\373~\237\347\367\236\363pcd(g\210\322D"
 102      7E9FE7F7 
 102      9EF37063 
 102      64286788 
 102      D244
 103 005e 74593A98 		.ascii	"tY:\230`\036~$\032\010\014\240\013\033\200\012\006\005"
 103      601E7E24 
 103      1A080CA0 
 103      0B1B800A 
 103      0605
 104 0070 8C7085B1 		.ascii	"\214p\205\261>\370\255n\322\323VZ\243\262\345\227m\351"
 104      3EF8AD6E 
 104      D2D3565A 
 104      A3B2E597 
 104      6DE9
 105 0082 52C44413 		.ascii	"R\304D\023\322\265a\032i\211\332\274\267\370\230\207"
 105      D2B5611A 
 105      6989DABC 
 105      B7F89887 
 106 0092 3962C093 		.ascii	"9b\300\223\355\257\017\223{\027uk\220\224mi\263Rf\276"
 106      EDAF0F93 
 106      7B17756B 
 106      90946D69 
 106      B35266BE 
 107 00a6 0A92F5CE 		.ascii	"\012\222\365\316\347/3A\252fm\3216>\215\262\355\210"
 107      E72F3341 
 107      AA666DD1 
 107      363E8DB2 
 107      ED88
 108 00b8 98310B16 		.ascii	"\2301\013\026 f\320\216\247h'9\"<CJ\302\177/\327F[\370"
 108      2066D08E 
 108      A7682739 
ARM GAS  /tmp/ccQKNstj.s 			page 8


 108      223C434A 
 108      C27F2FD7 
 109 00cf 9A93BE1B 		.ascii	"\232\223\276\033^\353<Q\276\037sJ\017\317\377Wz\204"
 109      5EEB3C51 
 109      BE1F734A 
 109      0FCFFF57 
 109      7A84
 110 00e1 39A4347C 		.ascii	"9\2444|w\351h\254-\356M\235f\213y\304!\363\302\026\032"
 110      77E968AC 
 110      2DEE4D9D 
 110      668B79C4 
 110      21F3C216 
 111 00f6 F6E878D0 		.ascii	"\366\350x\3206\376\324\260s=!e\313[,\332\230'C<&\203"
 111      36FED4B0 
 111      733D2165 
 111      CB5B2CDA 
 111      9827433C 
 112 010c 1FD7950F 		.ascii	"\037\327\225\017\307\242!\221\2533\017\330\350\314\373"
 112      C7A22191 
 112      AB330FD8 
 112      E8CCFB
 113 011b 28AEEC1F 		.ascii	"(\256\354\037d\025Xe5i\274\264\276\341k\275\354\022"
 113      64155865 
 113      3569BCB4 
 113      BEE16BBD 
 113      EC12
 114 012d 3D7CF3F6 		.ascii	"=|\363\366~k\204\352\200\230\226\2148\250\212\017\013"
 114      7E6B84EA 
 114      8098968C 
 114      38A88A0F 
 114      0B
 115 013e 929DDED5 		.ascii	"\222\235\336\325\276\026\347\375p\3166\257\022XD\204"
 115      BE16E7FD 
 115      70CE36AF 
 115      12584484 
 116 014e 47CE4C2C 		.ascii	"G\316L,!$E'\232`\357\\\244\013x\341HZ!\226\317\222b"
 116      21244527 
 116      9A60EF5C 
 116      A40B78E1 
 116      485A2196 
 117 0165 E722B5E0 		.ascii	"\347\"\265\340\245#\031%\275r\244\273?\313h\2424/\001"
 117      A5231925 
 117      BD72A4BB 
 117      3FCB68A2 
 117      342F01
 118 0178 D2779493 		.ascii	"\322w\224\223z\242\362z\375\307\266_\370k\203\210['"
 118      7AA2F27A 
 118      FDC7B65F 
 118      F86B8388 
 118      5B27
 119 018a 3401BC46 		.ascii	"4\001\274F\201\304\031\027\356G\334F\007(>Y\035q\014"
 119      81C41917 
 119      EE47DC46 
 119      07283E59 
 119      1D710C
 120 019d F7DB0C49 		.ascii	"\367\333\014I\2308)O\\\311d\302\346\327\237\017{\273"
 120      9838294F 
ARM GAS  /tmp/ccQKNstj.s 			page 9


 120      5CC964C2 
 120      E6D79F0F 
 120      7BBB
 121 01af FAC2FCED 		.ascii	"\372\302\374\355\254\3167nu\365e\262\304\335w\362\336"
 121      ACCE376E 
 121      75F565B2 
 121      C4DD77F2 
 121      DE
 122 01c0 CDFE5CCF 		.ascii	"\315\376\\\317?|\363\305\244"
 122      3F7CF3C5 
 122      A4
 123              		.text
 124              		.section	.gnu.lto_.symbol_nodes.2ba979e001e76e90,"",%progbits
 125 0000 789C6365 		.ascii	"x\234ce`b\010d\000\002\246\333\214\365\014\014\023\316"
 125      60620864 
 125      0002A6DB 
 125      8CF50C0C 
 125      13CE
 126 0012 313000A9 		.ascii	"10\000\251]\015\216@\221;\214\365\214\250\"w\031\353"
 126      5D0D8E40 
 126      913B8CF5 
 126      8CA82277 
 126      19EB
 127 0024 99504418 		.ascii	"\231PD\030\0370\3263\203E\030\030\032\032\034\030\030"
 127      1F30D633 
 127      83451818 
 127      1A1A1C18 
 127      18
 128 0035 98999819 		.ascii	"\230\231\230\031\226<\374\307\310\000\000sw\025\014"
 128      963CFCC7 
 128      C8000073 
 128      77150C
 129              		.text
 130              		.section	.gnu.lto_.refs.2ba979e001e76e90,"",%progbits
 131 0000 789C6365 		.ascii	"x\234ce`b`d\000\002\000\000I\000\011"
 131      60626064 
 131      00020000 
 131      490009
 132              		.text
 133              		.section	.gnu.lto_.decls.2ba979e001e76e90,"",%progbits
 134 0000 789C9557 		.ascii	"x\234\225WiPT\331\025~\347\335\2064M7Xh\246\254\032"
 134      695054D9 
 134      157EE7DD 
 134      86344D37 
 134      5868A6AC 
 135 0015 32452C2C 		.ascii	"2E,,\231T\206\026\231L\3701?,\265f\306\212\206)4\223"
 135      99548616 
 135      994CF831 
 135      3F2CB566 
 135      C68A8629 
 136 002b 544DAABA 		.ascii	"TM\252\272\020\232H\205\305\242\233\024\363+\217EE3"
 136      109A4885 
 136      C5A29B14 
 136      F32B8F45 
 136      4533
 137 003d B2BA203A 		.ascii	"\262\272 :\026#n\010Ft\306\205\021\235\016\2428\340"
 137      16236E08 
ARM GAS  /tmp/ccQKNstj.s 			page 10


 137      4674C685 
 137      119D0EA2 
 137      38E0
 138 004f 82B820B2 		.ascii	"\202\270 \2624\213\200\0138l*\250H\316\275\367=\336"
 138      348B800B 
 138      386C2AA8 
 138      48CEBDF7 
 138      3DDE
 139 0061 A3EDA692 		.ascii	"\243\355\246\222\256>\357\275{\3579\347\373\316\271"
 139      AE3EEFBD 
 139      7BEF39E7 
 139      FBCEB9
 140 0070 E79ED7ED 		.ascii	"\347\236\327\355%\210\302\257\375\005!B\024\2044\020"
 140      2588C2AF 
 140      FD052142 
 140      14843410 
 141 0080 8429FCE8 		.ascii	"\204)\374\350\004A8&\250\037:\036@\031F\231@\231\022"
 141      04413826 
 141      A81F3A1E 
 141      40194699 
 141      409912
 142 0093 DEFEB4A0 		.ascii	"\336\376\264\240\255\021\357\001(\363P\252P\372Qn\241"
 142      AD11EF01 
 142      28F350AA 
 142      50FA516E 
 142      A1
 143 00a4 2C428944 		.ascii	",B\211D\351C\271\203\322\204r\001\245]\366\335\215R"
 143      E943B983 
 143      D2847201 
 143      A55DF6DD 
 143      8D52
 144 00b6 87E244E9 		.ascii	"\207\342D\351D\001\031\217\336\375`&N\017\216Mx\377"
 144      4401198F 
 144      DEFD6026 
 144      4E0F8E4D 
 144      78FF
 145 00c8 4283D52F 		.ascii	"B\203\325/\343\271\303j\327\340)X\2352V\203\2141,\337"
 145      E3B9C36A 
 145      D7E02958 
 145      9D325683 
 145      8C312CDF 
 146 00dc E7BA608D 		.ascii	"\347\272`\215\342\330\317\015\326\230\007\254*\031o"
 146      E2D8CF0D 
 146      D69807AC 
 146      2A196F
 147 00eb 1EDABDC1 		.ascii	"\036\332\275\301;q\301\0235\371\243P\201.x\273\010\234"
 147      3B71C113 
 147      35F9A350 
 147      812E78BB 
 147      089C
 148 00fd DE567B5E 		.ascii	"\336V{^\354\2006@]\230\303f\001\370\025\230\260\341"
 148      EC803640 
 148      5D98C366 
 148      01F81598 
 148      B0E1
 149 010f 94F20160 		.ascii	"\224\362\001`\3638+\262+WdS\240X\310cQ\036\212\262K"
 149      F3382BB2 
ARM GAS  /tmp/ccQKNstj.s 			page 11


 149      2B576453 
 149      A058C863 
 149      511E8AB2 
 150 0124 F6958D41 		.ascii	"\366\225\215A\343\221/s$\345\303\371\362\007f\246X\203"
 150      E3912F73 
 150      24E5C3F9 
 150      F20766A6 
 150      5883
 151 0136 A8020068 		.ascii	"\250\002\000h\0154\0169my}\232\237\240\006\007J\364"
 151      0D340E39 
 151      6D797D9A 
 151      9FA00607 
 151      4AF4
 152 0148 C3BBAFF6 		.ascii	"\303\273\257\366\031\234\320NgK\226\002\233\353j\252"
 152      199CD04E 
 152      674B9602 
 152      9BEB6AAA 
 153 0158 9ED41311 		.ascii	"\236\324\023\021\350\263s\342\310'\241\025\022\377\350"
 153      E8B373E2 
 153      C827A115 
 153      12FFE8
 154 0167 7FA5A6ED 		.ascii	"\177\245\246\355fV\345^\222C \300\000:\352\347Zq\217"
 154      6656E55E 
 154      924320C0 
 154      003AEAE7 
 154      5A718F
 155 017a 1F0EE719 		.ascii	"\037\016\347\031 \010\207\305\347\306\352\275\370\252"
 155      200887C5 
 155      E7C6EABD 
 155      F8AA
 156 0188 1E875387 		.ascii	"\036\207S\207*\267\350\311;\314c\373\225\262rj\270\310"
 156      2AB7E8C9 
 156      3BCC63FB 
 156      95B2726A 
 156      B8C8
 157 019a 0094AC3F 		.ascii	"\000\224\254?N\035\037\250\2320\361)\252\321\224;r\340"
 157      4E1D1FA8 
 157      9A30F129 
 157      AAD1943B 
 157      72E0
 158 01ac 17E45DFA 		.ascii	"\027\344]\372,\356\256o\256\321A\210\341\020\305w\274"
 158      2CEEAE6F 
 158      AED14188 
 158      E110C577 
 158      BC
 159 01bd 185B94BF 		.ascii	"\030[\224\277Y\222D\370\016\014p\002\010\034\205P\032"
 159      599244F8 
 159      0E0C7002 
 159      081C8550 
 159      1A
 160 01ce CD22035E 		.ascii	"\315\"\003^\263%)C\312\313\224|>\023\240\002\002\241"
 160      B3252943 
 160      CACB947C 
 160      3E13A002 
 160      02A1
 161 01e0 1C020538 		.ascii	"\034\002\0058\011!\324-\325\203J\234<\216\223\010Qv"
 161      0921D42D 
ARM GAS  /tmp/ccQKNstj.s 			page 12


 161      D5834A9C 
 161      3C8E9308 
 161      5176
 162 01f2 207FBF37 		.ascii	" \177\2777\371\222A\\\276\320zO\007\206\020\267\366"
 162      F992415C 
 162      BED07A4F 
 162      078610B7 
 162      F6
 163 0203 A7DDD873 		.ascii	"\247\335\330s.\375{\027\\\336H\271\234B.\337\253\\\220"
 163      2EFD7B17 
 163      5CDE48B9 
 163      9C422EDF 
 163      AB5C90
 164 0216 1ACF5056 		.ascii	"\032\317PV\355\363|\023\311\001\006\222s\251n\302k:"
 164      EDF37C13 
 164      C9010692 
 164      73A96EC2 
 164      6B3A
 165 0228 0E6779C8 		.ascii	"\016gy\310\321\333\222\024\004Uh{F\265=\005\036\003"
 165      D1DB9214 
 165      0455687B 
 165      46B53D05 
 165      1E03
 166 023a 39EB3E90 		.ascii	"9\353>\220;\303#;\375\310M\006\002O\263z;}y\326\347"
 166      3BC3233B 
 166      FDC84D06 
 166      024FB37A 
 166      3B7D79D6 
 167 024f D33C0E5D 		.ascii	"\323<\016]\375F\036\316\301\341\311\273G\316\351\311"
 167      FD461ECE 
 167      C1E1C9BB 
 167      47CEE9C9 
 168 025f 3DAE9A5D 		.ascii	"=\256\232]\221s\221\030\020)\363\177\012\031-\266m\257"
 168      91739118 
 168      1029F37F 
 168      0A192DB6 
 168      6DAF
 169 0271 A9D19136 		.ascii	"\251\321\2216n\236u\361\316)#\351\342\203\336\206\343"
 169      6E9E75F1 
 169      CE2923E9 
 169      E283DE86 
 169      E3
 170 0282 197AD2CB 		.ascii	"\031z\322\313\007}\345_\017\370\221G|P^p\363 !\203|"
 170      077DE55F 
 170      0FF89147 
 170      7C505E70 
 170      F3202183 
 171 0297 70F6FCE0 		.ascii	"p\366\374\340\022\316&\020G?\264\017;|y\301t\002\216"
 171      12CE2610 
 171      473FB40F 
 171      3B7C79C1 
 171      74028E
 172 02aa 8F8D3B4F 		.ascii	"\217\215;O{\221a\246\352\323\221\221y\020 88x.JH\360"
 172      7B9161A6 
 172      EAD39191 
 172      79102038 
 172      38782E4A 
ARM GAS  /tmp/ccQKNstj.s 			page 13


 173 02c0 7E292B13 		.ascii	"~)+\0237\377\302\307\255M\017$\251\300\010\0270m\377"
 173      37FFC2C7 
 173      AD4D0F24 
 173      A9C00817 
 173      306DFF
 174 02d3 C1B4D5C3 		.ascii	"\301\264\325\303\\\225\3671\274\010\020\206\027\201"
 174      5C95F731 
 174      BC081086 
 174      1781
 175 02e1 1BD4FC75 		.ascii	"\033\324\374u\267\344\310\"L\333\341^\273\002T\365&"
 175      B7E4C822 
 175      4CDBE15E 
 175      BB0254F5 
 175      26
 176 02f2 8DFA7957 		.ascii	"\215\372yW\365j\215z>\335\303<IZ\252\023\340\022*\324"
 176      F56A8D7A 
 176      3EDDC33C 
 176      495AAA13 
 176      E0122AD4 
 177 0306 B235AA8E 		.ascii	"\2625\252\2169\203\353\230\276\253\020\0147P\352P\256"
 177      3983EB98 
 177      BEAB100C 
 177      3750EA50 
 177      AE
 178 0317 A034A0FC 		.ascii	"\2404\240\374\204r\015\202\331\371\341\200\365\032\300"
 178      84720D82 
 178      D9F9E180 
 178      F51AC0
 179 0326 1FDD036A 		.ascii	"\037\335\003j\242y\374\245\252}\321U\333\354\242|_\343"
 179      A279FCA5 
 179      AA7DD155 
 179      DBECA27C 
 179      5FE3
 180 0338 FAB2ABF2 		.ascii	"\372\262\253\3629\3255/\307\216\326\200tI\002\252%\310"
 180      39D5352F 
 180      C78ED680 
 180      744902AA 
 180      25C8
 181 034a A5A8B27C 		.ascii	"\245\250\262|\336\032P\220)]Y\314|\325\270\005\346i"
 181      DE1A5090 
 181      295D59CC 
 181      7CD5B805 
 181      E669
 182 035c C14DEC79 		.ascii	"\301M\354y\321\177\306\237\034g\255C<7Y\275\325\033"
 182      D17FC69F 
 182      1C67AD43 
 182      3C3759BD 
 182      D51B
 183 036e 42E6728C 		.ascii	"B\346r\214\2766ol \320\204\306\215j\301SD\367\011\205"
 183      BE366F6C 
 183      20D084C6 
 183      8D6AC153 
 183      44F70985 
 184 0382 9B98C7FF 		.ascii	"\233\230\307\377'\247\010\237{(c\324\313\270u\372\370"
 184      27A7089F 
 184      7B2863D4 
 184      CBB875FA 
ARM GAS  /tmp/ccQKNstj.s 			page 14


 184      F8
 185 0393 303485AA 		.ascii	"04\205\252\000\267\300(\343\242\356\231-E\375&R\315"
 185      00B7C028 
 185      E3A2EE99 
 185      2D45FD26 
 185      52CD
 186 03a5 A936960F 		.ascii	"\2516\226\017\357\367\005c\210\007S\270\213\370\252"
 186      EFF70563 
 186      880753B8 
 186      8BF8AA
 187 03b4 B5728617 		.ascii	"\265r\206\027W\014\3213|\007\027n\253!\241\036Gx\365"
 187      570CD133 
 187      7C07176E 
 187      AB21A11E 
 187      4778F5
 188 03c7 707B0BF0 		.ascii	"p{\013\360\2027\3420\343\\K\276\277\\\360ty\254\360"
 188      8237E230 
 188      E35C4BBE 
 188      BF5CF074 
 188      79ACF0
 189 03da BED38FD4 		.ascii	"\276\323\217\324\2113\232b\344\333M1\2227\305\201\306"
 189      89339A62 
 189      E4DB4D31 
 189      9237C581 
 189      C6
 190 03eb 1BB7805C 		.ascii	"\033\267\200\\\347|k\367\365\234\364\366\324\262:\220"
 190      E77C6BF7 
 190      F59CF4F6 
 190      D4B23A90 
 191 03fb 6CA47C7E 		.ascii	"l\244|~[q\362\376t\313r\266.y\316\332g;ne\233J9\222"
 191      5B71F2FE 
 191      74CB72B6 
 191      2E79CEDA 
 191      673B6E65 
 192 0413 772CAFA1 		.ascii	"w,\257\241W\325a@\017]\310~\352\330Q\3670\250|\204\237"
 192      57D56140 
 192      0F5DC87E 
 192      EAD851F7 
 192      30A87C84 
 193 0428 386AD182 		.ascii	"8j\321\202\026]\036O\0345\350\376\015/;\332\326\376"
 193      165D1E4F 
 193      1C35E8FE 
 193      0D2F3BDA 
 193      D6FE
 194 043a EDAA6D76 		.ascii	"\355\252mv\177\202\356\341z3s\324%\357v\017\006\320"
 194      7F82EEE1 
 194      7A3373D4 
 194      25EF760F 
 194      06D0
 195 044c 8D3BDB89 		.ascii	"\215;\333\211\342\234>1\324\377\310\373\334?M\371\017"
 195      E29C3E31 
 195      D4FFC8FB 
 195      DC3F4DF9 
 195      0F
 196 045d 6EFD6BAA 		.ascii	"n\375k\252\372n\031\257\352\256\231U\215\271\234(\033"
 196      FA6E19AF 
 196      EAAE9955 
ARM GAS  /tmp/ccQKNstj.s 			page 15


 196      8DB99C28 
 196      1B
 197 046e 1D23A494 		.ascii	"\035#\244\224\260\\\356\273z~\037L\227\351\365rV\246"
 197      B05CEEBB 
 197      7A7E1F4C 
 197      97E9F572 
 197      56A6
 198 0480 7DE8F881 		.ascii	"}\350\370\201\232\240\256\267\312Ta\015\275Hv6\342\364"
 198      9AA0AEB7 
 198      CA54610D 
 198      BD487636 
 198      E2F4
 199 0492 7DFAF4F5 		.ascii	"}\372\364\365\260\257\266,\373f\224e?+\030\252\370\254"
 199      B0AFB62C 
 199      FB669465 
 199      3F2B18AA 
 199      F8AC
 200 04a4 EB703DD1 		.ascii	"\353p=\321\211|\016\326\351\350\334\245\251\027\016"
 200      897C0ED6 
 200      E9E8DCA5 
 200      A9170E
 201 04b3 7F5E45A2 		.ascii	"\177^E\242\246\247\317\343==\347\247\307N\377\371;\331"
 201      A6A7CFE3 
 201      3D3DE7A7 
 201      C74EFFF9 
 201      3BD9
 202 04c5 DB39539A 		.ascii	"\3339S\232#\262\314?F\327\217\230\353'0\037\257\017"
 202      23B2CC3F 
 202      46D78F98 
 202      EB27301F 
 202      AF0F
 203 04d7 41C7FD1F 		.ascii	"A\307\375\037\030o\310\360^P\"\225tJ\216\033\203\301"
 203      186FC8F0 
 203      5E502295 
 203      744A8E1B 
 203      83C1
 204 04e9 45D5B8B7 		.ascii	"E\325\270\267\006\035\325\20225X|\304\353\021\214\000"
 204      061DD582 
 204      3235587C 
 204      C4EB118C 
 204      00
 205 04fa 0E633109 		.ascii	"\016c1\0110\000\013\320\370pQf\203/\271\302\222\006"
 205      30000BD0 
 205      F8705166 
 205      832FB9C2 
 205      9206
 206 050c C5ED6D0F 		.ascii	"\305\355m\017\014\214)\005\344L\0337\266\216\253\354"
 206      0C8C2905 
 206      E44C1B37 
 206      B68EABEC 
 207 051c 9F029B6C 		.ascii	"\237\002\233l>\262\361\251\250%\370\305;\032~C\214\337"
 207      3EB2F1A9 
 207      A825F8C5 
 207      3B1A7E43 
 207      8CDF
 208 052e CF0ABF67 		.ascii	"\317\012\277g%\216A?\231\337\335=F\334\353\014\211\226"
 208      258E413F 
ARM GAS  /tmp/ccQKNstj.s 			page 16


 208      99DFDD3D 
 208      46DCEB0C 
 208      8996
 209 0540 2BAAC1A0 		.ascii	"+\252\301\240Jp\320\225\3400#8\331\3213\"\222\333\234"
 209      4A70D095 
 209      E0302338 
 209      D9D13322 
 209      92DB9C
 210 0553 E0D16B65 		.ascii	"\340\321ke\257u\244\233o\361\266\232\275\003FO\307\345"
 210      AF75A49B 
 210      6FF1B69A 
 210      BD03464F 
 210      C7E5
 211 0565 99C737BC 		.ascii	"\231\3077\274\263\374c\376\226\036\303\030G]\337\322"
 211      B3FC63FE 
 211      961EC318 
 211      475DDFD2 
 212 0575 F41D967B 		.ascii	"\364\035\226{P\216xl:\013\205\233NL\370Ng\3419\317\302"
 212      508E786C 
 212      3A0B859B 
 212      4E4CF84E 
 212      67E139CF 
 213 058a 8E13A345 		.ascii	"\216\023\243E\276\036\2630\316\262\360B\311B\353\341"
 213      BE1EB330 
 213      CEB2F042 
 213      C942EBE1 
 214 059a BAEB2675 		.ascii	"\272\353&u\227\366Ul\222\032\321n)S\204\021\225\307"
 214      97F6556C 
 214      921AD16E 
 214      29538411 
 214      95C7
 215 05ac 886B1E26 		.ascii	"\210k\036&X\036\006\017f\026\372\223'<\017\356(>\333"
 215      581E060F 
 215      6616FA93 
 215      273C0FEE 
 215      283EDB
 216 05bf DC7B1DA6 		.ascii	"\334{\035\2467\357\025\247\230\277\271\270\327\213M"
 216      37EF15A7 
 216      98BFB9B8 
 216      D78B4D
 217 05ce D2C3F59A 		.ascii	"\322\303\365\232O\3264\325\237\325{\344\375\206\361"
 217      4FD634D5 
 217      9FD57BE4 
 217      FD86F1
 218 05dd 9E547867 		.ascii	"\236Txg\347~_\342\203\274;Y\352>l\257| e\033\230\026"
 218      E77E5FE2 
 218      83BC3B59 
 218      EA3E6CAF 
 218      7C20651B 
 219 05f3 BC5449BF 		.ascii	"\274TI\277\244\244\351\303\024#[P\234y\312D\322u\214"
 219      A4A4E9C3 
 219      14235B50 
 219      9C79CA44 
 219      D2758C
 220 0606 6C734B56 		.ascii	"lsKV\225\3341}i\213\356\332\361\243\017\257\365{t\371"
 220      95DC317D 
 220      698BEEDA 
ARM GAS  /tmp/ccQKNstj.s 			page 17


 220      F1A30FAF 
 220      F57B74F9 
 221 061a DB6BA33B 		.ascii	"\333k\243;\015$\227\353N\0165N\032\271\256\201\306\231"
 221      0D2497EB 
 221      4E0E354E 
 221      1AB9AE81 
 221      C699
 222 062c 51E9F4A2 		.ascii	"Q\351\364\242\277g$\371\214\341\274z\3046\212\270c\330"
 222      BF6724F9 
 222      8CE1BC7A 
 222      C4368AB8 
 222      63D8
 223 063e 20204BE4 		.ascii	"  K\344\277\232\306\317\2774\222\"\346I\327Y:\362\004"
 223      BF9AC6CF 
 223      BF349222 
 223      E649D759 
 223      3AF204
 224 0651 DF538100 		.ascii	"\337S\201\000\006\224C\312o]\001\266\210\006\330$\022"
 224      069443CA 
 224      6F5D01B6 
 224      8806D824 
 224      12
 225 0662 E5BF42B1 		.ascii	"\345\277B\261\204\356\207\376I\247\371O\264\241\375"
 225      84EE87FE 
 225      49A7F94F 
 225      B4A1FD
 226 0671 12992F40 		.ascii	"\022\231/@x ,\306:\332,\206\260%\001\266\212\201\220"
 226      78202CC6 
 226      3ADA2C86 
 226      B02501B6 
 226      8A8190
 227 0684 8D40C5D8 		.ascii	"\215@\305\330H\350\014\002\266\344<o\323\005\344\311"
 227      48E80C02 
 227      B6E43C6F 
 227      D305E4C9 
 228 0694 0D240898 		.ascii	"\015$\010\230\357\014\324K\027)\277\177\211\001\012"
 228      EF0CD44B 
 228      1729BF7F 
 228      89010A
 229 06a3 4BAA9D77 		.ascii	"K\252\235w\355\333=>\006\031#{V\014\324\276\3302Vm\322"
 229      EDDB3D3E 
 229      0619237B 
 229      560CD4BE 
 229      D832566D 
 230 06b8 FAFE7A36 		.ascii	"\372\376z6\337=c]\225da\251\324\350\240\325\365\333"
 230      DF3D635D 
 230      956461A9 
 230      D4E8A0D5 
 230      F5DB
 231 06ca A2435276 		.ascii	"\242CRv%\362\334&\006@\246H\350Y\327\330J8\263\026\377"
 231      25F2DC26 
 231      0640A648 
 231      E859D7D8 
 231      4A38B316 
 232 06df E7E4880B 		.ascii	"\347\344\210\013\351\217\346\252\311+\336\344\033\236"
 232      E98FE6AA 
 232      C92BDEE4 
ARM GAS  /tmp/ccQKNstj.s 			page 18


 232      1B9E
 233 06ed FFBC06E7 		.ascii	"\377\274\006\347_<\346;O\311w:\247\230>Z\372\304\344"
 233      5F3CE63B 
 233      4FC9773A 
 233      A7983E5A 
 233      FAC4E4
 234 0700 1ABEDAF8 		.ascii	"\032\276\332\370\363\031\305<\205bsI\177\255\3215 \217"
 234      F319C53C 
 234      85627349 
 234      7FADD135 
 234      208F
 235 0712 DADF1DFD 		.ascii	"\332\337\035\375\271\336[\016\250\373\335\364\022Gz"
 235      B9DE5B0E 
 235      A8FBDDF4 
 235      12477A
 236 0721 1014C8D1 		.ascii	"\020\024\310\321`c\320\030\346\312\321\024\262h\262"
 236      6063D018 
 236      E6CAD114 
 236      B268B2
 237 0730 77B594CD 		.ascii	"w\265\224\315\350\312\264P\325\020\266\213\254+\323"
 237      E8CAB450 
 237      D510B68B 
 237      AC2BD3
 238 073f 3B0DA062 		.ascii	";\015\240b\240\306\233\224\313\245\327\226\376F\344"
 238      A0C69B94 
 238      CBA5D796 
 238      FE46E4
 239 074e A5E747FF 		.ascii	"\245\347G\377\334<j)\225\313t\210.\227>\256\272(\377"
 239      DC3C6A29 
 239      95CB7488 
 239      2E973EAE 
 239      BA28FF
 240 0761 F731E1F0 		.ascii	"\3671\341\360M\355P\263\311c\246v+\231*\342\231\312"
 240      4DED50B3 
 240      C963A676 
 240      2B992AE2 
 240      99CA
 241 0773 6D6ECFF0 		.ascii	"mn\317\360q\315\324.\334\220\235lC\212Y\354\273\225"
 241      71CDD42E 
 241      DC909D6C 
 241      438A59EC 
 241      BB95
 242 0785 D86B6F67 		.ascii	"\330kog\265\022\327Ly\324.\334\347X.'\352\376{<Q{\344"
 242      B512D74C 
 242      79D42EDC 
 242      E7582E27 
 242      EAFE7B3C 
 243 079c 4461E7D0 		.ascii	"Da\347\320\330\355\220\023\265W\\(\0306D'DY\243c\227"
 243      D8ED9013 
 243      B5575C28 
 243      18364427 
 243      4459A363 
 244 07b1 A5DAF49F 		.ascii	"\245\332\364\237\376\361OA\313\303\302\004]b\264\355"
 244      FEF14F41 
 244      CBC3C204 
 244      5D62B4ED 
 245 07c1 EF068B25 		.ascii	"\357\006\213%5>\311\036\276\304b\377\320\234j"
ARM GAS  /tmp/ccQKNstj.s 			page 19


 245      353EC91E 
 245      BEC462FF 
 245      D09C6A
 246 07d0 4B3147A7 		.ascii	"K1G\247$~\220\224\234d\375\300\032\275.\336\034\237"
 246      247E9094 
 246      9C64FDC0 
 246      1ABD2EDE 
 246      1C9F
 247 07e2 1493901A 		.ascii	"\024\223\220\032k5'F\307\254\217O\262\232-\261\326\270"
 247      6B352746 
 247      C7AC8F4F 
 247      B29A2DB1 
 247      D6B8
 248 07f4 E8D404BB 		.ascii	"\350\324\004\273\305\376\325\006\253-t\275\240W\254"
 248      C5FED506 
 248      AB2D74BD 
 248      A057AC
 249 0803 DF9FC5DA 		.ascii	"\337\237\305\332\366\225\315l\261\331cQ\025M\214\361"
 249      F695CD6C 
 249      B1D96351 
 249      154D8CF1 
 250 0813 C91B9253 		.ascii	"\311\033\222S\354\024\335b\377]h\250\231\177\223m\346"
 250      EC14DD62 
 250      FF5D68A8 
 250      997F936D 
 250      E6
 251 0824 F5D10966 		.ascii	"\365\321\011f\272d3\257Y\273:|\211y\325\252\025\346"
 251      BA6433AF 
 251      59BB3A7C 
 251      8979D5AA 
 251      15E6
 252 0836 4F3F5F19 		.ascii	"O?_\031\371\2170\272d\301\030,\011\011\261\350\302\233"
 252      F98F30BA 
 252      64C1182C 
 252      0909B1E8 
 252      C29B
 253 0848 6AC5C792 		.ascii	"j\305\307\222eQQ\272ek\242\242H\344\212(\262\022ey\324"
 253      655151BA 
 253      656BA2A2 
 253      48E48A28 
 253      B2126579 
 254 085d 6728AB74 		.ascii	"g(\253t\253\226\377!*B\353:&9119\311lM\263\233\227\257"
 254      AB96FF21 
 254      2A42EB3A 
 254      26393131 
 254      39C96C4D 
 255 0875 5EB3720D 		.ascii	"^\263r\015\"p\220O\302\322\322\3146{b\370\222\270\260"
 255      2270904F 
 255      C2D2D2CC 
 255      367B62F8 
 255      92B8B0
 256 0888 C58BD3D6 		.ascii	"\305\213\323\326Q\202\024\323\262\026#\\a\2153p\266"
 256      518214D3 
 256      B216235C 
 256      618D3370 
 256      B6
 257 0899 F1B116BB 		.ascii	"\361\261\026\273wr\\\234\315j7\322\220-q\3216{\204\305"
ARM GAS  /tmp/ccQKNstj.s 			page 20


 257      77725C9C 
 257      CD6A37D2 
 257      902D71D1 
 257      367B84C5 
 258 08ad 1E3C5BD8 		.ascii	"\036<[\330J\304\013\\\203T4\344\250P\305ke$\356\315"
 258      4AC40B5C 
 258      835434E4 
 258      A850C56B 
 258      6524EECD 
 259 08c1 7BAE8AB6 		.ascii	"{\256\212\266\224\230i\245\030\301\027o\177N\211\267"
 259      949869A5 
 259      18C1176F 
 259      7F4E89B7 
 260 08d1 5B51D584 		.ascii	"[Q\325\204\317k\254v|Z\235\034k\325\307''\342\315b\377"
 260      CF6BAC76 
 260      7C5A9D1C 
 260      6BD5C727 
 260      27E2CD62 
 261 08e6 A592250B 		.ascii	"\245\222%\0132\375[Jr\352\006:o\262X\342R\223b,\226"
 261      32FD5B4A 
 261      72EA063A 
 261      6FB258E2 
 261      5293622C 
 262 08fb D08F3EFA 		.ascii	"\320\217>\372}\204^\031\351b\326G\247h\327\"\302g\214"
 262      7D845E19 
 262      E962D647 
 262      A768D722 
 262      C2678C
 263 090e 22FE0B02 		.ascii	"\"\376\013\002\327\023\226"
 263      D71396
 264              		.text
 265              		.section	.gnu.lto_.symtab.2ba979e001e76e90,"",%progbits
 266 0000 70616C52 		.ascii	"palReadBus\000"
 266      65616442 
 266      757300
 267 000b 00       		.ascii	"\000"
 268 000c 00       		.ascii	"\000"
 269 000d 00       		.ascii	"\000"
 270 000e 00000000 		.ascii	"\000\000\000\000\000\000\000\000"
 270      00000000 
 271 0016 EC000000 		.ascii	"\354\000\000\000"
 272 001a 70616C57 		.ascii	"palWriteBus\000"
 272      72697465 
 272      42757300 
 273 0026 00       		.ascii	"\000"
 274 0027 00       		.ascii	"\000"
 275 0028 00       		.ascii	"\000"
 276 0029 00000000 		.ascii	"\000\000\000\000\000\000\000\000"
 276      00000000 
 277 0031 F1000000 		.ascii	"\361\000\000\000"
 278 0035 70616C53 		.ascii	"palSetBusMode\000"
 278      65744275 
 278      734D6F64 
 278      6500
 279 0043 00       		.ascii	"\000"
 280 0044 00       		.ascii	"\000"
 281 0045 00       		.ascii	"\000"
ARM GAS  /tmp/ccQKNstj.s 			page 21


 282 0046 00000000 		.ascii	"\000\000\000\000\000\000\000\000"
 282      00000000 
 283 004e F9000000 		.ascii	"\371\000\000\000"
 284 0052 5F70616C 		.ascii	"_pal_lld_setgroupmode\000"
 284      5F6C6C64 
 284      5F736574 
 284      67726F75 
 284      706D6F64 
 285 0068 00       		.ascii	"\000"
 286 0069 02       		.ascii	"\002"
 287 006a 00       		.ascii	"\000"
 288 006b 00000000 		.ascii	"\000\000\000\000\000\000\000\000"
 288      00000000 
 289 0073 FF000000 		.ascii	"\377\000\000\000"
 290              		.text
 291              		.section	.gnu.lto_.opts,"",%progbits
 292 0000 272D666D 		.ascii	"'-fmath-errno' '-fsigned-zeros' '-ftrapping-math' '"
 292      6174682D 
 292      6572726E 
 292      6F272027 
 292      2D667369 
 293 0033 2D666E6F 		.ascii	"-fno-trapv' '-fno-openmp' '-fno-openacc' '-mcpu=cor"
 293      2D747261 
 293      70762720 
 293      272D666E 
 293      6F2D6F70 
 294 0066 7465782D 		.ascii	"tex-m3' '-mno-thumb-interwork' '-mthumb' '-ggdb' '-"
 294      6D332720 
 294      272D6D6E 
 294      6F2D7468 
 294      756D622D 
 295 0099 4F322720 		.ascii	"O2' '-fomit-frame-pointer' '-falign-functions=16' '"
 295      272D666F 
 295      6D69742D 
 295      6672616D 
 295      652D706F 
 296 00cc 2D666675 		.ascii	"-ffunction-sections' '-fdata-sections' '-fno-common"
 296      6E637469 
 296      6F6E2D73 
 296      65637469 
 296      6F6E7327 
 297 00ff 2720272D 		.ascii	"' '-flto'\000"
 297      666C746F 
 297      2700
 298              		.text
 299              		.comm	__gnu_lto_v1,1,1
 300              		.comm	__gnu_lto_slim,1,1
 301              		.ident	"GCC: (GNU Tools for ARM Embedded Processors 6-2017-q2-update) 6.3.1 20170620 (release) [AR
ARM GAS  /tmp/ccQKNstj.s 			page 22


DEFINED SYMBOLS
                            *ABS*:0000000000000000 hal_pal.c
                            *COM*:0000000000000001 __gnu_lto_v1
                            *COM*:0000000000000001 __gnu_lto_slim

NO UNDEFINED SYMBOLS
