ARM GAS  /tmp/ccrbk2HF.s 			page 1


   1              		.cpu cortex-m3
   2              		.eabi_attribute 20, 1
   3              		.eabi_attribute 21, 1
   4              		.eabi_attribute 23, 3
   5              		.eabi_attribute 24, 1
   6              		.eabi_attribute 25, 1
   7              		.eabi_attribute 26, 1
   8              		.eabi_attribute 30, 2
   9              		.eabi_attribute 34, 1
  10              		.eabi_attribute 18, 4
  11              		.file	"hal_st.c"
  12              		.text
  13              	.Ltext0:
  14              		.section	.gnu.lto_.profile.bdf709ff8f8d9602,"",%progbits
  15 0000 789C6365 		.ascii	"x\234ce`b`a```d\220\342\001\000\000\300\0003"
  15      60626061 
  15      60606064 
  15      90E20100 
  15      00C00033 
  16              		.text
  17              		.section	.gnu.lto_.icf.bdf709ff8f8d9602,"",%progbits
  18 0000 789C6365 		.ascii	"x\234ce`bP`@\000V\206\205??\354\345a|\177c\371J\026"
  18      60625060 
  18      40005686 
  18      853F3FEC 
  18      E5617C7F 
  19 0018 A67D171E 		.ascii	"\246}\027\036\254ga~\177\256\367/;\313\211\217\213\026"
  19      AC67617E 
  19      7FAEF72F 
  19      3BCB898F 
  19      8B16
  20 002a F0320000 		.ascii	"\3602\000\000\0217\020\034"
  20      1137101C 
  21              		.text
  22              		.section	.gnu.lto_.jmpfuncs.bdf709ff8f8d9602,"",%progbits
  23 0000 789C6365 		.ascii	"x\234ce`b\020c@\000V\020\301\010\004\365L\014\014\314"
  23      60621063 
  23      40005610 
  23      C10804F5 
  23      4C0C0CCC 
  24 0014 209A0528 		.ascii	" \232\005(\000\000\016\012\0011"
  24      00000E0A 
  24      0131
  25              		.text
  26              		.section	.gnu.lto_.inline.bdf709ff8f8d9602,"",%progbits
  27 0000 789C6365 		.ascii	"x\234ce`b\310g@\000V\006\006\026\036F\240 \003\003\333"
  27      6062C867 
  27      40005606 
  27      06161E46 
  27      A0200303 
  28 0015 027910C5 		.ascii	"\002y\020\305\300\310\005\"\030\330X\031\031\031\004"
  28      C0C80522 
  28      18D85819 
  28      191904
  29 0024 18191898 		.ascii	"\030\031\030\230\330>\350\301%\231\030X\230\201\312"
  29      D83EE8C1 
  29      25991858 
ARM GAS  /tmp/ccrbk2HF.s 			page 2


  29      9881CA
  30 0033 992EF0C3 		.ascii	"\231.\360\303\205\230ABP\245\310\342,\230J\031\000\312"
  30      85984142 
  30      50A5C8E2 
  30      2C984A19 
  30      00CA
  31 0045 39089E   		.ascii	"9\010\236"
  32              		.text
  33              		.section	.gnu.lto_.pureconst.bdf709ff8f8d9602,"",%progbits
  34 0000 789C6365 		.ascii	"x\234ce`b\340f```e\220`\224b\222b\226b\221\002\000\004"
  34      6062E066 
  34      60606065 
  34      90609462 
  34      92629662 
  35 0018 1000A2   		.ascii	"\020\000\242"
  36              		.text
  37              		.section	.gnu.lto_stInit.bdf709ff8f8d9602,"",%progbits
  38 0000 789C254D 		.ascii	"x\234%M\273\012\302@\020\334\271\363\021\020?@D\254"
  38      BB0AC240 
  38      10DCB9F3 
  38      11103F40 
  38      44AC
  39 0012 D3249F24 		.ascii	"\323$\237$\222\306B\020\214}N-\002Zh#b\025\321\"\261"
  39      92C64210 
  39      8C7D4E2D 
  39      025A6823 
  39      6215D122 
  40 0027 12CB74C1 		.ascii	"\022\313t\301\017\260\260\325\312\302F\355\0051q\317"
  40      0FB0B0D5 
  40      CAC246ED 
  40      053171CF 
  41 0037 0C3BCCB2 		.ascii	"\014;\314\262;;[$A[\"j2\353LH\202\230\237\210\206\206"
  41      3B3B5B24 
  41      415B226A 
  41      32EB4C48 
  41      82989F88 
  42 004d 0074A30C 		.ascii	"\000t\243\014\220'\340a&\227\022G\377\036\0133T\214"
  42      9027E061 
  42      26971247 
  42      FF1E0B33 
  42      548C
  43 005f 64F9AEA9 		.ascii	"d\371\256\251(A \211VL\015\2040\211m\267C\272\250\226"
  43      28412089 
  43      564C0D84 
  43      30896DB7 
  43      43BAA896 
  44 0073 0AF91C11 		.ascii	"\012\371\034\021J`\335\237\221\2504\363Ur\335 +\362"
  44      4A60DD9F 
  44      91A834F3 
  44      5572DD20 
  44      2BF2
  45 0085 6AC2D43F 		.ascii	"j\302\324?\246Rh\225\017\214\327\237\272\366\353\220"
  45      A6526895 
  45      0F8CD79F 
  45      BAF6EB90 
  46 0095 387E5ECA 		.ascii	"8~^\312\336W\031\201\304Jr\002v\360(`\357\013\243uV"
  46      DE571981 
ARM GAS  /tmp/ccrbk2HF.s 			page 3


  46      C44A7202 
  46      76F02860 
  46      EF0BA375 
  47 00aa F9FB3426 		.ascii	"\371\3734&\274\344sA\324\260,;\257\236kw\332]\333\355"
  47      BCE47341 
  47      D4B02C3B 
  47      AF9E6B77 
  47      DA5DDBED 
  48 00be 3B5A5BEE 		.ascii	";Z[\356\300r\350\007S\311@E"
  48      C072E807 
  48      53C94045 
  49              		.text
  50              		.section	.gnu.lto_stStartAlarm.bdf709ff8f8d9602,"",%progbits
  51 0000 789C9D52 		.ascii	"x\234\235RMkSA\024\2353\223\276\027\342G]\270\020\214"
  51      4D6B5341 
  51      149D3393 
  51      BE17E247 
  51      5DB8108C 
  52 0014 508452EB 		.ascii	"P\204R\353\"\217\330\215?@\004\241]\331}\255Q\250\020"
  52      228FD88D 
  52      3F4004A1 
  52      5DD97DAD 
  52      51A810
  53 0027 A934C1A5 		.ascii	"\2514\301\245\235\306\306`\352\327\246I\263\210\257"
  53      9DC6C660 
  53      EAD7A649 
  53      B388AF
  54 0036 18256D34 		.ascii	"\030%m4MS\277Z\255\360\010\212\0135J]\270\320\240\010"
  54      4D53BF5A 
  54      ADF0088A 
  54      0B354A5D 
  54      B8D0A008 
  55 004a 2D0A154A 		.ascii	"-\012\025J\015\026\021\032\357L\242TW\342\360\346\315"
  55      0D16111A 
  55      EF4CA254 
  55      57E2F0E6 
  55      CD
  56 005b DC3BE79E 		.ascii	"\334;\347\236{\356\314mb\234\2259cG\030c;iB0\360+e\306"
  56      7BEECC6D 
  56      629C9539 
  56      63471863 
  56      3B694230 
  57 0073 86DC1C50 		.ascii	"\206\334\034P\033\351\006\033\344\030\304e\221\024("
  57      1BE9061B 
  57      E418C465 
  57      911428
  58 0082 C596E678 		.ascii	"\305\226\346x{V\322p\222\263\3069\031\335a\013\306R"
  58      7B56D270 
  58      92B3C639 
  58      19DD610B 
  58      C652
  59 0094 34D54016 		.ascii	"4\325@\026\355\204zR[s\232/\011[\000\234\314\205\225"
  59      ED847A52 
  59      5B739A2F 
  59      095B009C 
  59      CC8595
  60 00a7 E7E94DCA 		.ascii	"\347\351M\312\344\330F\346\217\334\364\273f\321\002"
ARM GAS  /tmp/ccrbk2HF.s 			page 4


  60      E4D846E6 
  60      8FDCF4BB 
  60      66D102
  61 00b6 46FBD5AB 		.ascii	"F\373\325\253\316\356\266\033RF\244\263|V\310\355\266"
  61      CEEEB61B 
  61      5246A4B3 
  61      7C56C8ED 
  61      B6
  62 00c7 10C84110 		.ascii	"\020\310A\020\037&\341\305\004\274\214\\\0147\321\246"
  62      1F26E1C5 
  62      04BC8C5C 
  62      0C37D1A6 
  63 00d7 E01F8BEB 		.ascii	"\340\037\213\353\243[\014W\346WJ\334\202\001Z\013\013"
  63      A35B0C57 
  63      E6574ADC 
  63      82015A0B 
  63      0B
  64 00e8 70E47A2D 		.ascii	"p\344z-&\235\352u\274>h\222v\212\020\024\353b,NHU\311"
  64      269DEA75 
  64      BC3E6892 
  64      768A1014 
  64      EB622C4E 
  65 00ff 88E06A15 		.ascii	"\210\340j\025\213\340\212\353\274\023\177\354\021{\264"
  65      8BE08AEB 
  65      BC137FEC 
  65      117BB4
  66 010e 8C376FD3 		.ascii	"\2147o\323IOkF\353XJm\036\223N\244EI\311\377)E\2278"
  66      494F6B46 
  66      EB584A6D 
  66      1E934EA4 
  66      4549C9FF 
  67 0126 85D63431 		.ascii	"\205\32641}Fd5\366\376Y\345\232\371[\327p\375Z^\031"
  67      7D466435 
  67      F6FE59E5 
  67      9AF95BD7 
  67      70FD5A5E 
  68 013b 4281B4B8 		.ascii	"B\201\264\270\224\300\006\335\014\005\030D1\015#-D\235"
  68      94C006DD 
  68      0C051844 
  68      310D232D 
  68      449D
  69 014d A594F85E 		.ascii	"\245\224\370^Y\036\335\257|\004LDK/MuUM:\256\234_[\361"
  69      591EDDAF 
  69      7C044C44 
  69      4B2F4D75 
  69      554D3AAE 
  70 0165 D44DC5ED 		.ascii	"\324M\305\355\"Wf\352\333S\267\2154la`\206\204\025\225"
  70      225766EA 
  70      DB53B78D 
  70      346C6160 
  70      86841595 
  71 0179 303AC8BD 		.ascii	"0:\310\275\250~5\255\274\034\036\222\343gla\3426l\214"
  71      A87E35AD 
  71      BC1C1E92 
  71      E3676C61 
  71      E2366C8C 
  72 018d 51ED3A29 		.ascii	"Q\355:)\001j\211b\305\360\0274`\206\302\335\270\003"
ARM GAS  /tmp/ccrbk2HF.s 			page 5


  72      016A8962 
  72      C5F01734 
  72      6086C2DD 
  72      B803
  73 019f 0B7BBD0D 		.ascii	"\013{\275\015\004\356\302O\252\224\244\352\247\371\350"
  73      04EEC24F 
  73      AA94A4EA 
  73      A7F9E8
  74 01ae D686A27F 		.ascii	"\326\206\242\177\315\347\306=\235\017\015\266\373\260"
  74      CDE7C63D 
  74      9D0F0DB6 
  74      FBB0
  75 01bc 36D6435D 		.ascii	"6\326C]\204Y\212\324\354\217\376\203}N\263\363\006\373"
  75      84598AD4 
  75      EC8FFE83 
  75      7D4EB3F3 
  75      06FB
  76 01ce 03CD3E6F 		.ascii	"\003\315>o_\230\364\324\3319\036R\344\"\"\037F&\002"
  76      5F98F4D4 
  76      D9391E52 
  76      E422221F 
  76      462602
  77 01e1 BA2DD413 		.ascii	"\272-\324\023\260/\210\214g/B9\364\353\305I\037\365"
  77      B02F888C 
  77      672F4239 
  77      F4EBC549 
  77      1FF5
  78 01f3 0075FC2E 		.ascii	"\000u\374.\237\317\252\177\375!\253\2577h\205\006\002"
  78      9FCFAA7F 
  78      FD21ABAF 
  78      37688506 
  78      02
  79 0204 6AED0985 		.ascii	"j\355\011\205}\001f\366\036\015\205O\234<\356R\277\216"
  79      7D0166F6 
  79      1E0D854F 
  79      9C3CEE52 
  79      BF8E
  80 0216 BFA1A7FA 		.ascii	"\277\241\247\372\007\302!\353pwW\307>\253\263\363\200"
  80      07C221EB 
  80      707757C7 
  80      3EABB3F3 
  80      80
  81 0227 D57DA8EB 		.ascii	"\325}\250\353\264\277\021\334\023\014\036\363\365\261"
  81      B4BF11DC 
  81      130C1EF3 
  81      F5B1
  82 0235 9F3ACB05 		.ascii	"\237:\313\005\004"
  82      04
  83              		.text
  84              		.section	.gnu.lto_stStopAlarm.bdf709ff8f8d9602,"",%progbits
  85 0000 789C5D50 		.ascii	"x\234]PAK\002Q\020\236\357=[%\350^d\247N^v)\377B\004"
  85      414B0251 
  85      109EEF3D 
  85      5B25E85E 
  85      64A74E5E 
  86 0019 819EF42E 		.ascii	"\201\236\364.a\007\017\202\341JW\327\320\004\205\352"
  86      61070F82 
ARM GAS  /tmp/ccrbk2HF.s 			page 6


  86      E14A57D7 
  86      D00485EA 
  87 0029 92E621F6 		.ascii	"\222\346!\366\340\301\262T:\006\005\"A]2\350\027H\207"
  87      E0C1B254 
  87      3A060522 
  87      415D32E8 
  87      174887
  88 003c A0431026 		.ascii	"\240C\020&%\004\326\274\335\210hx\303\314\233\371\346"
  88      2504D6BC 
  88      DD886878 
  88      C3CC9BF9 
  88      E6
  89 004d FBE6BD29 		.ascii	"\373\346\275)\022\244\203(BD\363\354\220\004\261\337"
  89      12A48328 
  89      4244F3EC 
  89      9004B1DF 
  90 005d 27CAF904 		.ascii	"'\312\371\004\240\022\313\007\312\012d\261'\253\022"
  90      A012CB07 
  90      CA0A64B1 
  90      27AB12
  91 006c BDE2D385 		.ascii	"\275\342\323\205\0104,\266nu\244\355X\205Y[\022\325"
  91      08342CB6 
  91      6E75A4ED 
  91      5885595B 
  91      12D5
  92 007e D895A181 		.ascii	"\330\225\241\201\0001\354\361|r0\243y\334:\216\241\261"
  92      0031ECF1 
  92      7C7230A3 
  92      79DC3A8E 
  92      A1B1
  93 0090 04751ED0 		.ascii	"\004u\036\320\265&_E\253{]\307\347*\267J\354J\243,\205"
  93      B5265F45 
  93      AB7B5DC7 
  93      E72AB74A 
  93      EC4AA32C 
  94 00a5 8AF219BD 		.ascii	"\212\362\031\275\321\370\366\262\242\377R\344]\245\261"
  94      D1F8F6B2 
  94      A2FF52E4 
  94      5DA5B1
  95 00b4 261D9A9A 		.ascii	"&\035\232\232\304_z\234@c\376&4.V\012\275{\357\256\264"
  95      C45F7A9C 
  95      4063FE26 
  95      342E560A 
  95      BD7BEFAE 
  96 00c9 251C4CBF 		.ascii	"%\034L\277\365\361:\355^\025\207\207K\365\366\373\215"
  96      F5F13AED 
  96      5E158787 
  96      4BF5F6FB 
  96      8D
  97 00da CFC6116C 		.ascii	"\317\306\021l)p\006?N\341'\205m\336\215\336\274F\313"
  97      2970063F 
  97      4EE12785 
  97      6DDE8DDE 
  97      BC46CB
  98 00ed CAE7AC41 		.ascii	"\312\347\254A}87\344)\211\026l\034\362\202\216\010\332"
  98      7D3837E4 
  98      2989166C 
ARM GAS  /tmp/ccrbk2HF.s 			page 7


  98      1CF2828E 
  98      08DA
  99 00ff 30FE6AF0 		.ascii	"0\376j\360\036\350\360\364\013\266\007\345\253E\265"
  99      1EE8F0F4 
  99      0BB607E5 
  99      AB45B5
 100 010e 9BF30125 		.ascii	"\233\363\001%n\360K\004\321\202\256\033\356I\231Fb="
 100      6EF04B04 
 100      D182AE1B 
 100      EE499946 
 100      623D
 101 0120 6998E9B8 		.ascii	"i\230\351\270\21213\243\307)\370\277\273\231JgL#\022"
 101      8A3133A3 
 101      C729F8BF 
 101      BB994A67 
 101      4C2312
 102 0133 0D07978D 		.ascii	"\015\007\227\215Ph\305\210\256\205\267\226~\360\261"
 102      5068C588 
 102      AE85B796 
 102      7EF0B1
 103 0142 6472434F 		.ascii	"drCO\3207\374G\1772"
 103      D037FC47 
 103      7F32
 104              		.text
 105              		.section	.gnu.lto_stSetAlarm.bdf709ff8f8d9602,"",%progbits
 106 0000 789C5D52 		.ascii	"x\234]RMk\023Q\024\275gn2\023\242R\021\027\202\021\212"
 106      4D6B1351 
 106      14BD676E 
 106      3213A252 
 106      11178211 
 107 0015 506A5D64 		.ascii	"Pj]d\210\335\370\003\004\021\332\225\335\327\032\205"
 107      88DDF803 
 107      0411DA95 
 107      DDD71A85 
 108 0025 0A914A13 		.ascii	"\012\221J\023\\\332\327\2645\230Buc\322.\306)F\251\306"
 108      5CDAD7B4 
 108      35984275 
 108      63D22EC6 
 108      2946A9C6 
 109 0039 A649AA82 		.ascii	"\246I\252\202\342f\010~,\324\012\335\2700\245\"Vp!\224"
 109      E266087E 
 109      2CD40ADD 
 109      B830A522 
 109      56702194 
 110 004d FA114468 		.ascii	"\372\021Dh\274o\322\212\372\2307\367\335;\347\236w\356"
 110      BC6FD28A 
 110      FA9837F7 
 110      DD3BE79E 
 110      77EE
 111 005f 618264D0 		.ascii	"a\202d\320\036\203\350\024\021\355\227\015&\030\327"
 111      1E83E814 
 111      11ED970D 
 111      2618D7
 112 006e 96884643 		.ascii	"\226\210FC\006\240\017*\004\03210\202\253\234g\3242"
 112      06A00F2A 
 112      041A3130 
 112      82AB9C67 
ARM GAS  /tmp/ccrbk2HF.s 			page 8


 112      D432
 113 0080 9F1E1B5D 		.ascii	"\237\036\033]sJ\226\227\257X\227\325\304>\227\211fd"
 113      734A9697 
 113      AF5897D5 
 113      C43E9789 
 113      6664
 114 0092 EB853974 		.ascii	"\353\2059t\011\352Y\263\341\265M\261\313\200!\351\362"
 114      09EA59B3 
 114      E1B54DB1 
 114      CB8021E9 
 114      F2
 115 00a3 FA2B6787 		.ascii	"\372+g\207N\015\354\226\364W\261Ro\343v\220\2347nx\007"
 115      4E0DEC96 
 115      F457B152 
 115      6FE37690 
 115      9C376E78 
 116 00b8 3B6F2B95 		.ascii	";o+\225V^}\214\325^\227\031E\260\360\341.\"\270\203"
 116      565E7D8C 
 116      D55E9719 
 116      45B0F0E1 
 116      2E22B883 
 117 00cc 08498970 		.ascii	"\010I\211p\017\235\032\376\241\272y}\227\031(l_\211"
 117      0F9D1AFE 
 117      A1BA797D 
 117      9719286C 
 117      5F89
 118 00de 79989058 		.ascii	"y\230\220X^\206\2476\233\031\345}\274\205'\307\203\242"
 118      5E86A736 
 118      9B19E57D 
 118      BC8527C7 
 118      83A2
 119 00f0 5D3A587A 		.ascii	"]:Xz\003DYA\352I&\331\320\221\327`h\256+^\366i\230\017"
 119      03445941 
 119      EA4926D9 
 119      D091D760 
 119      68AE2B5E 
 120 0108 F932DEBE 		.ascii	"\3712\336\276s\362\341\216\202\257\343\271\263sZy\351"
 120      73F2E18E 
 120      82AFE3B9 
 120      B3735A79 
 120      E9
 121 0119 762DA5F4 		.ascii	"v-\245\364\257\024\177\304\005t8\302\364\031\351\215"
 121      AF147FC4 
 121      057438C2 
 121      F419E98D 
 122 0129 CCEACBEF 		.ascii	"\314\352\313\3577\255?\272\306[\266<\262X\203|q3\214"
 122      37AD3FBA 
 122      C65BB63C 
 122      B258837C 
 122      71338C
 123 013c BF7413CA 		.ascii	"\277t\023\3120\205\242\002\323an\261\324r?W\346\363"
 123      3085A202 
 123      D3616EB1 
 123      D4723F57 
 123      E6F3
 124 014e 47754D80 		.ascii	"GuM\200\271\211\332\033K[\025\364\373\226J\215\365p"
 124      B989DA1B 
ARM GAS  /tmp/ccrbk2HF.s 			page 9


 124      4B5B15F4 
 124      FB964A8D 
 124      F570
 125 0160 2BD5DC01 		.ascii	"+\325\334\001)\025\026~\274\010\271p\340\262\211E\021"
 125      2915167E 
 125      BC08B970 
 125      E0B28945 
 125      11
 126 0171 56D5C2E4 		.ascii	"V\325\302\344C\361\365\267\257\226]R\343\243j\366\222"
 126      43F1F5B7 
 126      AF965D52 
 126      E3A36AF6 
 126      92
 127 0182 CB16EEC3 		.ascii	"\313\026\356\303\305\264\314\356_*\200f\256\272b\306"
 127      C5B4CCEE 
 127      5F2A8066 
 127      AEBA62C6 
 128 0192 CA3E6051 		.ascii	"\312>`Q\332Cx\000\033\207#[\010<DLT\321\032\322\357"
 128      DA437800 
 128      1B87235B 
 128      083C444C 
 128      54D11AD2 
 129 01a7 27EB71DF 		.ascii	"'\353q\337Z=\006}Az\2661\005]\360\035\310\312L\342\243"
 129      5A3D067D 
 129      417AB631 
 129      055DF01D 
 129      C8CA4CE2 
 130 01bc FC3507A2 		.ascii	"\3745\007\242Q\273\365\014%\355\301\201\204\235\034"
 130      51BBF50C 
 130      25EDC181 
 130      849D1C
 131 01cb 8EEBD89F 		.ascii	"\216\353\330\237LE\343d\015\234N\246\316\235?\033\320"
 131      4C45E364 
 131      0D9C4EA6 
 131      CE9D3F1B 
 131      D0
 132 01dc AFEEFFA1 		.ascii	"\257\356\377\241\027\206\206SI\373d_o\367\021\273\247"
 132      17868653 
 132      49FB645F 
 132      6FF711BB 
 132      A7
 133 01ed E798DD77 		.ascii	"\347\230\335w\242\367bl\253\271?\2218\023\035\244\337"
 133      A2F7626C 
 133      ABB93F91 
 133      38131DA4 
 133      DF
 134 01fe 9500C76F 		.ascii	"\225\000\307o"
 135              		.text
 136              		.section	.gnu.lto_stGetAlarm.bdf709ff8f8d9602,"",%progbits
 137 0000 789C5D90 		.ascii	"x\234]\220\317+DQ\024\307\317\367\235\231\367\036\022"
 137      CF2B4451 
 137      14C7CFF7 
 137      9D99F71E 
 137      12
 138 0011 6B46D62C 		.ascii	"kF\326,\3465\374\013J\012\033\366\223XXL\221\221\255"
 138      E635FC0B 
 138      4A0A1BF6 
ARM GAS  /tmp/ccrbk2HF.s 			page 10


 138      9358584C 
 138      9191AD
 139 0024 6BF22314 		.ascii	"k\362#\024R\014izj\324\3705\306l-\364Rb\341W\366J\262"
 139      520C697A 
 139      6AD4F835 
 139      C66C2DF4 
 139      5262E157 
 140 003b B150D390 		.ascii	"\261P\323\220\037\221q\356\214$\267\373\353\234\373"
 140      1F9171EE 
 140      8C24B7FB 
 140      EB9CFB
 141 004a E99CEFF7 		.ascii	"\351\234\357\367\372\311\240I\020u\021Q\255,0\301X\270"
 141      FAC9A049 
 141      10751151 
 141      AD2C30C1 
 141      58B8
 142 005c 201AB30D 		.ascii	" \032\263\015@_\224\015\03250\212y\2163\216\013\257"
 142      405F940D 
 142      1A35308A 
 142      798E338E 
 142      0BAF
 143 006e 5ED51CBB 		.ascii	"^\325\034\273\032\223\360:w\226\250\320!P-\341\366F"
 143      1A93F03A 
 143      7796A8D0 
 143      21502DE1 
 143      F646
 144 0080 266F37A4 		.ascii	"&o7\244\224\212)/\236\263\326\366\257\224\337e\203V"
 144      948A292F 
 144      9EB3D6F6 
 144      AF94DF65 
 144      8356
 145 0092 05DF4400 		.ascii	"\005\337D\000)\004t\217-4\220\320w\331\257\245J\323"
 145      2904748F 
 145      2D3490D0 
 145      77D9AFA5 
 145      4AD3
 146 00a4 9764D280 		.ascii	"\227d\322\200\344\267a\212\024\312\\\303S_\205)\345"
 146      E4B7618A 
 146      14CA5CC3 
 146      535F8529 
 146      E5
 147 00b5 DD27F1D1 		.ascii	"\335'\361\321\3523\310ef\331|D3\002jU\263RUN~\300\321"
 147      EA33C865 
 147      66D97C44 
 147      33026A55 
 147      B352554E 
 148 00cc E1FBE967 		.ascii	"\341\373\351g\274\363\267\336\270\222\341\305\337\254"
 148      BCF3B7DE 
 148      B892E1C5 
 148      DFAC
 149 00da 9A62C155 		.ascii	"\232b\301U\306\237^\204\035\230\322i\027f\202\265\201"
 149      C69F5E84 
 149      1D98D269 
 149      176682B5 
 149      81
 150 00eb E589A34B 		.ascii	"\345\211\243KK\033\360\027\261\213\364k\256\274\024"
 150      4B1BF017 
ARM GAS  /tmp/ccrbk2HF.s 			page 11


 150      B18BF46B 
 150      AEBC14
 151 00fa EA323E49 		.ascii	"\3522>I%\367^Nl\027\011\270lbOL\244\265\011m\366\374"
 151      25F75E4E 
 151      6C1709B8 
 151      6C624F4C 
 151      A4B5096D 
 152 0110 F9C972D2 		.ascii	"\371\311r\322j|L\335&\363\365\213e.[\310\300\305\212"
 152      6A7C4CDD 
 152      26F3F58B 
 152      652E5BC8 
 152      C0C58A
 153 0123 682CF611 		.ascii	"h,\366\021\250\260\234\2751C\031\015\255\037\030.\333"
 153      A8B09CBD 
 153      3143190D 
 153      AD1F182E 
 153      DB
 154 0134 D88783C6 		.ascii	"\330\207\203\306\300\017\201,B\364\200X~j\213K\242X"
 154      C00F812C 
 154      42F48058 
 154      7E6A8B4B 
 154      A258
 155 0146 74D12362 		.ascii	"t\321#b\267\323\237\254\365KF\276D|C\3735\210\352\202"
 155      B7D39FAC 
 155      F54B46BE 
 155      447C43FB 
 155      3588EA82 
 156 015a 41A73407 		.ascii	"A\2474\007\242N\177O\304\211\016\365\3523\034\035\016"
 156      A24E7F4F 
 156      C4890EF5 
 156      EA331C1D 
 156      0E
 157 016b F652F3FF 		.ascii	"\366R\363\377\327\301\201\241\341\250\323\325\335\321"
 157      D7C181A1 
 157      E1A8D3D5 
 157      DDD1
 158 0179 DCE4B4B7 		.ascii	"\334\344\264\267\2678\335m\035#\241\037>\034\211\364"
 158      B738DD6D 
 158      1D23A11F 
 158      3E1C89F4 
 159 0189 05FBE91B 		.ascii	"\005\373\351\033\374H\232\346"
 159      FC489AE6 
 160              		.text
 161              		.section	.gnu.lto_.symbol_nodes.bdf709ff8f8d9602,"",%progbits
 162 0000 789C55C8 		.ascii	"x\234U\310K\015\200@\014\006\341\371w\251/\020\305\271"
 162      4B0D8040 
 162      0C06E1F9 
 162      77A92F10 
 162      C5B9
 163 0012 2B0111A8 		.ascii	"+\001\021\250@\004\006x\255\022B\303\255s\231\3443\012"
 163      40040678 
 163      AD1242C3 
 163      AD7399E4 
 163      330A
 164 0024 335139E4 		.ascii	"3Q9\344\260\354\020\333\332\024r\312\225\345\222\227"
 164      B0EC10DB 
 164      DA1472CA 
ARM GAS  /tmp/ccrbk2HF.s 			page 12


 164      95E59297 
 165 0034 2CB7BC66 		.ascii	",\267\274fy\344C\022u\271\375\002\255\215P1\326\376"
 165      79E44312 
 165      75B9FD02 
 165      AD8D5031 
 165      D6FE
 166 0046 8A0F3B12 		.ascii	"\212\017;\022\036\251"
 166      1EA9
 167              		.text
 168              		.section	.gnu.lto_.refs.bdf709ff8f8d9602,"",%progbits
 169 0000 789C6365 		.ascii	"x\234ce`b`d\000\002\000\000I\000\011"
 169      60626064 
 169      00020000 
 169      490009
 170              		.text
 171              		.section	.gnu.lto_.decls.bdf709ff8f8d9602,"",%progbits
 172 0000 789CB557 		.ascii	"x\234\265WkP\024\331\025\356\333w@\030^\356h\214\251"
 172      6B5014D9 
 172      15EEDB77 
 172      40185EEE 
 172      688CA9
 173 0013 B815CB42 		.ascii	"\270\025\313B!\251,#hY\233\037\261t\321\030\253\326"
 173      21A92C23 
 173      68599B1F 
 173      B174D118 
 173      ABD6
 174 0025 4D6A345B 		.ascii	"Mj4[\371\2635\305\"\033\251\002\264`L\325V*\265\315"
 174      F9B335C5 
 174      221BA902 
 174      B4604CD5 
 174      562AB5CD 
 175 0039 43657157 		.ascii	"CeqWD\005\004dy\311CAy)\210\210\014\240\010\010\312"
 175      44050464 
 175      79C94341 
 175      79298888 
 175      0CA00808 
 176 004e E22A220A 		.ascii	"\342*\"\012\250\310\252 \"\"\240\350\222s\037=\335\264"
 176      A8C8AA20 
 176      2222A0E8 
 176      92731F3D 
 176      DDB4
 177 0060 83D9FC48 		.ascii	"\203\331\374H\327\234\236{\356\375\316w\316=\347\336"
 177      D79C9E7B 
 177      EEFDCE77 
 177      CE3DE7DE 
 178 0070 BEDD0E82 		.ascii	"\276\335\016\202(d\033\004!D\024\204\022$\010\323p9"
 178      28641B04 
 178      21441484 
 178      122408D3 
 178      7039
 179 0082 0A827042 		.ascii	"\012\202pBP.\242\237\004\251\001\251\005\251\003\271"
 179      502EA29F 
 179      04A901A9 
 179      05A903B9 
 180 0092 00D228BC 		.ascii	"\000\322(\274}}\006\034\030\376?\005iV\361\210\234\303"
 180      7D7D061C 
 180      18FE3F05 
ARM GAS  /tmp/ccrbk2HF.s 			page 13


 180      6956F188 
 180      9CC3
 181 00a4 9ECDBFC0 		.ascii	"\236\315\277\300\306\231\333@(\302|\220\263 ^ \277\200"
 181      C699DB40 
 181      28C27C90 
 181      B3205E20 
 181      BF80
 182 00b6 B1F9200F 		.ascii	"\261\371 \017\240\335)0\356\367@\027A\034\020\343%q"
 182      A0DD2930 
 182      EEF74017 
 182      411C10E3 
 182      2571
 183 00c8 FD12DAF0 		.ascii	"\375\022\332\360\023\226\241\231\334_\201\256\343\334"
 183      1396A199 
 183      DC5F81AE 
 183      E3DC
 184 00d6 3217E121 		.ascii	"2\027\341!0\331\236\314\311[cG\256\350\377!.$\307\305"
 184      30D99ECC 
 184      C95B6347 
 184      AEE8FF21 
 184      2E24C7C5 
 185 00ea F3F33B1E 		.ascii	"\363\363;\036\217\237\206\367k\316\251\345[\366_8I\276"
 185      8F9F86F7 
 185      6BCEA9E5 
 185      5BF65F38 
 185      49BE
 186 00fc 5772CE55 		.ascii	"Wr\316U\032\316d\214*\276\275P#\366\240\333\010\260"
 186      1ACE648C 
 186      2ABEBD50 
 186      23F6A0DB 
 186      08B0
 187 010e 682EED45 		.ascii	"h.\355E\210\335\021\025\252N\313\027B\264\037zE\201"
 187      88DD1115 
 187      AA4ECB17 
 187      42B41F7A 
 187      4581
 188 0120 93CA5D48 		.ascii	"\223\312]H\266\340\272\310U\221S\322\0377F*F6\314<\311"
 188      B6E0BAC8 
 188      559153D2 
 188      1F37462A 
 188      4636CC3C 
 189 0135 179B036B 		.ascii	"\027\233\003kP3\331\032\211\212\003\204\324\006*B\026"
 189      5033D91A 
 189      898A0384 
 189      D4062A42 
 189      16
 190 0146 361FB7C5 		.ascii	"6\037\267\305'(\223C\362\354\237\245\264\016\350{\321"
 190      27289343 
 190      F2EC9FA5 
 190      B40EE87B 
 190      D1
 191 0157 1DD29BB9 		.ascii	"\035\322\233\271\006\321\276=e\303\275\016\030\226\011"
 191      06D1BE3D 
 191      65C3BD0E 
 191      189609
 192 0166 B47B5F16 		.ascii	"\264{_\026\374\311\247Hb\227\323\257\224\264]\234\236"
 192      FCC9A748 
ARM GAS  /tmp/ccrbk2HF.s 			page 14


 192      6297D3AF 
 192      94B45D9C 
 192      9E
 193 0177 B07AECC3 		.ascii	"\260z\354\303\310\240G\"\250\035#\255\351.\240\316\327"
 193      C8A04722 
 193      A81D23AD 
 193      E92EA0CE 
 193      D7
 194 0188 A3B9A04E 		.ascii	"\243\271\240NF^\257\323/L\242V\321\322\\\021}\272\000"
 194      465EAFD3 
 194      2F4CA256 
 194      D1D25C11 
 194      7DBA00
 195 019b 15A145A8 		.ascii	"\025\241E\250\020-\002\347'\320B\270\177\256cL\326\250"
 195      102D02E7 
 195      27D042B8 
 195      7FAE634C 
 195      D6A8
 196 01ad 8327E62C 		.ascii	"\203'\346,\311\2242\373$kg\324o\222\242\245\002\260"
 196      C99432FB 
 196      246B67D4 
 196      6F92A2A5 
 196      02B0
 197 01bf 5A4C50E8 		.ascii	"ZLP\350\030\302\3508\362!\021C\023\356\005\250\027\241"
 197      18C2E838 
 197      F2211143 
 197      13EE05A8 
 197      17A1
 198 01d1 7CD403F3 		.ascii	"|\324\003\3639\211\226\200ut\321\2558\007\274\234\006"
 198      39899680 
 198      7574D1AD 
 198      3807BC9C 
 198      06
 199 01e2 9BFB6A6A 		.ascii	"\233\373jj\004C\020\313\364hz\032CG\361P\325K7\326A"
 199      044310CB 
 199      F4687A1A 
 199      4347F150 
 199      D54B37D6 
 200 01f7 C66B2F37 		.ascii	"\306k/7\347\271\342?\222\266\270?\253p\2573\322{\307"
 200      E7B9E23F 
 200      92B6B83F 
 200      AB70AF33 
 200      D27BC7
 201 020a 4A521489 		.ascii	"JR\024\211\321\301[\260E\210N!obC<\243R\350,\201\316"
 201      D1C15BB0 
 201      45884E21 
 201      6F62433C 
 201      A352E82C 
 202 0220 3C3217EB 		.ascii	"<2\027\353\245\224e\311{$ID\345H\217\312\224\350\226"
 202      A59465C9 
 202      7B244944 
 202      E5488FCA 
 202      94E896
 203 0233 E9D964CE 		.ascii	"\351\331d\316't\017\350\361\277\251\213\327\321IOu\310"
 203      27740FE8 
 203      F1BFA98B 
 203      D7D1494F 
ARM GAS  /tmp/ccrbk2HF.s 			page 15


 203      75C8
 204 0245 5BCF2C27 		.ascii	"[\317,'\012\374.\354\"\226\225`yZ\261\004\"\370\263"
 204      0AFC2EEC 
 204      22969560 
 204      795AB104 
 204      22F8B3
 205 0258 1B46859D 		.ascii	"\033F\205\2350\300G\374\351\356\327\036\270\004Q'\005"
 205      30C047FC 
 205      E9EED71E 
 205      B8045127 
 205      05
 206 0269 E9694F1C 		.ascii	"\351iO\034mN:\213W\346Q'g\301\311\031\305I\345\354N"
 206      6D4E3A8B 
 206      57E65127 
 206      67C1C919 
 206      C549E5EC 
 207 027e AAEC3B39 		.ascii	"\252\354;9Qgmu\323\221=A\250\240V\244/z:\326}\326\252"
 207      51676D75 
 207      D3913D41 
 207      A8A056A4 
 207      2F7A3AD6 
 208 0295 9EA355AD 		.ascii	"\236\243U\255F\274\254\035\223C\327\\\240\254}\264\254"
 208      46BCAC1D 
 208      9343D75C 
 208      A0AC7DB4 
 208      AC
 209 02a6 5E77CB24 		.ascii	"^w\313$\011\"\223t\004\207\212\225\320\212\265u\255"
 209      09229374 
 209      04878A95 
 209      D08AB575 
 209      AD
 210 02b7 A1756D9E 		.ascii	"\241um\236*s\307\275t\216\250\246\360\352g\234\251\343"
 210      2A73C7BD 
 210      748EA8A6 
 210      F0EA679C 
 210      A9E3
 211 02c9 D7299215 		.ascii	"\327)\222\025&\001S$\353\343\274\302s^\313SKy\016\224"
 211      26015324 
 211      EBE3BCC2 
 211      735ECB53 
 211      4B790E94 
 212 02dd 4F6438E0 		.ascii	"Od8\340AF\224v\365q\222;g\252\177\337\306D\"\262*LV"
 212      41469476 
 212      F571923B 
 212      67AA7FDF 
 212      C64422B2 
 213 02f4 2D531D65 		.ascii	"-S\035e*\032k/s\303\343\214\251\2400WrQ\247\202dI\311"
 213      2A1A6B2F 
 213      73C3E38C 
 213      A9A03057 
 213      7251A782 
 214 030b 45C38C15 		.ascii	"E\303\214\025>UU_ r\267\215\031\013\022\344\025\016"
 214      3E55555F 
 214      2072B78D 
 214      190B12E4 
 214      150E
 215 031d 2854AFF8 		.ascii	"(T\257\370\255\327\372\275@\375>\373\346i\246\007\216"
ARM GAS  /tmp/ccrbk2HF.s 			page 16


 215      ADD7FABD 
 215      40FD3EFB 
 215      E669A607 
 215      8E
 216 032e 64FB31A3 		.ascii	"d\3731\243|_\274\033\241\202b?m\376}FI\277\024\253\247"
 216      7C5FBC1B 
 216      A182623F 
 216      6DFE7D46 
 216      49BF14AB 
 217 0343 3B0A5D54 		.ascii	";\012]T\230.\022&\322h\244\014\337\307\224\034\301l"
 217      982E1226 
 217      D268A40C 
 217      DFC7941C 
 217      C16C
 218 0355 AFEA0861 		.ascii	"\257\352\010a[\352}w\266W\027\223->\331\331\343\352"
 218      5BEA7D77 
 218      B6571793 
 218      2D3ED9D9 
 218      E3EA
 219 0367 1A47D6C6 		.ascii	"\032G\326\306\376h\311\371\317\224\254\011\246r\211"
 219      FE68C9F9 
 219      CF94AC09 
 219      A67289
 220 0376 4EA519B9 		.ascii	"N\245\031\271\312\264\320\004|\345\335\304Zg\306v\223"
 220      CAB4D004 
 220      7CE5DDC4 
 220      5A67C676 
 220      93
 221 0387 84945A3D 		.ascii	"\204\224Z=\326\342\300t'2<\\X\351\306\330\255d\370\332"
 221      D6E2C074 
 221      27323C5C 
 221      58E9C6D8 
 221      AD64F8DA 
 222 039b 40568C2B 		.ascii	"@V\214+\033n'z\303\215K#:\\\307\246s\247\351X!\211\314"
 222      1B6E277A 
 222      C38D4B23 
 222      3A5CC7A6 
 222      73A7E958 
 223 03b2 8BECD8E9 		.ascii	"\213\354\330\351i\017\325\236\365b{\266#~\364\350\034"
 223      690FD59E 
 223      F5627BB6 
 223      237EF4E8 
 223      1C
 224 03c3 7C89C2C5 		.ascii	"|\211\302\305\224\226\316zeG]JY\2352J\362x\015r\377"
 224      9496CE7A 
 224      65475D4A 
 224      599D324A 
 224      F2780D72 
 225 03d8 BD327B2F 		.ascii	"\2752{/\333Z\247\363\021l\223A\035\260\326\275\370Z"
 225      DB5AA7F3 
 225      116C9341 
 225      1DB0D6BD 
 225      F85A
 226 03ea 6F87CEAB 		.ascii	"o\207\316\253l\255\037;\232\220\355\210;\230\217\306"
 226      6CAD1F3B 
 226      9A90ED88 
 226      3B988FC6 
ARM GAS  /tmp/ccrbk2HF.s 			page 17


 227 03fa F3DD3775 		.ascii	"\363\3357u\362\203AKp\303\016\201\274\275\2274\322\235"
 227      F283414B 
 227      70C30E81 
 227      BCBD9734 
 227      D29D
 228 040c 771D82F9 		.ascii	"w\035\202\371A\011\346\032\342O\206\330\242}\015X\037"
 228      4109E61A 
 228      E24F86D8 
 228      A27D0D58 
 228      1F
 229 041d 4B96CBCF 		.ascii	"K\226\313\317a\005\213\326\326\2516\007\334\3152\265"
 229      61058BD6 
 229      D6A93607 
 229      DCCD32B5 
 230 042d F7E2E946 		.ascii	"\367\342\351F^\303&\242\037:\333P\355\202{\330\340\375"
 230      5EC326A2 
 230      1F3ADB50 
 230      ED827BD8 
 230      E0FD
 231 043f B87B0D8E 		.ascii	"\270{\015\216\370>S\344\002\030x\0012\272_\264 \374"
 231      F83E53E4 
 231      02187801 
 231      32BA5FB4 
 231      20FC
 232 0451 231BACAE 		.ascii	"#\033\254\256<\327\310\213\265\\\365\3306\260\307v\305"
 232      3CD7C88B 
 232      B55CF5D8 
 232      36B0C776 
 232      C5
 233 0462 4073A39E 		.ascii	"@s\243\236\325NBd\343u\334^\203\207\230e\375hI>\257"
 233      D54E4264 
 233      E375DC5E 
 233      83879865 
 233      FD68493E 
 234 0477 2379B4C6 		.ascii	"#y\264\306\246\214\266{\220\351H|\325\220\300l\213\346"
 234      A68CB67B 
 234      90E9487C 
 234      D590C06C 
 234      8BE6
 235 0489 3E993532 		.ascii	">\23152.B\367\330T\272&/\336r0\354\247h\250\230\216"
 235      2E42F7D8 
 235      54BA262F 
 235      DE7230EC 
 235      A768A898 
 236 049e 66A90FE0 		.ascii	"f\251\017\340\275\024\336\217\014\262\021=[\022\207"
 236      BD14DE8F 
 236      0CB2113D 
 236      5B1287
 237 04ad DDD5E0CE 		.ascii	"\335\325\340\316w\201O\346\344&\353\361\010\0132\355"
 237      77814FE6 
 237      E426EBF1 
 237      080B32ED 
 238 04bd F99D477C 		.ascii	"\371\235G|mz\203\2327^\035\355\204\307\330\330\301\363"
 238      6D7A839A 
 238      375E1DED 
 238      84C7D8D8 
 238      C1F3
ARM GAS  /tmp/ccrbk2HF.s 			page 18


 239 04cf E96D73F0 		.ascii	"\351ms\360$S\344=``{ \252\363#\374\232\215\324&\034"
 239      2453E43D 
 239      60607B20 
 239      AAF323FC 
 239      9A8DD426 
 240 04e4 B883B084 		.ascii	"\270\203\260\204\2512\034\363\240\217\347g!\250\211"
 240      A9321CF3 
 240      A08FE767 
 240      21A889
 241 04f3 9707BDF0 		.ascii	"\227\007\275\360.6\364SS\203\027\336\313\332\215\025"
 241      2E36F453 
 241      538317DE 
 241      CBDA8D15 
 242 0503 05F90827 		.ascii	"\005\371\010'0e4\265qP\217\023\231\222\331q\344\214"
 242      306534B5 
 242      71508F13 
 242      9992D971 
 242      E48C
 243 0515 133ECC94 		.ascii	"\023>\314\224\274\311$8\177\322\231\362C\325\365X\027"
 243      BCC92438 
 243      7FD299F2 
 243      43D5F558 
 243      17
 244 0526 9CCD94D8 		.ascii	"\234\315\224\330\322\322\303.8\217)Q\325]\011\374h\355"
 244      D2D2C32E 
 244      388F2951 
 244      D55D09FC 
 244      68ED
 245 0538 237A7F6E 		.ascii	"#z\177n\177\2463\257\212#\350q\035\255\023\010\037g"
 245      7FA633AF 
 245      8A23E871 
 245      1DAD1308 
 245      1F67
 246 054a E0B88A6B 		.ascii	"\340\270\212k=\272Y\353\360R\256\303rZ\206\304\232\304"
 246      3DBA59EB 
 246      F052AEC3 
 246      725A86C4 
 246      9AC4
 247 055c D3EEDA32 		.ascii	"\323\356\3322\264\002\3722E\277\242\231})g\266\375A"
 247      B402FA32 
 247      45BFA299 
 247      7D2967B6 
 247      FD41
 248 056e 4EAE4E5B 		.ascii	"N\256N[\207\331\320\013\236\306\325\275pC\236\236\236"
 248      87D9D00B 
 248      9EC6D5BD 
 248      70439E9E 
 248      9E
 249 057f F33C5597 		.ascii	"\363<U\2277\275gK1\321\222u\372\311\342\341\321~I:\340"
 249      37BD674B 
 249      31D19275 
 249      FAC9E2E1 
 249      D17E493A 
 250 0594 4A9920CB 		.ascii	"J\231 \313h\032\315S\266\301mJ\333D\356\002\263\270"
 250      681ACD53 
 250      B6C16D4A 
 250      DB44EE02 
ARM GAS  /tmp/ccrbk2HF.s 			page 19


 250      B3B8
 251 05a6 1706CFE8 		.ascii	"\027\006\317\350\030L\341W\264\360\266\267\340-*x\267"
 251      184CE157 
 251      B4F0B6B7 
 251      E02D2A78 
 251      B7
 252 05b7 16DE45E1 		.ascii	"\026\336E\341\276\004\235\300\247\264F'\240\011\030"
 252      BE049DC0 
 252      A7B44627 
 252      A00918
 253 05c6 1FA74304 		.ascii	"\037\247C\004\015[\020}#z\243H\321\023I \261 \273@\242"
 253      0D5B107D 
 253      237AA348 
 253      D1134920 
 253      B120BB40 
 254 05db 40F683C4 		.ascii	"@\366\203\304\200\354\005\331\015\3625\310\267 \373"
 254      80EC05D9 
 254      0DF235C8 
 254      B720FB
 255 05ea 40F68024 		.ascii	"@\366\200$\200\274F\236\350'\2208hG\203\274\201v\274"
 255      80BC469E 
 255      E8279038 
 255      684783BC 
 255      8176BC
 256 05fd E8491FC6 		.ascii	"\350I\037\306,\306[!J\214c\332\030\215\332\031u\250"
 256      2CC65B21 
 256      4A8C63DA 
 256      188DDA19 
 256      75A8
 257 060f D02FECA2 		.ascii	"\320/\354\242}\025\360\250\012\374L\013\356E\032\364"
 257      7D15F0A8 
 257      0AFC4C0B 
 257      EE451AF4 
 258 061f 2D55B26E 		.ascii	"-U\262n\332\317\255\012]\037\252\240\237j\321O\264\350"
 258      DACFAD0A 
 258      5D1FAAA0 
 258      9F6AD14F 
 258      B4E8
 259 0631 C7AA4846 		.ascii	"\307\252HF\265\350\313o\325\255CE>\244\205?\326\222"
 259      B5E8CB6F 
 259      D5AD4345 
 259      3EA4853F 
 259      D692
 260 0643 8FAAD003 		.ascii	"\217\252\320\003Zt\217\026}O\025\312s\373\241\250\223"
 260      5A748F16 
 260      7D4F15CA 
 260      73FBA1A8 
 260      93
 261 0654 A2E21EB4 		.ascii	"\242\342\036\264\037\311\214\300U9\274e\177\301\315"
 261      1FC98CC0 
 261      5539BC65 
 261      7FC1CD
 262 0663 589F2AF6 		.ascii	"X\237*\366a\373Idpv\244\\\0312DJ\022\"0\201\037'\312"
 262      61FB4964 
 262      7076A45C 
 262      1932444A 
 262      12223081 
ARM GAS  /tmp/ccrbk2HF.s 			page 20


 263 067a 3A1A7862 		.ascii	":\032xb8\030-5-\247d\217\264d?\276U\021\225\353\207"
 263      38182D35 
 263      2DA7648F 
 263      B4643FBE 
 263      551195EB 
 264 068f F6D1B648 		.ascii	"\366\321\266H#\001\036\026I\341S\310\200&9\\\336\371"
 264      23011E16 
 264      49E153C8 
 264      8026395C 
 264      DEF9
 265 06a1 A8454BFE 		.ascii	"\250EK\376J\225\343\021\373\013OM\376*\224\221?\000"
 265      4A95E311 
 265      FB0B4F4D 
 265      FE2A9491 
 265      3F00
 266 06b3 F2BB1C2E 		.ascii	"\362\273\034.?\336y\001\031\234\274 \264\336(p\307\367"
 266      3FDE7901 
 266      199CBC20 
 266      B4DE2870 
 266      C7F7
 267 06c5 E8B34EAC 		.ascii	"\350\263N\254\377\356\\\012\034\377\363Xz\306\207\035"
 267      FFEE5C0A 
 267      1CFFF358 
 267      7AC6871D 
 268 06d5 E193041D 		.ascii	"\341\223\004\035\022\347\241\003\242\355\274%\311\262"
 268      12E7A103 
 268      A2EDBC25 
 268      C9B2
 269 06e3 BFC3D141 		.ascii	"\277\303\321A\330\330\377\357MN\016\206G\361wE\365\373"
 269      D8D8FFEF 
 269      4D4E0E86 
 269      47F17745 
 269      F5FB
 270 06f5 14895079 		.ascii	"\024\211Py$'\212\256\364\325\014\376\001\234U>\226\352"
 270      24278AAE 
 270      F4D50CFE 
 270      019C553E 
 270      96EA
 271 0707 8687D9B3 		.ascii	"\206\207\331\263\374\376\215\226n\004/w\326>\362r\347"
 271      FCFE8D96 
 271      6E042F77 
 271      D63EF272 
 271      E7
 272 0718 5978131E 		.ascii	"Yx\023\036\226\300\023\203\330Ks\2222Kh\316|UL\026\311"
 272      96C01383 
 272      D84B7392 
 272      324B68CE 
 272      7C554C16 
 273 072d 8B5EB235 		.ascii	"\213^\2625\255\022\343H\035e\313y\\\325\300\217z7Po"
 273      AD12E348 
 273      1D65CB79 
 273      5CD5C08F 
 273      7A37506F 
 274 0741 671FCAD5 		.ascii	"g\037\312\325\261S\344!\031\316j{\236\244\307\361\014"
 274      B153E421 
 274      19CE6A7B 
 274      9EA4C7F1 
ARM GAS  /tmp/ccrbk2HF.s 			page 21


 274      0C
 275 0752 3BF5F050 		.ascii	";\365\360P\027bX\022U\303\320\251\211\331\017\367t\221"
 275      17625812 
 275      55C3D0A9 
 275      89D90FF7 
 275      7491
 276 0764 1F2A4744 		.ascii	"\037*GDz\252\\\237\254y\345\212\017S&]_\316\350 |\217"
 276      7AAA5C9F 
 276      AC79E58A 
 276      0F53265D 
 276      5FCEE820 
 277 077a 2C42480F 		.ascii	",BH\017\222'\1779\012(K\324\243\357D,\177y\247J@?\362"
 277      92277F39 
 277      0A284BD4 
 277      A3EF442C 
 277      7F79A74A 
 278 0791 15E966EF 		.ascii	"\025\351f\357j#\331\022^(\240\025\364\254B\031P\237"
 278      6A23D912 
 278      5E28A015 
 278      F4AC4219 
 278      509F
 279 07a3 2CEA275B 		.ascii	",\352'[\\\2042\301Q*\324\232\364\200\3033\355Ui.\312"
 279      5C8432C1 
 279      512AD49A 
 279      F480C333 
 279      ED55692E 
 280 07b8 C1842877 		.ascii	"\301\204(w*\340RD\022_\216h\220\243$\350\375mYi\316"
 280      2AE05244 
 280      125F8E68 
 280      90A324E8 
 280      FD6D5969 
 281 07cd 7AEE23   		.ascii	"z\356#"
 282 07d0 F69D3E00 		.ascii	"\366\235>\000]\336\265\373\260\263\232\373\350\273\270"
 282      5DDEB5FB 
 282      B0B39AFB 
 282      E8BBB8
 283 07df 6F0E4EC6 		.ascii	"o\016N\306:.\315\221\332\255\360\221S\357U\032e\225"
 283      3A2ECD91 
 283      DAADF091 
 283      53EF551A 
 283      6595
 284 07f1 A2D7A05C 		.ascii	"\242\327\240\\\321\200\322\240X\360%\2432=\014=[D\001"
 284      D180D2A0 
 284      58F025A3 
 284      323D0C3D 
 284      5B4401
 285 0804 E5894BC1 		.ascii	"\345\211K\301\262{\272*\323\015\247\263\364\357\216"
 285      B27BBA2A 
 285      D30DA7B3 
 285      F4EF8E
 286 0813 8B2A75B4 		.ascii	"\213*u\264\025~e\221\252\360\344e<_)|\276\266\360\005"
 286      157E6591 
 286      AAF0E465 
 286      3C5F297C 
 286      BEB6F005 
 287 0827 B4F0B58F 		.ascii	"\264\360\265\217\216\246\352p1g;\336^<\207\263\265\370"
 287      8EA6EA70 
ARM GAS  /tmp/ccrbk2HF.s 			page 22


 287      31673BDE 
 287      5E3C87B3 
 287      B5F8
 288 0839 B0AF9C2C 		.ascii	"\260\257\234,\366\225sLa:\246e:N\231\"\213\206\352\035"
 288      F695734C 
 288      613AA665 
 288      3A4E9922 
 288      8B86EA1D 
 289 084d B1953175 		.ascii	"\261\2251uv\305T\361e\341\242z\363\237\317\337\374\337"
 289      76C554F1 
 289      65E1A27A 
 289      F39FCFDF 
 289      FCDF
 290 085f 8CB4BFE1 		.ascii	"\214\264\277\341\257\204zP\317F\225\364:\314\272j\212"
 290      AF847A50 
 290      CF4695F4 
 290      3ACCBA6A 
 290      8A
 291 0870 E5557392 		.ascii	"\345Us\222%\272k\337\370m\235\266\210' [E4[%4\321\305"
 291      25BA6BDF 
 291      F86D9DB6 
 291      8827205B 
 291      45345B25 
 292 0887 72A21BBA 		.ascii	"r\242\033\272\306\316\271i\3132+z\360xz\277\213\255"
 292      C6CEB969 
 292      CB322B7A 
 292      F0787ABF 
 292      8BAD
 293 0899 2CAB7859 		.ascii	",\253xYJyY\340sNeZ\310\313RF\313R\221\234\270\032_a"
 293      4A7959E0 
 293      734E655A 
 293      C8CB5246 
 293      CB52919C 
 294 08b1 B36F385C 		.ascii	"\263o8\\^/*U)\036U\252B\276\334\312\225\\\226ksy\212"
 294      5E2F2A55 
 294      291E55AA 
 294      42BEDCCA 
 294      955C966B 
 295 08c8 E63237BF 		.ascii	"\34627\277\276\307\005\3672\266\324\206\361C\036\266"
 295      BEC705F7 
 295      32B6D486 
 295      F1431EB6 
 296 08d8 98566B62 		.ascii	"\230Vkb\2720#\246\323<\246\012q\251\340\030a\331\030"
 296      BA3023A6 
 296      D33CA60A 
 296      71A9E018 
 296      61D918
 297 08eb 166C71DA 		.ascii	"\026lq\332\360\311\337\026\373\373\372\012\357\373\370"
 297      F0C9DF16 
 297      FBFBFA0A 
 297      EFFBF8
 298 08fa 18D96F7B 		.ascii	"\030\331o{\204q[@\2101\"<\220\374\233#,>\201\202k\204"
 298      84715B40 
 298      8831223C 
 298      90FC9B23 
 298      2C3E8182 
 299 0910 65B32520 		.ascii	"e\263% \334\2626$ <To6\357\014\016\263\370\2562[V\032"
ARM GAS  /tmp/ccrbk2HF.s 			page 23


 299      DCB23624 
 299      203C546F 
 299      36EF0C0E 
 299      B3F8AE32 
 300 0927 7746841B 		.ascii	"wF\204\033\241\357\203\260\355aA\037\004\005|\036l\014"
 300      A1EF83B0 
 300      ED61411F 
 300      04057C1E 
 300      6C0C
 301 0939 0E0B0CD9 		.ascii	"\016\013\014\331\2715\310\030\032\020\270-8,\310h\336"
 301      B935C818 
 301      1A10B82D 
 301      382CC868 
 301      DE
 302 094a 1AF445C0 		.ascii	"\032\364E\300\316\020\213\331\362\345\216\240\010\237"
 302      CE108BD9 
 302      F2E58EA0 
 302      089F
 303 0958 6D82936C 		.ascii	"m\202\223l\375\333wXG|\031a\004\337[\001\012&\316\240"
 303      FDDB7758 
 303      477C1961 
 303      04DF5B01 
 303      0A26CEA0 
 304 096c 5A824383 		.ascii	"Z\202C\203\314\026Ou\234\341\026\033>p\033\201p\017"
 304      CC164F75 
 304      9CE1161B 
 304      3E701B81 
 304      700F
 305 097e 2E24DCED 		.ascii	".$\334\355;X\264\320\016\262\310\315\015\274\011\010"
 305      3B58B4D0 
 305      0EB2C8CD 
 305      0DBC0908 
 306 098e 7348C856 		.ascii	"sH\310Vs0\344`\205v\352;\266\207[\"\214\233\267lZ\341"
 306      7330E460 
 306      8576EA3B 
 306      B6875B22 
 306      8C9BB76C 
 307 09a4 67FCF8E3 		.ascii	"g\374\370\343u\306-\0337\375\323\227'\203X\201\007\007"
 307      75C62D1B 
 307      37FDD397 
 307      27835881 
 307      0707
 308 09b6 7FFF4DA6 		.ascii	"\177\377M\246\025<\023+\374\314\026'\271!\376\305\244"
 308      153C132B 
 308      FCCC1627 
 308      B921FEC5 
 308      A4
 309 09c7 5BB769AD 		.ascii	"[\267i\255\011\257\3637\351>Z\267\305\204\375\375M\330"
 309      09AFF337 
 309      E93E5AB7 
 309      C584FDFD 
 309      4DD8
 310 09d9 04B2D664 		.ascii	"\004\262\326d\302\177\335\354\217\375?\331\242\363\367"
 310      C27FDDEC 
 310      8FFD3FD9 
 310      A2F3F7
 311 09e8 5F6FA21C 		.ascii	"_o\242\034~\364\356\213\327o0\211\233\301r\343z\223"
ARM GAS  /tmp/ccrbk2HF.s 			page 24


 311      7EF4EE8B 
 311      D76F3089 
 311      9BC172E3 
 311      7A93
 312 09fa 6EF32640 		.ascii	"n\363&@\373\233\374@|\001\371w\223\337\317\2130\302"
 312      FB9BFC40 
 312      7C01F977 
 312      93DFCF8B 
 312      30C2
 313 0a0c 124A2208 		.ascii	"\022J\"\010\016e)\340\212\331b\340\223\215 %4\007\220"
 313      0E6529E0 
 313      8AD962E0 
 313      938D2025 
 313      340790
 314 0a1f F9BB99CD 		.ascii	"\371\273\231\315_\354\014\0134\233}V\255\372\320\327"
 314      5FEC0C0B 
 314      349B7D56 
 314      ADFAD0D7 
 315 0a2f 49D67481 		.ascii	"I\326t\201\333\002\302\337\263\301\267\357`\350\271"
 315      DB02C2DF 
 315      B3C1B7EF 
 315      60E8B9
 316 0a3e 724F903D 		.ascii	"rO\220=\363\017\345\341\177\330\033\376\203\337\177"
 316      F30FE5E1 
 316      7FD81BFE 
 316      83DF7F
 317 0a4d 007CDB28 		.ascii	"\000|\333(\237"
 317      9F
 318              		.text
 319              		.section	.gnu.lto_.symtab.bdf709ff8f8d9602,"",%progbits
 320 0000 7374496E 		.ascii	"stInit\000"
 320      697400
 321 0007 00       		.ascii	"\000"
 322 0008 00       		.ascii	"\000"
 323 0009 00       		.ascii	"\000"
 324 000a 00000000 		.ascii	"\000\000\000\000\000\000\000\000"
 324      00000000 
 325 0012 AE000000 		.ascii	"\256\000\000\000"
 326 0016 73745374 		.ascii	"stStartAlarm\000"
 326      61727441 
 326      6C61726D 
 326      00
 327 0023 00       		.ascii	"\000"
 328 0024 00       		.ascii	"\000"
 329 0025 00       		.ascii	"\000"
 330 0026 00000000 		.ascii	"\000\000\000\000\000\000\000\000"
 330      00000000 
 331 002e BD000000 		.ascii	"\275\000\000\000"
 332 0032 73745374 		.ascii	"stStopAlarm\000"
 332      6F70416C 
 332      61726D00 
 333 003e 00       		.ascii	"\000"
 334 003f 00       		.ascii	"\000"
 335 0040 00       		.ascii	"\000"
 336 0041 00000000 		.ascii	"\000\000\000\000\000\000\000\000"
 336      00000000 
 337 0049 BF000000 		.ascii	"\277\000\000\000"
ARM GAS  /tmp/ccrbk2HF.s 			page 25


 338 004d 73745365 		.ascii	"stSetAlarm\000"
 338      74416C61 
 338      726D00
 339 0058 00       		.ascii	"\000"
 340 0059 00       		.ascii	"\000"
 341 005a 00       		.ascii	"\000"
 342 005b 00000000 		.ascii	"\000\000\000\000\000\000\000\000"
 342      00000000 
 343 0063 C1000000 		.ascii	"\301\000\000\000"
 344 0067 73744765 		.ascii	"stGetAlarm\000"
 344      74416C61 
 344      726D00
 345 0072 00       		.ascii	"\000"
 346 0073 00       		.ascii	"\000"
 347 0074 00       		.ascii	"\000"
 348 0075 00000000 		.ascii	"\000\000\000\000\000\000\000\000"
 348      00000000 
 349 007d C4000000 		.ascii	"\304\000\000\000"
 350 0081 73745F6C 		.ascii	"st_lld_init\000"
 350      6C645F69 
 350      6E697400 
 351 008d 00       		.ascii	"\000"
 352 008e 02       		.ascii	"\002"
 353 008f 00       		.ascii	"\000"
 354 0090 00000000 		.ascii	"\000\000\000\000\000\000\000\000"
 354      00000000 
 355 0098 C6000000 		.ascii	"\306\000\000\000"
 356              		.text
 357              		.section	.gnu.lto_.opts,"",%progbits
 358 0000 272D666D 		.ascii	"'-fmath-errno' '-fsigned-zeros' '-ftrapping-math' '"
 358      6174682D 
 358      6572726E 
 358      6F272027 
 358      2D667369 
 359 0033 2D666E6F 		.ascii	"-fno-trapv' '-fno-openmp' '-fno-openacc' '-mcpu=cor"
 359      2D747261 
 359      70762720 
 359      272D666E 
 359      6F2D6F70 
 360 0066 7465782D 		.ascii	"tex-m3' '-mno-thumb-interwork' '-mthumb' '-ggdb' '-"
 360      6D332720 
 360      272D6D6E 
 360      6F2D7468 
 360      756D622D 
 361 0099 4F322720 		.ascii	"O2' '-fomit-frame-pointer' '-falign-functions=16' '"
 361      272D666F 
 361      6D69742D 
 361      6672616D 
 361      652D706F 
 362 00cc 2D666675 		.ascii	"-ffunction-sections' '-fdata-sections' '-fno-common"
 362      6E637469 
 362      6F6E2D73 
 362      65637469 
 362      6F6E7327 
 363 00ff 2720272D 		.ascii	"' '-flto'\000"
 363      666C746F 
 363      2700
ARM GAS  /tmp/ccrbk2HF.s 			page 26


 364              		.text
 365              		.comm	__gnu_lto_v1,1,1
 366              		.comm	__gnu_lto_slim,1,1
 367              		.ident	"GCC: (GNU Tools for ARM Embedded Processors 6-2017-q2-update) 6.3.1 20170620 (release) [AR
ARM GAS  /tmp/ccrbk2HF.s 			page 27


DEFINED SYMBOLS
                            *ABS*:0000000000000000 hal_st.c
                            *COM*:0000000000000001 __gnu_lto_v1
                            *COM*:0000000000000001 __gnu_lto_slim

NO UNDEFINED SYMBOLS
