ARM GAS  /tmp/ccKHDXUV.s 			page 1


   1              		.cpu cortex-m3
   2              		.eabi_attribute 20, 1
   3              		.eabi_attribute 21, 1
   4              		.eabi_attribute 23, 3
   5              		.eabi_attribute 24, 1
   6              		.eabi_attribute 25, 1
   7              		.eabi_attribute 26, 1
   8              		.eabi_attribute 30, 2
   9              		.eabi_attribute 34, 1
  10              		.eabi_attribute 18, 4
  11              		.file	"hal_lld.c"
  12              		.text
  13              	.Ltext0:
  14              		.section	.gnu.lto_.profile.e6f2ef74566a0047,"",%progbits
  15 0000 789C6365 		.ascii	"x\234ce`b`a```dp\263\006\000\001G\000\216"
  15      60626061 
  15      60606064 
  15      70B30600 
  15      0147008E 
  16              		.text
  17              		.section	.gnu.lto_.icf.e6f2ef74566a0047,"",%progbits
  18 0000 789C6365 		.ascii	"x\234ce`b\020a@\000f\206\331g\367\276ff<|q\332Dv\246"
  18      60621061 
  18      40006686 
  18      D967F7BE 
  18      66663C7C 
  19 0019 D6DDBBEE 		.ascii	"\326\335\273\356p3\000\000_\330\010\330"
  19      70330000 
  19      5FD808D8 
  20              		.text
  21              		.section	.gnu.lto_.jmpfuncs.e6f2ef74566a0047,"",%progbits
  22 0000 789C6365 		.ascii	"x\234ce`b\340d@\000&\020\301\010\304\000\001\227\000"
  22      6062E064 
  22      40002610 
  22      C108C400 
  22      019700
  23 0013 14       		.ascii	"\024"
  24              		.text
  25              		.section	.gnu.lto_.inline.e6f2ef74566a0047,"",%progbits
  26 0000 789C6365 		.ascii	"x\234ce`b0`@\000&\006\006aiF\006&\271\015\257\030\031"
  26      60623060 
  26      40002606 
  26      06616946 
  26      0626B90D 
  27 0017 D816C833 		.ascii	"\330\026\3103\201\004\031\271@\004\203\316WF\240L\320"
  27      810419B9 
  27      400483CE 
  27      5746A04C 
  27      D0
  28 0028 8A1BB270 		.ascii	"\212\033\262p\031\006\000\250Y\006\322"
  28      190600A8 
  28      5906D2
  29              		.text
  30              		.section	.gnu.lto_.pureconst.e6f2ef74566a0047,"",%progbits
  31 0000 789C6365 		.ascii	"x\234ce`b`e`\000\222R\214R\000\001\005\000D"
  31      60626065 
  31      60009252 
ARM GAS  /tmp/ccKHDXUV.s 			page 2


  31      8C520001 
  31      050044
  32              		.text
  33              		.section	.gnu.lto_hal_lld_init.e6f2ef74566a0047,"",%progbits
  34 0000 789CA594 		.ascii	"x\234\245\224\315O\023A\030\306\347\331\351n\267\245"
  34      CD4F1341 
  34      18C6E7D9 
  34      E96EB7A5 
  35 0010 0DC49389 		.ascii	"\015\304\223\211\034\274r\351*&\376\011\306\230x\322"
  35      1CBC72E9 
  35      2A26FE09 
  35      C69878D2 
  36 0020 BB316AE2 		.ascii	"\2731j\342\241\011F<p\353V\012\230\232\200\227B\033"
  36      A109463C 
  36      70EB560A 
  36      989A8097 
  36      421B
  37 0032 A95B6322 		.ascii	"\251[c\"\326J\021\277[?(\245b\325\012\211W41\036\024"
  37      D64A11BF 
  37      5B3F28A5 
  37      62D50A89 
  37      5734311E 
  38 0047 82C403C4 		.ascii	"\202\304\003\304\250\011\340\2743\265\213\236,N\272"
  38      A809E0BC 
  38      33B58B9E 
  38      2C4EBA
  39 0056 EF767766 		.ascii	"\357vwf\236\347\367\276\2633:\323\330A\235\261N\306"
  39      9EE7F7BE 
  39      B3333AD3 
  39      D8419DB1 
  39      4EC6
  40 0068 D82E7181 		.ascii	"\330.q\2013h\227\346\030\213\232\032@\177l\023,\242"
  40      336897E6 
  40      188B9A1A 
  40      407F6C13 
  40      2CA2
  41 007a 2182213E 		.ascii	"!\202!>\302Q\036\370T\320:\306l\321J#I\177\277\335\267"
  41      C2511EF8 
  41      54D03AC6 
  41      6CD14A23 
  41      497FBFDD 
  42 008f D3E18CA5 		.ascii	"\323\341\214\245\304E\015c\350`b\330\307\311\215D\320"
  42      C4450D63 
  42      E86062D8 
  42      C7C98D44 
  42      D0
  43 00a0 F0A8F7B8 		.ascii	"\360\250\367\270\001\003\342>\361\026%{cs\300.\325\256"
  43      0103E23E 
  43      F116257B 
  43      6373C02E 
  43      D5AE
  44 00b2 61F5D00E 		.ascii	"a\365\320\016\2159\034:\005\223\202\217B\013\205\000"
  44      8D391C3A 
  44      0593828F 
  44      420B8500 
  45 00c2 85560A6D 		.ascii	"\205V\012m\024\030\213\013\031b\271\3105\272\363%\224"
  45      14188B0B 
ARM GAS  /tmp/ccKHDXUV.s 			page 3


  45      1962B9C8 
  45      35BAF325 
  45      94
  46 00d3 8B4B43A7 		.ascii	"\213KC\247H8\3155\3417\334W\236\367\016r\207k \373\205"
  46      4838CD35 
  46      E137DC57 
  46      9EF70E72 
  46      876B20FB 
  47 00e8 8937CBA6 		.ascii	"\2117\313\246z\2643\027l\017\021U\343A\007\351\250\000"
  47      7AB43317 
  47      6C0F1155 
  47      E34107E9 
  47      A800
  48 00fa DFED708E 		.ascii	"\337\355p\216\233hG\026\355\214\206O\017.^\017Z\343"
  48      9B684716 
  48      ED8C864F 
  48      0F2E5E0F 
  48      5AE3
  49 010c 760C0EF7 		.ascii	"v\014\016\367 \007\007I\231\017n\301b\302k\315$\247"
  49      20070749 
  49      990F6EC1 
  49      62C26BCD 
  49      24A7
  50 011e A644C65D 		.ascii	"\246D\306]\221<,\321\375\276\232\315qB\0026Ek\305\204"
  50      913C2CD1 
  50      FDBE9ACD 
  50      71420236 
  50      456BC584 
  51 0132 98D7B476 		.ascii	"\230\327\264v\224\372<\270\355\252OJ\365F\376\0360\334"
  51      94FA3CB8 
  51      EDAA4F4A 
  51      F546FE1E 
  51      30DC
  52 0144 51CAC56C 		.ascii	"Q\312\305lRW\025\322\233B\277+\305i\301po\333\371\337"
  52      525715D2 
  52      9B42BF2B 
  52      C569C170 
  52      6FDBF9DF 
  53 0158 77451EC0 		.ascii	"wE\036\300\372\257d\037\272R\217\204T#\273\313\365\354"
  53      FAAF641F 
  53      BA528F84 
  53      5423BBCB 
  53      F5EC
  54 016a CCA6C00A 		.ascii	"\314\246\300\012RM#\265\242\314\256\367{?\224\220Oi"
  54      524D23B5 
  54      A2CCAEF7 
  54      7B3F9490 
  54      4F69
  55 017c CD167FAE 		.ascii	"\315\026\177\256\006\324J\321g\016<V\216\303\276\246"
  55      06D44AD1 
  55      670E3C56 
  55      8EC3BEA6 
  56 018c ABF0C435 		.ascii	"\253\360\3045{\012K8(\362\321:yKSb\317\\\261\251\277"
  56      7B0A4B38 
  56      28F2D13A 
  56      794B5362 
  56      CF5CB1A9 
ARM GAS  /tmp/ccKHDXUV.s 			page 4


  57 01a1 C8034A2B 		.ascii	"\310\003J+\377m&\2537\310K\014\245m\223O\273fe\"\017"
  57      FF6D26AB 
  57      37C84B0C 
  57      A56D934F 
  57      BB666522 
  58 01b6 48F2A51F 		.ascii	"H\362\245\037\373\033\233;&\317\200\215\254!\367w\212"
  58      FB1B9B3B 
  58      26CF808D 
  58      AC21F777 
  58      8A
  59 01c7 63EBBEC7 		.ascii	"c\353\276\307\014\0141\265Bp\255[\277O]\016\273\272"
  59      0C0C31B5 
  59      4270AD5B 
  59      BF4F5D0E 
  59      BBBA
  60 01d9 1ECBFBD4 		.ascii	"\036\313\373\324\243\375!*\367\347\225\332\273\212_"
  60      A3FD212A 
  60      F7E795DA 
  60      BB8A5F
  61 01e8 B0097703 		.ascii	"\260\011w\003\263\202\353y\235kn>\276\346mp\275\220"
  61      B382EB79 
  61      9D6B6E3E 
  61      BEE66D70 
  61      BD90
  62 01fa 5C5C19A0 		.ascii	"\\\\\031\240\372\273\016\351\257\2062kS~\371\305\251"
  62      FABB0EE9 
  62      AF86326B 
  62      537EF9C5 
  62      A9
  63 020b 517FBD12 		.ascii	"Q\177\275\022\032^6\312P\221e\370G\257W\177x\275\246"
  63      1A5E36CA 
  63      509165F8 
  63      47AF577F 
  63      78BDA6
  64 021e 32B4B165 		.ascii	"2\264\261e\364fr\011N9\323\214B\341\313\2027\262n\233"
  64      F4667209 
  64      4E39D38C 
  64      42E1CB82 
  64      37B26E9B 
  65 0232 0EF7A6A8 		.ascii	"\016\367\246\250^\250!\"\016-\223\255\340|\346sB.\220"
  65      5EA82122 
  65      0E2D93AD 
  65      E07CE673 
  65      422E90
  66 0245 3C1AE3A2 		.ascii	"<\032\343\242B\342\354\022C\366\204B\226\372uu[\247"
  66      42E2EC12 
  66      43F68442 
  66      96FA7575 
  66      5BA7
  67 0257 8F87AD33 		.ascii	"\217\207\2553]g\317u[G\216\036\336\327\251\342\201\275"
  67      5D67CF75 
  67      5B478E1E 
  67      DED7A9E2 
  67      81BD
  68 0269 3D3DD473 		.ascii	"==\324s,\034>\031:\301~\001y\367\256\266"
  68      2C1C3E19 
  68      3AC17E01 
ARM GAS  /tmp/ccKHDXUV.s 			page 5


  68      79F7AEB6 
  69              		.text
  70              		.section	.gnu.lto_stm32_clock_init.e6f2ef74566a0047,"",%progbits
  71 0000 789CA555 		.ascii	"x\234\245UKs\024U\024\276\347\336~\315\243\347\221\024"
  71      4B731455 
  71      14BEE7DE 
  71      7ECDA3E7 
  71      9114
  72 0012 A9C44A8A 		.ascii	"\251\304J\212\270d\223\021\374\005\263qg\271\320\275"
  72      B8649311 
  72      FC05B371 
  72      67B9D0BD 
  73 0022 E563E122 		.ascii	"\345c\341\"UX\342\202\035\035\235\004\212I!\013\001"
  73      5558E282 
  73      1D1D9D04 
  73      8A49210B 
  73      01
  74 0033 45C9A4CA 		.ascii	"E\311\244\312\322\010\002#\010J\022\324!!\016I\200\000"
  74      D2080223 
  74      084A12D4 
  74      21210E49 
  74      8000
  75 0045 3E4314D0 		.ascii	">C\024\320\"2cPKI\025\002\221xO\237\333s\247\206\205"
  75      22326350 
  75      4B491502 
  75      91784F9F 
  75      DB73A786 
  76 005a F6D8957C 		.ascii	"\366\330\225|w\346\236\236\357|\347;\347v\233\214\263"
  76      77E69E9E 
  76      EF7CE73B 
  76      E7769B8C 
  76      B3
  77 006b 1311C636 		.ascii	"\023\021\30660\306\376\224\377\320\302\200\357<\317"
  77      30C6FE94 
  77      FFD0C280 
  77      EF3CCF
  78 007a 589FC341 		.ascii	"X\237\303A\320\007\301\323\203e\306\274\250\221\263"
  78      D007C1D3 
  78      8365C6BC 
  78      A891B3
  79 0089 99174FD3 		.ascii	"\231\027O\323~\326\000\223\342&OQ\334\362\343)\332\317"
  79      7ED60093 
  79      E2264F51 
  79      DCF2E329 
  79      DACF
  80 009b 5A6053DC 		.ascii	"Z`S\334\346I\212;~<I\373Y\007\"\024\217\360\004\305"
  80      E6498A3B 
  80      7E3C49FB 
  80      59072214 
  80      8FF004C5 
  81 00af A37E3C41 		.ascii	"\243~<A\373\331(\304(\036\343.\305\343~\334\245\375"
  81      FBD928C4 
  81      281EE32E 
  81      C5E37EDC 
  81      A5FD
  82 00c1 6C1C0057 		.ascii	"l\034\000W\317\001\266\205\213\264a\246,;\351D\022\321"
  82      CF01B685 
ARM GAS  /tmp/ccKHDXUV.s 			page 6


  82      8BB461A6 
  82      2C3BE944 
  82      12D1
  83 00d3 981B872D 		.ascii	"\230\033\207-\226`t\231j\265\325\032QkL\255\257\211"
  83      96607499 
  83      6AB5D51A 
  83      516B4CAD 
  83      AF89
  84 00e5 3D0226B6 		.ascii	"=\002&\266\376<\312\327\215x\362*\3559\032\033\360\372"
  84      FE3CCAD7 
  84      8D78F22A 
  84      ED391A1B 
  84      F0FA
  85 00f7 DB0B92E0 		.ascii	"\333\013\222\340ME\002#\260\216\311\333~:r\177\227k"
  85      4D450223 
  85      B08EC9DB 
  85      7E3A727F 
  85      976B
  86 0109 19B40FEF 		.ascii	"\031\264\017\357\203\005r-^\202\222w\177u\253W\272\371"
  86      8305722D 
  86      5E829277 
  86      7F75AB57 
  86      BAF9
  87 011b 0E1C7FE2 		.ascii	"\016\034\177\342a\316\012\002\004\202\211`!\330\010"
  87      61CE0A02 
  87      04828960 
  87      21D808
  88 012a 0E420C21 		.ascii	"\016B\014!\216\340\"$\020R\010i\204\026\204V\2045\010"
  88      8EE02224 
  88      10520869 
  88      84168456 
  88      843508
  89 013d 6D08ED08 		.ascii	"m\010\355\010\035\010\235\010]\010k\021\272\021\030"
  89      1D089D08 
  89      5D086B11 
  89      BA1118
  90 014c DB2EC548 		.ascii	"\333.\305Hc\362\202\313ETab\254ze\321Bu\373\004\227"
  90      63F282CB 
  90      45546162 
  90      AC7A65D1 
  90      4275FB04 
  91 0161 A277F74F 		.ascii	"\242w\367O\314\331;DAp\300\032\026\212\347\226\034\372"
  91      CCD93B44 
  91      4170C01A 
  91      168AE796 
  91      1CFA
  92 0173 EA0D6FF3 		.ascii	"\352\015o\363\014,\353\314v\267\000\373\372d\365\335"
  92      0C2CEBCC 
  92      76B700FB 
  92      FA64F5DD 
  93 0183 0521E000 		.ascii	"\005!\340\000t\302~\231\015o?\265\243\362\236\2339\344"
  93      74C27E99 
  93      0D6F3FB5 
  93      A3F29E9B 
  93      39E4
  94 0195 E5A0200C 		.ascii	"\345\240 \014\370\000\012\360\206o\012\034\204\014\253"
  94      F8000AF0 
ARM GAS  /tmp/ccKHDXUV.s 			page 7


  94      866F0A1C 
  94      840CAB
  95 01a4 C2AB7F0D 		.ascii	"\302\253\177\015\000\245\022\224\355\330\351\362\200"
  95      00A51294 
  95      EDD8E9F2 
  95      80
  96 01b1 4F0FF23A 		.ascii	"O\017\362:$I\244\240\335\021\274%T\242\303:Q\0212\222"
  96      2449A4A0 
  96      DD11BC25 
  96      54A2C33A 
  96      51113292 
  97 01c5 5D7ECA4B 		.ascii	"]~\312K\224\035\247\022\257.\332\224\327\374\257\274"
  97      941DA712 
  97      AF2EDA94 
  97      D7FCAFBC 
  98 01d5 7D1833E0 		.ascii	"}\0303\340C\315|\204JX\031\2306\211K\321M\255\336.%"
  98      43CD7C84 
  98      4A581998 
  98      36894BD1 
  98      4DADDE2E 
  99 01ea A9060E47 		.ascii	"\251\006\016G%\317u\310]\236<\253\012\305B\2127G\357"
  99      25CF75C8 
  99      5D9E3CAB 
  99      0AC5428A 
  99      3747EF
 100 01fd B8740783 		.ascii	"\270t\007\203\2170\023\303F\244\231\034T\310\013\243"
 100      8F3013C3 
 100      46A4991C 
 100      54C80BA3 
 101 020d D6896AD0 		.ascii	"\326\211j\320\011;T\371\307\264\310\343\201H\225\336"
 101      093B54F9 
 101      C7B4C8E3 
 101      814895DE 
 102 021d 21AEE274 		.ascii	"!\256\342t\177\031H\301\035\200\217\2336\372\023\235"
 102      7F1948C1 
 102      1D808F9B 
 102      36FA139D 
 103 022d E9041AED 		.ascii	"\351\004\032\355 \317r\345\227w\355\007\251\206\037"
 103      20CF72E5 
 103      9777ED07 
 103      A9861F
 104 023c FA377347 		.ascii	"\3727sG}6<\0250\006\231\372\3413\244Q\343\276Qya\352"
 104      7D363C15 
 104      300699FA 
 104      E133A451 
 104      E3BE5179 
 105 0252 362E4DA9 		.ascii	"6.M\2516\306B\266\361\244\316\364i\340\320\274jc\234"
 105      36C642B6 
 105      F1A4CEF4 
 105      69E0D0BC 
 105      6A639C
 106 0265 E8EE555E 		.ascii	"\350\356U^\237W\026\305\3413j\343B\255\215\361\272\276"
 106      9F5716C5 
 106      E1336AE3 
 106      42AD8DF1 
 106      BABE
 107 0277 A554DFAC 		.ascii	"\245T\337\254Z\337V\202\276\271\241\334\374\\\273Yj"
ARM GAS  /tmp/ccKHDXUV.s 			page 8


 107      5ADF5682 
 107      BEB9A1DC 
 107      FC5CBB59 
 107      6A
 108 0288 381F09E2 		.ascii	"8\037\011\342\272\361\333\301A\233Dy\236\001\247\232"
 108      BAF1DBC1 
 108      419B4479 
 108      9E01A79A 
 109 0298 6EDC844E 		.ascii	"n\334\204N5\211\215K\370\326\332\332\332\277\203\023"
 109      35898D4B 
 109      F8D6DADA 
 109      DABF8313 
 110 02a8 920A69ED 		.ascii	"\222\012i\355i\315<\325xB\322D794\224\343A\025\016|"
 110      69CD3CD5 
 110      7842D244 
 110      37393494 
 110      E341150E 
 111 02bd D17846D2 		.ascii	"\321xF\322u\346&\225\271N\315\334\275#JYK\250\212\313"
 111      75E62695 
 111      B94ECDDC 
 111      BD234A59 
 111      4BA88ACB 
 112 02d1 BAE5671A 		.ascii	"\272\345g\032\314m\225\\\377\303\313i\315<\203^\266"
 112      CC6D955C 
 112      FFC3CB69 
 112      CD3C835E 
 112      B6
 113 02e2 22CFD8FE 		.ascii	"\"\317\330\376\267\224\3145\241\310f\265}g\033d\266"
 113      B794CC35 
 113      A1C866B5 
 113      7D671B64 
 113      B6
 114 02f3 11D7C5C5 		.ascii	"\021\327\305\305\273s\221\300=i\337\271\246\205\237"
 114      BB7391C0 
 114      3D69DFB9 
 114      A6859F
 115 0302 D7B9E650 		.ascii	"\327\271\346Px\233?\004\021=\004o\337P5\264\207\034"
 115      789B3F04 
 115      113D046F 
 115      DF5035B4 
 115      871C
 116 0314 820B9AF9 		.ascii	"\202\013\232\371b\343\020t\020\335\354\352\340\357f"
 116      62E31074 
 116      10DDECEA 
 116      E0EF66
 117 0323 AD8C145C 		.ascii	"\255\214\024\\j\234\202\216\272)H\250)\210\252)X\256"
 117      6A9C828E 
 117      BA2948A8 
 117      2988AA29 
 117      58AE
 118 0335 1C1E69EA 		.ascii	"\034\036i\352\021\363\245\356\325W\376#\346\300\355"
 118      11F3A5EE 
 118      D557FE23 
 118      E6C0ED
 119 0344 C22D831E 		.ascii	"\302-\203\0361x\242\276&3\227+'\313\001\177\355!d\372"
 119      3178A2BE 
 119      2633972B 
ARM GAS  /tmp/ccKHDXUV.s 			page 9


 119      27CB017F 
 119      ED2164FA 
 120 0358 6FC0BB8B 		.ascii	"o\300\273\213Sy\207\276z%z\003\356Z\271\376\007\017"
 120      537987BE 
 120      7A257A03 
 120      EE5AB9FE 
 120      070F
 121 036a 243C2BDF 		.ascii	"$<+\337\253\026|+5|\2434\334\333v-\347\324i\370\316"
 121      AB167C2B 
 121      357CA334 
 121      DCDB762D 
 121      E7D469F8 
 122 037f D7C051C3 		.ascii	"\327\300Q\303\274\257a\374\326\312,'\015)\270L\012\306"
 122      BCAF61FC 
 122      D6CA2C27 
 122      0D29B84C 
 122      0AC6
 123 0391 AAD3C19C 		.ascii	"\252\323\301\234w\206j\352\202\256\360\373\206\001\352"
 123      77866AEA 
 123      82AEF0FB 
 123      8601EA
 124 03a0 925CFE1B 		.ascii	"\222\\\376\033\251\271q\371A3_\301q\351\362\307%\246"
 124      A9B971F9 
 124      41335FC1 
 124      71E9F2C7 
 124      25A6
 125 03b2 C765A6AC 		.ascii	"\307e\246\254\024\257\0159.W5\363\265\306\307q\267\244"
 125      14AF0D39 
 125      2E5735F3 
 125      B5C6C771 
 125      B7A4
 126 03c4 7BF0F9DB 		.ascii	"{\360\371\333-Y\366\216/\317\250\011r\340\307\332\254"
 126      2D59F68E 
 126      2FCFA809 
 126      72E0C7DA 
 126      AC
 127 03d5 B86A56E2 		.ascii	"\270jV\3428+\277\302+\303KC\376\217T\030\344\266\364"
 127      382BBFC2 
 127      2BC34B43 
 127      FE8F5418 
 127      E4B6F4
 128 03e8 FE919E9E 		.ascii	"\376\221\236\236\014\375m\334\224y\341\231\336\314\213"
 128      0CFD6DDC 
 128      9479E199 
 128      DECC8B
 129 03f7 1B5F7A79 		.ascii	"\033_zyS\346\311\247\036\177t\003\341c\3537o\306\310"
 129      53E6C9A7 
 129      1E7F7403 
 129      E163EB37 
 129      6FC6C8
 130 040a D3BDBDCF 		.ascii	"\323\275\275\317\367<\307\376\001\257\341\035\265"
 130      F73CC7FE 
 130      01AFE11D 
 130      B5
 131              		.text
 132              		.section	.gnu.lto_.symbol_nodes.e6f2ef74566a0047,"",%progbits
 133 0000 789C6365 		.ascii	"x\234ce`b\360`\000\002\246\273\214\365\014\014\023\316"
ARM GAS  /tmp/ccKHDXUV.s 			page 10


 133      6062F060 
 133      0002A6BB 
 133      8CF50C0C 
 133      13CE
 134 0012 313000A9 		.ascii	"10\000\251]\015\216@\221{\214\365\214(\"\254\267\031"
 134      5D0D8E40 
 134      917B8CF5 
 134      8C2822AC 
 134      B719
 135 0024 191A9580 		.ascii	"\031\032\225\200\212\031\3573\3263\201\245\030\030\032"
 135      8A19EF33 
 135      D63381A5 
 135      18181A
 136 0033 1A1C1818 		.ascii	"\032\034\030\030\230\201\260\245\353\215<\003\000\235"
 136      9881B0A5 
 136      EB8D3C03 
 136      009D
 137 0041 E01163   		.ascii	"\340\021c"
 138              		.text
 139              		.section	.gnu.lto_.refs.e6f2ef74566a0047,"",%progbits
 140 0000 789C6365 		.ascii	"x\234ce`b`d\000\002\000\000I\000\011"
 140      60626064 
 140      00020000 
 140      490009
 141              		.text
 142              		.section	.gnu.lto_.decls.e6f2ef74566a0047,"",%progbits
 143 0000 789CA556 		.ascii	"x\234\245V}PT\327\025\177\347\335E`\227\017\007:\035"
 143      7D5054D7 
 143      157FE7DD 
 143      4560970F 
 143      073A1D
 144 0013 A7CD4CAD 		.ascii	"\247\315L\255!#\231\251,\220\374\321\277:\301\005\243"
 144      212399A9 
 144      2C90FCD1 
 144      BF3AC105 
 144      A3
 145 0024 538DCEAE 		.ascii	"S\215\316\2565if:;+\254##\013\216\273t\364\277\307\207"
 145      3569663A 
 145      3B2BAC23 
 145      230B8EBB 
 145      74F4BFC7 
 146 0039 4AE82451 		.ascii	"J\350$Q[\253\220\030\221\032+\202H\320\210\004\324\025"
 146      5BAB9018 
 146      911A2B82 
 146      48D08804 
 146      D415
 147 004b 0812D4A0 		.ascii	"\010\022\324\240T\001\345\033A\024aUTDRB\317\275\367"
 147      5401E51B 
 147      41146155 
 147      54445242 
 147      CFBDF7
 148 005e 2DEFB2AC 		.ascii	"-\357\262\254\231N\373f\317\273\357\334\367;\277{>\356"
 148      994EFB66 
 148      CFBBEFDC 
 148      F73BBF7B 
 148      3EEE
 149 0070 B96F0324 		.ascii	"\271o\003$Y\332\023*IA\262$\365I\2224\203\027\301\361"
ARM GAS  /tmp/ccKHDXUV.s 			page 11


 149      59DA132A 
 149      4941B224 
 149      F5499234 
 149      8317C1F1 
 150 0084 A4A45D54 		.ascii	"\244\244]T/G\251@\251D\001\224\213\322\334\353O8\031"
 150      2F47A940 
 150      A9440194 
 150      8BD2DCEB 
 150      4F3819
 151 0097 8CE30694 		.ascii	"\214\343\006\224\245(C(\203(\015(\036\2241\224G*\257"
 151      A5284328 
 151      83280D28 
 151      1E943194 
 151      472AAF
 152 00aa 0EE526CA 		.ascii	"\016\345&\312\035\224^\224\021a\215'\352\032\276\227"
 152      1D945E94 
 152      11618D27 
 152      EA1ABE97 
 153 00ba 0DF9035F 		.ascii	"\015\371\003_\301\257\247k\003\347\2401\264\241\004"
 153      C1AFA76B 
 153      03E7A031 
 153      B4A104
 154 00c9 00F7B3C2 		.ascii	"\000\367\263\302\017\327\001\002g?n8/\367@\027`\330"
 154      0FD70102 
 154      673F6E38 
 154      2FF74017 
 154      60D8
 155 00db B090CD02 		.ascii	"\260\220\315\002\360;0a\352\214\367\002`\3638+K*\261"
 155      F03B3061 
 155      EA8CF702 
 155      60F3382B 
 155      4B2AB1
 156 00ee 770ABC16 		.ascii	"w\012\274\026\252.\253\252\254R\262\237j\014\002#\177"
 156      AA2EABAA 
 156      AC52B29F 
 156      6A0C0223 
 156      7F
 157 00ff CD57F25E 		.ascii	"\315W\362^<\267\374\201\231y\255A\326\026\000\020\015"
 157      3CB7FC81 
 157      9979AD41 
 157      D6160010 
 157      0D
 158 0110 0442EEB6 		.ascii	"\004B\356\266\372~\326?I\013\016\274\321?)\270zO\337"
 158      FA7ED63F 
 158      490B0EBC 
 158      D13F29B8 
 158      7A4FDF
 159 0123 0BDD74B6 		.ascii	"\013\335t\266\350\035`s\005_|ZA\210\014\364\271\367"
 159      E81D6073 
 159      055F7C5A 
 159      41880CF4 
 159      B9F7
 160 0135 E5F11531 		.ascii	"\345\361\0251e\012\277\202~\245\245\355\333\231\027"
 160      650ABF82 
 160      7EA5A5ED 
 160      DB9917
 161 0144 EEF04F08 		.ascii	"\356\360O\010D\350AF\265\365\361\325C\006T\177\246\207"
ARM GAS  /tmp/ccKHDXUV.s 			page 12


 161      44E84146 
 161      B5F5F1D5 
 161      4306547F 
 161      A687
 162 0156 85A84E66 		.ascii	"\205\250Nf\335\272\244_\364wf\225\243,\224a\303\317"
 162      DDBAA45F 
 162      F4776695 
 162      A32C9461 
 162      C3CF
 163 0168 A10C5E83 		.ascii	"\241\014^\203Rx\015\027?\011\213\360\276Q\307\231\262"
 163      52780D17 
 163      3F098BF0 
 163      BE51C799 
 163      B2
 164 0179 6E7F59A8 		.ascii	"n\177Y\250[R\244\024\365)\356\3139\257\017T*\312N4\323"
 164      5B52A414 
 164      F529EECB 
 164      39AF0F54 
 164      2ACA4E34 
 165 018e 51189400 		.ascii	"Q\030\224\000\201\023\020C]\306G\274\037\207^\200\177"
 165      81131043 
 165      5DC647BC 
 165      1F875E80 
 165      7F
 166 019f 420F0654 		.ascii	"B\017\006T\016K\320\\\271_\323\025NV1ow\237\354;\036"
 166      0E4BD05C 
 166      B95FD315 
 166      4E56316F 
 166      779FEC3B 
 167 01b4 A252352F 		.ascii	"\242R5/+P\334\331H$3\242S\032\321)_\242\012F\364\335"
 167      2B50DCD9 
 167      482433A2 
 167      531AD129 
 167      5FA20A46 
 168 01ca 705D0F21 		.ascii	"p]\017!\0372\242\266\222\362\203\324\247>Eq\267\177"
 168      1F32A2B6 
 168      92F283D4 
 168      A73E4571 
 168      B77F
 169 01dc 1E3B5531 		.ascii	"\036;U1\250\344\351\231\343\360\225F\364\025%\242\017"
 169      A8E4E999 
 169      E3F09546 
 169      F41525A2 
 169      0F
 170 01ed 958CA0BB 		.ascii	"\225\214\240\273\251\244\224`\016\226\352\201\226!\034"
 170      A9A49460 
 170      0E96EA81 
 170      96211C
 171 01fc A74E8D56 		.ascii	"\247N\215V\277\014\345S\224\266\365\323\361\243\201"
 171      BF0CE553 
 171      94B6F5D3 
 171      F1A381
 172 020b 643F30E5 		.ascii	"d?0\345Fn\305\347\204gPG+q\255\360n\030\317\340\342"
 172      466EC5E7 
 172      84675047 
 172      2B71ADF0 
 172      6E18CFE0 
ARM GAS  /tmp/ccKHDXUV.s 			page 13


 173 0220 03442E68 		.ascii	"\003D.hn\257\323A\264\376\030M\241\373r\331\357\012"
 173      6EAFD341 
 173      B4FE184D 
 173      A1FB72D9 
 173      EF0A
 174 0232 C6156531 		.ascii	"\306\025e1T\203\036\276\326<X\252\307{\236\242d+{r\224"
 174      54831EBE 
 174      D63C58AA 
 174      C77B9EA2 
 174      642B7B72 
 175 0247 E0951254 		.ascii	"\340\225\022Ta\222\317b\222\341\034D\323U)\016\316\340"
 175      6192CF62 
 175      92E11C44 
 175      D355290E 
 175      CEE0
 176 0259 E4699CC4 		.ascii	"\344i\234\304UJ\216\356-^@n1\017\344\306\013\235\035"
 176      554A8EEE 
 176      2D5E406E 
 176      310FE4C6 
 176      0B9D1D
 177 026c 3AD047FB 		.ascii	":\320G\373%\250\365C\300\235yQ\263\244q'\315k\015:\363"
 177      25A8F543 
 177      C09D7951 
 177      B3A47127 
 177      CD6B0D3A 
 178 0281 8DE60CFA 		.ascii	"\215\346\014\372\306+z\360\301\320\256@\014\205\276"
 178      C62B7AF0 
 178      C1D0AE40 
 178      0C85BE
 179 0290 5746CF19 		.ascii	"WF\317\031p\252\342\350\320\353$\217\357\251g3G\366"
 179      70AAE2E8 
 179      D0EB248F 
 179      EFA96733 
 179      47F6
 180 02a2 1BDEF887 		.ascii	"\033\336\370\207RT\207\201\335\215,\304\202\0073\354"
 180      52548781 
 180      DD8D2CC4 
 180      820733EC 
 181 02b2 05CE35EB 		.ascii	"\005\3165\353\203\304f\316So.\302\033h\371\331\323\356"
 181      83C466CE 
 181      536F2EC2 
 181      1B68F9D9 
 181      D3EE
 182 02c4 07C13C65 		.ascii	"\007\301<e\321\250\366w\017\347\207\221\203\234\325"
 182      D1A8F677 
 182      0FE78791 
 182      839CD5
 183 02d3 9BBF0896 		.ascii	"\233\277\010\226?8P=\3608\214\024\363wye\237\324\023"
 183      3F38503D 
 183      F0388C14 
 183      F3777965 
 183      9FD413
 184 02e6 7D1EDD8B 		.ascii	"}\036\335\213\377M\230h\261\267\376\371S\0039\306\315"
 184      FF4D9868 
 184      B1B7FEF9 
 184      530339C6 
 184      CD
ARM GAS  /tmp/ccKHDXUV.s 			page 14


 185 02f7 3DB9437D 		.ascii	"=\271C}\006N\275\010\325k\037\355\333/\223Ru\331\353"
 185      064EBD08 
 185      D56B1FED 
 185      DB2F9352 
 185      75D9EB
 186 030a F5F9C1E4 		.ascii	"\365\371\301\3444W\274]\020\301\273 \377\322\355]\301"
 186      3457BC5D 
 186      10C1BB20 
 186      FFD2ED5D 
 186      C1
 187 031b A486BF3B 		.ascii	"\244\206\277;r\277\372\257\341\244\216+\2055\317\232"
 187      72BFFAAF 
 187      E1A48E2B 
 187      8535CF9A 
 188 032b 03383008 		.ascii	"\00380\010\325\332\316\257\215\344\012\177UR\375q\177"
 188      D5DACEAF 
 188      8DE40A7F 
 188      5552FD71 
 188      7F
 189 033c 00B9C995 		.ascii	"\000\271\311\225\273U\271\023:\322\301\225\353\337\364"
 189      BB55B913 
 189      3AD2C195 
 189      EBDFF4
 190 034b 0D85916E 		.ascii	"\015\205\221n\256\324T\3256\252\014\261\250\2369\377"
 190      AED454D5 
 190      36AA0CB1 
 190      A89E39FF 
 191 035b E4CB60BE 		.ascii	"\344\313`\276{\024\202\372\225\266#\345\001\244\217"
 191      7B1482FA 
 191      95B623E5 
 191      01A48F
 192 036a 61C31E4D 		.ascii	"a\303\036M\347\364\033 \212_\221QQ\3218\024+\2719X\312"
 192      E7F41B20 
 192      8A5F9151 
 192      51D13814 
 192      2BB93958 
 193 037f AEDF8CB6 		.ascii	"\256\337\214\266\016*\312\276\020h\300\002\\\301twB"
 193      0E2ACABE 
 193      1068C002 
 193      5CC17477 
 193      42
 194 0390 A4969DEF 		.ascii	"\244\226\235\357X\025\342\360&\025\323M\342\356\031"
 194      5815E2F0 
 194      2615D34D 
 194      E2EE19
 195 039f 5BB43747 		.ascii	"[\2647Gi\212e\365\272\344\013w\213p\312\3378\032\261"
 195      698A65F5 
 195      BAE40B77 
 195      8B70CADF 
 195      381AB1
 196 03b2 8FC1297B 		.ascii	"\217\301){\213/\334H\321U\240\301G\322\260gs\011C7\371"
 196      8B2FDC48 
 196      D155A0C1 
 196      47D2B067 
 196      73094337 
 197 03c7 A21B7DC9 		.ascii	"\242\033}\311\007\004t\263\177\317E\362\001\207\006"
 197      070474B3 
ARM GAS  /tmp/ccKHDXUV.s 			page 15


 197      7FCF45F2 
 197      018706
 198 03d6 FF977FCF 		.ascii	"\377\227\177\317Ex\253\300~\315\027~U\200\357\245M\261"
 198      4578ABC0 
 198      7ECD177E 
 198      5580EFA5 
 198      4DB1
 199 03e8 4751DED1 		.ascii	"GQ\336\321I\320\212\200\033\354\035\205\323\275\334"
 199      49D08A80 
 199      1BEC1D85 
 199      D3BDDC
 200 03f7 83FBAB0F 		.ascii	"\203\373\253\017\242\240\015\245\033\345\016\312M\224"
 200      A2A00DA5 
 200      1BE50ECA 
 200      4D94
 201 0405 0E947694 		.ascii	"\016\224v\224^\224~\224.\224[(\267!\212\235)\334\211"
 201      5E947E94 
 201      2E945B28 
 201      B7218A9D 
 201      29DC89
 202 0418 3AC1E77A 		.ascii	":\301\347z_'\352\346\371\334,\370\374\275\177\237Y\376"
 202      5F27EAE6 
 202      F9DC2CF8 
 202      FCBD7F9F 
 202      59FE
 203 042a 781F7B1E 		.ascii	"x\037{\036Fd)\012P\224\244\366\260\266\362\204X\271"
 203      4664290A 
 203      5094A4F6 
 203      B0B6F284 
 203      58B9
 204 043c CBFE6B21 		.ascii	"\313\376k!.=\265E[\372\272\337B\013\225\233\022\374"
 204      2E3DB545 
 204      5BFABADF 
 204      420B959B 
 204      12FC
 205 044e FCD67F58 		.ascii	"\374\326\177X\014\215\033\371yYY\267\201\034&\354\300"
 205      0C8D1BF9 
 205      795959B7 
 205      811C26EC 
 205      C0
 206 045f 3A7D61F4 		.ascii	":}a\364P DG\252\376\217-\300o\022\014\242\361\200v\012"
 206      50204447 
 206      AAFE8F2D 
 206      C06F120C 
 206      A2F18076 
 207 0474 D168FC17 		.ascii	"\321h\374\027\005\356b-\376\337\272\240K9gw\037 !\371"
 207      05EE622D 
 207      FEDFBAA0 
 207      4B396777 
 207      1F2021F9 
 208 0488 B38726F3 		.ascii	"\263\207&\363@;\263\206 \204}\024pDp\225\247\264*\224"
 208      403BB386 
 208      20847D14 
 208      70447095 
 208      A7B42A94 
 209 049c 37A61B8D 		.ascii	"7\246\033\215u\235\331_\224\350 \022{Pt\361\036Z\363"
 209      759DD95F 
ARM GAS  /tmp/ccKHDXUV.s 			page 16


 209      94E82012 
 209      7B5074F1 
 209      1E5AF3
 210 04af FA0CABFE 		.ascii	"\372\014\253\376=@\377Fp\335\373s\366\303\304\210P\025"
 210      3D40FF46 
 210      70DDFB73 
 210      F6C3C488 
 210      5015
 211 04c1 BA21865F 		.ascii	"\272!\206_\321O<C=#\274\302\303\376*\354\021\271\256"
 211      D14F3C43 
 211      3D23BCC2 
 211      C3FE2AEC 
 211      11B9AE
 212 04d4 FBE5F216 		.ascii	"\373\345\362\026\241\260\262\341b )\345E(9\337U\254"
 212      A1B0B2E1 
 212      622029E5 
 212      452839DF 
 212      55AC
 213 04e6 9B2DC28F 		.ascii	"\233-\302\217#\254\010ch\373P+\302\360\274\"x#\204Q"
 213      23AC0863 
 213      68FB502B 
 213      C2F0BC22 
 213      78238451 
 214 04fa 0CEC5541 		.ascii	"\014\354UA\322\257p\311\324$\210\311\035\233\223\\\217"
 214      D2AF70C9 
 214      D42488C9 
 214      1D9B935C 
 214      8F
 215 050b 9A5C0F4B 		.ascii	"\232\\\017Kn\357d{O\210\010\246\037h\015\374\010B\274"
 215      6EEF647B 
 215      4F8808A6 
 215      1F680DFC 
 215      0842BC
 216 051e 0E3D62F8 		.ascii	"\016=b\370C\035\305\027dR\305\342\200\312\251=\277\306"
 216      431DC517 
 216      6452C5E2 
 216      80CAA93D 
 216      BFC6
 217 0530 4FBC9BFE 		.ascii	"O\274\233\376\355\250\377\345!\376\267#\233\377\355"
 217      EDA8FFE5 
 217      21FEB723 
 217      9BFFED
 218 053f 78AC85F2 		.ascii	"x\254\205\362\330\367\337\302\023\366\261\277w\264\372"
 218      D8F7DFC2 
 218      13F6B1BF 
 218      77B4FA
 219 054e 7B99B472 		.ascii	"{\231\264r*O\335\276T\322\306\237\357T\366\367/ \275"
 219      2A4FDDBE 
 219      54D2C69F 
 219      EF54F6F7 
 219      2F20BD
 220 0561 5C192F6C 		.ascii	"\\\031/l|\250'\003\\\371\254\374D.!C\\\351\252\315j"
 220      7CA82703 
 220      5CF9ACFC 
 220      442E2143 
 220      5CE9AACD 
 221 0576 0823635C 		.ascii	"\010#c\\\351?\234=\030@\306\2712Y{\243X\346'{\024\252"
ARM GAS  /tmp/ccKHDXUV.s 			page 17


 221      E93F9C3D 
 221      1840C6B9 
 221      32597BA3 
 221      58E6277B 
 222 058c 27DC7F69 		.ascii	"'\334\177i\"|\003\025\321\177Z\307Z^\376\015\310\004"
 222      227C0315 
 222      D17F5AC7 
 222      5A5EFE0D 
 222      C804
 223 059e C31A0EB7 		.ascii	"\303\032\016\267\037;\023\000\364L\247W\264v\254\277"
 223      1F3B1300 
 223      F44CA757 
 223      B476ACBF 
 224 05ae DD221CEB 		.ascii	"\335\"\034\353/0\232\351Wl\024\261FS\370\376%\313\334"
 224      2F309AE9 
 224      576C14B1 
 224      4653F8FE 
 224      25CBDC
 225 05c1 B45AA05C 		.ascii	"\264Z\240\\9\032v\312Q\360o,R\026\216\273P\262QfPWp"
 225      391A76CA 
 225      51F06F2C 
 225      52168EBB 
 225      50B25166 
 226 05d8 CC41F971 		.ascii	"\314A\371q\316\016\035\370@k\355\037|\327\025Z[=\260"
 226      CE0E1DF8 
 226      406BED1F 
 226      7CD7155A 
 226      5B3DB0
 227 05eb 04F4335F 		.ascii	"\004\3643_\364\374#\274U\200?\365\205\317\373>\214\257"
 227      F4FC23BC 
 227      55803FF5 
 227      85CFFB3E 
 227      8CAF
 228 05fd D5D013BE 		.ascii	"\325\320\023\276\350\253\276\350\272\017\346\036`~\\"
 228      E8ABBEE8 
 228      BA0FE61E 
 228      607E5C
 229 060c 11D07704 		.ascii	"\021\320w\004\364\270\177O\304Flk\341\2158\355\257\021"
 229      F4B87F4F 
 229      C4466C6B 
 229      E18D38ED 
 229      AF11
 230 061e EFB5088D 		.ascii	"\357\265\010\2158\351\267V\342\331)D\365\334\177T|e"
 230      38E9B756 
 230      E2D92944 
 230      F5DC7F54 
 230      7C65
 231 0630 DC2BBB6E 		.ascii	"\334+\273n+\035\006\362\003\357[O\347dv\250vxv\260\276"
 231      2B1D06F2 
 231      03EF5B4F 
 231      E76476A8 
 231      767876B0 
 232 0645 FD488E84 		.ascii	"\375H\216\204\335\362\354f\237\236\327\267\336=\001"
 232      DDF2EC66 
 232      9F9ED7B7 
 232      DE3D01
 233 0654 79B815FE 		.ascii	"y\270\025\376\227m\201n\234\253)k\012\022\333\224\256"
ARM GAS  /tmp/ccKHDXUV.s 			page 18


 233      976D816E 
 233      9CAB296B 
 233      0A12DB94 
 233      AE
 234 0665 AAB569BE 		.ascii	"\252\265i\276\314{\232\216!\233mi\326\264\264\024kj"
 234      CC7B9A8E 
 234      219B6D69 
 234      D6B4B414 
 234      6B6A
 235 0677 7AAA2BE8 		.ascii	"z\252+\350\335\367\376\260\330\024\027'\305\306\304"
 235      DDF7FEB0 
 235      D8141727 
 235      C5C6C4
 236 0686 18F92FC3 		.ascii	"\030\371/\303iD\204qk\3066\227\323hY\277\346\255x~_"
 236      69448471 
 236      6BC63697 
 236      D36859BF 
 236      E6AD787E 
 237 069b 11B77DBB 		.ascii	"\021\267}\273Q\265\215I\226\026:]\216\267\342\255\311"
 237      51B58D49 
 237      96163A5D 
 237      8EB7E2AD 
 237      C9
 238 06ac 6919C95B 		.ascii	"i\031\311[\030U`\212\303\266\012\307\370\237bZ\275:"
 238      1855608A 
 238      C3B60AC7 
 238      F89F625A 
 238      BD3A
 239 06be D198B826 		.ascii	"\321\230\270&\341\317qFn\21661\233%\275\325\232\231"
 239      E1CF7146 
 239      6E8E3631 
 239      9B25BDD5 
 239      9A99
 240 06d0 9AEE42DD 		.ascii	"\232\356B\335\365\2661\323\271\315h\333\346X\226\236"
 240      F5B631D3 
 240      B9CD68DB 
 240      E658969E 
 241 06e0 916E5F66 		.ascii	"\221n_f\267mL5\246\246'\247e\246\330\215\016[\362\346"
 241      B76D4C35 
 241      A6A627A7 
 241      65A6D88D 
 241      0E5BF2E6 
 242 06f4 D474BBD1 		.ascii	"\324t\273\321\232b\337d\313LsY];\266\332\235h\037\344"
 242      9A62DF64 
 242      CB4C7359 
 242      5D3BB6DA 
 242      9D681FE4 
 243 0708 B57EF327 		.ascii	"\265~\363'\254\235;\234F\253\323\225\202P4\011\267\354"
 243      AC9D3B9C 
 243      46ABD395 
 243      82503409 
 243      B7EC
 244 071a 70BAEC0E 		.ascii	"p\272\354\016S\3066\273\211\206\020lN\262$\2317$%\306"
 244      53C636BB 
 244      8986106C 
 244      4EB22499 
 244      372425C6 
ARM GAS  /tmp/ccKHDXUV.s 			page 19


 245 072e 1293C5AC 		.ascii	"\022\223\305\254[\236h2\007&\254[\036\227\364\036\033"
 245      5B9E6832 
 245      0726AC5B 
 245      1E97F41E 
 245      1B
 246 073f E3715C90 		.ascii	"\343q\\\220\260r9\016At\332lY\317\036\342\351\0031\255"
 246      B072390E 
 246      4174DA6C 
 246      59CF1EE2 
 246      E90331AD 
 247 0753 32EB4C2B 		.ascii	"2\353L+\3365\313&s\000\035\343\177+\346 9\303\341\310"
 247      DE35CB26 
 247      73001DE3 
 247      7F2BE620 
 247      39C3E1C8 
 248 0767 4837DAB7 		.ascii	"H7\332\267\273\214\2465\226U\026L\205\220Q\226\207M"
 248      BB8CA635 
 248      9655164C 
 248      85905196 
 248      874D
 249 0779 71B1B1DB 		.ascii	"q\261\261\3337\242[\006\263\311d]\217a%\3327\031\326"
 249      37A25B06 
 249      B3C9645D 
 249      8F6125DA 
 249      3719D6
 250 078c BD6FF63E 		.ascii	"\275o\366>\377\302[\264\215\266\344-\231[\255)\031\016"
 250      FFC25BB4 
 250      8DB6E42D 
 250      995BAD29 
 250      190E
 251 079e 5B6A3ACB 		.ascii	"[j:\313;Y\273\334\034\344\365^N0\313\026s\340\332u\353"
 251      3B59BBDC 
 251      1CE4F55E 
 251      4E30CB16 
 251      73E0DA75 
 252 07b3 7F9FF447 		.ascii	"\177\237\364G\263\216\336H\202\311\254{\337\274\316"
 252      B38EDE48 
 252      82C9AC7B 
 252      DFBCCE
 253 07c2 1CBA6275 		.ascii	"\034\272bu\202e\245\227\361?\0256~\325"
 253      8265A597 
 253      F13F1536 
 253      7ED5
 254              		.text
 255              		.section	.gnu.lto_.symtab.e6f2ef74566a0047,"",%progbits
 256 0000 68616C5F 		.ascii	"hal_lld_init\000"
 256      6C6C645F 
 256      696E6974 
 256      00
 257 000d 00       		.ascii	"\000"
 258 000e 00       		.ascii	"\000"
 259 000f 00       		.ascii	"\000"
 260 0010 00000000 		.ascii	"\000\000\000\000\000\000\000\000"
 260      00000000 
 261 0018 AE000000 		.ascii	"\256\000\000\000"
 262 001c 73746D33 		.ascii	"stm32_clock_init\000"
 262      325F636C 
ARM GAS  /tmp/ccKHDXUV.s 			page 20


 262      6F636B5F 
 262      696E6974 
 262      00
 263 002d 00       		.ascii	"\000"
 264 002e 00       		.ascii	"\000"
 265 002f 00       		.ascii	"\000"
 266 0030 00000000 		.ascii	"\000\000\000\000\000\000\000\000"
 266      00000000 
 267 0038 B0000000 		.ascii	"\260\000\000\000"
 268 003c 53797374 		.ascii	"SystemCoreClock\000"
 268      656D436F 
 268      7265436C 
 268      6F636B00 
 269 004c 00       		.ascii	"\000"
 270 004d 00       		.ascii	"\000"
 271 004e 00       		.ascii	"\000"
 272 004f 00000000 		.ascii	"\000\000\000\000\000\000\000\000"
 272      00000000 
 273 0057 BF000000 		.ascii	"\277\000\000\000"
 274 005b 646D6149 		.ascii	"dmaInit\000"
 274      6E697400 
 275 0063 00       		.ascii	"\000"
 276 0064 02       		.ascii	"\002"
 277 0065 00       		.ascii	"\000"
 278 0066 00000000 		.ascii	"\000\000\000\000\000\000\000\000"
 278      00000000 
 279 006e B2000000 		.ascii	"\262\000\000\000"
 280              		.text
 281              		.section	.gnu.lto_.opts,"",%progbits
 282 0000 272D666D 		.ascii	"'-fmath-errno' '-fsigned-zeros' '-ftrapping-math' '"
 282      6174682D 
 282      6572726E 
 282      6F272027 
 282      2D667369 
 283 0033 2D666E6F 		.ascii	"-fno-trapv' '-fno-openmp' '-fno-openacc' '-mcpu=cor"
 283      2D747261 
 283      70762720 
 283      272D666E 
 283      6F2D6F70 
 284 0066 7465782D 		.ascii	"tex-m3' '-mno-thumb-interwork' '-mthumb' '-ggdb' '-"
 284      6D332720 
 284      272D6D6E 
 284      6F2D7468 
 284      756D622D 
 285 0099 4F322720 		.ascii	"O2' '-fomit-frame-pointer' '-falign-functions=16' '"
 285      272D666F 
 285      6D69742D 
 285      6672616D 
 285      652D706F 
 286 00cc 2D666675 		.ascii	"-ffunction-sections' '-fdata-sections' '-fno-common"
 286      6E637469 
 286      6F6E2D73 
 286      65637469 
 286      6F6E7327 
 287 00ff 2720272D 		.ascii	"' '-flto'\000"
 287      666C746F 
 287      2700
ARM GAS  /tmp/ccKHDXUV.s 			page 21


 288              		.text
 289              		.comm	__gnu_lto_v1,1,1
 290              		.comm	__gnu_lto_slim,1,1
 291              		.ident	"GCC: (GNU Tools for ARM Embedded Processors 6-2017-q2-update) 6.3.1 20170620 (release) [AR
ARM GAS  /tmp/ccKHDXUV.s 			page 22


DEFINED SYMBOLS
                            *ABS*:0000000000000000 hal_lld.c
                            *COM*:0000000000000001 __gnu_lto_v1
                            *COM*:0000000000000001 __gnu_lto_slim

NO UNDEFINED SYMBOLS
