ARM GAS  /tmp/ccfcoODT.s 			page 1


   1              		.cpu cortex-m3
   2              		.eabi_attribute 20, 1
   3              		.eabi_attribute 21, 1
   4              		.eabi_attribute 23, 3
   5              		.eabi_attribute 24, 1
   6              		.eabi_attribute 25, 1
   7              		.eabi_attribute 26, 1
   8              		.eabi_attribute 30, 2
   9              		.eabi_attribute 34, 1
  10              		.eabi_attribute 18, 4
  11              		.file	"nvic.c"
  12              		.text
  13              	.Ltext0:
  14              		.section	.gnu.lto_.profile.8218938b804d6c4f,"",%progbits
  15 0000 789C6365 		.ascii	"x\234ce`b`a```d\220\022\003\000\000\312\000="
  15      60626061 
  15      60606064 
  15      90120300 
  15      00CA003D 
  16              		.text
  17              		.section	.gnu.lto_.icf.8218938b804d6c4f,"",%progbits
  18 0000 789C6365 		.ascii	"x\234ce`b\220b@\000\026\206\027\337\372'q3~\336ur'\033"
  18      60629062 
  18      40001686 
  18      17DFFA27 
  18      71337EDE 
  19 0018 D385E635 		.ascii	"\323\205\3465\217\270\231;\356\375hab\000\000\253P\014"
  19      8FB8993B 
  19      EEFD6861 
  19      620000AB 
  19      500C
  20 002a 3B       		.ascii	";"
  21              		.text
  22              		.section	.gnu.lto_.jmpfuncs.8218938b804d6c4f,"",%progbits
  23 0000 789C6365 		.ascii	"x\234ce`b\220b@\000\026\006&FF\346\372zF \250g\202\260"
  23      60629062 
  23      40001606 
  23      264646E6 
  23      FA7A4620 
  24 0018 99416C06 		.ascii	"\231Al\006\000)\250\003:"
  24      0029A803 
  24      3A
  25              		.text
  26              		.section	.gnu.lto_.inline.8218938b804d6c4f,"",%progbits
  27 0000 789C4D8C 		.ascii	"x\234M\214\321\021\2000\014B!M\323\350\217#\324\011"
  27      D1118030 
  27      0C42214D 
  27      D3E88F23 
  27      D409
  28 0012 5CD2453A 		.ascii	"\\\322E:\222\2438\202\261\236U>\270\343\036\220!\330"
  28      92A33882 
  28      B19E553E 
  28      B8E31E90 
  28      21D8
  29 0024 F1498179 		.ascii	"\361I\201y\242pe\204\333\324\316\015\326\252@\216E\021"
  29      A2706584 
  29      DBD4CE0D 
ARM GAS  /tmp/ccfcoODT.s 			page 2


  29      D6AA408E 
  29      4511
  30 0036 C9833808 		.ascii	"\311\2038\010/d\257$m\365\251\004\325~\"\310J\366\227"
  30      2F64AF24 
  30      6DF5A904 
  30      D57E22C8 
  30      4AF697
  31 0049 14BBDF41 		.ascii	"\024\273\337A(\241\330;\035pLq\001\226\277\015\245"
  31      28A1D83B 
  31      1D704C71 
  31      0196BF0D 
  31      A5
  32              		.text
  33              		.section	.gnu.lto_.pureconst.8218938b804d6c4f,"",%progbits
  34 0000 789C6365 		.ascii	"x\234ce`b\340d```a\220b\224b\222b\226\002\000\002\321"
  34      6062E064 
  34      60606061 
  34      90629462 
  34      92629602 
  35 0017 0083     		.ascii	"\000\203"
  36              		.text
  37              		.section	.gnu.lto_nvicEnableVector.8218938b804d6c4f,"",%progbits
  38 0000 789C9D53 		.ascii	"x\234\235S\317k\023Q\020~\337N\222M\332$\236\305`{\020"
  38      CF6B1351 
  38      107EDF4E 
  38      924DDA24 
  38      9EC5607B 
  39 0015 4211B216 		.ascii	"B\021\262\026\374\007T\360\326\213\377\201\344b\301"
  39      FC0754F0 
  39      D68BFF81 
  39      E462C1
  40 0024 26A595E2 		.ascii	"&\245\225\342\255/IM0\026-\332$V\014\033\241\332\264"
  40      AD2F494D 
  40      30162DDA 
  40      24560C1B 
  40      A1DAB4
  41 0037 B54D53AB 		.ascii	"\265MS\2536U!\204\202\344PE\361&x0\242\344\020\251\301"
  41      36552184 
  41      82E45045 
  41      F1267830 
  41      A2E410A9 
  42 004c 8387A63A 		.ascii	"\203\207\246:o7\240\240\036\364\261\373~\314|\337\314"
  42      6F37A0A0 
  42      1EF4B1FB 
  42      7ECC7CDF 
  42      CC
  43 005d 7CF3769D 		.ascii	"|\363v\235B\023'I\210\343B\210C\374\202\004\264\231"
  43      42132749 
  43      88E34288 
  43      43FC8204 
  43      B499
  44 006f 1742C4DC 		.ascii	"\027B\304\334\032\2406\322\0151\251a\022\327(G\250\245"
  44      1AA036D2 
  44      0D31A961 
  44      12D72847 
  44      A8A5
  45 0081 3E56B481 		.ascii	">V\264\201\005\311\243\232k\037\224\305*L\246\317\361"
ARM GAS  /tmp/ccfcoODT.s 			page 3


  45      05C9A39A 
  45      6B1F94C5 
  45      2A4CA6CF 
  45      F1
  46 0092 AB061630 		.ascii	"\253\006\0260\300\250WSk\267\351*\231\0048\370\370e"
  46      C0A85753 
  46      6BB7E92A 
  46      990438F8 
  46      F865
  47 00a4 E756C3AF 		.ascii	"\347V\303\257\216\032\372\371\330\221\263Y?\205 x?W"
  47      8E1AFAF9 
  47      D891B359 
  47      3F852078 
  47      3F57
  48 00b6 CBBCF505 		.ascii	"\313\274\365\005\357J\031\227\325\355Y\222GL\",\201"
  48      EF4A1997 
  48      D5ED5992 
  48      474C222C 
  48      81
  49 00c7 38201611 		.ascii	"8 \026\021@\021\001\301&\201e\004\031\276\034\377\324"
  49      401101C1 
  49      26816504 
  49      19BE1CFF 
  49      D4
  50 00d8 223A6651 		.ascii	"\":fQ/\327;\015\275K\375\220\351R\357\377\201\272\202"
  50      2FD73B0D 
  50      BD4BFD90 
  50      E952EFFF 
  50      81BA82
  51 00eb A0C2BF2F 		.ascii	"\240\302\277/\357g|.\207]+V\341\002\257\245\327\250"
  51      EF677C2E 
  51      875D2B56 
  51      E102AFA5 
  51      D7A8
  52 00fd CAFDEF29 		.ascii	"\312\375\357)Y}s\017\271\323^@\3015&:HMN\250\314:o\235"
  52      597D730F 
  52      B9D35E40 
  52      C135263A 
  52      484D4EA8 
  53 0115 6E357978 		.ascii	"n5yxr\011\221\346\030\2529WHS+5\021o\247:\245\036\025"
  53      720991E6 
  53      18AA3957 
  53      48532B35 
  53      116FA73A 
  54 012c 364F5A9E 		.ascii	"6OZ\236 \232H\354&a\033\210m\277\266\305\005\007J\\"
  54      209A48EC 
  54      26611B88 
  54      6DBFB6C5 
  54      05074A5C 
  55 0140 5E13B56C 		.ascii	"^\023\265l\275Oa\330\233\275T{\251+\257n\311\333\270"
  55      BD4F61D8 
  55      9BBD547B 
  55      A92BAF6E 
  55      C9DBB8
  56 0153 F3F99BD7 		.ascii	"\363\371\233\327>\312ZB\372\331t\275\325\336\364\233"
  56      3ECA5A42 
  56      FAD974BD 
ARM GAS  /tmp/ccfcoODT.s 			page 4


  56      D5DEF49B 
  57 0163 C8C7B8FB 		.ascii	"\310\307\270\373\205\303&\271Qf\235k\034H\021v\336\255"
  57      85C326B9 
  57      51669D6B 
  57      1C481176 
  57      DEAD
  58 0175 CF1C3056 		.ascii	"\317\0340V\344TL\366\233\344\301:L\334\264\356EE[\372"
  58      E4544CF6 
  58      9BE4C13A 
  58      4CDCB4EE 
  58      45455BFA 
  59 0189 5AA4C192 		.ascii	"Z\244\301\222r\026\"&\365\340\001\214<9\255;\333\300"
  59      72162226 
  59      F5E0018C 
  59      3C39AD3B 
  59      DBC0
  60 019b 2097A80A 		.ascii	" \227\250\012n'\363\345B\267f\235\335L\254\317o\355"
  60      6E27F3E5 
  60      42B7669D 
  60      DD4CACCF 
  60      6FED
  61 01ad 79ED9A9D 		.ascii	"y\355\232\235xh\325\234\330K.zl\220\333\006\335\230"
  61      7868D59C 
  61      D84B2E7A 
  61      6C90DB06 
  61      DD98
  62 01bf 5FADF814 		.ascii	"_\255\370\024\310\211><\262A\273\311\272n\203<*\377"
  62      C8893E3C 
  62      B241BBC9 
  62      BA6E833C 
  62      2AFF
  63 01d1 F6F3A4DB 		.ascii	"\366\363\244\333\016\003<F\200\251\266z\243\253\376"
  63      0E033C46 
  63      80A9B67A 
  63      A3ABFE
  64 01e0 5FB4F562 		.ascii	"_\264\365b\323\322\206\337\265M\230\344EEi\323-m[J\233"
  64      D3D286DF 
  64      B54D98E4 
  64      454569D3 
  64      2D6D5B4A 
  65 01f5 C74AD54C 		.ascii	"\307J\325L7z\377+\331\023+\231\366\227dO\177&{f'k!^"
  65      377AFF2B 
  65      D9132B99 
  65      F697644F 
  65      7F267B66 
  66 020d 284D5B6D 		.ascii	"(M[m\264~\2124\027\312\037\011\0078\032\012\031\366"
  66      B47E8A34 
  66      17CA1F09 
  66      07381A0A 
  66      19F6
  67 021f 131D37CE 		.ascii	"\023\0357\316\235=o\214F\307.\214\033\341\350\310H4"
  67      9D3D6F8C 
  67      46C72E8C 
  67      1BE1E8C8 
  67      4834
  68 0231 629C3833 		.ascii	"b\23483tj\350\242\021\231\030\016\207\302\002\021\307"
  68      746AE8A2 
ARM GAS  /tmp/ccfcoODT.s 			page 5


  68      1199180E 
  68      87C20211 
  68      C7
  69 0242 E8D870F4 		.ascii	"\350\330p\364\007D\001\025\374"
  69      07440115 
  69      FC
  70              		.text
  71              		.section	.gnu.lto_nvicDisableVector.8218938b804d6c4f,"",%progbits
  72 0000 789C9592 		.ascii	"x\234\225\222\317k\023A\024\307\337w\336&\331\332&^"
  72      CF6B1341 
  72      14C7DF77 
  72      DE26D9DA 
  72      265E
  73 0012 0583F620 		.ascii	"\005\203\366 \224\"d\310\237 \202\267^\374\017$\010"
  73      942264C8 
  73      9F2082B7 
  73      5EFC0F24 
  73      08
  74 0023 0A36112B 		.ascii	"\0126\021+\305['\375\261\205\212Z\264M\255\0306B\244"
  74      C55B27FD 
  74      B1858A5A 
  74      B44DAD18 
  74      3642A4
  75 0036 696B9BFE 		.ascii	"ik\233\376\210\332z\012\213 \001\243(x\022<X\021=T\264"
  75      88DA7A0A 
  75      8B2001A3 
  75      2878123C 
  75      58113D54 
  76 004b F4E0A1AD 		.ascii	"\364\340\241\255\276\331\365 xr\330\235\2317\373y\357"
  76      BED9F520 
  76      7872D89D 
  76      9937FB79 
  76      EF
  77 005c FBDE9B8D 		.ascii	"\373\336\233\215\221\242\363\212H\023\321Qy\301\004"
  77      91A2F38A 
  77      4813D151 
  77      79C104
  78 006b 35F98AA8 		.ascii	"5\371\212\250\350*\300n\214\013\032R\030\302-\236a\004"
  78      E82AC06E 
  78      8C0B1A52 
  78      18C22D9E 
  78      6104
  79 007d E39F3755 		.ascii	"\343\2377U\357\234\221\321\234i\304=3v\304g\242Yy\355"
  79      EF9C91D1 
  79      9C69C43D 
  79      3376C467 
  79      A25979ED 
  80 0091 C01C7A85 		.ascii	"\300\034z\205z3\272r\237o\262\317\200#\346\217\366\275"
  80      7A33BA72 
  80      9F6FB2CF 
  80      8023E68F 
  80      F6BD
  81 00a3 AD943515 		.ascii	"\255\2245\025\272\305\3347S\245\024g@\262\237\015\246"
  81      BAC5DC37 
  81      53A51467 
  81      40B29F0D 
  81      A6
ARM GAS  /tmp/ccfcoODT.s 			page 6


  82 00b4 DF277B1E 		.ascii	"\337'{\036\0323l\232/\247\330\234\360\231\261\000\226"
  82      1A336C9A 
  82      2FA7D89C 
  82      F099B100 
  82      96
  83 00c5 8098471A 		.ascii	"\200\230G\0325\244I\216\010\213\350\261\374\307\325"
  83      35A4498E 
  83      088BE8B1 
  83      FCC7D5
  84 00d4 83E964DC 		.ascii	"\203\351d\334\211\004\361\010q\310Z\177\213\2469\370"
  84      8904F108 
  84      71C85A7F 
  84      8BA639F8 
  85 00e4 356E9A9F 		.ascii	"5n\232\237\252xw\306\005,\256\304\321a;92\305\210&\304"
  85      AA7877C6 
  85      052CAEC4 
  85      D1613B39 
  85      32C58826 
  86 00f9 C756749D 		.ascii	"\307Vt\235\225]\371+Fv\274\366z\0056N\231U\231!\012"
  86      955DF92B 
  86      4676BCF6 
  86      7A05364E 
  86      99559921 
  87 010e ADEAB3BD 		.ascii	"\255\352\263\275.\233l\0141,\211\274`{\336|G\004q\004"
  87      2E9B6C0C 
  87      312C89BC 
  87      607BDE7C 
  87      47047104 
  88 0122 DDA92E6F 		.ascii	"\335\251.o&-\344\3408\226#\350\273\327JD\220\255\271"
  88      262DE4E0 
  88      389623E8 
  88      BBD74A44 
  88      90ADB9
  89 0135 F1FC85E7 		.ascii	"\361\374\205\347Fa\200:\322\342*PPji\313\010P\032\013"
  89      4661803A 
  89      D2E22A50 
  89      506A69CB 
  89      08501A0B 
  90 0149 5E272C10 		.ascii	"^',\020\017\033\321x\360\355gWd\232`\304\244\344\350"
  90      0F1BD178 
  90      F0ED6757 
  90      649A60C4 
  90      A4E4E8
  91 015c F6F6CE46 		.ascii	"\366\366\316F\312G\271(\315\256\034\3639\201U\351\310"
  91      CA47B928 
  91      CDAE1CF3 
  91      398155E9 
  91      C8
  92 016d 8AA85987 		.ascii	"\212\250Y\207\366\207\265\311\303z\311\214\026M\267"
  92      F687B5C9 
  92      C37AC98C 
  92      164DB7
  93 017c CF2ED6E0 		.ascii	"\317.\326\340\343nx\0156\332\302n\215\263u\373\2612"
  93      E36E780D 
  93      36DAC26E 
  93      8DB375FB 
  93      B132
ARM GAS  /tmp/ccfcoODT.s 			page 7


  94 018e E87307D6 		.ascii	"\350s\007\326\241\245\302\360\212\032\310J\2126\231"
  94      A1A5C2F0 
  94      8A1AC84A 
  94      8A3699
  95 019d DD2FB5AD 		.ascii	"\335/\265\255\304\237t\376G\354\020\036\207b\370W,\357"
  95      C49F74FE 
  95      47EC101E 
  95      8762F857 
  95      2CEF
  96 01af 73279E58 		.ascii	"s'\236X1\204bO\221\375\273\326N\0206$\3466\206+\213"
  96      3184624F 
  96      91FDBBD6 
  96      4E103624 
  96      E636862B 
  97 01c4 37C2C687 		.ascii	"7\302\306\207\377\315\204\340r%\222\340\311LFGOa@_8"
  97      FFCD84E0 
  97      722592E0 
  97      C94C4647 
  97      4F61405F 
  98 01d9 77495F2E 		.ascii	"wI_.\\\271:\240s\205\376\376B^\237:\333w\272\357\232"
  98      5CB93AA0 
  98      7385FEFE 
  98      425E9F3A 
  98      DB77BAEF 
  99 01ee CE0F5ECC 		.ascii	"\316\017^\314er\204\374o\002\365\321\032"
  99      657284FC 
  99      6F02F5D1 
  99      1A
 100              		.text
 101              		.section	.gnu.lto_nvicSetSystemHandlerPriority.8218938b804d6c4f,"",%progbits
 102 0000 789C6D51 		.ascii	"x\234mQ\317KTQ\024>\337=\357WA\256\245\\\270\010\006"
 102      CF4B5451 
 102      143EDF3D 
 102      EF5741AE 
 102      A55CB808 
 103 0015 89E6E1A6 		.ascii	"\211\346\341\246E\273p\355\246\377@\306@A\347\311\030"
 103      45BB70ED 
 103      A6FF40C6 
 103      4041E7C9 
 103      18
 104 0026 D1CEFBDE 		.ascii	"\321\316\373\336\250C\006\026\3258\032=\336\200\204"
 104      A8430616 
 104      D5381A3D 
 104      DE8084
 105 0035 A5D968B5 		.ascii	"\245\331h\265\031\032b\230U\263\260\250\245\2732\212"
 105      191A6298 
 105      55B3B0A8 
 105      A5BB328A 
 106 0045 8106FAE1 		.ascii	"\201\006\372\3416\353\334\347\004-\272\334\373\336="
 106      36EBDCE7 
 106      042DBADC 
 106      FBDE3D
 107 0054 3FBE73BF 		.ascii	"?\276s\277\357\034\233\024uAt\221\210\316\310\001\023"
 107      EF1C9B14 
 107      75417491 
 107      88CEC801 
 107      13
ARM GAS  /tmp/ccfcoODT.s 			page 8


 108 0065 D4ED3744 		.ascii	"\324\3557D\241\247\000s\321\036hNa\016\267\270\302h"
 108      A1A70073 
 108      D11E684E 
 108      610EB7B8 
 108      C268
 109 0077 953ED7D5 		.ascii	"\225>\327\325\320\206\226\325\254\034:\213z\241?a\242"
 109      D08696D5 
 109      AC1C3A8B 
 109      7AA13F61 
 109      A2
 110 0088 35396661 		.ascii	"59fa\003C\222\365n~\347\001/s\302\200%\346\367\275\373"
 110      034392F5 
 110      6E7EE701 
 110      2F73C280 
 110      25E6F7BD 
 111 009d 077DC654 		.ascii	"\007}\306T\030\024\263x\367U\303\343,H\356]\335\016"
 111      1814B378 
 111      F755C3E3 
 111      2C48EE5D 
 111      DD0E
 112 00af 9DCC43AD 		.ascii	"\235\314C\255#\335\374Tf}6a\306&X\012\3421\006\360\010"
 112      23DDFC54 
 112      667D3661 
 112      C626580A 
 112      E23106F0 
 113 00c4 03242EC2 		.ascii	"\003$.\302\0262\222\276\025}\3512_H\2417\332\277\016"
 113      163292BE 
 113      157DE932 
 113      5F48A137 
 113      DABF0E
 114 00d7 DC1EF4B0 		.ascii	"\334\036\364\260\322\203>\371\017t\033\031\223\377q"
 114      D2833EF9 
 114      0F741B19 
 114      93FF71
 115 00e6 F7A87CCA 		.ascii	"\367\250|\312\261\326\377\322\305S8\242\234j\357\321"
 115      B1D6FFD2 
 115      C55338A2 
 115      9C6AEFD1 
 116 00f6 D447BF4B 		.ascii	"\324G\277KB\240\177\377\247\347\002\006\241\004k\261"
 116      42A07FFF 
 116      A7E70206 
 116      A1046BB1 
 117 0106 F9D8308F 		.ascii	"\371\3300\217\023-\011\3104\344&+\363\347\016\242\037"
 117      132D09C8 
 117      34E4262B 
 117      F3E70EA2 
 117      1F
 118 0117 A5BD7A03 		.ascii	"\245\275z\003\246P\314*fP\007\305o\213=\007\213\357"
 118      A650CC2A 
 118      665007C5 
 118      6F8B3D07 
 118      8BEF
 119 0129 DF5ED8B0 		.ascii	"\337^\330\260P\023N\035\264V\332\347M\216DW\026Zo]\023"
 119      50134E1D 
 119      B456DAE7 
 119      4D8E4457 
 119      165A6F5D 
ARM GAS  /tmp/ccfcoODT.s 			page 9


 120 013e 75524D61 		.ascii	"uRMa\275q\317>6\365~Q\367\031\374j\364\301K\020\207"
 120      BD71CF3E 
 120      36F57E51 
 120      F719FC6A 
 120      F4C14B10 
 121 0153 D2F2EAE9 		.ascii	"\322\362\352\351\204]\354\212\270\035)d\000_\313\257"
 121      845DEC8A 
 121      B81D2964 
 121      005FCBAF 
 122 0163 374FFADB 		.ascii	"7O\372\333z>\324\203\011{x\206\004\253\3510$\270~'\036"
 122      7A3ED483 
 122      097B7886 
 122      04ABE930 
 122      24B87E27 
 123 0178 19AE9958 		.ascii	"\031\256\231X5\237\360\011<\207\037\263\235\316\351"
 123      359FF009 
 123      3C871FB3 
 123      9DCEE9
 124 0187 058685A1 		.ascii	"\005\206\205\241\214>\252\276\\N\011\247\363[\022\015"
 124      8C3EAABE 
 124      5C4E09A7 
 124      F35B120D 
 125 0197 A24D119D 		.ascii	"\242M\021\235\313f\375\343\035\314\372\023cS\376LP\270"
 125      CB66FDE3 
 125      1DCCFA13 
 125      6353FE4C 
 125      50B8
 126 01a9 3AEBE782 		.ascii	":\353\347\202\351\351 \357_\272<:2z\335\317_\233\314"
 126      E9E920EF 
 126      5FBA3C3A 
 126      327ADDCF 
 126      5F9BCC
 127 01bc 6573E44E 		.ascii	"es\344N\214\345\307\247\256\024\254\231\302d\360\007"
 127      8CE5C7A7 
 127      AE14AC99 
 127      C264F007 
 128 01cc EEC2ACC0 		.ascii	"\356\302\254\300"
 129              		.text
 130              		.section	.gnu.lto_nvicClearPending.8218938b804d6c4f,"",%progbits
 131 0000 789C2D51 		.ascii	"x\234-Q\317O\023Q\020\236\357\315n[\022Z\257&6\312\301"
 131      CF4F1351 
 131      109EEFCD 
 131      6E5B125A 
 131      AF2636CA 
 132 0015 8410927D 		.ascii	"\204\020\222}\341O0\036<q\361?0\275h\"\255\021C\274"
 132      E14F301E 
 132      3C71F13F 
 132      30BD6822 
 132      AD1143BC 
 133 0029 F15AA08D 		.ascii	"\361Z\240\215\230\010Q(bl\266\306\032~(\024\320\203"
 133      98085128 
 133      626CB6C6 
 133      1A7E2814 
 133      D083
 134 003b E0A5D978 		.ascii	"\340\245\331x\341\200\006\257\032\017\232\230x\200h"
 134      E18006AF 
 134      1A0F9A98 
ARM GAS  /tmp/ccfcoODT.s 			page 10


 134      788068
 135 004a E3C103A0 		.ascii	"\343\301\003\2403\273\274\354{;\363\275o\276\2317\343"
 135      33BBBCEC 
 135      7B3BF3BD 
 135      6FBE9937 
 135      E3
 136 005b 93A14310 		.ascii	"\223\241C\020Y\":'\033L0\263\037\210\312\031\003\250"
 136      59223A27 
 136      1B4C30B3 
 136      1F88CA19 
 136      03A8
 137 006d E132A071 		.ascii	"\3412\240q\203q\314\360\002#\252\375\3306\003KNVga'"
 137      8371CCF0 
 137      0223AAFD 
 137      D836034B 
 137      4E566761 
 138 0082 5D755367 		.ascii	"]uSgC&Z\224\255\013K\030\020\326\376\344\306S~\300!"
 138      43265A94 
 138      AD0B4B18 
 138      10D6FEE4 
 138      C6537EC0 
 139 0097 039EB8BF 		.ascii	"\003\236\270\277\367\236|\317\251k\320'\356\261\233"
 139      F79E7CCF 
 139      A96BD027 
 139      EEB19B
 140 00a6 ABE73800 		.ascii	"\253\3478\000\211\275\030\315\177\316\366\277p\256\342"
 140      89BD18CD 
 140      7FCEF6BF 
 140      70AEE2
 141 00b5 3AEFE7D8 		.ascii	":\357\347\330]\014\231\261\012\026A\254 \217e\344I "
 141      5D0C99B1 
 141      0A1641AC 
 141      208F65E4 
 141      4920
 142 00c7 C24BF42B 		.ascii	"\302K\364+\377\333\346\311|6\345%\011\361\012)\251\235"
 142      FFDBE6C9 
 142      7C36E525 
 142      09F10A29 
 142      A99D
 143 00d9 DA9FD071 		.ascii	"\332\237\320q'\377j\256\363\245\205\375+\031@\351F\002"
 143      27FF6AAE 
 143      F3A585FD 
 143      2B1940E9 
 143      4602
 144 00eb 3DD6C393 		.ascii	"=\326\303\223\303\367\325\"\232\226@}\326}6\372\347"
 144      C3F7D522 
 144      9A96407D 
 144      D67D36FA 
 144      E7
 145 00fc 9F98E856 		.ascii	"\237\230\350V\217\3375\241b\0156\015\206\244\331m\355"
 145      8FDF35A1 
 145      620D360D 
 145      86A4D96D 
 145      ED
 146 010d 1CF56AC5 		.ascii	"\034\365j\305>|\254I\015B;\252\336\353IH\234\220\036"
 146      3E7CAC49 
 146      0D423BAA 
ARM GAS  /tmp/ccfcoODT.s 			page 11


 146      DEEB4948 
 146      9C901E
 147 0120 B5D6B7B3 		.ascii	"\265\326\267\263J\362p\001\353\011\351Wu%\235\220<\014"
 147      4AF27001 
 147      EB09E957 
 147      75259D90 
 147      3C0C
 148 0132 E6852A60 		.ascii	"\346\205*`\245[;U\367\005\026 \252\357\006\012\210F"
 148      A55B3B55 
 148      F7051620 
 148      AAEF060A 
 148      8846
 149 0144 7D2AFA98 		.ascii	"}*\372\230V\215T\334\2167\317\016\377\366&\256\213&"
 149      568D54DC 
 149      8E37CF0E 
 149      FFF626AE 
 149      8B26
 150 0156 5C4EA087 		.ascii	"\\N\240\207\007\335\267\271\020\215\262\264\274y>\344"
 150      07DDB7B9 
 150      108DB2B4 
 150      BC793EE4 
 151 0166 3436A42F 		.ascii	"46\244/mI\247\001{_\267f\317\33057Yv}!g\260\211\020"
 151      6D49A701 
 151      7B5FB766 
 151      CFD83537 
 151      59767D21 
 152 017e 8FE361A8 		.ascii	"\217\343a\250\332\352\237e\036j\353es,\344\036l\301"
 152      DAEA9F65 
 152      1E6AEB65 
 152      732CE41E 
 152      6CC1
 153 0190 CA13E341 		.ascii	"\312\023\343A\275\306\220\324C\007\2504\237\317\304"
 153      BDC690D4 
 153      4307A834 
 153      9FCFC4
 154 019f E5C5039C 		.ascii	"\345\305\003\234fh[\2043\030\0046\371J\243\366\372\265"
 154      66685B84 
 154      33180436 
 154      F94AA3F6 
 154      FAB5
 155 01b1 9BF656E9 		.ascii	"\233\366V\351\366\235Q[(\215\214\224\212\366\322\325"
 155      F69D515B 
 155      288D8C94 
 155      8AF6D2D5 
 156 01c1 E1CBC377 		.ascii	"\341\313\303wmq\354F!(\020\212\377\00145\250\304"
 156      6D71EC46 
 156      2128108A 
 156      FF013435 
 156      A8C4
 157              		.text
 158              		.section	.gnu.lto_.symbol_nodes.8218938b804d6c4f,"",%progbits
 159 0000 789C6365 		.ascii	"x\234ce`b\360b\000\002\246\333\214\365\014\014\023\316"
 159      6062F062 
 159      0002A6DB 
 159      8CF50C0C 
 159      13CE
 160 0012 313000A9 		.ascii	"10\000\251]\015\216@\221;\214\365\214\250\"w\031\353"
ARM GAS  /tmp/ccfcoODT.s 			page 12


 160      5D0D8E40 
 160      913B8CF5 
 160      8CA82277 
 160      19EB
 161 0024 995045EE 		.ascii	"\231PE\3561\3263\243\2100\000\000\352X\0232"
 161      31D633A3 
 161      88300000 
 161      EA581332 
 162              		.text
 163              		.section	.gnu.lto_.refs.8218938b804d6c4f,"",%progbits
 164 0000 789C6365 		.ascii	"x\234ce`b`d\000\002\000\000I\000\011"
 164      60626064 
 164      00020000 
 164      490009
 165              		.text
 166              		.section	.gnu.lto_.decls.8218938b804d6c4f,"",%progbits
 167 0000 789CBD59 		.ascii	"x\234\275YkPTG\026\236\276=\3000 \272H%f\227\335JY\246"
 167      6B505447 
 167      169EBE3D 
 167      C03020BA 
 167      48256697 
 168 0018 642B8983 		.ascii	"d+\211\2031\233\315\237\255\225\214\272R[&\324`\254"
 168      319BCD9F 
 168      AD958CBA 
 168      525B26D4 
 168      60AC
 169 002a FDB15514 		.ascii	"\375\261U\024\301\311\312\026B\012p+\376\330\332\213"
 169      C1C9CA16 
 169      420A702B 
 169      FED8DA8B 
 170 003a 40448C04 		.ascii	"@D\214\004\024\037\274\024ADDE\004\001Et@E\036\202\010"
 170      141FBC14 
 170      41444445 
 170      04014574 
 170      40451E82 
 171 004f 22F27210 		.ascii	"\"\362r\020\001y\251<|\201\004\366\364\343\316\\\256"
 171      0179A93C 
 171      7C8104F6 
 171      F4E3CE5C 
 171      AE
 172 0060 33567E6C 		.ascii	"3V~l\355-\317\314\234\356\257O\177}N\367\351s\321A%"
 172      ED2DCFCC 
 172      9CEEAF4F 
 172      7F7D4EF7 
 172      E973D141 
 173 0075 A8FEF49E 		.ascii	"\250\376\364\236J\365\241\240R\035B*\325\034<\016*\225"
 173      4AF5A1A0 
 173      521D422A 
 173      D51C3C0E 
 173      2A95
 174 0087 EAB4CAFA 		.ascii	"\352\264\312\372\250A.\202\\\0061\201T\251\336|\266"
 174      A8412E82 
 174      5C063181 
 174      54A9DE7C 
 174      B6
 175 0098 C1D805F0 		.ascii	"\301\330\005\360\275\011\304\035\304\003\244\010\304"
 175      BD09C41D 
ARM GAS  /tmp/ccfcoODT.s 			page 13


 175      C403A408 
 175      C4
 176 00a5 136439C8 		.ascii	"\023d9\310W\244\0150\213A:\341w\007\310\010\3100\010"
 176      57A40D30 
 176      8B413AE1 
 176      7707C808 
 176      C83008
 177 00b8 0611A0DD 		.ascii	"\006\021\240\335\031\304\011\004\361\371\224\317\277"
 177      19C40904 
 177      F1F994CF 
 177      BF
 178 00c5 A1C3D5C6 		.ascii	"\241\303\325\306\034J\373\222]i\036X\232J\203\330\034"
 178      1C4AFB92 
 178      5D691E58 
 178      9A4A83D8 
 178      1C
 179 00d6 88AF43F9 		.ascii	"\210\257C\371DA\207\326\016\177b\333\010\375A >\210"
 179      444187D6 
 179      0E7F62DB 
 179      08FD4120 
 179      3E88
 180 00e8 D92476FE 		.ascii	"\331$v\376\312\355\231\270\036\211\346\333\214\265c"
 180      CAED99B8 
 180      1E89E6DB 
 180      8CB563
 181 00f7 93F0F5B3 		.ascii	"\223\360\365\263\301\227\014w\3466m\371\370 F%{\256"
 181      C1970C77 
 181      E6366DF9 
 181      F8204625 
 181      7BAE
 182 0109 5508F751 		.ascii	"U\010\367Q\027\2025\241E\264\025!\366\211\250PuNz\020"
 182      178235A1 
 182      45B41521 
 182      F689A850 
 182      754E7A10 
 183 011d A2EDD02A 		.ascii	"\242\355\320*\250\270a\251\011I#\270.pU\340&\351?>\030"
 183      A8B861A9 
 183      094923B8 
 183      2E7055E0 
 183      26E93F3E 
 184 0132 C92CB26E 		.ascii	"\311,\262n6\223\3640\356\354\007\035&\215F\202u\002"
 184      3693F430 
 184      EEEC071D 
 184      268D4682 
 184      7502
 185 0144 84E40364 		.ascii	"\204\344\003d\006\031m\336o\341\247\262.\016I\253\037"
 185      06196DDE 
 185      6FE1A7B2 
 185      2E0E49AB 
 185      1F
 186 0155 4FB939A0 		.ascii	"O\2719\2405\243n\322\232\271\032\321\266\264;\275\331"
 186      35A36ED2 
 186      9AB91AD1 
 186      B6B43BBD 
 186      D9
 187 0166 0286D0C2 		.ascii	"\002\206\320\302o\363\324\211u+N\211\354\321|hu[wM^"
 187      6FF3D489 
ARM GAS  /tmp/ccfcoODT.s 			page 14


 187      752B4E89 
 187      ECD17C68 
 187      755B774D 
 188 017b 3E4EC068 		.ascii	">N\300h\271\026\2219\027BS\301\350\205\251\005\254\211"
 188      B9169139 
 188      174253C1 
 188      E885A905 
 188      AC89
 189 018d 209A7F9A 		.ascii	" \232\177\2328\346\204=\351\357\3331g\323\011\332]\213"
 189      38E6843D 
 189      E9EFDB31 
 189      67D309DA 
 189      5D8B
 190 019f D464D686 		.ascii	"\324d\326\206\324\207n\240zh\321\373\007\261\220R\327"
 190      D4876EA0 
 190      7A68D1FB 
 190      07B19052 
 190      D7
 191 01b0 56A5465E 		.ascii	"V\245F^\332\343d\022\323\334\263\345I;EQ@\205H\213N"
 191      DAE36412 
 191      D3DCB3E5 
 191      493B4551 
 191      4085488B 
 192 01c5 238C4EA2 		.ascii	"#\214N\242\025\204\362r\022\3708Q\334!&F\213\316\353"
 192      1584F272 
 192      12F83851 
 192      DC212646 
 192      8BCEEB
 193 01d8 55A80079 		.ascii	"U\250\000y\2423\310S\205\316\"/2)\301\241S\320\230\017"
 193      A233C853 
 193      85CE222F 
 193      3229C1A1 
 193      53D0980F 
 194 01ec 8D304BDE 		.ascii	"\2150K\336\261\244,G\374wB@\250\276\334yO\215\264^6"
 194      B1A42C47 
 194      FC774240 
 194      A8BEDC79 
 194      4F8DB45E 
 195 0201 C717DB18 		.ascii	"\307\027\333\030\317\270<M_Z\035K\270\024\001\227sV"
 195      CFB83C4D 
 195      5F5A1D4B 
 195      B8140197 
 195      7356
 196 0213 2E408DB9 		.ascii	".@\215\271\241j\312\274HMv\016\001|\243&M\3619\265\323"
 196      A16ACABC 
 196      484D760E 
 196      017CA326 
 196      4DF139B5 
 197 0228 D8D2761E 		.ascii	"\330\322v\036\321\306\353s/M\013\231\003\004\342\233"
 197      D1C6EB73 
 197      2F4D0B99 
 197      0304E29B 
 198 0238 B19B192E 		.ascii	"\261\233\031.\314\001\213@\255\277=\321\346\272\344"
 198      CC018B40 
 198      ADBF3DD1 
 198      E6BAE4
 199 0247 007572B4 		.ascii	"\000ur\264\270H@\233\336Ae@\244\024\210\250\320\005"
ARM GAS  /tmp/ccfcoODT.s 			page 15


 199      B848409B 
 199      DE416540 
 199      A41488A8 
 199      D005
 200 0259 B4043E4B 		.ascii	"\264\004>K\220\232M9s/j\324qi\246\230\331\003\276\312"
 200      909A4D39 
 200      732F6AD4 
 200      7169A698 
 200      D903BECA 
 201 026d 5BF6E89C 		.ascii	"[\366\350\234(\002EQMp(\317\312\021~\302\347\011dF("
 201      28024551 
 201      4D7028CF 
 201      CA117EC2 
 201      E7096446 
 202 0282 17DD870D 		.ascii	"\027\335\207\015p\021-\205\341\255\367+\3060.G\310\016"
 202      70112D85 
 202      E1ADF72B 
 202      C6302E47 
 202      C80E
 203 0294 FD6B67F3 		.ascii	"\375kg\363\177v\263\313\245\202r\271$q9p\256`V\340\\"
 203      7F76B3CB 
 203      A58272B9 
 203      24713970 
 203      AE6056E0 
 204 02a9 9ADF4B11 		.ascii	"\232\337K\021M;D\342-@\241r+\223r%\223\313\224I\341"
 204      4D3B44E2 
 204      2D40A172 
 204      2B937225 
 204      93CB9449 
 205 02be AB91688C 		.ascii	"\253\221h\214\033\030\223\343#\323\027\\%K\277\261X"
 205      1B1893E3 
 205      23D3175C 
 205      254BBFB1 
 205      58
 206 02cf 226BBA62 		.ascii	"\"k\272b\265tEi\311D-U\344\036\364\305\303\314PyY\307"
 206      B5744569 
 206      C9442D55 
 206      E41EF4C5 
 206      C3CC5079 
 207 02e5 4B0D3734 		.ascii	"K\01574\374\333y\224*\255\206*\225\206\252\250\241S"
 207      FCDB7994 
 207      2AAD862A 
 207      9586AAA8 
 207      A153
 208 02f7 AD47CA5D 		.ascii	"\255G\312]Y\230DO\262Q+w\026s}\314\011\364\344\323\017"
 208      5998444F 
 208      B2512B77 
 208      16737DCC 
 208      09F4E4D3 
 209 030c 4B11D313 		.ascii	"K\021\323\023=@\037l\315M]\300\342(\036E\320\22013\023"
 209      3D401F6C 
 209      CD4D5DC0 
 209      E2281E45 
 209      D0903133 
 210 0321 A3C6AF19 		.ascii	"\243\306\257\031\225\007wg\353\371\256\217v \247\240"
 210      95077767 
 210      EBF9AE8F 
ARM GAS  /tmp/ccfcoODT.s 			page 16


 210      7620A7A0 
 211 0331 6468AF8B 		.ascii	"dh\257\2136\216x\226nA\322!mB\025\252%{\012\351<Q\015"
 211      368E7896 
 211      6E41D221 
 211      6D4215AA 
 211      257B0AE9 
 212 0348 DBBE939D 		.ascii	"\333\276\223\235\225\231Z\367D\212\026\305\367\3254"
 212      95995AF7 
 212      448A16C5 
 212      F7D534
 213 0357 46D500BF 		.ascii	"F\325\000\277N\341u\310]\032D\320}9}\231\316\234\271"
 213      4EE175C8 
 213      5D1A44D0 
 213      7D397D99 
 213      CE9CB9
 214 036a 23E83F24 		.ascii	"#\350?$\365f\273q\346\204XS\322\217\373\324\234)9\254"
 214      F566BB71 
 214      E6845853 
 214      D28FFBD4 
 214      9C2939AC 
 215 037e 096D497F 		.ascii	"\011mI\177\306\261\354\220\337+\334w\326\201a\237\022"
 215      C6B1EC90 
 215      DF2BDC77 
 215      D681619F 
 215      12
 216 038f ECF86CCE 		.ascii	"\354\370l\316~G\273<\233$\236\267\030\317\202\330\276"
 216      7E47BB3C 
 216      9B249EB7 
 216      18CF82D8 
 216      BE
 217 03a0 3C0D8CF6 		.ascii	"<\015\214\366\204L\200di\300\223\245\201b\323\344i5"
 217      844C8064 
 217      69C093A5 
 217      8162D3E4 
 217      6935
 218 03b2 8EA33309 		.ascii	"\216\2433\011%\305}\251Z\331I\177\247L\024\027\241V"
 218      25C57DA9 
 218      5AD9497F 
 218      A74C1417 
 218      A156
 219 03c4 58588B35 		.ascii	"XX\21356\236\226\203>\226%\342%*\264\312\023y\3031\275"
 219      369E9683 
 219      3E9625E2 
 219      252AB4CA 
 219      1379C331 
 220 03d9 03C7D493 		.ascii	"\003\307\324\223\037\323f\240s\233\037\363#'\256-\300"
 220      1FD366A0 
 220      739B1FF3 
 220      2327AE2D 
 220      C0
 221 03ea 7BD90429 		.ascii	"{\331\004)\373+\213\335,\023\300\361-\242\307\367\036"
 221      FB2B8BDD 
 221      2C13C0F1 
 221      2DA2C7F7 
 221      1E
 222 03fb CC70D73A 		.ascii	"\314p\327:C+\2623E\233\355)&\373/\225:ZC\201\250\275"
 222      432BB233 
ARM GAS  /tmp/ccfcoODT.s 			page 17


 222      459BED29 
 222      26FB2F95 
 222      3A5A4381 
 223 0411 06E8BF49 		.ascii	"\006\350\277I=\322NC\321$\205\"\363T\312\250\023q_\364"
 223      3DD24E43 
 223      D1248522 
 223      F354CAA8 
 223      13715FF4 
 224 0425 2FB36E16 		.ascii	"/\263n\026c\207\235\344\326;\336f\275\304\234\274\213"
 224      63879DE4 
 224      D63BDE66 
 224      BDC49CBC 
 224      8B
 225 0436 6FC94C92 		.ascii	"o\311L\222K/v\217\233\\\230\336C\334?5z\250U\303\003"
 225      4B2F768F 
 225      9B5C98DE 
 225      43DC3F35 
 225      7AA855C3 
 226 044b ED06FAD5 		.ascii	"\355\006\372\325\311\364qW\234\312\"]\325Y\021\307#"
 226      C9F47157 
 226      9CCA225D 
 226      D55911C7 
 226      23
 227 045c FD475077 		.ascii	"\375GPw\014\027\2469\333\015\364\003)\320=\214g\354"
 227      0C17A639 
 227      DB0DF403 
 227      29D03D8C 
 227      67EC
 228 046e 404697A0 		.ascii	"@F\227\240\334\220\367\001\336M\341\275\224\347\003"
 228      DC90F701 
 228      DE4DE1BD 
 228      94E703
 229 047d 89E7C1C7 		.ascii	"\211\347\301\307S\277\346\373Q\236\362\335i\312Gg\006"
 229      53BFE6FB 
 229      519EF2DD 
 229      69CA4767 
 229      06
 230 048e AFA46B39 		.ascii	"\257\244k9K\222\020\257\266\244\345;\341c\214\345\263"
 230      4B9210AF 
 230      B6A4E53B 
 230      E1638CE5 
 230      B3
 231 049f F8D897FC 		.ascii	"\370\330\227\374\334\220C\327v\264\377\225\326.\313"
 231      DC9043D7 
 231      76B4FF95 
 231      D62ECB
 232 04ae 4189E523 		.ascii	"A\211\345#\3062>=+\303Q\311\262\037\340}\024>DY\016"
 232      C6323E3D 
 232      2BC351C9 
 232      B21FE07D 
 232      143E4459 
 233 04c3 4A2CE34E 		.ascii	"J,\343N%\\\305,V\277\344V\200\021\265\231%)\363\216"
 233      255CC52C 
 233      56BFE456 
 233      8011B599 
 233      2529F38E 
 234 04d7 E5F0DBEC 		.ascii	"\345\360\333\354\277,y\335\311\227\235\211\211\307\313"
ARM GAS  /tmp/ccfcoODT.s 			page 18


 234      BF2C79DD 
 234      C9979D89 
 234      89C7CB
 235 04e6 DB93F83D 		.ascii	"\333\223\370=\320#?\266\036\374\330F\015\236\335\211"
 235      D0233FB6 
 235      1EFCD846 
 235      0D9EDD89 
 236 04f6 711EF3C3 		.ascii	"q\036\363\303\344\301\330]\032\006~\027\324\232\264"
 236      E4C1D85D 
 236      1A067E17 
 236      D49AB4
 237 0505 F4DFD975 		.ascii	"\364\337\331u\303\270\344\2061F\363rcg\231\263\322\015"
 237      C3B8E486 
 237      3146F372 
 237      636799B3 
 237      D20D
 238 0517 4F00FE98 		.ascii	"O\000\376\230\302'(\315q\211fq\305x\216\224=\010\315"
 238      C22728CD 
 238      71896671 
 238      C5788E94 
 238      3D08CD
 239 052a FEFCDE6C 		.ascii	"\376\374\336l-.b4N\232v\327\360pd\222X\315\245\215e"
 239      2D2E6234 
 239      4E9A76D7 
 239      F0706492 
 239      58CDA58D 
 240 053f B8E232D6 		.ascii	"\270\3422\326)\005\322\235\007\362\326PI\241\200\253"
 240      2905D29D 
 240      07F2D650 
 240      49A180AB 
 241 054f 58E7CFE6 		.ascii	"X\347\317\346\304D'>\222\354Ms{k\241+\276\301:K\006"
 241      C444273E 
 241      92EC4D73 
 241      7B6BA12B 
 241      BEC13A4B 
 242 0564 6AABA591 		.ascii	"j\253\245\221\244sWA\357n\007\334\304:\037t?\212w\303"
 242      A4735741 
 242      EF6E07DC 
 242      C43A1F74 
 242      3F8A77C3 
 243 0578 AD4CB951 		.ascii	"\255L\271Q\275\343\237\330\314~\327?\214\371\210\015"
 243      BDE39FD8 
 243      CC7ED73F 
 243      8CF9880D 
 244 0588 8A2109FA 		.ascii	"\212!\011\372\372\261\302#\230\371/\223n\377\242\312"
 244      FAB1C223 
 244      98F92F93 
 244      6EFFA2CA 
 245 0598 F8E885B8 		.ascii	"\370\350\205\270\217\202\027^}\220\233\246A\313\370"
 245      8F82175E 
 245      7D909BA6 
 245      41CBF8
 246 05a7 B3987C78 		.ascii	"\263\230|x-\313\022c\242D\323\255\356\217\206\356\304"
 246      2DCB1263 
 246      A244D3AD 
 246      EE8F86EE 
 246      C4
ARM GAS  /tmp/ccfcoODT.s 			page 19


 247 05b8 88E20FAE 		.ascii	"\210\342\017\256\250\023\271\243FH\016\361\302b\313"
 247      A813B9A3 
 247      46480EF1 
 247      C262CB
 248 05c7 B143F5D4 		.ascii	"\261C\365\324M+I\261\312\006\014o\201\217\030\214F\000"
 248      4D2B49B1 
 248      CA060C6F 
 248      818F188C 
 248      4600
 249 05d9 FD8AA3A5 		.ascii	"\375\212\243\245\260\243\227\363\320\321\200\016N\241"
 249      B0A397F3 
 249      D0D1800E 
 249      4EA1
 250 05e7 68B239A2 		.ascii	"h\2629\242\004\206\266\354\254\253r4\311S\315\3346D"
 250      0486B6EC 
 250      ACAB7234 
 250      C953CDDC 
 250      3644
 251 05f9 05FDCC6D 		.ascii	"\005\375\314mK\261\342\373J\206\236\220\241_(\321\317"
 251      4BB1E2FB 
 251      4A869E90 
 251      A15F28D1 
 251      CF
 252 060a 95BCEB64 		.ascii	"\225\274\353d\274g\225\274u\012p\207\014<\243\004\277"
 252      BC6795BC 
 252      750A7087 
 252      0C3CA304 
 252      BF
 253 061b 569A9E96 		.ascii	"V\232\236\226\241\237)\321\223Vt\022\337\205\253\325"
 253      A19F29D1 
 253      93567412 
 253      DF85ABD5 
 254 062b 2AD8249E 		.ascii	"*\330$\236pM\220.\202\206\303\205~\022\274\320Na\031"
 254      704D902E 
 254      8286C385 
 254      7E12BCD0 
 254      4E6119
 255 063e 8A058903 		.ascii	"\212\005\211\003I\000\211\006\371\001d\027\310n\220"
 255      49008906 
 255      F9016417 
 255      C86E90
 256 064d 3D208920 		.ascii	"= \211 ;@~\004\211\021\226\321B\2249\244*\330\352\220"
 256      3B407E04 
 256      891196D1 
 256      429439A4 
 256      2AD8EA90 
 257 0661 A74A878C 		.ascii	"\247J\207\214*\335\327\313\321p\201\242\033\034-]\253"
 257      2ADDD7CB 
 257      D17081A2 
 257      1B1C2D5D 
 257      AB
 258 0672 E8DA1BEE 		.ascii	"\350\332\033\356\013\266\256q@\271\306\207o\330\226"
 258      0BB6AE71 
 258      40B9C687 
 258      6FD896
 259 0681 85665AC9 		.ascii	"\205fZ\311d\312\212f\327\323\254\331=J\024\021A\251"
 259      64CA8A66 
ARM GAS  /tmp/ccfcoODT.s 			page 20


 259      D7D3ACD9 
 259      3D4A1411 
 259      41A9
 260 0693 F8D5645D 		.ascii	"\370\325d]\324\335!\217\275\242X\343M\362*\224)\314"
 260      D4DD218F 
 260      BDA258E3 
 260      4DF22A94 
 260      29CC
 261 06a5 96946DE1 		.ascii	"\226\224m\341u\305b\0136\375\354]\3635\204S1\275\002"
 261      75C5620B 
 261      36FDEC5D 
 261      F3358453 
 261      31BD02
 262 06b8 A32E1D69 		.ascii	"\243.\035itA^\213\331\034/\2064P\270\243}08I\260\\\200"
 262      74415E8B 
 262      D91C2F86 
 262      3450B8A3 
 262      7D303849 
 263 06cf 6446DB71 		.ascii	"dF\333qA{!\034\377\213\320\220\263\232P8\341\346\032"
 263      417B211C 
 263      FF8BD090 
 263      B39A5038 
 263      E1E61A
 264 06e2 6F29B929 		.ascii	"o)\271)\013k\312J\026\\\351\013\011|\223\322\253\341"
 264      0B6BCA4A 
 264      165CE90B 
 264      097C93D2 
 264      ABE1
 265 06f4 4617CF32 		.ascii	"F\027\3172q\344 \317\015\265g\363\2244F\337Tf2J\271"
 265      71E420CF 
 265      0DB567F3 
 265      943446DF 
 265      5466324A 
 266 0709 EE214B2D 		.ascii	"\356!K-\036<\265\314\354\256H\261_\263\244\010<;\236"
 266      1E3CB5CC 
 266      ECAE48B1 
 266      5FB3A408 
 266      3C3B9E
 267 071c 61D9712A 		.ascii	"a\331q*\246\264\007)\263\343!p\301A\201\300S\005wi\020"
 267      A6B40729 
 267      B3E32170 
 267      C14181C0 
 267      53057769 
 268 0731 419F6F6E 		.ascii	"A\237on{\341\214\217Q\367\242\314\331\244,\027\351\306"
 268      7BE18C8F 
 268      51F7A2CC 
 268      D9A42C17 
 268      E9C6
 269 0743 88FB2537 		.ascii	"\210\373%7\306\256\326\256s\363&K\027\3362Y\313\300"
 269      C6AED6AE 
 269      73F3264B 
 269      17DE3259 
 269      CBC0
 270 0755 D1187EBF 		.ascii	"\321\030~\2777\251d\257\012\356\354UA\312\232\036<k"
 270      37A964AF 
 270      0AEEEC55 
 270      41CA9A1E 
ARM GAS  /tmp/ccfcoODT.s 			page 21


 270      3C6B
 271 0767 965737D7 		.ascii	"\226W7\327\"\234\307\270UM\234\315\345cI\026\217K\231"
 271      229CC7B8 
 271      554D9CCD 
 271      E5634916 
 271      8F4B99
 272 077a 685A68D7 		.ascii	"hZh\327'\331\222O\262\004J\263\375\325\365\016\007\245"
 272      27D9924F 
 272      B2044AB3 
 272      FDD5F50E 
 272      07A5
 273 078c 4F3281E6 		.ascii	"O2\201\346\021J\363\030\245\231-\321\274_\2242\340\244"
 273      114AF318 
 273      A5992DD1 
 273      BC5F9432 
 273      E0A4
 274 079e 5C945DF4 		.ascii	"\\\224]\364\356\353\347\253ypk\210>0[T\347\204\3170"
 274      EEEBE7AB 
 274      79706B88 
 274      3E305B54 
 274      E784CF30 
 275 07b2 D6FBF6BE 		.ascii	"\326\373\366\276\252\323\340sL)}\222_\272\200!MDO-\177"
 275      AAD3E073 
 275      4C297D92 
 275      5FBA8021 
 275      4D444F2D 
 276 07c7 56C72B16 		.ascii	"V\307+\026\215\254\333\203w"
 276      8DACDB83 
 276      77
 277 07d0 4FE68FE5 		.ascii	"O\346\217\3458\342\02266\276\244\345\276\332\356zOK"
 277      38E21236 
 277      36BEA4E5 
 277      BEDAEE7A 
 277      4F4B
 278 07e2 EBF5A6CB 		.ascii	"\353\365\246\313\335_\261\377\274\233r\271\371\260\200"
 278      DD5FB1FF 
 278      BC9B72B9 
 278      F9B080
 279 07f1 93740167 		.ascii	"\223t\001g\350\002NK\0138\363|\362\242V\271\\\273\350"
 279      E8024E4B 
 279      0B38F37C 
 279      F2A256B9 
 279      5CBBE8
 280 0804 1303E909 		.ascii	"\023\003\351\011<\016\237\203zh\352\350\360\002|\221"
 280      3C0E9F83 
 280      7A68EAE8 
 280      F0027C91 
 281 0814 917CFC64 		.ascii	"\221|\374d\246\300\015_aJy\351\245j\276:oP\363OU6\272"
 281      A6C00D5F 
 281      614A79E9 
 281      A56ABE3A 
 281      6F50F34F 
 282 082b E06BAC6F 		.ascii	"\340k\254o&\361H\2213\256cJ\332d\367\020\337\375^$\320"
 282      26F14891 
 282      33AE634A 
 282      DA64F710 
 282      DFFD5E24 
ARM GAS  /tmp/ccfcoODT.s 			page 22


 283 0840 D987F73A 		.ascii	"\331\207\367:\343[\254o.1.\305\011\337aJrcr\266\013"
 283      E35BAC6F 
 283      2E312EC5 
 283      09DF614A 
 283      726372B6 
 284 0855 6E67CA93 		.ascii	"ng\312\223\230\376\036\276w\226\200\372z0\271\235\277"
 284      98FE1EBE 
 284      779680FA 
 284      7A30B99D 
 284      BF
 285 0866 BDB8CA6A 		.ascii	"\275\270\312j\021\017^\213\234y\221p\320\005\233\331"
 285      110F5E8B 
 285      9C799170 
 285      D0059BD9 
 286 0876 D0B6F698 		.ascii	"\320\266\366\230\013\034\353\002jb\275\371ov={E\362"
 286      0B1CEB02 
 286      6A62BDF9 
 286      6F763D7B 
 286      45F2
 287 0888 EC65B693 		.ascii	"\354e\266\223\352jn\356Q+\313\345K\340\254r\352,\023"
 287      EA6A6EEE 
 287      512BCBE5 
 287      4BE0AC72 
 287      EA2C13
 288 089b 75D615C9 		.ascii	"u\326\025\311Y\331)\321\323\016\312\362\327.\272\242"
 288      59D929D1 
 288      D30ECAF2 
 288      D72EBAA2 
 289 08ab B96B357E 		.ascii	"\271k5~\3108>o\354z\200\360#\246\304\324\327\346:\341"
 289      C8383E6F 
 289      EC7A80F0 
 289      23A6C4D4 
 289      D7E63AE1 
 290 08bf 11A68CE6 		.ascii	"\021\246\214\3465\3248\342q\246\364\015L\227a\374\202"
 290      35D438E2 
 290      71A6F40D 
 290      4C9761FC 
 290      82
 291 08d0 29C747B3 		.ascii	")\307G\263\3668\343\327|L\337\223F\356\237\037\311a"
 291      F638E3D7 
 291      7C4CDF93 
 291      46EE9F1F 
 291      C961
 292 08e2 7A3D5672 		.ascii	"z=VrG\362\010\331m\303\317\373\34748JM\300\357\216\026"
 292      47F208D9 
 292      6DC3CFFB 
 292      E734384A 
 292      4DC0EF8E 
 293 08f7 27E5B8CE 		.ascii	"'\345\270\316/&\330\343\005\302.\213\306\307$g\037\362"
 293      2F26D8E3 
 293      05C22E8B 
 293      C6C72467 
 293      1FF2
 294 0909 4695823B 		.ascii	"F\225\202;\252\200t\333\002\011OZ\012\272((\212\204"
 294      AA8074DB 
 294      02094F5A 
 294      0ABA2828 
ARM GAS  /tmp/ccfcoODT.s 			page 23


 294      8A84
 295 091b DE106B91 		.ascii	"\336\020k\221P\315\321\226dB\257\346\002\304\320\311"
 295      50CDD196 
 295      6442AFE6 
 295      02C4D0C9 
 296 092b 60BC3794 		.ascii	"`\2747\224\335-9`\373(GK\007\016\035V\332n\336j\265"
 296      DD2D3960 
 296      FB28474B 
 296      070E1D56 
 296      DA6EDE6A 
 297 0940 7D41699B 		.ascii	"}Ai\233\225\024\222qZ\257\310\340\347\225\360\"\271"
 297      95149271 
 297      5AAFC8E0 
 297      E795F022 
 297      B9
 298 0951 F164623C 		.ascii	"\361db<\224\241\311!8\241D\037WR\351\220\331.S\242K"
 298      94A1C921 
 298      38A1441F 
 298      5752E990 
 298      D92E53A2 
 299 0966 94E86199 		.ascii	"\224\350a\231S\256+\321'\255h\371\345U\013n\250\241"
 299      53AE2BD1 
 299      27AD68F9 
 299      E5550B6E 
 299      A8A1
 300 0978 5D2DFCE6 		.ascii	"]-\374\346\272\0177\327\035\270\215n\2024\203t\202\334"
 300      BA0F37D7 
 300      1DB88D6E 
 300      82348374 
 300      82DC
 301 098a 05E906A9 		.ascii	"\005\351\006\251\007i\004\271\015\322\001r\013\244\013"
 301      076904B9 
 301      0DD20172 
 301      0BA40B
 302 0999 A415E401 		.ascii	"\244\025\344\001\210\031\244\011\244\007\244\001\344"
 302      8819A409 
 302      A407A401 
 302      E4
 303 09a6 1E483B48 		.ascii	"\036H;H\233\245\350 >\350\010\261\372\340\206\315\340"
 303      9BA5E820 
 303      3EE808B1 
 303      FAE086CD 
 303      E0
 304 09b7 C916352D 		.ascii	"\311\0265-s\3019%\370\254\322\005\3232\027\\U\242\217"
 304      73C13925 
 304      F8ACD205 
 304      D332175C 
 304      55A28F
 305 09ca BC810EB5 		.ascii	"\274\201\016\265\242\353\224\350\375\363BG\312X\276"
 305      A2EB94E8 
 305      FDF34247 
 305      CA58BE
 306 09d9 8B326017 		.ascii	"\2132`\027\245q\264t\027\361w\003y\251\311\321pG\321"
 306      A571B474 
 306      17F17703 
 306      79A9C9D1 
 306      7047D1
ARM GAS  /tmp/ccfcoODT.s 			page 24


 307 09ec C2741EFA 		.ascii	"\302t\036\372\200\240\334E\275\262e\226\332\216\264"
 307      80A0DC45 
 307      BDB26596 
 307      DA8EB4
 308 09fb 1C3E215B 		.ascii	"\034>![\3475\333\241\236\007\227Y/\266\275G\345\360"
 308      E735DBA1 
 308      9E079759 
 308      2FB6BD47 
 308      E5F0
 309 0a0d 2A19BCCA 		.ascii	"*\031\274\312\266\027\031\234\025J\215\243\254\030k"
 309      B617199C 
 309      154A8DA3 
 309      AC186B
 310 0a1c 511663C4 		.ascii	"Q\026c\304k\215Ox1V\000\2168\305\215I\351\037\345)\317"
 310      6B8D4F78 
 310      3156008E 
 310      38C58D49 
 310      E91FE529 
 311 0a31 4787EC7C 		.ascii	"G\207\354|\344\332>\037\363\230\312\"Xh{w08\244\244"
 311      E4DA3E1F 
 311      F398CA22 
 311      58687B77 
 311      3038A4A4 
 312 0a45 46F3FE46 		.ascii	"F\363\376F5\336IS\222P\332V\264\337\015-\366\262u\026"
 312      35DE4953 
 312      9250DA56 
 312      B4DF0D2D 
 312      F6B27516 
 313 0a59 501F1C81 		.ascii	"P\037\034\201\377\307q`\356\253~\352H\352\314\2070a"
 313      FFC77160 
 313      EEAB7EEA 
 313      48EACC87 
 313      3061
 314 0a6b AFB5CE6C 		.ascii	"\257\265\316l\241u&\371C\341\315\256h'y)\370p^)\330"
 314      A17526F9 
 314      43E1CDAE 
 314      68277929 
 314      F8705E29 
 315 0a80 CF4BC17E 		.ascii	"\317K\301~Z\012\336\256\277\324'\340D\272F\2245\330"
 315      5A0ADEAE 
 315      BFD427E0 
 315      44BA4694 
 315      35D8
 316 0a92 50CBAFC8 		.ascii	"P\313\257\310\337\222?_\356\033M@,E\017\222\224}\264"
 316      DF923F5F 
 316      EE1B4D40 
 316      2C450F92 
 316      947DB4
 317 0aa5 61F28016 		.ascii	"a\362\200\026\037f\330\262\212\307\2370(y7\274}8\265"
 317      1F66D8B2 
 317      8AC79F30 
 317      287937BC 
 317      7D38B5
 318 0ab8 17D9BDB4 		.ascii	"\027\331\275\264F\244Kk\230]Z\255\257*\246]q.5\244\356"
 318      46A44B6B 
 318      985D5AAD 
 318      AF2AA65D 
ARM GAS  /tmp/ccfcoODT.s 			page 25


 318      712E35A4 
 319 0acd C99E1871 		.ascii	"\311\236\030qD^\236\010iA\216K\177\377V\241\247\020"
 319      445E9E08 
 319      69418E4B 
 319      7FFF56A1 
 319      A710
 320 0adf D151014B 		.ascii	"\321Q\001K\377\177\220*\202\371\261\377\220f[\177Nz"
 320      FF7F902A 
 320      82F9B1FF 
 320      90665B7F 
 320      4E7A
 321 0af1 0C6E7F4A 		.ascii	"\014n\177J\347\031\203\250<\201\211R\301G\244\205\274"
 321      E71983A8 
 321      3C818952 
 321      C147A485 
 321      BC
 322 0b02 56BF3C9E 		.ascii	"V\277<\236\243\221\337{\304\366 \340\036\321\210\217"
 322      A391DF7B 
 322      C4F620E0 
 322      1ED1888F 
 323 0b12 D37B6F44 		.ascii	"\323{oD\272\367\022\033\216\262?\325\2209\342\336:\007"
 323      BAF7121B 
 323      8EB23FD5 
 323      9039E2DE 
 323      3A07
 324 0b24 71B739B5 		.ascii	"q\2679\265[+\267=\3616\333Cy\246,\315\007\331b\223I"
 324      5B2BB73D 
 324      F136DB43 
 324      79A62CCD 
 324      07D96293 
 325 0b39 34BDCEF3 		.ascii	"4\275\316\363N\333a\022\243W\243I\330\352C\020J\023"
 325      4EDB6112 
 325      A357A349 
 325      D8EA4310 
 325      4A13
 326 0b4b 5A2A1B3A 		.ascii	"Z*\033:\000-\033\005\025z&|\240Z\024\372\257\340\240"
 326      002D1B05 
 326      157A267C 
 326      A05A14FA 
 326      AFE0A0
 327 0b5e B5A181DF 		.ascii	"\265\241\201\337\204\0307\031\203\"\303\3025\177\371"
 327      84183719 
 327      8322C3C2 
 327      357FF9
 328 0b6d F2EBF7F5 		.ascii	"\362\353\367\365+W\252\264\001\001\333\202C#W}\022\020"
 328      2B57AAB4 
 328      0101DB82 
 328      4323577D 
 328      1210
 329 0b7f F9A96E5B 		.ascii	"\371\251n[D\270.0|\353\307\241a\241\306\217\215\201"
 329      44B82E30 
 329      7CEBC7A1 
 329      61A1C68F 
 329      8D81
 330 0b91 DF04EB82 		.ascii	"\337\004\353\202C\203B\266m6\352\266\006\006m\011\016"
 330      438342B6 
 330      6D36EAB6 
ARM GAS  /tmp/ccfcoODT.s 			page 26


 330      06066D09 
 330      0E
 331 0ba2 35EA0236 		.ascii	"5\352\0026\033\277\015\334\026\022\031\020\271\375;"
 331      1BBF0DDC 
 331      16121910 
 331      B9FD3B
 332 0bb1 63C48A2D 		.ascii	"c\304\212-*\2154\372\367o\031\035\261=B\027\020\021"
 332      2A8D34FA 
 332      F76F191D 
 332      B13D4217 
 332      1011
 333 0bc3 B919A030 		.ascii	"\271\031\2400\344\303\025+t\354_X\204nK`\210\356\273"
 333      E4C3152B 
 333      74EC5F58 
 333      846E4B60 
 333      88EEBB
 334 0bd6 B0F0C808 		.ascii	"\260\360\310\010]P\330\326\255a\241:\037\303\006\375"
 334      5D50D8D6 
 334      AD61A13A 
 334      1FC306FD 
 335 0be6 86EF7584 		.ascii	"\206\357u\204\360\212 \325\257\310\367\232\340\010+"
 335      F08A20D5 
 335      AFC8F79A 
 335      E0082B
 336 0bf5 734FD2E2 		.ascii	"sO\322\342o\214\364\337\036\021i\334\272>0ts\2101\334"
 336      6F8CF4DF 
 336      1E1169DC 
 336      BA3E3074 
 336      738831DC 
 337 0c09 2F3C382C 		.ascii	"/<8,<8r;]\247>\304\030\030\356g\014\205\351\376\341"
 337      3C38723B 
 337      5DA73EC4 
 337      1818EE67 
 337      0C85E9FE 
 338 0c1e 6C58EBBF 		.ascii	"lX\353\277\326\260i\355\232?\010\276~\316l\255\237\007"
 338      D6B069ED 
 338      9A3F08BE 
 338      7ECE6CAD 
 338      9F07
 339 0c30 443AF16F 		.ascii	"D:\361oK\367\247j_\237/\014\026u\225\332W\357gU?Q\373"
 339      4BF7A76A 
 339      5F9F2F0C 
 339      167595DA 
 339      57EF6755 
 340 0c47 FAFB1934 		.ascii	"\372\373\0314\006\246\255\204\316\265\326No\350\\kP"
 340      06A6AD84 
 340      CEB5D64E 
 340      6FE85C6B 
 340      50
 341 0c58 FB6FF435 		.ascii	"\373o\3645x\313W\306\327c\374>R\247\337\340\357\353"
 341      78CB57C6 
 341      D763FC3E 
 341      52A7DFE0 
 341      EFEB
 342 0c6a 6FF14650 		.ascii	"o\361FPX\2701 h\353*p\205\363\227\233|\365\001\033\301"
 342      58B83120 
 342      68EB2A70 
ARM GAS  /tmp/ccfcoODT.s 			page 27


 342      85F3979B 
 342      7CF5011B 
 343 0c7f 9760C4C7 		.ascii	"\227`\304\307\240\336\260a\235\001\373\2541\3405\360"
 343      A0DEB061 
 343      9D01FBAC 
 343      31E035F0 
 344 0c8f EDB7CEA0 		.ascii	"\355\267\316\240\366Y\347oP\177\261\316\307\340\000"
 344      F659E76F 
 344      507FB1CE 
 344      C7E000
 345 0c9e 5D005843 		.ascii	"]\000XC\364\365\344C\017\037\016\376\353\365\376\006"
 345      F4F5E443 
 345      0F1F0EFE 
 345      EBF5FE06 
 346 0cae ECBFDE0F 		.ascii	"\354\277\336\017\353\365\360\25578\370\370\032\364\006"
 346      EBF5F0AD 
 346      3738F8F8 
 346      1AF406
 347 0cbd F5A68D5F 		.ascii	"\365\246\215_\031\200% \364~_\373\256\201O\037\275A"
 347      19802520 
 347      F47E5FFB 
 347      AE814F1F 
 347      BD41
 348 0ccf E3AFFF82 		.ascii	"\343\257\377\202\316\265  \340\333m\241A\001\001+>\373"
 348      CEB52020 
 348      E0DB6DA1 
 348      4101012B 
 348      3EFB
 349 0ce1 ECF3CF34 		.ascii	"\354\363\3174\222\246\016\332\022\030\376_\2642\301"
 349      92A60EDA 
 349      1218FE5F 
 349      B432C1
 350 0cf0 9F       		.ascii	"\237"
 351              		.text
 352              		.section	.gnu.lto_.symtab.8218938b804d6c4f,"",%progbits
 353 0000 6E766963 		.ascii	"nvicEnableVector\000"
 353      456E6162 
 353      6C655665 
 353      63746F72 
 353      00
 354 0011 00       		.ascii	"\000"
 355 0012 00       		.ascii	"\000"
 356 0013 00       		.ascii	"\000"
 357 0014 00000000 		.ascii	"\000\000\000\000\000\000\000\000"
 357      00000000 
 358 001c BA000000 		.ascii	"\272\000\000\000"
 359 0020 6E766963 		.ascii	"nvicDisableVector\000"
 359      44697361 
 359      626C6556 
 359      6563746F 
 359      7200
 360 0032 00       		.ascii	"\000"
 361 0033 00       		.ascii	"\000"
 362 0034 00       		.ascii	"\000"
 363 0035 00000000 		.ascii	"\000\000\000\000\000\000\000\000"
 363      00000000 
 364 003d BE000000 		.ascii	"\276\000\000\000"
ARM GAS  /tmp/ccfcoODT.s 			page 28


 365 0041 6E766963 		.ascii	"nvicSetSystemHandlerPriority\000"
 365      53657453 
 365      79737465 
 365      6D48616E 
 365      646C6572 
 366 005e 00       		.ascii	"\000"
 367 005f 00       		.ascii	"\000"
 368 0060 00       		.ascii	"\000"
 369 0061 00000000 		.ascii	"\000\000\000\000\000\000\000\000"
 369      00000000 
 370 0069 C0000000 		.ascii	"\300\000\000\000"
 371 006d 6E766963 		.ascii	"nvicClearPending\000"
 371      436C6561 
 371      7250656E 
 371      64696E67 
 371      00
 372 007e 00       		.ascii	"\000"
 373 007f 00       		.ascii	"\000"
 374 0080 00       		.ascii	"\000"
 375 0081 00000000 		.ascii	"\000\000\000\000\000\000\000\000"
 375      00000000 
 376 0089 C2000000 		.ascii	"\302\000\000\000"
 377              		.text
 378              		.section	.gnu.lto_.opts,"",%progbits
 379 0000 272D666D 		.ascii	"'-fmath-errno' '-fsigned-zeros' '-ftrapping-math' '"
 379      6174682D 
 379      6572726E 
 379      6F272027 
 379      2D667369 
 380 0033 2D666E6F 		.ascii	"-fno-trapv' '-fno-openmp' '-fno-openacc' '-mcpu=cor"
 380      2D747261 
 380      70762720 
 380      272D666E 
 380      6F2D6F70 
 381 0066 7465782D 		.ascii	"tex-m3' '-mno-thumb-interwork' '-mthumb' '-ggdb' '-"
 381      6D332720 
 381      272D6D6E 
 381      6F2D7468 
 381      756D622D 
 382 0099 4F322720 		.ascii	"O2' '-fomit-frame-pointer' '-falign-functions=16' '"
 382      272D666F 
 382      6D69742D 
 382      6672616D 
 382      652D706F 
 383 00cc 2D666675 		.ascii	"-ffunction-sections' '-fdata-sections' '-fno-common"
 383      6E637469 
 383      6F6E2D73 
 383      65637469 
 383      6F6E7327 
 384 00ff 2720272D 		.ascii	"' '-flto'\000"
 384      666C746F 
 384      2700
 385              		.text
 386              		.comm	__gnu_lto_v1,1,1
 387              		.comm	__gnu_lto_slim,1,1
 388              		.ident	"GCC: (GNU Tools for ARM Embedded Processors 6-2017-q2-update) 6.3.1 20170620 (release) [AR
ARM GAS  /tmp/ccfcoODT.s 			page 29


DEFINED SYMBOLS
                            *ABS*:0000000000000000 nvic.c
                            *COM*:0000000000000001 __gnu_lto_v1
                            *COM*:0000000000000001 __gnu_lto_slim

NO UNDEFINED SYMBOLS
