ARM GAS  /tmp/cc1QOl9g.s 			page 1


   1              		.cpu cortex-m3
   2              		.eabi_attribute 20, 1
   3              		.eabi_attribute 21, 1
   4              		.eabi_attribute 23, 3
   5              		.eabi_attribute 24, 1
   6              		.eabi_attribute 25, 1
   7              		.eabi_attribute 26, 1
   8              		.eabi_attribute 30, 2
   9              		.eabi_attribute 34, 1
  10              		.eabi_attribute 18, 4
  11              		.file	"hal.c"
  12              		.text
  13              	.Ltext0:
  14              		.section	.gnu.lto_.profile.ddca2761f339a319,"",%progbits
  15 0000 789C6365 		.ascii	"x\234ce`b`a```d\360\344\004\000\001\033\000_"
  15      60626061 
  15      60606064 
  15      F0E40400 
  15      011B005F 
  16              		.text
  17              		.section	.gnu.lto_.icf.ddca2761f339a319,"",%progbits
  18 0000 789C6365 		.ascii	"x\234ce`b\340`@\000F\206Ssn\274\342c\000\000\017f\003"
  18      6062E060 
  18      40004686 
  18      53736EBC 
  18      E2630000 
  19 0017 47       		.ascii	"G"
  20              		.text
  21              		.section	.gnu.lto_.jmpfuncs.ddca2761f339a319,"",%progbits
  22 0000 789C6365 		.ascii	"x\234ce`b\320d@\000F\030\203\211q:3c\363\257\375\237"
  22      6062D064 
  22      40004618 
  22      8389713A 
  22      3363F3AF 
  23 0016 F9EAFF36 		.ascii	"\371\352\3776H\314gfX\314\014\222^\316X\317\300\310"
  23      48CC6766 
  23      58CC0C92 
  23      5ECE58CF 
  23      C0C8
  24 0028 02640100 		.ascii	"\002d\001\000\270\336\010\226"
  24      B8DE0896 
  25              		.text
  26              		.section	.gnu.lto_.inline.ddca2761f339a319,"",%progbits
  27 0000 789C6365 		.ascii	"x\234ce`b\260d@\000F\006\006\356\223@\222\011\310f["
  27      6062B064 
  27      40004606 
  27      06EE9340 
  27      9209C866 
  28 0015 20CF0416 		.ascii	" \317\004\026\343\302A0q\2034\200\231\014\000f\341\002"
  28      E3C24130 
  28      71833480 
  28      990C0066 
  28      E102
  29 0027 30       		.ascii	"0"
  30              		.text
  31              		.section	.gnu.lto_.pureconst.ddca2761f339a319,"",%progbits
  32 0000 789C6365 		.ascii	"x\234ce`b`f```d\220\000\000\000\204\000$"
ARM GAS  /tmp/cc1QOl9g.s 			page 2


  32      60626066 
  32      60606064 
  32      90000000 
  32      840024
  33              		.text
  34              		.section	.gnu.lto_halInit.ddca2761f339a319,"",%progbits
  35 0000 789C75D1 		.ascii	"x\234u\321AK\002A\024\007\360\367\337\321U!\245C\207"
  35      414B0241 
  35      1407F0F7 
  35      DFD15521 
  35      A54387
  36 0013 4A0F5DBD 		.ascii	"J\017]\275\350\367\350[\204\227\240 \310\017\260c\026"
  36      E8F7E85B 
  36      8497A020 
  36      C80FB063 
  36      16
  37 0024 82417531 		.ascii	"\202Au13\210Y\212\320\3224\215\016\236Z\274u)\250c\247"
  37      3388598A 
  37      D0D2348D 
  37      0E9E5ABC 
  37      7529A863 
  38 0039 A23A6482 		.ascii	"\242:d\202\320\255P{\243\021\036\326a\207\331}\357\307"
  38      D0AD507B 
  38      A3111ED6 
  38      6187D97D 
  38      EFC7
  39 004b 9B37B35E 		.ascii	"\2337\263^2\250\013\242\010\021\205yB\020\214\275;\242"
  39      32A80BA2 
  39      08118579 
  39      42108CBD 
  39      3BA2
  40 005d 94DF00F4 		.ascii	"\224\337\000\364\213\364\203,\003\026vE^\240\225yo\032"
  40      8BF4832C 
  40      03167645 
  40      5EA09579 
  40      6F1A
  41 006f D1A2E4E1 		.ascii	"\321\242\344\341\344\273s\262\344@\011\242\002O=PD\224"
  41      E4BB73B2 
  41      E44009A2 
  41      024F3D50 
  41      4494
  42 0081 98BDD4FB 		.ascii	"\230\275\324\373\271\240\351\031\305Q\202\311[P\355"
  42      B9A0E919 
  42      C55182C9 
  42      5B50ED
  43 0090 018EEC0F 		.ascii	"\001\216\354\0172\322y=\306\343b\200(\313i\275\307\266"
  43      32D2793D 
  43      C6E36280 
  43      28CB69BD 
  43      C7B6
  44 00a2 30F42ADA 		.ascii	"0\364*\332H\333?a\355u\221f\363\363\311g\365\244_\011"
  44      48DB3F61 
  44      ED759166 
  44      F3F3C967 
  44      F5A45F09 
  45 00b6 140457C0 		.ascii	"\024\004W\300\031,Rl\333\330\264O\247\\\234(p\226p\316"
  45      192C526C 
ARM GAS  /tmp/cc1QOl9g.s 			page 3


  45      DBD8B44F 
  45      A75C9C28 
  45      709670CE 
  46 00ca 8E13FB5B 		.ascii	"\216\023\373[\255{\337\216P\302\003\375\231\376\276"
  46      AD7BDF8E 
  46      50C203FD 
  46      99FEBE
  47 00d9 F90AB19B 		.ascii	"\371\012\261\233\345\300\211n\214c\267\207\345\025\205"
  47      E5C0896E 
  47      8C63B787 
  47      E51585
  48 00e8 A3D4B412 		.ascii	"\243\324\264\022^T\370\224eD\206\211\301G\243\032`|"
  48      5E54F894 
  48      65448689 
  48      C147A31A 
  48      607C
  49 00fa 20E5822E 		.ascii	" \345\202.p\001\205\341\206\250\302R\302$\335\353[\320"
  49      700185E1 
  49      86A8C252 
  49      C224DDEB 
  49      5BD0
  50 010c BD572E8E 		.ascii	"\275W.\216\332\177\257i\373:\344\356<\354.\307\\g\202"
  50      DA7FAF69 
  50      FB3AE4EE 
  50      3CEC2EC7 
  50      5C6782
  51 011f F3B2AB8F 		.ascii	"\363\262\253\217\271\347\031wg\262k\214\271\336\004"
  51      B9E71977 
  51      67B26B8C 
  51      B9DE04
  52 012e E76377F5 		.ascii	"\347cw\365\347:\330\260\213\271\321\331\364\310\362"
  52      E73AD8B0 
  52      8BB9D1D9 
  52      F4C8F2
  53 013d 4DF3BFE0 		.ascii	"M\363\277\340k\234\217\305\342\243g-\031_^Z\215'\327"
  53      6B9C8FC5 
  53      E2A3672D 
  53      195F5E5A 
  53      8D27D7
  54 0150 137A8D25 		.ascii	"\023z\215%\350\027J'\251\377"
  54      E8174A27 
  54      A9FF
  55              		.text
  56              		.section	.gnu.lto_.symbol_nodes.ddca2761f339a319,"",%progbits
  57 0000 789C55C9 		.ascii	"x\234U\311\275\015\302@\020D\3417w>\2332(\005*\333\013"
  57      BD0DC240 
  57      1044E137 
  57      773E9B32 
  57      28052ADB 
  58 0015 2880225C 		.ascii	"(\200\"\\\005\2613$\032\340\317\006\327\201X.b'\371"
  58      05B13324 
  58      1AE0CF06 
  58      D781582E 
  58      6227F9
  59 0028 A43785C4 		.ascii	"\2447\205\304\031_\272\312\340x\001\347T\367P\036b\353"
  59      195FBACA 
  59      E07801E7 
ARM GAS  /tmp/cc1QOl9g.s 			page 4


  59      54F7501E 
  59      62EB
  60 003a 8FDE32B5 		.ascii	"\217\3362\265\007j\335yx\311R\010\213,\2070\313\272"
  60      076ADD79 
  60      78C95208 
  60      8B2C8730 
  60      CBBA
  61 004c 109EB212 		.ascii	"\020\236\262\022\302]\326\207p\223\015\377!\263a\234"
  61      C25DD687 
  61      70930DFF 
  61      21B3619C 
  62 005c 3FCA0C4C 		.ascii	"?\312\014L\315\236\265Y8,?;\306ffj&V\227/\355\0265\020"
  62      CD9EB559 
  62      382C3F3B 
  62      C666666A 
  62      2656972F 
  63              		.text
  64              		.section	.gnu.lto_.refs.ddca2761f339a319,"",%progbits
  65 0000 789C6365 		.ascii	"x\234ce`b`c```d`bdb\000\000\000\275\000\024"
  65      60626063 
  65      60606064 
  65      60626462 
  65      000000BD 
  66              		.text
  67              		.section	.gnu.lto_.decls.ddca2761f339a319,"",%progbits
  68 0000 789C8D56 		.ascii	"x\234\215VkL\024W\024\236\263ww\201\005\305@cL\243\251"
  68      6B4C1457 
  68      149EB377 
  68      778105C5 
  68      40634CA3 
  69 0015 256BA43F 		.ascii	"%k\244?dAm\342\017\177hA\255\011\255\244\266$\375\265"
  69      64416DE2 
  69      0F7F6841 
  69      AD09ADA4 
  69      B624FDB5 
  70 0029 59016513 		.ascii	"Y\001e\023\004\302.\215\246i3<\024\324\252\240\324\026"
  70      04C22E8D 
  70      A669333C 
  70      14D4AAA0 
  70      D416
  71 003b 2A4AC416 		.ascii	"*J\304\026A\005\204\372\300E\005\025\004\004Q| \257"
  71      410584FA 
  71      C0450515 
  71      0404517C 
  71      20AF
  72 004d 05111011 		.ascii	"\005\021\020\021\001\251\265\332Z\351\271\367\316\354"
  72      01A9B5DA 
  72      5AE9B9F7 
  72      CEEC
  73 005b 2C5BA49D 		.ascii	",[\244\235\354\231\231s\357\367}\347\334s\356\314\254"
  73      EC999973 
  73      EFF77DE7 
  73      DC73EECC 
  73      AC
  74 006c 4650096D 		.ascii	"FP\011m\036\202\020\243\022\204\023\202 L\340\201\267"
  74      1E8210A3 
  74      12841382 
ARM GAS  /tmp/cc1QOl9g.s 			page 5


  74      204CE081 
  74      B7
  75 007d C2493440 		.ascii	"\302I4@\273+\360\303\035\255\023\315\216\326\203\326"
  75      BB2BF0C3 
  75      1DAD13CD 
  75      8ED683D6 
  76 008d 8BD68736 		.ascii	"\213\326\2076\2006\2046,\341G\204\311G\005\016\272\341"
  76      80368436 
  76      2CE14784 
  76      C947050E 
  76      BAE1
  77 009f 351C6D14 		.ascii	"5\034m\024\255\003mL\322\275\203\366\330E\177X\322\033"
  77      AD036D4C 
  77      D2BD83F6 
  77      D8457F58 
  77      D21B
  78 00b1 90F47BA5 		.ascii	"\220\364{\245x\366\267\350\377@\340Vj\351A\262\207\200"
  78      78F6B7E8 
  78      FF40E056 
  78      6AE941B2 
  78      8780
  79 00c3 8F0ED4E8 		.ascii	"\217\016\324\350>k\312y8\023\335wt0\037]\333\331\312"
  79      3E6BCA79 
  79      3813DD77 
  79      74301F5D 
  79      DBD9CA
  80 00d6 5A0D9F0D 		.ascii	"Z\015\237\015D\367\257\301\2546\340\256\027\272\311"
  80      44F7AFC1 
  80      AC36E0AE 
  80      17BAC9
  81 00e5 B6B64C6F 		.ascii	"\266\266Lo\016\356\021\234\310>\234\274go\371)\035Q"
  81      0EEE119C 
  81      C83E9CBC 
  81      676FF929 
  81      1D51
  82 00f7 019DCAB1 		.ascii	"\001\235\312\261=o\220\204\334\321\315\2579\377\247"
  82      3D6F9084 
  82      DCD1CDAF 
  82      39FFA7
  83 0106 27F16053 		.ascii	"'\361`S]u\205\307i\006\013u@\353\347\215C%\303\025\257"
  83      5D7585C7 
  83      69060B75 
  83      40EBE78D 
  83      4325C315 
  84 011b 66F0218A 		.ascii	"f\360!\212\350~ulu\300\011\221\037\356\363\224\344["
  84      E87E756C 
  84      75C00991 
  84      1FEEF394 
  84      E45B
  85 012d F68E1F75 		.ascii	"\366\216\037u#\263)H\225\335\320zY\015\376\272_(\250"
  85      23B32948 
  85      95DDD07A 
  85      590DFEBA 
  85      5F28A8
  86 0140 AAF9F9C2 		.ascii	"\252\371\371\302\3144QT\301i\320A9\020(\203\000Z\204"
  86      CC345154 
  86      C169D041 
ARM GAS  /tmp/cc1QOl9g.s 			page 6


  86      39102883 
  86      005A84
  87 0153 853A3CA7 		.ascii	"\205:<\247\213b\262\230\221\"z|,\3001\230\013\0050W"
  87      8B62B298 
  87      91227A7C 
  87      2CC03198 
  87      0B053057 
  88 0167 805FC19F 		.ascii	"\200_\301\237\306\24388\205\203\2458\210!\012\217f\036"
  88      C6A33838 
  88      8583A538 
  88      88210A8F 
  88      661E
  89 0179 D1927016 		.ascii	"\321\222p\026\242\366b\307}5\350\374\247\344\237\233"
  89      A2F662C7 
  89      7D35E8FC 
  89      A7E49F9B 
  90 0189 82CF7399 		.ascii	"\202\317s\231\370\311\257v\033\315\345,\346rF\311\005"
  90      F8C9AF76 
  90      1BCDE52C 
  90      E67246C9 
  90      05
  91 019a 53E3CBE8 		.ascii	"S\343\313\350=\337\231\244\";\200-\366\315\316\3121"
  91      3DDF99A4 
  91      223B802D 
  91      F6CDCECA 
  91      31
  92 01ab 42763347 		.ascii	"Bv3G3\230\225\227\242\003\275^\357\353\177\204\006\255"
  92      33989597 
  92      A203BD5E 
  92      EFEB7F84 
  92      06AD
  93 01bd 6A2E5A96 		.ascii	"j.Z\226\333\322'\212\373\274\230\332yT\273\010\276J"
  93      DBD2278A 
  93      FBBC98DA 
  93      7954BB08 
  93      BE4A
  94 01cf 16C57812 		.ascii	"\026\305x\022 \010O\002'\364\316\313\026\253R\011C\227"
  94      20084F02 
  94      27F4CECB 
  94      16AB5209 
  94      4397
  95 01e1 B8A20D14 		.ascii	"\270\242\015\024|\014\024t\213\023\272bJ4\223\316\244"
  95      7C0C1474 
  95      8B13BA62 
  95      4A3493CE 
  95      A4
  96 01f2 EBCA10C5 		.ascii	"\353\312\020\305\025j\001\216\343t\021\213J\301\270"
  96      156A018E 
  96      E374118B 
  96      4AC1B8
  97 0201 34B88495 		.ascii	"4\270\204\225\270\000z\250D\263\201\2365\213W\2426\327"
  97      B8007AA8 
  97      44B3819E 
  97      358B57A2 
  97      36D7
  98 0213 27491481 		.ascii	"'I\024\201\"\005\251\012R'/\275I\275\251%\327\330\252"
  98      2205A90A 
ARM GAS  /tmp/cc1QOl9g.s 			page 7


  98      52272FBD 
  98      49BDA925 
  98      D7D8AA
  99 0226 55BBF6BD 		.ascii	"U\273\366\275J\322\200\277/'\275\311\325b\327\3412\252"
  99      4AD280BF 
  99      2F27BDC9 
  99      D562D7E1 
  99      32AA
 100 0238 5729C5A3 		.ascii	"W)\305\243\022S'\002\325\030\177\272\\0\334Hj\177\217"
 100      12532702 
 100      D5187FBA 
 100      5C30DC48 
 100      6A7F8F
 101 024b 27DF8E73 		.ascii	"'\337\216s\320=\335t\316\256!\355\274\001\235\343\367"
 101      D03DDD74 
 101      CEAE21ED 
 101      BC019DE3 
 101      F7
 102 025c D23CC903 		.ascii	"\322<\311\003\356\224\274\316*\320\222A\356\354M\261"
 102      EE94BCCE 
 102      2AD09241 
 102      EEEC4DB1 
 103 026c 7FCB49CB 		.ascii	"\177\313I\313\321\373\356\307\202\014\255\264\373\011"
 103      D1FBEEC7 
 103      820CADB4 
 103      FB09
 104 027a FA3B4FEF 		.ascii	"\372;O\357\317\367&\243\014\352\226q\177 m&6\316W\257"
 104      CFF726A3 
 104      0CEA9671 
 104      7F206D26 
 104      36CE57AF 
 105 028e F7D71F61 		.ascii	"\367\327\037a\353\260\037\363\331/\212u\201l%\365\270"
 105      EBB01FF3 
 105      D92F8A75 
 105      816C25F5 
 105      B8
 106 029f 9246BC3A 		.ascii	"\222F\274:\222.\234\3248\204_\366Ob\255\240\350\223"
 106      922E9CD4 
 106      38845FF6 
 106      4F62ADA0 
 106      E893
 107 02b1 AEE813A0 		.ascii	"\256\350\023\240t\316\271\006u\010\270\306\346\032\245"
 107      74CEB906 
 107      7508B8C6 
 107      E61AA5
 108 02c0 02346301 		.ascii	"\0024c\001n\342\342o\2405\241]Gk\220\012\301\003\215"
 108      6EE2E26F 
 108      A035A15D 
 108      476B900A 
 108      C1038D
 109 02d3 BFA704BA 		.ascii	"\277\247\004\272\352\032\350\212kZ\275N\350\032Wt\261"
 109      EA1AE88A 
 109      6B5ABD4E 
 109      E81A5774 
 109      B1
 110 02e4 535A52C7 		.ascii	"SZR\307\017\363\2167N\3568\327\272w\330\251\"\265\256"
 110      0FF38E37 
ARM GAS  /tmp/cc1QOl9g.s 			page 8


 110      4EEE38D7 
 110      BA77D8A9 
 110      22B5AE
 111 02f7 62CA76C3 		.ascii	"b\312v\303\342V\277\032\336\346M^\360\375q\273\346\347"
 111      E256BF1A 
 111      DEE64D5E 
 111      F0FD71BB 
 111      E6E7
 112 0309 2477C7FE 		.ascii	"$w\307\376\030)d\373\3436ro)\373\243\361_\373C\256\015"
 112      182964FB 
 112      E336726F 
 112      29FBA3F1 
 112      5FFB43AE 
 113 031e B46049FE 		.ascii	"\264`I\376Oy0\354\301\033\345K|%\221\364\267\211\010"
 113      4F7930EC 
 113      C11BE54B 
 113      7C2591F4 
 113      B78908
 114 0331 D329ECC8 		.ascii	"\323)\354\310=\233\347\345\265\323\361\306\200;N\217"
 114      3D9BE7E5 
 114      B5D3F1C6 
 114      803B4E8F 
 115 0341 940077C1 		.ascii	"\224\000w\301\213\002\351\025\301gv_\275\240\262C'\340"
 115      8B02E915 
 115      C167765F 
 115      BDA0B243 
 115      27E0
 116 0353 47046631 		.ascii	"G\004f1\011\000~\006f\314\235\220\017\0006\216\243*"
 116      09007E06 
 116      66CC9D90 
 116      0F00368E 
 116      A32A
 117 0365 76E64036 		.ascii	"v\346@6\0042C\362U\222\253\222$\331O\"\203\223\"\237"
 117      043243F2 
 117      5592AB92 
 117      24D94F22 
 117      8393229F 
 118 0379 E691E483 		.ascii	"\346\221\344\203\177<\370\015\243\311lP)\001\000\234"
 118      7F3CF80D 
 118      A3C96C50 
 118      2901009C 
 119 0389 094E823C 		.ascii	"\011N\202<mi\336\221\237\240,\016\344R=\313n\034\320"
 119      6D69DE91 
 119      9FA02C0E 
 119      E4523DCB 
 119      6E1CD0
 120 039c 7543171D 		.ascii	"uC\027\035\315[\001ll\254\\\354\325\021\221\177Dj&\376"
 120      CD5B016C 
 120      6CAC5CEC 
 120      D511917F 
 120      446A26FE 
 121 03b0 A8F2E60F 		.ascii	"\250\362\346\017\240\212\276\375\307\032s=\371\0038"
 121      A08ABEFD 
 121      C71A733D 
 121      F90338
 122 03bf 0BDD9749 		.ascii	"\013\335\227Iw\253us\016\260\217D\2128K\005\341\263"
 122      77AB7573 
ARM GAS  /tmp/cc1QOl9g.s 			page 9


 122      0EB08F44 
 122      8A384B05 
 122      E1B3
 123 03d1 A11D0BDD 		.ascii	"\241\035\013\335\306\012\335\001s\360\274A-m\247\233"
 123      C60ADD01 
 123      73F0BC41 
 123      2D6DA79B 
 124 03e1 BB6D3ABF 		.ascii	"\273m:\277<1\257G\254\272V?\377Q\231(\342\033ZTS\030"
 124      3C31AF47 
 124      ACBA563F 
 124      FF519928 
 124      E21B5A54 
 125 03f7 DC577611 		.ascii	"\334Wv\021\336\342\271\025\272\001\356\201\035\023\357"
 125      DEE2B915 
 125      BA01EE81 
 125      1D13EF
 126 0406 043FA4A7 		.ascii	"\004?\244\247\225\215tkH>\317*\263\354f/A\255\036\334"
 126      958D746B 
 126      483ECF2A 
 126      B3EC662F 
 126      41AD1EDC 
 127 041a 8BAD4DCB 		.ascii	"\213\255M\313rJ\373\304t\035\013\210Kq(uQ%zcg\012\215"
 127      724AFBC4 
 127      741D0B88 
 127      4B712875 
 127      51257A63 
 128 0431 035D5F93 		.ascii	"\003]_\223F.P\374}\363\250\233$\360[\273\276\260LL\325"
 128      462E50FC 
 128      7DF3A89B 
 128      24F05BBB 
 128      BEB04C4C 
 129 0446 307AB742 		.ascii	"0z\267B\357\226\351=\214~\365\356P\272\206\354\"\214"
 129      EF96E93D 
 129      8C7EF5EE 
 129      50BA86EC 
 129      228C
 130 0458 2F165DC8 		.ascii	"/\026]\310\222\023\350\030ZV\347\340?P\370\017d~/\343"
 130      9213E818 
 130      5A56E7E0 
 130      3F50F80F 
 130      647E2FE3 
 131 046c 3737E4BF 		.ascii	"77\344\277\236A\316p\376\201\312\352\353\036\022\377"
 131      9E41CE70 
 131      FE81CAEA 
 131      EB1E12FF 
 132 047c C9A8BEC1 		.ascii	"\311\250\276\301\301\177\250\360\037\312\374>\306\267"
 132      C17FA8F0 
 132      1FCAFC3E 
 132      C6B7
 133 048a D58FB6A8 		.ascii	"\325\217\266\250\311C\316\257\255O~\246\225\343\377"
 133      C943CEAF 
 133      AD4F7EA6 
 133      95E3FF
 134 0499 BDD4E6E0 		.ascii	"\275\324\346\340\367+\374~\231?\300\370E'\262\373=\310"
 134      F72BFC7E 
 134      993FC0F8 
 134      4527B2FB 
ARM GAS  /tmp/cc1QOl9g.s 			page 10


 134      3DC8
 135 04ab 1E35E397 		.ascii	"\0365\343\227\017\330\332\334\325*\376\024\320\026\341"
 135      0FD8DADC 
 135      D52AFE14 
 135      D016E1
 136 04ba D8A11DB6 		.ascii	"\330\241\035\266\355nom\346c\326\314A\220\272\371x|"
 136      ED6E6F6D 
 136      E663D6CC 
 136      4190BAF9 
 136      787C
 137 04cc 2C592725 		.ascii	",Y'%p\275(\260\213%\200\030x\244$\360HN`\210%\220}h"
 137      70BD28B0 
 137      8B258018 
 137      78A424F0 
 137      484E6088 
 138 04e4 6F292107 		.ascii	"o)!\007y\002\373r^\337P\311\374\335\244\244`{U\030o"
 138      7902FB72 
 138      5EDF50C9 
 138      FCDDA4A4 
 138      607B5518 
 139 04f9 E01345E0 		.ascii	"\340\023E\340\211,0\314\004\352\256\024\277\360$\355"
 139      892C30CC 
 139      04EAAE14 
 139      BFF024ED 
 140 0509 5CA06AA2 		.ascii	"\\\240j\242\242[\263 _\034\243\377<\212\226w\216\245"
 140      A25BB320 
 140      5F1CA3FF 
 140      3C8A9677 
 140      8EA5
 141 051b 8AE93EEC 		.ascii	"\212\351>\354I\177\312\005\234^\314O\331\226\032\201"
 141      497FCA05 
 141      9C5ECC4F 
 141      D9961A81 
 142 052b 05F48FCD 		.ascii	"\005\364\217\315\313V\373\244\227\003\215\251\274\034"
 142      CB56FBA4 
 142      97038DA9 
 142      BC1C
 143 0539 46B11C52 		.ascii	"F\261\034R\364Q\366~\370}W\3267\316\360\307\223\340"
 143      F451F67E 
 143      F87D57D6 
 143      37CEF0C7 
 143      93E0
 144 054b 63D2BB84 		.ascii	"c\322\273\204^\265a!!&\253\211D$\304\270\257\371\364"
 144      5EB56121 
 144      2126AB89 
 144      4424C4B8 
 144      AFF9F4
 145 055e 8BF9C141 		.ascii	"\213\371\301AA\202\316hL4\307Z\227,6Z\227\032\022-\011"
 145      4182CE68 
 145      4C34C75A 
 145      972C365A 
 145      971A122D 
 146 0573 0653C2E6 		.ascii	"\006S\302\346E\261q\261Q\213\242L\033\314\006slDLbd"
 146      45B171B1 
 146      518BA24C 
 146      1BCC0673 
 146      6C444C62 
ARM GAS  /tmp/cc1QOl9g.s 			page 11


 147 0588 9461B329 		.ascii	"\224a\263)\"\332\034\033e0FFm4%\306X\215\326\255\361"
 147      22DA1C1B 
 147      65304646 
 147      6D3425C6 
 147      588DD6AD 
 148 059d 51968068 		.ascii	"Q\226\200h\301]f\1770\015\333\262\325b0Z\254\221\010"
 148      C15D667F 
 148      300DDBB2 
 148      D562305A 
 148      AC9108
 149 05b0 450A898B 		.ascii	"E\012\211\213L\300\034\242?\014\0100\360_\234\305\020"
 149      4CC01CA2 
 149      3F0C0830 
 149      F05F9CC5 
 149      10
 150 05c1 6D8A31C4 		.ascii	"m\2121\304\307%X-\206\365\237\177\262d\261!44\304\260"
 150      C725582D 
 150      86F59F7F 
 150      B264B121 
 150      3434C4B0 
 151 05d5 266CEDBA 		.ascii	"&l\355\272\257\202\350\2241\036-&&\022\331>\026\353"
 151      AF82E894 
 151      311E2D26 
 151      2612D93E 
 151      16EB
 152 05e7 668CB729 		.ascii	"f\214\267)\336\034g\264DY\023\343\215VmX0]\2276\354"
 152      DE1C67B4 
 152      445913E3 
 152      8D566D58 
 152      305D9736 
 153 05fc 237E59C9 		.ascii	"#~Y\311/\253\350\305#lehp\\\354F\363&7\324Y\033k\266"
 153      2FABE8C5 
 153      236C6568 
 153      705CEC46 
 153      F32637D4 
 154 0614 BEEB1AD6 		.ascii	"\276\353\032\326\222\020A\257\001\021\202\326b\245\210"
 154      921041AF 
 154      011182D6 
 154      62A588
 155 0623 F75D11F2 		.ascii	"\367]\021\362:h&\026\272\004\217\015q\246\204H\212]"
 155      3A682616 
 155      BA048F0D 
 155      71A68448 
 155      8A5D
 156 0635 EA8A6533 		.ascii	"\352\212e3t\025F\266\220\360Pc\310\332\365\301\353\302"
 156      741546B6 
 156      90F05063 
 156      C8DAF5C1 
 156      EBC2
 157 0647 577DF625 		.ascii	"W}\366%\237C\272\233%\336L\311~\323\006\2127#Tkaa\026"
 157      9F43BA9B 
 157      25DE4CC9 
 157      7ED3068A 
 157      3723546B 
 158 065e 4C8B8C4A 		.ascii	"L\213\214J0c\376\250k\216H\374O]\304 t\206\\R\243\031"
 158      3063FEA8 
 158      6B8E48FC 
ARM GAS  /tmp/cc1QOl9g.s 			page 12


 158      4F5DC420 
 158      74865C52 
 159 0674 095ED14E 		.ascii	"\011^\321NN\340t}a\347\325A[\266\030\242\225\226P)y"
 159      4EE0747D 
 159      61E7D541 
 159      5BB618A2 
 159      95965029 
 160 0689 6344B062 		.ascii	"cD\260b\377\003\313\225\232\345"
 160      FF03CB95 
 160      9AE5
 161              		.text
 162              		.section	.gnu.lto_.symtab.ddca2761f339a319,"",%progbits
 163 0000 68616C49 		.ascii	"halInit\000"
 163      6E697400 
 164 0008 00       		.ascii	"\000"
 165 0009 00       		.ascii	"\000"
 166 000a 00       		.ascii	"\000"
 167 000b 00000000 		.ascii	"\000\000\000\000\000\000\000\000"
 167      00000000 
 168 0013 DC000000 		.ascii	"\334\000\000\000"
 169 0017 70616C5F 		.ascii	"pal_default_config\000"
 169      64656661 
 169      756C745F 
 169      636F6E66 
 169      696700
 170 002a 00       		.ascii	"\000"
 171 002b 02       		.ascii	"\002"
 172 002c 00       		.ascii	"\000"
 173 002d 00000000 		.ascii	"\000\000\000\000\000\000\000\000"
 173      00000000 
 174 0035 EE000000 		.ascii	"\356\000\000\000"
 175 0039 7374496E 		.ascii	"stInit\000"
 175      697400
 176 0040 00       		.ascii	"\000"
 177 0041 02       		.ascii	"\002"
 178 0042 00       		.ascii	"\000"
 179 0043 00000000 		.ascii	"\000\000\000\000\000\000\000\000"
 179      00000000 
 180 004b DE000000 		.ascii	"\336\000\000\000"
 181 004f 626F6172 		.ascii	"boardInit\000"
 181      64496E69 
 181      7400
 182 0059 00       		.ascii	"\000"
 183 005a 02       		.ascii	"\002"
 184 005b 00       		.ascii	"\000"
 185 005c 00000000 		.ascii	"\000\000\000\000\000\000\000\000"
 185      00000000 
 186 0064 E0000000 		.ascii	"\340\000\000\000"
 187 0068 73706949 		.ascii	"spiInit\000"
 187      6E697400 
 188 0070 00       		.ascii	"\000"
 189 0071 02       		.ascii	"\002"
 190 0072 00       		.ascii	"\000"
 191 0073 00000000 		.ascii	"\000\000\000\000\000\000\000\000"
 191      00000000 
 192 007b E2000000 		.ascii	"\342\000\000\000"
 193 007f 7364496E 		.ascii	"sdInit\000"
ARM GAS  /tmp/cc1QOl9g.s 			page 13


 193      697400
 194 0086 00       		.ascii	"\000"
 195 0087 02       		.ascii	"\002"
 196 0088 00       		.ascii	"\000"
 197 0089 00000000 		.ascii	"\000\000\000\000\000\000\000\000"
 197      00000000 
 198 0091 E4000000 		.ascii	"\344\000\000\000"
 199 0095 69637549 		.ascii	"icuInit\000"
 199      6E697400 
 200 009d 00       		.ascii	"\000"
 201 009e 02       		.ascii	"\002"
 202 009f 00       		.ascii	"\000"
 203 00a0 00000000 		.ascii	"\000\000\000\000\000\000\000\000"
 203      00000000 
 204 00a8 E6000000 		.ascii	"\346\000\000\000"
 205 00ac 5F70616C 		.ascii	"_pal_lld_init\000"
 205      5F6C6C64 
 205      5F696E69 
 205      7400
 206 00ba 00       		.ascii	"\000"
 207 00bb 02       		.ascii	"\002"
 208 00bc 00       		.ascii	"\000"
 209 00bd 00000000 		.ascii	"\000\000\000\000\000\000\000\000"
 209      00000000 
 210 00c5 EA000000 		.ascii	"\352\000\000\000"
 211 00c9 68616C5F 		.ascii	"hal_lld_init\000"
 211      6C6C645F 
 211      696E6974 
 211      00
 212 00d6 00       		.ascii	"\000"
 213 00d7 02       		.ascii	"\002"
 214 00d8 00       		.ascii	"\000"
 215 00d9 00000000 		.ascii	"\000\000\000\000\000\000\000\000"
 215      00000000 
 216 00e1 EC000000 		.ascii	"\354\000\000\000"
 217              		.text
 218              		.section	.gnu.lto_.opts,"",%progbits
 219 0000 272D666D 		.ascii	"'-fmath-errno' '-fsigned-zeros' '-ftrapping-math' '"
 219      6174682D 
 219      6572726E 
 219      6F272027 
 219      2D667369 
 220 0033 2D666E6F 		.ascii	"-fno-trapv' '-fno-openmp' '-fno-openacc' '-mcpu=cor"
 220      2D747261 
 220      70762720 
 220      272D666E 
 220      6F2D6F70 
 221 0066 7465782D 		.ascii	"tex-m3' '-mno-thumb-interwork' '-mthumb' '-ggdb' '-"
 221      6D332720 
 221      272D6D6E 
 221      6F2D7468 
 221      756D622D 
 222 0099 4F322720 		.ascii	"O2' '-fomit-frame-pointer' '-falign-functions=16' '"
 222      272D666F 
 222      6D69742D 
 222      6672616D 
 222      652D706F 
ARM GAS  /tmp/cc1QOl9g.s 			page 14


 223 00cc 2D666675 		.ascii	"-ffunction-sections' '-fdata-sections' '-fno-common"
 223      6E637469 
 223      6F6E2D73 
 223      65637469 
 223      6F6E7327 
 224 00ff 2720272D 		.ascii	"' '-flto'\000"
 224      666C746F 
 224      2700
 225              		.text
 226              		.comm	__gnu_lto_v1,1,1
 227              		.comm	__gnu_lto_slim,1,1
 228              		.ident	"GCC: (GNU Tools for ARM Embedded Processors 6-2017-q2-update) 6.3.1 20170620 (release) [AR
ARM GAS  /tmp/cc1QOl9g.s 			page 15


DEFINED SYMBOLS
                            *ABS*:0000000000000000 hal.c
                            *COM*:0000000000000001 __gnu_lto_v1
                            *COM*:0000000000000001 __gnu_lto_slim

NO UNDEFINED SYMBOLS
