ARM GAS  /tmp/ccrp65pP.s 			page 1


   1              		.cpu cortex-m3
   2              		.eabi_attribute 20, 1
   3              		.eabi_attribute 21, 1
   4              		.eabi_attribute 23, 3
   5              		.eabi_attribute 24, 1
   6              		.eabi_attribute 25, 1
   7              		.eabi_attribute 26, 1
   8              		.eabi_attribute 30, 2
   9              		.eabi_attribute 34, 1
  10              		.eabi_attribute 18, 4
  11              		.file	"hal_pal_lld.c"
  12              		.text
  13              	.Ltext0:
  14              		.section	.gnu.lto_.profile.6722279f8232fda7,"",%progbits
  15 0000 789C6365 		.ascii	"x\234ce`b`a```dps\001\000\001P\000\227"
  15      60626061 
  15      60606064 
  15      70730100 
  15      01500097 
  16              		.text
  17              		.section	.gnu.lto_.icf.6722279f8232fda7,"",%progbits
  18 0000 789C6365 		.ascii	"x\234ce`b\020a@\000f\206\217\017\327\336\340`\374\374"
  18      60621061 
  18      40006686 
  18      8F0FD7DE 
  18      E060FCFC 
  19 0014 E676371B 		.ascii	"\346v7\033\323\313\345\317/\2630\000\000m\275\012\032"
  19      D3CBE5CF 
  19      2FB33000 
  19      006DBD0A 
  19      1A
  20              		.text
  21              		.section	.gnu.lto_.jmpfuncs.6722279f8232fda7,"",%progbits
  22 0000 789C6365 		.ascii	"x\234ce`b\020`@\000&\006FF\306zFf \311^__\317\000\000"
  22      60621060 
  22      40002606 
  22      4646C67A 
  22      466620C9 
  23 001a 0D4C0227 		.ascii	"\015L\002'"
  24              		.text
  25              		.section	.gnu.lto_.inline.6722279f8232fda7,"",%progbits
  26 0000 789C3D91 		.ascii	"x\234=\2211j\0031\020EgFr\274\304\205\267J\025\260\300"
  26      316A0331 
  26      10456746 
  26      72BCC485 
  26      B74A15B0 
  27 0015 7B821C20 		.ascii	"{\202\034 \350(\251\223KL\353\306\220\312\030\002Q\227"
  27      E828A993 
  27      4B4CEBC6 
  27      90CA1802 
  27      5197
  28 0027 80BB40FA 		.ascii	"\200\273@\372M\351\316\007H\3412mn`\315|\255U\274?\237"
  28      4DE9CE07 
  28      48E1326D 
  28      6E60CD7C 
  28      AD55BC3F 
  29 003c 81A75D34 		.ascii	"\201\247]4#\241o\246\353\021\242a\315KJL\201\234\331"
ARM GAS  /tmp/ccrp65pP.s 			page 2


  29      23A16FA6 
  29      EB11A261 
  29      CD4B4A4C 
  29      819CD9
  30 004f 999C4FCE 		.ascii	"\231\234O\316\302\036\212\030[\023\2173Zi\0151\"4\240"
  30      C21E8A18 
  30      5B138F33 
  30      5A690D31 
  30      2234A0
  31 0062 214A4843 		.ascii	"!JHC\331\013\335\224\225\020\377\315#h\350|\354\014"
  31      D90BDD94 
  31      9510FFCD 
  31      2368E87C 
  31      EC0C
  32 0074 BD8FBD21 		.ascii	"\275\217\275!\371\230\014\331\307lP\026\204SP\300\330"
  32      F9980CD9 
  32      C76C5016 
  32      845350C0 
  32      D8
  33 0085 C209A7BA 		.ascii	"\302\011\247\272TaU\327*\274\352b\205Y\241\236\334M"
  33      546155D7 
  33      2ABCEA62 
  33      8559A19E 
  33      DC4D
  34 0097 3ED99B7E 		.ascii	">\331\233~\362\327\013\352a\032^\231g\222\236w\2017"
  34      F2D70BEA 
  34      611A5E99 
  34      67929E77 
  34      8137
  35 00a9 6FFBC37C 		.ascii	"o\373\303|\033\336\003q\340\017\276'I/-m\375s\376\372"
  35      1BDE0371 
  35      E00FBE27 
  35      492F2D6D 
  35      FD73FEFA 
  36 00bd 5F601DF9 		.ascii	"_`\035\371\263\255\221\365)\272\207\323oO\267\343\243"
  36      B3AD91F5 
  36      29BA87D3 
  36      6F4FB7E3 
  36      A3
  37 00ce 502CAB4C 		.ascii	"P,\253Lq\274\313\365\263\217\334\333?X\020\357\304."
  37      71BCCBF5 
  37      B38FDCDB 
  37      3F5810EF 
  37      C42E
  38 00e0 AFF447BB 		.ascii	"\257\364G\273\000\360\242P\247"
  38      00F0A250 
  38      A7
  39              		.text
  40              		.section	.gnu.lto_.pureconst.6722279f8232fda7,"",%progbits
  41 0000 789C6365 		.ascii	"x\234ce`b`e`\000\222R\214R\000\001\005\000D"
  41      60626065 
  41      60009252 
  41      8C520001 
  41      050044
  42              		.text
  43              		.section	.gnu.lto__pal_lld_init.6722279f8232fda7,"",%progbits
  44 0000 789CA597 		.ascii	"x\234\245\227mLSW\030\307\317sO{)\245t\204\020B\030"
ARM GAS  /tmp/ccrp65pP.s 			page 3


  44      6D4C5357 
  44      18C7CF73 
  44      4F7B29A5 
  44      74841042 
  45 0015 21849918 		.ascii	"!\204\231\030\277p\263-K\366i\237\226\230%.\333\262"
  45      BF70B32D 
  45      4BF6699F 
  45      9698252E 
  45      DBB2
  46 0027 7D5F3696 		.ascii	"}_6\226\275$d\230\271\354\253\267X@0\021\222)2'k\315"
  46      BD246498 
  46      B9ECABB7 
  46      58403011 
  46      92293227 
  47 003d C22A3228 		.ascii	"\302*2(\356M\250\"\2658\001\025\035\326M\035\276L\334"
  47      EE4DA822 
  47      B5380115 
  47      1DD64D1D 
  47      BE4CDC
  48 0050 D02ACC29 		.ascii	"\320*\314)0\035\233e\3479\247\367\336r\023nr\322\206"
  48      301D9B65 
  48      E739A7F7 
  48      DE72136E 
  48      72D286
  49 0063 FBF41EEE 		.ascii	"\373\364\036\356\355\363\374~\247\177H\353&\012i*$\344"
  49      EDF3FC7E 
  49      A77F48EB 
  49      260A692A 
  49      24E4
  50 0075 0542C893 		.ascii	"\005B\310\223\354\000J@i?KH\300\243\000\340\211\356"
  50      EC004A40 
  50      693F4B48 
  50      C0A300E0 
  50      89EE
  51 0087 01B25581 		.ascii	"\001\262U\201\255\320F\367PH4\317\016)\033\":{\304\367"
  51      ADD046F7 
  51      504834CF 
  51      0E291B22 
  51      3A7BC4F7 
  52 009b 0CAA4D7A 		.ascii	"\014\252MzcY\210\022\362\031;\360\001\021\330\300\356"
  52      63598812 
  52      F2193BF0 
  52      0111D8C0 
  52      EE
  53 00ac 9A0A0EEC 		.ascii	"\232\012\016\354\243;i\210\002\270\330\362\376\344\336"
  53      A33B6988 
  53      02B8D8F2 
  53      FEE4DE
  54 00bb 9B7E5C2A 		.ascii	"\233~\\*P\305\226\251t\364\226\213>\017\204\235\367"
  54      50C596A9 
  54      74F4968B 
  54      3E0F849D 
  54      F7
  55 00cc 5CFBFCB5 		.ascii	"\\\373\374\265\365\335\272\336\240\307\347vQ}]\210R"
  55      F5DDBADE 
  55      A0C7E776 
  55      517D5D88 
ARM GAS  /tmp/ccrp65pP.s 			page 4


  55      52
  56 00dd 380894F5 		.ascii	"8\010\224\365\203\036\250\200\003PA\330\257\010\364"
  56      831EA880 
  56      035041D8 
  56      AF08F4
  57 00ec C27ABC7D 		.ascii	"\302z\274}\346Pzw\241\352\022\363\340kP\201=G\317C\\"
  57      E6507A77 
  57      A1EA12F3 
  57      E06B5081 
  57      3D47CF43 
  58 0101 4FAF34B3 		.ascii	"O\2574\263\026\335\220\334\270Na/qQ,n\300\027\252x\352"
  58      16DD90DC 
  58      B84E612F 
  58      71512C6E 
  58      C017AA78 
  59 0116 C1E2C5E2 		.ascii	"\301\342\305\342\303\342\307R\204\245\030K\011\226R"
  59      C3E2C752 
  59      84A5184B 
  59      099652
  60 0125 2C6558CA 		.ascii	",eX\312\261\340dW%\226*,\325X\010ie\223q[vP\005\237"
  60      B1E06457 
  60      25962A2C 
  60      D5580869 
  60      6593715B 
  61 013d 690A12B1 		.ascii	"i\012\022\261TO-\262tQ\205!v4&\316\345\241\254\233\013"
  61      544F2DB2 
  61      74518521 
  61      763426CE 
  61      E5A1AC9B 
  62 0152 4E4727EF 		.ascii	"NG'\357z\304R\017o\327q;f\306[\013C\320\025`{X\025\242"
  62      7AC4520F 
  62      6FD7713B 
  62      66C65B0B 
  62      43D01560 
  63 016a 2AF433D1 		.ascii	"*\3643\321>&\212\267\037\337y\373\253B\255O\017B\210"
  63      3E268AB7 
  63      1FDF79FB 
  63      AB42AD4F 
  63      0F4288
  64 017d E6411442 		.ascii	"\346A\024B\320\311\267\026\006@#)\330\366\250\011\304"
  64      D0C9B716 
  64      06402329 
  64      D8F6A809 
  64      C4
  65 018e 282AA625 		.ascii	"(*\246%\373W\342|\247]\360\230\300!\326\205\001u\344"
  65      FB57E27C 
  65      A75DF098 
  65      C021D685 
  65      0175E4
  66 01a1 E33D5293 		.ascii	"\343=R\223\276\261&}\013\032k\317\3724\304R\375\243"
  66      BEB1267D 
  66      0B1A6BCF 
  66      FA34C452 
  66      FDA3
  67 01b3 4F88716A 		.ascii	"O\210qj\266\031\345f\017\307Nm\367e\272\207c\300\266"
  67      B619E566 
  67      0FC74E6D 
ARM GAS  /tmp/ccrp65pP.s 			page 5


  67      F765BA87 
  67      63C0B6
  68 01c6 C7D3C52C 		.ascii	"\307\323\305,\277\313\364\377\242sp\301\317\372\267"
  68      BFCBF4FF 
  68      A27370C1 
  68      CFFAB7
  69 01d5 F3D9F9F0 		.ascii	"\363\331\371\360=\237\200\357\027\2738\0329x\317+.\206"
  69      3D9F80EF 
  69      17BB381A 
  69      3978CF2B 
  69      2E86
  70 01e7 97198017 		.ascii	"\227\031\200\027~\000\255\223m)\233\177\230\233&:&*"
  70      7E00AD93 
  70      6D299B7F 
  70      989B263A 
  70      262A
  71 01f9 3316E6DC 		.ascii	"3\026\346\334\002>w\366\344\305\026\267X\352\355A\276"
  71      023E77F6 
  71      E4C516B7 
  71      58EAED41 
  71      BE
  72 020a A363914B 		.ascii	"\243c\221K\213.\003\345mF\342\203!\246:\230AI\337\331"
  72      8B2E03E5 
  72      6D46E283 
  72      21A63A98 
  72      4149DFD9 
  73 021e DF8628C1 		.ascii	"\337\206(\301\000\242\344A\214\243\360\010\035AYU\310"
  73      00A2E441 
  73      8CA3F008 
  73      1D415955 
  73      C8
  74 022f 460D598F 		.ascii	"F\015Y\217\274\335Qg\273a\264s\341\300cv;I\366\021>"
  74      BCDD5167 
  74      BB61B473 
  74      E1C06376 
  74      3B49F611 
  75 0244 C88DADE2 		.ascii	"\310\215\255\342\310\356\021\354\203\006\273W\236\375"
  75      C8EE11EC 
  75      8306BB57 
  75      9EFD
  76 0252 B8337B02 		.ascii	"\2703{\002\331U\0348\232#\373\011>(\017[\375\210\354"
  76      D9551C38 
  76      9A23FB09 
  76      3E280F5B 
  76      FD88EC
  77 0265 5EC13E64 		.ascii	"^\301>d\260\373\344\331O\362\226\236\265\330\307\314"
  77      B0FBE4D9 
  77      4FF2969E 
  77      B5D8C7CC 
  78 0275 548DDBD9 		.ascii	"T\215\333\331\247\247n\364\346gb\324)b\324\027\036~"
  78      A7A76EF4 
  78      E66762D4 
  78      2962D417 
  78      1E7E
  79 0287 6AB5CD44 		.ascii	"j\265\315D\226\315\205\245\266\303\236,\233SV\212N\243"
  79      96CD85A5 
  79      B6C39E2C 
ARM GAS  /tmp/ccrp65pP.s 			page 6


  79      9B53568A 
  79      4EA3
  80 0299 8D4FD8C4 		.ascii	"\215O\330\304\014\033\277\274\315\031g\233I3Eg\3556"
  80      0C1BBFBC 
  80      CD19679B 
  80      49334567 
  80      ED36
  81 02ab 72E8E7AC 		.ascii	"r\350\347\254\020\375\204\350~\201~\304@/\222G\237r"
  81      10FD84E8 
  81      7E817EC4 
  81      402F9247 
  81      9F72
  82 02bd 463F6F86 		.ascii	"F?o\206(\231\033\372\005+C?#z\221@?j\240\027\313\243"
  82      28991BFA 
  82      052B433F 
  82      237A9140 
  82      3F6AA017 
  83 02d3 FFC25BE6 		.ascii	"\377\302[\346\257\205~\321\314\320%;\372\322\256\313"
  83      AF857ED1 
  83      CCD0253B 
  83      FAD2AECB 
  84 02e3 49C86428 		.ascii	"I\310d(,2\364\340zo\213w\265\316\345,\235\371\331\275"
  84      2C32F4E0 
  84      7A6F8B77 
  84      B5CEE52C 
  84      9DF9D9BD 
  85 02f7 570BB274 		.ascii	"W\013\262t~\265B4\215:\305Bg\330\320)\221\327\271\342"
  85      7EB54234 
  85      8D3AC542 
  85      67D8D029 
  85      91D7B9E2 
  86 030b AC73D50C 		.ascii	"\254s\325\014\3215\273\216$\373u+E\277!{\211`?f\260"
  86      D135BB8E 
  86      24FB752B 
  86      45BF217B 
  86      89603F66 
  87 0320 97CAB3DF 		.ascii	"\227\312\263\337pf\2371St3G\366\337\255\030\375\201"
  87      70669F31 
  87      53743347 
  87      F6DFAD18 
  87      FD81
  88 0332 ECA5827D 		.ascii	"\354\245\202}\304`/\223g\237\345-\275k\261\3372ct\333"
  88      C4602F93 
  88      679FE52D 
  88      BD6BB1DF 
  88      326374DB 
  89 0346 CEFE69CB 		.ascii	"\316\376i\313|\300\370Wt@\304hd.\251+\253uRY:\013\273"
  89      7CC0F857 
  89      7440C468 
  89      642EA92B 
  89      AB755259 
  90 035d 27F6B9B3 		.ascii	"'\366\271\263t\356X1\272\213:eBg\334\320)\227\327\231"
  90      74EE5831 
  90      BA8B3A65 
  90      4267DCD0 
  90      2997D799 
  91 0371 73D69937 		.ascii	"s\326\2317c\364\247]G\222\375\236\025\243\277\220\275"
ARM GAS  /tmp/ccrp65pP.s 			page 7


  91      63F4A75D 
  91      4792FD9E 
  91      15A3BF90 
  91      BD
  92 0382 5CB04F18 		.ascii	"\\\260O\030\354\025\362\354\367\235\331\037\2301Z\310"
  92      EC15F2EC 
  92      F79DD91F 
  92      98315AC8 
  93 0392 917DD18A 		.ascii	"\221}\321\212\321\022\262W\010\366\323\006{\245<\373"
  93      D112B257 
  93      08F6D306 
  93      7BA53CFB 
  94 03a2 DFBC65C1 		.ascii	"\337\274e\301Z\354\017\315\030=\262\263/.\177\271\250"
  94      5AEC0FCD 
  94      183DB2B3 
  94      2F2E7FB9 
  94      A8
  95 03b3 66623420 		.ascii	"fb4 bt\245\273}\277\355\257\342\237,\235\350\216\346"
  95      6274A5BB 
  95      7DBFEDAF 
  95      E29F2C9D 
  95      E88EE6
  96 03c6 916C9D65 		.ascii	"\221l\235e+F\377\242N\245\3209c\350T\311\353\374\347"
  96      2B46FFA2 
  96      4EA5D039 
  96      63E854C9 
  96      EBFCE7
  97 03d9 ACF3D88C 		.ascii	"\254\363\330\214Q\332\256#\311\276b\305HW\030{\225`"
  97      51DAAE23 
  97      C9BE62C5 
  97      4857187B 
  97      9560
  98 03eb 9F34D8AB 		.ascii	"\2374\330\253\345\331\003\212#{\203b\304h\233\222\033"
  98      E5D9038A 
  98      237B8362 
  98      C4689B92 
  98      1B
  99 03fc 7B503163 		.ascii	"{P1c\324\210\354\325d\036\032\302\2216\376Y\237\177"
  99      D488ECD5 
  99      641E1AC2 
  99      9136FE59 
  99      9F7F
 100 040e B16A659F 		.ascii	"\261je\237\317\330\327\015\366\306?WS\243\211\237\372"
 100      CFD8D70D 
 100      F6C63F57 
 100      53A3899F 
 100      FA
 101 041f 2DDAFB6F 		.ascii	"-\332\373o\325i\233\353?\372x\213\366\372\033/?\373"
 101      D5699BEB 
 101      3FFA788B 
 101      F6FA1B2F 
 101      3FFB
 102 0431 8CB669D3 		.ascii	"\214\266i\323\213\332\306W_z\345\223\247\361\322\233"
 102      8BDAC657 
 102      5F7AE593 
 102      A7F1D29B 
 103 0441 9BD95157 		.ascii	"\233\331QW\367NM-Qk\353?|\367\203\367\376\007\251\213"
ARM GAS  /tmp/ccrp65pP.s 			page 8


 103      F74E4D2D 
 103      516BEB3F 
 103      7CF783F7 
 103      FE07A98B 
 104 0455 7FCD     		.ascii	"\177\315"
 105              		.text
 106              		.section	.gnu.lto__pal_lld_setgroupmode.6722279f8232fda7,"",%progbits
 107 0000 789CA556 		.ascii	"x\234\245VkLTG\024\236s\347\356\335\273o\203\362\024"
 107      6B4C5447 
 107      149E73E7 
 107      EEDDBB6F 
 107      83F214
 108 0013 048988A6 		.ascii	"\004\211\210\246\211\033\332\264\361O\3774M\254\211"
 108      891BDAB4 
 108      F14FFF34 
 108      4DAC89
 109 0022 A66DDA26 		.ascii	"\246m\332&\266\177Z\243\2654B5\3324i\322\204+\010\012"
 109      B67F5AA3 
 109      B5344235 
 109      DA3469D2 
 109      842B080A 
 110 0036 A43E2A62 		.ascii	"\244>*b%n\226H}\264+\"\240 (\310S\300\007>j\245@\264"
 110      256E9648 
 110      7DB42B22 
 110      A02028C8 
 110      53C0073E 
 111 004e B615129A 		.ascii	"\266\025\022\232\232\010J\255D\244g\316\334e\027JjL"
 111      9A084AAD 
 111      44A467CE 
 111      DC65174A 
 111      6A4C
 112 0060 37DCE1CE 		.ascii	"7\334\341\316\231\357;\347|s\316\314\256\205),\326\301"
 112      99EF3BE7 
 112      7C73CECC 
 112      AE85292C 
 112      D6C1
 113 0072 D8078CB1 		.ascii	"\330\007\214\261\016|`\026\003eW7c[tE\341\367#\231a"
 113      0E7C6016 
 113      03655737 
 113      635B7445 
 113      E1F72399 
 114 0087 574B9732 		.ascii	"WK\2272\303\311A\223fU\261\220Y#\263%h\326\300-_\254"
 114      C3C94193 
 114      6655B190 
 114      5923B325 
 114      68D6C02D 
 115 009d 8ABE3D15 		.ascii	"\212\276=\025\327mbt\352`\227f[\360\305\2568h\335I\353"
 115      D76D6274 
 115      EA609766 
 115      5BF0C5AE 
 115      3868DD49 
 116 00b2 0E7049B3 		.ascii	"\016pI\2633\370\342\222\216\232u\267b\255kg\210\364"
 116      33F8E292 
 116      8E9A75B7 
 116      62AD6B67 
 116      88F4
 117 00c4 F4E888F4 		.ascii	"\364\350\210\364\000\010\273\241\003\313R\270j\321\254"
ARM GAS  /tmp/ccrp65pP.s 			page 9


 117      0008BBA1 
 117      03CB52B8 
 117      6AD1AC
 118 00d3 BACDEE70 		.ascii	"\272\315\356p\272\334\036\310R\334\014\232T\320i@\025"
 118      BADC1EC8 
 118      52DC0C9A 
 118      54D06940 
 118      15
 119 00e4 6C27DFC7 		.ascii	"l'\337\307\241e\333`\235\262\370\210\201\237\246}E\366"
 119      A165DB60 
 119      9DB2F888 
 119      819FA67D 
 119      45F6
 120 00f6 3C2337C6 		.ascii	"<#7\306\317\031\333\317\031}\340\010,F\324\265\255'"
 120      CF19DBCF 
 120      197DE008 
 120      2C46D4B5 
 120      AD27
 121 0108 0EF01DDC 		.ascii	"\016\360\035\334\317\001T\234\016_.\371\335-\246\012"
 121      CF01549C 
 121      0E5F2EF9 
 121      DD2DA60A 
 122 0118 24E1B4B5 		.ascii	"$\341\264\265{\342\264\235/\005\206\357\331\007\367"
 122      7BE2B49D 
 122      2F0586EF 
 122      D907F7
 123 0127 B7B9520F 		.ascii	"\267\271R\017\031F\266\321\364\244\210\033\013\374\234"
 123      1946B6D1 
 123      F4A4881B 
 123      0BFC9C
 124 0136 C30FC0D1 		.ascii	"\303\017\300\321!|\017\361p\024\342\031\232\030\004"
 124      217C0FF1 
 124      7014E219 
 124      9A1804
 125 0145 2015E113 		.ascii	" \025\341\023\207O\344\353\374U\242>\336\333\351\003"
 125      874FE4EB 
 125      FC55A23E 
 125      DEDBE903 
 126 0155 937AFB68 		.ascii	"\223z\373h\304\336\034\343\015?W\341\330t\262\312\240"
 126      C4DE1CE3 
 126      0D3F57E1 
 126      D874B2CA 
 126      A0
 127 0166 9CC80FAA 		.ascii	"\234\310\017\252\017\355q\360\327\210|qG\303*\223;x"
 127      0FED71F0 
 127      D7887C71 
 127      47C32A93 
 127      3B78
 128 0178 34AE88B8 		.ascii	"4\256\210\270\0268>\235kaP\001\251\202p\350bk\243\233"
 128      16383E9D 
 128      6B615001 
 128      A98270E8 
 128      626BA39B 
 129 018c 2F23F20D 		.ascii	"/#\362\015\343\344\004\244\224\021\373f fw\216\321i"
 129      E3E404A4 
 129      9411FB66 
 129      2066778E 
ARM GAS  /tmp/ccrp65pP.s 			page 10


 129      D169
 130 019e A87EAEC1 		.ascii	"\250~\256\301\211\251|\361A\370\355\201\363W\201/'\352"
 130      89A97CF1 
 130      41F8ED81 
 130      F357812F 
 130      27EA
 131 01b0 2F43C776 		.ascii	"/C\307vZMjw ~\217I\265B\325\214\324\262\366\3721\007"
 131      5A4D6A77 
 131      207E8F49 
 131      B542D58C 
 131      D4B2F6FA 
 132 01c6 5F49D4B2 		.ascii	"_I\324\262\3339\275n\223zi\0177\2763\024A<9#\361i\301"
 132      DB39BD6E 
 132      937A690F 
 132      37BE3314 
 132      413C3923 
 133 01dd D9FB9CBF 		.ascii	"\331\373\234\277MD#\177\270\310f\022\357~3I\254\231"
 133      4D44237F 
 133      B8C86612 
 133      EF7E3349 
 133      AC99
 134 01ef 9158D53C 		.ascii	"\221X\325<\254\361\367\210w\362`Y\205\303\344\265\205"
 134      ACF1F788 
 134      77F26059 
 134      85C3E4B5 
 134      85
 135 0200 78A767E4 		.ascii	"x\247g\344=\332Q\333\003|\025\021\213;o\024:\203\001"
 135      3DDA51DB 
 135      037C1511 
 135      8B3B6F14 
 135      3A8301
 136 0213 774F12EB 		.ascii	"wO\022\353g$\376V\371t\257KS\313p\345\014\244@\035>"
 136      6724FE56 
 136      F974AF4B 
 136      53CB70E5 
 136      0CA4401D 
 137 0228 B5F89CC2 		.ascii	"\265\370\234\302\247\032\237JH\221\335\005gA\003\306"
 137      A71A9F4A 
 137      4891DD05 
 137      674103C6 
 138 0238 ACFF01AC 		.ascii	"\254\377\001\254\270\016M\306\323\211mX\323E\375\017"
 138      B80E4DC6 
 138      D3896D58 
 138      D345FD0F 
 139 0248 47231601 		.ascii	"G#\026\001\225^!\202\244a3 \321B\243\306\204\003+\215"
 139      955E2182 
 139      A4613320 
 139      D142A3C6 
 139      84032B8D 
 140 025c 3A138E6C 		.ascii	":\023\216l4\332\231p\346\004Qz7\210\316\303s\202~\""
 140      34DA9970 
 140      E604517A 
 140      3788CEC3 
 140      73827E22 
 141 0270 B021F4D9 		.ascii	"\260!\364\331LD\233C\016\"\311e\024\221\242\311M\014"
 141      4C449B43 
 141      0E22C965 
ARM GAS  /tmp/ccrp65pP.s 			page 11


 141      1491A2C9 
 141      4D0C
 142 0282 426CB1B4 		.ascii	"Bl\261\264\030G\346\271\302\020O\270\004B\314\243\224"
 142      1847E6B9 
 142      C2104FB8 
 142      0442CCA3 
 142      94
 143 0293 12294492 		.ascii	"\022)D\222X\234/\206d1,\020C\212\030\026\212\201\261"
 143      589C2F86 
 143      64312C10 
 143      438A1816 
 143      8A81B1
 144 02a6 02D48DE7 		.ascii	"\002\324\215\347\264\220+\370\217\337\205\255}\255\203"
 144      B4902BF8 
 144      8FDF85AD 
 144      7DAD83
 145 02b5 01A7D808 		.ascii	"\001\247\330\010\037w\342\326\345\037\330\037\260\212"
 145      1F77E2D6 
 145      E51FD81F 
 145      B08A
 146 02c3 7365010E 		.ascii	"se\001\016\015\346\226\026\342i\251U\370\020\264\224"
 146      0DE69616 
 146      E269A955 
 146      F810B494 
 147 02d3 0C35E4DA 		.ascii	"\0145\344\332\005Z\224$\267\345\012A9U\350Q\307\205"
 147      055A9424 
 147      B7E50A41 
 147      3955E851 
 147      C785
 148 02e5 ED4E3FF8 		.ascii	"\355N?\370\266\3409.]\207\321\354>\356\206F\341\002"
 148      B6E0392E 
 148      5D87D1EC 
 148      3EEE8646 
 148      E102
 149 02f7 577B4646 		.ascii	"W{FFZ\235\336rc\353\026#\311\317\035p\016\374\360-\235"
 149      5A9DDE72 
 149      63EB1623 
 149      C9CF1D70 
 149      0EFCF02D 
 150 030c 706802AF 		.ascii	"ph\002\257\217{(\214\312J5\231\324_\201WBI5\337\251"
 150      8F7B288C 
 150      CA4A3599 
 150      D45F8157 
 150      424935DF 
 151 0321 1A76C8A4 		.ascii	"\032v\310\244Th\236L\312\302\356\200L\352\334\200\325"
 151      54689E4C 
 151      CAC2EE80 
 151      4CEADC80 
 151      D5
 152 0332 4CEAF9B2 		.ascii	"L\352\371\262h\241,@d\321\032\312B\023[3\004\331\215"
 152      68A12C40 
 152      64D11ACA 
 152      42135B33 
 152      04D98D
 153 0345 439DD2AF 		.ascii	"C\235\322\257\217G\204\353u\222\336\234\261s\017\334"
 153      8F4784EB 
 153      7592DE9C 
ARM GAS  /tmp/ccrp65pP.s 			page 12


 153      B1730FDC 
 154 0355 59E3065E 		.ascii	"Y\343\006^V\3162.\033\257\253$\260^\004\237\345\347"
 154      56CE322E 
 154      1BAFAB24 
 154      B05E049F 
 154      E5E7
 155 0367 2E68872C 		.ascii	".h\207,h3\003\377\372\244\271QO\2530v\031\"\260\033"
 155      683303FF 
 155      FAA4B951 
 155      4FAB3076 
 155      1922B01B 
 156 037b CE6360D4 		.ascii	"\316c`\324F\372; \215a\264\221m_\312X\2631\034\033\200"
 156      46FA3B20 
 156      8D61B491 
 156      6D5FCA58 
 156      B3311C1B 
 157 0390 EC246A4F 		.ascii	"\354$jO\354\0144\211y\351\221b/\231\260\007\302\323"
 157      EC0C3489 
 157      79E99162 
 157      2F99B007 
 157      C2D3
 158 03a2 B1624B76 		.ascii	"\261bKvb\034\0019\014\204\020M\0344}F\226\2720K\034"
 158      621C0139 
 158      0C84104D 
 158      1C347D46 
 158      96BA304B 
 159 03b7 59CE8459 		.ascii	"Y\316\204Y\002\305\322VI\236+\376\254{\354\022\236\361"
 159      02C5D256 
 159      499E2BFE 
 159      AC7BEC12 
 159      9EF1
 160 03c9 7040176D 		.ascii	"p@\027mw!\2672\274\345qWr\356\3475\364~$3\235\343\343"
 160      7721B732 
 160      BCE57157 
 160      72EEE735 
 160      F47E2433 
 161 03e0 96F0ABD9 		.ascii	"\226\360\253\331\203\345\271 ]&\005\243\"\212\021\253"
 161      83E5B920 
 161      5D2605A3 
 161      228A11AB 
 162 03f0 FD7D498A 		.ascii	"\375}I\212\364a\303LA\235\021\250H\211\272\325\273V"
 162      F461C34C 
 162      419D11A8 
 162      4889BAD5 
 162      BB56
 163 0402 C2A27CDC 		.ascii	"\302\242|\3346\025vJ\300\242$l\300t\026\355C\371SP\265"
 163      3615764A 
 163      C0A2246C 
 163      C07416ED 
 163      43F95350 
 164 0417 02152D50 		.ascii	"\002\025-PO\362\306{\277\222\260\030\037\007L\264f\260"
 164      4FF2C67B 
 164      BF92B018 
 164      1F074CB4 
 164      66B0
 165 0429 EBBC5D24 		.ascii	"\353\274]$j\003\003\340\"\322\250\327\332\300D\205k"
 165      6A0303E0 
ARM GAS  /tmp/ccrp65pP.s 			page 13


 165      22D2A8D7 
 165      DAC04485 
 165      6B
 166 043a B7A1F64B 		.ascii	"\267\241\366K\223\255\246\263[\311B\374\337y_\367\247"
 166      93ADA6B3 
 166      5BC942FC 
 166      DF795FF7 
 166      A7
 167 044b 4B742C2A 		.ascii	"Kt,*C\302\361\221\207\3075I\360\300\345\177\211\217"
 167      43C2F191 
 167      87C73549 
 167      F0C0E57F 
 167      898F
 168 045d 25BA6D92 		.ascii	"%\272m\222^\336\237!\351qT\350\250i\362\342\010n\247"
 168      5EDE9F21 
 168      E97154E8 
 168      A869F2E2 
 168      086EA7
 169 0470 BD1E0085 		.ascii	"\275\036\000\205I\253\316\350\235\034\252RZC\277)m\256"
 169      49ABCEE8 
 169      9D1CAA52 
 169      5A43BF29 
 169      6DAE
 170 0482 94365EDA 		.ascii	"\2246^\3327n1\245\031\012tO\32767(f\024T\314J/\251\271"
 170      376E31A5 
 170      190A744F 
 170      D7363728 
 170      661454CC 
 171 049a 860D38C7 		.ascii	"\206\0158\3076V\325\014\243\240c&z}u\027\232\342l}5"
 171      3656D50C 
 171      A3A06326 
 171      7A7D7517 
 171      9AE26C7D 
 172 04af BD804938 		.ascii	"\275\200I8&s\276\034\224\034\217e\232\252\221J'\033"
 172      2673BE1C 
 172      941C8F65 
 172      9AAA914A 
 172      271B
 173 04c1 C43989BF 		.ascii	"\3049\211\277\027\324\230@\032\243\247\025'\201\340"
 173      17D49840 
 173      1AA3A715 
 173      2781E0
 174 04d0 AE9046B2 		.ascii	"\256\220F\262jR#9Td\221\307\203q\347\241Fx!,,^wh\025"
 174      6A522339 
 174      546491C7 
 174      8371E7A1 
 174      4678212C 
 175 04e9 A8E2BCF2 		.ascii	"\250\342\274\362\336\263\246\306D\037\267\213\357\230"
 175      DEB3A6C6 
 175      441FB78B 
 175      EF98
 176 04f7 B68E3C5D 		.ascii	"\266\216<]\266/\300\225\360l+\205\363D\261\007\012f"
 176      B62FC095 
 176      F06C2B85 
 176      F344B107 
 176      0A66
 177 0509 ED28A915 		.ascii	"\355(\251\025{\020\351,\251\026{ \272\311\321G{\220"
ARM GAS  /tmp/ccrp65pP.s 			page 14


 177      7B10E92C 
 177      A9167B20 
 177      BAC9D147 
 177      7B90
 178 051b E0ECABA5 		.ascii	"\340\354\253\245=p3\374-#\223$\256\235\205\212bc\241"
 178      3D7033FC 
 178      2D239324 
 178      AE9D858A 
 178      6263A1
 179 052e E4AD6105 		.ascii	"\344\255a\005\262\204\011\341\362\235\322\005Q\220+"
 179      B28409E1 
 179      F29DD205 
 179      51902B
 180 053d AD378F69 		.ascii	"\2557\217i2[\221\352\303\202\334G\\\246j\205\253\301"
 180      325B91EA 
 180      C382DC47 
 180      5CA66A85 
 180      ABC1
 181 054f 0261061E 		.ascii	"\002a\006\036\215\241@\327\030f8\212\0271\236S\255\276"
 181      8DA140D7 
 181      1866388A 
 181      17319E53 
 181      ADBE
 182 0561 2A0D77C6 		.ascii	"*\015w\306\205\353\026\232\217\240\017UL\2554\255\302"
 182      85EB169A 
 182      8FA00F55 
 182      4CAD34AD 
 182      C2
 183 0572 8B4E1353 		.ascii	"\213N\023S\233\\u`\333\210\251]\234`\255\257JHMt\215"
 183      9B5C7560 
 183      DB88A95D 
 183      9C60ADAF 
 183      4A484D74 
 184 0587 38509547 		.ascii	"8P\225G\336o-\365CC\271\016\231L\322\264\2533\351\031"
 184      DE6F2DF5 
 184      4343B90E 
 184      994CD2B4 
 184      AB33E919 
 185 059b 17E735BA 		.ascii	"\027\3475\2728\025q}]\007\257l\311\357\315\273r>\352"
 185      3815717D 
 185      5D07AF6C 
 185      C9EFCDBB 
 185      723EEA
 186 05ae 468F8C7A 		.ascii	"F\217\214z!\337&\215\311\270I\270\204\306\226\342\256"
 186      21DF268D 
 186      C9B849B8 
 186      84C696E2 
 186      AE
 187 05bf 84992EEB 		.ascii	"\204\231.\353y\317\010\371c(\344\015qW'3\222\360GP\302"
 187      79CF08F9 
 187      6328E40D 
 187      71572733 
 187      92F04750 
 188 05d4 82E794F0 		.ascii	"\202\347\224\360\023\371\243\237\0017\247K\020eD\217"
 188      13F9A39F 
 188      0137A74B 
 188      1065448F 
ARM GAS  /tmp/ccrp65pP.s 			page 15


 189 05e4 53252CC4 		.ascii	"S%,\304\232\343\322\377\220\320\023\012\371\263\220"
 189      9AE3D2FF 
 189      90D0130A 
 189      F9B390
 190 05f3 B090DDC3 		.ascii	"\260\220\335\303\313\267b\037\365/\3354\005\330&=:\212"
 190      CBB7621F 
 190      F52FDD34 
 190      05D8263D 
 190      3A8A
 191 0605 7C79C912 		.ascii	"|y\311\022\257\374\333\260\331\233\276:\303\273q\303"
 191      AFFCDBB0 
 191      D99BBE3A 
 191      C3BB71C3 
 192 0615 A6CF377B 		.ascii	"\246\3177{\337yw\345K/zW\254x\335\273\354\255\345o~"
 192      DF7977E5 
 192      4B2F7A57 
 192      AC78DDBB 
 192      ECADE56F 
 193 062a 9126963E 		.ascii	"\221&\226>\334\210OF\306\332%k\230*Pj\346\352\315\353"
 193      DC884F46 
 193      C6DA256B 
 193      982A506A 
 193      E6EACDEB 
 194 063e D5CC0D6B 		.ascii	"\325\314\015k?\206O\371\232u\237\3605\2332\360IW23\224"
 194      3F864FF9 
 194      9A759FF0 
 194      359B32F0 
 194      49573233 
 195 0653 CCF47F00 		.ascii	"\314\364\177\0009h\204\347"
 195      396884E7 
 196              		.text
 197              		.section	.gnu.lto_cfgtab.6739.6722279f8232fda7,"",%progbits
 198 0000 789C4D8F 		.ascii	"x\234M\217\337K\302P\030\206\317\267\323\264rj\335\357"
 198      DF4BC250 
 198      1886CFB7 
 198      D3B4726A 
 198      DDEF
 199 0012 9FA86EFC 		.ascii	"\237\250n\374\363\014\014\244\213\350\"\010\242P\250"
 199      F30C0CA4 
 199      8BE82208 
 199      A250A8
 200 0021 B05CCEF5 		.ascii	"\260\\\316\365k\265Y\021ED\321E\005\021Bt\325ED\027"
 200      6BB55911 
 200      4544D145 
 200      05114274 
 200      D5454417 
 201 0035 2203119B 		.ascii	"\"\003\021\233\365z\276Cl\354\345\345\341\031\337\313"
 201      F57ABE43 
 201      6CECE5E5 
 201      E119DFCB 
 202 0045 4C618821 		.ascii	"La\210!\011\201W=\253\222\334n\344\246\226dE\012\312"
 202      0981573D 
 202      AB92DC6E 
 202      E4A69664 
 202      450ACA
 203 0058 03CBB7EF 		.ascii	"\003\313\267\357/4B\242i\340k\273\024\020\333\014\360"
 203      2F3442A2 
ARM GAS  /tmp/ccrp65pP.s 			page 16


 203      69E06BBB 
 203      1410DB0C 
 203      F0
 204 0069 B9F3B091 		.ascii	"\271\363\260\221a;\005\\kE\367&\333\361\344)R\247\342"
 204      613B055C 
 204      6B45F726 
 204      DBF1E429 
 204      52A7E2
 205 007c B7F9A1C1 		.ascii	"\267\371\241\301\230\003n~\005\327&c\0268\370\\i\353"
 205      98036E7E 
 205      05D72663 
 205      1638F85C 
 205      69EB
 206 008e 212B3944 		.ascii	"!+9Dj(\356<\306\026\343$\320\361\267Cm'\200\321\342"
 206      6A28EE3C 
 206      C616E324 
 206      D0F1B743 
 206      6D2780D1 
 207 00a3 424FF26E 		.ascii	"BO\362n:\211\244\360\252\353\325,\266\022\3701h\204"
 207      3A89A4F0 
 207      AAEBD52C 
 207      B612F831 
 207      6884
 208 00b5 39B62960 		.ascii	"9\266)`\363;\350g\331\216~\377n+\374\321C&\360\251\344"
 208      F33BE867 
 208      D98E7EFF 
 208      6E2BFCD1 
 208      4326F0A9 
 209 00ca ADEB5363 		.ascii	"\255\353Sc\311S\244N\375[\241\354\315o\3572\317\326"
 209      C953A44E 
 209      FD5BA1EC 
 209      CD6FEF32 
 209      CFD6
 210 00dc 48A25058 		.ascii	"H\242PX_\356;\351\202_,W\213U\263\"\015\232\261\251"
 210      5FEE3BE9 
 210      825F2C57 
 210      8B55B322 
 210      0D9AB1A9 
 211 00f0 4536CDDA 		.ascii	"E6\315\332t\216:#\306\020q\220@\367)r\202\370\3101r"
 211      748E3A23 
 211      C6107190 
 211      40F72972 
 211      82F8C831 
 212 0105 841C2273 		.ascii	"\204\034\"s\254\017\364g\373\272=\335M\335\256\356\206"
 212      AC0FF467 
 212      FBBA3DDD 
 212      4DDDAEEE 
 212      86
 213 0116 EE3DDD75 		.ascii	"\356=\335ud\027\331Ajd\013\272\240\202\370\0037\230"
 213      6417D941 
 213      6A640BBA 
 213      A082F803 
 213      3798
 214 0128 982E     		.ascii	"\230."
 215              		.text
 216              		.section	.gnu.lto_.symbol_nodes.6722279f8232fda7,"",%progbits
 217 0000 789C6365 		.ascii	"x\234ce`b\320g\000\002\246\333\214\365\014\014\023\316"
ARM GAS  /tmp/ccrp65pP.s 			page 17


 217      6062D067 
 217      0002A6DB 
 217      8CF50C0C 
 217      13CE
 218 0012 313000A9 		.ascii	"10\000\251]\015\216@\221;\214\365\214(\"\254w\031\031"
 218      5D0D8E40 
 218      913B8CF5 
 218      8C2822AC 
 218      771919
 219 0025 1A941818 		.ascii	"\032\224\030\030\230\031\000*.\013+"
 219      9819002A 
 219      2E0B2B
 220              		.text
 221              		.section	.gnu.lto_.refs.6722279f8232fda7,"",%progbits
 222 0000 789C6365 		.ascii	"x\234ce`b`c```dd`be\000\000\000\303\000\027"
 222      60626063 
 222      60606064 
 222      64606265 
 222      000000C3 
 223              		.text
 224              		.section	.gnu.lto_.decls.6722279f8232fda7,"",%progbits
 225 0000 789CA558 		.ascii	"x\234\245XiP\024I\026\256\254l\256\346rA\015\177\260"
 225      69501449 
 225      16AEAC6C 
 225      AEE67241 
 225      0D7FB0
 226 0013 B186D113 		.ascii	"\261\206\321\023\366F\2544\340\034N\204?\324\306+\306"
 226      F646AC34 
 226      E01C4E84 
 226      3FD4C62B 
 226      C6
 227 0024 1989C6F5 		.ascii	"\031\211\306\365\317\356F/\002*!W@\263\341\374\231("
 227      CFEE462F 
 227      022A2157 
 227      40B3E1FC 
 227      9928
 228 0036 0EE51839 		.ascii	"\016\345\0309u\006adD\024\005\001Q\001\221\313A@T\024"
 228      75066164 
 228      44140501 
 228      510191CB 
 228      41405414 
 229 004a 17511911 		.ascii	"\027Q\031\021AD\301\013\035\016\001q8\366efuW\3316\316"
 229      4144C10B 
 229      1D0E0171 
 229      38F66566 
 229      7557D936 
 230 005f EC6E05AF 		.ascii	"\354n\005\257\263^\326\367\216|\357\325\313,\2548\236"
 230      B35ED6F7 
 230      8E7CEFD5 
 230      CB2CAC38 
 230      9E
 231 0070 5BEDCA71 		.ascii	"[\355\312q\377\3409\356\237\210\343f\341Rp\034W\002"
 231      FFE039EE 
 231      9F88E366 
 231      E152701C 
 231      5702
 232 0082 042C57C6 		.ascii	"\004,W\306\261\013\036s\275@\012\304\346\027\"\356\235"
ARM GAS  /tmp/ccrp65pP.s 			page 18


 232      B10B1E73 
 232      BD400AC4 
 232      E61722EE 
 232      9D
 233 0093 EB22F08E 		.ascii	"\353\"\360\2160n\005r\001\232\017\324\005\264\024\350"
 233      306E0572 
 233      019A0FD4 
 233      05B414E8 
 234 00a3 5378F609 		.ascii	"Sx\366\011\3203\270\277\007\364\031\334\257\000\232"
 234      D033B8BF 
 234      07F419DC 
 234      AF009A
 235 00b2 81FB6920 		.ascii	"\201\373i \007 5\360\03506\002\215\022}@o\201\032\200"
 235      072035F0 
 235      1D303602 
 235      8D127D40 
 235      6F811A80 
 236 00c6 26806E03 		.ascii	"&\200n\003\335\002\272\011\324&\372\326\313\275\177"
 236      DD02BA09 
 236      D426FAD6 
 236      CBBD7F
 237 00d5 D981A3F3 		.ascii	"\331\201\243\363\314\374 \340~q-\233\201N\003\271\211"
 237      CCFC20E0 
 237      7E712D9B 
 237      814E03B9 
 237      89
 238 00e6 BE11FBC4 		.ascii	"\276\021\373\304\257\317\001\263\000h>\220\017Y'\320"
 238      AFCF01B3 
 238      00683E90 
 238      0F5927D0 
 239 00f6 38D06BD1 		.ascii	"8\320k\321\217\011\321\346\\\353_\006v\261\250\227\330"
 239      8F09D1E6 
 239      5CEB5F06 
 239      76B1A897 
 239      D8
 240 0107 5C60F65C 		.ascii	"\\`\366\\~eb\324}\245\260\010\247`\264T\211H\304\235"
 240      7E6562D4 
 240      7DA5B008 
 240      A760B454 
 240      8948C49D 
 241 011b 61AA74B0 		.ascii	"a\252t\260j\322\221M\021\304\203\311\202u\356\305\002"
 241      6AD2914D 
 241      11C483C9 
 241      8275EEC5 
 241      02
 242 012c BB6C7949 		.ascii	"\273lyI\264=u\344\230\015\266\247\240\233q\247\017\021"
 242      B43D75E4 
 242      980DB6A7 
 242      A09B71A7 
 242      0F11
 243 013e 352E4AA4 		.ascii	"5.J\244\000v\2705\373\221\023\260\363\225hq&\346\263"
 243      0076B835 
 243      FB9113B0 
 243      F3956871 
 243      26E6B3
 244 0151 5A7E6E50 		.ascii	"Z~nP \265\3628QQ?1\2624=^\020xt\012)\321I\204Q!r'\213"
 244      20B5F238 
ARM GAS  /tmp/ccrp65pP.s 			page 19


 244      51513F31 
 244      B2343D5E 
 244      1078740A 
 245 016e 5AAA84DF 		.ascii	"Z\252\204\337\004A\210\021\322b\005\273\015\034*Fn\250"
 245      04418811 
 245      D26205BB 
 245      0D1C2A46 
 245      6EA8
 246 0180 08B971A8 		.ascii	"\010\271q\250\004\251\2117\004\207\012`\362\004L\202"
 246      04A98937 
 246      04870A60 
 246      F2044C82 
 247 0190 95C263E9 		.ascii	"\225\302c\351y\326\370\013\342\000\337|\241\353\256"
 247      79D6F80B 
 247      E200DF7C 
 247      A1EBAE
 248 019f 0229D516 		.ascii	"\002)\325\026\345\317X\220g\276<\311^\322\274\207\370"
 248      E5CF5890 
 248      67BE3CC9 
 248      5ED2BC87 
 248      F8
 249 01b0 721A7C29 		.ascii	"r\032|)\225|\001\327\330\"O\266\026N)\3607\324Fr\303"
 249      957C01D7 
 249      D8224FB6 
 249      164E29F0 
 249      37D44672 
 250 01c5 A14187B9 		.ascii	"\241A\207\271l\224\317ic\266`\345\311\333\202\260\030"
 250      6C94CF69 
 250      63B660E5 
 250      C9DB82B0 
 250      18
 251 01d6 95818DB3 		.ascii	"\225\201\215\263\222\215\323\324\006\231\005;\347\222"
 251      928DD3D4 
 251      0699053B 
 251      E792
 252 01e4 9BEAF81E 		.ascii	"\233\352\370\036t\037A\200\321<\032b\204\330/\242D\331"
 252      741F4180 
 252      D13C1A62 
 252      84D82FA2 
 252      44D9
 253 01f6 59E38510 		.ascii	"Y\343\205\020\235\207Y\236\023\013\3018\205\214\022"
 253      9D87599E 
 253      130BC138 
 253      858C12
 254 0205 22CF8B2C 		.ascii	"\"\317\213,/\252\244\177\2420\222id\217\231%\343\305"
 254      2FAAA47F 
 254      A2309269 
 254      648F9925 
 254      E3C5
 255 0217 6A8DDD50 		.ascii	"j\215\335P1\2434\342%\003\010\311\005d\012\231\333\342"
 255      31A334E2 
 255      250308C9 
 255      05640A99 
 255      DBE2
 256 0229 73937F9C 		.ascii	"s\223\177\234\2648d,\245\341\254\353\003\312\007\250"
 256      B438642C 
 256      A5E1ACEB 
ARM GAS  /tmp/ccrp65pP.s 			page 20


 256      03CA07A8 
 257 0239 9BCCE6AE 		.ascii	"\233\314\346\256B,\362\305Y\375v\270\016\321\372\252"
 257      422CF2C5 
 257      59FD76B8 
 257      0ED1FAAA 
 258 0249 A9AC6DB6 		.ascii	"\251\254m\266b\365\345\001\354\257O\017t\"\306:\000"
 258      62F5E501 
 258      ECAF4F0F 
 258      7422C63A 
 258      00
 259 025a 1B53D399 		.ascii	"\033S\323\231\356\314\312\255\227\223\225\237\013-?"
 259      EECCCAAD 
 259      9793959F 
 259      0B2D3F
 260 0269 94925A76 		.ascii	"\224\222ZvF\211\2571M\3315\257[DM\266\300\036\275T\375"
 260      4689AF31 
 260      4DD935AF 
 260      5B444DB6 
 260      C01EBD54 
 261 027e D61EB7B3 		.ascii	"\326\036\267\263g}\325\367\243y\334\301\230\231\244"
 261      677DD5F7 
 261      A379DCC1 
 261      9899A4
 262 028d DA218CEF 		.ascii	"\332!\214\357Q\306\352\351\201\334X%R\251T\256\352<"
 262      51C6EAE9 
 262      81DC5825 
 262      52A954AE 
 262      EA3C
 263 029f 92FDFAF1 		.ascii	"\222\375\372\361\034\227\214X\341\212\007-\234zHj\023"
 263      1C978C58 
 263      E18A072D 
 263      9C7A486A 
 263      13
 264 02b0 72958AA1 		.ascii	"r\225\212\241\016~8\344I\336A\006\357\373c\226P\037"
 264      0E7E38E4 
 264      49DE4106 
 264      EFFB6396 
 264      501F
 265 02c2 8729FA82 		.ascii	"\207)\372\2029ZC\300\305HB\267\313\320?YDS\325\351\244"
 265      395A43C0 
 265      C54842B7 
 265      CBD03F59 
 265      4453D5E9 
 266 02d7 BCD20461 		.ascii	"\274\322\004a\225\202C\325\360\270\212Z%`\2500t\011"
 266      958243D5 
 266      F0B88A5A 
 266      2560A830 
 266      7409
 267 02e9 0AB211A9 		.ascii	"\012\262\021\251P\003\320E\244\242\241f\005\331\234"
 267      5003D045 
 267      A4A2A166 
 267      05D99C
 268 02f8 E3122D08 		.ascii	"\343\022-\010\210 9\261\030\305<\3744\023\327f\215{"
 268      882039B1 
 268      18C53CFC 
 268      3413D766 
 268      8D7B
ARM GAS  /tmp/ccrp65pP.s 			page 21


 269 030a E89AF96F 		.ascii	"\350\232\371o3&\243\255\220\332\225\011\315\344X\303"
 269      3326A3AD 
 269      90DA9509 
 269      CDE458C3 
 270 031a EB8FAE80 		.ascii	"\353\217\256\200\366f\251\206\211\012\313\216\240\313"
 270      F666A986 
 270      890ACB8E 
 270      A0CB
 271 0328 60FF43BE 		.ascii	"`\377C\276\200\271Wq\375\275\366,\027\213\200\255h="
 271      80B95771 
 271      FDBDF62C 
 271      178B80AD 
 271      683D
 272 033a DF638587 		.ascii	"\337c\205\207Y\370\357\217t\304\333\3437\214)\235:p"
 272      59F8EF8F 
 272      74C4DBE3 
 272      378C299D 
 272      3A70
 273 034c C21ACF32 		.ascii	"\302\032\3172&5\266\347\033&\264\022\270}\007O\244Y"
 273      2635B6E7 
 273      1B26B412 
 273      B87D074F 
 273      A459
 274 035e 8BB9C7C0 		.ascii	"\213\271\307\300'U\354?\352\214\367\362\004j\223vw "
 274      2755EC3F 
 274      EA8CF7F2 
 274      046A9376 
 274      7720
 275 0370 DE09D2E6 		.ascii	"\336\011\322\346\252R\251Uyt\035=\005.\373\005\2228"
 275      AA52A955 
 275      79741D3D 
 275      052EFB05 
 275      9238
 276 0382 B2927FC3 		.ascii	"\262\222\177\303J\332a49}\376\235\304\001\274A\035M"
 276      4ADA6134 
 276      397DFE9D 
 276      C401BC41 
 276      1D4D
 277 0394 5341D0B5 		.ascii	"SA\320\265\346\350\032$eN\036\203\033\000h\245\317\332"
 277      E6E81A24 
 277      654E1E83 
 277      1B0068A5 
 277      CFDA
 278 03a6 C500DC81 		.ascii	"\305\000\334\201\000t\300\342o\003\335\002\272\011\324"
 278      0074C0E2 
 278      6F03DD02 
 278      BA09D4
 279 03b5 26068219 		.ascii	"&\006\202\031\032\371\223d\250\305\334\320Us\267\372"
 279      1AF99364 
 279      A8C5DCD0 
 279      5573B7FA 
 280 03c5 64E86BE6 		.ascii	"d\350k\346\350:\231[b\306\017\263\214\267\277\233q\246"
 280      E83A995B 
 280      62C60FB3 
 280      8CB7BF9B 
 280      71A6
 281 03d7 ABE3B02C 		.ascii	"\253\343\260,\"\327\315\225I\345\006\301\27589\270\307"
ARM GAS  /tmp/ccrp65pP.s 			page 22


 281      22D7CD95 
 281      49E506C1 
 281      BD3839B8 
 281      C7
 282 03e8 1927D3E0 		.ascii	"\031'\323\340\362\267.\345G\333\232\352\343U!\255\217"
 282      F2B72EE5 
 282      47DB9AEA 
 282      E35521AD 
 282      8F
 283 03f9 4E90FD59 		.ascii	"N\220\375Y\252\217\366\367\352\303\030\033t\027B\362"
 283      AA8FF6F7 
 283      EAC3181B 
 283      741742F2 
 284 0409 7BC20366 		.ascii	"{\302\003f\017\335([\356**I\230K\011\367!\015\2119\225"
 284      0FDD285B 
 284      EE2A2A49 
 284      984B09F7 
 284      210D8939 
 285 041e B90E0E49 		.ascii	"\271\016\016I\246\306\215\356\311^)\016u!\007\021X6"
 285      A6C68DEE 
 285      C95E290E 
 285      75210711 
 285      5836
 286 0430 50D369AB 		.ascii	"P\323i\253\340\331\034\332\246 s\227f'\352\235Y\305"
 286      E0D91CDA 
 286      A6207397 
 286      6627EA9D 
 286      59C5
 287 0442 F164DF1B 		.ascii	"\361d\337\033\272\236c\317*n\036\260?&\326\354\265Y"
 287      BA9E63CF 
 287      2A6E1EB0 
 287      3F26D6EC 
 287      B559
 288 0454 F43DDD1E 		.ascii	"\364=\335\036c\205y<\332\272\020\365\200\346n\252\371"
 288      6385793C 
 288      DABA10F5 
 288      80E66EAA 
 288      F9
 289 0465 015A04BF 		.ascii	"\001Z\004\277\367\221\202\251/\250\257\316v\\\222+\344"
 289      F79182A9 
 289      2FA8AFCE 
 289      765C922B 
 289      E4
 290 0476 F6C2BED0 		.ascii	"\366\302\276\320\342\221U\274Wh\003\271U\024\210*\245"
 290      E29155BC 
 290      576803B9 
 290      5514882A 
 290      A5
 291 0487 C0C12DFC 		.ascii	"\300\301-\374\236\203iT\001\3528\324\213\226\200\374"
 291      9E836954 
 291      01EA38D4 
 291      8B9680FC 
 292 0497 CBFCD8FD 		.ascii	"\313\374\330\375\316\270\225&\000U\247\346\277\301\324"
 292      CEB89526 
 292      0055A7E6 
 292      BFC1D4
 293 04a6 57B2B330 		.ascii	"W\262\2630_\343\232\306\323\035\361#\226\241\224K\227"
ARM GAS  /tmp/ccrp65pP.s 			page 23


 293      5FE39AC6 
 293      D31DF123 
 293      96A1944B 
 293      97
 294 04b7 27AD4CFB 		.ascii	"'\255L\373\356l\201\232\355C\375\200~d\276\017Y\334"
 294      EE6C819A 
 294      ED43FD80 
 294      7E64BE0F 
 294      59DC
 295 04c9 D41E5BDE 		.ascii	"\324\036[\336x\307\342\373o j\230\250\352C\324\2621"
 295      78C7E2FB 
 295      6F206A98 
 295      A8EA43D4 
 295      B231
 296 04db 2C2E2C2C 		.ascii	",.,,g;\012jl\361\020\3634\2418\245\021+\023H\200~\317"
 296      673B0A6A 
 296      6CF110F3 
 296      34A138A5 
 296      112B1348 
 297 04f2 DE0C12C9 		.ascii	"\336\014\022\311\007\032\032\024\3705\023\217k\274S"
 297      071A1A14 
 297      F835138F 
 297      6BBC53
 298 0501 E1802719 		.ascii	"\341\200'\031\323\177\2554\306\026O3f\240h\337\240\023"
 298      D37FAD34 
 298      C6164F33 
 298      66A068DF 
 298      A013
 299 0513 8EC69429 		.ascii	"\216\306\224)\312\270\231\217\361\036\306\234\257{\351"
 299      CAB8998F 
 299      F11EC69C 
 299      AF7BE9
 300 0522 C5BC7123 		.ascii	"\305\274q#\241\352\036\256\027s\326\213\200/y\363\340"
 300      A1EA1EAE 
 300      1773D68B 
 300      802F79F3 
 300      E0
 301 0533 9C154EA4 		.ascii	"\234\025N\244P\273\236\230\330|D\233\273\212\365\211"
 301      50BB9E98 
 301      D87C449B 
 301      BB8AF589 
 302 0543 B85838A5 		.ascii	"\270X8\245<[\331\325\376X\0202\034\3203X\344 \304kl"
 302      3C5BD9D5 
 302      FE581032 
 302      1CD03358 
 302      E420C46B 
 303 0558 CE164F04 		.ascii	"\316\026O\004\032\376\316\2326A\277\260\2146\366x\002"
 303      1AFECE9A 
 303      3641BFB0 
 303      8C36F678 
 303      02
 304 0569 6F97C19F 		.ascii	"o\227\301\237\232\303\237\314\321X\206\000\360\013}"
 304      9AC39FCC 
 304      D1588600 
 304      F00B7D
 305 0578 3626BE39 		.ascii	"6&\2769\223\020\276\011\250\365\267@#@\243@\343@\257"
 305      9310BE09 
ARM GAS  /tmp/ccrp65pP.s 			page 24


 305      A8F5B740 
 305      2340A340 
 305      E340AF
 306 058b 81DE981A 		.ascii	"\201\336\230\032\0141\330\"3\370\334\262A\331j\236\377"
 306      0C31D822 
 306      33F8DCB2 
 306      41D96A9E 
 306      FF
 307 059c 4D42BF32 		.ascii	"MB\2772Gk\314\300\367d\252\207\315\301\262\336\305\352"
 307      476BCCC0 
 307      F764AA87 
 307      CDC1B2DE 
 307      C5EA
 308 05ae B0A78B35 		.ascii	"\260\247\2135\2431\363fDT\215w\211\373*\321\365\322"
 308      A331F366 
 308      44548D77 
 308      89FB2AD1 
 308      F5D2
 309 05c0 A2611616 		.ascii	"\242a\026\026H\342\243\211'\225\316\3702M\"_3]\233d"
 309      48E2A389 
 309      2795CEF8 
 309      324D225F 
 309      335D9B64 
 310 05d4 6DEA4603 		.ascii	"m\352F\003\367i7\232\006\341_\245J\037{\257\033\031"
 310      F769379A 
 310      06E15FA5 
 310      4A1F7BAF 
 310      1B19
 311 05e6 038AA620 		.ascii	"\003\212\246 \216\377ML\311>t<f\324J\336S\246\337\351"
 311      8EFF4D4C 
 311      C93E743C 
 311      66D44ADE 
 311      53A6DFE9 
 312 05fa 2933D03F 		.ascii	")3\320?\230]\300V&\036|\342\210o3W\333\212\206\363\354"
 312      985DC056 
 312      261E7CE2 
 312      886F3357 
 312      DB8A86F3 
 313 060f 91837A0E 		.ascii	"\221\203z\016Q\024\315\253e\322\306\227\327\243x\210"
 313      5114CDAB 
 313      65D2C697 
 313      D7A37888 
 314 061f BCBC02EF 		.ascii	"\274\274\002\357\200f\245%\315\320\316\005\026\322\343"
 314      8066A525 
 314      CDD0CE05 
 314      16D2E3
 315 062e B3FBADE8 		.ascii	"\263\373\255\350;I\020\003\354\235lho9o;go\212\345I"
 315      3B491003 
 315      EC9D6C68 
 315      6F396F3B 
 315      676F8AE5 
 316 0643 6F8AE1C5 		.ascii	"o\212\341\305\3364\326Y\322fm\352M\352\002\2517\001"
 316      DE34D659 
 316      D2666DEA 
 316      4DEA02A9 
 316      3701
 317 0655 103D946C 		.ascii	"\020=\224l>4\357Mq<\351M\223C7v\341\007\354\355;\323"
ARM GAS  /tmp/ccrp65pP.s 			page 25


 317      3E34EF4D 
 317      713CE94D 
 317      93433776 
 317      E107ECED 
 318 066b 3B55AB60 		.ascii	";U\253`\257\237\013\260\243M\005\243\342\001-\215\274"
 318      AF9F0BB0 
 318      A34D05A3 
 318      E2012D8D 
 318      BC
 319 067c 7E31ADAF 		.ascii	"~1\255\257\253\355\361\013\206M\270\334sG<\314\375\001"
 319      ABEDF10B 
 319      864DB8DC 
 319      73473CCC 
 319      FD01
 320 068e D8E3175A 		.ascii	"\330\343\027Z&\224\244W\010bl`^\212j\022\017\315\012"
 320      2694A457 
 320      08626C60 
 320      5E8A6A12 
 320      0FCD0A
 321 06a1 EA0025F2 		.ascii	"\352\000%\362\264O\224\356y\\h\013\302n\360\375\202"
 321      B44F94EE 
 321      795C680B 
 321      C26EF0FD 
 321      82
 322 06b2 641F2F6E 		.ascii	"d\037/n\354\343\245\274~\264D\201GX\334\317\225?\316"
 322      ECE3A5BC 
 322      7EB44481 
 322      4758DCCF 
 322      953FCE
 323 06c5 56CA3E43 		.ascii	"V\312>C\026\236\027\204y(\225W\242d\336\26487S3\034"
 323      169E1784 
 323      79289557 
 323      A264DEB4 
 323      38375333 
 324 06da CA13F022 		.ascii	"\312\023\360\"\016-wC\036\220\224\024H\212\233\330\247"
 324      0E2D7743 
 324      1E909414 
 324      488A9BD8 
 324      A7
 325 06eb F6F16EE8 		.ascii	"\366\361n\350[f\277\360pA\223#\236b\006\262\276\273"
 325      5B66BFF0 
 325      70419323 
 325      9E6206B2 
 325      BEBB
 326 06fd 58EE6432 		.ascii	"X\356d2\000\337\026e\364\333\"\003,\244I\026R\3719L"
 326      00DF1665 
 326      F4DB2203 
 326      2CA44916 
 326      52F9394C 
 327 0711 A45B3631 		.ascii	"\244[61\325Y\263\317\326%M\254\332\305\210\352\213\207"
 327      D559B3CF 
 327      D6254DAC 
 327      DAC588EA 
 327      8B87
 328 0723 E77B7912 		.ascii	"\347{y\022\221\375\274\2131.\364\244<<:\202\224\242"
 328      91FDBC8B 
 328      312EF4A4 
ARM GAS  /tmp/ccrp65pP.s 			page 26


 328      3C3C3A82 
 328      94A2
 329 0735 F684DFD6 		.ascii	"\366\204\337\326^Z\334[\310\313\265\037\370\220\366"
 329      5E5ADC5B 
 329      C8CBB51F 
 329      F890F6
 330 0744 AA89C759 		.ascii	"\252\211\307Y\316\037\035\025\332\352I\215|\\0\024\007"
 330      CE1F1D15 
 330      DAEA498D 
 330      7C5C3014 
 330      07
 331 0755 1D12DEE5 		.ascii	"\035\022\336\345\357x\027\224\000K\204J\220\011\357"
 331      EF781794 
 331      004B844A 
 331      9009EF
 332 0764 81992DF0 		.ascii	"\201\231-\360\201\362=\377\021\310\3760\332\375\314"
 332      81F23DFF 
 332      11C8FE30 
 332      DAFDCC
 333 0773 8EE5590D 		.ascii	"\216\345Y\015\354\303\356'IN8NA\363\224Y\3257\344\204"
 333      ECC3EE27 
 333      494E384E 
 333      41F39459 
 333      D537E484 
 334 0787 531893DE 		.ascii	"S\030\223\33686j\2173\030\323\232\230\361\035\2173\031"
 334      38366A8F 
 334      3318D39A 
 334      98F11D8F 
 334      3319
 335 0799 33DCD698 		.ascii	"3\334\326\230d\207\0173&\351b\347^;|\2021G\236V\301"
 335      64870F33 
 335      26E962E7 
 335      5E3B7C82 
 335      31479E56 
 336 07ae C6788A31 		.ascii	"\306x\2121\265]\025\032\\\311\356\013\253\222\037Z\341"
 336      B55D151A 
 336      5CC9EE0B 
 336      AB921F5A 
 336      E1
 337 07bf 7AC63CAA 		.ascii	"z\306<\252\214\033W\340&\306\264U\367\366;\341\253"
 337      8C1B57E0 
 337      26C6B455 
 337      F7F63BE1 
 337      AB
 338 07d0 8C29AF1B 		.ascii	"\214)\257\033\316\267c\025*\220c\344\265\216#\247\254"
 338      CEB76315 
 338      2A9063E4 
 338      B58E23A7 
 338      AC
 339 07e1 F075FAD0 		.ascii	"\360u\372\320\351\227\351\330\207\366d\203P\251\304"
 339      E997E9D8 
 339      87F66483 
 339      50A9C4
 340 07f0 B3A4CAB4 		.ascii	"\263\244\312\264K\374eP\266K\374\010\013.\346\347\352"
 340      4BFC6550 
 340      B64BFC08 
 340      0B2EE6E7 
ARM GAS  /tmp/ccrp65pP.s 			page 27


 340      EA
 341 0801 ABE468DF 		.ascii	"\253\344h\337\363rQ\272\351\273\341\2409<\2237\353\254"
 341      F37251BA 
 341      E9BBE1A0 
 341      393C9337 
 341      EBAC
 342 0813 CD83B276 		.ascii	"\315\203\262vx\304\034\2561\337T\236\007K\215\370\220"
 342      78C41CAE 
 342      31DF549E 
 342      074B8DF8 
 342      90
 343 0824 39FAAA79 		.ascii	"9\372\252y\217\357\223\241s,{.W\336\027\"\301\217Y\366"
 343      8FEF93A1 
 343      732C7B2E 
 343      57DE1722 
 343      C18F59F6 
 344 0838 FC9D0D4E 		.ascii	"\374\235\015N\246\375\2609\274n\216\015\356(\324\016"
 344      A6FDB039 
 344      BC6E8E0D 
 344      EE28D40E 
 345 0848 3B831338 		.ascii	";\203\0238i\306\245P\266gx\025:\001t\012\250\010(\037"
 345      69C6A550 
 345      B6677815 
 345      3A01740A 
 345      A808281F 
 346 085c A810A800 		.ascii	"\250\020\250\000\3504\320Y\240\022\240\343@'y\371\246"
 346      E834D059 
 346      A012A0E3 
 346      402779F9 
 346      A6
 347 086d D720F339 		.ascii	"\327 \3639\313\334\211\232\367\226\330\"\3639\327\262"
 347      CBDC899A 
 347      F796D822 
 347      F339D7B2 
 348 087d CFB28DEC 		.ascii	"\317\262\215\354\325\013\266\221\001\312\302F&\317\334"
 348      D50BB691 
 348      01CAC246 
 348      26CFDC
 349 088c 0F967321 		.ascii	"\017\226s!7\375v\227d:\317b\242e\231{+\3633\333\362"
 349      37FD7697 
 349      643ACF62 
 349      A265997B 
 349      2BF333DB 
 350 08a1 B28C47F6 		.ascii	"\262\214G\366\261\342\342n\370\300\245\205\314\227]"
 350      B1E2E26E 
 350      F8C0A585 
 350      CC975D
 351 08b0 18CCB191 		.ascii	"\030\314\261\221\216\354/\351&Y\001\302eR{\"\253\261"
 351      8EEC2FE9 
 351      265901C2 
 351      65527B22 
 351      ABB1
 352 08c2 9C14540E 		.ascii	"\234\024T\016\271\370\177\363\002.\305\236\213\317\304"
 352      B9F87FF3 
 352      022EC59E 
 352      8BCFC4
 353 08d1 F28DB382 		.ascii	"\362\215\263\202\227o\234\347xz\030'#\200\033\223\252"
ARM GAS  /tmp/ccrp65pP.s 			page 28


 353      976F9CE7 
 353      787A1827 
 353      23801B93 
 353      AA
 354 08e2 77BE73F6 		.ascii	"w\276s\366\267\364\201\311\275\367u\211*yW\220~:<\220"
 354      B7F481C9 
 354      BDF77589 
 354      2A795790 
 354      7E3A3C90 
 355 08f6 65AF14CF 		.ascii	"e\257\024\317\266\011\277y\360D\347y\362\317\230\374"
 355      B609BF79 
 355      F044E779 
 355      F2CF98FC 
 356 0906 A30797C9 		.ascii	"\243\007\227\311\375#\335M\362\257J\364\217\214\266"
 356      FD23DD4D 
 356      F2AF4AF4 
 356      8F8CB6
 357 0915 EBBFFAEB 		.ascii	"\353\277\372\353b\255\247'\247\324\353\243\202B\015"
 357      62ADA727 
 357      A7D4EBA3 
 357      82420D
 358 0924 CBBDF486 		.ascii	"\313\275\364\206\2175Q\221\021\032\277\210\220e\241"
 358      8F355191 
 358      111ABF88 
 358      9065A1
 359 0933 61A181CB 		.ascii	"a\241\201\313\002\375\266\005i\202B\375\203\243\002"
 359      02FDB605 
 359      698242FD 
 359      83A302
 360 0942 0235217E 		.ascii	"\0025!~\376;\203B\0035\372\200\300\355~Q\301\006\275"
 360      FE3B8342 
 360      0335FA80 
 360      C0ED7E51 
 360      C106BD
 361 0955 E1EBF0C0 		.ascii	"\341\353\360\300H\367\235\234\255Q\372\317\037\220\216"
 361      48F79D9C 
 361      AD51FACF 
 361      1F908E
 362 0964 FC3A52A3 		.ascii	"\374:R\243\2174\004\000\224\210\004\205\205\204\005"
 362      8F340400 
 362      94880485 
 362      858405
 363 0973 04EA0D9F 		.ascii	"\004\352\015\237\270\273k\330_X\244f\247_\260&<,\302"
 363      B8BB6BD8 
 363      5F58A466 
 363      A75FB026 
 363      3C2CC2
 364 0986 10A9F1DD 		.ascii	"\020\251\361\335\362\345r/\315\246M\336\232\365>\033"
 364      F2E5722F 
 364      CDA64DDE 
 364      9AF53E1B 
 365 0996 37FFCB93 		.ascii	"7\377\313\223<\322\207\003\005\007\007\200\270\243\361"
 365      3CD28703 
 365      05070780 
 365      B8A3F1
 366 09a5 5E1F141A 		.ascii	"^\037\024\032d\260\366\361\366\3663\370a\377\210`\034"
 366      64B0F6F1 
ARM GAS  /tmp/ccrp65pP.s 			page 29


 366      F6F633F8 
 366      61FF8860 
 366      1C
 367 09b6 161001E3 		.ascii	"\026\020\001\343N\227HC\010x\264#<(L\037\031h\210\012"
 367      4E974843 
 367      0878B423 
 367      3C284C1F 
 367      1968880A 
 368 09ca D7034A4B 		.ascii	"\327\003JKP\326>k\330\260\232\015k\311`\347\263z\223"
 368      50D63E6B 
 368      D8B09A0D 
 368      6BC960E7 
 368      B37A93
 369 09dd 362C747B 		.ascii	"6,t{\320\216\377\305\037\177n\201\311\0370\266#\",*"
 369      D08EFFC5 
 369      1F7F6E81 
 369      C91F30B6 
 369      23222C2A 
 370 09f1 9CACCE21 		.ascii	"\234\254\316!(\214H\207\370E\356\322\033\360\032\235"
 370      288C4887 
 370      F845EED2 
 370      1BF01A9D 
 371 0a01 4EB1C657 		.ascii	"N\261\306W\247\303\233\275ux#\220V\267\001h\223b\223"
 371      A7C39BBD 
 371      75782390 
 371      56B70168 
 371      936293
 372 0a14 F60BDD0A 		.ascii	"\366\013\335\012\271Y\377\260\220\220\260PM\340n\203"
 372      B959FFB0 
 372      9090B050 
 372      4DE06E83 
 373 0a24 46FBA5EF 		.ascii	"F\373\245\357F_\260\316\034X\347\271{\267\206\256l\273"
 373      465FB0CE 
 373      1C58E7B9 
 373      7BB786AE 
 373      6CBB
 374 0a36 A787C7EE 		.ascii	"\247\207\307\356m\020\011\007\342\217~\013d\302;p\273"
 374      6D100907 
 374      E28F7E0B 
 374      64C23B70 
 374      BB
 375 0a47 92190C0A 		.ascii	"\222\031\014\012\320\033\354\375\267\3570\370ms\377"
 375      D01BECFD 
 375      B7EF30F8 
 375      6D73FF
 376 0a56 F4B3E59F 		.ascii	"\364\263\345\237[\263{;\226\346\025z\203\2158\332\351"
 376      5BB37B3B 
 376      96E6157A 
 376      838D38DA 
 376      E9
 377 0a67 D6FAAED5 		.ascii	"\326\372\256\325m]\353\355\201\265\276\340\235\267V"
 377      6D5DEBED 
 377      81B5BEE0 
 377      9DB756
 378 0a76 67B3DA67 		.ascii	"g\263\332g\215\347\332\257\350\350\005\243\365\352\015"
 378      8DE7DAAF 
 378      E8E805A3 
ARM GAS  /tmp/ccrp65pP.s 			page 30


 378      F5EA0D
 379 0a85 6B60B025 		.ascii	"k`\260%\323:\337-\364\306\213\334`\355F\235B\273n\275"
 379      D33ADF2D 
 379      F4C68BDC 
 379      60ED469D 
 379      42BB6EBD 
 380 0a99 8ED7EAAC 		.ascii	"\216\327\352\254\310\350e\257\323j\215\236\374\007\331"
 380      C8E865AF 
 380      D36A8D9E 
 380      FC07D9
 381 0aa8 6B1E53   		.ascii	"k\036S"
 382              		.text
 383              		.section	.gnu.lto_.symtab.6722279f8232fda7,"",%progbits
 384 0000 5F70616C 		.ascii	"_pal_lld_init\000"
 384      5F6C6C64 
 384      5F696E69 
 384      7400
 385 000e 00       		.ascii	"\000"
 386 000f 00       		.ascii	"\000"
 387 0010 00       		.ascii	"\000"
 388 0011 00000000 		.ascii	"\000\000\000\000\000\000\000\000"
 388      00000000 
 389 0019 E0000000 		.ascii	"\340\000\000\000"
 390 001d 5F70616C 		.ascii	"_pal_lld_setgroupmode\000"
 390      5F6C6C64 
 390      5F736574 
 390      67726F75 
 390      706D6F64 
 391 0033 00       		.ascii	"\000"
 392 0034 00       		.ascii	"\000"
 393 0035 00       		.ascii	"\000"
 394 0036 00000000 		.ascii	"\000\000\000\000\000\000\000\000"
 394      00000000 
 395 003e 04010000 		.ascii	"\004\001\000\000"
 396              		.text
 397              		.section	.gnu.lto_.opts,"",%progbits
 398 0000 272D666D 		.ascii	"'-fmath-errno' '-fsigned-zeros' '-ftrapping-math' '"
 398      6174682D 
 398      6572726E 
 398      6F272027 
 398      2D667369 
 399 0033 2D666E6F 		.ascii	"-fno-trapv' '-fno-openmp' '-fno-openacc' '-mcpu=cor"
 399      2D747261 
 399      70762720 
 399      272D666E 
 399      6F2D6F70 
 400 0066 7465782D 		.ascii	"tex-m3' '-mno-thumb-interwork' '-mthumb' '-ggdb' '-"
 400      6D332720 
 400      272D6D6E 
 400      6F2D7468 
 400      756D622D 
 401 0099 4F322720 		.ascii	"O2' '-fomit-frame-pointer' '-falign-functions=16' '"
 401      272D666F 
 401      6D69742D 
 401      6672616D 
 401      652D706F 
 402 00cc 2D666675 		.ascii	"-ffunction-sections' '-fdata-sections' '-fno-common"
ARM GAS  /tmp/ccrp65pP.s 			page 31


 402      6E637469 
 402      6F6E2D73 
 402      65637469 
 402      6F6E7327 
 403 00ff 2720272D 		.ascii	"' '-flto'\000"
 403      666C746F 
 403      2700
 404              		.text
 405              		.comm	__gnu_lto_v1,1,1
 406              		.comm	__gnu_lto_slim,1,1
 407              		.ident	"GCC: (GNU Tools for ARM Embedded Processors 6-2017-q2-update) 6.3.1 20170620 (release) [AR
ARM GAS  /tmp/ccrp65pP.s 			page 32


DEFINED SYMBOLS
                            *ABS*:0000000000000000 hal_pal_lld.c
                            *COM*:0000000000000001 __gnu_lto_v1
                            *COM*:0000000000000001 __gnu_lto_slim

NO UNDEFINED SYMBOLS
