ARM GAS  /tmp/cchTTDnn.s 			page 1


   1              		.cpu cortex-m3
   2              		.eabi_attribute 20, 1
   3              		.eabi_attribute 21, 1
   4              		.eabi_attribute 23, 3
   5              		.eabi_attribute 24, 1
   6              		.eabi_attribute 25, 1
   7              		.eabi_attribute 26, 1
   8              		.eabi_attribute 30, 2
   9              		.eabi_attribute 34, 1
  10              		.eabi_attribute 18, 4
  11              		.file	"hal_st.c"
  12              		.text
  13              	.Ltext0:
  14              		.section	.gnu.lto_.profile.96e87b014816e6c,"",%progbits
  15 0000 789C6365 		.ascii	"x\234ce`b`a```d\220\342\001\000\000\300\0003"
  15      60626061 
  15      60606064 
  15      90E20100 
  15      00C00033 
  16              		.text
  17              		.section	.gnu.lto_.icf.96e87b014816e6c,"",%progbits
  18 0000 789C6365 		.ascii	"x\234ce`bP`@\000V\206\205??\354\345a|\177c\371J\026"
  18      60625060 
  18      40005686 
  18      853F3FEC 
  18      E5617C7F 
  19 0018 A67D171E 		.ascii	"\246}\027\036\254ga~\177\256\367/;\313\211\217\213\026"
  19      AC67617E 
  19      7FAEF72F 
  19      3BCB898F 
  19      8B16
  20 002a F0320000 		.ascii	"\3602\000\000\0217\020\034"
  20      1137101C 
  21              		.text
  22              		.section	.gnu.lto_.jmpfuncs.96e87b014816e6c,"",%progbits
  23 0000 789C6365 		.ascii	"x\234ce`b\020c@\000V\020\301\010\004\365L\014\014\314"
  23      60621063 
  23      40005610 
  23      C10804F5 
  23      4C0C0CCC 
  24 0014 209A0528 		.ascii	" \232\005(\000\000\016\012\0011"
  24      00000E0A 
  24      0131
  25              		.text
  26              		.section	.gnu.lto_.inline.96e87b014816e6c,"",%progbits
  27 0000 789C6365 		.ascii	"x\234ce`b\310g@\000V\006\006\026\036F\240 \003\003\333"
  27      6062C867 
  27      40005606 
  27      06161E46 
  27      A0200303 
  28 0015 027910C5 		.ascii	"\002y\020\305\300\310\005\"\030\330X\031\031\031\004"
  28      C0C80522 
  28      18D85819 
  28      191904
  29 0024 18191898 		.ascii	"\030\031\030\230\330>\350\301%\231\030X\230\201\312"
  29      D83EE8C1 
  29      25991858 
ARM GAS  /tmp/cchTTDnn.s 			page 2


  29      9881CA
  30 0033 992EF0C3 		.ascii	"\231.\360\303\205\230ABP\245\310\342,\230J\031\000\312"
  30      85984142 
  30      50A5C8E2 
  30      2C984A19 
  30      00CA
  31 0045 39089E   		.ascii	"9\010\236"
  32              		.text
  33              		.section	.gnu.lto_.pureconst.96e87b014816e6c,"",%progbits
  34 0000 789C6365 		.ascii	"x\234ce`b\340f```e\220`\224b\222b\226b\221\002\000\004"
  34      6062E066 
  34      60606065 
  34      90609462 
  34      92629662 
  35 0018 1000A2   		.ascii	"\020\000\242"
  36              		.text
  37              		.section	.gnu.lto_stInit.96e87b014816e6c,"",%progbits
  38 0000 789C254D 		.ascii	"x\234%M\273\012\302@\020\334\271\363\021\020?@D\254"
  38      BB0AC240 
  38      10DCB9F3 
  38      11103F40 
  38      44AC
  39 0012 D3249F24 		.ascii	"\323$\237$\222\306B\020\214}N-\002Zh#b\025\321\"\261"
  39      92C64210 
  39      8C7D4E2D 
  39      025A6823 
  39      6215D122 
  40 0027 12CB74C1 		.ascii	"\022\313t\301\017\260\260\325\312\302F\355\0051q\317"
  40      0FB0B0D5 
  40      CAC246ED 
  40      053171CF 
  41 0037 0C3BCCB2 		.ascii	"\014;\314\262;;[$A[\"j2\353LH\202\230\237\210\206\206"
  41      3B3B5B24 
  41      415B226A 
  41      32EB4C48 
  41      82989F88 
  42 004d 0074A30C 		.ascii	"\000t\243\014\220'\340a&\227\022G\377\036\0133T\214"
  42      9027E061 
  42      26971247 
  42      FF1E0B33 
  42      548C
  43 005f 64F9AEA9 		.ascii	"d\371\256\251(A \211VL\015\2040\211m\267C\272\250\226"
  43      28412089 
  43      564C0D84 
  43      30896DB7 
  43      43BAA896 
  44 0073 0AF91C11 		.ascii	"\012\371\034\021J`\335\237\221\2504\363Ur\335 +\362"
  44      4A60DD9F 
  44      91A834F3 
  44      5572DD20 
  44      2BF2
  45 0085 6AC2D43F 		.ascii	"j\302\324?\246Rh\225\017\214\327\237\272\366\353\220"
  45      A6526895 
  45      0F8CD79F 
  45      BAF6EB90 
  46 0095 387E5ECA 		.ascii	"8~^\312\336W\031\201\304Jr\002v\360(`\357\013\243uV"
  46      DE571981 
ARM GAS  /tmp/cchTTDnn.s 			page 3


  46      C44A7202 
  46      76F02860 
  46      EF0BA375 
  47 00aa F9FB3426 		.ascii	"\371\3734&\274\344sA\324\260,;\257\236kw\332]\333\355"
  47      BCE47341 
  47      D4B02C3B 
  47      AF9E6B77 
  47      DA5DDBED 
  48 00be 3B5A5BEE 		.ascii	";Z[\356\300r\350\007S\311@E"
  48      C072E807 
  48      53C94045 
  49              		.text
  50              		.section	.gnu.lto_stStartAlarm.96e87b014816e6c,"",%progbits
  51 0000 789C9D52 		.ascii	"x\234\235RMkSA\024\2353\223\276\027\342G]\270\020\214"
  51      4D6B5341 
  51      149D3393 
  51      BE17E247 
  51      5DB8108C 
  52 0014 508452EB 		.ascii	"P\204R\353\"\217\330\215?@\004\241]\331}\255Q\250\020"
  52      228FD88D 
  52      3F4004A1 
  52      5DD97DAD 
  52      51A810
  53 0027 A934C1A5 		.ascii	"\2514\301\245\235\306\306`\352\327\246I\263\210\257"
  53      9DC6C660 
  53      EAD7A649 
  53      B388AF
  54 0036 18256D34 		.ascii	"\030%m4MS\277Z\255\360\010\212\0135J]\270\320\240\010"
  54      4D53BF5A 
  54      ADF0088A 
  54      0B354A5D 
  54      B8D0A008 
  55 004a 2D0A154A 		.ascii	"-\012\025J\015\026\021\032\357L\242TW\342\360\346\315"
  55      0D16111A 
  55      EF4CA254 
  55      57E2F0E6 
  55      CD
  56 005b DC3BE79E 		.ascii	"\334;\347\236{\356\314mb\234\2259cG\030c;iB0\360+e\306"
  56      7BEECC6D 
  56      629C9539 
  56      63471863 
  56      3B694230 
  57 0073 86DC1C50 		.ascii	"\206\334\034P\033\351\006\033\344\030\304e\221\024("
  57      1BE9061B 
  57      E418C465 
  57      911428
  58 0082 C596E678 		.ascii	"\305\226\346x{V\322p\222\263\3069\031\335a\013\306R"
  58      7B56D270 
  58      92B3C639 
  58      19DD610B 
  58      C652
  59 0094 34D54016 		.ascii	"4\325@\026\355\204zR[s\232/\011[\000\234\314\205\225"
  59      ED847A52 
  59      5B739A2F 
  59      095B009C 
  59      CC8595
  60 00a7 E7E94DCA 		.ascii	"\347\351M\312\344\330F\346\217\334\364\273f\321\002"
ARM GAS  /tmp/cchTTDnn.s 			page 4


  60      E4D846E6 
  60      8FDCF4BB 
  60      66D102
  61 00b6 46FBD5AB 		.ascii	"F\373\325\253\316\356\266\033RF\244\263|V\310\355\266"
  61      CEEEB61B 
  61      5246A4B3 
  61      7C56C8ED 
  61      B6
  62 00c7 10C84110 		.ascii	"\020\310A\020\037&\341\305\004\274\214\\\0147\321\246"
  62      1F26E1C5 
  62      04BC8C5C 
  62      0C37D1A6 
  63 00d7 E01F8BEB 		.ascii	"\340\037\213\353\243[\014W\346WJ\334\202\001Z\013\013"
  63      A35B0C57 
  63      E6574ADC 
  63      82015A0B 
  63      0B
  64 00e8 70E47A2D 		.ascii	"p\344z-&\235\352u\274>h\222v\212\020\024\353b,NHU\311"
  64      269DEA75 
  64      BC3E6892 
  64      768A1014 
  64      EB622C4E 
  65 00ff 88E06A15 		.ascii	"\210\340j\025\213\340\212\353\274\023\177\354\021{\264"
  65      8BE08AEB 
  65      BC137FEC 
  65      117BB4
  66 010e 8C376FD3 		.ascii	"\2147o\323IOkF\353XJm\036\223N\244EI\311\377)E\2278"
  66      494F6B46 
  66      EB584A6D 
  66      1E934EA4 
  66      4549C9FF 
  67 0126 85D63431 		.ascii	"\205\32641}Fd5\366\376Y\345\232\371[\327p\375Z^\031"
  67      7D466435 
  67      F6FE59E5 
  67      9AF95BD7 
  67      70FD5A5E 
  68 013b 4281B4B8 		.ascii	"B\201\264\270\224\300\006\335\014\005\030D1\015#-D\235"
  68      94C006DD 
  68      0C051844 
  68      310D232D 
  68      449D
  69 014d A594F85E 		.ascii	"\245\224\370^Y\036\335\257|\004LDK/MuUM:\256\234_[\361"
  69      591EDDAF 
  69      7C044C44 
  69      4B2F4D75 
  69      554D3AAE 
  70 0165 D44DC5ED 		.ascii	"\324M\305\355\"Wf\352\333S\267\2154la`\206\204\025\225"
  70      225766EA 
  70      DB53B78D 
  70      346C6160 
  70      86841595 
  71 0179 303AC8BD 		.ascii	"0:\310\275\250~5\255\274\034\036\222\343gla\3426l\214"
  71      A87E35AD 
  71      BC1C1E92 
  71      E3676C61 
  71      E2366C8C 
  72 018d 51ED3A29 		.ascii	"Q\355:)\001j\211b\305\360\0274`\206\302\335\270\003"
ARM GAS  /tmp/cchTTDnn.s 			page 5


  72      016A8962 
  72      C5F01734 
  72      6086C2DD 
  72      B803
  73 019f 0B7BBD0D 		.ascii	"\013{\275\015\004\356\302O\252\224\244\352\247\371\350"
  73      04EEC24F 
  73      AA94A4EA 
  73      A7F9E8
  74 01ae D686A27F 		.ascii	"\326\206\242\177\315\347\306=\235\017\015\266\373\260"
  74      CDE7C63D 
  74      9D0F0DB6 
  74      FBB0
  75 01bc 36D6435D 		.ascii	"6\326C]\204Y\212\324\354\217\376\203}N\263\363\006\373"
  75      84598AD4 
  75      EC8FFE83 
  75      7D4EB3F3 
  75      06FB
  76 01ce 03CD3E6F 		.ascii	"\003\315>o_\230\364\324\3319\036R\344\"\"\037F&\002"
  76      5F98F4D4 
  76      D9391E52 
  76      E422221F 
  76      462602
  77 01e1 BA2DD413 		.ascii	"\272-\324\023\260/\210\214g/B9\364\353\305I\037\365"
  77      B02F888C 
  77      672F4239 
  77      F4EBC549 
  77      1FF5
  78 01f3 0075FC2E 		.ascii	"\000u\374.\237\317\252\177\375!\253\2577h\205\006\002"
  78      9FCFAA7F 
  78      FD21ABAF 
  78      37688506 
  78      02
  79 0204 6AED0985 		.ascii	"j\355\011\205}\001f\366\036\015\205O\234<\356R\277\216"
  79      7D0166F6 
  79      1E0D854F 
  79      9C3CEE52 
  79      BF8E
  80 0216 BFA1A7FA 		.ascii	"\277\241\247\372\007\302!\353pwW\307>\253\263\363\200"
  80      07C221EB 
  80      707757C7 
  80      3EABB3F3 
  80      80
  81 0227 D57DA8EB 		.ascii	"\325}\250\353\264\277\021\334\023\014\036\363\365\261"
  81      B4BF11DC 
  81      130C1EF3 
  81      F5B1
  82 0235 9F3ACB05 		.ascii	"\237:\313\005\004"
  82      04
  83              		.text
  84              		.section	.gnu.lto_stStopAlarm.96e87b014816e6c,"",%progbits
  85 0000 789C5D50 		.ascii	"x\234]PAK\002Q\020\236\357=[%\350^d\247N^v)\377B\004"
  85      414B0251 
  85      109EEF3D 
  85      5B25E85E 
  85      64A74E5E 
  86 0019 819EF42E 		.ascii	"\201\236\364.a\007\017\202\341JW\327\320\004\205\352"
  86      61070F82 
ARM GAS  /tmp/cchTTDnn.s 			page 6


  86      E14A57D7 
  86      D00485EA 
  87 0029 92E621F6 		.ascii	"\222\346!\366\340\301\262T:\006\005\"A]2\350\027H\207"
  87      E0C1B254 
  87      3A060522 
  87      415D32E8 
  87      174887
  88 003c A0431026 		.ascii	"\240C\020&%\004\326\274\335\210hx\303\314\233\371\346"
  88      2504D6BC 
  88      DD886878 
  88      C3CC9BF9 
  88      E6
  89 004d FBE6BD29 		.ascii	"\373\346\275)\022\244\203(BD\363\354\220\004\261\337"
  89      12A48328 
  89      4244F3EC 
  89      9004B1DF 
  90 005d 27CAF904 		.ascii	"'\312\371\004\240\022\313\007\312\012d\261'\253\022"
  90      A012CB07 
  90      CA0A64B1 
  90      27AB12
  91 006c BDE2D385 		.ascii	"\275\342\323\205\0104,\266nu\244\355X\205Y[\022\325"
  91      08342CB6 
  91      6E75A4ED 
  91      5885595B 
  91      12D5
  92 007e D895A181 		.ascii	"\330\225\241\201\0001\354\361|r0\243y\334:\216\241\261"
  92      0031ECF1 
  92      7C7230A3 
  92      79DC3A8E 
  92      A1B1
  93 0090 04751ED0 		.ascii	"\004u\036\320\265&_E\253{]\307\347*\267J\354J\243,\205"
  93      B5265F45 
  93      AB7B5DC7 
  93      E72AB74A 
  93      EC4AA32C 
  94 00a5 8AF219BD 		.ascii	"\212\362\031\275\321\370\366\262\242\377R\344]\245\261"
  94      D1F8F6B2 
  94      A2FF52E4 
  94      5DA5B1
  95 00b4 261D9A9A 		.ascii	"&\035\232\232\304_z\234@c\376&4.V\012\275{\357\256\264"
  95      C45F7A9C 
  95      4063FE26 
  95      342E560A 
  95      BD7BEFAE 
  96 00c9 251C4CBF 		.ascii	"%\034L\277\365\361:\355^\025\207\207K\365\366\373\215"
  96      F5F13AED 
  96      5E158787 
  96      4BF5F6FB 
  96      8D
  97 00da CFC6116C 		.ascii	"\317\306\021l)p\006?N\341'\205m\336\215\336\274F\313"
  97      2970063F 
  97      4EE12785 
  97      6DDE8DDE 
  97      BC46CB
  98 00ed CAE7AC41 		.ascii	"\312\347\254A}87\344)\211\026l\034\362\202\216\010\332"
  98      7D3837E4 
  98      2989166C 
ARM GAS  /tmp/cchTTDnn.s 			page 7


  98      1CF2828E 
  98      08DA
  99 00ff 30FE6AF0 		.ascii	"0\376j\360\036\350\360\364\013\266\007\345\253E\265"
  99      1EE8F0F4 
  99      0BB607E5 
  99      AB45B5
 100 010e 9BF30125 		.ascii	"\233\363\001%n\360K\004\321\202\256\033\356I\231Fb="
 100      6EF04B04 
 100      D182AE1B 
 100      EE499946 
 100      623D
 101 0120 6998E9B8 		.ascii	"i\230\351\270\21213\243\307)\370\277\273\231JgL#\022"
 101      8A3133A3 
 101      C729F8BF 
 101      BB994A67 
 101      4C2312
 102 0133 0D07978D 		.ascii	"\015\007\227\215Ph\305\210\256\205\267\226~\360\261"
 102      5068C588 
 102      AE85B796 
 102      7EF0B1
 103 0142 6472434F 		.ascii	"drCO\3207\374G\1772"
 103      D037FC47 
 103      7F32
 104              		.text
 105              		.section	.gnu.lto_stSetAlarm.96e87b014816e6c,"",%progbits
 106 0000 789C5D52 		.ascii	"x\234]RMk\023Q\024\275gn2\023\242R\021\027\202\021\212"
 106      4D6B1351 
 106      14BD676E 
 106      3213A252 
 106      11178211 
 107 0015 506A5D64 		.ascii	"Pj]d\210\335\370\003\004\021\332\225\335\327\032\205"
 107      88DDF803 
 107      0411DA95 
 107      DDD71A85 
 108 0025 0A914A13 		.ascii	"\012\221J\023\\\332\327\2645\230Buc\322.\306)F\251\306"
 108      5CDAD7B4 
 108      35984275 
 108      63D22EC6 
 108      2946A9C6 
 109 0039 A649AA82 		.ascii	"\246I\252\202\342f\010~,\324\012\335\2700\245\"Vp!\224"
 109      E266087E 
 109      2CD40ADD 
 109      B830A522 
 109      56702194 
 110 004d FA114468 		.ascii	"\372\021Dh\274o\322\212\372\2307\367\335;\347\236w\356"
 110      BC6FD28A 
 110      FA9837F7 
 110      DD3BE79E 
 110      77EE
 111 005f 618264D0 		.ascii	"a\202d\320\036\203\350\024\021\355\227\015&\030\327"
 111      1E83E814 
 111      11ED970D 
 111      2618D7
 112 006e 96884643 		.ascii	"\226\210FC\006\240\017*\004\03210\202\253\234g\3242"
 112      06A00F2A 
 112      041A3130 
 112      82AB9C67 
ARM GAS  /tmp/cchTTDnn.s 			page 8


 112      D432
 113 0080 9F1E1B5D 		.ascii	"\237\036\033]sJ\226\227\257X\227\325\304>\227\211fd"
 113      734A9697 
 113      AF5897D5 
 113      C43E9789 
 113      6664
 114 0092 EB853974 		.ascii	"\353\2059t\011\352Y\263\341\265M\261\313\200!\351\362"
 114      09EA59B3 
 114      E1B54DB1 
 114      CB8021E9 
 114      F2
 115 00a3 FA2B6787 		.ascii	"\372+g\207N\015\354\226\364W\261Ro\343v\220\2347nx\007"
 115      4E0DEC96 
 115      F457B152 
 115      6FE37690 
 115      9C376E78 
 116 00b8 3B6F2B95 		.ascii	";o+\225V^}\214\325^\227\031E\260\360\341.\"\270\203"
 116      565E7D8C 
 116      D55E9719 
 116      45B0F0E1 
 116      2E22B883 
 117 00cc 08498970 		.ascii	"\010I\211p\017\235\032\376\241\272y}\227\031(l_\211"
 117      0F9D1AFE 
 117      A1BA797D 
 117      9719286C 
 117      5F89
 118 00de 79989058 		.ascii	"y\230\220X^\206\2476\233\031\345}\274\205'\307\203\242"
 118      5E86A736 
 118      9B19E57D 
 118      BC8527C7 
 118      83A2
 119 00f0 5D3A587A 		.ascii	"]:Xz\003DYA\352I&\331\320\221\327`h\256+^\366i\230\017"
 119      03445941 
 119      EA4926D9 
 119      D091D760 
 119      68AE2B5E 
 120 0108 F932DEBE 		.ascii	"\3712\336\276s\362\341\216\202\257\343\271\263sZy\351"
 120      73F2E18E 
 120      82AFE3B9 
 120      B3735A79 
 120      E9
 121 0119 762DA5F4 		.ascii	"v-\245\364\257\024\177\304\005t8\302\364\031\351\215"
 121      AF147FC4 
 121      057438C2 
 121      F419E98D 
 122 0129 CCEACBEF 		.ascii	"\314\352\313\3577\255?\272\306[\266<\262X\203|q3\214"
 122      37AD3FBA 
 122      C65BB63C 
 122      B258837C 
 122      71338C
 123 013c BF7413CA 		.ascii	"\277t\023\3120\205\242\002\323an\261\324r?W\346\363"
 123      3085A202 
 123      D3616EB1 
 123      D4723F57 
 123      E6F3
 124 014e 47754D80 		.ascii	"GuM\200\271\211\332\033K[\025\364\373\226J\215\365p"
 124      B989DA1B 
ARM GAS  /tmp/cchTTDnn.s 			page 9


 124      4B5B15F4 
 124      FB964A8D 
 124      F570
 125 0160 2BD5DC01 		.ascii	"+\325\334\001)\025\026~\274\010\271p\340\262\211E\021"
 125      2915167E 
 125      BC08B970 
 125      E0B28945 
 125      11
 126 0171 56D5C2E4 		.ascii	"V\325\302\344C\361\365\267\257\226]R\343\243j\366\222"
 126      43F1F5B7 
 126      AF965D52 
 126      E3A36AF6 
 126      92
 127 0182 CB16EEC3 		.ascii	"\313\026\356\303\305\264\314\356_*\200f\256\272b\306"
 127      C5B4CCEE 
 127      5F2A8066 
 127      AEBA62C6 
 128 0192 CA3E6051 		.ascii	"\312>`Q\332Cx\000\033\207#[\010<DLT\321\032\322\357"
 128      DA437800 
 128      1B87235B 
 128      083C444C 
 128      54D11AD2 
 129 01a7 27EB71DF 		.ascii	"'\353q\337Z=\006}Az\2661\005]\360\035\310\312L\342\243"
 129      5A3D067D 
 129      417AB631 
 129      055DF01D 
 129      C8CA4CE2 
 130 01bc FC3507A2 		.ascii	"\3745\007\242Q\273\365\014%\355\301\201\204\235\034"
 130      51BBF50C 
 130      25EDC181 
 130      849D1C
 131 01cb 8EEBD89F 		.ascii	"\216\353\330\237LE\343d\015\234N\246\316\235?\033\320"
 131      4C45E364 
 131      0D9C4EA6 
 131      CE9D3F1B 
 131      D0
 132 01dc AFEEFFA1 		.ascii	"\257\356\377\241\027\206\206SI\373d_o\367\021\273\247"
 132      17868653 
 132      49FB645F 
 132      6FF711BB 
 132      A7
 133 01ed E798DD77 		.ascii	"\347\230\335w\242\367bl\253\271?\2218\023\035\244\337"
 133      A2F7626C 
 133      ABB93F91 
 133      38131DA4 
 133      DF
 134 01fe 9500C76F 		.ascii	"\225\000\307o"
 135              		.text
 136              		.section	.gnu.lto_stGetAlarm.96e87b014816e6c,"",%progbits
 137 0000 789C5D90 		.ascii	"x\234]\220\317+DQ\024\307\317\367\235\231\367\036\022"
 137      CF2B4451 
 137      14C7CFF7 
 137      9D99F71E 
 137      12
 138 0011 6B46D62C 		.ascii	"kF\326,\3465\374\013J\012\033\366\223XXL\221\221\255"
 138      E635FC0B 
 138      4A0A1BF6 
ARM GAS  /tmp/cchTTDnn.s 			page 10


 138      9358584C 
 138      9191AD
 139 0024 6BF22314 		.ascii	"k\362#\024R\014izj\324\3705\306l-\364Rb\341W\366J\262"
 139      520C697A 
 139      6AD4F835 
 139      C66C2DF4 
 139      5262E157 
 140 003b B150D390 		.ascii	"\261P\323\220\037\221q\356\214$\267\373\353\234\373"
 140      1F9171EE 
 140      8C24B7FB 
 140      EB9CFB
 141 004a E99CEFF7 		.ascii	"\351\234\357\367\372\311\240I\020u\021Q\255,0\301X\270"
 141      FAC9A049 
 141      10751151 
 141      AD2C30C1 
 141      58B8
 142 005c 201AB30D 		.ascii	" \032\263\015@_\224\015\03250\212y\2163\216\013\257"
 142      405F940D 
 142      1A35308A 
 142      798E338E 
 142      0BAF
 143 006e 5ED51CBB 		.ascii	"^\325\034\273\032\223\360:w\226\250\320!P-\341\366F"
 143      1A93F03A 
 143      7796A8D0 
 143      21502DE1 
 143      F646
 144 0080 266F37A4 		.ascii	"&o7\244\224\212)/\236\263\326\366\257\224\337e\203V"
 144      948A292F 
 144      9EB3D6F6 
 144      AF94DF65 
 144      8356
 145 0092 05DF4400 		.ascii	"\005\337D\000)\004t\217-4\220\320w\331\257\245J\323"
 145      2904748F 
 145      2D3490D0 
 145      77D9AFA5 
 145      4AD3
 146 00a4 9764D280 		.ascii	"\227d\322\200\344\267a\212\024\312\\\303S_\205)\345"
 146      E4B7618A 
 146      14CA5CC3 
 146      535F8529 
 146      E5
 147 00b5 DD27F1D1 		.ascii	"\335'\361\321\3523\310ef\331|D3\002jU\263RUN~\300\321"
 147      EA33C865 
 147      66D97C44 
 147      33026A55 
 147      B352554E 
 148 00cc E1FBE967 		.ascii	"\341\373\351g\274\363\267\336\270\222\341\305\337\254"
 148      BCF3B7DE 
 148      B892E1C5 
 148      DFAC
 149 00da 9A62C155 		.ascii	"\232b\301U\306\237^\204\035\230\322i\027f\202\265\201"
 149      C69F5E84 
 149      1D98D269 
 149      176682B5 
 149      81
 150 00eb E589A34B 		.ascii	"\345\211\243KK\033\360\027\261\213\364k\256\274\024"
 150      4B1BF017 
ARM GAS  /tmp/cchTTDnn.s 			page 11


 150      B18BF46B 
 150      AEBC14
 151 00fa EA323E49 		.ascii	"\3522>I%\367^Nl\027\011\270lbOL\244\265\011m\366\374"
 151      25F75E4E 
 151      6C1709B8 
 151      6C624F4C 
 151      A4B5096D 
 152 0110 F9C972D2 		.ascii	"\371\311r\322j|L\335&\363\365\213e.[\310\300\305\212"
 152      6A7C4CDD 
 152      26F3F58B 
 152      652E5BC8 
 152      C0C58A
 153 0123 682CF611 		.ascii	"h,\366\021\250\260\234\2751C\031\015\255\037\030.\333"
 153      A8B09CBD 
 153      3143190D 
 153      AD1F182E 
 153      DB
 154 0134 D88783C6 		.ascii	"\330\207\203\306\300\017\201,B\364\200X~j\213K\242X"
 154      C00F812C 
 154      42F48058 
 154      7E6A8B4B 
 154      A258
 155 0146 74D12362 		.ascii	"t\321#b\267\323\237\254\365KF\276D|C\3735\210\352\202"
 155      B7D39FAC 
 155      F54B46BE 
 155      447C43FB 
 155      3588EA82 
 156 015a 41A73407 		.ascii	"A\2474\007\242N\177O\304\211\016\365\3523\034\035\016"
 156      A24E7F4F 
 156      C4890EF5 
 156      EA331C1D 
 156      0E
 157 016b F652F3FF 		.ascii	"\366R\363\377\327\301\201\241\341\250\323\325\335\321"
 157      D7C181A1 
 157      E1A8D3D5 
 157      DDD1
 158 0179 DCE4B4B7 		.ascii	"\334\344\264\267\2678\335m\035#\241\037>\034\211\364"
 158      B738DD6D 
 158      1D23A11F 
 158      3E1C89F4 
 159 0189 05FBE91B 		.ascii	"\005\373\351\033\374H\232\346"
 159      FC489AE6 
 160              		.text
 161              		.section	.gnu.lto_.symbol_nodes.96e87b014816e6c,"",%progbits
 162 0000 789C55C8 		.ascii	"x\234U\310K\015\200@\014\006\341\371w\251/\020\305\271"
 162      4B0D8040 
 162      0C06E1F9 
 162      77A92F10 
 162      C5B9
 163 0012 2B0111A8 		.ascii	"+\001\021\250@\004\006x\255\022B\303\255s\231\3443\012"
 163      40040678 
 163      AD1242C3 
 163      AD7399E4 
 163      330A
 164 0024 335139E4 		.ascii	"3Q9\344\260\354\020\333\332\024r\312\225\345\222\227"
 164      B0EC10DB 
 164      DA1472CA 
ARM GAS  /tmp/cchTTDnn.s 			page 12


 164      95E59297 
 165 0034 2CB7BC66 		.ascii	",\267\274fy\344C\022u\271\375\002\255\215P1\326\376"
 165      79E44312 
 165      75B9FD02 
 165      AD8D5031 
 165      D6FE
 166 0046 8A0F3B12 		.ascii	"\212\017;\022\036\251"
 166      1EA9
 167              		.text
 168              		.section	.gnu.lto_.refs.96e87b014816e6c,"",%progbits
 169 0000 789C6365 		.ascii	"x\234ce`b`d\000\002\000\000I\000\011"
 169      60626064 
 169      00020000 
 169      490009
 170              		.text
 171              		.section	.gnu.lto_.decls.96e87b014816e6c,"",%progbits
 172 0000 789CB557 		.ascii	"x\234\265WkP\024\331\025\356\323w@\030\036\272\2431"
 172      6B5014D9 
 172      15EED377 
 172      40181EBA 
 172      A331
 173 0012 A6E2562C 		.ascii	"\246\342V,\013\205\244\262\214\240\345\346O,]4\306\252"
 173      0B85A4B2 
 173      8CA0E5E6 
 173      4F2C5D34 
 173      C6AA
 174 0024 75931ACD 		.ascii	"u\223\032\315V\376lM\261\310F\252\000-\030S\265\225"
 174      56FE6C4D 
 174      B1C846AA 
 174      002D1853 
 174      B595
 175 0036 4A6DF350 		.ascii	"Jm\363PY\334\025QA@]y\010\242\240\274\024E|\214\240"
 175      59DC1551 
 175      41405D79 
 175      08A2A0BC 
 175      14457C8C 
 176 004b A808CAE2 		.ascii	"\250\010\312\342*\"\012\370\\\037\210\210\012(\272\344"
 176      2A220AF8 
 176      5C1F8888 
 176      0A28BAE4 
 177 005b DC474FB7 		.ascii	"\334GO\267\355`6?\3225\247\347\236{\277\363\235s\317"
 177      ED60363F 
 177      D235A7E7 
 177      9E7BBFF3 
 177      9D73CF
 178 006e B9B76FB7 		.ascii	"\271\267o\267\207$Ky\026I\212\226%\251\034$i\004/OI"
 178      87244B79 
 178      16498A96 
 178      25A91C24 
 178      69042F4F 
 179 0083 92F64ADA 		.ascii	"\222\366J\332E\365}(GQ\216\243\234@9\211\322 \275}}"
 179      45F57D28 
 179      47518EA3 
 179      9C403989 
 179      D220BD7D 
 180 0098 861C04FF 		.ascii	"\206\034\004\377?E9\253\343\221\005\207;\233\177\241"
 180      3F4539AB 
ARM GAS  /tmp/cchTTDnn.s 			page 13


 180      E3910587 
 180      3B9B7FA1 
 181 00a8 8DB7B0C1 		.ascii	"\215\267\260\301P\244\011(\207Q\002Q~\201c\023P\356"
 181      50A40928 
 181      87510251 
 181      7E816313 
 181      50EE
 182 00ba 60BB4DE2 		.ascii	"`\273M\342\334\357\241.\243x\000\347\245q\375\022\333"
 182      DCEFA12E 
 182      A37800E7 
 182      A571FD12 
 182      DB
 183 00cb F893A6C3 		.ascii	"\370\223\246\303\233\334_\241n\022\334*\027\345\241"
 183      9BDC5FA1 
 183      6E12DC2A 
 183      17E5A1
 184 00da 30D59ECE 		.ascii	"0\325\236\316)\310`G\257\244\377!.P\343\022\371\371"
 184      29C86047 
 184      AFA4FF21 
 184      2E50E312 
 184      F9F9
 185 00ec 9D8827D4 		.ascii	"\235\210'\324\300\373\265\3404\362M\377/\2344\337\263"
 185      C0FBB5E0 
 185      34F24DFF 
 185      2F9C34DF 
 185      B3
 186 00fd 04E76C03 		.ascii	"\004\347l\003\347\026\002\325\337\236<*w\3025@,\214"
 186      E71602D5 
 186      DF9E3C2A 
 186      77C23540 
 186      2C8C
 187 010f 63BD00FC 		.ascii	"c\275\000\374\016L\230:\242^\000\254\037{eI\220\252"
 187      0E4C983A 
 187      A25E00AC 
 187      1F7B6549 
 187      90AA
 188 0121 5DA05A08 		.ascii	"]\240Z\010]\026\252,(\331O\030\203\216\221\017sO\352"
 188      5D16AA2C 
 188      28D94F18 
 188      838E910F 
 188      734FEA
 189 0134 C5E7C01B 		.ascii	"\305\347\300\033\314L\265\006Ys\000\2407\320\021\362"
 189      CC4CB506 
 189      597300A0 
 189      37D011F2 
 190 0144 B0C5B82B 		.ascii	"\260\305\270+>I\233\034\250\263\177\222\335t\327\334"
 190      3E499B1C 
 190      A8B37F92 
 190      DD74D7DC 
 191 0154 05D7696F 		.ascii	"\005\327io\356\\`}k+{\273<\010.\023lw\275(\376Sp\251"
 191      EE5C607D 
 191      6B2B7BBB 
 191      3C082E13 
 191      6C77BD28 
 192 016c C22FAF5F 		.ascii	"\302/\257_ii;52\350\034\273\236\200\305\0142\252\255"
 192      69693B35 
 192      32E81CBB 
ARM GAS  /tmp/cchTTDnn.s 			page 14


 192      9E80C50C 
 192      32AAAD
 193 017f 7D4DDB7D 		.ascii	"}M\333}P\235`\206q\250\016%\\:a\236\224\311\254\222"
 193      509D6086 
 193      71A80E25 
 193      5C3A619E 
 193      94C9AC92 
 194 0193 9471327C 		.ascii	"\224q2|:\021Ja2\224\300dt\276\027&\341\375s\023gr&n"
 194      3A114A61 
 194      3294C064 
 194      74BE1726 
 194      E1FD7313 
 195 01ab DA3B666A 		.ascii	"\332;fj\256\222\333\2558\333\022\177\223\231\244\024"
 195      AE92DBAD 
 195      38DB127F 
 195      9399A414 
 196 01bb A3D5148A 		.ascii	"\243\325\024\212\202\335@`\017\004\323\210\261\211\367"
 196      82DD4060 
 196      0F04D388 
 196      B189F7
 197 01ca 62E802D8 		.ascii	"b\350\002\330\005\2358\237}0\025\255\223J\257\246z\220"
 197      059D389F 
 197      7D3015AD 
 197      934AAFA6 
 197      7A90
 198 01dc 192CD8C2 		.ascii	"\031,\330\302\227\303}\004\203\230n\206\221\021\202"
 198      97C37D04 
 198      83986E86 
 198      911182
 199 01eb 1D653D35 		.ascii	"\035e=5/\374x\007\035?~\356l\221/\371#m\313\033\362"
 199      2FFC7807 
 199      1D3F7EEE 
 199      6C912FF9 
 199      236DCB1B 
 200 0200 4AD67983 		.ascii	"J\326y\2039(EQ\022i\214\036A\222+B\330\017A\324\206"
 200      39284551 
 200      12698C1E 
 200      41922B42 
 200      D80F41D4 
 201 0215 7A860AEC 		.ascii	"z\206\012\354,\307\316\":\027\347\351\354\351[\326*"
 201      2CC7CE22 
 201      3A17E7E9 
 201      ECE95BD6 
 201      2A
 202 0226 8A0C5560 		.ascii	"\212\014U`\206J-\272\351f>\231c\351\035w\315\344\337"
 202      864A2DBA 
 202      E9663E99 
 202      63E91D77 
 202      CDE4DF
 203 0239 CCC5ABA4 		.ascii	"\314\305\253\244\314\307&\0102s\313\301\342\320\223"
 203      CCC72608 
 203      3273CBC1 
 203      E2D093
 204 0248 ABA9E541 		.ascii	"\253\251\345A\264<\240Y\"\021\376\271\015\243\332M\030"
 204      B43CA059 
 204      2211FEB9 
 204      0DA3DA4D 
ARM GAS  /tmp/cchTTDnn.s 			page 15


 204      18
 205 0259 E823ED40 		.ascii	"\350#\355@\307\253\261\244\034\230\223\342\355[\037"
 205      C7ABB1A4 
 205      1C9893E2 
 205      ED5B1F
 206 0268 79BA9CB4 		.ascii	"y\272\234\264\225\315*bN\016\243\223C\232\223\203\243"
 206      95CD2A62 
 206      4E0EA393 
 206      439A9383 
 206      A3
 207 0279 3BA971EF 		.ascii	";\251q\357d\357\011g\223\237\211\356\011J\205\265\242"
 207      64EF0967 
 207      939F89EE 
 207      094A85B5 
 207      A2
 208 028a 7D492329 		.ascii	"}I#)\376\243V\365\010\253j-\210\262\266\016\365\\\364"
 208      FEA356F5 
 208      08AB6A2D 
 208      88B2B60E 
 208      F55CF4
 209 029d C1B276B3 		.ascii	"\301\262v\263\262\006\336\250T\024\214L1Q\034\224i\241"
 209      B206DEA8 
 209      54148C4C 
 209      31511C94 
 209      69A1
 210 02af 9519EB7A 		.ascii	"\225\031\353z\224\325\365\354p\245?\351bs\204\243%\027"
 210      94D5F5EC 
 210      70A53FE9 
 210      627384A3 
 210      2517
 211 02c1 3E134CAD 		.ascii	">\023L\255\277\316V\2348\011\234\"]\037\3074\236cF\236"
 211      BFCE569C 
 211      38099C22 
 211      5D1FC734 
 211      9E63469E 
 212 02d5 E38C6763 		.ascii	"\343\214gc\325\340\016\017\362\220\023m\275\360 \323"
 212      D5E00E0F 
 212      F290136D 
 212      BDF020D3 
 213 02e5 5F30D5BD 		.ascii	"_0\325\275\357b\242\02195&\247\221\351\004c*}\326R\351"
 213      EF62A211 
 213      393526A7 
 213      91E90463 
 213      2A7DD652 
 214 02fa 47063853 		.ascii	"G\0068SqI\241\342\243O\005\315\222\226\213\3727V\370"
 214      7149A1E2 
 214      A34F05CD 
 214      92968BFA 
 214      3756F8
 215 030d 704D5DB1 		.ascii	"pM]\261,\3346\354\230\230\256\256pDA\235\346\267\316"
 215      2CDC36EC 
 215      9898AEAE 
 215      7044419D 
 215      E6B7CE
 216 0320 E8F724F3 		.ascii	"\350\367$\363\373\344\233\307\271cI\002\337\217;\252"
 216      FBE49BC7 
 216      B9634902 
ARM GAS  /tmp/cchTTDnn.s 			page 16


 216      DF8F3BAA 
 217 0330 D6A7F951 		.ascii	"\326\247\371Q*,\366\343\263\277\337Q~[I1\263\035\005"
 217      2A2CF6E3 
 217      B3BFDF51 
 217      7E5B4931 
 217      B31D05
 218 0343 A734A653 		.ascii	"\2474\246S\224\2116\032\030\303\367\311\345\333\010"
 218      9489361A 
 218      18C3F7C9 
 218      E5DB08
 219 0352 DFAB264A 		.ascii	"\337\253&J\330\234s\313\237\357\325)t\213\017\265u\372"
 219      D89C73CB 
 219      9FEFD529 
 219      748B0FB5 
 219      75FA
 220 0364 FAA6D2B5 		.ascii	"\372\246\322\265\261!I\361\3763#;\203S9\315\246r\026"
 220      B12149F1 
 220      FE33233B 
 220      835339CD 
 220      A67216
 221 0377 7C555A6C 		.ascii	"|UZl\"\376\340\215\214\343\336\234\355\012\015)\247"
 221      22FEE08D 
 221      8CE3DE9C 
 221      ED0A0D29 
 221      A7
 222 0388 F659A307 		.ascii	"\366Y\243\007\327\275\350po\311A?\316\356\244\303\027"
 222      D7BDE870 
 222      6FC9413F 
 222      CEEEA4C3 
 222      17
 223 0399 EFE625FB 		.ascii	"\357\346%\373\362\341\026\252\327_>\335g\"'\370t\256"
 223      F2E116AA 
 223      D75F3EDD 
 223      672227F8 
 223      74AE
 224 03ab 9FD95D42 		.ascii	"\237\331]B#\013\244;vdd\254n\317\006\362=\333\232\326"
 224      230BA43B 
 224      766464AC 
 224      6ECF06F2 
 224      3DDB9AD6 
 225 03bf BF730C39 		.ascii	"\277s\0149\315\340rvc[\235\266\243Ng\317\311\356\247"
 225      CDE07276 
 225      635B9DB6 
 225      A34E67CF 
 225      C9EEA7
 226 03d2 79BC88B9 		.ascii	"y\274\210\271\377^\233}\240k\255\263\371H\256\311@+"
 226      FF5E9B7D 
 226      A06BADB3 
 226      F948AEC9 
 226      402B
 227 03e4 AEF540B1 		.ascii	"\256\365@\261\326[\260\363\002_\353\273w\246\347{\222"
 227      D65BB0F3 
 227      025FEBBB 
 227      77A6E77B 
 227      92
 228 03f5 56EEA3E1 		.ascii	"V\356\243\341X\307\025\223\372`0\022\\vC\240n\357\251"
 228      58C71593 
ARM GAS  /tmp/cchTTDnn.s 			page 17


 228      FA603012 
 228      5C7643A0 
 228      6EEFA9
 229 0408 0D6CE75D 		.ascii	"\015l\347]\302`~\320\202\271\010\342\311\220R\272\276"
 229      C2607ED0 
 229      82B908E2 
 229      C99052BA 
 229      BE
 230 0419 9E9853E8 		.ascii	"\236\230S\350r\3719\254h\321\3244\334\354A:x\246\326"
 230      72F939AC 
 230      68D1D434 
 230      DCEC413A 
 230      78A6D6
 231 042c 9D3AD020 		.ascii	"\235:\320 jx\206\352\233\017\327\327\372\220N>x+\365"
 231      6A7886EA 
 231      9B0FD7D7 
 231      FA904E3E 
 231      782BF5
 232 043f 66BD27B9 		.ascii	"f\275'\271\305\025\265\000\026Q\200\035\035\317\033"
 232      C515B500 
 232      1651801D 
 232      1DCF1B
 233 044e 81FCC807 		.ascii	"\201\374\310\007k\017\036i\020\305\232\241{l[\370c\273"
 233      6B0F1E69 
 233      10C59AA1 
 233      7B6C5BF8 
 233      63BB
 234 0460 FAEED906 		.ascii	"\372\356\331\0063\257\235\002t\343\265^\233Kz\270e]"
 234      33AF9D02 
 234      74E3B55E 
 234      9B4B7AB8 
 234      655D
 235 0472 7FF92E51 		.ascii	"\177\371.QG\372hM\311\356o\031K\247\243\210UC\003s-"
 235      47FA684D 
 235      C9EE6F19 
 235      4BA7A388 
 235      55430373 
 236 0487 9A5B74D6 		.ascii	"\232[t\326`\235\0147\371T\332\207N]\365\260l`h\254\230"
 236      609D0C37 
 236      F954DA87 
 236      4E5DF5B0 
 236      6C6068AC 
 237 049c 8965A91B 		.ascii	"\211e\251\033\341]\014~\033,\252\021;[2z\375\365\340"
 237      E15D0C7E 
 237      1B2CAA11 
 237      3B5B327A 
 237      FDF5E0
 238 04af B67781F7 		.ascii	"\266w\201\367\025\024n1\223>\036\344\326\247\327\357"
 238      15146E31 
 238      933E1EE4 
 238      D6A7D7EF 
 239 04bf 8BB51984 		.ascii	"\213\265\031\204j\321@m\222\027y\306\3076\035\333\336"
 239      6AD1406D 
 239      921779C6 
 239      C7361DDB 
 239      DE
 240 04d0 3C860C71 		.ascii	"<\206\014qE\335\003\026\276\007\022\333>\"\257\370\310"
ARM GAS  /tmp/cchTTDnn.s 			page 18


 240      45DD0316 
 240      BE0712DB 
 240      3E22AFF8 
 240      C8
 241 04e1 F1F48DD7 		.ascii	"\361\364\215\327\201(\204)\275\311w\272E~&\241\232q"
 241      81288429 
 241      BDC977BA 
 241      457E26A1 
 241      9A71
 242 04f3 EE612059 		.ascii	"\356a Y\315\207~:S\037H\326\361vCu\361. \351\\\351\317"
 242      CD877E3A 
 242      531F48D6 
 242      F1764375 
 242      F12E20E9 
 243 050a 69786826 		.ascii	"ixh&\031\\\311m\335v\310\213dq\245h(\023\317\237\355"
 243      195CC96D 
 243      DD76C88B 
 243      6471A568 
 243      2813CF9F 
 244 051f 5CF9A1E6 		.ascii	"\\\371\241\346R\212\017\311\347JJEE\226\017)\342Jbm"
 244      528A0FC9 
 244      E74A4A45 
 244      45960F29 
 244      E24A626D 
 245 0533 7BBA385A 		.ascii	"{\2728Z\273\251~\273\360v\256\267\250\212'\352\251\255"
 245      BBA97EBB 
 245      F076AEB7 
 245      A88A27EA 
 245      A9AD
 246 0545 4D8340F6 		.ascii	"M\203@\366ppj\365\305N\323\250ux\241\326a\006+C\306"
 246      70706AF5 
 246      C54ED3A8 
 246      7578A1D6 
 246      61062B43 
 247 055a D18C03FE 		.ascii	"\321\214\003\376\30624!\372\034C\277d\231}\241f\266"
 247      C6323421 
 247      FA1C43BF 
 247      64997DA1 
 247      66B6
 248 056c E54E41A1 		.ascii	"\345NA\241\311X\207\321\320\023\037\247\236x\356\007"
 248      C95887D1 
 248      D0131FA7 
 248      9E78EE07 
 249 057c 010101E3 		.ascii	"\001\001\001\343\003tW\020\273\347+\311I\212s\344\321"
 249      03745710 
 249      BBE72BC9 
 249      498A73E4 
 249      D1
 250 058d 94DEFEDB 		.ascii	"\224\336\376\333\212\262\321\2271a\226a\004\306k\333"
 250      8AB2D197 
 250      31619661 
 250      04C66BDB 
 251 059d E01AA33D 		.ascii	"\340\032\243=C\357\022\267\270\031\213\317\350d\302"
 251      43EF12B7 
 251      B8198BCF 
 251      E864C2
 252 05ac E0E78DF0 		.ascii	"\340\347\215\360\346\267\340\215:x\207\021\336\316\340"
ARM GAS  /tmp/cchTTDnn.s 			page 19


 252      E6B7E08D 
 252      3A788711 
 252      DECEE0
 253 05bb 21149D2E 		.ascii	"!\024\235.\2464\327$\301 \216\017\260!\212\306-\010"
 253      A634D724 
 253      C1208E0F 
 253      B0218AC6 
 253      2D08
 254 05cd DFC84190 		.ascii	"\337\310A\220 \007\200\202\222\202\262\032%\021e\003"
 254      20078082 
 254      9282B21A 
 254      25116503 
 255 05dd 4A32CA3A 		.ascii	"J2\312:\2245(_\243|\213\262\036e-J:\312+\010\200\237"
 255      9435285F 
 255      A37C8BB2 
 255      1E652D4A 
 255      3ACA2B08 
 256 05f3 5052B19D 		.ascii	"PR\261\235\204\362\032\333ir\000{\030\363\030\257Fk"
 256      84F21ADB 
 256      6972007B 
 256      18F318AF 
 256      466B
 257 0605 313E33C6 		.ascii	"1>3\306h5\316\250U\207~\356\026\035\242\201\373u\340"
 257      6835CEA8 
 257      55877EEE 
 257      161DA281 
 257      FB75E0
 258 0618 27467017 		.ascii	"'Fp\027\030\320Wu\311\272\342>\267:t]\214\206~lD?2\242"
 258      18D05775 
 258      C9BAE23E 
 258      B73A745D 
 258      8C867E6C 
 259 0630 1FE822E9 		.ascii	"\037\350\"\3517\242\317\275U\267V\035y\217\021\376\300"
 259      37A2CFBD 
 259      55B7561D 
 259      798F11FE 
 259      C0
 260 0641 48DEAF43 		.ascii	"H\336\257C\3375\242;\215\350\233\272P\236\272\017E\237"
 260      DF35A23B 
 260      8DE89BBA 
 260      509EBA0F 
 260      459F
 261 0653 141DF743 		.ascii	"\024\035\367C\367\221\274\021\270.\207W\335/\2707\326"
 261      F791BC11 
 261      B82E8757 
 261      DD2FB837 
 261      D6
 262 0664 A78EBDD7 		.ascii	"\247\216\275\327}\0229\234\037)\347{,\011\212\002\024"
 262      7D12399C 
 262      1F29E77B 
 262      2C098A02 
 262      14
 263 0675 2689E344 		.ascii	"&\211\343D[Gw\037Y6%)gf0\262\373F\262\037\337\252\210"
 263      5B47771F 
 263      59362529 
 263      676630B2 
 263      FB46B21F 
ARM GAS  /tmp/cchTTDnn.s 			page 20


 264 068c CEF53DF7 		.ascii	"\316\365=\367hW\244\011\010\217M`\360a\260\300\220\200"
 264      6857A409 
 264      088F4D60 
 264      F061B0C0 
 264      9080
 265 069e AB3B1F1A 		.ascii	"\253;\037\032\215\344/u9\356s\277\360\364\344/c8\371"
 265      8DE42F75 
 265      39EE73BF 
 265      F0F4E42F 
 265      6338F9
 266 06b1 1D24BF21 		.ascii	"\035$\277!\340\352\343]\024\220\303\351\013B\323\345"
 266      E0EAE35D 
 266      1490C3E9 
 266      0B42D3E5 
 267 06c1 627F7293 		.ascii	"b\177r\223=\353\344\272\357\216d\343\361?\236\247g\240"
 267      3DEBE4BA 
 267      EF8E64E3 
 267      F13F9EA7 
 267      67A0
 268 06d3 D7133F49 		.ascii	"\327\023?I`\263<\0366\312\256\363\226&\313\375\016\207"
 268      60B33C1E 
 268      36CAAEF3 
 268      9626CBFD 
 268      0E87
 269 06e5 4DB8B1FF 		.ascii	"M\270\261\377\337\233\234\036\014\367\323n\310\372\367"
 269      DF9B9C1E 
 269      0CF7D36E 
 269      C8FAF7
 270 06f4 291AA1F6 		.ascii	")\032\241\366H\316\220}\331\253\031\376#8\257\352Y\216"
 270      48CE907D 
 270      D9AB19FE 
 270      2338AFEA 
 270      598E
 271 0706 1FE9E5CF 		.ascii	"\037\351\345\317\362[\227\033;\000_\356\234\335\364"
 271      F25B971B 
 271      3B005FEE 
 271      9CDDF4
 272 0715 E52EA0E4 		.ascii	"\345.\240\344\012>,\221'\031\370Ks\2466Kl\276\371\252"
 272      0A3E2C91 
 272      2719F84B 
 272      73A6364B 
 272      6CBEF9AA 
 273 0729 B845A62F 		.ascii	"\270E\246/z\307\032\317=5\221\004\023c+xPS/\216z?T\257"
 273      7AC71ACF 
 273      3D359104 
 273      13632B78 
 273      50532F8E 
 274 0741 E56F2E34 		.ascii	"\345o.4\361S\344\036\035\316k~\232i&i\034;|os;p,\215"
 274      F153E41E 
 274      1DCE6B7E 
 274      9A692669 
 274      1C3B7C6F 
 275 075a AABE67FF 		.ascii	"\252\276g\377\340\350\207\373vY\034*\333dv\252\\\032"
 275      E0E887FB 
 275      76591C2A 
 275      DB6476AA 
 275      5C1A
ARM GAS  /tmp/cchTTDnn.s 			page 21


 276 076c 3AFAD297 		.ascii	":\372\322\227d1&SwA\377C\374\036\231\014`F)R\277\034"
 276      64312653 
 276      7741FF43 
 276      FC1E990C 
 276      60462952 
 277 0782 25C893CD 		.ascii	"%\310\223\315\360\235L\324/\357\034\005\351\373\276"
 277      F09D4CD4 
 277      2FEF1C05 
 277      E9FBBE
 278 0791 A2DDFC5D 		.ascii	"\242\335\374]\255/_!\223$\230\311\316*\330\201\365\311"
 278      AD2F5F21 
 278      932498C9 
 278      CE2AD881 
 278      F5C9
 279 07a3 637EF2E5 		.ascii	"c~\362\345\311\220\213\216r\260\326\264\007\035\036"
 279      C9908B8E 
 279      72B0D6B4 
 279      071D1E
 280 07b2 6AA9D9EA 		.ascii	"j\251\331\352\243\035L\300\270s\020\227-\323\370\012"
 280      A31D4CC0 
 280      B8731097 
 280      2DD3F80A 
 281 07c2 648B1A25 		.ascii	"d\213\032%Eoh\316\333\352m\026>R"
 281      456F68CE 
 281      DBEA6D16 
 281      3E52
 282 07d0 DEE903D1 		.ascii	"\336\351\003\321U\355k\262\274\365\334;\337\305}\376"
 282      55ED6BB2 
 282      BCF5DC3B 
 282      DFC57DFE 
 283 07e0 E99E7530 		.ascii	"\351\236u0\255@iq\342GN]`E\242SI\232\013\205\262\005"
 283      AD406971 
 283      E2474E5D 
 283      6045A253 
 283      499A0B85 
 284 07f6 B662B1F0 		.ascii	"\266b\261\360KFg\232\205=Ke\011\212\344ih\3311R\223"
 284      4B46679A 
 284      853D4B65 
 284      098AE469 
 284      68D93152 
 285 080b EB47B6F3 		.ascii	"\353G\266\363\364\257IM\254\360t\025~V\251\256\360\364"
 285      F4AF494D 
 285      ACF07415 
 285      7E56A9AE 
 285      F0F4
 286 081d 657C9756 		.ascii	"e|\227V\370]\306\302\027\263\302\037\277\2773\307D\312"
 286      F85DC6C2 
 286      17B3C21F 
 286      BFBF33C7 
 286      44CA
 287 082f 04DB9E96 		.ascii	"\004\333\236\226\2621\202\2551\230\177\345\344\361\257"
 287      B23182AD 
 287      31987FE5 
 287      E4F1AF
 288 083e 9CDD1AD3 		.ascii	"\234\335\032\323n#\323\036\3064\\\3710G&N\316\324\326"
 288      6E23D31E 
 288      C6345CF9 
ARM GAS  /tmp/cchTTDnn.s 			page 22


 288      3047264E 
 288      CED4D6
 289 0851 9E5C2396 		.ascii	"\236\\#\226\205\217\356\315\177\202x\363\177\335\327"
 289      858FEECD 
 289      7F8278F3 
 289      7FDDD7
 290 0860 F25ABC12 		.ascii	"\362Z\274\022\232Q=\234X\336\3451\352\252)SW\315>\236"
 290      9A513D9C 
 290      58DEE531 
 290      EAAA2953 
 290      57CD3E9E 
 291 0874 E8F6F503 		.ascii	"\350\366\365\003\327L\306\"\356\305l\225\262l\225\263"
 291      D74CC622 
 291      EEC56C95 
 291      B26C95B3 
 292 0884 4497A989 		.ascii	"D\227\251\211\256o\177v\304\317X\226Q\321\303\351\015"
 292      AE6F7F76 
 292      C4CF5896 
 292      51D1C3E9 
 292      0D
 293 0895 03C45596 		.ascii	"\003\304U\226\331\242,\025\242,\3709\2473-\021e\251"
 293      D9A22C15 
 293      A22CF839 
 293      A7332D11 
 293      65A9
 294 08a7 6465A9DE 		.ascii	"de\251\336\2221\207\234\347\263\257\317\252\252\223"
 294      9231879C 
 294      E7B3AFCF 
 294      AAAA93
 295 08b6 B5AA94F5 		.ascii	"\265\252\224\365kU\241_nUZ.\253\214\271\334\317r\251"
 295      6B55A15F 
 295      6E555A2E 
 295      AB8CB9DC 
 295      CF72A9
 296 08c9 DC3C9949 		.ascii	"\334<\231IH\027gKx\324\351\351\012i\216!\244\223o\204"
 296      4817674B 
 296      78D4E9E9 
 296      0A698E21 
 296      A4936F84 
 297 08dd 74408454 		.ascii	"t@\204T-O\223<\343\035\213b\243\034^\013?\371\333\224"
 297      2D4F933C 
 297      E31D8B62 
 297      A31C5E0B 
 297      3FF9DB94 
 298 08f1 B09010E9 		.ascii	"\260\220\020\351\375\340`+\377\255\210\267.\017\217"
 298      FDE0602B 
 298      FFAD88B7 
 298      2E0F8F
 299 0900 B6C6C745 		.ascii	"\266\306\307E\320\177{\274#8B\362\215w,q\204\3079\346"
 299      D07F7BBC 
 299      233842F2 
 299      8D772C71 
 299      84C739E6 
 300 0914 4587C7C5 		.ascii	"E\207\307\305\230\355\366UQ\261\216\220\331v\307,\353"
 300      98EDF655 
 300      51B18E90 
 300      D976C72C 
ARM GAS  /tmp/cchTTDnn.s 			page 23


 300      EB
 301 0925 AAF8382B 		.ascii	"\252\3708+\366}\020\273\"6\362\203\310\360\317\243\254"
 301      F67D10BB 
 301      2236F283 
 301      C8F0CFA3 
 301      AC
 302 0936 51B111D1 		.ascii	"Q\261\021\321\253\226EZc\302#\226G\305FZ\355\313\"\277"
 302      AB96455A 
 302      63C22396 
 302      47C5465A 
 302      EDCB22BF 
 303 094a 085F15ED 		.ascii	"\010_\025\355\260;\276\\\031\031\037\274\\\362R\255"
 303      B03BBE5C 
 303      19191FBC 
 303      5CF252AD 
 304 095a 7FFB0EEB 		.ascii	"\177\373\016\353\370/\343\255\350{\031B\321\304\033"
 304      F82FE3AD 
 304      E87B1942 
 304      D1C41B
 305 0969 5547544C 		.ascii	"UGTL\244\335\021\240\2173\316\341\302G,\247\020\341"
 305      A4DD11A0 
 305      8F33CEE1 
 305      C2472CA7 
 305      10E1
 306 097b C18786BB 		.ascii	"\301\207\206\273b%\217\026\333\221\016\265\271P4\021"
 306      62258F16 
 306      DB910EB5 
 306      B9503411 
 307 098b 618F8E5E 		.ascii	"a\217\216^f\217\302\034\3144N}\345\2128G\274u\311\322"
 307      668FC21C 
 307      CC344E7D 
 307      E58A3847 
 307      BC75C9D2 
 308 099f C53343AD 		.ascii	"\3053C\255\037\177<\337\272t\321\342\177\206\210dP+"
 308      1F7F3CDF 
 308      BA74D1E2 
 308      7F868864 
 308      502B
 309 09b1 F4E01116 		.ascii	"\364\340\021\026\266\3306Sdbf\250\335\341\2456\344\277"
 309      B6D83653 
 309      646266A8 
 309      DDE1A536 
 309      E4BF
 310 09c3 D84CF317 		.ascii	"\330L\363\027\317\263\221\371a6\323G\363\227\332HX\230"
 310      CFB391F9 
 310      6136D347 
 310      F397DA48 
 310      5898
 311 09d5 8DD850E6 		.ascii	"\215\330P\346\331l\344\257K\302H\330'KMaa\013l\214#"
 311      D96CE4AF 
 311      4BC248D8 
 311      274B4D61 
 311      610B6C8C 
 312 09ea 94DD43C8 		.ascii	"\224\335C\310\202\2056y\011Z.Z`3-Y\214\3500[(J\010\""
 312      82853679 
 312      095A2E5A 
 312      60332D59 
ARM GAS  /tmp/cchTTDnn.s 			page 24


 312      8CE8305B 
 313 0a02 FF6E0BFD 		.ascii	"\377n\013\375y\021\306;bh\004Q1<\005B\261;,b\262\361"
 313      7911C63B 
 313      62680451 
 313      313C0542 
 313      B13B2C62 
 314 0a18 B484F670 		.ascii	"\264\204\366p:\177?\273\375\213U\261\021v{\360\354\017"
 314      3A7F3FBB 
 314      FD8B55B1 
 314      11767BF0 
 314      EC0F
 315 0a2a 677EE8A5 		.ascii	"g~\350\245j\246\210\345\341q\357\271\340+Vr\3648\265"
 315      6AA688E5 
 315      E171EFB9 
 315      E02B5672 
 315      F438B5
 316 0a3d 27D28DF9 		.ascii	"'\322\215\371\254Y\352\360?\334\016\377\341?\362\027"
 316      AC59EAF0 
 316      3FDC0EFF 
 316      E13FF217 
 317 0a4d 2888     		.ascii	"(\210"
 318              		.text
 319              		.section	.gnu.lto_.symtab.96e87b014816e6c,"",%progbits
 320 0000 7374496E 		.ascii	"stInit\000"
 320      697400
 321 0007 00       		.ascii	"\000"
 322 0008 00       		.ascii	"\000"
 323 0009 00       		.ascii	"\000"
 324 000a 00000000 		.ascii	"\000\000\000\000\000\000\000\000"
 324      00000000 
 325 0012 AE000000 		.ascii	"\256\000\000\000"
 326 0016 73745374 		.ascii	"stStartAlarm\000"
 326      61727441 
 326      6C61726D 
 326      00
 327 0023 00       		.ascii	"\000"
 328 0024 00       		.ascii	"\000"
 329 0025 00       		.ascii	"\000"
 330 0026 00000000 		.ascii	"\000\000\000\000\000\000\000\000"
 330      00000000 
 331 002e BD000000 		.ascii	"\275\000\000\000"
 332 0032 73745374 		.ascii	"stStopAlarm\000"
 332      6F70416C 
 332      61726D00 
 333 003e 00       		.ascii	"\000"
 334 003f 00       		.ascii	"\000"
 335 0040 00       		.ascii	"\000"
 336 0041 00000000 		.ascii	"\000\000\000\000\000\000\000\000"
 336      00000000 
 337 0049 BF000000 		.ascii	"\277\000\000\000"
 338 004d 73745365 		.ascii	"stSetAlarm\000"
 338      74416C61 
 338      726D00
 339 0058 00       		.ascii	"\000"
 340 0059 00       		.ascii	"\000"
 341 005a 00       		.ascii	"\000"
 342 005b 00000000 		.ascii	"\000\000\000\000\000\000\000\000"
ARM GAS  /tmp/cchTTDnn.s 			page 25


 342      00000000 
 343 0063 C1000000 		.ascii	"\301\000\000\000"
 344 0067 73744765 		.ascii	"stGetAlarm\000"
 344      74416C61 
 344      726D00
 345 0072 00       		.ascii	"\000"
 346 0073 00       		.ascii	"\000"
 347 0074 00       		.ascii	"\000"
 348 0075 00000000 		.ascii	"\000\000\000\000\000\000\000\000"
 348      00000000 
 349 007d C4000000 		.ascii	"\304\000\000\000"
 350 0081 73745F6C 		.ascii	"st_lld_init\000"
 350      6C645F69 
 350      6E697400 
 351 008d 00       		.ascii	"\000"
 352 008e 02       		.ascii	"\002"
 353 008f 00       		.ascii	"\000"
 354 0090 00000000 		.ascii	"\000\000\000\000\000\000\000\000"
 354      00000000 
 355 0098 C6000000 		.ascii	"\306\000\000\000"
 356              		.text
 357              		.section	.gnu.lto_.opts,"",%progbits
 358 0000 272D666D 		.ascii	"'-fmath-errno' '-fsigned-zeros' '-ftrapping-math' '"
 358      6174682D 
 358      6572726E 
 358      6F272027 
 358      2D667369 
 359 0033 2D666E6F 		.ascii	"-fno-trapv' '-fno-openmp' '-fno-openacc' '-mcpu=cor"
 359      2D747261 
 359      70762720 
 359      272D666E 
 359      6F2D6F70 
 360 0066 7465782D 		.ascii	"tex-m3' '-mno-thumb-interwork' '-mthumb' '-ggdb' '-"
 360      6D332720 
 360      272D6D6E 
 360      6F2D7468 
 360      756D622D 
 361 0099 4F322720 		.ascii	"O2' '-fomit-frame-pointer' '-falign-functions=16' '"
 361      272D666F 
 361      6D69742D 
 361      6672616D 
 361      652D706F 
 362 00cc 2D666675 		.ascii	"-ffunction-sections' '-fdata-sections' '-fno-common"
 362      6E637469 
 362      6F6E2D73 
 362      65637469 
 362      6F6E7327 
 363 00ff 2720272D 		.ascii	"' '-flto'\000"
 363      666C746F 
 363      2700
 364              		.text
 365              		.comm	__gnu_lto_v1,1,1
 366              		.comm	__gnu_lto_slim,1,1
 367              		.ident	"GCC: (GNU Tools for ARM Embedded Processors 6-2017-q2-update) 6.3.1 20170620 (release) [AR
ARM GAS  /tmp/cchTTDnn.s 			page 26


DEFINED SYMBOLS
                            *ABS*:0000000000000000 hal_st.c
                            *COM*:0000000000000001 __gnu_lto_v1
                            *COM*:0000000000000001 __gnu_lto_slim

NO UNDEFINED SYMBOLS
