ARM GAS  /tmp/ccFqR9hA.s 			page 1


   1              		.cpu cortex-m3
   2              		.eabi_attribute 20, 1
   3              		.eabi_attribute 21, 1
   4              		.eabi_attribute 23, 3
   5              		.eabi_attribute 24, 1
   6              		.eabi_attribute 25, 1
   7              		.eabi_attribute 26, 1
   8              		.eabi_attribute 30, 2
   9              		.eabi_attribute 34, 1
  10              		.eabi_attribute 18, 4
  11              		.file	"hal_pal.c"
  12              		.text
  13              	.Ltext0:
  14              		.section	.gnu.lto_.profile.259693cbbe98cf5e,"",%progbits
  15 0000 789C6365 		.ascii	"x\234ce`b`a```d\320\220\001\000\000\354\000Q"
  15      60626061 
  15      60606064 
  15      D0900100 
  15      00EC0051 
  16              		.text
  17              		.section	.gnu.lto_.icf.259693cbbe98cf5e,"",%progbits
  18 0000 789C6365 		.ascii	"x\234ce`b\020a@\000f\206\343\227n\235fc\334\276\377"
  18      60621061 
  18      40006686 
  18      E3976E9D 
  18      6663DCBE 
  19 0015 D00F76A6 		.ascii	"\320\017v\246u;\036\256\342e\000\000hQ\011\233"
  19      753B1EAE 
  19      E2650000 
  19      6851099B 
  20              		.text
  21              		.section	.gnu.lto_.jmpfuncs.259693cbbe98cf5e,"",%progbits
  22 0000 789C6365 		.ascii	"x\234ce`bPb@\000f\006FF\306zF&FF\346\372z&0\305\310"
  22      60625062 
  22      40006606 
  22      4646C67A 
  22      46264646 
  23 001b 069162AA 		.ascii	"\006\221b\252d\004Q\0009\324\002\300"
  23      64045100 
  23      39D402C0 
  24              		.text
  25              		.section	.gnu.lto_.inline.259693cbbe98cf5e,"",%progbits
  26 0000 789C6365 		.ascii	"x\234ce`b\370\316\200\000\314\014\014\234\034\214\314"
  26      6062F8CE 
  26      8000CC0C 
  26      0C9C1C8C 
  26      CC
  27 0011 0C0A8C20 		.ascii	"\014\012\214 &\210t\000\223\012\034l\037\364\030\330"
  27      26887400 
  27      930A1C6C 
  27      1FF418D8 
  28 0021 16C83331 		.ascii	"\026\310310\276`g\201\220 \202\003\314\344\000\021\002"
  28      30BE6067 
  28      81902082 
  28      03CCE400 
  28      1102
  29 0033 60A600C8 		.ascii	"`\246\000\310\030F\006>^F\026\210)\214@\022b\224\002"
ARM GAS  /tmp/ccFqR9hA.s 			page 2


  29      1846063E 
  29      5E461688 
  29      298C4012 
  29      629402
  30 0046 C4406EA6 		.ascii	"\304@n\246\013\374\030F\001\305P\014aY /\001b)010\357"
  30      0BFC1846 
  30      01C5500C 
  30      6159202F 
  30      01622930 
  31 005d 10576000 		.ascii	"\020W`\000Zo\0012\231\211\201[\030\305}PC9\201r\304"
  31      5A6F0132 
  31      9989815B 
  31      18C57D50 
  31      43398172 
  32 0072 390F6893 		.ascii	"9\017h\223\004\310$\026^\240w'\370\201 \003\000\006"
  32      04C82416 
  32      5EA07727 
  32      F8812003 
  32      0006
  33 0084 0820CB   		.ascii	"\010 \313"
  34              		.text
  35              		.section	.gnu.lto_.pureconst.259693cbbe98cf5e,"",%progbits
  36 0000 789C6365 		.ascii	"x\234ce`b`g```f\220b\224b\222\004\000\001\307\000b"
  36      60626067 
  36      60606066 
  36      90629462 
  36      92040001 
  37              		.text
  38              		.section	.gnu.lto_palReadBus.259693cbbe98cf5e,"",%progbits
  39 0000 789C9591 		.ascii	"x\234\225\221MO\024A\020\206\353\355\232\235\231\225"
  39      4D4F1441 
  39      1086EBED 
  39      9A9D9995 
  40 0010 8F3F2031 		.ascii	"\217? 1kBB\270\354\374\013\377\006\001.\0346\321\270"
  40      6B4242B8 
  40      ECFC0BFF 
  40      06012E1C 
  40      36D1B8
  41 0023 F1BCBD23 		.ascii	"\361\274\275#\240`@C\220E`\231\203\022D]\276\004\017"
  41      A0604043 
  41      90456099 
  41      8312445D 
  41      BE040F
  42 0036 9C364042 		.ascii	"\2346@Bb\242|\\8\031\215r\331D\017\356\305\213\001\253"
  42      62A27C5C 
  42      38198D72 
  42      D9440FEE 
  42      C58B01AB 
  43 004a 7A20D983 		.ascii	"z \331\203\027\222\351\252\256\256\252\247\353\235\316"
  43      1792E9AA 
  43      AEAEAAA7 
  43      EB9DCE
  44 0059 90A1A221 		.ascii	"\220\241\242!\352&\242\233\262\300\004\363\3543Q94\200"
  44      EA26A29B 
  44      B2C004F3 
  44      EC335139 
  44      3480
ARM GAS  /tmp/ccFqR9hA.s 			page 3


  45 006b 6E6C082A 		.ascii	"nl\010*\031\224\360\224+\214\343\341\365\005\236\344"
  45      1994F094 
  45      2B8CE3E1 
  45      F5059EE4 
  46 007b 44CA3C09 		.ascii	"D\312<\011\177\177\232\373\321\251!\220\223p\336\236"
  46      7F7F9AFB 
  46      D1A92190 
  46      9370DE9E 
  47 008b 8C05BDCB 		.ascii	"\214\005\275\313\326\306\266^\231\362\0277\217l6aC/"
  47      D6C6B65E 
  47      99F21737 
  47      8F6C3661 
  47      432F
  48 009d A4FC35BA 		.ascii	"\244\3745\272\260\214.\275c\005\275R<r\\\031e\276\015"
  48      B08C2EBD 
  48      6305BD52 
  48      3C725C19 
  48      65BE0D
  49 00b0 92FD97AF 		.ascii	"\222\375\227\257\337V\302\236%\327\270?\315\266;a\306"
  49      DF56C29E 
  49      25D7B83F 
  49      CDB63B61 
  49      C6
  50 00c1 1B706BA3 		.ascii	"\033pk\243\034\021\336\242G\353\277o\234?\357\360\275"
  50      1C11DEA2 
  50      47EBBF6F 
  50      9C3FEFF0 
  50      BD
  51 00d2 974CCA16 		.ascii	"\227L\312\026\344;\370\020\277v\202\272=\277xd\353?"
  51      E43BF810 
  51      BF7682BA 
  51      3DBF7864 
  51      EB3F
  52 00e4 5FA17A27 		.ascii	"_\241z'+\032\244\203\245\327\363\304d2b|_w\201\232\220"
  52      2B1AA483 
  52      A5D7F3C4 
  52      6432627C 
  52      5F77819A 
  53 00f9 743A1A17 		.ascii	"t:\032\027\204J}\"\201xn \336iL\354\371J\255\262\312"
  53      844A7D22 
  53      81786E20 
  53      DE694CEC 
  53      F94AADB2 
  54 010e 9E19D93D 		.ascii	"\236\031\331=\014T'\273q\377\034||\334\236\240Z\266"
  54      0C5427BB 
  54      71FF1C7C 
  54      7CDC9EA0 
  54      5AB6
  55 0120 D6E6120E 		.ascii	"\326\346\022\016\252lPSm\222[:\213W\203\250f\323T\210"
  55      AA6C5053 
  55      6D925B3A 
  55      8B5783A8 
  55      66D35488 
  56 0134 552498D5 		.ascii	"U$\230\325\031\011k\210\250\201\335\235l\012\366Z\301"
  56      19096B88 
  56      A881DD9D 
  56      6C0AF65A 
ARM GAS  /tmp/ccFqR9hA.s 			page 4


  56      C1
  57 0145 E1FFC059 		.ascii	"\341\377\300Y\271\035\353\227\340\323fs\257]\300\303"
  57      B91DEB97 
  57      E0D36673 
  57      AF5DC0C3 
  58 0155 654DDDC0 		.ascii	"eM\335\300\206\003\253jl:p|\005\316\\k\3046\274w$\243"
  58      8603AB6A 
  58      6C3A707C 
  58      05CE5C6B 
  58      C436BC77 
  59 016b A42D477A 		.ascii	"\244-Gz\330\034E\212\3221\005\330J\017\256E7\330vt\367"
  59      D81C458A 
  59      D23105D8 
  59      4A0FAE45 
  59      37D87674 
  60 0180 4A1F52FA 		.ascii	"J\037R\372\337+z\350.\010\350\027\342\334\345\211\376"
  60      DF2B7AE8 
  60      2E08E817 
  60      E2DCE589 
  60      FE
  61 0191 A8715125 		.ascii	"\250qQ%\357 \003\335\312\347\243\364\273[\214\206\372"
  61      EF2003DD 
  61      CAE7A3F4 
  61      BB5B8C86 
  61      FA
  62 01a2 0B51F1FE 		.ascii	"\013Q\361\376\240\372\276{\375\205\374 \361\300\203"
  62      A0FABE7B 
  62      FD85FC20 
  62      F1C083
  63 01b1 E23F7577 		.ascii	"\342?uw\307\364"
  63      C7F4
  64              		.text
  65              		.section	.gnu.lto_palWriteBus.259693cbbe98cf5e,"",%progbits
  66 0000 789C9593 		.ascii	"x\234\225\223\317k\023Q\020\307\337wg\263?\222\215z"
  66      CF6B1351 
  66      10C7DF77 
  66      67B33F92 
  66      8D7A
  67 0012 142C5241 		.ascii	"\024,RA\011\271d\301?\302\177C\332\\\024\012\212\321"
  67      09B964C1 
  67      3FC27F43 
  67      DA5C140A 
  67      8AD1
  68 0024 7337B149 		.ascii	"s7\261I\245\342\017\220&U\272\254(\265F\355/\177GAB"
  68      A5E20F90 
  68      2655BAAC 
  68      28B546ED 
  68      2F7F4741 
  69 0039 3C14FC49 		.ascii	"<\024\374I\275xQ\024\025\241\007A\253\240\207\2228\363"
  69      BD785114 
  69      15A10741 
  69      ABA08792 
  69      38F3
  70 004b B64B6BF1 		.ascii	"\266Kk\361\322\307\356\2747\363f>of\336nJ\031j?)\225"
  70      D2C7EEBC 
  70      37F3663E 
  70      6F66DE6E 
ARM GAS  /tmp/ccFqR9hA.s 			page 5


  70      4A196A3F 
  71 0061 574AEDE2 		.ascii	"WJ\355\342\027\244`\234\177\245T\3311\000Y\004\016\324"
  71      17A4609C 
  71      7FA554D9 
  71      31005904 
  71      0ED4
  72 0073 B081619C 		.ascii	"\260\201a\234\243\006\2413\372\265e\344\247\003\036"
  72      A306A133 
  72      FAB565E4 
  72      A7031E
  73 0082 EDC62FAB 		.ascii	"\355\306/\253\026TwF\034~\221_\031\230F\236\275\226"
  73      16547746 
  73      1C7E915F 
  73      1998469E 
  73      BD96
  74 0094 46E627E9 		.ascii	"F\346'\351,E\004\230\254\376xy\351\3636Q\015\364\263"
  74      2C450498 
  74      ACFE7879 
  74      E9F33651 
  74      0DF4B3
  75 00a7 5A5D6AD4 		.ascii	"Z]j\324\210\366@\361\372\375\207\217M'7\025\004\225"
  75      88F640F1 
  75      FAFD878F 
  75      4D273715 
  75      0495
  76 00b9 A0FDE202 		.ascii	"\240\375\342\002\005{#\"\334\0001\020M\364\341:\372"
  76      057B2322 
  76      DC003110 
  76      4DF4E13A 
  76      FA
  77 00ca 149B146E 		.ascii	"\024\233\024n\"\307\356a\367\312b\206\366\351\320V4"
  77      22C7EE61 
  77      F7CA6286 
  77      F6E9D056 
  77      34
  78 00db D9B4D642 		.ascii	"\331\264\326B\337\215\353P\023\2676\207\232\0123\310"
  78      DF8DEB50 
  78      13B73687 
  78      9A0A33C8 
  79 00eb 89FFA785 		.ascii	"\211\377\247\205\356x\3262\257&\351b\026\026x\236{\203"
  79      EE78D632 
  79      AF26E962 
  79      1616789E 
  79      7B83
  80 00fd 76D0ED8D 		.ascii	"v\320\355\215r\002\327\320;\260\235\353\346\303\210"
  80      7202D7D0 
  80      3BB09DEB 
  80      E6C388
  81 010c 63532624 		.ascii	"cS&$8\305K\313\022a\213pX\330\256\210\264\250\031\021"
  81      38C54BCB 
  81      12618B70 
  81      58D8AE88 
  81      B4A81911 
  82 0120 9E88AC08 		.ascii	"\236\210\254\010\245\306\030.\215;M\206\314\264\214"
  82      A5C6182E 
  82      8D3B4D86 
  82      CCB48C
ARM GAS  /tmp/ccFqR9hA.s 			page 6


  83 012f CAA3E527 		.ascii	"\312\243\345'E9.$\351a\275\332ymK;H\327\361{\361\331"
  83      45392E24 
  83      E961BDDA 
  83      796D4B3B 
  83      48D7F17B 
  84 0145 292F4258 		.ascii	")/BX\346\236\366G\344\204\334\2469\316]\366\246\276"
  84      E69EF647 
  84      E484DCA6 
  84      39CE5DF6 
  84      A6BE
  85 0157 54666D7F 		.ascii	"Tfm\177&\210\267\\\314#\302\204\3565\026\340+Fwk\210"
  85      2688B75C 
  85      CC23C284 
  85      EE3516E0 
  85      2B46776B 
  86 016c C9A9906B 		.ascii	"\311\251\220k\225\263\334X\267\266\2046q[\243\245!\270"
  86      95B3DC58 
  86      B7B68436 
  86      715BA3A5 
  86      21B8
  87 017e A3D12757 		.ascii	"\243\321'W\023\264\255\351\326F\272\263%z\032w5\335"
  87      13B4ADE9 
  87      D646BAB3 
  87      257A1A77 
  87      35DD
  88 0190 10FABD98 		.ascii	"\020\372\275\230^O\350nL{\374s\365\271!]Ic\007\3563"
  88      5E4FE86E 
  88      4C7BFC73 
  88      F5B9215D 
  88      496307EE 
  89 01a5 867DBE27 		.ascii	"\206}\276'>i\235\204\373OV\031.8\316j\335\317\323fG"
  89      3E699D84 
  89      FB4F5619 
  89      2E38CE6A 
  89      DDCFD366 
  90 01ba 6C7F125B 		.ascii	"l\177\022[V\207{l\353\324u\366\033\257\300\375\337\025"
  90      56877B6C 
  90      EBD475F6 
  90      1BAFC0FD 
  90      DF15
  91 01cc 3082F060 		.ascii	"0\202\360`\255\222\267++O=\256d\244,[\036\036\352J\364"
  91      AD92B72B 
  91      2B4F3DAE 
  91      64A42C5B 
  91      1E1EEA4A 
  92 01e1 07D482CF 		.ascii	"\007\324\202\317x\365\015\225\313\2753\3724\375\023"
  92      78F50D95 
  92      CBBD33FA 
  92      34FD13
  93 01f0 8C7117F9 		.ascii	"\214q\027\371\342\271\330\335\205\202\037?GJ\376\241"
  93      E2B9D8DD 
  93      85821F3F 
  93      474AFEA1 
  94 0200 8121BF74 		.ascii	"\201!\277t\254(\363\301\243\003C\205\242\242\301\023"
  94      AC28F3C1 
  94      A3034385 
  94      A2A2C113 
ARM GAS  /tmp/ccFqR9hA.s 			page 7


  95 0210 2573F0F0 		.ascii	"%s\360\360\361\322_\030\020\377G"
  95      F1D25F18 
  95      10FF47
  96              		.text
  97              		.section	.gnu.lto_palSetBusMode.259693cbbe98cf5e,"",%progbits
  98 0000 789C9592 		.ascii	"x\234\225\222\315KTa\024\306\317\363\236;s\357\244\266"
  98      CD4B5461 
  98      14C6CFF3 
  98      9E3B73EF 
  98      A4B6
  99 0012 0E9298C0 		.ascii	"\016\222\230\300\030f3\367\317\350_p\027:#\2700\214"
  99      186633F7 
  99      CFE85F70 
  99      173A23B8 
  99      308C
 100 0024 86D6F33A 		.ascii	"\206\326\363:5c\030h :)\0157\220\301\264\374\312\012"
 100      35631868 
 100      203A290D 
 100      3790C1B4 
 100      FCCA0A
 101 0037 46110637 		.ascii	"F\021\0067A_\242[\223B#\220\022\212\026nJ;\347\035]"
 101      415FA25B 
 101      93422390 
 101      128A166E 
 101      4A3BE71D 
 102 004c D8CE97FB 		.ascii	"\330\316\227\373~\237\347\367\236\363pcd(g\210\322D"
 102      7E9FE7F7 
 102      9EF37063 
 102      64286788 
 102      D244
 103 005e 74593A98 		.ascii	"tY:\230`\036~$\032\010\014\240\013\033\200\012\006\005"
 103      601E7E24 
 103      1A080CA0 
 103      0B1B800A 
 103      0605
 104 0070 8C7085B1 		.ascii	"\214p\205\261>\370\255n\322\323VZ\243\262\345\227m\351"
 104      3EF8AD6E 
 104      D2D3565A 
 104      A3B2E597 
 104      6DE9
 105 0082 52C44413 		.ascii	"R\304D\023\322\265a\032i\211\332\274\267\370\230\207"
 105      D2B5611A 
 105      6989DABC 
 105      B7F89887 
 106 0092 3962C093 		.ascii	"9b\300\223\355\257\017\223{\027uk\220\224mi\263Rf\276"
 106      EDAF0F93 
 106      7B17756B 
 106      90946D69 
 106      B35266BE 
 107 00a6 0A92F5CE 		.ascii	"\012\222\365\316\347/3A\252fm\3216>\215\262\355\210"
 107      E72F3341 
 107      AA666DD1 
 107      363E8DB2 
 107      ED88
 108 00b8 98310B16 		.ascii	"\2301\013\026 f\320\216\247h'9\"<CJ\302\177/\327F[\370"
 108      2066D08E 
 108      A7682739 
ARM GAS  /tmp/ccFqR9hA.s 			page 8


 108      223C434A 
 108      C27F2FD7 
 109 00cf 9A93BE1B 		.ascii	"\232\223\276\033^\353<Q\276\037sJ\017\317\377Wz\204"
 109      5EEB3C51 
 109      BE1F734A 
 109      0FCFFF57 
 109      7A84
 110 00e1 39A4347C 		.ascii	"9\2444|w\351h\254-\356M\235f\213y\304!\363\302\026\032"
 110      77E968AC 
 110      2DEE4D9D 
 110      668B79C4 
 110      21F3C216 
 111 00f6 F6E878D0 		.ascii	"\366\350x\3206\376\324\260s=!e\313[,\332\230'C<&\203"
 111      36FED4B0 
 111      733D2165 
 111      CB5B2CDA 
 111      9827433C 
 112 010c 1FD7950F 		.ascii	"\037\327\225\017\307\242!\221\2533\017\330\350\314\373"
 112      C7A22191 
 112      AB330FD8 
 112      E8CCFB
 113 011b 28AEEC1F 		.ascii	"(\256\354\037d\025Xe5i\274\264\276\341k\275\354\022"
 113      64155865 
 113      3569BCB4 
 113      BEE16BBD 
 113      EC12
 114 012d 3D7CF3F6 		.ascii	"=|\363\366~k\204\352\200\230\226\2148\250\212\017\013"
 114      7E6B84EA 
 114      8098968C 
 114      38A88A0F 
 114      0B
 115 013e 929DDED5 		.ascii	"\222\235\336\325\276\026\347\375p\3166\257\022XD\204"
 115      BE16E7FD 
 115      70CE36AF 
 115      12584484 
 116 014e 47CE4C2C 		.ascii	"G\316L,!$E'\232`\357\\\244\013x\341HZ!\226\317\222b"
 116      21244527 
 116      9A60EF5C 
 116      A40B78E1 
 116      485A2196 
 117 0165 E722B5E0 		.ascii	"\347\"\265\340\245#\031%\275r\244\273?\313h\2424/\001"
 117      A5231925 
 117      BD72A4BB 
 117      3FCB68A2 
 117      342F01
 118 0178 D2779493 		.ascii	"\322w\224\223z\242\362z\375\307\266_\370k\203\210['"
 118      7AA2F27A 
 118      FDC7B65F 
 118      F86B8388 
 118      5B27
 119 018a 3401BC46 		.ascii	"4\001\274F\201\304\031\027\356G\334F\007(>Y\035q\014"
 119      81C41917 
 119      EE47DC46 
 119      07283E59 
 119      1D710C
 120 019d F7DB0C49 		.ascii	"\367\333\014I\2308)O\\\311d\302\346\327\237\017{\273"
 120      9838294F 
ARM GAS  /tmp/ccFqR9hA.s 			page 9


 120      5CC964C2 
 120      E6D79F0F 
 120      7BBB
 121 01af FAC2FCED 		.ascii	"\372\302\374\355\254\3167nu\365e\262\304\335w\362\336"
 121      ACCE376E 
 121      75F565B2 
 121      C4DD77F2 
 121      DE
 122 01c0 CDFE5CCF 		.ascii	"\315\376\\\317?|\363\305\244"
 122      3F7CF3C5 
 122      A4
 123              		.text
 124              		.section	.gnu.lto_.symbol_nodes.259693cbbe98cf5e,"",%progbits
 125 0000 789C6365 		.ascii	"x\234ce`b\010d\000\002\246\333\214\365\014\014\023\316"
 125      60620864 
 125      0002A6DB 
 125      8CF50C0C 
 125      13CE
 126 0012 313000A9 		.ascii	"10\000\251]\015\216@\221;\214\365\214\250\"w\031\353"
 126      5D0D8E40 
 126      913B8CF5 
 126      8CA82277 
 126      19EB
 127 0024 99504418 		.ascii	"\231PD\030\0370\3263\203E\030\030\032\032\034\030\030"
 127      1F30D633 
 127      83451818 
 127      1A1A1C18 
 127      18
 128 0035 98999819 		.ascii	"\230\231\230\031\226<\374\307\310\000\000sw\025\014"
 128      963CFCC7 
 128      C8000073 
 128      77150C
 129              		.text
 130              		.section	.gnu.lto_.refs.259693cbbe98cf5e,"",%progbits
 131 0000 789C6365 		.ascii	"x\234ce`b`d\000\002\000\000I\000\011"
 131      60626064 
 131      00020000 
 131      490009
 132              		.text
 133              		.section	.gnu.lto_.decls.259693cbbe98cf5e,"",%progbits
 134 0000 789C9557 		.ascii	"x\234\225W{LT\351\025\277\347~\003\035\206\0310h7&K"
 134      7B4C54E9 
 134      15BFE77E 
 134      031D8619 
 134      30683726 
 135 0015 37C46064 		.ascii	"7\304`d\233.\003h[\233\354\037F\315\356\232ji\320n\233"
 135      9B2E0368 
 135      5B9BEC1F 
 135      46CDEE9A 
 135      6A69D06E 
 136 002a 6C9309C2 		.ascii	"l\223\011\302PIy\030fh\334\277zy\250hW\036>\021]\302"
 136      50497918 
 136      6668DCBF 
 136      7A79A868 
 136      571E3E11 
 137 0040 8AA20856 		.ascii	"\212\242\010V\264\353\203\005\224\002\212\013>\020\037"
 137      B4EB8305 
ARM GAS  /tmp/ccFqR9hA.s 			page 10


 137      94028A0B 
 137      3E101F
 138 004f 8880C343 		.ascii	"\210\200\303C\300\007X^\"\250@\317\367}\367r/\343\214"
 138      C007585E 
 138      22A840CF 
 138      F77DF772 
 138      2FE38C
 139 0062 692773EE 		.ascii	"i's\356\275\337\367\235s~\277s\276\363\235;\343!\210"
 139      BDDFF79D 
 139      737EBF73 
 139      BEF39D3B 
 139      E32188
 140 0075 C2225F41 		.ascii	"\302\"_AX.\012\302\026\020\204\031\374\350\004A8%\250"
 140      582E0AC2 
 140      16108419 
 140      FCE80441 
 140      3825A8
 141 0088 1F3A1E40 		.ascii	"\037:\036@\031F\231D\231\021\336\375\264\242\255\021"
 141      19469944 
 141      9911DEFD 
 141      B4A2AD11 
 142 0098 EF7E280B 		.ascii	"\357~(\013P\312Q\372Q\356\240,A\011G\351C\271\207\322"
 142      50CA51FA 
 142      51EEA02C 
 142      410947E9 
 142      43B987D2 
 143 00ac 8C7209A5 		.ascii	"\214r\011\245C\366\335\215R\217\342@\351D\001\031\217"
 143      43F6DD8D 
 143      528FE240 
 143      E9440119 
 143      8F
 144 00bd DE7D602E 		.ascii	"\336}`.N\017\216Mx\377R\203\325/\343\271\302\352\320"
 144      4E0F8E4D 
 144      78FF5283 
 144      D52FE3B9 
 144      C2EAD0
 145 00d0 E029589D 		.ascii	"\340)X\2352V\243\2141,\337\347;a\215\342\330\307\005"
 145      3256A38C 
 145      312CDFE7 
 145      3B618DE2 
 145      D8C705
 146 00e3 D6981BAC 		.ascii	"\326\230\033\254r\031o\001\332M\343\2358\341\211\232"
 146      72196F01 
 146      DA4DE39D 
 146      38E1899A 
 147 00f3 FC51287F 		.ascii	"\374Q(\177'\274\003\004\316\357\252\253\022\037A;\240"
 147      27BC0304 
 147      CEEFAAAB 
 147      121F413B 
 147      A0
 148 0104 2ECC63B3 		.ascii	".\314c\263\000\374\012L\330pF\371\000\260y\234\025\331"
 148      00FC0A4C 
 148      D87046F9 
 148      00B0799C 
 148      15D9
 149 0116 952BB229 		.ascii	"\225+\262)P,\344\261(\017E\331%\373\312\306\240\361"
 149      502CE4B1 
ARM GAS  /tmp/ccFqR9hA.s 			page 11


 149      280F45D9 
 149      25FBCAC6 
 149      A0F1
 150 0128 C8973992 		.ascii	"\310\2279\222\362\341|\371\0033S\254AT\001\000\264\006"
 150      F2E17CF9 
 150      033353AC 
 150      41540100 
 150      B406
 151 013a 1A879CB6 		.ascii	"\032\207\234\266\274>\313OP\203\003%\372\341\203\327"
 151      BC3ECB4F 
 151      50830325 
 151      FAE183D7 
 152 014a FB0C0EE8 		.ascii	"\373\014\016\350\240\263\005+\200\315u5WN\351\211\010"
 152      A0B3052B 
 152      80CD7535 
 152      574EE989 
 152      08
 153 015b F4D93179 		.ascii	"\364\3311y\342\263\340R\211\177\364?S\323v;\275\354"
 153      E2B3E052 
 153      897FF43F 
 153      53D3763B 
 153      BDEC
 154 016d 30C924E0 		.ascii	"0\311$\340g\000\035\365s#\257\307\007\207\013\014\020"
 154      67001DF5 
 154      7323AFC7 
 154      07870B0C 
 154      10
 155 017e 80C3BC8A 		.ascii	"\200\303\274\212\261\006\017\276\252\307\341LQ\331\016"
 155      B1060FBE 
 155      AAC7E14C 
 155      51D90E
 156 018d 3DF98079 		.ascii	"=\371\200y\354\270V\\B\015\227\030\200\222\365\305\251"
 156      ECB8565C 
 156      420D9718 
 156      8092F5C5 
 156      A9
 157 019e D303E593 		.ascii	"\323\003\345\223&>E5\232\263F\216\376\204|H\237\305"
 157      263E4535 
 157      9AB3468E 
 157      FE847C48 
 157      9FC5
 158 01b0 830D2D35 		.ascii	"\203\015-5:\0102\024Q\374\352WcKr\266K\222\010\377\002"
 158      3A083214 
 158      51FCEA57 
 158      634B72B6 
 158      4B9208FF 
 159 01c5 039C0102 		.ascii	"\003\234\001\002'!\230F\263\304\200\327\014IJ\225\262"
 159      27219846 
 159      B3C480D7 
 159      0C494A95 
 159      B2
 160 01d6 D324AF2F 		.ascii	"\323$\257/\004(\005\177(\001\177\001\316B\020uK\365"
 160      0428057F 
 160      28017F01 
 160      CE421075 
 160      4BF5
 161 01e8 A00C274F 		.ascii	"\240\014'O\343$B\024\037\3159\342I\276b\020W/\265=\320"
ARM GAS  /tmp/ccFqR9hA.s 			page 12


 161      E3244214 
 161      1FCD39E2 
 161      49BE6210 
 161      572FB53D 
 162 01fd 8121C8A5 		.ascii	"\201!\310\245\375y\027\366\234K\377\341EW\267R.\347"
 162      FD7917F6 
 162      9C4BFFE1 
 162      4557B752 
 162      2EE7
 163 020f 90CBF72A 		.ascii	"\220\313\367*\027\244\3063\224^7\236c\"\231\300@2\257"
 163      17A4C633 
 163      945E379E 
 163      632299C0 
 163      4032AF
 164 0222 D44F7ACC 		.ascii	"\324Oz\314\306\341(\011:yW\222\002\240\034m/\250\266"
 164      C6E12809 
 164      3A795792 
 164      02A01C6D 
 164      2FA8B6
 165 0235 E7C06D20 		.ascii	"\347\300m \027]\007roxd\277\017\271\315@\340Ezo\247"
 165      175D0772 
 165      6F7864BF 
 165      0FB9CD40 
 165      E0457A6F 
 166 024a 37CFFA42 		.ascii	"7\317\372B\232\307\241\353\337\312\303y8<{\377D\205"
 166      9AC7A1EB 
 166      DFCAC379 
 166      383C7BFF 
 166      4485
 167 025c 9E3CE0AA 		.ascii	"\236<\340\252\031\245\231\265\304\200Hi\377S\310h\261"
 167      19A599B5 
 167      C4804869 
 167      FF53C868 
 167      B1
 168 026d 6B6F4D8D 		.ascii	"koM\215\216\264s\363\364\332{\347\214\244\213\017z\033"
 168      8EB473F3 
 168      F4DA7BE7 
 168      8CA48B0F 
 168      7A1B
 169 027f 4FA7EA49 		.ascii	"O\247\352I/\037\364\225|3\340C\236\362A\311\356\333"
 169      2F1FF495 
 169      7C33E043 
 169      9EF241C9 
 169      EEDB
 170 0291 C70819E4 		.ascii	"\307\010\031\344\203\213U\203a\234\215?\216~\350\030"
 170      838B5583 
 170      619C8D3F 
 170      8E7EE818 
 171 02a1 AEF6E605 		.ascii	"\256\366\346\005\323\0118>5\3418\357A\206\231\252\327"
 171      D309383E 
 171      35E138EF 
 171      418699AA 
 171      D7
 172 02b2 A3D4B463 		.ascii	"\243\324\264c\000\201\201\201\363Q\202\002\217H\351"
 172      00818181 
 172      F3518202 
 172      8F48E9
ARM GAS  /tmp/ccFqR9hA.s 			page 13


 173 02c1 69B8F997 		.ascii	"i\270\371\227>mk~,I\273\215p\011\323\366oL[\003\314"
 173      3E6D6B7E 
 173      2C49BB8D 
 173      7009D3F6 
 173      6F4C5B03 
 174 02d6 57799FC2 		.ascii	"Wy\237\302\213\000\241x\021\270A\315\237\017J\325\351"
 174      8B00A178 
 174      11B841CD 
 174      9F0F4AD5 
 174      E9
 175 02e7 846957BB 		.ascii	"\204iW\273\326.\005U\275Y\243^\345\254^\251Q\317\241"
 175      D62E0555 
 175      BD59A35E 
 175      E5AC5EA9 
 175      51CFA1
 176 02fa 7B982D49 		.ascii	"{\230-I+t\002\\A\205:\266F\3251gp\023\323w\035\002\341"
 176      2B74025C 
 176      41853AB6 
 176      46D53167 
 176      7013D377 
 177 0311 164A3DCA 		.ascii	"\026J=\3125\224F\224\037Qn@ ;?\034\260A\003x\3315\240"
 177      35944694 
 177      1F516E40 
 177      203B3F1C 
 177      B0410378 
 178 0328 269A675F 		.ascii	"&\232g_\251\332\265\316\332f'\345\207\032\327W\235\225"
 178      A9DAB5CE 
 178      DA6627E5 
 178      871AD757 
 178      9D95
 179 033a 2B54D7BC 		.ascii	"+T\327\274\034\037\265\371\245H\022P-A.E\225\345x\233"
 179      1C1FB5F9 
 179      A5481250 
 179      2D412E45 
 179      95E5789B 
 180 034e DFEE34E9 		.ascii	"\337\3564\351Z\010\363U\343\022\230\247\0057\261\347"
 180      5A08F355 
 180      E31298A7 
 180      0537B1E7 
 181 035e 55FF055F 		.ascii	"U\377\005_r\232\265\016\261b\252r\247'\004\315\347\030"
 181      729AB50E 
 181      B162AA72 
 181      A72704CD 
 181      E718
 182 0370 7DED9ED8 		.ascii	"}\355\236\330@\240\031\215\233\324\202\247\210\256\023"
 182      40A0198D 
 182      9BD482A7 
 182      88AE13
 183 037f 0AB7318F 		.ascii	"\012\2671\217\377ON\021>\253(u\324\303\270s\366\370"
 183      FF4F4E11 
 183      3EAB2875 
 183      D4C3B873 
 183      F6F8
 184 0391 303485AA 		.ascii	"04\205\252\000w\300(\343\242\356\205\035\271\375&R\311"
 184      0077C028 
 184      E3A2EE85 
 184      1DB9FD26 
ARM GAS  /tmp/ccFqR9hA.s 			page 14


 184      52C9
 185 03a3 A936950C 		.ascii	"\2516\225\014\037\361\006c\220\033S\270\217\370\252"
 185      1FF10663 
 185      901B53B8 
 185      8FF8AA
 186 03b2 B5728643 		.ascii	"\265r\206CJ\207\350\031\276\207\013w\325\220P\217#\274"
 186      4A87E819 
 186      BE870B77 
 186      D590508F 
 186      23BC
 187 03c4 79B2B715 		.ascii	"y\262\267\025x\301\033q\230Z\321\232\343+\027<]\036"
 187      78C11B71 
 187      985AD19A 
 187      E32B173C 
 187      5D1E
 188 03d6 DBF3D0E1 		.ascii	"\333\363\320\341C\352\3059M1\374\335\246\030\316\233"
 188      43EAC539 
 188      4D31FCDD 
 188      A618CE9B 
 189 03e6 E240D3AD 		.ascii	"\342@\323\255;@nr\276u\371=g=\335\265\254GH6\\>\277"
 189      3B406E72 
 189      BE75F93D 
 189      673DDDB5 
 189      AC474836 
 190 03fd 6D38F970 		.ascii	"m8\371p\266e9\332\302\306Y\373\354\300\255lW)\207\363"
 190      B66539DA 
 190      C2C659FB 
 190      ECC0AD6C 
 190      572987F3 
 191 0411 8EE531F4 		.ascii	"\216\3451\364\2462\024\350\241\013:B\035W\327?\011("
 191      A63214E8 
 191      A10B3A42 
 191      1D57D73F 
 191      0928
 192 0423 19E1278E 		.ascii	"\031\341'\216Z\264\242E\227\333\023G\015\272\177\316"
 192      5AB4A245 
 192      97DB1347 
 192      0DBA7FCE 
 193 0433 CB8EB6B5 		.ascii	"\313\216\266\265\177:k\233]\237\240\007\270\336\302"
 193      7F3A6B9B 
 193      5D9FA007 
 193      B8DEC2
 194 0442 1C75C9BB 		.ascii	"\034u\311\273\335\203\001t\343\316v\2428fO\014\365?"
 194      DD830174 
 194      E3CE76A2 
 194      38664F0C 
 194      F53F
 195 0454 F231F74F 		.ascii	"\3621\367OS\376\203K\377\232\252\276_\314\253\272kn"
 195      53FE834B 
 195      FF9AAABE 
 195      5FCCABBA 
 195      6B6E
 196 0466 55632E27 		.ascii	"Uc.'\213G\307\010)$,\227\371\327\253\362a\266Lo\226"
 196      8B47C708 
 196      29242C97 
 196      F9D7ABF2 
 196      61B64C6F 
ARM GAS  /tmp/ccFqR9hA.s 			page 15


 197 047b B032ED43 		.ascii	"\2602\355C\307\217\325\004u\275S\246\012k\350E\262\357"
 197      C78FD504 
 197      75BD53A6 
 197      0A6BE845 
 197      B2EF
 198 048d 234EDFA7 		.ascii	"#N\337\247/\336\016{k\313\262oNY\366\263\202\241\212"
 198      2FDE0E7B 
 198      6BCBB26F 
 198      4E59F6B3 
 198      82A18A
 199 04a0 2FBB8E37 		.ascii	"/\273\2167\020\235\310\347`\243\216\316]\231yU\355\313"
 199      109DC8E7 
 199      60A38ECE 
 199      5D997955 
 199      EDCB
 200 04b2 AB48D4F4 		.ascii	"\253H\324\364\364\005\274\247g\376\370\314\341\273p"
 200      F405BCA7 
 200      67FEF8CC 
 200      E1BB70
 201 04c1 3F7B3BA7 		.ascii	"?{;\247I\363D\226\371g\350\372)s\375\034\026\342\365"
 201      49F34496 
 201      F967E8FA 
 201      2973FD1C 
 201      16E2F5
 202 04d4 09E8B8FF 		.ascii	"\011\350\270\377\243\023\215\251\236\213\012\244\202"
 202      A3138DA9 
 202      9E8B0AA4 
 202      82
 203 04e1 4EA9FAD6 		.ascii	"N\251\372\326``n%\356\255AG\265\240X\015\026\037\361"
 203      60606E25 
 203      EEAD4147 
 203      B5A0580D 
 203      161FF1
 204 04f4 7A022380 		.ascii	"z\002#\200\343XL\002\014\300\"4>\236\233\326\350M\256"
 204      E3584C02 
 204      0CC02234 
 204      3E9E9BD6 
 204      E84DAE
 205 0507 B1A4415E 		.ascii	"\261\244A^G\373c\003cJ\0019\323\246\255m\023*\373\027"
 205      47FB6303 
 205      634A0139 
 205      D3A6AD6D 
 205      132AFB17 
 206 051b C0265B4E 		.ascii	"\300&[Nl}!j\011~\371\201\206\337\020\343\367\037\205"
 206      6C7D216A 
 206      097EF981 
 206      86DF10E3 
 206      F71F85
 207 052e DFCB82EA 		.ascii	"\337\313\202\352A\037\231\337\375CF\334\353T\211\226"
 207      411F99DF 
 207      FD4346DC 
 207      EB548996 
 208 053e 2BAAC1A0 		.ascii	"+\252\301\240Jp\320\231\3400#8\365\250gD$w9\301\223"
 208      4A70D099 
 208      E0302338 
 208      F5A86744 
 208      247739C1 
ARM GAS  /tmp/ccFqR9hA.s 			page 16


 209 0553 378ADFEA 		.ascii	"7\212\337\352H7\337\342]5\207\007\214\356\216\313K\267"
 209      4837DFE2 
 209      5D358707 
 209      8CEE8ECB 
 209      4BB7
 210 0565 6F7847C9 		.ascii	"oxG\311\247\374-=\2061\216:\277\245\351;,\353\230\034"
 210      A7FC2D3D 
 210      86318E3A 
 210      BFA5E93B 
 210      2CEB981C 
 211 0579 F1D86C16 		.ascii	"\361\330l\026\366l;3\351=\233\205q\236\205}gFs\275\335"
 211      F66C3B33 
 211      E93D9B85 
 211      719E857D 
 211      674673BD 
 212 058e 66618265 		.ascii	"fa\202e\341\225\222\205\266\343\3657M\352.\345\227n"
 212      E1959285 
 212      B6E3F537 
 212      4DEA2EE5 
 212      976E
 213 05a0 939AD06E 		.ascii	"\223\232\320n\005S\204\021\225\307\210s\036&Y\036\006"
 213      05538411 
 213      95C78873 
 213      1E26591E 
 213      06
 214 05b1 8FA5EDF1 		.ascii	"\217\245\355\361%\317y\036\\Q|\271\275\367&\314n\336"
 214      25CF791E 
 214      5C517CB9 
 214      BDF726CC 
 214      6EDE
 215 05c3 1B4E3167 		.ascii	"\033N1g{^\257\007\233\244\207\353-\237\254in\270\250"
 215      7B5EAF07 
 215      9BA487EB 
 215      2D9FAC69 
 215      6EB8A8
 216 05d6 77CB7B9A 		.ascii	"w\313{\232\361\236Rxgd}_\340\205\274;Y\352\226u\224"
 216      F19E5278 
 216      67647D5F 
 216      E085BC3B 
 216      59EA9675 
 217 05eb 3D96320C 		.ascii	"=\2262\014L\013^\253\244_S\322\364a\206\221=\272\257"
 217      4C0B5EAB 
 217      A45F53D2 
 217      F4618691 
 217      3DBAAF
 218 05fe BBCE8BA4 		.ascii	"\273\316\213\244\350\030\331\226\326\364r\271cz\323"
 218      E818D996 
 218      D6F472B9 
 218      637AD3
 219 060d 16DDB5EF 		.ascii	"\026\335\265\357\262\027\257\365\007t\371\273\033\243"
 219      B217AFF5 
 219      0774F9BB 
 219      1BA3
 220 061b FB0D248B 		.ascii	"\373\015$\213\353N\0155M\031\271\256\201\306\231Z\346"
 220      EB4E0D35 
 220      4D19B9AE 
 220      81C6995A 
ARM GAS  /tmp/ccFqR9hA.s 			page 17


 220      E6
 221 062c F0A0BF67 		.ascii	"\360\240\277g$\371\214\341\274z\304\266\212\270c\330"
 221      24F98CE1 
 221      BC7AC4B6 
 221      8AB863D8 
 222 063c 20205DE4 		.ascii	"  ]\344\277\232&\252^\033I.\363\244\353,\034y\216\357"
 222      BF9A26AA 
 222      5E1B492E 
 222      F3A4EB2C 
 222      1C798EEF 
 223 0650 297F0003 		.ascii	")\177\000\003J\221\362[W\200\035\242\001\266\211D\371"
 223      4A91F25B 
 223      57801DA2 
 223      01B68944 
 223      F9
 224 0661 AF9027A1 		.ascii	"\257\220'\241\373\241\277\323i\376\023m\350\210D\026"
 224      FBA1BFD3 
 224      69FE136D 
 224      E8884416 
 225 0671 0AB0D41F 		.ascii	"\012\260\324\037B\260\216\266\213AlI\200\235\242?d "
 225      42B08EB6 
 225      8B416C49 
 225      809DA23F 
 225      6420
 226 0683 501E3612 		.ascii	"P\0366\022:\203\200\255\231\343\355:\277l\271\201\004"
 226      3A8380AD 
 226      99E3ED3A 
 226      BF6CB981 
 226      04
 227 0694 00F39D8A 		.ascii	"\000\363\235\212z)\"\345\367\017\321OaI\265\263o|w\310"
 227      7A2922E5 
 227      F70FD14F 
 227      6149B5B3 
 227      6F7C77C8 
 228 06a8 CB206364 		.ascii	"\313 cd\274\027\003\265k[\307*MZ\337\337\274\317\367"
 228      BC1703B5 
 228      6B5BC72A 
 228      4D5ADFDF 
 228      BCCFF7
 229 06bb 60557E96 		.ascii	"`U~\226\357\342B\251\251\232V\327/r\213\244\2142\344"
 229      EFE242A9 
 229      A99A56D7 
 229      2F728BA4 
 229      8C32E4
 230 06ce B94BF483 		.ascii	"\271K\364\2034\221\320\263\256\261\225pf\003\376\317"
 230      3491D0B3 
 230      AEB19570 
 230      6603FECF 
 231 06de C91417D3 		.ascii	"\311\024\027\323\034_\356\330\005\344[\236\377\354F"
 231      1C5FEED8 
 231      05E45B9E 
 231      FFEC46
 232 06ed C79FDCE6 		.ascii	"\307\237\334\346;[\311w\012\247\2302Z\370\334\344\034"
 232      3B5BC977 
 232      0AA79832 
 232      5AF8DCE4 
 232      1C
ARM GAS  /tmp/ccFqR9hA.s 			page 18


 233 06fe BEDAF873 		.ascii	"\276\332\370s\030\305l\205bKA\177\235\3219 \267\332"
 233      18C56C85 
 233      624B417F 
 233      9DD13920 
 233      B7DA
 234 0710 D3FDFD85 		.ascii	"\323\375\375\205J@\335\037\246\024T\247\004\300n9\032"
 234      4A40DD1F 
 234      A61454A7 
 234      04C06E39 
 234      1A
 235 0721 6C0C1AC3 		.ascii	"l\014\032\303,9\232=,\232\214\003\255\305s\2722-T5\204"
 235      2C399A3D 
 235      2C9A8C03 
 235      ADC573BA 
 235      322D5435 
 236 0736 BD22EBCA 		.ascii	"\275\"\353\312\364N\337\345g\237\347\211\244D.\275\366"
 236      F44EDFE5 
 236      679FE789 
 236      A4442EBD 
 236      F6
 237 0747 94699197 		.ascii	"\224i\221\227\236\017\375s\363\264\265P.\323!\272\\"
 237      9E0FFD73 
 237      F3B4B550 
 237      2ED321BA 
 237      5C
 238 0758 F8ACBC56 		.ascii	"\370\254\274V\376\357c\242\374\352\206ZLn3uP\311T.\317"
 238      FEEF63A2 
 238      FCEA865A 
 238      4C6E3375 
 238      50C9542E 
 239 076d 54564B47 		.ascii	"TVKG\252\227s\246\016\340\206\354g\033\222\307b?\250"
 239      AA9773A6 
 239      0EE086EC 
 239      671B92C7 
 239      623FA8
 240 0780 C45E7737 		.ascii	"\304^w7\275\2158g\312\255vW\367t\223\267\234\251\207"
 240      BD8D3867 
 240      CAAD7657 
 240      F77493B7 
 240      9CA987
 241 0793 1FF14C1D 		.ascii	"\037\361L\035\2223\205\255Cc\270O\316\324aq\261`\330"
 241      923385AD 
 241      4363B84F 
 241      CED46171 
 241      B160D8
 242 07a6 1C191761 		.ascii	"\034\031\027a\215\214^\231l\323\177\376\273?\004\254"
 242      8D8C5E99 
 242      6CD37FFE 
 242      BB3F04AC 
 243 07b6 0A0D1574 		.ascii	"\012\015\025t\361\221\266\277\032,\226\344\330\004\373"
 243      F191B6BF 
 243      1A2C96E4 
 243      D804FB
 244 07c5 D2308B7D 		.ascii	"\3220\213}\2319\331\226d\216L"
 244      9939D996 
 244      648E4C
 245 07d0 8AFF2421 		.ascii	"\212\377$!1\301\372\2115rc\25496!*.9\332j\216\217\214"
ARM GAS  /tmp/ccFqR9hA.s 			page 19


 245      31C1FA89 
 245      357263AC 
 245      3936212A 
 245      2E39DA6A 
 246 07e7 DA149B60 		.ascii	"\332\024\233`5[\242\2551\221\311qv\213\375\353\315V"
 246      355BA2AD 
 246      3191C971 
 246      768BFDEB 
 246      CD56
 247 07f9 5BF02641 		.ascii	"[\360&A\257X\177\374\036k\333\3276\263\305f\217FU41"
 247      AF587FFC 
 247      1E6BDBD7 
 247      36B3C566 
 247      8F465534 
 248 080e C6266E4E 		.ascii	"\306&nNL\262St\213\375\227\301\301f\376M\264\2317E\306"
 248      4CB25374 
 248      8BFD97C1 
 248      C166FE4D 
 248      B4993745 
 249 0823 99E992CD 		.ascii	"\231\351\222\315\274~\303\272\245a\346\265kW\233?\377"
 249      BC7EC3BA 
 249      A561E6B5 
 249      6B579B3F 
 249      FF
 250 0834 FD9AF0BF 		.ascii	"\375\232\360\277\205\322%\013\306`\211\213\213F\027"
 250      85D2250B 
 250      C660898B 
 250      8B4617
 251 0843 9E542B36 		.ascii	"\236T+6\232\254\214\210\320\255\\\037\021A\302WG\220"
 251      9AAC8C88 
 251      D0AD5C1F 
 251      1141C257 
 251      4790
 252 0855 3528AB22 		.ascii	"5(\253\"\276@Y\253[\273\352\267\021\313\265\256\243"
 252      BE4059AB 
 252      5BBBEAB7 
 252      11CBB5AE 
 252      A3
 253 0866 12E3E313 		.ascii	"\022\343\343\023\023\314\326-v\363\252u\353\327\254"
 253      13CCD62D 
 253      76F3AA75 
 253      EBD7AC
 254 0875 47040EF2 		.ascii	"G\004\016\362Y\350\226-f\233=~iXLhH\310\226\215\224"
 254      59E8962D 
 254      669B3D7E 
 254      69584C68 
 254      48C8968D 
 255 088a 20C5B46C 		.ascii	" \305\264l\300\010W[c\014\234ml\264\305\356\231\030"
 255      C008575B 
 255      630C9C6D 
 255      6CB4C5EE 
 255      9918
 256 089c 1363B3DA 		.ascii	"\023c\263\332\2154dKL\244\315\276\334b\017|_\330J\304"
 256      8D34644B 
 256      4CA4CDBE 
 256      DC620F7C 
 256      5FD84AC4 
ARM GAS  /tmp/ccFqR9hA.s 			page 20


 257 08b0 8B9C8354 		.ascii	"\213\234\203T4\344\250P\305cM8\356\315G\316\212\266"
 257      34E4A850 
 257      C5634D38 
 257      EECD47CE 
 257      8AB6
 258 08c2 A4A859A5 		.ascii	"\244\250Y\245(\301\033o\177L\212\265[Q\325\204\317\353"
 258      28C11B6F 
 258      7F4C8AB5 
 258      5B51D584 
 258      CFEB
 259 08d4 AD767C5A 		.ascii	"\255v|Z\227\030m\325\307&\306\343\315b\377\251\222%"
 259      97186DD5 
 259      C726C6E3 
 259      CD62FFA9 
 259      9225
 260 08e6 0B32FD4B 		.ascii	"\0132\375KRb\362f:o\262Xb\222\023\242,\226\340_\375"
 260      5262F266 
 260      3A6FB258 
 260      629213A2 
 260      2C96E05F 
 261 08fb 7AE932BD 		.ascii	"z\3512\2752\322Em\212L\232\263\366\033\355h\331\262"
 261      32D2456D 
 261      8A4C9AB3 
 261      F61BED68 
 261      D9B2
 262 090d FF026F9C 		.ascii	"\377\002o\234\025Q"
 262      1551
 263              		.text
 264              		.section	.gnu.lto_.symtab.259693cbbe98cf5e,"",%progbits
 265 0000 70616C52 		.ascii	"palReadBus\000"
 265      65616442 
 265      757300
 266 000b 00       		.ascii	"\000"
 267 000c 00       		.ascii	"\000"
 268 000d 00       		.ascii	"\000"
 269 000e 00000000 		.ascii	"\000\000\000\000\000\000\000\000"
 269      00000000 
 270 0016 EC000000 		.ascii	"\354\000\000\000"
 271 001a 70616C57 		.ascii	"palWriteBus\000"
 271      72697465 
 271      42757300 
 272 0026 00       		.ascii	"\000"
 273 0027 00       		.ascii	"\000"
 274 0028 00       		.ascii	"\000"
 275 0029 00000000 		.ascii	"\000\000\000\000\000\000\000\000"
 275      00000000 
 276 0031 F1000000 		.ascii	"\361\000\000\000"
 277 0035 70616C53 		.ascii	"palSetBusMode\000"
 277      65744275 
 277      734D6F64 
 277      6500
 278 0043 00       		.ascii	"\000"
 279 0044 00       		.ascii	"\000"
 280 0045 00       		.ascii	"\000"
 281 0046 00000000 		.ascii	"\000\000\000\000\000\000\000\000"
 281      00000000 
 282 004e F9000000 		.ascii	"\371\000\000\000"
ARM GAS  /tmp/ccFqR9hA.s 			page 21


 283 0052 5F70616C 		.ascii	"_pal_lld_setgroupmode\000"
 283      5F6C6C64 
 283      5F736574 
 283      67726F75 
 283      706D6F64 
 284 0068 00       		.ascii	"\000"
 285 0069 02       		.ascii	"\002"
 286 006a 00       		.ascii	"\000"
 287 006b 00000000 		.ascii	"\000\000\000\000\000\000\000\000"
 287      00000000 
 288 0073 FF000000 		.ascii	"\377\000\000\000"
 289              		.text
 290              		.section	.gnu.lto_.opts,"",%progbits
 291 0000 272D666D 		.ascii	"'-fmath-errno' '-fsigned-zeros' '-ftrapping-math' '"
 291      6174682D 
 291      6572726E 
 291      6F272027 
 291      2D667369 
 292 0033 2D666E6F 		.ascii	"-fno-trapv' '-fno-openmp' '-fno-openacc' '-mcpu=cor"
 292      2D747261 
 292      70762720 
 292      272D666E 
 292      6F2D6F70 
 293 0066 7465782D 		.ascii	"tex-m3' '-mno-thumb-interwork' '-mthumb' '-ggdb' '-"
 293      6D332720 
 293      272D6D6E 
 293      6F2D7468 
 293      756D622D 
 294 0099 4F322720 		.ascii	"O2' '-fomit-frame-pointer' '-falign-functions=16' '"
 294      272D666F 
 294      6D69742D 
 294      6672616D 
 294      652D706F 
 295 00cc 2D666675 		.ascii	"-ffunction-sections' '-fdata-sections' '-fno-common"
 295      6E637469 
 295      6F6E2D73 
 295      65637469 
 295      6F6E7327 
 296 00ff 2720272D 		.ascii	"' '-flto'\000"
 296      666C746F 
 296      2700
 297              		.text
 298              		.comm	__gnu_lto_v1,1,1
 299              		.comm	__gnu_lto_slim,1,1
 300              		.ident	"GCC: (GNU Tools for ARM Embedded Processors 6-2017-q2-update) 6.3.1 20170620 (release) [AR
ARM GAS  /tmp/ccFqR9hA.s 			page 22


DEFINED SYMBOLS
                            *ABS*:0000000000000000 hal_pal.c
                            *COM*:0000000000000001 __gnu_lto_v1
                            *COM*:0000000000000001 __gnu_lto_slim

NO UNDEFINED SYMBOLS
