ARM GAS  /tmp/ccocKhqY.s 			page 1


   1              		.cpu cortex-m3
   2              		.eabi_attribute 20, 1
   3              		.eabi_attribute 21, 1
   4              		.eabi_attribute 23, 3
   5              		.eabi_attribute 24, 1
   6              		.eabi_attribute 25, 1
   7              		.eabi_attribute 26, 1
   8              		.eabi_attribute 30, 2
   9              		.eabi_attribute 34, 1
  10              		.eabi_attribute 18, 4
  11              		.file	"memstreams.c"
  12              		.text
  13              	.Ltext0:
  14              		.section	.gnu.lto_.profile.d09d8c3e88ca0f4f,"",%progbits
  15 0000 789C6365 		.ascii	"x\234ce`b`a```d\010\260\004\000\001Y\000\226"
  15      60626061 
  15      60606064 
  15      08B00400 
  15      01590096 
  16              		.text
  17              		.section	.gnu.lto_.icf.d09d8c3e88ca0f4f,"",%progbits
  18 0000 789C6365 		.ascii	"x\234ce`bPc@\0006\206MO/\354\345b\334\371\347\304s^"
  18      60625063 
  18      40003686 
  18      4D4F2FEC 
  18      E562DCF9 
  19 0018 A6F9DFE6 		.ascii	"\246\371\337\346\177\345f\006\223,og\316~\300\317\372"
  19      7FE56606 
  19      932C6F67 
  19      CE7EC0CF 
  19      FA
  20 0029 F5C6F237 		.ascii	"\365\306\3627l\014\000\205\312\023\300"
  20      6C0C0085 
  20      CA13C0
  21              		.text
  22              		.section	.gnu.lto_.jmpfuncs.d09d8c3e88ca0f4f,"",%progbits
  23 0000 789C458B 		.ascii	"x\234E\213\273\021\000 \010C\023@-\235\312\241\254\262"
  23      BB110020 
  23      08431340 
  23      2D9DCAA1 
  23      ACB2
  24 0012 BA5888AF 		.ascii	"\272X\210\257\310]~\015\206\205O\203\221.1\221y\352"
  24      C85D7E0D 
  24      86854F83 
  24      912E3191 
  24      79EA
  25 0024 10D56D93 		.ascii	"\020\325m\223o\342\225\246\251\"\342^\246\022\034\360"
  25      6FE295A6 
  25      A922E25E 
  25      A6121CF0 
  26 0034 C60714   		.ascii	"\306\007\024"
  27              		.text
  28              		.section	.gnu.lto_.inline.d09d8c3e88ca0f4f,"",%progbits
  29 0000 789CB591 		.ascii	"x\234\265\2211\016\3020\014E\277\235\224D4Ua*HHd\002"
  29      310EC230 
  29      0C45BF9D 
  29      94443455 
ARM GAS  /tmp/ccocKhqY.s 			page 2


  29      612A4848 
  30 0016 A69E8189 		.ascii	"\246\236\201\211\2213p\024\330:vddd\344(\0359\002##"
  30      91337014 
  30      D83A7664 
  30      6464E428 
  30      1D390223 
  31 002b 23D8AD40 		.ascii	"#\330\255@Ht$\221\236\034Ky\266\223\004\214\003\341"
  31      48742491 
  31      9E1C4B79 
  31      B693048C 
  31      03E1
  32 003d BD12200B 		.ascii	"\275\022 \013d\020\011f\255\334)\343pP\227\360M\311"
  32      64100966 
  32      ADDC29E3 
  32      705097F0 
  32      4DC9
  33 004f A09BB32D 		.ascii	"\240\233\263-\005^C\017{\232\007\320\325\215X\011\276"
  33      055E430F 
  33      7B9A07D0 
  33      D58D5809 
  33      BE
  34 0060 E4131112 		.ascii	"\344\023\021\022B\332\371Z\323\236:\241\251\012\270"
  34      42DAF95A 
  34      D39E3AA1 
  34      A90AB8
  35 006f C7E287D0 		.ascii	"\307\342\207\320\034\213~!c<%\373%\344(\023\2505}]\203"
  35      1C8B7E21 
  35      633C25FB 
  35      25E42813 
  35      A8357D5D 
  36 0084 BFF7B6C9 		.ascii	"\277\367\266\311M\036D=\223c\324d\224\344J\3246\003"
  36      4D1E443D 
  36      9363D464 
  36      94E44AD4 
  36      3603
  37 0096 4CBD956D 		.ascii	"L\275\225m>U\272g\370C\021\013\357\010\234TK\244\347"
  37      3E55BA67 
  37      F843110B 
  37      EF089C54 
  37      4BA4E7
  38 00a9 0DEB073C 		.ascii	"\015\353\007<\001\310\1775\215"
  38      01C87F35 
  38      8D
  39              		.text
  40              		.section	.gnu.lto_.pureconst.d09d8c3e88ca0f4f,"",%progbits
  41 0000 789C6365 		.ascii	"x\234ce`b\340f```e\220b\224b\222b\226b\221\002\000\004"
  41      6062E066 
  41      60606065 
  41      90629462 
  41      92629662 
  42 0018 2200A4   		.ascii	"\"\000\244"
  43              		.text
  44              		.section	.gnu.lto__put.d09d8c3e88ca0f4f,"",%progbits
  45 0000 789C9552 		.ascii	"x\234\225RIOSQ\024\276\337\275oh\241\326\350\312E\027"
  45      494F5351 
  45      14BEDFBD 
  45      6F68A1D6 
ARM GAS  /tmp/ccocKhqY.s 			page 3


  45      E8CA4517 
  46 0014 2C24A489 		.ascii	",$\244\211\366i\304\245?\006\010\211$4\022\353Z.-\026"
  46      F669C4A5 
  46      3F060889 
  46      243412EB 
  46      5A2E2D16 
  47 0028 E2047160 		.ascii	"\342\004q`J\353#1\004E\231A\001\247F\022\025\004E\015"
  47      4AEB2331 
  47      04459941 
  47      01A74612 
  47      1504450D 
  48 003c C6B07021 		.ascii	"\306\260p!\205\204(\032\034\342\016=\347\275&`\334\300"
  48      8584281A 
  48      1CE20E3D 
  48      E7BD2660 
  48      DCC0
  49 004e 4B7BDF1D 		.ascii	"K{\337\035\3167\234\357]SH\261\254\204(\027B\034\247"
  49      CE379CEF 
  49      5D5348B1 
  49      AC842817 
  49      421CA7
  50 0061 3F4C01D9 		.ascii	"?L\001\331\372J\210\206\200\224\206\013\241\213\324"
  50      FA4A8886 
  50      8094860B 
  50      A18BD4
  51 0070 C69C103A 		.ascii	"\306\234\020:\244`\370\373\006\300\023\035\200\250\227"
  51      A460F8FB 
  51      06C0131D 
  51      80A897
  52 007f CA403D5A 		.ascii	"\312@=ZT\273\302\233\306\241\214\272\254\\%`\320rc\276"
  52      54BBC29B 
  52      C6A18CBA 
  52      AC5C2560 
  52      D07263BE 
  53 0093 6B39CC4B 		.ascii	"k9\314K\240\204\226\371\311\364\272\021\355\325\364"
  53      A08496F9 
  53      C9F4BA11 
  53      EDD5F4
  54 00a2 E4DAAF59 		.ascii	"\344\332\257Y7F\026t\320URtR\371-D\320\213\010\253\337"
  54      37461674 
  54      D0555274 
  54      52F92D44 
  54      D08B08AB 
  55 00b7 46948ADF 		.ascii	"F\224\212\337\315/\266\332\352\020\004\315G\233\273"
  55      CD2FB6DA 
  55      EA1004CD 
  55      479BBB
  56 00c6 2743653D 		.ascii	"'Ce=Z'un\356\252\322\007]\245\320\007\265\035H[\002"
  56      5A27756E 
  56      EEAAD207 
  56      5DA5D007 
  56      B51D485B 
  57 00db 775046E5 		.ascii	"wPF\345\231t\337\212R\216\007\375\234\376\3765\\\200"
  57      9974DF8A 
  57      528E07FD 
  57      9CFEFE35 
  57      5C80
ARM GAS  /tmp/ccocKhqY.s 			page 4


  58 00ed 7EF92975 		.ascii	"~\371)u\310%\267w}\350\261\010\2160\320\020\350G\031"
  58      C825B777 
  58      7DE8B108 
  58      8E30D010 
  58      E84719
  59 0100 57FFF8B6 		.ascii	"W\377\370\266\3702\250\216zHw\"\325\025.\275\351!?v"
  59      F832A88E 
  59      7A487722 
  59      D5152EBD 
  59      E9213F76 
  60 0114 ECBF92D2 		.ascii	"\354\277\222\322/\264\341*\023\003\377\012\363C\345"
  60      2FB4E12A 
  60      1303FF0A 
  60      F343E5
  61 0123 9F8637AF 		.ascii	"\237\2067\257\357\261\014\014\242\224\033\242>\206`"
  61      EFB10C0C 
  61      A2941BA2 
  61      3E8660
  62 0132 81DE836F 		.ascii	"\201\336\203o\221\323\233\177\232t\356\375\201\017c"
  62      91D39B7F 
  62      9A74EEFD 
  62      810F63
  63 0141 F3FBC220 		.ascii	"\363\373\302 II\221\220Y\223\246\226\305\203M\203\035"
  63      49499190 
  63      5993A696 
  63      C5834D83 
  63      1D
  64 0152 E0210876 		.ascii	"\340!\010vS\314\233!\036\2048Ot\234\366\005\312\212"
  64      53CC9B21 
  64      1E84384F 
  64      749CF605 
  64      CA8A
  65 0164 DE6A05C9 		.ascii	"\336j\005\311\356\301\213QO\200\344\262\324\371\032"
  65      EEC18B51 
  65      4F80E4B2 
  65      D4F91A
  66 0173 92536B97 		.ascii	"\222Sk\227\246-\336\313*\223\374\264\235{\372\332\346"
  66      A62DDECB 
  66      2A93FCB4 
  66      9D7BFADA 
  66      E6
  67 0184 EC4DAF9B 		.ascii	"\354M\257\233\337\317g\233C.\262\015\024~\211\253\002"
  67      DFCF679B 
  67      432EB20D 
  67      147E89AB 
  67      02
  68 0195 04C230BB 		.ascii	"\004\3020\273\247\263\236|r\300v\372\265\177\024\304"
  68      A7B39E7C 
  68      72C076FA 
  68      B57F14C4 
  69 01a5 085C7470 		.ascii	"\010\\tp\013\002\243p<\356\231\230\317l\355\222j\314"
  69      0B02A370 
  69      3CEE9998 
  69      CF6CED92 
  69      6ACC
  70 01b7 A3E21830 		.ascii	"\243\342\0300NTy4.M\227\027Lf\2717\301m)A\327Ky=\264"
  70      4E547934 
ARM GAS  /tmp/ccocKhqY.s 			page 5


  70      2E4D9717 
  70      4C66B937 
  70      C16D2941 
  71 01d0 A40A3DD8 		.ascii	"\244\012=\330\273R\262q\317S\222\254t\3373\235\312\244"
  71      BB52B271 
  71      CF5392AC 
  71      74DF339D 
  71      CAA4
  72 01e2 3B4D9F8B 		.ascii	";M\237\213\2006\253\221B\327\314\011\336\333\036\220"
  72      8036AB91 
  72      42D7CC09 
  72      DEDB1E90 
  73 01f2 FD5F40DD 		.ascii	"\375_@\335a\272\024\004\303\004\213a\222\250\263*\350"
  73      61BA1404 
  73      C3048B61 
  73      92A8B32A 
  73      E8
  74 0203 87DC91B2 		.ascii	"\207\334\221\262}\322\342\035\031<\314)Lm\245\360\300"
  74      7DD2E21D 
  74      193CCC29 
  74      4C6DA5F0 
  74      C0
  75 0214 F7D69686 		.ascii	"\367\326\226\206\317\022\362\211\306\233\346\206\213"
  75      CF12F289 
  75      C69BE686 
  75      8B
  76 0221 D80C7D7D 		.ascii	"\330\014}}<$\006\322j\013\026\234\356P\345\321\226\312"
  76      3C2406D2 
  76      6A0B169C 
  76      EE50E5D1 
  76      96CA
  77 0233 633844ED 		.ascii	"c8D\355ekxWf\035Rd\275\263_\000\301V3c\317\366\262\236"
  77      656B7857 
  77      661D5264 
  77      BDB35F00 
  77      C1563363 
  78 024b C4593C41 		.ascii	"\304Y<AD\316Vm\217DB \207\210\232Z]\000]?0\007E\033"
  78      44CE566D 
  78      8F444220 
  78      87889A5A 
  78      5D005D3F 
  79 0263 8DC51CFF 		.ascii	"\215\305\034\377w*\341\234\254\250ujk*\235\304\231\323"
  79      772AE19C 
  79      ACA8756A 
  79      6B2A9DC4 
  79      99D3
  80 0275 D515F184 		.ascii	"\325\025\361\204\023\257\216\027\246\261*!k\352P\251"
  80      13AF8E17 
  80      A6B12A21 
  80      6BEA50A9 
  81 0285 E289BABF 		.ascii	"\342\211\272\277D\213Cl"
  81      448B436C 
  82              		.text
  83              		.section	.gnu.lto__get.d09d8c3e88ca0f4f,"",%progbits
  84 0000 789C9552 		.ascii	"x\234\225R[KTQ\024\336\337\331g\346\314\031F\243\036"
  84      5B4B5451 
  84      14DEDFD9 
ARM GAS  /tmp/ccocKhqY.s 			page 6


  84      67E6CC19 
  84      46A31E
  85 0013 8460081F 		.ascii	"\204`\010\037\022\031HO\240\375\230\0365\004\005\207"
  85      1219484F 
  85      A0FD981E 
  85      35040587 
  86 0023 A4E93172 		.ascii	"\244\3511r;c\243h\224\024yc\246#\204h\226w\247\274$"
  86      3B63A368 
  86      94147963 
  86      A6238468 
  86      9677A7BC 
  87 0038 0C49D945 		.ascii	"\014I\331E\313\012\003{\212R\301\302b\272B\205\265\326"
  87      CB0A037B 
  87      8A52C1C2 
  87      62BA4285 
  87      B5D6
  88 004a 3E52462F 		.ascii	">RF/y8g\237\275\327^\337\367\255\365\355\355\023\206"
  88      7938679F 
  88      BDD75EDF 
  88      F7ADF5ED 
  88      ED1386
  89 005d 98914294 		.ascii	"\230\221B\224\013!\216\320\007\237\200\321\366H\210"
  89      0B218ED0 
  89      079F80D1 
  89      F64888
  90 006c 86806198 		.ascii	"\206\200a\230.\204\012\312\334\202\020*$azq\023\340"
  90      2E840ACA 
  90      DC82102A 
  90      24617A71 
  90      13E0
  91 007e 890A40D4 		.ascii	"\211\012@\324\033\322D=\316\313\016\211'\215#)yN\272"
  91      1BD2443D 
  91      CECB0E89 
  91      278D2329 
  91      794EBA
  92 0091 52C0A465 		.ascii	"R\300\244en\261\373u>/\201BZ\256N%7\315H\237\242'\333"
  92      6EB1FB75 
  92      3E2F8142 
  92      5AAE4E25 
  92      37CD489F 
  93 00a8 31E9BF3C 		.ascii	"1\351\277<\266\244lW\032\242\213\322\373\021F\037\302"
  93      B6A46C57 
  93      1AA28BD2 
  93      FB11461F 
  93      C2
  94 00b9 AC7E1511 		.ascii	"\254~\025\021J~\266\270\334f\311C\0204\037o\356\231"
  94      4A7EB6B8 
  94      DC66C943 
  94      10341F6F 
  94      EE99
  95 00cb 0A15F72A 		.ascii	"\012\025\367*\025W\331\205\213R\035t\245\304\000\344"
  95      1557D985 
  95      8B521D74 
  95      A5C400E4 
  96 00db 4E208504 		.ascii	"N \205\004\256\241\230\363?\276_~hKGc\335\311Dw~\321"
  96      AEA198F3 
  96      3FBE5F7E 
ARM GAS  /tmp/ccocKhqY.s 			page 7


  96      684B4763 
  96      DDC94477 
  97 00f1 158DFDD2 		.ascii	"\025\215\375\322\265\357BB\335S\246K%_\377\033\317\017"
  97      B5EF4242 
  97      DD53A64B 
  97      255FFF1B 
  97      CF0F
  98 0103 A5A79203 		.ascii	"\245\247\222\003kR\226i\350\235\037+\363\301m\350\273"
  98      6B529669 
  98      E89D1F2B 
  98      F3C16DE8 
  98      BB
  99 0114 AE825C5C 		.ascii	"\256\202\\\\u2\324\207!\017Z\026\306\341\337\300W\243"
  99      7532D487 
  99      210F5A16 
  99      C6E1DFC0 
  99      57A3
 100 0126 5B97F2FC 		.ascii	"[\227\362\374&\206Q\204A\024qS\324\313\010\374\240\037"
 100      26865184 
 100      41147153 
 100      D4CB08FC 
 100      A01F
 101 0138 47879F22 		.ascii	"G\207\237\"\253\266~6\251\354\372\376\331O\317\367\346"
 101      ABB67E36 
 101      A9ECFAFE 
 101      D94FCFF7 
 101      E6
 102 0149 816A36C8 		.ascii	"\201j6\310\032*\332GS\277\237\007\213\006+\300\203-"
 102      1A2ADA47 
 102      53BF9F07 
 102      8B062BC0 
 102      832D
 103 015b 1815E460 		.ascii	"\030\025\344`\2103\205h!Jv\275\225\026\364\227k\210"
 103      88338568 
 103      214A76BD 
 103      9516F497 
 103      6B88
 104 016d F77C3F1B 		.ascii	"\367|?\033\321\"$\231&\0076\020\237\336\350\237\363"
 104      D1222499 
 104      26073610 
 104      9FDEE89F 
 104      F3
 105 017e 732C2D7D 		.ascii	"s,-}TW\373\231\333\217->\003S\367\364u\376As\310E\272"
 105      5457FB99 
 105      DB8F2D3E 
 105      0353F7F4 
 105      75FE4173 
 106 0195 810EA1D0 		.ascii	"\201\016\241\320\225\001\002a\224\333\247\275\336\325"
 106      95010261 
 106      94DBA7BD 
 106      DED5
 107 01a3 F890E50C 		.ascii	"\370\220\345\014*o\313\306\030\\tr\033\002\343p4\367"
 107      2A6FCBC6 
 107      185C7472 
 107      1B02E370 
 107      34F7
 108 01b5 FD128FD9 		.ascii	"\375\022\217\331\277K\252\011M\005\246\312\020\325*"
ARM GAS  /tmp/ccocKhqY.s 			page 8


 108      BF4BAA09 
 108      4D05A6CA 
 108      10D52A
 109 01c4 1A5FCC95 		.ascii	"\032_\314\225o\027Il\332\304V\252\237\256\231\324=\014"
 109      6F17496C 
 109      DAC456AA 
 109      9FAE99D4 
 109      3D0C
 110 01d6 242C6FDB 		.ascii	"$,o\333\332\225\222\205\033Z\311`\245\233\272\350D*"
 110      DA959285 
 110      1B5AC960 
 110      A59BBAE8 
 110      442A
 111 01e8 B9E2F3B8 		.ascii	"\271\342\363\270\010h\261\032)|k9\352\305\354\235\036"
 111      0868B11A 
 111      297C6B39 
 111      EAC5EC9D 
 111      1E
 112 01f9 59FF78D4 		.ascii	"Y\377x\324s\300\345\012\003\230d=L\021\273`\337\013"
 112      73C0E50A 
 112      0398643D 
 112      4C11BB60 
 112      DF0B
 113 020b B4EBC3EC 		.ascii	"\264\353\303\354\272\315\"\355\311\331\314)\2171\350"
 113      BACD22ED 
 113      C9D9CC29 
 113      8F31E8
 114 021a D993695A 		.ascii	"\331\223iZ\030\0152\251\015`\232\320\244\332ns\312\177"
 114      180D32A9 
 114      0D609AD0 
 114      A4DA6E73 
 114      CA7F
 115 022c 7554C2C0 		.ascii	"uT\302\300\231?\266\335\202C\324L\362\241i1S\355I\205"
 115      993FB6DD 
 115      8243D44C 
 115      F2A16931 
 115      53ED4985 
 116 0240 589D9D33 		.ascii	"X\235\2353\365\205\330\204!\322:\3753@L\353\251\211"
 116      F585D884 
 116      21D23AFD 
 116      33404CEB 
 116      A989
 117 0252 BB7BB804 		.ascii	"\273{\270\004\003\2471\213\2601\375\346%\010%\273\337"
 117      03A7318B 
 117      B031FDE6 
 117      250825BB 
 117      DF
 118 0263 2E81AE13 		.ascii	".\201\256\023\030EVEJK\035\357=\036s\252+j\235\332\232"
 118      18455645 
 118      4A4B1DEF 
 118      3D1E73AA 
 118      2B6A9DDA 
 119 0278 4A2776F2 		.ascii	"J'v\362DUE4\346D\253\242\333\323\322c\302\250\251\223"
 119      44554534 
 119      E644ABA2 
 119      DBD3D263 
 119      C2A8A993 
ARM GAS  /tmp/ccocKhqY.s 			page 9


 120 028c D1581D2A 		.ascii	"\321X\035*\177\001\306\035:\306"
 120      7F01C61D 
 120      3AC6
 121              		.text
 122              		.section	.gnu.lto__reads.d09d8c3e88ca0f4f,"",%progbits
 123 0000 789C9552 		.ascii	"x\234\225R]KTQ\024=\353\234;sgdf\372\003\022>$\"\244"
 123      5D4B5451 
 123      143DEB9C 
 123      3B736764 
 123      66FA0312 
 124 0018 1762A087 		.ascii	"\027b\240\207\250\347\236\373\007\032B\202S\322\364"
 124      A8E79EFB 
 124      071A4282 
 124      53D2F4
 125 0027 3EC75127 		.ascii	">\307Q'\315(\243\034\035s\270\202\230Y\371\225e\216"
 125      CD28A31C 
 125      1D73B882 
 125      9859F995 
 125      658E
 126 0039 590C0645 		.ascii	"Y\014\006E\231F~<\365\020\224\021RQ!\341\203\250\355"
 126      99467E3C 
 126      F5109411 
 126      525121E1 
 126      83A8ED
 127 004c 7DEE94E5 		.ascii	"}\356\224\345\223\016w\316=g\357\275\326\336k\235\353"
 127      930E77CE 
 127      3D67EFBD 
 127      D6DE6B9D 
 127      EB
 128 005d 13529458 		.ascii	"\023R\224XB\034\025BD\351\017\237\200l\237\027\242!"
 128      421C1542 
 128      44E90F9F 
 128      806C9F17 
 128      A221
 129 006f 20A55A72 		.ascii	" \245Zr\204.\262\246\017\012\035R\260\274\260\005\360"
 129      842EB2A6 
 129      0F0A1D52 
 129      B0BCB005 
 129      F0
 130 0080 46072012 		.ascii	"F\007 \022RYH\340\252\352Tx\3334\332\243\256(W\011X"
 130      525948E0 
 130      AAEA5478 
 130      DB34DAA3 
 130      AE285709 
 131 0095 74FC39D7 		.ascii	"t\3749\327\3751\302G\240\204\2167\365B\253]>\240uR\347"
 131      FD31C247 
 131      A0848E37 
 131      F542AB5D 
 131      3EA07552 
 132 00aa 3B7F1CBF 		.ascii	";\177\034\277\326\330|\322URd\250\3726\2121\200b\356"
 132      D6D87CD2 
 132      555264A8 
 132      FA368A31 
 132      8062EE
 133 00bd 3D8872AA 		.ascii	"=\210r\252]\234[n\267\325a\010\332\217\267\364\346B"
 133      5D9C5B6E 
 133      B7D56108 
ARM GAS  /tmp/ccocKhqY.s 			page 10


 133      DA8FB7F4 
 133      E642
 134 00cf 65FD06B7 		.ascii	"e\375\006\267r]\351C\256R\270\003\365/\220B\002wQF\345"
 134      725DE943 
 134      AE52B803 
 134      F52F9042 
 134      02775146 
 135 00e4 1B6DCBE9 		.ascii	"\033m\313\351\240r\014\264\241\177\302\225\005\350\353"
 135      A0720CB4 
 135      A17FC295 
 135      05E8EB
 136 00f3 0E03B570 		.ascii	"\016\003\265po7\324\022\0302\320M}#\035QG\01443\323"
 136      6F37D412 
 136      1832D04D 
 136      7D231D51 
 136      470C3433 
 137 0108 F12EFCA7 		.ascii	"\361.\374\247k\332@%\206wC\245\300\010\312\270~\355"
 137      6BDA4025 
 137      867743A5 
 137      C008CAB8 
 137      7EED
 138 011a FBF26C50 		.ascii	"\373\362lPE\015\326\235l\354\216\224\366\031\354|\247"
 138      450DD69D 
 138      6CEC8E94 
 138      F619EC7C 
 138      A7
 139 012b 2FA3F34D 		.ascii	"/\243\363M%\256\362a\364\1778\377\250\372\303\330VG"
 139      25AEF261 
 139      F47F38FF 
 139      A8FAC3D8 
 139      5647
 140 013d D86F610C 		.ascii	"\330oa\014\245l\006yp\037~\320{d\001y\275\265}Q\347"
 140      A56C0679 
 140      701F7ED0 
 140      7B640179 
 140      BDB57D51 
 141 0152 9FAFE356 		.ascii	"\237\257\343V\337e\034\200i'\301R-j\357\367\361\342"
 141      DF651C80 
 141      6927C152 
 141      2D6AEFF7 
 141      F1E2
 142 0164 E7C506A7 		.ascii	"\347\305\006\247\002,'\310K\021XT\210Sa^\204\270D\334"
 142      022C27C8 
 142      4B115854 
 142      8853615E 
 142      84B844DC 
 143 0178 7C6B6D34 		.ascii	"|km45\275\325'${?\317J\323\215zg)\274\212\344\324\352"
 143      35BDD527 
 143      247B3FCF 
 143      4AD38D7A 
 143      6729BC8A 
 144 018f 46944359 		.ascii	"F\224CY\305W\230n\236yc\363\025\372\214\260\365\027"
 144      C557986E 
 144      9E7963F3 
 144      15FA8CB0 
 144      F517
 145 01a1 AF5A422E 		.ascii	"\257ZB.\262\015ZkRd\023\006\343\254\204r\375+\311a\333"
ARM GAS  /tmp/ccocKhqY.s 			page 11


 145      B20D5A6B 
 145      52641306 
 145      E3AC8472 
 145      FD2BC961 
 146 01b6 19D25E4A 		.ascii	"\031\322^J\342\001\\t\261\034\201\207p\014\365\313\012"
 146      E2015C74 
 146      B11C8187 
 146      700CF5CB 
 146      0A
 147 01c7 8FD9B74F 		.ascii	"\217\331\267O\252\011C\305\226\340\221\241j\354J\265"
 147      AA0943C5 
 147      96E091A1 
 147      6AEC4AB5 
 148 01d7 FA3C2E1E 		.ascii	"\372<.\036\224\030\305\012\232\346\237E\377\306l\343"
 148      9418C50A 
 148      9AE69F45 
 148      FFC66CE3 
 149 01e7 6E1B7D16 		.ascii	"n\033}\026K\216Q\272v\314\010%\217\262l\006\245\254"
 149      4B8E51BA 
 149      76CC0825 
 149      8FB26C06 
 149      A5AC
 150 01f9 820BDE1D 		.ascii	"\202\013\336\035f\211\337\310\337<\345\221\004\3665"
 150      6689DFC8 
 150      DF3CE591 
 150      04F635
 151 0208 A4854933 		.ascii	"\244\205I3\244\344!s\336\220=\251A\333\343\012\022\035"
 151      A4E42173 
 151      DE903DA9 
 151      41DBE30A 
 151      121D
 152 021a 0FF905A9 		.ascii	"\017\371\005\251\336\010\207\230 \227\373\372\316Nl"
 152      DE088798 
 152      2097FBFA 
 152      CE4E6C
 153 0229 EA80AB02 		.ascii	"\352\200\253\002\031V\207)$DV\025\231z\270*\350\015"
 153      19568729 
 153      24445615 
 153      997AB82A 
 153      E80D
 154 023b B475C223 		.ascii	"\264u\302#\011\355i\240\0126\354\361\216a\323\336,\351"
 154      09ED69A0 
 154      0A36ECF1 
 154      8E61D3DE 
 154      2CE9
 155 024d 143C9630 		.ascii	"\024<\2260Q\023\027S\247\203\034\332;\353\223\035\326"
 155      51131753 
 155      A7831CDA 
 155      3BEB931D 
 155      D6
 156 025e A770884A 		.ascii	"\247p\210J|#c\267\027\013\314\234\370\005\"\267%\251"
 156      7C2363B7 
 156      170BCC9C 
 156      F80522B7 
 156      25A9
 157 0270 F0ABEEF7 		.ascii	"\360\253\356\367\212\2769\260\313\344Jye\245\343=\347"
 157      8ABE39B0 
ARM GAS  /tmp/ccocKhqY.s 			page 12


 157      CBE44A79 
 157      65A5E33D 
 157      E7
 158 0281 E2CE99AA 		.ascii	"\342\316\231\252:\247\256\266\332\211_8_S\025\213;\261"
 158      3AA7AEB6 
 158      DA895F38 
 158      5F53158B 
 158      3BB1
 159 0293 9A58615B 		.ascii	"\232Xa[yZ\310\332zY]\217\263*\026\257\377\015K\330N"
 159      795AC8DA 
 159      7A595D8F 
 159      B32A16AF 
 159      FF0D4BD8 
 160 02a8 F4       		.ascii	"\364"
 161              		.text
 162              		.section	.gnu.lto__writes.d09d8c3e88ca0f4f,"",%progbits
 163 0000 789C9552 		.ascii	"x\234\225R\337K\024Q\024\276\337\334\231\235\335mw\373"
 163      DF4B1451 
 163      14BEDFDC 
 163      999DDD6D 
 163      77FB
 164 0012 07A47C48 		.ascii	"\007\244|HD\250\035\210\205\242\350\275\177CCHpK\332"
 164      44A81D88 
 164      85A2E8BD 
 164      7F434348 
 164      704BDA
 165 0025 DEF7BAEA 		.ascii	"\336\367\272\352f\011e\224\253k.#\204X\231\277\262\324"
 165      66096594 
 165      AB6B2E23 
 165      845899BF 
 165      B2D4
 166 0037 558BC582 		.ascii	"U\213\305\202\310\320\310\037/\332S\351\303\242\021"
 166      C8D0C81F 
 166      2FDA53E9 
 166      C3A211
 167 0046 11D543A8 		.ascii	"\021\325C\250\235sg\311\362)\227\331;\367\236s\276\357"
 167      9D7367C9 
 167      F22997D9 
 167      3BF79E73 
 167      BEEF
 168 0058 9CEFBB63 		.ascii	"\234\357\273c\011C\0345\2058%\204\210\321\037\226\200"
 168      09431C35 
 168      85382584 
 168      88D11F96 
 168      80
 169 0069 D1BE2044 		.ascii	"\321\276 D\243\3370\344\262#T\320\2349\"TH\302\364\302"
 169      A3DF30E4 
 169      B22354D0 
 169      9C392254 
 169      48C2F4C2 
 170 007d 26C01BE5 		.ascii	"&\300\033\345\207H\032\322D\022\267d\247\304\373\346"
 170      87481AD2 
 170      4412B764 
 170      A7C4FBE6 
 171 008d 911E7953 		.ascii	"\221\036yS\272R\300\244\343\327\371\356O\021>\002\345"
 171      BA52C0A4 
 171      E3D7F9EE 
ARM GAS  /tmp/ccocKhqY.s 			page 13


 171      4F113E02 
 171      E5
 172 009e 74BCA716 		.ascii	"t\274\247\026\257\333U\375J\245T\241s\346\334\355\246"
 172      AFDB55FD 
 172      4AA554A1 
 172      73E6DCED 
 172      A6
 173 00af 96F3AE34 		.ascii	"\226\363\2564D\226\252\037\240\014\375(\343\336\017"
 173      4496AA1F 
 173      A00CFD28 
 173      E3DE0F
 174 00be 5145B54B 		.ascii	"QE\265K\363+\355\266<\016A\373\261\326\336|\250\262"
 174      F32BEDB6 
 174      3C0E41FB 
 174      B1D6DE7C 
 174      A8B2
 175 00d0 4FE3B6EE 		.ascii	"O\343\266\356Hu\314\225\022\217 \377\006RH`\000\225"
 175      4875CC95 
 175      128F20FF 
 175      06524860 
 175      0095
 176 00e2 54FEAB6D 		.ascii	"T\376\253m%\023\220\216\2066\366\215\273F\011\372*\243"
 176      2513908E 
 176      8636F68D 
 176      BB4609FA 
 176      2AA3
 177 00f4 A1261EEF 		.ascii	"\241&\036\357\207\232\002\203\032\272\255\356f\"\362"
 177      879A0283 
 177      1ABAADEE 
 177      6622F2
 178 0103 A4866667 		.ascii	"\244\206fg;\326\302%\350\207N\01550\264\037j\010\014"
 178      3BD6C225 
 178      E8874E0D 
 178      3530B41F 
 178      6A080C
 179 0116 A392EBBF 		.ascii	"\243\222\353\277}Yy\033\2201\215u'\233\272#\025\367"
 179      7D59791B 
 179      90318D75 
 179      279BBA23 
 179      15F7
 180 0128 3576A7C3 		.ascii	"5v\247\303\312\252Bs\271+-\214\374\013\347\037U\177"
 180      CAAA4273 
 180      B92B2D8C 
 180      FC0BE71F 
 180      557F
 181 013a 1CDDE908 		.ascii	"\034\335\351\010\373L\214\242\202\315 \017\236\300\007"
 181      FB4C8CA2 
 181      82CD200F 
 181      9EC007
 182 0149 7A0F2FA2 		.ascii	"z\017/\242\240vv\257\251\302\217\015\364O\037:\014\335"
 182      A07676AF 
 182      A9C28F0D 
 182      F44F1F3A 
 182      0CDD
 183 015b CD002B35 		.ascii	"\315\000+5\251\273\317\342\305\307\213\015N\371ik\007"
 183      A9BBCFE2 
 183      C5C78B0D 
ARM GAS  /tmp/ccocKhqY.s 			page 14


 183      4EF9696B 
 183      07
 184 016c 78098235 		.ascii	"x\011\2025\2058\025\346E\210\033D\315\227\326FC\323"
 184      853815E6 
 184      45881B44 
 184      CD97D646 
 184      43D3
 185 017e 5B6E20D5 		.ascii	"[n \325\273;g\350f\324:G\341\"RS\305b\214C9\3117\230"
 185      BB3B67E8 
 185      66D43A47 
 185      E1225253 
 185      C5628C43 
 186 0196 69997D67 		.ascii	"i\231}g\363\015ZZ\327\317\327s\255!\027\271F\245\024"
 186      F30D5A5A 
 186      D7CFD773 
 186      AD2117B9 
 186      46A514
 187 01a9 09F21306 		.ascii	"\011\362\023\006c,\204r}\353\251!\333\031T^\312\300"
 187      632C8472 
 187      7DEBA921 
 187      DB19545E 
 187      CAC0
 188 01bb 53B8E862 		.ascii	"S\270\350b5\002\317\340h\3527Q\217\331: \325\270\246"
 188      3502CFE0 
 188      68EA3751 
 188      8FD93A20 
 188      D5B8A6
 189 01ce 624730A1 		.ascii	"bG0\241\251\232\272\322Y\313\343\342A\211Q\254\243y"
 189      A99ABAD2 
 189      59CBE3E2 
 189      418951AC 
 189      A379
 190 01e0 E165EC4F 		.ascii	"\341e\354O\314\326\346\266\321W\261\354h\245\003g\265"
 190      CCD6E6B6 
 190      D157B1EC 
 190      68A50367 
 190      B5
 191 01f1 50F228C7 		.ascii	"P\362(\307fP\312,\271\340]a\216\370\265\374\3153\036"
 191      6650CA2C 
 191      B9E05D61 
 191      8EF8B5FC 
 191      CD331E
 192 0204 89FF4043 		.ascii	"\211\377@C\332\230\324C\032<d\336\033\262'],\015\031"
 192      DA98D443 
 192      1A3C64DE 
 192      1BB2275D 
 192      2C0D19
 193 0217 C831D612 		.ascii	"\3101\326\022\233H\367F8\304\004\371\374\326\232\235"
 193      9B48F746 
 193      38C404F9 
 193      FCD69A9D 
 194 0227 DC567E57 		.ascii	"\334V~W\006\262\254\016SH\012]\034\244i\\\031\364\006"
 194      06B2AC0E 
 194      53480A5D 
 194      1CA4695C 
 194      19F406
 195 023a DA3AED91 		.ascii	"\332:\355\221\204\376k\240\023l\330\364\236a3\336,\231"
ARM GAS  /tmp/ccocKhqY.s 			page 15


 195      84FE6BA0 
 195      136CD8F4 
 195      9E6133DE 
 195      2C99
 196 024c 343C9630 		.ascii	"4<\2260Q\023\027Sg\002\034\372\177\326\347{\254/\340"
 196      51131753 
 196      67021CFA 
 196      7FD6E77B 
 196      AC2FE0
 197 025f 1095F84C 		.ascii	"\020\225\370L\306N,\225\2309\361\035Dn\033\244\302'"
 197      C64E2C95 
 197      9839F11D 
 197      446E1BA4 
 197      C227
 198 0271 5757257D 		.ascii	"WW%}s`\227\311\225\252h\324\361\236\313\011\347bu\275"
 198      736097C9 
 198      95AA68D4 
 198      F19ECB09 
 198      E76275BD 
 199 0285 535F57E3 		.ascii	"S_W\343$\256^\251\255\216'\234xm\274\264\215^\020F]"
 199      24AE5EA9 
 199      AD8E279C 
 199      786DBCB4 
 199      8D5E1046 
 200 029a 8351D380 		.ascii	"\203Q\323\200K2\236h\370\015X\000Ni"
 200      4B329E68 
 200      F80D5800 
 200      4E69
 201              		.text
 202              		.section	.gnu.lto_msObjectInit.d09d8c3e88ca0f4f,"",%progbits
 203 0000 789C9D93 		.ascii	"x\234\235\223\313kSA\024\306\347\273s\037\211\266\305"
 203      CB6B5341 
 203      14C6E7BB 
 203      731F89B6 
 203      C5
 204 0011 850BD12E 		.ascii	"\205\013\321.\272\020B@r\335\271\021\\\352\277\321J"
 204      BA104240 
 204      72DDB911 
 204      5CEABFD1 
 204      4A
 205 0022 8AC5864A 		.ascii	"\212\305\206J\257nD\310$m\215\264\020\025[[C\343-J\214"
 205      AF6E44C8 
 205      246D8DB4 
 205      10155B5B 
 205      43E32D4A 
 206 0037 5A933E7C 		.ascii	"Z\223>|\326X\023\003*\266>P\354B|\201-\305\010\"R\241"
 206      D6581303 
 206      2AB63E50 
 206      EC427C81 
 206      2DC50822 
 207 004d 50B4F1CC 		.ascii	"P\264\361\314$\005-n\314p/\363\270\347\373\315\231\363"
 207      24052D6E 
 207      CC702FF3 
 207      B8E7FBCD 
 207      99F3
 208 005f CD3598C6 		.ascii	"\3155\230\306\2069c{\030c\333\350\005g\320N=g,\342\321"
 208      8639637B 
ARM GAS  /tmp/ccocKhqY.s 			page 16


 208      1863DBE8 
 208      0567D04E 
 208      3D672CE2 
 209 0074 0039101E 		.ascii	"\0009\020\036\260\260\2060N\362A\216blqJ\363\247\005"
 209      B0B08630 
 209      4EF2418E 
 209      626C714A 
 209      F3A705
 210 0087 B5C2E079 		.ascii	"\265\302\340y\353\270\350\331\342\222\374\034\275\262"
 210      EBB8E8D9 
 210      E292FC1C 
 210      BDB2
 211 0095 210D3F45 		.ascii	"!\015?E\275\354\036\037\346q\356r@\247\351\367g\211"
 211      BDEC1E1F 
 211      E671EE72 
 211      40A7E9F7 
 211      6789
 212 00a7 F90639D5 		.ascii	"\371\0069\325\320D\323\245os\263^\276\003\214\306W\373"
 212      D044D3A5 
 212      6F73B35E 
 212      BE038CC6 
 212      57FB
 213 00b9 330DBE94 		.ascii	"3\015\276\224\020QQx\332\317\305v\227\323\0328\361p"
 213      10515178 
 213      DACFC576 
 213      97D31A38 
 213      F170
 214 00cb 058DB88C 		.ascii	"\005\215\270\214FFK\014\243\360Qt\272;\367\306\313w"
 214      46464B0C 
 214      A3F05174 
 214      BA3BF7C6 
 214      CB77
 215 00dd 2AE5EBC5 		.ascii	"*\345\353\305d\272\256*\3759\240\244:\256\255\227\352"
 215      64BAAE2A 
 215      FD39A0A4 
 215      3AAEAD97 
 215      EA
 216 00ee 0C1925BD 		.ascii	"\014\031%\275\020\231\233\255\347\273\2244\226\231."
 216      10999BAD 
 216      E7BB9434 
 216      96992E
 217 00fd ADEDFA28 		.ascii	"\255\355\372(\271\371L\227\330\347r\003\331\365b\203"
 217      B9F94C97 
 217      D8E77203 
 217      D9F56283 
 218 010d 614C8997 		.ascii	"aL\211\227\323\305\207:\337\255\304\037g\342\2477\254"
 218      D3C5873A 
 218      DFADC41F 
 218      67E2A737 
 218      AC
 219 011e ED5B49D9 		.ascii	"\355[I\331\300\370?\244\023\360\311\370O\023\253\003"
 219      C0F83FA4 
 219      13F0C9F8 
 219      4F13AB03 
 220 012e F5A65E29 		.ascii	"\365\246^)\021&a\202\372\261W(\210\325rL\024\026R\310"
 220      11266182 
 220      FAB15728 
ARM GAS  /tmp/ccocKhqY.s 			page 17


 220      88D5724C 
 220      141652C8 
 221 0142 EFDD48B5 		.ascii	"\357\335H\265\246\023\352\220\311\232\220\273z\240\000"
 221      A613EA90 
 221      C99A90BB 
 221      7AA000
 222 0151 AC9764D2 		.ascii	"\254\227d\322\206>\256\311\236\227\020]\211er\307$\211"
 222      863EAEC9 
 222      9E97105D 
 222      896572C7 
 222      2489
 223 0163 E8677B8A 		.ascii	"\350g{\212/,YZ\256\222[~<s\242\316E2B\376\214lu\271"
 223      2F2C595A 
 223      AE925B7E 
 223      3C73A2CE 
 223      453242FE 
 224 017b 99A49A5F 		.ascii	"\231\244\232_\247\214\344\307\324B4k\331\031\351]\223"
 224      A78CE4C7 
 224      D442346B 
 224      D919E95D 
 224      93
 225 018c CB2DDC80 		.ascii	"\313-\334\200\213!e\034n\302\376\023f)X\327J~\251!\374"
 225      8B21651C 
 225      6EC2FE13 
 225      662958D7 
 225      4A7EA921 
 226 01a1 4B90C3D6 		.ascii	"K\220\303\326E\031GkO\022\243\007%\177\223\313=\270"
 226      4519476B 
 226      4F12A307 
 226      257F93CB 
 226      3DB8
 227 01b3 4DB7E256 		.ascii	"M\267\342V\025^\3762\231\365R\360\020m|\011\022q\207"
 227      155EFE32 
 227      99F552F0 
 227      106D7C09 
 227      127187
 228 01c6 F0849E42 		.ascii	"\360\204\236B\230Q\322\211\322\333y\253\232\364\177"
 228      9851D289 
 228      D2DB79AB 
 228      9AF47F
 229 01d5 64A9E3AE 		.ascii	"d\251\343\256\312R\026\0159\330IrT\321\336\325B3pO\321"
 229      CA52160D 
 229      39D84972 
 229      54D1DED5 
 229      4233704F 
 230 01ea 34499B96 		.ascii	"4I\233\2264\263B{_\033\355\276\242)c\363\222\346\221"
 230      34B3427B 
 230      5F1BEDBE 
 230      A22963F3 
 230      92E691
 231 01fd B41F9F3F 		.ascii	"\264\037\237?\324F+(\232.i\017\376\366\303\000C\221"
 231      D4462B28 
 231      9A2E690F 
 231      FEF6C300 
 231      4391
 232 020f 545F111D 		.ascii	"T_\021\035)\307!\341\352w\353\245\272\320\245\240\343"
 232      29C721E1 
ARM GAS  /tmp/ccocKhqY.s 			page 18


 232      EA77EBA5 
 232      BAD0A5A0 
 232      E3
 233 0220 F80301BB 		.ascii	"\370\003\001\273\362t8\366\201\346v\273\275\255\305"
 233      F27438F6 
 233      81E676BB 
 233      BDADC5
 234 022f 760E7706 		.ascii	"v\016w\006\233C\216\035\012\206\252\303\300~\306C\316"
 234      9B438E1D 
 234      0A86AAC3 
 234      C07EC643 
 234      CE
 235 0240 21B3E548 		.ascii	"!\263\345Hkk\260Sw\332\216\006y\260\303\371\015e\">"
 235      6B6BB053 
 235      77DA8E06 
 235      79B0C3F9 
 235      0D65223E 
 236 0254 A3       		.ascii	"\243"
 237              		.text
 238              		.section	.gnu.lto_vmt.d09d8c3e88ca0f4f,"",%progbits
 239 0000 789C6365 		.ascii	"x\234ce`b\230\305\300\300\240\315\000\001\323\231\031"
 239      606298C5 
 239      C0C0A0CD 
 239      0001D399 
 239      19
 240 0011 77EE7C73 		.ascii	"w\356|s\233\275\376oCGC\303\203\356\365\314\035\314"
 240      9BBDFE6F 
 240      434743C3 
 240      83EEF5CC 
 240      1DCC
 241 0023 F3991966 		.ascii	"\363\231\031f2c\310-x\005\224`\234\311\314\210!\261"
 241      3263C82D 
 241      78059460 
 241      9CC9CC88 
 241      21B1
 242 0035 0A28C134 		.ascii	"\012(\3014\223\231\011C\342\031\323|f\346\231\314\314"
 242      93990943 
 242      E219D37C 
 242      66E699CC 
 242      CC
 243 0046 6089AFCF 		.ascii	"`\211\257\317\236\354\347\260\330\326\320\261\240\301"
 243      9EECE7B0 
 243      D8D6D0B1 
 243      A0C1
 244 0054 613E33CB 		.ascii	"a>3\313\014f\006\306U\214\3653\230\031\031W\202(&\306"
 244      0C6606C6 
 244      558CF533 
 244      98191957 
 244      822826C6 
 245 0068 15208A99 		.ascii	"\025 \212\231q9c=\003\343jF\013\006M==}\010\312/\326"
 245      7139633D 
 245      03E36A46 
 245      0B064D3D 
 245      3D7D08CA 
 246 007e CF48CCD1 		.ascii	"\317H\314\321\317\311L\322/.)JM\314-\326\317M\315\205"
 246      CFC94CD2 
 246      2F2E294A 
ARM GAS  /tmp/ccocKhqY.s 			page 19


 246      4DCC2DD6 
 246      CF4DCD85 
 247 0092 32F59219 		.ascii	"2\365\222\031\000nmH\023"
 247      006E6D48 
 247      13
 248              		.text
 249              		.section	.gnu.lto_.symbol_nodes.d09d8c3e88ca0f4f,"",%progbits
 250 0000 789C5DC9 		.ascii	"x\234]\311\273\011\200@\020\204\341\231;\357\332\020"
 250      BB098040 
 250      1084E199 
 250      3BEFDA10 
 251 0010 AC442BDB 		.ascii	"\254D+\333\215\014\305\022,C\314l\300\006|\203\241E"
 251      8D0CC512 
 251      2C43CC6C 
 251      C0067C83 
 251      A145
 252 0022 B8282637 		.ascii	"\270(&7\311\017\337\00484\260\271\225\002\264\023`\351"
 252      C90FDF04 
 252      3834B0B9 
 252      9502B413 
 252      60E9
 253 0034 BB51A3D9 		.ascii	"\273Q\243\331Faj\013\305\2456S|j\007%\373m\320\012\010"
 253      46616A0B 
 253      C5A53653 
 253      7C6A0725 
 253      FB6DD00A 
 254 0049 3BA105E0 		.ascii	";\241\005\340yR\302{\001\252\245\211\213\270\352;\367"
 254      7952C27B 
 254      01AAA589 
 254      8BB8EA3B 
 254      F7
 255 005a FE2B1E77 		.ascii	"\376+\036wZ'T"
 255      5A2754
 256              		.text
 257              		.section	.gnu.lto_.refs.d09d8c3e88ca0f4f,"",%progbits
 258 0000 789C05C1 		.ascii	"x\234\005\301\261\001\000\000\010\303\2404\332\335\377"
 258      B1010000 
 258      08C3A034 
 258      DADDFF
 259 000f AF158A1C 		.ascii	"\257\025\212\034\220\265\331:*\206\007\003e\000<"
 259      90B5D93A 
 259      2A860703 
 259      65003C
 260              		.text
 261              		.section	.gnu.lto_.decls.d09d8c3e88ca0f4f,"",%progbits
 262 0000 789C8D57 		.ascii	"x\234\215W]P\024W\026\356\323w\230\201a\000K\214e\262"
 262      5D501457 
 262      16EED377 
 262      98816100 
 262      4B8C65B2 
 263 0014 3C186B52 		.ascii	"<\030kRK\036\302D\335\332\370\260\017nY\265\331} T\355"
 263      4B1EC244 
 263      DDDAF8B0 
 263      0F6E59B5 
 263      D97D2054 
 264 0029 46F77116 		.ascii	"F\367q\026a\020\266`\240\230a\023\367\251\001Q\374\213"
 264      6110B660 
ARM GAS  /tmp/ccocKhqY.s 			page 20


 264      A0986113 
 264      F7A90151 
 264      FC8B
 265 003b 28028208 		.ascii	"(\002\202\010\004\215\177\370\203\212\370\003\254\343"
 265      048D7FF8 
 265      838AF803 
 265      ACE3
 266 0049 0F0888FC 		.ascii	"\017\010\210\374\012D\001\021EY\024\025\204\200\210"
 266      0A440111 
 266      45591415 
 266      848088
 267 0058 387BEEBD 		.ascii	"8{\356\275\3353\3158\270\351\362\320}O\237\363\235s"
 267      DD33CD38 
 267      B8E9F2D0 
 267      7D4F9FF3 
 267      9D73
 268 006a BE7BEEE9 		.ascii	"\276{\356\351\321G\020\205\350 A\010\026\005\341\037"
 268      D1471085 
 268      E8204108 
 268      1605E11F 
 269 007a 284EBC74 		.ascii	"(N\274t\202 \234\024\334\227\026\245\026\245\001\245"
 269      82209C14 
 269      DC9716A5 
 269      16A501A5 
 270 008a 13A50F45 		.ascii	"\023\245\017E\017\202\360\011\012\376\023~\003\302\234"
 270      0F82F009 
 270      0AFE137E 
 270      03C29C
 271 0099 6B3BAEF5 		.ascii	"k;\256\365x_\210\262\010\345:\312Z\224\263(:|\027\201"
 271      785F88B2 
 271      08E53ACA 
 271      5A94B328 
 271      3A7C1781 
 272 00ad F7368A8B 		.ascii	"\3676\212\213\317-x'\324\011\237\337\341M\2241k\205"
 272      CF2D7827 
 272      D4099FDF 
 272      E14D9431 
 272      6B85
 273 00bf F7AFEC79 		.ascii	"\367\257\354yp)&\305\366\206K1gU\270\015^p\313<p[d\334"
 273      702926C5 
 273      F6864B31 
 273      6755B80D 
 273      5E70CB3C 
 274 00d7 3655BE14 		.ascii	"6U\276\0243\004e\031\274\217+\312\274|\002\357cW\241"
 274      33046519 
 274      BC8F2BCA 
 274      BC7C02EF 
 274      6357A1
 275 00ea CEDF0BF6 		.ascii	"\316\337\013\366]/\\\250\361\325|\2102\347\336\360?"
 275      5D2F5CA8 
 275      F1D57C88 
 275      32E7DEF0 
 275      3F
 276 00fb C2977E78 		.ascii	"\302\227~x_\247\212Aq\333\344X\024w\032\357\257Q|(,"
 276      5FA78A41 
 276      71DBE458 
 276      14771AEF 
ARM GAS  /tmp/ccocKhqY.s 			page 21


 276      AF517C28 
 277 0110 704C057F 		.ascii	"pL\005\177\226?\262\375\364\266\227_\211\334o\014e\030"
 277      963FB2FD 
 277      F4B6975F 
 277      89DC6F0C 
 277      6518
 278 0122 E519CA73 		.ascii	"\345\031\312s\031O\2032\2052\2162\2012)\353(\307\265"
 278      194F8332 
 278      85328E32 
 278      813229EB 
 278      28C7B5
 279 0135 82BB573C 		.ascii	"\202\273W<\257<\002\225;o\324\210\367\241\027\020\036"
 279      AF3C0295 
 279      3B6FD488 
 279      F7A11710 
 279      1E
 280 0146 16302D00 		.ascii	"\0260-\000\377\013L\330\322\251\\\000L\217ZQ\220\023"
 280      FF0B4CD8 
 280      D2A95C00 
 280      4C8F5A51 
 280      9013
 281 0158 5554A078 		.ascii	"UT\240x\310kQ^\2122$\373';\203\012\221\277\346\221\224"
 281      C86B515E 
 281      8A3224FB 
 281      273B830A 
 281      91BFE691 
 282 016d 8B73C11F 		.ascii	"\213s\301\037\230\233\342\015\242;\000\200\332A\005"
 282      989BE20D 
 282      A23B0080 
 282      DA4105
 283 017c C8D396DF 		.ascii	"\310\323\226\337\273\362\023\334\305\201R\375X~\323"
 283      BBF213DC 
 283      C58152FD 
 283      587ED3
 284 018b 137D3FF4 		.ascii	"\023}?\364Qm\311j`\272\2335\2057\202\010n\015>\367O"
 284      516DC96A 
 284      60BA9B35 
 284      85378208 
 284      6E0D3EF7 
 285 01a0 1FFD53D8 		.ascii	"\037\375S\330\011\211_\276:7m\2473\006\217\371\376@"
 285      09895FBE 
 285      3A376DA7 
 285      33068FF9 
 285      FE40
 286 01b2 20440F4E 		.ascii	" D\017N\240\353\221K\323\001|M_W8\306Oj\310\002\372"
 286      A0EB914B 
 286      D3017C4D 
 286      5F5738C6 
 286      4F6AC802 
 287 01c7 2C56560C 		.ascii	",VV\014\026\350!T\177\230b8\272\307\027_\224\244\005"
 287      16E82154 
 287      7F986238 
 287      BAC7175F 
 287      94A405
 288 01da 701AF470 		.ascii	"p\032\364p\022\010\034\2070\232P\010m\373LIJ\223FK%"
 288      12081C87 
 288      309A5008 
ARM GAS  /tmp/ccocKhqY.s 			page 22


 288      6DFB4C49 
 288      4A93464B 
 289 01ef B2448095 		.ascii	"\262D\200\225!\360e\210\000\247 \224bR+8\001!P\006!"
 289      21F06588 
 289      00A72094 
 289      62522B38 
 289      01215006 
 290 0204 14FF58F1 		.ascii	"\024\377X\361\321\033\001$\202\341\347\347\\\255\010"
 290      D11B0124 
 290      82E1E7E7 
 290      5CAD08
 291 0213 74E13B0B 		.ascii	"t\341;\013\226\235\313\220$\021\316b\200rw\000\214\347"
 291      969DCB90 
 291      2411CE62 
 291      80727700 
 291      8CE7
 292 0225 3DC219EF 		.ascii	"=\302\031\357\021\306n\016\346\200\2066\005\005Z\257"
 292      11C66E0E 
 292      E6808636 
 292      05055AAF 
 293 0235 A1BAF1FD 		.ascii	"\241\272\361\375\205\025>L\267\326\000\347\200\351j"
 293      85153E4C 
 293      B7D600E7 
 293      80E96A
 294 0244 9D538E20 		.ascii	"\235S\216 ,|\241\036D\\\266\2176\035\360\307\345\"="
 294      2C7CA11E 
 294      445CB68F 
 294      361DF0C7 
 294      E5223D
 295 0257 2CC065C6 		.ascii	",\300e\306\316\223yz\\j\221&:\317P58\372\246R\303U4"
 295      CE93797A 
 295      5C6A9126 
 295      3ACF5035 
 295      38FAA652 
 296 026e E1EF5175 		.ascii	"\341\357Qu \277\367L I\005F]\333\246\362B\302\00154"
 296      20BFF74C 
 296      20490546 
 296      5DDBA6F2 
 296      42C20135 
 297 0283 8FDB058F 		.ascii	"\217\333\005\217\0029\340R,vd`\3536_7\231\347~\233\272"
 297      0239E052 
 297      2C766460 
 297      EB365F37 
 297      99E77E9B 
 298 0298 85165B83 		.ascii	"\205\026[\2039^r\027\253\225k\225\244\254t\311\357\317"
 298      395E7217 
 298      AB956B95 
 298      A4AC74C9 
 298      EFCF
 299 02aa 02546161 		.ascii	"\002Taa\227\2610\250\306j\265r\265\027Qy\201W\373jz"
 299      97B130A8 
 299      C66AB572 
 299      B5175179 
 299      8157FB6A 
 300 02bf B44243B6 		.ascii	"\264BC\266\263\014\304m\003\257f\203@\037\352\025\300"
 300      B30CC46D 
 300      03AF6683 
ARM GAS  /tmp/ccocKhqY.s 			page 23


 300      401FEA15 
 300      C0
 301 02d0 E1054061 		.ascii	"\341\005@a~\305y\306\374\025L\346?\356dj\030\363\030"
 301      7EC579C6 
 301      FC154CE6 
 301      3FEE646A 
 301      18F318
 302 02e3 A47B4747 		.ascii	"\244{GG\217\226d\363 \323O\353O\372\273\012i)3\356{"
 302      8F9664F3 
 302      20D34FEB 
 302      4FFABB0A 
 302      692933EE 
 303 02f8 23494BE1 		.ascii	"#IK\341:\372^u\373^\201y+\271\346\275\222\362\247Y?"
 303      3AFA5E75 
 303      FB5E8179 
 303      2BB9E6BD 
 303      92F2A759 
 304 030d 1996E4B2 		.ascii	"\031\226\344\262\206M\227\026\210\014\261\022\337\237"
 304      864D9716 
 304      880CB112 
 304      DF9F
 305 031b C7F702DC 		.ascii	"\307\367\002\334\200%\370\267\0024<\245\334\231\302"
 305      8025F8B7 
 305      02343CA5 
 305      DC99C2
 306 032a 3DB0AC44 		.ascii	"=\260\254Dr<@2/\207\356\253\036\224$\275\206Z\3011w"
 306      723C4032 
 306      2F87EEAB 
 306      1E9424BD 
 306      865AC131 
 307 033f 16F8887F 		.ascii	"\026\370\210\177\217B?\300\021\270\217g\251\026\226"
 307      8F423FC0 
 307      11B88F67 
 307      A91696
 308 034e A1F3A687 		.ascii	"\241\363\246\207e\031\276\344-\337\266S'f\312\365Jo"
 308      6519BEE4 
 308      2DDFB653 
 308      2766CAF5 
 308      4A6F
 309 0360 F0763995 		.ascii	"\360v9\225\365|\361\374\231\324\263Ln*\2318~\031Y-'"
 309      F57CF1FC 
 309      99D4B34C 
 309      6E2A9938 
 309      7E19592D 
 310 0375 F2F0E37C 		.ascii	"\362\360\343|\311\221&Q*\321\010\352\334\211\324y&\322"
 310      C9912651 
 310      2AD108EA 
 310      DC89D479 
 310      26D2
 311 0387 C012A9EB 		.ascii	"\300\022\251\353\031\232\326\222T~d\373\352\217\225"
 311      199AD692 
 311      547E64FB 
 311      EA8F95
 312 0396 D1FE89E0 		.ascii	"\321\376\211\340-\027\244:\234\021\374p\036\232~y\301"
 312      2D17A43A 
 312      9C11FC70 
 312      1E9A7E79 
ARM GAS  /tmp/ccocKhqY.s 			page 24


 312      C1
 313 03a7 403299B9 		.ascii	"@2\231\271\330V\363|\300\335P\316\206eU\367\351>\264"
 313      D856F37C 
 313      C0DD50CE 
 313      866555F7 
 313      E93EB4
 314 03ba 60AEB7DD 		.ascii	"`\256\267\335\201#\\\207\307s\033\232q\033\"\344mhB"
 314      81235C87 
 314      C7731B9A 
 314      711B22E4 
 314      6D6842
 315 03cd E52DBE0D 		.ascii	"\345-\276\015E\327^\246\032\030\035-\256\343\3231\263"
 315      45D75EA6 
 315      1A181D2D 
 315      AEE3D331 
 315      B3
 316 03de 674C346C 		.ascii	"gL4ls\241\260\223\245\000\011\320\006\006y\2704O\334"
 316      73A1B093 
 316      A50009D0 
 316      060679B8 
 316      344FDC
 317 03f1 9A0C60CE 		.ascii	"\232\014`\316\250\203V~\320\212\036\035\276\342:|\355"
 317      A883567E 
 317      D08A1E1D 
 317      BEE23A7C 
 317      ED
 318 0402 5CD73499 		.ascii	"\\\3274\231qUTS\3342\207\342;\214\342\016\205\342]-"
 318      71555453 
 318      DC3287E2 
 318      3B8CE20E 
 318      85E25D2D 
 319 0416 B7DB7D5D 		.ascii	"\267\333}]\233\275t\352\340f\251\025\035W3ChtW\333\350"
 319      9BBD74EA 
 319      E066A915 
 319      1D573343 
 319      687457DB 
 320 042b 497327A3 		.ascii	"Is'\243\271\343xu,\271\306Y\366V_\325\330\370+\320\313"
 320      B9E37875 
 320      2CB9C659 
 320      F6565FD5 
 320      D8F82BD0 
 321 0440 2326F3FF 		.ascii	"#&\363\377\217\230\213\365W\236\032\324|\374<\207\217"
 321      8F988BF5 
 321      579E1AD4 
 321      7CFC3C87 
 321      8F
 322 0451 BB2E3EF6 		.ascii	"\273.>\366\364\2154\007\262`\250\203n^{n{Z\211\237\302"
 322      F48D3407 
 322      B260A883 
 322      6E5E7B6E 
 322      7B5A899F 
 323 0466 C73DAE1B 		.ascii	"\307=\256\033\032\270U\0324?\037\275\214\217\036\205"
 323      1AB8551A 
 323      343F1FBD 
 323      8C8F1E85 
 324 0476 8F8E92BE 		.ascii	"\217\216\222\276\002\177\231\217W9D\332+\321\301\214"
 324      027F998F 
ARM GAS  /tmp/ccocKhqY.s 			page 25


 324      573944DA 
 324      2BD1C18C 
 325 0486 46D0E5E6 		.ascii	"F\320\345\346\242\313\223\213>\306EQ\356\236w\376\244"
 325      A2CB938B 
 325      3EC64551 
 325      EE9E77FE 
 325      A4
 326 0497 717E326A 		.ascii	"q~2j\232v\235\022]\272~\236\237\243\370\372\200\326"
 326      9A769D12 
 326      5DBA7E9E 
 326      9FA3F8FA 
 326      80D6
 327 04a9 B5B10FB8 		.ascii	"\265\261\017\270R\031\231\013\371\310,\250\232h\364"
 327      5219990B 
 327      F9C82CA8 
 327      9A68F4
 328 04b8 E14B5F5C 		.ascii	"\341K_\\N\035\271V\253!\335<Pij\347\255\000\322\303"
 328      4E1DB956 
 328      AB21DD3C 
 328      50696AE7 
 328      AD00D2C3 
 329 04cc 17473655 		.ascii	"\027G6U\335\365#\017\370b\267\363\320\035?2\304\027"
 329      DDF5230F 
 329      F862B7F3 
 329      D01D3F32 
 329      C417
 330 04de CE97E3F7 		.ascii	"\316\227\343\367\015\344\031_\214\316\244\337\360W\263"
 330      0DE4195F 
 330      8CCEA4DF 
 330      F057B3
 331 04ed 4C0FB79B 		.ascii	"L\017\267\233\345a\027\313/6_\356\013$/\271\327\273"
 331      E56117CB 
 331      2F365FEE 
 331      0B242FB9 
 331      D7BB
 332 04ff BA6D433A 		.ascii	"\272mC:\265\327\2359^\317\\^\235C\227&\375\311\004\367"
 332      B5D79D39 
 332      5ECF5C5E 
 332      9D439726 
 332      FDC904F7 
 333 0513 DA7A66F8 		.ascii	"\332zf\370u\240\332\253w\216\327s\227W{uYs y\303\275"
 333      75A0DAAB 
 333      778ED773 
 333      97577B75 
 333      59732079 
 334 0529 2A9F34D4 		.ascii	"*\2374\324\351\371\210\227\330\267\264\25743\200l!\354"
 334      E9F98897 
 334      D8B7B4AF 
 334      3433806C 
 334      21EC
 335 053b 655E51E5 		.ascii	"e^Q\345\3319\351\327\317\201\034S \2659iGG\010\004\033"
 335      D939E9D7 
 335      CF811C53 
 335      20B53969 
 335      47470804 
 336 0550 8DA146E3 		.ascii	"\215\241F\343n60\261\2655\002\274D\333\207\364\244\276"
 336      6E3630B1 
ARM GAS  /tmp/ccocKhqY.s 			page 26


 336      B53502BC 
 336      44DB87F4 
 336      A4BE
 337 0562 C04D7D05 		.ascii	"\300M}\005\301tc\341\027\354\310)0\3028\312\004\312"
 337      C17463E1 
 337      17ECC829 
 337      30C238CA 
 337      04CA
 338 0574 2418D997 		.ascii	"$\030\331\227\275\224\306q\364\017\257\272pV\222\266"
 338      BD94C671 
 338      F40FAFBA 
 338      705692B6 
 339 0584 6A699DF0 		.ascii	"ji\235\360T\366s\035y\023\015\\E\303\313\366\365P\377"
 339      54F6731D 
 339      79130D5C 
 339      45C3CBF6 
 339      F550FF
 340 0597 252512FE 		.ascii	"%%\022\376\353i\372\210%\271\234\232\362\001\363b\013"
 340      EB69FA88 
 340      25B99C9A 
 340      F201F362 
 340      0B
 341 05a8 C11F12D4 		.ascii	"\301\037\022\324H\220;\314\035v\362+\234{\233\010\255"
 341      48903BCC 
 341      1D76F22B 
 341      9C7B9B08 
 341      AD
 342 05b9 0946BD23 		.ascii	"\011F\275#\275\027\025)\205\021\257\011\262\240H`q\327"
 342      BD171529 
 342      8511AF09 
 342      B2A04860 
 342      71D7
 343 05cb CD2A43B0 		.ascii	"\315*C\260\314H\346|\214\010^\351@\367\314\274w\267"
 343      CC48E67C 
 343      8C085EE9 
 343      40F7CCBC 
 343      77B7
 344 05dd E71CD2D7 		.ascii	"\347\034\322\327\252H\002L\273\266t\354\355\201\013"
 344      AA48024C 
 344      BBB674EC 
 344      ED810B
 345 05ec 7EBC6F17 		.ascii	"~\274o\027\341r\266?+K\3077\265\204n\352D\366\275\376"
 345      E172B63F 
 345      2B4BC737 
 345      B5846EEA 
 345      44F6BDFE 
 346 0600 40729E6D 		.ascii	"@r\236m\252\356\351\225\342\277\203\321\210\233e\014"
 346      AAEEE995 
 346      E2BF83D1 
 346      889B650C 
 347 0610 E5C5347E 		.ascii	"\345\3054~\314k\247\207\345-\246\345T\327\363\320\315"
 347      CC6BA787 
 347      E52DA6E5 
 347      54D7F3D0 
 347      CD
 348 0621 A2AA746A 		.ascii	"\242\252tj:\350i\252\246I\335\0053h\360\206\275s\312"
 348      3AE869AA 
ARM GAS  /tmp/ccocKhqY.s 			page 27


 348      A649DD05 
 348      3368F086 
 348      BD73CA
 349 0634 2D902E86 		.ascii	"-\220.\206B\252h\2044\024\011\345\035\326=;\247\015"
 349      42AA6884 
 349      341409E5 
 349      1DD63D3B 
 349      A70D
 350 0646 5C511E7B 		.ascii	"\\Q\036{\217\242J\250.?$;]Bs\344\003\206<\315M\036\326"
 350      8FA24AA8 
 350      2E3F243B 
 350      5D4273E4 
 350      03863CCD 
 351 065d CDF95A5E 		.ascii	"\315\371Z^-\235\002O\274Z\363\012x\317L\356[\230*I@"
 351      2D9D024F 
 351      BC5AF30A 
 351      78CF4CEE 
 351      5B982A49 
 352 0672 ADD44D83 		.ascii	"\255\324M\203\244\346\034\357\352\366%\325\214T\361"
 352      A4E61CEF 
 352      EAF625D5 
 352      8C54F1
 353 0681 DECED65E 		.ascii	"\336\316\326^\002\241\301\334\251+_K\033m\263\030\014"
 353      02A1C1DC 
 353      A92B5F4B 
 353      1B6DB318 
 353      0C
 354 0692 9B44D734 		.ascii	"\233D\3274\243\020\336\211\201\014\344\343\327pC\177"
 354      A310DE89 
 354      810CE4E3 
 354      D770437F 
 355 06a2 07BEDD5E 		.ascii	"\007\276\335^\257W\367\004\215\342\356\211-\242\322"
 355      AF57F704 
 355      8DE2EE89 
 355      2DA2D2
 356 06b1 138FF7A7 		.ascii	"\023\217\367\247\326\361!\210:\030\340\363.cj_\373\234"
 356      D6F12188 
 356      3A18E0F3 
 356      2E636A5F 
 356      FB9C
 357 06c3 8FD6BAC5 		.ascii	"\217\326\272\305\252\031\275U\2443:S\224g\364\346\261"
 357      AA19BD55 
 357      A4333A53 
 357      9467F4E6 
 357      B1
 358 06d4 D3AD22CE 		.ascii	"\323\255\"\316\350\022\366\315\372C\341\011\3277\013"
 358      E812F6CD 
 358      FA43E109 
 358      D7370B
 359 06e3 0D711EBB 		.ascii	"\015q\036\273*\273\3579\247\267\211tN\357?^uNK\032\370"
 359      2ABBEF39 
 359      A7B78974 
 359      4EEF3F5E 
 359      754E4B1A 
 360 06f8 2CB97D7A 		.ascii	",\271}zx\273\226\264\362E\371\376'\215:\314\015v\210"
 360      78BB96B4 
 360      F245F9FE 
ARM GAS  /tmp/ccocKhqY.s 			page 28


 360      278D3ACC 
 360      0D7688
 361 070b 84C72A4F 		.ascii	"\204\307*Ou\034\011 \235\374u\351OE\355\364\363\002"
 361      751C0920 
 361      9DFC75E9 
 361      4F45EDF4 
 361      F302
 362 071d 3FE06BD8 		.ascii	"?\340k\330)j\346\033\364\271\035\251\231\204\351\302"
 362      296AE61B 
 362      F4B91DA9 
 362      9984E9C2 
 363 072d 0D90C5ED 		.ascii	"\015\220\305\355\236\274\315} *\337\246\335\\\327\225"
 363      9EBCCD7D 
 363      202ADFA6 
 363      DD5CD795 
 364 073d BE6332F0 		.ascii	"\276c2\360\323>R,\371\262h5\371\303\3474\314&[\374\224"
 364      D33E522C 
 364      F9B26835 
 364      F9C3E734 
 364      CC265BFC 
 365 0752 69261FEE 		.ascii	"i&\037\356\314\326\221~\036\177\254x\3740\375T@\016"
 365      CCD6917E 
 365      1E7FAC78 
 365      FC30FD54 
 365      400E
 366 0764 EEDE5E4A 		.ascii	"\356\336^J\007=D\275\371\325>d\210[\224\345\035je\005"
 366      073D44BD 
 366      F9D53E64 
 366      885B94E5 
 366      1D6A6505 
 367 0778 E4D10C73 		.ascii	"\344\321\014sy\224G\351\025\0074jr1\001\231\\\330\207"
 367      799447E9 
 367      1507346A 
 367      72310199 
 367      5CD887
 368 078b 2690CFF8 		.ascii	"&\220\317\370\335\243\360\3738\267\342` \362\373\000"
 368      DDA3F0FB 
 368      38B7E260 
 368      20F2FB00 
 369 079b 3F83CED9 		.ascii	"?\203\316\331\260\364\203\233\035\310/\371\371#j\010"
 369      B0F4839B 
 369      1DC82FF9 
 369      F9236A08 
 370 07ab DB95CE81 		.ascii	"\333\225\316\201]\242\206\256\370\177\241\012\030\265"
 370      5DA286AE 
 370      F87FA10A 
 370      18B5
 371 07b9 19593D92 		.ascii	"\031Y=\222\341\263\203R\253\203mM\301^\374\361\273\220"
 371      E1B38352 
 371      AB836D4D 
 371      C15EFCF1 
 371      BB90
 372 07cb 8D8721BE 		.ascii	"\215\207!\276-"
 372      2D
 373 07d0 AE412330 		.ascii	"\256A#0\315\267\230\352~\3613\364\354\351\254\3375\347"
 373      CDB798EA 
 373      7EF133F4 
ARM GAS  /tmp/ccocKhqY.s 			page 29


 373      ECE9ACDF 
 373      35E7
 374 07e2 87108DE5 		.ascii	"\207\020\215\345\356\237B\336?\364>\017\347\316K\323"
 374      EE9F42DE 
 374      3FF43E0F 
 374      E7CE4BD3 
 375 07f2 ED440148 		.ascii	"\355D\001HC\200o\026\253\374\303\225\366\333\232\336"
 375      43806F16 
 375      ABFCC395 
 375      F6DB9ADE 
 376 0802 DDE4CB5C 		.ascii	"\335\344\313\\\213\260\375\016\210\336}\327\251}\221"
 376      8BB0FD0E 
 376      88DE7DD7 
 376      A97D91
 377 0811 2EDE50F4 		.ascii	".\336P\364k\275\245y\206\377\244-A\367b\356\376c\305"
 377      6BBDA579 
 377      86FFA42D 
 377      41F762EE 
 377      FE63C5
 378 0824 A317E443 		.ascii	"\243\027\344C\004\2272\202\177d\004\263\205\306\234"
 378      04973282 
 378      7F6404B3 
 378      85C69C
 379 0833 9462F7FD 		.ascii	"\224b\367\375\372\233\265K\327,_.\370\231\315)qV\373"
 379      FA9BB54B 
 379      D72C5F2E 
 379      F899CD29 
 379      7156FB
 380 0846 2AB3FD77 		.ascii	"*\263\375w\246\024[\262)29\341\013k\242\325\362\205"
 380      A6145BB2 
 380      293239E1 
 380      0B6BA2D5 
 380      F285
 381 0858 25727D9C 		.ascii	"%r}\234)\316\032\025\237\022m1%DF\305\306Y-&s\264%&"
 381      29CE1A15 
 381      9F126D31 
 381      254446C5 
 381      C6592D26 
 382 0870 3225DE6E 		.ascii	"2%\336n\266oL\262\330\302b\005\235\354\374\371\007\234"
 382      B66F4CB2 
 382      D8C26205 
 382      9DECFCF9 
 382      079C
 383 0882 6D1B6D26 		.ascii	"m\033m&\263\315\036\215\226\350\201\001\361a\345\012"
 383      B3CD1E8D 
 383      96E88101 
 383      F161E50A 
 384 0892 B35D27DF 		.ascii	"\263]'\337}\022l\033\314\366Uaa&\376/\321f\212JLHH\264"
 384      7D126C1B 
 384      CCF65561 
 384      6126FE2F 
 384      D1668A4A 
 385 08aa 9A921293 		.ascii	"\232\222\022\223\3556\323\037\377\032\276&\374{\252"
 385      ED36D31F 
 385      FF1ABE26 
 385      FC7BAA
 386 08b9 4B8A8BB7 		.ascii	"K\212\213\267$\333L_\257Yc\212\212UR\370\\\355\030\033"
ARM GAS  /tmp/ccocKhqY.s 			page 30


 386      24DB4C5F 
 386      AF59638A 
 386      8A5552F8 
 386      5CED181B 
 387 08cd 196F8A8F 		.ascii	"\031o\212\217[o\262\331\223-\221\0116S\202%A~\014\213"
 387      5B6FB2D9 
 387      932D9109 
 387      36538225 
 387      417E0C8B 
 388 08e1 C2CA3758 		.ascii	"\302\3127X\354Z3.\243mZ[\334\277-f\373\012\2267\365"
 388      EC5A332E 
 388      A36D5A5B 
 388      DCBF2D66 
 388      FB0A9637 
 389 08f6 D81015E5 		.ascii	"\330\020\025\345\221\377\357\303V\206-wWa\217\306\342"
 389      91FFEFC3 
 389      56862D77 
 389      57618FC6 
 389      E2
 390 0907 69C9E6EF 		.ascii	"i\311\346\357\222\343\354\026\233!\301\026\261\376\237"
 390      92E3EC16 
 390      9B21C116 
 390      B1FE9F
 391 0916 9628FB5F 		.ascii	"\226(\373_\254qvbI\264i(\244v}JL\214%\231\374+\301N"
 391      AC717662 
 391      49B46928 
 391      A4767D4A 
 391      4C8C2599 
 392 092e 90670D0D 		.ascii	"\220g\015\015\346\303\034\014\341\226\204\277\261\\"
 392      E6C31C0C 
 392      E19684BF 
 392      B15C
 393 093c D6857F4B 		.ascii	"\326\205\177K0\223_\233x\254\240M\214\211\261Y\354\024"
 393      30935F9B 
 393      78ACA04D 
 393      8C89B159 
 393      EC14
 394 094e 21317923 		.ascii	"!1y#\007\321\242ET\322FM\274%2FgM\264\307&'~\007\313"
 394      07D1A245 
 394      54D2464D 
 394      BC253246 
 394      674DB4C7 
 395 0967 7531D6A5 		.ascii	"u1\326\245\266$K\024j\254\326\224\370x\343\207\366\305"
 395      B6244B14 
 395      6AACD694 
 395      F878E387 
 395      F6C5
 396 0979 9E1C67DD 		.ascii	"\236\034g\335\200\360\377\003\255\272\"\220"
 396      80F0FF03 
 396      ADBA2290 
 397              		.text
 398              		.section	.gnu.lto_.symtab.d09d8c3e88ca0f4f,"",%progbits
 399 0000 6D734F62 		.ascii	"msObjectInit\000"
 399      6A656374 
 399      496E6974 
 399      00
 400 000d 00       		.ascii	"\000"
ARM GAS  /tmp/ccocKhqY.s 			page 31


 401 000e 00       		.ascii	"\000"
 402 000f 00       		.ascii	"\000"
 403 0010 00000000 		.ascii	"\000\000\000\000\000\000\000\000"
 403      00000000 
 404 0018 0A010000 		.ascii	"\012\001\000\000"
 405              		.text
 406              		.section	.gnu.lto_.opts,"",%progbits
 407 0000 272D666D 		.ascii	"'-fmath-errno' '-fsigned-zeros' '-ftrapping-math' '"
 407      6174682D 
 407      6572726E 
 407      6F272027 
 407      2D667369 
 408 0033 2D666E6F 		.ascii	"-fno-trapv' '-fno-openmp' '-fno-openacc' '-mcpu=cor"
 408      2D747261 
 408      70762720 
 408      272D666E 
 408      6F2D6F70 
 409 0066 7465782D 		.ascii	"tex-m3' '-mno-thumb-interwork' '-mthumb' '-ggdb' '-"
 409      6D332720 
 409      272D6D6E 
 409      6F2D7468 
 409      756D622D 
 410 0099 4F322720 		.ascii	"O2' '-fomit-frame-pointer' '-falign-functions=16' '"
 410      272D666F 
 410      6D69742D 
 410      6672616D 
 410      652D706F 
 411 00cc 2D666675 		.ascii	"-ffunction-sections' '-fdata-sections' '-fno-common"
 411      6E637469 
 411      6F6E2D73 
 411      65637469 
 411      6F6E7327 
 412 00ff 2720272D 		.ascii	"' '-flto'\000"
 412      666C746F 
 412      2700
 413              		.text
 414              		.comm	__gnu_lto_v1,1,1
 415              		.comm	__gnu_lto_slim,1,1
 416              		.ident	"GCC: (GNU Tools for ARM Embedded Processors 6-2017-q2-update) 6.3.1 20170620 (release) [AR
ARM GAS  /tmp/ccocKhqY.s 			page 32


DEFINED SYMBOLS
                            *ABS*:0000000000000000 memstreams.c
                            *COM*:0000000000000001 __gnu_lto_v1
                            *COM*:0000000000000001 __gnu_lto_slim

NO UNDEFINED SYMBOLS
