ARM GAS  /tmp/cc4wbPeN.s 			page 1


   1              		.cpu cortex-m3
   2              		.eabi_attribute 20, 1
   3              		.eabi_attribute 21, 1
   4              		.eabi_attribute 23, 3
   5              		.eabi_attribute 24, 1
   6              		.eabi_attribute 25, 1
   7              		.eabi_attribute 26, 1
   8              		.eabi_attribute 30, 2
   9              		.eabi_attribute 34, 1
  10              		.eabi_attribute 18, 4
  11              		.file	"nvic.c"
  12              		.text
  13              	.Ltext0:
  14              		.section	.gnu.lto_.profile.10cf9dc1c7d41601,"",%progbits
  15 0000 789C6365 		.ascii	"x\234ce`b`a```d\220\022\003\000\000\312\000="
  15      60626061 
  15      60606064 
  15      90120300 
  15      00CA003D 
  16              		.text
  17              		.section	.gnu.lto_.icf.10cf9dc1c7d41601,"",%progbits
  18 0000 789C6365 		.ascii	"x\234ce`b\220b@\000\026\206\027\337\372'q3~\336ur'\033"
  18      60629062 
  18      40001686 
  18      17DFFA27 
  18      71337EDE 
  19 0018 D385E635 		.ascii	"\323\205\3465\217\270\231;\356\375hab\000\000\253P\014"
  19      8FB8993B 
  19      EEFD6861 
  19      620000AB 
  19      500C
  20 002a 3B       		.ascii	";"
  21              		.text
  22              		.section	.gnu.lto_.jmpfuncs.10cf9dc1c7d41601,"",%progbits
  23 0000 789C6365 		.ascii	"x\234ce`b\220b@\000\026\006&FF\346\372zF \250g\202\260"
  23      60629062 
  23      40001606 
  23      264646E6 
  23      FA7A4620 
  24 0018 99416C06 		.ascii	"\231Al\006\000)\250\003:"
  24      0029A803 
  24      3A
  25              		.text
  26              		.section	.gnu.lto_.inline.10cf9dc1c7d41601,"",%progbits
  27 0000 789C4D8C 		.ascii	"x\234M\214\321\021\2000\014B!M\323\350\217#\324\011"
  27      D1118030 
  27      0C42214D 
  27      D3E88F23 
  27      D409
  28 0012 5CD2453A 		.ascii	"\\\322E:\222\2438\202\261\236U>\270\343\036\220!\330"
  28      92A33882 
  28      B19E553E 
  28      B8E31E90 
  28      21D8
  29 0024 F1498179 		.ascii	"\361I\201y\242pe\204\333\324\316\015\326\252@\216E\021"
  29      A2706584 
  29      DBD4CE0D 
ARM GAS  /tmp/cc4wbPeN.s 			page 2


  29      D6AA408E 
  29      4511
  30 0036 C9833808 		.ascii	"\311\2038\010/d\257$m\365\251\004\325~\"\310J\366\227"
  30      2F64AF24 
  30      6DF5A904 
  30      D57E22C8 
  30      4AF697
  31 0049 14BBDF41 		.ascii	"\024\273\337A(\241\330;\035pLq\001\226\277\015\245"
  31      28A1D83B 
  31      1D704C71 
  31      0196BF0D 
  31      A5
  32              		.text
  33              		.section	.gnu.lto_.pureconst.10cf9dc1c7d41601,"",%progbits
  34 0000 789C6365 		.ascii	"x\234ce`b\340d```a\220b\224b\222b\226\002\000\002\321"
  34      6062E064 
  34      60606061 
  34      90629462 
  34      92629602 
  35 0017 0083     		.ascii	"\000\203"
  36              		.text
  37              		.section	.gnu.lto_nvicEnableVector.10cf9dc1c7d41601,"",%progbits
  38 0000 789C9D53 		.ascii	"x\234\235S\317k\023Q\020~\337N\222M\332$\236\305`{\020"
  38      CF6B1351 
  38      107EDF4E 
  38      924DDA24 
  38      9EC5607B 
  39 0015 4211B216 		.ascii	"B\021\262\026\374\007T\360\326\213\377\201\344b\301"
  39      FC0754F0 
  39      D68BFF81 
  39      E462C1
  40 0024 26A595E2 		.ascii	"&\245\225\342\255/IM0\026-\332$V\014\033\241\332\264"
  40      AD2F494D 
  40      30162DDA 
  40      24560C1B 
  40      A1DAB4
  41 0037 B54D53AB 		.ascii	"\265MS\2536U!\204\202\344PE\361&x0\242\344\020\251\301"
  41      36552184 
  41      82E45045 
  41      F1267830 
  41      A2E410A9 
  42 004c 8387A63A 		.ascii	"\203\207\246:o7\240\240\036\364\261\373~\314|\337\314"
  42      6F37A0A0 
  42      1EF4B1FB 
  42      7ECC7CDF 
  42      CC
  43 005d 7CF3769D 		.ascii	"|\363v\235B\023'I\210\343B\210C\374\202\004\264\231"
  43      42132749 
  43      88E34288 
  43      43FC8204 
  43      B499
  44 006f 1742C4DC 		.ascii	"\027B\304\334\032\2406\322\0151\251a\022\327(G\250\245"
  44      1AA036D2 
  44      0D31A961 
  44      12D72847 
  44      A8A5
  45 0081 3E56B481 		.ascii	">V\264\201\005\311\243\232k\037\224\305*L\246\317\361"
ARM GAS  /tmp/cc4wbPeN.s 			page 3


  45      05C9A39A 
  45      6B1F94C5 
  45      2A4CA6CF 
  45      F1
  46 0092 AB061630 		.ascii	"\253\006\0260\300\250WSk\267\351*\231\0048\370\370e"
  46      C0A85753 
  46      6BB7E92A 
  46      990438F8 
  46      F865
  47 00a4 E756C3AF 		.ascii	"\347V\303\257\216\032\372\371\330\221\263Y?\205 x?W"
  47      8E1AFAF9 
  47      D891B359 
  47      3F852078 
  47      3F57
  48 00b6 CBBCF505 		.ascii	"\313\274\365\005\357J\031\227\325\355Y\222GL\",\201"
  48      EF4A1997 
  48      D5ED5992 
  48      474C222C 
  48      81
  49 00c7 38201611 		.ascii	"8 \026\021@\021\001\301&\201e\004\031\276\034\377\324"
  49      401101C1 
  49      26816504 
  49      19BE1CFF 
  49      D4
  50 00d8 223A6651 		.ascii	"\":fQ/\327;\015\275K\375\220\351R\357\377\201\272\202"
  50      2FD73B0D 
  50      BD4BFD90 
  50      E952EFFF 
  50      81BA82
  51 00eb A0C2BF2F 		.ascii	"\240\302\277/\357g|.\207]+V\341\002\257\245\327\250"
  51      EF677C2E 
  51      875D2B56 
  51      E102AFA5 
  51      D7A8
  52 00fd CAFDEF29 		.ascii	"\312\375\357)Y}s\017\271\323^@\3015&:HMN\250\314:o\235"
  52      597D730F 
  52      B9D35E40 
  52      C135263A 
  52      484D4EA8 
  53 0115 6E357978 		.ascii	"n5yxr\011\221\346\030\2529WHS+5\021o\247:\245\036\025"
  53      720991E6 
  53      18AA3957 
  53      48532B35 
  53      116FA73A 
  54 012c 364F5A9E 		.ascii	"6OZ\236 \232H\354&a\033\210m\277\266\305\005\007J\\"
  54      209A48EC 
  54      26611B88 
  54      6DBFB6C5 
  54      05074A5C 
  55 0140 5E13B56C 		.ascii	"^\023\265l\275Oa\330\233\275T{\251+\257n\311\333\270"
  55      BD4F61D8 
  55      9BBD547B 
  55      A92BAF6E 
  55      C9DBB8
  56 0153 F3F99BD7 		.ascii	"\363\371\233\327>\312ZB\372\331t\275\325\336\364\233"
  56      3ECA5A42 
  56      FAD974BD 
ARM GAS  /tmp/cc4wbPeN.s 			page 4


  56      D5DEF49B 
  57 0163 C8C7B8FB 		.ascii	"\310\307\270\373\205\303&\271Qf\235k\034H\021v\336\255"
  57      85C326B9 
  57      51669D6B 
  57      1C481176 
  57      DEAD
  58 0175 CF1C3056 		.ascii	"\317\0340V\344TL\366\233\344\301:L\334\264\356EE[\372"
  58      E4544CF6 
  58      9BE4C13A 
  58      4CDCB4EE 
  58      45455BFA 
  59 0189 5AA4C192 		.ascii	"Z\244\301\222r\026\"&\365\340\001\214<9\255;\333\300"
  59      72162226 
  59      F5E0018C 
  59      3C39AD3B 
  59      DBC0
  60 019b 2097A80A 		.ascii	" \227\250\012n'\363\345B\267f\235\335L\254\317o\355"
  60      6E27F3E5 
  60      42B7669D 
  60      DD4CACCF 
  60      6FED
  61 01ad 79ED9A9D 		.ascii	"y\355\232\235xh\325\234\330K.zl\220\333\006\335\230"
  61      7868D59C 
  61      D84B2E7A 
  61      6C90DB06 
  61      DD98
  62 01bf 5FADF814 		.ascii	"_\255\370\024\310\211><\262A\273\311\272n\203<*\377"
  62      C8893E3C 
  62      B241BBC9 
  62      BA6E833C 
  62      2AFF
  63 01d1 F6F3A4DB 		.ascii	"\366\363\244\333\016\003<F\200\251\266z\243\253\376"
  63      0E033C46 
  63      80A9B67A 
  63      A3ABFE
  64 01e0 5FB4F562 		.ascii	"_\264\365b\323\322\206\337\265M\230\344EEi\323-m[J\233"
  64      D3D286DF 
  64      B54D98E4 
  64      454569D3 
  64      2D6D5B4A 
  65 01f5 C74AD54C 		.ascii	"\307J\325L7z\377+\331\023+\231\366\227dO\177&{f'k!^"
  65      377AFF2B 
  65      D9132B99 
  65      F697644F 
  65      7F267B66 
  66 020d 284D5B6D 		.ascii	"(M[m\264~\2124\027\312\037\011\0078\032\012\031\366"
  66      B47E8A34 
  66      17CA1F09 
  66      07381A0A 
  66      19F6
  67 021f 131D37CE 		.ascii	"\023\0357\316\235=o\214F\307.\214\033\341\350\310H4"
  67      9D3D6F8C 
  67      46C72E8C 
  67      1BE1E8C8 
  67      4834
  68 0231 629C3833 		.ascii	"b\23483tj\350\242\021\231\030\016\207\302\002\021\307"
  68      746AE8A2 
ARM GAS  /tmp/cc4wbPeN.s 			page 5


  68      1199180E 
  68      87C20211 
  68      C7
  69 0242 E8D870F4 		.ascii	"\350\330p\364\007D\001\025\374"
  69      07440115 
  69      FC
  70              		.text
  71              		.section	.gnu.lto_nvicDisableVector.10cf9dc1c7d41601,"",%progbits
  72 0000 789C9592 		.ascii	"x\234\225\222\317k\023A\024\307\337w\336&\331\332&^"
  72      CF6B1341 
  72      14C7DF77 
  72      DE26D9DA 
  72      265E
  73 0012 0583F620 		.ascii	"\005\203\366 \224\"d\310\237 \202\267^\374\017$\010"
  73      942264C8 
  73      9F2082B7 
  73      5EFC0F24 
  73      08
  74 0023 0A36112B 		.ascii	"\0126\021+\305['\375\261\205\212Z\264M\255\0306B\244"
  74      C55B27FD 
  74      B1858A5A 
  74      B44DAD18 
  74      3642A4
  75 0036 696B9BFE 		.ascii	"ik\233\376\210\332z\012\213 \001\243(x\022<X\021=T\264"
  75      88DA7A0A 
  75      8B2001A3 
  75      2878123C 
  75      58113D54 
  76 004b F4E0A1AD 		.ascii	"\364\340\241\255\276\331\365 xr\330\235\2317\373y\357"
  76      BED9F520 
  76      7872D89D 
  76      9937FB79 
  76      EF
  77 005c FBDE9B8D 		.ascii	"\373\336\233\215\221\242\363\212H\023\321Qy\301\004"
  77      91A2F38A 
  77      4813D151 
  77      79C104
  78 006b 35F98AA8 		.ascii	"5\371\212\250\350*\300n\214\013\032R\030\302-\236a\004"
  78      E82AC06E 
  78      8C0B1A52 
  78      18C22D9E 
  78      6104
  79 007d E39F3755 		.ascii	"\343\2377U\357\234\221\321\234i\304=3v\304g\242Yy\355"
  79      EF9C91D1 
  79      9C69C43D 
  79      3376C467 
  79      A25979ED 
  80 0091 C01C7A85 		.ascii	"\300\034z\205z3\272r\237o\262\317\200#\346\217\366\275"
  80      7A33BA72 
  80      9F6FB2CF 
  80      8023E68F 
  80      F6BD
  81 00a3 AD943515 		.ascii	"\255\2245\025\272\305\3347S\245\024g@\262\237\015\246"
  81      BAC5DC37 
  81      53A51467 
  81      40B29F0D 
  81      A6
ARM GAS  /tmp/cc4wbPeN.s 			page 6


  82 00b4 DF277B1E 		.ascii	"\337'{\036\0323l\232/\247\330\234\360\231\261\000\226"
  82      1A336C9A 
  82      2FA7D89C 
  82      F099B100 
  82      96
  83 00c5 8098471A 		.ascii	"\200\230G\0325\244I\216\010\213\350\261\374\307\325"
  83      35A4498E 
  83      088BE8B1 
  83      FCC7D5
  84 00d4 83E964DC 		.ascii	"\203\351d\334\211\004\361\010q\310Z\177\213\2469\370"
  84      8904F108 
  84      71C85A7F 
  84      8BA639F8 
  85 00e4 356E9A9F 		.ascii	"5n\232\237\252xw\306\005,\256\304\321a;92\305\210&\304"
  85      AA7877C6 
  85      052CAEC4 
  85      D1613B39 
  85      32C58826 
  86 00f9 C756749D 		.ascii	"\307Vt\235\225]\371+Fv\274\366z\0056N\231U\231!\012"
  86      955DF92B 
  86      4676BCF6 
  86      7A05364E 
  86      99559921 
  87 010e ADEAB3BD 		.ascii	"\255\352\263\275.\233l\0141,\211\274`{\336|G\004q\004"
  87      2E9B6C0C 
  87      312C89BC 
  87      607BDE7C 
  87      47047104 
  88 0122 DDA92E6F 		.ascii	"\335\251.o&-\344\3408\226#\350\273\327JD\220\255\271"
  88      262DE4E0 
  88      389623E8 
  88      BBD74A44 
  88      90ADB9
  89 0135 F1FC85E7 		.ascii	"\361\374\205\347Fa\200:\322\342*PPji\313\010P\032\013"
  89      4661803A 
  89      D2E22A50 
  89      506A69CB 
  89      08501A0B 
  90 0149 5E272C10 		.ascii	"^',\020\017\033\321x\360\355gWd\232`\304\244\344\350"
  90      0F1BD178 
  90      F0ED6757 
  90      649A60C4 
  90      A4E4E8
  91 015c F6F6CE46 		.ascii	"\366\366\316F\312G\271(\315\256\034\3639\201U\351\310"
  91      CA47B928 
  91      CDAE1CF3 
  91      398155E9 
  91      C8
  92 016d 8AA85987 		.ascii	"\212\250Y\207\366\207\265\311\303z\311\214\026M\267"
  92      F687B5C9 
  92      C37AC98C 
  92      164DB7
  93 017c CF2ED6E0 		.ascii	"\317.\326\340\343nx\0156\332\302n\215\263u\373\2612"
  93      E36E780D 
  93      36DAC26E 
  93      8DB375FB 
  93      B132
ARM GAS  /tmp/cc4wbPeN.s 			page 7


  94 018e E87307D6 		.ascii	"\350s\007\326\241\245\302\360\212\032\310J\2126\231"
  94      A1A5C2F0 
  94      8A1AC84A 
  94      8A3699
  95 019d DD2FB5AD 		.ascii	"\335/\265\255\304\237t\376G\354\020\036\207b\370W,\357"
  95      C49F74FE 
  95      47EC101E 
  95      8762F857 
  95      2CEF
  96 01af 73279E58 		.ascii	"s'\236X1\204bO\221\375\273\326N\0206$\3466\206+\213"
  96      3184624F 
  96      91FDBBD6 
  96      4E103624 
  96      E636862B 
  97 01c4 37C2C687 		.ascii	"7\302\306\207\377\315\204\340r%\222\340\311LFGOa@_8"
  97      FFCD84E0 
  97      722592E0 
  97      C94C4647 
  97      4F61405F 
  98 01d9 77495F2E 		.ascii	"wI_.\\\271:\240s\205\376\376B^\237:\333w\272\357\232"
  98      5CB93AA0 
  98      7385FEFE 
  98      425E9F3A 
  98      DB77BAEF 
  99 01ee CE0F5ECC 		.ascii	"\316\017^\314er\204\374o\002\365\321\032"
  99      657284FC 
  99      6F02F5D1 
  99      1A
 100              		.text
 101              		.section	.gnu.lto_nvicSetSystemHandlerPriority.10cf9dc1c7d41601,"",%progbits
 102 0000 789C6D51 		.ascii	"x\234mQ\317KTQ\024>\337=\357WA\256\245\\\270\010\006"
 102      CF4B5451 
 102      143EDF3D 
 102      EF5741AE 
 102      A55CB808 
 103 0015 89E6E1A6 		.ascii	"\211\346\341\246E\273p\355\246\377@\306@A\347\311\030"
 103      45BB70ED 
 103      A6FF40C6 
 103      4041E7C9 
 103      18
 104 0026 D1CEFBDE 		.ascii	"\321\316\373\336\250C\006\026\3258\032=\336\200\204"
 104      A8430616 
 104      D5381A3D 
 104      DE8084
 105 0035 A5D968B5 		.ascii	"\245\331h\265\031\032b\230U\263\260\250\245\2732\212"
 105      191A6298 
 105      55B3B0A8 
 105      A5BB328A 
 106 0045 8106FAE1 		.ascii	"\201\006\372\3416\353\334\347\004-\272\334\373\336="
 106      36EBDCE7 
 106      042DBADC 
 106      FBDE3D
 107 0054 3FBE73BF 		.ascii	"?\276s\277\357\034\233\024uAt\221\210\316\310\001\023"
 107      EF1C9B14 
 107      75417491 
 107      88CEC801 
 107      13
ARM GAS  /tmp/cc4wbPeN.s 			page 8


 108 0065 D4ED3744 		.ascii	"\324\3557D\241\247\000s\321\036hNa\016\267\270\302h"
 108      A1A70073 
 108      D11E684E 
 108      610EB7B8 
 108      C268
 109 0077 953ED7D5 		.ascii	"\225>\327\325\320\206\226\325\254\034:\213z\241?a\242"
 109      D08696D5 
 109      AC1C3A8B 
 109      7AA13F61 
 109      A2
 110 0088 35396661 		.ascii	"59fa\003C\222\365n~\347\001/s\302\200%\346\367\275\373"
 110      034392F5 
 110      6E7EE701 
 110      2F73C280 
 110      25E6F7BD 
 111 009d 077DC654 		.ascii	"\007}\306T\030\024\263x\367U\303\343,H\356]\335\016"
 111      1814B378 
 111      F755C3E3 
 111      2C48EE5D 
 111      DD0E
 112 00af 9DCC43AD 		.ascii	"\235\314C\255#\335\374Tf}6a\306&X\012\3421\006\360\010"
 112      23DDFC54 
 112      667D3661 
 112      C626580A 
 112      E23106F0 
 113 00c4 03242EC2 		.ascii	"\003$.\302\0262\222\276\025}\3512_H\2417\332\277\016"
 113      163292BE 
 113      157DE932 
 113      5F48A137 
 113      DABF0E
 114 00d7 DC1EF4B0 		.ascii	"\334\036\364\260\322\203>\371\017t\033\031\223\377q"
 114      D2833EF9 
 114      0F741B19 
 114      93FF71
 115 00e6 F7A87CCA 		.ascii	"\367\250|\312\261\326\377\322\305S8\242\234j\357\321"
 115      B1D6FFD2 
 115      C55338A2 
 115      9C6AEFD1 
 116 00f6 D447BF4B 		.ascii	"\324G\277KB\240\177\377\247\347\002\006\241\004k\261"
 116      42A07FFF 
 116      A7E70206 
 116      A1046BB1 
 117 0106 F9D8308F 		.ascii	"\371\3300\217\023-\011\3104\344&+\363\347\016\242\037"
 117      132D09C8 
 117      34E4262B 
 117      F3E70EA2 
 117      1F
 118 0117 A5BD7A03 		.ascii	"\245\275z\003\246P\314*fP\007\305o\213=\007\213\357"
 118      A650CC2A 
 118      665007C5 
 118      6F8B3D07 
 118      8BEF
 119 0129 DF5ED8B0 		.ascii	"\337^\330\260P\023N\035\264V\332\347M\216DW\026Zo]\023"
 119      50134E1D 
 119      B456DAE7 
 119      4D8E4457 
 119      165A6F5D 
ARM GAS  /tmp/cc4wbPeN.s 			page 9


 120 013e 75524D61 		.ascii	"uRMa\275q\317>6\365~Q\367\031\374j\364\301K\020\207"
 120      BD71CF3E 
 120      36F57E51 
 120      F719FC6A 
 120      F4C14B10 
 121 0153 D2F2EAE9 		.ascii	"\322\362\352\351\204]\354\212\270\035)d\000_\313\257"
 121      845DEC8A 
 121      B81D2964 
 121      005FCBAF 
 122 0163 374FFADB 		.ascii	"7O\372\333z>\324\203\011{x\206\004\253\3510$\270~'\036"
 122      7A3ED483 
 122      097B7886 
 122      04ABE930 
 122      24B87E27 
 123 0178 19AE9958 		.ascii	"\031\256\231X5\237\360\011<\207\037\263\235\316\351"
 123      359FF009 
 123      3C871FB3 
 123      9DCEE9
 124 0187 058685A1 		.ascii	"\005\206\205\241\214>\252\276\\N\011\247\363[\022\015"
 124      8C3EAABE 
 124      5C4E09A7 
 124      F35B120D 
 125 0197 A24D119D 		.ascii	"\242M\021\235\313f\375\343\035\314\372\023cS\376LP\270"
 125      CB66FDE3 
 125      1DCCFA13 
 125      6353FE4C 
 125      50B8
 126 01a9 3AEBE782 		.ascii	":\353\347\202\351\351 \357_\272<:2z\335\317_\233\314"
 126      E9E920EF 
 126      5FBA3C3A 
 126      327ADDCF 
 126      5F9BCC
 127 01bc 6573E44E 		.ascii	"es\344N\214\345\307\247\256\024\254\231\302d\360\007"
 127      8CE5C7A7 
 127      AE14AC99 
 127      C264F007 
 128 01cc EEC2ACC0 		.ascii	"\356\302\254\300"
 129              		.text
 130              		.section	.gnu.lto_nvicClearPending.10cf9dc1c7d41601,"",%progbits
 131 0000 789C2D51 		.ascii	"x\234-Q\317O\023Q\020\236\357\315n[\022Z\257&6\312\301"
 131      CF4F1351 
 131      109EEFCD 
 131      6E5B125A 
 131      AF2636CA 
 132 0015 8410927D 		.ascii	"\204\020\222}\341O0\036<q\361?0\275h\"\255\021C\274"
 132      E14F301E 
 132      3C71F13F 
 132      30BD6822 
 132      AD1143BC 
 133 0029 F15AA08D 		.ascii	"\361Z\240\215\230\010Q(bl\266\306\032~(\024\320\203"
 133      98085128 
 133      626CB6C6 
 133      1A7E2814 
 133      D083
 134 003b E0A5D978 		.ascii	"\340\245\331x\341\200\006\257\032\017\232\230x\200h"
 134      E18006AF 
 134      1A0F9A98 
ARM GAS  /tmp/cc4wbPeN.s 			page 10


 134      788068
 135 004a E3C103A0 		.ascii	"\343\301\003\2403\273\274\354{;\363\275o\276\2317\343"
 135      33BBBCEC 
 135      7B3BF3BD 
 135      6FBE9937 
 135      E3
 136 005b 93A14310 		.ascii	"\223\241C\020Y\":'\033L0\263\037\210\312\031\003\250"
 136      59223A27 
 136      1B4C30B3 
 136      1F88CA19 
 136      03A8
 137 006d E132A071 		.ascii	"\3412\240q\203q\314\360\002#\252\375\3306\003KNVga'"
 137      8371CCF0 
 137      0223AAFD 
 137      D836034B 
 137      4E566761 
 138 0082 5D755367 		.ascii	"]uSgC&Z\224\255\013K\030\020\326\376\344\306S~\300!"
 138      43265A94 
 138      AD0B4B18 
 138      10D6FEE4 
 138      C6537EC0 
 139 0097 039EB8BF 		.ascii	"\003\236\270\277\367\236|\317\251k\320'\356\261\233"
 139      F79E7CCF 
 139      A96BD027 
 139      EEB19B
 140 00a6 ABE73800 		.ascii	"\253\3478\000\211\275\030\315\177\316\366\277p\256\342"
 140      89BD18CD 
 140      7FCEF6BF 
 140      70AEE2
 141 00b5 3AEFE7D8 		.ascii	":\357\347\330]\014\231\261\012\026A\254 \217e\344I "
 141      5D0C99B1 
 141      0A1641AC 
 141      208F65E4 
 141      4920
 142 00c7 C24BF42B 		.ascii	"\302K\364+\377\333\346\311|6\345%\011\361\012)\251\235"
 142      FFDBE6C9 
 142      7C36E525 
 142      09F10A29 
 142      A99D
 143 00d9 DA9FD071 		.ascii	"\332\237\320q'\377j\256\363\245\205\375+\031@\351F\002"
 143      27FF6AAE 
 143      F3A585FD 
 143      2B1940E9 
 143      4602
 144 00eb 3DD6C393 		.ascii	"=\326\303\223\303\367\325\"\232\226@}\326}6\372\347"
 144      C3F7D522 
 144      9A96407D 
 144      D67D36FA 
 144      E7
 145 00fc 9F98E856 		.ascii	"\237\230\350V\217\3375\241b\0156\015\206\244\331m\355"
 145      8FDF35A1 
 145      620D360D 
 145      86A4D96D 
 145      ED
 146 010d 1CF56AC5 		.ascii	"\034\365j\305>|\254I\015B;\252\336\353IH\234\220\036"
 146      3E7CAC49 
 146      0D423BAA 
ARM GAS  /tmp/cc4wbPeN.s 			page 11


 146      DEEB4948 
 146      9C901E
 147 0120 B5D6B7B3 		.ascii	"\265\326\267\263J\362p\001\353\011\351Wu%\235\220<\014"
 147      4AF27001 
 147      EB09E957 
 147      75259D90 
 147      3C0C
 148 0132 E6852A60 		.ascii	"\346\205*`\245[;U\367\005\026 \252\357\006\012\210F"
 148      A55B3B55 
 148      F7051620 
 148      AAEF060A 
 148      8846
 149 0144 7D2AFA98 		.ascii	"}*\372\230V\215T\334\2167\317\016\377\366&\256\213&"
 149      568D54DC 
 149      8E37CF0E 
 149      FFF626AE 
 149      8B26
 150 0156 5C4EA087 		.ascii	"\\N\240\207\007\335\267\271\020\215\262\264\274y>\344"
 150      07DDB7B9 
 150      108DB2B4 
 150      BC793EE4 
 151 0166 3436A42F 		.ascii	"46\244/mI\247\001{_\267f\317\33057Yv}!g\260\211\020"
 151      6D49A701 
 151      7B5FB766 
 151      CFD83537 
 151      59767D21 
 152 017e 8FE361A8 		.ascii	"\217\343a\250\332\352\237e\036j\353es,\344\036l\301"
 152      DAEA9F65 
 152      1E6AEB65 
 152      732CE41E 
 152      6CC1
 153 0190 CA13E341 		.ascii	"\312\023\343A\275\306\220\324C\007\2504\237\317\304"
 153      BDC690D4 
 153      4307A834 
 153      9FCFC4
 154 019f E5C5039C 		.ascii	"\345\305\003\234fh[\2043\030\0046\371J\243\366\372\265"
 154      66685B84 
 154      33180436 
 154      F94AA3F6 
 154      FAB5
 155 01b1 9BF656E9 		.ascii	"\233\366V\351\366\235Q[(\215\214\224\212\366\322\325"
 155      F69D515B 
 155      288D8C94 
 155      8AF6D2D5 
 156 01c1 E1CBC377 		.ascii	"\341\313\303wmq\354F!(\020\212\377\00145\250\304"
 156      6D71EC46 
 156      2128108A 
 156      FF013435 
 156      A8C4
 157              		.text
 158              		.section	.gnu.lto_.symbol_nodes.10cf9dc1c7d41601,"",%progbits
 159 0000 789C6365 		.ascii	"x\234ce`b\360b\000\002\246\333\214\365\014\014\023\316"
 159      6062F062 
 159      0002A6DB 
 159      8CF50C0C 
 159      13CE
 160 0012 313000A9 		.ascii	"10\000\251]\015\216@\221;\214\365\214\250\"w\031\353"
ARM GAS  /tmp/cc4wbPeN.s 			page 12


 160      5D0D8E40 
 160      913B8CF5 
 160      8CA82277 
 160      19EB
 161 0024 995045EE 		.ascii	"\231PE\3561\3263\243\2100\000\000\352X\0232"
 161      31D633A3 
 161      88300000 
 161      EA581332 
 162              		.text
 163              		.section	.gnu.lto_.refs.10cf9dc1c7d41601,"",%progbits
 164 0000 789C6365 		.ascii	"x\234ce`b`d\000\002\000\000I\000\011"
 164      60626064 
 164      00020000 
 164      490009
 165              		.text
 166              		.section	.gnu.lto_.decls.10cf9dc1c7d41601,"",%progbits
 167 0000 789CBD59 		.ascii	"x\234\275YkPTG\026\236\276=\3000 \272H%f\227l\245,S"
 167      6B505447 
 167      169EBE3D 
 167      C03020BA 
 167      48256697 
 168 0018 B295C441 		.ascii	"\262\225\304A\315n\362gk%\243\256T\312\204\032\214\265"
 168      CD6EF267 
 168      6B25A3AE 
 168      54CA841A 
 168      8CB5
 169 002a 3FB68A22 		.ascii	"?\266\212\"8Y\331BH\001n\305\037[{\021\210\210\221\200"
 169      3859D942 
 169      48016EC5 
 169      1F5B7B11 
 169      88889180 
 170 003e E283878A 		.ascii	"\342\203\207\212 \"\242\"\202\200\": \"\240 \202\210"
 170      2022A222 
 170      8280223A 
 170      2022A020 
 170      8288
 171 0050 BC1C4440 		.ascii	"\274\034D@^*\017_ \201=\375\2703\227\353\214\225\037"
 171      5E2A0F5F 
 171      20813DFD 
 171      B83397EB 
 171      8C951F
 172 0063 5B7BCB33 		.ascii	"[{\31333\247\373\353\323_\237\323}\372\\tP\011\252?"
 172      33A7FBEB 
 172      D35F9FD3 
 172      7DFA5C74 
 172      5009AA3F 
 173 0077 BFA7527D 		.ascii	"\277\247R}$\250T\007\221J5\013\217\203J\245:\255\262"
 173      24A85407 
 173      914A350B 
 173      8F834AA5 
 173      3AADB2
 174 008a 3E6A908B 		.ascii	">j\220\213 \227AL \225\2527\237\2550v\036|o\004q\007"
 174      2097414C 
 174      2095AA37 
 174      9FAD3076 
 174      1E7C6F04 
 175 00a0 F1002904 		.ascii	"\361\000)\004\361\004Y\012\3625i\003\314B\220\016\370"
ARM GAS  /tmp/cc4wbPeN.s 			page 13


 175      F104590A 
 175      F2356903 
 175      CC42900E 
 175      F8
 176 00b1 DD0E320C 		.ascii	"\335\0162\0142\004\202A\004hw\006q\002A|>\345\363o\350"
 176      32048241 
 176      04687706 
 176      7102417C 
 176      3EE5F36F 
 177 00c6 70B53187 		.ascii	"p\2651\207\322\276dW\232\007\226\246\322 6\007\342\353"
 177      D2BE6457 
 177      9A0796A6 
 177      D2203607 
 177      E2EB
 178 00d8 503E51D0 		.ascii	"P>Q\320\241\265\303\237\3306B\177\020\210\017b6\211"
 178      A1B5C39F 
 178      D836427F 
 178      10880F62 
 178      3689
 179 00ea 9D2FB93D 		.ascii	"\235/\271=\023\327#\321\\\233\261vl\022\276~6\370\222"
 179      13D723D1 
 179      5C9BB176 
 179      6C12BE7E 
 179      36F892
 180 00fd E1CEDCA6 		.ascii	"\341\316\334\246-\037\037\300\250xwU\271p\037u\"X\023"
 180      2D1F1FC0 
 180      A8787755 
 180      B9701F75 
 180      225813
 181 0110 5A405B11 		.ascii	"Z@[\021b\237\210\012Ug\245\007!\332\016\255\202\212"
 181      629F880A 
 181      5567A507 
 181      21DA0EAD 
 181      828A
 182 0122 1B969A90 		.ascii	"\033\226\232\2204\202\353\002W\005n\222\376\343\203"
 182      3482EB02 
 182      57056E92 
 182      FEE383
 183 0131 91CC22EB 		.ascii	"\221\314\"\353f3I\017\343\316~\320a\322h$X'@H>@f\220"
 183      6633490F 
 183      E3CE7ED0 
 183      61D26824 
 183      58274048 
 184 0149 D1E6FD16 		.ascii	"\321\346\375\026~*\353\342\220\264\372\261\224\233\375"
 184      7E2AEBE2 
 184      90B4FAB1 
 184      949BFD
 185 0158 5A33EA22 		.ascii	"Z3\352\"\255\031\253\020mK\273\323\223%`\010-\3746O"
 185      AD19AB10 
 185      6D4BBBD3 
 185      93256008 
 185      2DFC364F 
 186 016c 9E58BBEC 		.ascii	"\236X\273\354\224\310\036\315GV\267u\325\344\346\341"
 186      94C81ECD 
 186      4756B775 
 186      D5E4E6E1 
 187 017c 048C966A 		.ascii	"\004\214\226j\021\231s>4\345\217\\\230\234\307\232\010"
ARM GAS  /tmp/cc4wbPeN.s 			page 14


 187      1199733E 
 187      34E58F5C 
 187      989CC79A 
 187      08
 188 018d A2E9E7F1 		.ascii	"\242\351\347\361cN\330\223\376\276\035s6\235\240\335"
 188      634ED893 
 188      FEBE1D73 
 188      369DA0DD 
 189 019d B5484D66 		.ascii	"\265HMf\255O}\350\006\252\207\026}p\000\013)u\255\225"
 189      AD4F7DE8 
 189      06AA8716 
 189      7D70000B 
 189      2975AD95 
 190 01b1 6AE4A53D 		.ascii	"j\344\245=N&1\315>[\232\264C\024\005T\200\264\3504\302"
 190      4E2631CD 
 190      3E5B9AB4 
 190      43140554 
 190      80B4E834 
 191 01c6 E8245A46 		.ascii	"\350$ZF(/%\201\217\023\305\355bb\264\350\274N\205\362"
 191      282F2581 
 191      8F13C5ED 
 191      6262B4E8 
 191      BC4E85F2 
 192 01da 91273A83 		.ascii	"\221':\203<U\350,\362\"\223\022\034:\005\215y\320\010"
 192      3C55E82C 
 192      F2229312 
 192      1C3A058D 
 192      79D008
 193 01ed B3E41E4B 		.ascii	"\263\344\036K\312t\304\177'\004\204\352\313\035\367"
 193      CA74C47F 
 193      270484EA 
 193      CB1DF7
 194 01fc D448EB65 		.ascii	"\324H\353es|\221\215\361\214\313\323\364\305\325\261"
 194      737C918D 
 194      F18CCBD3 
 194      F4C5D5B1 
 195 020c 844B2170 		.ascii	"\204K!p9g\345\002\324\230\033*'\315\013\324d\347\020"
 195      3967E502 
 195      D4981B2A 
 195      27CD0BD4 
 195      64E710
 196 021f C0B76AD2 		.ascii	"\300\267j\322\024\237];\205-m\347\021m\2746\373\322"
 196      149F5D3B 
 196      852D6DE7 
 196      116DBC36 
 196      FBD2
 197 0231 349F3940 		.ascii	"4\2379@ \276\031\275y\310\2059`\001\2507n\217\267\272"
 197      20BE19BD 
 197      79C88539 
 197      6001A837 
 197      6E8FB7BA 
 198 0245 2EDA4F9D 		.ascii	".\332O\235\034-.\020\320\306wP)\020)\001\"*t\001-\202"
 198      1C2D2E10 
 198      D0C67750 
 198      29102901 
 198      222A7401 
 199 025b CF62A466 		.ascii	"\317b\244fSN\337\213\032q\\\234!ft\203\257r\227<:'\212"
ARM GAS  /tmp/cc4wbPeN.s 			page 15


 199      534EDF8B 
 199      1A715C9C 
 199      21667483 
 199      AF72973C 
 200 0272 40515413 		.ascii	"@QT\023\034\312\265r\204\237\360y\002\231\021\312A\367"
 200      1CCAB572 
 200      849FF079 
 200      029911CA 
 200      41F7
 201 0284 61035C44 		.ascii	"a\003\\D\213ax\313\375\362Q\214\313\020\262C\277\352"
 201      8B6178CB 
 201      FDF2518C 
 201      CB10B243 
 201      BFEA
 202 0296 6CDE2F6E 		.ascii	"l\336/nv\271\224S.\227$.\373\317\345\317\010\234K\323"
 202      76B99453 
 202      2E97242E 
 202      FBCFE5CF 
 202      089C4BD3 
 203 02aa 7B29A269 		.ascii	"{)\242i\273H\274\005(TfeR\246dr\2312)x5\034\215q=cr"
 203      BB48BC05 
 203      28546665 
 203      52A66472 
 203      99322978 
 204 02c5 7C78EA82 		.ascii	"|x\352\202\253d\351w\026KdMW\254\226\256(-\231\250\245"
 204      AB64E977 
 204      164B644D 
 204      57AC96AE 
 204      282D99A8 
 205 02da F29C03BE 		.ascii	"\362\234\003\276x\210\031*+m\177\251\341\206\206\336"
 205      7888192A 
 205      2B6D7FA9 
 205      E18686DE 
 206 02ea 9F43A9C2 		.ascii	"\237C\251\302j\250Bi\250\222\032:\325r\244\314\225\205"
 206      6AA84269 
 206      A8921A3A 
 206      D572A4CC 
 206      9585
 207 02fc 49F4241B 		.ascii	"I\364$\033\265bG\021\327G\235@O>\375\260\0041=\321\003"
 207      B5624711 
 207      D7479D40 
 207      4F3EFDB0 
 207      04313DD1 
 208 0311 F481969C 		.ascii	"\364\201\226\234\324y,\216\342Q\004\015\207\246\247"
 208      D4792C8E 
 208      E251040D 
 208      87A6A7
 209 0320 63D4F835 		.ascii	"c\324\3705\243\362\340\356\314\015\276\353\243\035\310"
 209      A3F2E0EE 
 209      CC0DBEEB 
 209      A31DC8
 210 032f 29281EDC 		.ascii	")(\036\334\343\242\215#\236\245[\220tH\233P\205j\311"
 210      E3A28D23 
 210      9EA55B90 
 210      74489B50 
 210      856AC9
 211 0342 9E423A4F 		.ascii	"\236B:OT\303\266\357DGE\206\326=\221\242E\361\0035\215"
ARM GAS  /tmp/cc4wbPeN.s 			page 16


 211      54C3B6EF 
 211      44474586 
 211      D63D91A2 
 211      45F10335 
 212 0357 5135C0AF 		.ascii	"Q5\300\257Qx\035r\227\006\021tovo\2063g\356\010\372"
 212      51781D72 
 212      97061174 
 212      6F766F86 
 212      3367EE08 
 213 036c 8F493D59 		.ascii	"\217I=Yn\2349!\326\230\364\323^5gJ\016kBk\322_p,;\344"
 213      6E9C3921 
 213      D698F4D3 
 213      5E35674A 
 213      0E6B426B 
 214 0386 F70AF69E 		.ascii	"\367\012\366\236u`\330\247\004;6\223\275\317\321.\317"
 214      7560D8A7 
 214      043B3693 
 214      BDCFD12E 
 214      CF
 215 0397 4689E72D 		.ascii	"F\211\347-\3063?\2667W\003\243=!\023 Y\032\360di\240"
 215      C6333FB6 
 215      375703A3 
 215      3D211320 
 215      591AF064 
 216 03ad C834715A 		.ascii	"\3104qZ\215\343\350LBqQo\252Vv\322\337)\025\305\005"
 216      8DE3E84C 
 216      4271516F 
 216      AA5676D2 
 216      DF2915C5 
 217 03c2 A80516D6 		.ascii	"\250\005\026\326l\215\215\247\345\240\217f\212x\221"
 217      6C8D8DA7 
 217      E5A08F66 
 217      8A7891
 218 03d1 0AADF444 		.ascii	"\012\255\364D\336pL\357\3001\365\344\307\264\011\350"
 218      DE704CEF 
 218      C031F5E4 
 218      C7B409E8 
 219 03e1 DCE6C7FC 		.ascii	"\334\346\307\374\310\211\252yx\017\233 e_E\221\233e"
 219      C889AA79 
 219      780F9B20 
 219      655F4591 
 219      9B65
 220 03f3 0238BE85 		.ascii	"\0028\276\205\364\370\336\203\031\356ZghAv\246h\265"
 220      F4F8DE83 
 220      19EE5A67 
 220      684176A6 
 220      68B5
 221 0405 3DC544DF 		.ascii	"=\305D\337\245\022Gk(\020\265W\017\3757\251G\332h(\032"
 221      A512476B 
 221      2810B557 
 221      0FFD37A9 
 221      47DA6828 
 222 041a A550649C 		.ascii	"\245Pd\234J\031q\"\356\213\376u\326\315b\354\220\223"
 222      4A197122 
 222      EE8BFE75 
 222      D6CD62EC 
 222      9093
ARM GAS  /tmp/cc4wbPeN.s 			page 17


 223 042c DC7AFBDB 		.ascii	"\334z\373\333\254\027\233\223w\362-\231Ar\351\305\256"
 223      AC179B93 
 223      77F22D99 
 223      4172E9C5 
 223      AE
 224 043d 31930BD3 		.ascii	"1\223\013\323\273\211\373'G\016\266hx\240\335@\277:"
 224      BB89FB27 
 224      470EB668 
 224      78A0DD40 
 224      BF3A
 225 044f 913EE68A 		.ascii	"\221>\346\212SY\244+;\312\343x\244?\003u\373PA\232\263"
 225      5359A42B 
 225      3BCAE378 
 225      A43F0375 
 225      FB50419A 
 226 0464 DD403F90 		.ascii	"\335@?\220\002\335\315x\306\366\037\352\024\224\033"
 226      02DDCD78 
 226      C6F61FEA 
 226      14941B
 227 0473 F23EC0BB 		.ascii	"\362>\300\273(\274\207\362| \361<\360x\362\267|?\312"
 227      28BC87F2 
 227      7C20F13C 
 227      F078F2B7 
 227      7C3FCA
 228 0486 53BE3B4D 		.ascii	"S\276;M\371\350\314\300\225t-gI\022\342\325\346\264"
 228      F9E8CCC0 
 228      95742D67 
 228      4912E2D5 
 228      E6B4
 229 0498 3C277C8C 		.ascii	"<'|\214\261|\026\037\373\222\237\033r\350Z\217\366\275"
 229      B17C161F 
 229      FB929F1B 
 229      72E85A8F 
 229      F6BD
 230 04aa D2DA6539 		.ascii	"\322\332e9 \261|\304X\306\247g\036rT\262\354\003x/\205"
 230      20B17CC4 
 230      58C6A767 
 230      1E7254B2 
 230      EC03782F 
 231 04bf 0F529603 		.ascii	"\017R\226\003\022\313\270S\011W1\213\325\257\271\025"
 231      12CBB853 
 231      0957318B 
 231      D5AFB915 
 232 04cf 60446D46 		.ascii	"`DmFq\312\234c9\3646\373/\213_w\360eg`\342\361\262\266"
 232      71CA9C63 
 232      39F436FB 
 232      2F8B5F77 
 232      F0656760 
 233 04e7 247E0F74 		.ascii	"$~\017t\313\217\255\007?\266Q\003gw`\234\313\3740q "
 233      CB8FAD07 
 233      3FB65103 
 233      6777609C 
 233      CBFC3071 
 234 04fc 76A78681 		.ascii	"v\247\206\201\337\005\265&-\375\367v\3350&\271a\224"
 234      DF05B526 
 234      2DFDF776 
 234      DD3026B9 
ARM GAS  /tmp/cc4wbPeN.s 			page 18


 234      6194
 235 050e D1BCDCD0 		.ascii	"\321\274\334\320Q\352\254t\303\023\200?\246\360qJsL"
 235      51EAAC74 
 235      C313803F 
 235      A6F0714A 
 235      734C
 236 0520 A259543E 		.ascii	"\242YT>\226-e\017B\263/\257'K\213\013\031\215\223\246"
 236      962D650F 
 236      42B32FAF 
 236      274B8B0B 
 236      198D93A6 
 237 0534 5D353C1C 		.ascii	"]5<\034\031$V\263i\243\207\\q)\353\224\002\351\316\003"
 237      192456B3 
 237      69A3875C 
 237      7129EB94 
 237      02E9CE03 
 238 0548 796BB0B8 		.ascii	"yk\260\270@\300\225\254\363\027sb\242\023\037I\366\246"
 238      40C095AC 
 238      F3177362 
 238      A2131F49 
 238      F6A6
 239 055a B9ADA5C0 		.ascii	"\271\255\245\300\025_g\235\305\375\265\325\322H\322"
 239      155F679D 
 239      C5FDB5D5 
 239      D248D2
 240 0569 B933BF67 		.ascii	"\2713\277g\227\003nd\235\017\272\036\305\273\341\026"
 240      97036E64 
 240      9D0FBA1E 
 240      C5BBE116 
 241 0579 A65CAFDE 		.ascii	"\246\\\257\336\376Olf\277o<\214\371\230\015\212!\011"
 241      FE4F6C66 
 241      BF6F3C8C 
 241      F9980D8A 
 241      2109
 242 058b FADAB182 		.ascii	"\372\332\261\202#\230\371/\203n\377\302\212\370\350"
 242      2398F92F 
 242      836EFFC2 
 242      8AF8E8
 243 059a F9B89782 		.ascii	"\371\270\227\202\347_}\220\223\246AK\370\263\220|x-"
 243      E75F7D90 
 243      93A6414B 
 243      F8B3907C 
 243      782D
 244 05ac C91463A2 		.ascii	"\311\024c\242D\323\255\256\217\007\357\304\210\342\217"
 244      44D3ADAE 
 244      8F07EFC4 
 244      88E28F
 245 05bb AEA803B9 		.ascii	"\256\250\003\271\243\006H\016\361\302B\313\261C7\250"
 245      A306480E 
 245      F1C242CB 
 245      B14337A8 
 246 05cb 9B969362 		.ascii	"\233\226\223b\225\015\030\332\014\0371\030\015\003\372"
 246      950D18DA 
 246      0C1F3118 
 246      0D03FA
 247 05da 15474B61 		.ascii	"\025GKaG/\347\240\243\001\035\234B\321dsD\011\014m\331"
 247      472FE7A0 
ARM GAS  /tmp/cc4wbPeN.s 			page 19


 247      A3011D9C 
 247      42D16473 
 247      44090C6D 
 248 05ef 5957E568 		.ascii	"YW\345h\222\247\232\270m\210\012\372\205\333\226b\305"
 248      92A79AB8 
 248      6D880AFA 
 248      85DB9662 
 248      C5
 249 0600 F7950C3D 		.ascii	"\367\225\014=.C\277P\242\237+y\327\311x\317(y\353\024"
 249      2E43BF50 
 249      A29F2B79 
 249      D7C978CF 
 249      2879EB14 
 250 0614 E0761978 		.ascii	"\340v\031xZ\011~\2554=%C?S\242'\254\350$\276\013W\251"
 250      5A097EAD 
 250      343D2543 
 250      3F53A227 
 250      ACE824BE 
 251 062b 55B0493C 		.ascii	"U\260I<\341\232 ]\004\015\207\013\375,x\241\035\302"
 251      E19A205D 
 251      040D870B 
 251      FD2C78A1 
 251      1DC2
 252 063d 12140B12 		.ascii	"\022\024\013\022\007\222\000\022\015\362#\310N\220]"
 252      07920012 
 252      0DF223C8 
 252      4E905D
 253 064c 20BB4112 		.ascii	" \273A\022A\266\203\374\004\022#,\241\205(sHe\260\325"
 253      41B683FC 
 253      0412232C 
 253      A1852873 
 253      4865B0D5 
 254 0660 214F950E 		.ascii	"!O\225\016\031Q\272\257\207\243\341\002E\3279Z\272V"
 254      1951BAAF 
 254      87A3E102 
 254      45D7395A 
 254      BA56
 255 0672 51D51BEE 		.ascii	"Q\325\033\356\013\266\256\261_\271\306\207o\330\226"
 255      0BB6AEB1 
 255      5FB9C687 
 255      6FD896
 256 0681 85664AC9 		.ascii	"\205fJ\311d\322\212f\327\323\214\331=J\024\021A\251"
 256      64D28A66 
 256      D7D38CD9 
 256      3D4A1411 
 256      41A9
 257 0693 F8D5645D 		.ascii	"\370\325d]\324\335A\217=\242X\343M\362*\224)\314\226"
 257      D4DD418F 
 257      3DA258E3 
 257      4DF22A94 
 257      29CC96
 258 06a6 946DE175 		.ascii	"\224m\341u\305b\0136\375\314]s\025\302\251\230^\201"
 258      C5620B36 
 258      FDCC5D73 
 258      15C2A998 
 258      5E81
 259 06b8 51978E34 		.ascii	"Q\227\2164\270 \257\205l\216\027\203\032(\334\321^\030"
ARM GAS  /tmp/cc4wbPeN.s 			page 20


 259      B820AF85 
 259      6C8E1783 
 259      1A28DCD1 
 259      5E18
 260 06ca 9C24582E 		.ascii	"\234$X.@2\243\355\270\240=\020\216\377Eh\310YM(\030"
 260      4032A3ED 
 260      B8A03D10 
 260      8EFF4568 
 260      C8594D28 
 261 06df 77738DB7 		.ascii	"ws\215\267\224\334\224\2055e%\013\256\364\205\004\276"
 261      94DC9485 
 261      3565250B 
 261      AEF48504 
 261      BE
 262 06f0 49E9557F 		.ascii	"I\351U\177\275\223g\2318r\220g\007\333\262xJ\032\245"
 262      BD936799 
 262      38729067 
 262      07DBB278 
 262      4A1AA5
 263 0703 6F2AD387 		.ascii	"o*\323\207J\270\356!K-\036<\265L\357*O\261_\263\244"
 263      4AB8EE21 
 263      4B2D1E3C 
 263      B54CEF2A 
 263      4FB15FB3 
 264 0718 083C3B9E 		.ascii	"\010<;\236a\331q2\246\244\033)\263\343Ap\301\001\201"
 264      61D97132 
 264      A6A41B29 
 264      B3E34170 
 264      C10181
 265 072b C0530577 		.ascii	"\300S\005wi\020A\237oj}\341\214\217Q\367\242\214\231"
 265      6910419F 
 265      6F6A7DE1 
 265      8C8F51F7 
 265      A28C99
 266 073e A44C17E9 		.ascii	"\244L\027\351\306\210\37357\306\316\226\316ss&K\027"
 266      C688FB35 
 266      37C6CE96 
 266      CE737326 
 266      4B17
 267 0750 DE325973 		.ascii	"\3362Ys\377\321\030~\2777\252d\257\012\356\354UA\312"
 267      FFD1187E 
 267      BF37AA64 
 267      AF0AEEEC 
 267      5541CA
 268 0763 9A1E3C6B 		.ascii	"\232\036<k\226U7\325\"\234\313\270U\216\237\315\341"
 268      965537D5 
 268      229CCBB8 
 268      558E9FCD 
 268      E1
 269 0774 6349168F 		.ascii	"cI\026\217K\031o\234o\327'Y\222O2\005J\263\355\325\265"
 269      4B196F9C 
 269      6FD72759 
 269      924F3205 
 269      4AB3EDD5 
 270 0789 7607A54F 		.ascii	"v\007\245O2\200\346\021J\363\030\245\231%\321\274_\230"
 270      3280E611 
 270      4AF318A5 
ARM GAS  /tmp/cc4wbPeN.s 			page 21


 270      9925D1BC 
 270      5F98
 271 079b D2EFA45C 		.ascii	"\322\357\244\\\224]\364\256k\347\253ypk\210\336?SX\347"
 271      945DF4AE 
 271      6BE7AB79 
 271      706B88DE 
 271      3F5358E7 
 272 07af 84CF30D6 		.ascii	"\204\3170\326{\367\274\252\323\340sL)y\222W2\217!MD"
 272      7BF7BCAA 
 272      D3E0734C 
 272      29799257 
 272      328F214D 
 273 07c4 4F2D7B56 		.ascii	"O-{V\307+\026\215\254\333\203w"
 273      C72B168D 
 273      ACDB8377 
 274 07d0 4FE48D66 		.ascii	"O\344\215f;\342b66\276\270\371\276\332\356zOK\353\365"
 274      3BE26236 
 274      36BEB8F9 
 274      BEDAEE7A 
 274      4F4BEBF5 
 275 07e4 A6CBDD57 		.ascii	"\246\313\335W\276\357\274\233r\271y\260\200\223t\001"
 275      BEEFBC9B 
 275      72B979B0 
 275      80937401 
 276 07f4 67E8024E 		.ascii	"g\350\002NK\0138\363|\342\242V\271\\\273\350\023\375"
 276      4B0B38F3 
 276      7CE2A256 
 276      B95CBBE8 
 276      13FD
 277 0806 E9093C0E 		.ascii	"\351\011<\016\237\203zp\362\350\320<|\221\221|\374d"
 277      9F837A70 
 277      F2E8D03C 
 277      7C91917C 
 277      FC64
 278 0818 3ADF0D5F 		.ascii	":\337\015_aJY\311\245j\276:oP\363NU4\270\340*\3267\235"
 278      614A59C9 
 278      A56ABE3A 
 278      6F50F34E 
 278      5534B8E0 
 279 0830 78A4D019 		.ascii	"x\244\320\031\3271%m\242k\220\357~/\022\350\254\303"
 279      D731256D 
 279      A26B90EF 
 279      7E2F12E8 
 279      ACC3
 280 0842 7B9CF12D 		.ascii	"{\234\361-\3267\233\030\227\342\204\3570%\271!9\313"
 280      D6379B18 
 280      97E284EF 
 280      3025B921 
 280      39CB
 281 0854 05B731E5 		.ascii	"\005\2671\345IL_7\337;\213@}=\220\334\306\337^\\e\265"
 281      494C5F37 
 281      DF3B8B40 
 281      7D3D90DC 
 281      C6DF5E5C 
 282 086a 8807AF45 		.ascii	"\210\007\257E\316\274H8\340\202\315lhk[\314\005\216"
 282      CEBC4838 
 282      E082CD6C 
ARM GAS  /tmp/cc4wbPeN.s 			page 22


 282      686B5BCC 
 282      058E
 283 087c 750135F1 		.ascii	"u\0015\361\206\371ov={E\362\354e\266\223\352jn\356V"
 283      86F96F76 
 283      3D7B45F2 
 283      EC65B693 
 283      EA6A6EEE 
 284 0891 2BCBE54B 		.ascii	"+\313\345K\340\2542\352,\023u\326\025\311YY)\321S\016"
 284      E0AC32EA 
 284      2C1375D6 
 284      15C95959 
 284      29D1530E 
 285 08a5 CAF2D72E 		.ascii	"\312\362\327.\272\274\251s\025~\3108>o\350|\200\360"
 285      BABCA973 
 285      157EC838 
 285      3E6FE87C 
 285      80F0
 286 08b7 23A6C4DC 		.ascii	"#\246\304\334\250\315q\302\303L\031\311\255\257q\304"
 286      A8CD71C2 
 286      C34C19C9 
 286      ADAF71C4 
 287 08c7 634CE9ED 		.ascii	"cL\351\355\237*\305\370\005S\216\217d\356v\306\257\371"
 287      9F2AC5F8 
 287      05538E8F 
 287      64EE76C6 
 287      AFF9
 288 08d9 98DE270D 		.ascii	"\230\336'\015\334??\221\303\364z\264\370\216\344\021"
 288      DC3F3F91 
 288      C3F47AB4 
 288      F88EE411 
 289 08e9 B2DB869E 		.ascii	"\262\333\206\236\367\315jp\224\232\200\337\035)J\312"
 289      F7CD6A70 
 289      949A80DF 
 289      1D294ACA 
 290 08f9 769D5B4C 		.ascii	"v\235[L\260\307\013\204]\026\015\217I\316>\350\215*"
 290      B0C70B84 
 290      5D160D8F 
 290      49CE3EE8 
 290      8D2A
 291 090b 0477540E 		.ascii	"\004wT\016\351\266\031\022\236\264\024tQP\024\011=!"
 291      E9B61912 
 291      9EB41474 
 291      51501409 
 291      3D21
 292 091d D622A19A 		.ascii	"\326\"\241\232\243-\311\204^\315\371\210\241\223\301"
 292      A32DC984 
 292      5ECDF988 
 292      A193C1
 293 092c 784F28BB 		.ascii	"xO(\273[\262\301\366Q\216\226\016\034:\254\264\335\264"
 293      5BB2C1F6 
 293      518E960E 
 293      1C3AACB4 
 293      DDB4
 294 093e C56AFB82 		.ascii	"\305j\373\202\3226+)$\343\264^\221\301\317+\341\205"
 294      D2362B29 
 294      24E3B45E 
 294      91C1CF2B 
ARM GAS  /tmp/cc4wbPeN.s 			page 23


 294      E185
 295 0950 72E3C9C4 		.ascii	"r\343\311\304x(C\223CpB\211>\256\244\322.\263]\252D"
 295      78284393 
 295      43704289 
 295      3EAEA4D2 
 295      2EB35DAA 
 296 0965 172BD143 		.ascii	"\027+\321C2\247\\S\242OZ\321\362\313\253\026\334PC\273"
 296      32A75C53 
 296      A24F5AD1 
 296      F2CBAB16 
 296      DC5043BB 
 297 0979 9AF9CD75 		.ascii	"\232\371\315u\037n\256;p\033\335\004i\002\351\000\271"
 297      1F6EAE3B 
 297      701BDD04 
 297      6902E900 
 297      B9
 298 098a 0BD20572 		.ascii	"\013\322\005r\003\244\001\3446H;\310-\220N\220\026\220"
 298      03A401E4 
 298      36483BC8 
 298      2D904E90 
 298      1690
 299 099c 07206690 		.ascii	"\007 f\220F\220n\220z\220{ m \255\226\242\203\370\240"
 299      46906E90 
 299      7A907B20 
 299      6D20AD96 
 299      A283F8A0 
 300 09b0 3DC4EA83 		.ascii	"=\304\352\203\3536\203'[\324\224\314\005\347\224\340"
 300      EB368327 
 300      5BD494CC 
 300      05E794E0 
 301 09c0 B34A174C 		.ascii	"\263J\027L\311\\pU\211>\362\006:\324\212\256S\242\367"
 301      C95C7055 
 301      893EF206 
 301      3AD48AAE 
 301      53A2F7
 302 09d3 CD091D29 		.ascii	"\315\011\035)c\371.:\004\273(\215\243\245\273\210\277"
 302      63F92E3A 
 302      04BB288D 
 302      A3A5BB88 
 302      BF
 303 09e4 1BC84B4D 		.ascii	"\033\310KM\216\206;\212\026\246s\320\373\005\345.\352"
 303      8E863B8A 
 303      16A673D0 
 303      FB05E52E 
 303      EA
 304 09f5 912DB3C4 		.ascii	"\221-\263\304v\244\345\360q\331:\253l\207z\016\\f\275"
 304      76A4E5F0 
 304      71D93AAB 
 304      6C877A0E 
 304      5C66BD
 305 0a08 C8F61E95 		.ascii	"\310\366\036\225\303+e\360J\333^dpV(5\214\260b\254Y"
 305      C32B65F0 
 305      4ADB5E64 
 305      70562835 
 305      8CB062AC 
 306 0a1d 598C11AF 		.ascii	"Y\214\021\2575<\341\305X>8\342\0247&\245\177\224\253"
 306      353CE1C5 
ARM GAS  /tmp/cc4wbPeN.s 			page 24


 306      583E38E2 
 306      143726A5 
 306      7F94AB
 307 0a30 3C1FEDB2 		.ascii	"<\037\355\262\363\221c\373|\314a*\213`\201\355\335\301"
 307      F39163FB 
 307      7CCC612A 
 307      8B6081ED 
 307      DDC1
 308 0a42 E090921A 		.ascii	"\340\220\222\032\314\373\032\324x\007MIBIk\341>7\264"
 308      CCFB1AD4 
 308      78074D49 
 308      42496BE1 
 308      3E37B4
 309 0a55 D0CBD659 		.ascii	"\320\313\326Y@\275p\004\376\037\307\201\271\257\372"
 309      40BD7004 
 309      FE1FC781 
 309      B9AFFA
 310 0a64 A923A933 		.ascii	"\251#\2513\037\302\204=\326:\263\231\326\231\344\017"
 310      1FC2843D 
 310      D63AB399 
 310      D699E40F 
 311 0a74 85373BA3 		.ascii	"\2057;\243\235\344\245\340\3039\245`\037/\005\373h)"
 311      9DE4A5E0 
 311      C339A560 
 311      1F2F05FB 
 311      6829
 312 0a86 98DFD373 		.ascii	"\230\337\323s~>N\244kD\231\003\365\265\374\212|\237"
 312      7E3E4EA4 
 312      6B449903 
 312      F5B5FC8A 
 312      7C9F
 313 0a98 FCF972EF 		.ascii	"\374\371r\357H\002b)z\200\244\354\243\365\023\373\265"
 313      48026229 
 313      7A80A4EC 
 313      A3F513FB 
 313      B5
 314 0aa9 F830C396 		.ascii	"\3700\303\226\226?^\301\240\344\335\360\366\341\324"
 314      963F5EC1 
 314      A0E4DDF0 
 314      F6E1D4
 315 0ab8 1E64F7D2 		.ascii	"\036d\367\322\032\226.\255!vi\265\274*\237r\3059\324"
 315      1A962EAD 
 315      217669B5 
 315      BC2A9F72 
 315      C539D4
 316 0acb 90BA3B6B 		.ascii	"\220\272;k|\330\021yy\"\244\0059.\375\375[\205\236B"
 316      7CD81179 
 316      7922A405 
 316      392EFDFD 
 316      5B859E42 
 317 0adf 4447042C 		.ascii	"DG\004,\375\377A\252\010\346G\377C\232m\3759\3511\270"
 317      FDFF41AA 
 317      08E647FF 
 317      439A6DFD 
 317      39E931B8 
 318 0af3 FD299D67 		.ascii	"\375)\235g\024\242\362\004&J\005\037\221\026\362Z\375"
 318      14A2F204 
ARM GAS  /tmp/cc4wbPeN.s 			page 25


 318      264A051F 
 318      9116F25A 
 318      FD
 319 0b04 F278B646 		.ascii	"\362x\266F~\357\021\333\003\200{D#>F\357\275a\351\336"
 319      7EEF11DB 
 319      03807B44 
 319      233E46EF 
 319      BD61E9DE 
 320 0b18 4BAC3FCA 		.ascii	"K\254?\312\376TC\346\210{\353\034\304\335\346\324.\255"
 320      FE5443E6 
 320      887BEB1C 
 320      C4DDE6D4 
 320      2EAD
 321 0b2a DCF6F8DB 		.ascii	"\334\366\370\333l\347\225\334\255R\177\230%6\232D\323"
 321      6CE795DC 
 321      AD527F98 
 321      25369A44 
 321      D3
 322 0b3b EB5CEFB4 		.ascii	"\353\\\357\264\355&1z\025\232\200\255>\010\2414\241"
 322      ED26317A 
 322      159A80AD 
 322      3E08A134 
 322      A1
 323 0b4c C5B2A1FD 		.ascii	"\305\262\241\375\320\262AP\241g\302\207\252\005\241"
 323      D0B24150 
 323      A167C287 
 323      AA05A1
 324 0b5b FF0A0E5A 		.ascii	"\377\012\016Z\023\032\370m\210q\2431(2,\\\363\327\257"
 324      131AF86D 
 324      8871A331 
 324      28322C5C 
 324      F3D7AF
 325 0b6e BEF940BF 		.ascii	"\276\371@\277|\271J\033\020\260584r\345\212\200\310"
 325      7CB94A1B 
 325      10B03538 
 325      3472E58A 
 325      80C8
 326 0b80 4F755B23 		.ascii	"Ou[#\302u\201\341[>\011\015\0135~b\014\3746X\027\034"
 326      C27581E1 
 326      5B3E090D 
 326      0B357E62 
 326      0CFC3658 
 327 0b96 1A14B275 		.ascii	"\032\024\262u\223Q\267%0hsp\250Q\027\260\311\370]\340"
 327      9351B725 
 327      30687370 
 327      A85117B0 
 327      C9F85DE0 
 328 0baa D690C880 		.ascii	"\326\220\310\200\310m\337\033#\226mVi\244\321\177x\313"
 328      C86DDF1B 
 328      23966D56 
 328      69A4D17F 
 328      78CB
 329 0bbc E8886D11 		.ascii	"\350\210m\021\272\200\210\310M\000\205!\037-[\246c\377"
 329      BA8088C8 
 329      4D008521 
 329      1F2D5BA6 
 329      63FF
ARM GAS  /tmp/cc4wbPeN.s 			page 26


 330 0bce C222749B 		.ascii	"\302\"t\233\003Ct\337\207\205GF\350\202\302\266l\011"
 330      034374DF 
 330      87854746 
 330      E882C2B6 
 330      6C09
 331 0be0 0BD5F918 		.ascii	"\013\325\371\030\326\353\327\377\240#\204\227\005\251"
 331      D6EBD7FF 
 331      A0238497 
 331      05A9
 332 0bee 7E43BE57 		.ascii	"~C\276W\007GX\231{\222\026\177c\244\377\266\210H\343"
 332      07475899 
 332      7B92167F 
 332      63A4FFB6 
 332      8848E3
 333 0c01 967581A1 		.ascii	"\226u\201\241\233B\214\341~\341\301a\341\301\221\333"
 333      9B428CE1 
 333      7EE1C161 
 333      E1C191DB 
 334 0c11 E83AF521 		.ascii	"\350:\365!\306\300p?c(L\367\017g\303\032\3775\206\215"
 334      C6C0703F 
 334      63284CF7 
 334      0F67C31A 
 334      FF35868D 
 335 0c25 6B56FF51 		.ascii	"kV\377Q\360\365sfk\375< \322\211\177[\272?U\373\372"
 335      F0F57366 
 335      6BFD3C20 
 335      D2897F5B 
 335      BA3F55FB 
 336 0c3a 7C61B0A8 		.ascii	"|a\260\250+\325\276z?\253\272B\355\353\357g\320\030"
 336      2BD5BE7A 
 336      3FABBA42 
 336      EDEBEF67 
 336      D018
 337 0c4c 98B61C3A 		.ascii	"\230\266\034:\327X;\275\241s\215A\355\277\301\327\340"
 337      D7583BBD 
 337      A1738D41 
 337      EDBFC1D7 
 337      E0
 338 0c5d 2D5F195F 		.ascii	"-_\031_\217\361\207H\235~\275\277\257\277\305\033Aa"
 338      8FF18748 
 338      9D7EBDBF 
 338      AFBFC51B 
 338      4161
 339 0c6f E1C680A0 		.ascii	"\341\306\200\240-+\301\025\316_m\364\325\007l\000_\202"
 339      2D2BC115 
 339      CE5F6DF4 
 339      D5076C00 
 339      5F82
 340 0c81 111F837A 		.ascii	"\021\037\203z\375\372\265\006\354\263\332\200W\303\267"
 340      FDFAB506 
 340      ECB3DA80 
 340      57C3B7
 341 0c90 DF5A83DA 		.ascii	"\337Z\203\332g\255\277A\375\305Z\037\203\003t\001`5"
 341      67ADBF41 
 341      FDC55A1F 
 341      83037401 
 341      6035
ARM GAS  /tmp/cc4wbPeN.s 			page 27


 342 0ca2 D1D7910F 		.ascii	"\321\327\221\017=|8\370\257\323\373\033\260\377:?\254"
 342      3D7C38F8 
 342      AFD3FB1B 
 342      B0FF3A3F 
 342      AC
 343 0cb3 D7C3B7DE 		.ascii	"\327\303\267\336\340\340\343k\320\033\324\0337|m\000"
 343      E0E0E36B 
 343      D01BD41B 
 343      377C6D00 
 344 0cc3 9680D0FB 		.ascii	"\226\200\320\373}\343\273\032>}\364\006\215\277\376"
 344      7DE3BB1A 
 344      3E7DF406 
 344      8DBFFE
 345 0cd2 0B3AD7BC 		.ascii	"\013:\327\274\200\200\357\266\206\006\005\004,\373\323"
 345      8080EFB6 
 345      86060504 
 345      2CFBD3
 346 0ce1 679FAED0 		.ascii	"g\237\256\320H\232:hs`\370\177\001\241\367\301\225"
 346      489A3A68 
 346      7360F87F 
 346      01A1F7C1 
 346      95
 347              		.text
 348              		.section	.gnu.lto_.symtab.10cf9dc1c7d41601,"",%progbits
 349 0000 6E766963 		.ascii	"nvicEnableVector\000"
 349      456E6162 
 349      6C655665 
 349      63746F72 
 349      00
 350 0011 00       		.ascii	"\000"
 351 0012 00       		.ascii	"\000"
 352 0013 00       		.ascii	"\000"
 353 0014 00000000 		.ascii	"\000\000\000\000\000\000\000\000"
 353      00000000 
 354 001c BA000000 		.ascii	"\272\000\000\000"
 355 0020 6E766963 		.ascii	"nvicDisableVector\000"
 355      44697361 
 355      626C6556 
 355      6563746F 
 355      7200
 356 0032 00       		.ascii	"\000"
 357 0033 00       		.ascii	"\000"
 358 0034 00       		.ascii	"\000"
 359 0035 00000000 		.ascii	"\000\000\000\000\000\000\000\000"
 359      00000000 
 360 003d BE000000 		.ascii	"\276\000\000\000"
 361 0041 6E766963 		.ascii	"nvicSetSystemHandlerPriority\000"
 361      53657453 
 361      79737465 
 361      6D48616E 
 361      646C6572 
 362 005e 00       		.ascii	"\000"
 363 005f 00       		.ascii	"\000"
 364 0060 00       		.ascii	"\000"
 365 0061 00000000 		.ascii	"\000\000\000\000\000\000\000\000"
 365      00000000 
 366 0069 C0000000 		.ascii	"\300\000\000\000"
ARM GAS  /tmp/cc4wbPeN.s 			page 28


 367 006d 6E766963 		.ascii	"nvicClearPending\000"
 367      436C6561 
 367      7250656E 
 367      64696E67 
 367      00
 368 007e 00       		.ascii	"\000"
 369 007f 00       		.ascii	"\000"
 370 0080 00       		.ascii	"\000"
 371 0081 00000000 		.ascii	"\000\000\000\000\000\000\000\000"
 371      00000000 
 372 0089 C2000000 		.ascii	"\302\000\000\000"
 373              		.text
 374              		.section	.gnu.lto_.opts,"",%progbits
 375 0000 272D666D 		.ascii	"'-fmath-errno' '-fsigned-zeros' '-ftrapping-math' '"
 375      6174682D 
 375      6572726E 
 375      6F272027 
 375      2D667369 
 376 0033 2D666E6F 		.ascii	"-fno-trapv' '-fno-openmp' '-fno-openacc' '-mcpu=cor"
 376      2D747261 
 376      70762720 
 376      272D666E 
 376      6F2D6F70 
 377 0066 7465782D 		.ascii	"tex-m3' '-mno-thumb-interwork' '-mthumb' '-ggdb' '-"
 377      6D332720 
 377      272D6D6E 
 377      6F2D7468 
 377      756D622D 
 378 0099 4F322720 		.ascii	"O2' '-fomit-frame-pointer' '-falign-functions=16' '"
 378      272D666F 
 378      6D69742D 
 378      6672616D 
 378      652D706F 
 379 00cc 2D666675 		.ascii	"-ffunction-sections' '-fdata-sections' '-fno-common"
 379      6E637469 
 379      6F6E2D73 
 379      65637469 
 379      6F6E7327 
 380 00ff 2720272D 		.ascii	"' '-flto'\000"
 380      666C746F 
 380      2700
 381              		.text
 382              		.comm	__gnu_lto_v1,1,1
 383              		.comm	__gnu_lto_slim,1,1
 384              		.ident	"GCC: (GNU Tools for ARM Embedded Processors 6-2017-q2-update) 6.3.1 20170620 (release) [AR
ARM GAS  /tmp/cc4wbPeN.s 			page 29


DEFINED SYMBOLS
                            *ABS*:0000000000000000 nvic.c
                            *COM*:0000000000000001 __gnu_lto_v1
                            *COM*:0000000000000001 __gnu_lto_slim

NO UNDEFINED SYMBOLS
