ARM GAS  /tmp/ccRowB5U.s 			page 1


   1              		.cpu cortex-m3
   2              		.eabi_attribute 20, 1
   3              		.eabi_attribute 21, 1
   4              		.eabi_attribute 23, 3
   5              		.eabi_attribute 24, 1
   6              		.eabi_attribute 25, 1
   7              		.eabi_attribute 26, 1
   8              		.eabi_attribute 30, 2
   9              		.eabi_attribute 34, 1
  10              		.eabi_attribute 18, 4
  11              		.file	"board.c"
  12              		.text
  13              	.Ltext0:
  14              		.section	.gnu.lto_.profile.d156b096b558f2f5,"",%progbits
  15 0000 789C6365 		.ascii	"x\234ce`b`a```d\020d\003\000\000\250\000$"
  15      60626061 
  15      60606064 
  15      10640300 
  15      00A80024 
  16              		.text
  17              		.section	.gnu.lto_.icf.d156b096b558f2f5,"",%progbits
  18 0000 789C6365 		.ascii	"x\234ce`b\020a@\000f\206\205??\354\345a\354y\367\341"
  18      60621061 
  18      40006686 
  18      853F3FEC 
  18      E561EC79 
  19 0016 2E37D38F 		.ascii	".7\323\217\003\337\027\3600\000\000l4\012\""
  19      03DF17F0 
  19      3000006C 
  19      340A22
  20              		.text
  21              		.section	.gnu.lto_.jmpfuncs.d156b096b558f2f5,"",%progbits
  22 0000 789C6365 		.ascii	"x\234ce`b\340d@\000&\020\301\010\304\000\001\227\000"
  22      6062E064 
  22      40002610 
  22      C108C400 
  22      019700
  23 0013 14       		.ascii	"\024"
  24              		.text
  25              		.section	.gnu.lto_.inline.d156b096b558f2f5,"",%progbits
  26 0000 789C6365 		.ascii	"x\234ce`b\320a@\000&\006\006\026\036F\020\305\300\266"
  26      6062D061 
  26      40002606 
  26      06161E46 
  26      10C5C0B6 
  27 0014 401E4431 		.ascii	"@\036D10r\201\010\0066V\2400\333\007=\2708\003\000="
  27      30728108 
  27      063656A0 
  27      30DB073D 
  27      B8380300 
  28 0029 390315   		.ascii	"9\003\025"
  29              		.text
  30              		.section	.gnu.lto_.pureconst.d156b096b558f2f5,"",%progbits
  31 0000 789C6365 		.ascii	"x\234ce`b`e`\000\222\022\214R\000\000\377\000B"
  31      60626065 
  31      60009212 
  31      8C520000 
ARM GAS  /tmp/ccRowB5U.s 			page 2


  31      FF0042
  32              		.text
  33              		.section	.gnu.lto___early_init.d156b096b558f2f5,"",%progbits
  34 0000 789C6365 		.ascii	"x\234ce`bX\314\300\300`\006\304\322@\314\310\314\300"
  34      606258CC 
  34      C0C06006 
  34      C4D240CC 
  34      C8CCC0
  35 0013 C834E11C 		.ascii	"\3104\341\034\003C#\007\023##\210\321\300\301\310P\317"
  35      03432307 
  35      13232388 
  35      D1C0C1C8 
  35      50CF
  36 0025 C458CFD8 		.ascii	"\304X\317\330\317<\235\231\361P\373\263\235L\232\313"
  36      CF3C9D99 
  36      F150FBB3 
  36      9D4C9ACB 
  37 0035 1B80E0C0 		.ascii	"\033\200\340\300\364\015\222\015+\0160\316gf`\230\011"
  37      F40D920D 
  37      2B0E30CE 
  37      67666098 
  37      09
  38 0046 C420C0B8 		.ascii	"\304 \300\270\234Q\223\001\250\354\321\306\177Sy\331"
  38      9C519301 
  38      A8ECD1C6 
  38      7F5379D9 
  39 0056 5820E28C 		.ascii	"X \342\214+\030\331\030\201\364\372K\214\007\032\376"
  39      2B18D918 
  39      81F4FA4B 
  39      8C071AFE 
  40 0066 FD6F6F38 		.ascii	"\375oo8pf1\343vV\240T\027\020\203\354\350ff\002\321"
  40      706631E3 
  40      7656A054 
  40      171083EC 
  40      E8666602 
  41 007b CCAF199B 		.ascii	"\314\257\031\233\027\274\226\002\251\007\031\262s\347"
  41      17BC9602 
  41      A90719B2 
  41      73E7
  42 0089 9BDBECF5 		.ascii	"\233\333\354\365\177\0338\34633\316d\006\232\300\270"
  42      7F1B38E6 
  42      3333CE64 
  42      069AC0B8 
  43 0099 92B19E61 		.ascii	"\222\261\236a>P\355[\306\246\005\357\271\300\352@\240"
  43      3E50ED5B 
  43      C6A605EF 
  43      B9C0EA40 
  43      A0
  44 00aa 0B2809D4 		.ascii	"\013(\011\324\316\304\300`\242\247\247\017A\371\305"
  44      CEC4C060 
  44      A2A7A70F 
  44      41F9C5
  45 00b9 FA198939 		.ascii	"\372\031\2119\372I\371\211E)\305\372\301!\361\301!\276"
  45      FA49F989 
  45      4529C5FA 
  45      C121F1C1 
  45      21BE
ARM GAS  /tmp/ccRowB5U.s 			page 3


  46 00cb C646613E 		.ascii	"\306Fa>\361.\236\301\316\376a\256A\221\0209\275d\006"
  46      F12E9EC1 
  46      CEFE61AE 
  46      41911039 
  46      BD6406
  47 00de 00163C46 		.ascii	"\000\026<F\271"
  47      B9
  48              		.text
  49              		.section	.gnu.lto_boardInit.d156b096b558f2f5,"",%progbits
  50 0000 789C9550 		.ascii	"x\234\225P\277KBQ\024>\337\275\357\231!Bk\344\320\352"
  50      BF4B4251 
  50      143EDFBD 
  50      EF992142 
  50      6BE4D0EA 
  51 0014 E2838AC6 		.ascii	"\342\203\212\306\226j\010\212 Eh\022\253\241!\020\362"
  51      966A088A 
  51      20456812 
  51      ABA12110 
  51      F2
  52 0025 0FF05A96 		.ascii	"\017\360Z\226`P\016\2455\330+A\264\037&\2165=\234\243"
  52      60500EA5 
  52      35D82B41 
  52      B41F268E 
  52      353D9CA3 
  53 0039 C2C5BDA1 		.ascii	"\302\305\275\2410\010\032\032\202\300:\32774w\270\347"
  53      30081A1A 
  53      82C03AD7 
  53      373477B8 
  53      E7
  54 004a FE38F7BB 		.ascii	"\3768\367\273\337\367\235k\222\240\030\210&\211h\204"
  54      DFF79D6B 
  54      92A01888 
  54      26896884 
  55 005a 139220F2 		.ascii	"\023\222 \362\017Di\257\000\364FyA)\201\024\016dQ\242"
  55      0F4469AF 
  55      00F44679 
  55      41298114 
  55      0E6451A2 
  56 006e 957DB915 		.ascii	"\225}\271\025\301\252\342p\212O\303\252\346\300\226"
  56      C1AAE270 
  56      8A4FC3AA 
  56      E6C096
  57 007d 44279C3A 		.ascii	"D'\234:PE\220\030\366\334\354\035\371=\206[G\015\036"
  57      50459018 
  57      F6DCEC1D 
  57      F93D865B 
  57      470D1E
  58 0090 96A0461B 		.ascii	"\226\240F\033\216\352\375d\225\363YF\3074\005\331\222"
  58      8EEAFD64 
  58      95F35946 
  58      C73405D9 
  58      92
  59 00a1 F57822CA 		.ascii	"\365x\"\3121P\253\355I\241W\331E\353\256\3736\245\237"
  59      3150ABED 
  59      49A157D9 
  59      45EBAEFB 
  59      36A59F
ARM GAS  /tmp/ccRowB5U.s 			page 4


  60 00b4 96A460C6 		.ascii	"\226\244`\306\302N\353q`_\332R@\013\224\317\277;\246"
  60      C24EEB71 
  60      605FDA52 
  60      400B94CF 
  60      BF3BA6
  61 00c7 7B542AA3 		.ascii	"{T*\243\014.U\232\231W\323F)\315\336Fm)q\211\000.\020"
  61      0C2E559A 
  61      9957D346 
  61      29CDDE46 
  61      6D297189 
  62 00de 208D3FAC 		.ascii	" \215?\254\344O\375V]e\330\256\201+\3308\356[\3065,"
  62      E44FFD56 
  62      5D65D8AE 
  62      812BD838 
  62      EE5BC635 
  63 00f3 EA62FB6B 		.ascii	"\352b\373k\027\256\226t\345\332\037\367%\237\346\007"
  63      17AE9674 
  63      E5DA1FF7 
  63      259FE607 
  64 0103 86506712 		.ascii	"\206Pg\0226T\030\324\220\377)\335\374)5`1=\275c\353"
  64      365418D4 
  64      90FF29DD 
  64      FC293560 
  64      313DBD63 
  65 0118 ACE1D34C 		.ascii	"\254\341\323L\375\037\313q\367\334\260 \232\010\205"
  65      FD1FCB71 
  65      F7DCB020 
  65      9A0885
  66 0127 2C772492 		.ascii	",w$\222\326z|\303ZI\3047\327\222V8\022\013G\026\306"
  66      D67A7CC3 
  66      5A49C437 
  66      D7925638 
  66      120B4716 
  67 013c C7A2F3B1 		.ascii	"\307\242\363\261\231\271\360\364btvi\331\275\013\255"
  67      99B9F0F4 
  67      62747669 
  67      D9BD0BAD 
  68 014c D22FFFE5 		.ascii	"\322/\377\345}|"
  68      7D7C
  69              		.text
  70              		.section	.gnu.lto_pal_default_config.d156b096b558f2f5,"",%progbits
  71 0000 789C6365 		.ascii	"x\234ce`b\230\311\310\300\000D`0\235\231\361\340\246"
  71      606298C9 
  71      C8C00044 
  71      60309D99 
  71      F1E0A6
  72 0013 09AB98FB 		.ascii	"\011\253\230\373\230\347330vL\\t\204\003(t\367\304\312"
  72      98E73333 
  72      30764C5C 
  72      74840328 
  72      74F7C4CA 
  73 0027 D550A1FF 		.ascii	"\325P\241\377@\300\017\024\372r\377\332\015n\213m\015"
  73      40C00F14 
  73      FA72FFDA 
  73      0D6E8B6D 
  73      0D
  74 0038 1D0B1A0C 		.ascii	"\035\013\032\014\34633\316\000J\255`\224\231\301\314"
ARM GAS  /tmp/ccRowB5U.s 			page 5


  74      E63333CE 
  74      004AAD60 
  74      9499C1CC 
  75 0048 C8B81C44 		.ascii	"\310\270\034D1\201(\220i\177\246\274\336\304\001\321"
  75      31812890 
  75      697FA6BC 
  75      DEC401D1 
  76 0058 7A6402C4 		.ascii	"zd\002\304\264\215\233g\377g\304\252u\025\212\326;\355"
  76      B48D9B67 
  76      FF67C4AA 
  76      75158AD6 
  76      3BED
  77 006a 671BB920 		.ascii	"g\033\271 Z\017O[\010\326\372\275\353m#?\324!?!\016"
  77      5A0F4F5B 
  77      08D6FABD 
  77      EB6D233F 
  77      D4213F21 
  78 007f F9FCF6FD 		.ascii	"\371\374\366\375\017>T\323\326\2428d\015\304\264\377"
  78      0F3E54D3 
  78      D6A23864 
  78      0DC4B4FF 
  79 008f DB3F3E62 		.ascii	"\333?>b\203y\353\334Rn\240\320\357\277[\2560\343\363"
  79      8379EBDC 
  79      526EA0D0 
  79      EFBF5BAE 
  79      30E3F3
  80 00a2 C37A88D6 		.ascii	"\303z\210\326\037\317\232\335 :wtB\2740a\363\267\003"
  80      1FCF9ADD 
  80      203A7774 
  80      42BC3061 
  80      F3B703
  81 00b5 AC10A196 		.ascii	"\254\020\241\226\351\020\247]\334x\264\235\035\253a"
  81      E910A75D 
  81      DC78B49D 
  81      1DAB61
  82 00c4 9B20866D 		.ascii	"\233 \206m\204\030\266q\366\207\351<\020u\001\363\231"
  82      8418B671 
  82      F687E93C 
  82      107501F3 
  82      99
  83 00d5 99663033 		.ascii	"\231f033nf\264\230\301\314\302\270\001D\2612\256\003"
  83      336E66B4 
  83      98C1CCC2 
  83      B80144B1 
  83      32AE03
  84 00e8 516C8CAB 		.ascii	"Ql\214\253A\024;\343JF\013\006\306-@\002\000\254y\213"
  84      41143BE3 
  84      4A460B06 
  84      C62D4002 
  84      00AC798B 
  85 00fc 19       		.ascii	"\031"
  86              		.text
  87              		.section	.gnu.lto_.symbol_nodes.d156b096b558f2f5,"",%progbits
  88 0000 789C6365 		.ascii	"x\234ce`b\360`\000\002\246;\214\365\014\014\023\316"
  88      6062F060 
  88      0002A63B 
  88      8CF50C0C 
ARM GAS  /tmp/ccRowB5U.s 			page 6


  88      13CE
  89 0012 313000A9 		.ascii	"10\000\251]\015\216@\221\273\214\365\214(\"\254\267"
  89      5D0D8E40 
  89      91BB8CF5 
  89      8C2822AC 
  89      B7
  90 0023 19191A95 		.ascii	"\031\031\032\225\200\212\031\3571\3263\201\245\030\030"
  90      808A19EF 
  90      31D63381 
  90      A51818
  91 0032 1A1A1C18 		.ascii	"\032\032\034\030\030\230\201p\311\203\177\214\014\000"
  91      18988170 
  91      C9837F8C 
  91      0C00
  92 0040 9F3F11CA 		.ascii	"\237?\021\312"
  93              		.text
  94              		.section	.gnu.lto_.refs.d156b096b558f2f5,"",%progbits
  95 0000 789C6365 		.ascii	"x\234ce`b`d\000\002\000\000I\000\011"
  95      60626064 
  95      00020000 
  95      490009
  96              		.text
  97              		.section	.gnu.lto_.decls.d156b096b558f2f5,"",%progbits
  98 0000 789CA556 		.ascii	"x\234\245V}PTU\024\177g\357\356\006\313\3122K\343\370"
  98      7D505455 
  98      147F67EF 
  98      EE06CBCA 
  98      324BE3F8 
  99 0014 474D8C83 		.ascii	"GM\214\203#\377\300\002\366\341\037M\223\001\0263\220"
  99      23FFC002 
  99      F6E11F4D 
  99      93011633 
  99      90
 100 0025 0C10D61F 		.ascii	"\014\020\326\037\265\263.\2532\001K\2604:\3154\017\027"
 100      B5B32EAB 
 100      32014BB0 
 100      343ACD34 
 100      0F17
 101 0037 0BA9048D 		.ascii	"\013\251\004\2154\034\230\034\320\204 @MEA\345C\020"
 101      341C981C 
 101      D0842040 
 101      4D4541E5 
 101      4310
 102 0049 15D1D0F8 		.ascii	"\025\321\320\370P\026\220\014\311\324\220\214\300L;"
 102      5016900C 
 102      C9D4908C 
 102      C04C3B
 103 0058 F7DEB7BC 		.ascii	"\367\336\267\274\307J\2143\275\331\363\336;\367\236"
 103      C74A8C33 
 103      BDD9F3DE 
 103      3BF79E
 104 0067 F33BDFF7 		.ascii	"\363;\337\367\255FP\011/\371\010B\254J\020\306\005A"
 104      AD465009 
 104      2FF90842 
 104      AC4A10C6 
 104      0541
 105 0079 7884971A 		.ascii	"x\204\227\032\237\337\013\362E\220j\220\352\220\016"
ARM GAS  /tmp/ccRowB5U.s 			page 7


 105      9FDF0BF2 
 105      45906A90 
 105      EA900E
 106 0088 2001D235 		.ascii	" \001\3225a\366\365.p\271$\244\021\205\276J\322= <~"
 106      61F6F52E 
 106      70B924A4 
 106      1185BE4A 
 106      D23D203C 
 107 009d 59504723 		.ascii	"YPG#\351,E\272\2174\215tS\2621.=\353\346\320m\225\354"
 107      E92C45BA 
 107      8F348D74 
 107      53B2312E 
 107      3DEBE6D0 
 108 00b4 51BD8B48 		.ascii	"Q\275\213H\303H^H\347\220\316\"\235A\032@\272\202\324"
 108      C3485E48 
 108      E790CE22 
 108      9D411A40 
 108      BA82D4
 109 00c7 8FD48BD4 		.ascii	"\217\324\213\3243\007\016\275v\0228\374\305\251\343"
 109      33070EBD 
 109      761238FC 
 109      C5A9E3
 110 00d6 AA411800 		.ascii	"\252A\030\000\364\027\374\330*\000\277\003#\306>r_\000"
 110      F417FCD8 
 110      2A00BF03 
 110      23C63E72 
 110      5F00
 111 00e8 6C1D5755 		.ascii	"l\035WU\354\316\005\331\022\2705$^%\261*\011\222\375"
 111      ECCE05D9 
 111      12B83524 
 111      5E25B12A 
 111      0992FD
 112 00fb 24655020 		.ascii	"$eP \362mn\311}\361\370\371\013Ssk\203J6\000\240TP\000"
 112      F26D6EC9 
 112      7DF1F8F9 
 112      0B53736B 
 112      834A3600 
 113 0113 72B7A5FD 		.ascii	"r\267\245\375\031\377\00498pG\177\267\270sT7\004.\272"
 113      19FF0439 
 113      3870477F 
 113      B7B87354 
 113      37042EBA 
 114 0127 BAFB55E0 		.ascii	"\272\373U\340k\267\013\272\014D\005\364}h\272beH\265"
 114      6BB70BBA 
 114      0C4405F4 
 114      7D68BA62 
 114      6548B5
 115 013a C82FAFE7 		.ascii	"\310/\257\347\344\264\265=\372\253\311\260\225\200Q"
 115      E4B4B53D 
 115      FAABC9B0 
 115      958051
 116 0149 072A64BB 		.ascii	"\007*d\273\307;K}\220}Z\007~\310N\345\374\324\254[\264"
 116      C73B4B7D 
 116      907D5A07 
 116      7EC84EE5 
 116      FCD4AC5B 
 117 015e 83693945 		.ascii	"\203i9E?\025$-\204jx\006\252\340\0314\376=,\302\373"
ARM GAS  /tmp/ccRowB5U.s 			page 8


 117      3F15242D 
 117      846A7806 
 117      AAE01934 
 117      FE3D2CC2 
 118 0173 1A3547DA 		.ascii	"\0325G\332{\273\253\326k\361nq\367\260\330t\332\271"
 118      7BBBABD6 
 118      6BF16E71 
 118      F7B0D874 
 118      DAB9
 119 0185 708753AC 		.ascii	"p\207S\254@\255\000*\005\225@\340;\010\241\036\343+"
 119      40AD002A 
 119      059540E0 
 119      3B08A11E 
 119      E32B
 120 0197 DE2B6008 		.ascii	"\336+`\010`\037\014b<5\260\030\265;G]\037\221X\346\353"
 120      601F0C62 
 120      3C35B018 
 120      B53B475D 
 120      1F9158E6 
 121 01ac D5130F0E 		.ascii	"\325\023\017\016k$\240\226\035D,B\030?\006S+\303\324"
 121      6B24A096 
 121      1D442C42 
 121      183F0653 
 121      2BC3D4
 122 01bf 7AC2D431 		.ascii	"z\302\3241\030q\254a\300@V3\234\332\362\236\242\005"
 122      1871AC61 
 122      C0405633 
 122      9CDAF29E 
 122      A205
 123 01d1 88332CA2 		.ascii	"\2103,\242C\245\001\015u\327\305<\035\363\032\366\313"
 123      43A5010D 
 123      75D7C53C 
 123      1DF31AF6 
 123      CB
 124 01e2 40FB2910 		.ascii	"@\373)\020}9\300\000:Zk&}H10\204\002\347\340\307<7/"
 124      7D39C000 
 124      3A5A6B26 
 124      7D483130 
 124      8402E7E0 
 125 01fa 23F7F9D7 		.ascii	"#\367\371\327\373\012\265<7\303\004\371\206#\215\355"
 125      FB0AB53C 
 125      37C304F9 
 125      86238DED 
 126 020a 1ABE1D8A 		.ascii	"\032\276\035\212\354\337cE\375\300Y=\262\233\032\372"
 126      ECDF6345 
 126      FDC0593D 
 126      B29B1AFA 
 127 021a B7192469 		.ascii	"\267\031$iV\215\363\273~\366\345|\200\2025rvk\301\301"
 127      568DF3BB 
 127      7EF6E57C 
 127      80823572 
 127      766BC1C1 
 128 022e FD3A52CD 		.ascii	"\375:R\315\315\356j\270wV\002\366B\366\307\334\272\022"
 128      CDEE6AB8 
 128      775602F6 
 128      42F6C7DC 
 128      BA12
ARM GAS  /tmp/ccRowB5U.s 			page 9


 129 0240 C25935B2 		.ascii	"\302Y5\262\345m\307\356\373\220\203\\\324\325QYE\367"
 129      E56DC7EE 
 129      FB90835C 
 129      D4D55159 
 129      45F7
 130 0252 96EA80B6 		.ascii	"\226\352\200\266\214\201\206}\353\350\364\002\276D%"
 130      8C81867D 
 130      EBE8F402 
 130      BE4425
 131 0261 BA0B26F6 		.ascii	"\272\013&\366<E\2160qU\361\331\336\0265\004\351\276"
 131      3C458E30 
 131      7155F1D9 
 131      DE163504 
 131      E9BE
 132 0273 A5056DEA 		.ascii	"\245\005m\352\255\177\245x\202\226\250\025t\320,\247"
 132      AD7FA578 
 132      8296A815 
 132      74D02CA7 
 133 0283 64A90EEF 		.ascii	"d\251\016\357y\242\270I,t\212\336o\010p\024K~\034K\016"
 133      79A2B849 
 133      2C748ADE 
 133      6F087014 
 133      4B7E1C4B 
 134 0298 2D104471 		.ascii	"-\020Dq\251\0344\341\342I\\D\033\225{\266\225i\311."
 134      A91C34E1 
 134      E2495C44 
 134      1B957BB6 
 134      9569C92E 
 135 02ac D66AAAF6 		.ascii	"\326j\252\366\023W\373\324\240\013\232\023\240}\016"
 135      1357FBD4 
 135      A00B9A13 
 135      A07D0E
 136 02bb 00EECC50 		.ascii	"\000\356\314P\347\342\366\315\242\250\2026t\346\224"
 136      E7E2F6CD 
 136      A2A88236 
 136      74E694
 137 02ca EC0CFAC6 		.ascii	"\354\014\372\306\373k\344\330@\216\212\214\363~~\230"
 137      FB6BE4D8 
 137      408E8A8C 
 137      F37E7E98 
 138 02da DF384EC8 		.ascii	"\3378N\310=\306h\306\212v;u\020\030\030\350\037TF\215"
 138      3DC668C6 
 138      8A763B75 
 138      101818E8 
 138      1F54468D 
 139 02ee 369D1E5A 		.ascii	"6\235\036Z^\332}]\024\267\353\031Z\007\242u\202\277"
 139      5EDA7D5D 
 139      14B7EB19 
 139      5A07A275 
 139      82BF
 140 0300 EC45236B 		.ascii	"\354E#k\3370\274\011\\a\344\331b\261)\2270\351\023\236"
 140      DF30BC09 
 140      5C61E4D9 
 140      62B12997 
 140      30E9139E 
 141 0314 D2262A7C 		.ascii	"\322&*|\024d\351n\205\364\3519\245\031\3646\032W\241"
 141      1464E96E 
ARM GAS  /tmp/ccRowB5U.s 			page 10


 141      85F4E939 
 141      A519F436 
 141      1A57A1
 142 0327 28BEAA16 		.ascii	"(\276\252\026\240\036\267\2170\253T\030C\203\363\230"
 142      A01EB78F 
 142      30AB5418 
 142      4383F398 
 143 0337 89731008 		.ascii	"\211s\020\010g\221\316@ \353A\236\211\366Rc\216(\002"
 143      6791CE40 
 143      20EB419E 
 143      89F65263 
 143      8E2802
 144 034a 9514A42C 		.ascii	"\225\024\244,H\303z\362a\356E-\251!,\317\237m\237\316"
 144      48C37AF2 
 144      61EE452D 
 144      A9212CCF 
 144      9F6D9FCE 
 145 035e D140903F 		.ascii	"\321@\220?WzX\252\305\301\206\213\210\336%'\217B\314"
 145      577A58AA 
 145      C5C1868B 
 145      88DE2527 
 145      8F42CC
 146 0371 ED085C40 		.ascii	"\355\010\\@\373\363\371\202\346\356\344\3762\354\303"
 146      FBF3F982 
 146      E6EEE4FE 
 146      32ECC3
 147 0380 1B6F11B2 		.ascii	"\033o\021\262\207\316\327\017jH3\263\016\003\023=\237"
 147      87CED70F 
 147      6A4833B3 
 147      0E03133D 
 147      9F
 148 0391 FA900ECE 		.ascii	"\372\220\016\316\324>(\332\247%\0278\223\177\350\313"
 148      D43E28DA 
 148      A7251738 
 148      937FE8CB 
 149 03a1 7203E961 		.ascii	"r\003\351a\314S\205}\243\237\372bi\374\003\003\203\002"
 149      CC53857D 
 149      A39FFA62 
 149      69FC0303 
 149      8302
 150 03b3 CB98A783 		.ascii	"\313\230\247\203\025\306/E\261#\224\371\372\023\372"
 150      15C62F45 
 150      B12394F9 
 150      FA13FA
 151 03c2 DA87CF19 		.ascii	"\332\207\317\031\267\016\317*\015\212\267\004\345\260"
 151      B70ECF2A 
 151      0D8AB704 
 151      E5B0
 152 03d0 6453E906 		.ascii	"dS\351\006O\351c \327F\031\345!\024\370\201\355\365"
 152      4FE96320 
 152      D74619E5 
 152      2114F881 
 152      EDF5
 153 03e2 49215EC5 		.ascii	"I!^\305\020\0070\274+H\375H\275H=R\250\334\320\304s"
 153      100730BC 
 153      2B48FD48 
 153      BD483D52 
ARM GAS  /tmp/ccRowB5U.s 			page 11


 153      A8DCD0C4 
 154 03f7 B2A16E4F 		.ascii	"\262\241nOC?z\2725\242\220\276\344)\335\250pK\252\351"
 154      433F7ABA 
 154      35A290BE 
 154      E429DDA8 
 154      704BAAE9 
 155 040b 37BCA67D 		.ascii	"7\274\246}\263k\312\261z\276Qd\344\262'\230\334P\230"
 155      B36BCAB1 
 155      7ABE5164 
 155      E4B22798 
 155      DC5098
 156 041e DCE6E95B 		.ascii	"\334\346\351[\233\015\304\305;\340R\333\336\034\257"
 156      9B0DC4C5 
 156      3BE052DB 
 156      DE1CAF
 157 042d 990EB853 		.ascii	"\231\016\270S\311:`\010u]r\007\364=\326\001\356\334"
 157      C93A6008 
 157      755D7207 
 157      F43DD601 
 157      EEDC
 158 043f E0A919F4 		.ascii	"\340\251\031\364D\351A\263%]\007\227\371K y\377\005"
 158      44E941B3 
 158      255D0797 
 158      F94B2079 
 158      FF05
 159 0451 22CC87D0 		.ascii	"\"\314\207\320p\342T\342\222r\261\256\011\247\263\334"
 159      70E254E2 
 159      9272B1AE 
 159      09A7B3DC 
 160 0461 B7729328 		.ascii	"\267r\223(z\3030\352\035\344\256**FW\022\361\243|\015"
 160      7AC330EA 
 160      1DE4AE2A 
 160      2A465712 
 160      F1A37C0D 
 161 0475 96D00FD7 		.ascii	"\226\320\017\327T\357\240^\237?s\226\260\343\333=l\002"
 161      54EFA05E 
 161      9F3F7396 
 161      B0E3DB3D 
 161      6C02
 162 0487 8C80DE1D 		.ascii	"\214\200\336\035\351\010;v\257\271n\344\373\222\033"
 162      E9083B76 
 162      AFB96EE4 
 162      FB921B
 163 0496 BC15DD5F 		.ascii	"\274\025\335_3#\377\232\035\036=\323\256\343G\260\010"
 163      3323FF9A 
 163      1D1E3DD3 
 163      AEE347B0 
 163      08
 164 04a7 C8FF9A5F 		.ascii	"\310\377\232_2\250'w\271l\313D\335>=\227\245\207{^\361"
 164      32A82777 
 164      B96CCB44 
 164      DD3E3D97 
 164      A5877B5E 
 165 04bc C445832E 		.ascii	"\304E\203.\217\205\314\354\342\272lv\214\036JX\031\270"
 165      8F85CCEC 
 165      E2BA6C76 
 165      8C1E4A58 
ARM GAS  /tmp/ccRowB5U.s 			page 12


 165      19B8
 166 04ce C10FC0FE 		.ascii	"\301\017\300\376\251\266+\032c\241\224\345\0005;\032"
 166      A9B62B1A 
 166      63A194E5 
 166      00353B1A 
 167 04de 7E41F1EB 		.ascii	"~A\361\353L\374W0\272\225\250t^\365\326VB\261\235Ot"
 167      4CFC5730 
 167      BA95A874 
 167      5EF5D656 
 167      42B19D4F 
 168 04f3 3ED2AFF4 		.ascii	">\322\257\364Ww|\225\3607\347\203o\251\252/\360&S<\254"
 168      57777C95 
 168      F037E783 
 168      6FA9AA2F 
 168      F026533C 
 169 0508 037B2FFC 		.ascii	"\003{/\374\255%\377p\246f\354d\211;\001\364k\177u\357"
 169      AD25FF70 
 169      A666EC64 
 169      893B01F4 
 169      6B7F75EF 
 170 051c 8E494236 		.ascii	"\216IB6\251\331\2506l\251\356\320\323S\024'\325\277"
 170      A9D9A836 
 170      6CA9EED0 
 170      D3531427 
 170      D5BF
 171 052e 4CCC758A 		.ascii	"L\314u\212M\255[\210\253\352\023\261\320\302\014\336"
 171      4DAD5B88 
 171      ABEA13B1 
 171      D0C20CDE 
 172 053e C2C24CCE 		.ascii	"\302\302L\316{0>t-\332\346\244\215L\303\377\331S|\326"
 172      7B303E74 
 172      2DDAE6A4 
 172      8D4CC3FF 
 172      D9537CD6 
 173 0552 0CE5E2F8 		.ascii	"\014\345\342\370L\272\214\333Y\337\377\006F\030\225"
 173      4CBA8CDB 
 173      59DFFF06 
 173      461895
 174 0561 C4DD61CD 		.ascii	"\304\335a\315>\244\2517-\357\361c\227\372\362\373\334"
 174      3EA4A937 
 174      2DEFF163 
 174      97FAF2FB 
 174      DC
 175 0572 E0CA91EB 		.ascii	"\340\312\221\353q\361\221\233\364\0349\2125\212\246"
 175      71F1919B 
 175      F41C398A 
 175      358AA6
 176 0581 99A714EC 		.ascii	"\231\247\024\354\366\234\201=v\206\337\301m~\340LJS"
 176      F69C813D 
 176      7686DFC1 
 176      6D7EE04C 
 176      4A53
 177 0593 730FABF5 		.ascii	"s\017\253\365'\366\3718\322\004\322]\244?\344\236\027"
 177      27F6F938 
 177      D204D25D 
 177      A43FE49E 
 177      17
ARM GAS  /tmp/ccRowB5U.s 			page 13


 178 05a4 775EDEA2 		.ascii	"w^\336\242&\315,\275\252\222\302\326\007\013f\206\265"
 178      26CD2CBD 
 178      AA92C2D6 
 178      070B6686 
 178      B5
 179 05b5 6B900DEB 		.ascii	"k\220\015\3534\002\375%\017\353\344c\303\352\266\011"
 179      3402FD25 
 179      0FEBE463 
 179      C3EAB609 
 180 05c5 5368EA09 		.ascii	"Sh\352\011\315\266\326\335\3133(GfZ\021\233\000\367"
 180      CDB6D6DD 
 180      CB332847 
 180      665A119B 
 180      00F7
 181 05d7 41CFFEEF 		.ascii	"A\317\376\357\320\247\336l\266Y2S7\232S\322S\034^\257"
 181      D0A7DE6C 
 181      B6593253 
 181      379A53D2 
 181      531C5EAF 
 182 05eb BFF95640 		.ascii	"\277\371V@DX\230\360|H\210\211\377\354Y\246\365\226"
 182      445898F0 
 182      7C488889 
 182      FFEC59A6 
 182      F596
 183 05fd 54D31ABB 		.ascii	"T\323\032\273%39\313\224\220hNH\214]\026\236\024c\216"
 183      253339CB 
 183      9490684E 
 183      488C5D16 
 183      9E14638E 
 184 0611 8C4E8858 		.ascii	"\214N\210X\225\024\025\377\016\337\013\261\012\336\354"
 184      951415FF 
 184      0EDF0BB1 
 184      0ADEEC
 185 0620 251A71FC 		.ascii	"%\032q\374\262\034i\313\302\315\326T\273\365}\006\034"
 185      B21C69CB 
 185      C2CDD654 
 185      BBF57D06 
 185      1C
 186 0631 EA899761 		.ascii	"\352\211\227a\317tP8\304\342\367\225a\0336\320\035s"
 186      CF745038 
 186      C4E2F795 
 186      611B36D0 
 186      1D73
 187 0643 6A6A72C8 		.ascii	"jjr\310z\301\230\201\257\311\266\265\226\354T\207\331"
 187      7AC19881 
 187      AFC9B6B5 
 187      96EC5487 
 187      D9
 188 0654 6A4F5F9B 		.ascii	"jO_\233\262N\033\027\031iqX\21053Ug6g\247\244;\320\204"
 188      B24E1B17 
 188      19697158 
 188      88353355 
 188      673667A7 
 189 066c 63B5C99E 		.ascii	"c\265\311\236\3410\255\263Z\203-\231i\301\351\366t["
 189      E130ADB3 
 189      5A832D99 
 189      69C1E9F6 
ARM GAS  /tmp/ccRowB5U.s 			page 14


 189      745B
 190 067e B0CDB226 		.ascii	"\260\315\262&%\370\305\340\360\320\260\227\202?\010"
 190      25F8C5E0 
 190      F0D0B097 
 190      823F08
 191 068d 0FCECE48 		.ascii	"\017\316\316H\2668l\246Y\333\246\224tkjv\262\315\224"
 191      B6386CA6 
 191      59DBA694 
 191      746B6A76 
 191      B2CD94
 192 06a0 66B1AE4F 		.ascii	"f\261\256OI\267\231fl96f\330\262\320\001/\267\201\230"
 192      49B79966 
 192      6C393666 
 192      D8B2D001 
 192      2FB78198 
 193 06b4 FF67206B 		.ascii	"\377g kc\226\311\234\345HF4D%\366\344L\014`\375\013"
 193      6396C99C 
 193      E5484634 
 193      4425F6E4 
 193      4C0C60FD 
 194 06c9 F3E52326 		.ascii	"\363\345#&&\322\364z\\\364\252\017\303XB2\344\244\360"
 194      26D2F47A 
 194      5CF4AA0F 
 194      C3584232 
 194      E4A4F0
 195 06dc B4AECB48 		.ascii	"\264\256\313H\261\233\263l\216\354\014\263C\033\027"
 195      B19BB36C 
 195      8EEC0CB3 
 195      431B17
 196 06eb 4193A28D 		.ascii	"A\223\242\215{\215?V\360G\024}x\307\255\210\211`\251"
 196      7B8D3F56 
 196      F047147D 
 196      78C7AD88 
 196      8960A9
 197 06fe F38E8F4A 		.ascii	"\363\216\217J\210\212O\212\212\014\325F\275\235\030"
 197      888A4F8A 
 197      8A0CD546 
 197      BD9D18
 198 070d 1D11AF8E 		.ascii	"\035\021\257\216]\021\027\257\216J\212\210\327\320\267"
 198      5D1117AF 
 198      8E4A8A88 
 198      D7D0B7
 199 071c F0E54A7F 		.ascii	"\360\345J\177\254\366\2644{\272\311\266\301a\212\210"
 199      ACF6B434 
 199      7BBAC9B6 
 199      C1618A88 
 200 072c 4D884E40 		.ascii	"M\210N@\267\0245b>\254\015\013\015\335\260\006]\322"
 200      B7143562 
 200      3EAC0D0B 
 200      0DDDB006 
 200      5DD2
 201 073e AF5819BD 		.ascii	"\257X\031\275\312\234\210I\213\264\255\375\027\001\200"
 201      CA9C8849 
 201      8BB4ADFD 
 201      170180
 202 074d E847     		.ascii	"\350G"
 203              		.text
ARM GAS  /tmp/ccRowB5U.s 			page 15


 204              		.section	.gnu.lto_.symtab.d156b096b558f2f5,"",%progbits
 205 0000 5F5F6561 		.ascii	"__early_init\000"
 205      726C795F 
 205      696E6974 
 205      00
 206 000d 00       		.ascii	"\000"
 207 000e 00       		.ascii	"\000"
 208 000f 00       		.ascii	"\000"
 209 0010 00000000 		.ascii	"\000\000\000\000\000\000\000\000"
 209      00000000 
 210 0018 AE000000 		.ascii	"\256\000\000\000"
 211 001c 626F6172 		.ascii	"boardInit\000"
 211      64496E69 
 211      7400
 212 0026 00       		.ascii	"\000"
 213 0027 00       		.ascii	"\000"
 214 0028 00       		.ascii	"\000"
 215 0029 00000000 		.ascii	"\000\000\000\000\000\000\000\000"
 215      00000000 
 216 0031 B0000000 		.ascii	"\260\000\000\000"
 217 0035 70616C5F 		.ascii	"pal_default_config\000"
 217      64656661 
 217      756C745F 
 217      636F6E66 
 217      696700
 218 0048 00       		.ascii	"\000"
 219 0049 00       		.ascii	"\000"
 220 004a 00       		.ascii	"\000"
 221 004b 00000000 		.ascii	"\000\000\000\000\000\000\000\000"
 221      00000000 
 222 0053 E1000000 		.ascii	"\341\000\000\000"
 223 0057 73746D33 		.ascii	"stm32_clock_init\000"
 223      325F636C 
 223      6F636B5F 
 223      696E6974 
 223      00
 224 0068 00       		.ascii	"\000"
 225 0069 02       		.ascii	"\002"
 226 006a 00       		.ascii	"\000"
 227 006b 00000000 		.ascii	"\000\000\000\000\000\000\000\000"
 227      00000000 
 228 0073 B2000000 		.ascii	"\262\000\000\000"
 229              		.text
 230              		.section	.gnu.lto_.opts,"",%progbits
 231 0000 272D666D 		.ascii	"'-fmath-errno' '-fsigned-zeros' '-ftrapping-math' '"
 231      6174682D 
 231      6572726E 
 231      6F272027 
 231      2D667369 
 232 0033 2D666E6F 		.ascii	"-fno-trapv' '-fno-openmp' '-fno-openacc' '-mcpu=cor"
 232      2D747261 
 232      70762720 
 232      272D666E 
 232      6F2D6F70 
 233 0066 7465782D 		.ascii	"tex-m3' '-mno-thumb-interwork' '-mthumb' '-ggdb' '-"
 233      6D332720 
 233      272D6D6E 
ARM GAS  /tmp/ccRowB5U.s 			page 16


 233      6F2D7468 
 233      756D622D 
 234 0099 4F322720 		.ascii	"O2' '-fomit-frame-pointer' '-falign-functions=16' '"
 234      272D666F 
 234      6D69742D 
 234      6672616D 
 234      652D706F 
 235 00cc 2D666675 		.ascii	"-ffunction-sections' '-fdata-sections' '-fno-common"
 235      6E637469 
 235      6F6E2D73 
 235      65637469 
 235      6F6E7327 
 236 00ff 2720272D 		.ascii	"' '-flto'\000"
 236      666C746F 
 236      2700
 237              		.text
 238              		.comm	__gnu_lto_v1,1,1
 239              		.comm	__gnu_lto_slim,1,1
 240              		.ident	"GCC: (GNU Tools for ARM Embedded Processors 6-2017-q2-update) 6.3.1 20170620 (release) [AR
ARM GAS  /tmp/ccRowB5U.s 			page 17


DEFINED SYMBOLS
                            *ABS*:0000000000000000 board.c
                            *COM*:0000000000000001 __gnu_lto_v1
                            *COM*:0000000000000001 __gnu_lto_slim

NO UNDEFINED SYMBOLS
