ARM GAS  /tmp/cccQmr3e.s 			page 1


   1              		.cpu cortex-m3
   2              		.eabi_attribute 20, 1
   3              		.eabi_attribute 21, 1
   4              		.eabi_attribute 23, 3
   5              		.eabi_attribute 24, 1
   6              		.eabi_attribute 25, 1
   7              		.eabi_attribute 26, 1
   8              		.eabi_attribute 30, 2
   9              		.eabi_attribute 34, 1
  10              		.eabi_attribute 18, 4
  11              		.file	"chcore_v7m.c"
  12              		.text
  13              	.Ltext0:
  14              		.section	.gnu.lto_.profile.582c965456184f79,"",%progbits
  15 0000 789C6365 		.ascii	"x\234ce`b`a```d0\224\001\000\000\376\000Z"
  15      60626061 
  15      60606064 
  15      30940100 
  15      00FE005A 
  16              		.text
  17              		.section	.gnu.lto_.icf.582c965456184f79,"",%progbits
  18 0000 789C6365 		.ascii	"x\234ce`b\020a@\000f\206\345K\256\264s3\367\276\273"
  18      60621061 
  18      40006686 
  18      E54BAEB4 
  18      7333F7BE 
  19 0015 BF9687E5 		.ascii	"\277\226\207\345\363\206\025\213\330\030\000^5\010\335"
  19      F386158B 
  19      D818005E 
  19      3508DD
  20              		.text
  21              		.section	.gnu.lto_.jmpfuncs.582c965456184f79,"",%progbits
  22 0000 789C6365 		.ascii	"x\234ce`b\340e@\000f(\301\002\242\001\002|\000\037"
  22      6062E065 
  22      40006628 
  22      C102A201 
  22      027C001F 
  23              		.text
  24              		.section	.gnu.lto_.inline.582c965456184f79,"",%progbits
  25 0000 789C6365 		.ascii	"x\234ce`bpc@\000f\006\006~1F\006&\221\013=\214\014l"
  25      60627063 
  25      40006606 
  25      067E3146 
  25      0626910B 
  26 0018 0BE49940 		.ascii	"\013\344\231@\202L\334`\031N\016\240\004\317\203X\270"
  26      824CDC60 
  26      194E0EA0 
  26      04CF8358 
  26      B8
  27 0029 380B0317 		.ascii	"8\013\003\0277HhN$\\\210\221\013D\002\000\021\202\006"
  27      3748684E 
  27      245C8891 
  27      0B440200 
  27      118206
  28 003c D4       		.ascii	"\324"
  29              		.text
  30              		.section	.gnu.lto_.pureconst.582c965456184f79,"",%progbits
ARM GAS  /tmp/cccQmr3e.s 			page 2


  31 0000 789C6365 		.ascii	"x\234ce`b\340b```f\330\305\310\274\213\221e\027#\000"
  31      6062E062 
  31      60606066 
  31      D8C5C8BC 
  31      8B916517 
  32 0016 0C46024D 		.ascii	"\014F\002M"
  33              		.text
  34              		.section	.gnu.lto__port_irq_epilogue.part.0.582c965456184f79,"",%progbits
  35 0000 789C9D54 		.ascii	"x\234\235T\337o\024U\024>g\356\314\356v\273m\223\306"
  35      DF6F1455 
  35      143E67EE 
  35      CCEE76BB 
  35      6D93C6
  36 0013 074D78D8 		.ascii	"\007Mx\330>4\204\210\035\2141>\371`HL4\331h\272\177"
  36      3E348488 
  36      1D8C313E 
  36      F960484C 
  36      34D968BA 
  37 0028 00314391 		.ascii	"\0001C\221F\332\335\354.\246\017&\275\354v\333f\253"
  37      46DADDEC 
  37      2EA60F26 
  37      BDEC76DB 
  37      66AB
  38 003a 85085D58 		.ascii	"\205\010]X\354f\012\015\251\250\265\264\210\332\"t\351"
  38      EC660A0D 
  38      A9A8B5B4 
  38      88DA2274 
  38      E9
  39 004b 2F409406 		.ascii	"/@\224\006\320\022\205\007\334.D)\230\3204\306\220\264"
  39      D0128507 
  39      DC2E4429 
  39      98D034C6 
  39      90B4
  40 005d EB3977B6 		.ascii	"\3539w\266\266jM\214\223\231;s\317=\3379\347~\337\271"
  40      B66A4D8C 
  40      93993B73 
  40      CF3DDF39 
  40      E77EDFB9 
  41 0071 638006CF 		.ascii	"c\200\006\317\033\000\375\000\3602=\350\006t\035\270"
  41      1B00FD00 
  41      F0323DE8 
  41      06741DB8 
  42 0081 4A1F2ED4 		.ascii	"J\037.\324\324[\323D\347f\220^\235G\237@\203\255\373"
  42      D45BD344 
  42      E766905E 
  42      9D479F40 
  42      83ADFB
  43 0094 3CFAEA87 		.ascii	"<\372\352\207\201\310\037\322\203\320\352\322\204n`"
  43      81C81FD2 
  43      83D0EAD2 
  43      846E60
  44 00a3 2BEE1787 		.ascii	"+\356\027\207\005Nt\334\033\325\266\014H\272r\207\227"
  44      054E74DC 
  44      1BD5B60C 
  44      48BA7287 
  44      97
  45 00b4 DCED32F9 		.ascii	"\334\3552\371\244-\0002\364\360\205\003\270\005\310"
ARM GAS  /tmp/cccQmr3e.s 			page 3


  45      A42D0032 
  45      F4F08503 
  45      B805C8
  46 00c3 2D3FBCD2 		.ascii	"-?\274\322S\341\322\035;~Hy\001\030~\255\355T\257\350"
  46      53E1D21D 
  46      3B7E4879 
  46      01187EAD 
  46      ED54AFE8 
  47 00d7 16B640D4 		.ascii	"\026\266@\324i\372\350\333\243\363\225<\325\320O\323"
  47      69FAE8DB 
  47      A3F3953C 
  47      D5D04FD3 
  48 00e7 7B5DD3E7 		.ascii	"{]\323\347\335b\033r\204\334\2113sX\333/e\\\346\212"
  48      DD621B72 
  48      84DC8933 
  48      7358DB2F 
  48      655CE68A 
  49 00fb 334F5F3F 		.ascii	"3O_?\321.\017\\\360\330B\340\307((,~\204\233\360$nr"
  49      D12E0F5C 
  49      F0D842E0 
  49      C728282C 
  49      7E849BF0 
  50 0112 D27E82B5 		.ascii	"\322~\202\265\204y\367\275\345\245*\306\274\257\212"
  50      8479F7BD 
  50      E5A52AC6 
  50      BCAF8A
  51 0121 4B279297 		.ascii	"K'\222\227\244N\020\370\207\377\240\362O].\034\257\022"
  51      A44E10F8 
  51      87FFA0F2 
  51      4F5D2E1C 
  51      AF12
  52 0133 8D2ADFAF 		.ascii	"\215*\337\257+\267S\276R\276\337\354\352\203\011\251"
  52      2BB753BE 
  52      52BEDFEC 
  52      EA8309A9 
  53 0143 B03A7EBA 		.ascii	"\260:~\272A\272!\254\035\272\216R\256\024;\244\374\361"
  53      41BA21AC 
  53      1DBA8E52 
  53      AE143BA4 
  53      FCF1
  54 0155 B96A1FAA 		.ascii	"\271j\037\252\0224\265\"\324\250\203-\014\203\006\027"
  54      1234B522 
  54      D4A8832D 
  54      0C830617 
  55 0165 408A5860 		.ascii	"@\212X`:S4\241\267\350\022\232z\337\307}\371\361\304"
  55      3A5334A1 
  55      B7E8129A 
  55      7ADFC77D 
  55      F9F1C4
  56 0178 4DDF1A61 		.ascii	"M\337\032a\214T|\301\032\213m\016\331\275\336W\001O"
  56      8C547CC1 
  56      1A8B6D0E 
  56      D9BDDE57 
  56      014F
  57 018a A12B2370 		.ascii	"\241+#p\035\303\234\026p\230\0018B#\361\334L\253\351"
  57      1DC39C16 
  57      70980138 
ARM GAS  /tmp/cccQmr3e.s 			page 4


  57      4223F1DC 
  57      4CABE9
  58 019d EEB4ADD7 		.ascii	"\356\264\255\327\274c\313#~[\270\331\1779\237\234/\323"
  58      BC63CB23 
  58      7E5BB8D9 
  58      7F399F9C 
  58      2FD3
  59 01af 35723B8D 		.ascii	"5r;\2155*\372L\376\364\230\213,\370\031\352Y\012\012"
  59      352AFA4C 
  59      FEF4988B 
  59      2CF819EA 
  59      590A0A
  60 01c2 780675B8 		.ascii	"x\006u\270\213\361;\\\023G\343\340\274\302\266\256\356"
  60      8BF13B5C 
  60      1347E3E0 
  60      BCC2B6AE 
  60      EE
  61 01d3 E96A4EAF 		.ascii	"\351jN\257\022\302/\030_\3548)\330\220\025Z\311\307"
  61      12C22F18 
  61      5FEC3829 
  61      D890155A 
  61      C9C7
  62 01e5 AFD68718 		.ascii	"\257\326\207\030\243\221G\242\267}\360\306N\307E\220"
  62      A39147A2 
  62      B77DF0C6 
  62      4EC74590 
  63 01f5 8952DEF8 		.ascii	"\211R\336\370i*m8\362\337)\026\213U\37091\372W\244\340"
  63      692A6D38 
  63      F2DF2916 
  63      8B55F839 
  63      31FA57A4 
  64 020a D84B3F67 		.ascii	"\330K?g\223^\266\021\2460\260\330S\306\030\335\301\220"
  64      935EB611 
  64      A630B0D8 
  64      53C618DD 
  64      C190
  65 021c E9BBD96B 		.ascii	"\351\273\331kW\312m\314\242-<\024\030\277`]\310\376"
  65      57CA6DCC 
  65      A22D3C14 
  65      18BF605D 
  65      C8FE
  66 022e E0D8C807 		.ascii	"\340\330\310\007.s\220\371\352\333e\2132\374\022m<\242"
  66      2E7390F9 
  66      EADB658B 
  66      32FC126D 
  66      3CA2
  67 0240 5A1347D1 		.ascii	"Z\023G\321\344\376\273\373xV\005\363\222z\324\335c\204"
  67      E4FEBBFB 
  67      785605F3 
  67      927AD4DD 
  67      6384
  68 0252 547B39F7 		.ascii	"T{9\367\375\023N\245:\227\260Z\022!..\024\262\036!Q"
  68      FD134EA5 
  68      3A97B05A 
  68      12212E2E 
  68      14B21E21 
  69 0267 91BE5078 		.ascii	"\221\276Px4Y^j\2229\333\227\221\2716?\267\344\331\015"
ARM GAS  /tmp/cccQmr3e.s 			page 5


  69      34595E6A 
  69      9239DB97 
  69      91B9363F 
  69      B7E4D90D 
  70 027b 7AE42BDE 		.ascii	"z\344+\336\215\016\3671\236\037\237\374\301\367w9\347"
  70      8D0EF731 
  70      9E1F9FFC 
  70      C1F77739 
  70      E7
  71 028c BC06BB94 		.ascii	"\274\006\273\224$\325\326\037\032<\247\344<\317\247"
  71      24D5D61F 
  71      1A3CA7E4 
  71      3CCFA7
  72 029b 06613FD2 		.ascii	"\006a?\322\322q{\344wo\015mX\011Z\316\336\203\363g\245"
  72      D2717BE4 
  72      776F0D6D 
  72      58095ACE 
  72      DE83F367 
  73 02b0 47093A5E 		.ascii	"G\011:^\022\364\366\321\261C^\0264\307\202\352\264r"
  73      12F4F6D1 
  73      B1435E16 
  73      34C782EA 
  73      B472
  74 02c2 419DB2FE 		.ascii	"A\235\262\376\341\3707\276\232>\\\327\015W\273\343\307"
  74      E1F837BE 
  74      9A3E5CD7 
  74      0D57BBE3 
  74      C7
  75 02d3 7C0A3CC1 		.ascii	"|\012<\301`\234t\224wt\340\262`\001\023}\343=O9\244"
  75      609C7494 
  75      7774E0B2 
  75      6001137D 
  75      E33D4F39 
  76 02e8 1804191D 		.ascii	"\030\004\031\035}p\313\335\272,\351\014\3722\304\021"
  76      7D70CBDD 
  76      BA2CE90C 
  76      FA32C411 
  77 02f8 E014B652 		.ascii	"\340\024\266R\177W@\001\333nMN\341\232k:91\353f\226"
  77      7F574001 
  77      DB6E4D4E 
  77      E19A6B3A 
  77      3931EB66 
  78 030d 7903D325 		.ascii	"y\003\323%B\272\010\323\271Y\020\333\217;\2627\373\260"
  78      42BA08D3 
  78      B95910DB 
  78      8F3BB237 
  78      FBB0
  79 031f C4EF7FD1 		.ascii	"\304\357\177\321\262\231\265\234QZ\"S{Qi\271ZP'y,\022"
  79      B299B59C 
  79      515A2253 
  79      7B5169B9 
  79      5A502779 
  80 0335 BC32A3F6 		.ascii	"\2742\243\366|\211\252\342l\372\237\331\036\376\217"
  80      7C89AAE2 
  80      6CFA9FD9 
  80      1EFE8F
  81 0344 6C97D7B2 		.ascii	"l\227\327\262}\375o\331\350\017\213WJ\331\014u\240\037"
ARM GAS  /tmp/cccQmr3e.s 			page 6


  81      7DFD6FD9 
  81      E80F8B57 
  81      4AD90C75 
  81      A01F
  82 0356 A2E6FC07 		.ascii	"\242\346\374\007S\004%\003\315\236\251\2533\235;\024"
  82      53042503 
  82      CD9EA9AB 
  82      339D3B14 
  83 0366 35AD5053 		.ascii	"5\255PSS\250\331\014\207\"\261\250\371R}`{\240\305\264"
  83      53A8D90C 
  83      8722B1A8 
  83      F9527D60 
  83      7BA0C5B4 
  84 037a 765BA148 		.ascii	"v[\241H\303\216\267_h\252\263\300\025i\210\356\335\023"
  84      C38EB75F 
  84      68AAB3C0 
  84      156988EE 
  84      DD13
  85 038c 7B760350 		.ascii	"{v\003PCK\314\334\036\010\276\0224\033\233\255={w6\230"
  85      434BCCDC 
  85      1E08BE12 
  85      341B9BAD 
  85      3D7B7736 
  86 03a1 5653B431 		.ascii	"VS\2641\272\343M\313\252\333\015\272\025k\011W\004\352"
  86      BAE34DCB 
  86      AADB0DBA 
  86      156B0957 
  86      04EA
  87 03b3 83FEDA6D 		.ascii	"\203\376\332m[\375\341h\330\013\342\305\010T\306B\341"
  87      5BFDE168 
  87      D80BE2C5 
  87      0854C642 
  87      E1
  88 03c4 D776BD1E 		.ascii	"\327v\275\036\011Y\301\330\033\326[\025\201`=/n%//h"
  88      0959C1D8 
  88      1BD65B15 
  88      81603D2F 
  88      6E252F2F 
  89 03d9 1110D130 		.ascii	"\021\020\3210\374\001 \247\332Q"
  89      FC0120A7 
  89      DA51
  90              		.text
  91              		.section	.gnu.lto_SVC_Handler.582c965456184f79,"",%progbits
  92 0000 789C9593 		.ascii	"x\234\225\223\337K\024Q\024\307\317\231;;\273\255kE"
  92      DF4B1451 
  92      14C7CF99 
  92      3B3BBBAD 
  92      6B45
  93 0012 6F91C42E 		.ascii	"o\221\304.!\024\225k\017Q/=\204/\365\260\024\356\037"
  93      2114956B 
  93      0F512F3D 
  93      842FF5B0 
  93      14EE1F
  94 0025 10366D29 		.ascii	"\0206m)\271\356\262\273\212A\320\264k-i\250d\231J\313"
  94      B9EEB2BB 
  94      8A41D0B4 
  94      6B2D69A8 
ARM GAS  /tmp/cccQmr3e.s 			page 7


  94      64994ACB 
  95 0039 F4932CB3 		.ascii	"\364\223,\263\374\221\375\260\3326--\372E\277\013\""
  95      FC91FDB0 
  95      DA362D2D 
  95      FA45BF0B 
  95      22
  96 004a 6AB542A3 		.ascii	"j\265B\243(\205\350!\255{\356La&D\303\316\314\336{\276"
  96      2885E821 
  96      AD7BEE4C 
  96      612644C3 
  96      CECCDE7B 
  97 005f E77BCFF9 		.ascii	"\347{\317\371\334;\026\220\240Z\006\370\014\000s\370"
  97      DC3B1690 
  97      A05A06F8 
  97      0C0073F8 
  98 006f 8D0C50AA 		.ascii	"\215\014P\252\275\007\260\335&!\322\037\315\206\260"
  98      BD07B0DD 
  98      2621D21F 
  98      CD86B0
  99 007e 4DC26D58 		.ascii	"M\302mX\303\3663\354\211\277\273(-8\256\361+\265\377"
  99      C3F633EC 
  99      89BFBB28 
  99      2D38AEF1 
  99      2BB5FF
 100 0091 FB6CAD39 		.ascii	"\373l\2559\205:\003h\3447]x\034\027\000\227=\250h;\300"
 100      853A0368 
 100      E4375D78 
 100      1C170097 
 100      3DA8683B 
 101 00a6 AA99CE10 		.ascii	"\252\231\316\020e>\374r\267i`:\015%t\362a\345\255\301"
 101      653EFC72 
 101      B769603A 
 101      0D2574F2 
 101      61E5ADC1 
 102 00ba C333582E 		.ascii	"\3033X.\222\362\323\370\313JG\366\021M\213j\251\276"
 102      92F2D3F8 
 102      CB4A47F6 
 102      114D8B6A 
 102      A9BE
 103 00cc 86B97B62 		.ascii	"\206\271{b\332MM\326\031\303\223\310\270+\236\300,l"
 103      DA4D4DD6 
 103      19C393C8 
 103      B82B9EC0 
 103      2C6C
 104 00de C62CE1CE 		.ascii	"\306,\341\316\345\351\366\361}\231\212\214-\230m,\212"
 104      E5E9F6F1 
 104      7D998A8C 
 104      2D986D2C 
 104      8A
 105 00ef A7504100 		.ascii	"\247PA\000\211fx\374]\325\215\244\225-\025\326\251c"
 105      896678FC 
 105      5DD58DA4 
 105      952D15D6 
 105      A963
 106 0101 5D4FD1B4 		.ascii	"]O\321\264~\337\277\360\341\261\235Z\3555\233\316dl"
 106      7EDFBFF0 
 106      E1B19D5A 
ARM GAS  /tmp/cccQmr3e.s 			page 8


 106      ED359BCE 
 106      646C
 107 0113 FDDB1B4F 		.ascii	"\375\333\033Oc\366\231\207\230\322\306\177\304ykY\361"
 107      63F69987 
 107      98D2C67F 
 107      C4796B59 
 107      F1
 108 0124 FE574D92 		.ascii	"\376WM\222U\002\362e\342)\203\316,\026!\004\250\344"
 108      5502F265 
 108      E22983CE 
 108      2C162104 
 108      A8E4
 109 0136 6B139D2A 		.ascii	"k\023\235*&\321\233\015\343\366\364h\354\231\343w\211"
 109      26D19B0D 
 109      E3F6F468 
 109      EC99E377 
 109      89
 110 0147 1506A236 		.ascii	"\025\006\2426e\225(\261\221\341\304\362\311\003\317"
 110      659528B1 
 110      91E1C4F2 
 110      C903CF
 111 0156 A0C2D76D 		.ascii	"\240\302\327m\343O\336@\011\217\326W\327\353\262k\253"
 111      E34FDE40 
 111      098FD657 
 111      D7EBB26B 
 111      AB
 112 0167 AE353875 		.ascii	"\25658u\246\220~,\275c`\232,qY;\272\004\200\276tg\267"
 112      A6907E2C 
 112      BD63609A 
 112      2C71593B 
 112      BA0480BE 
 113 017e C267B003 		.ascii	"\302g\260\003\345\004\263\360H'\312\360\026\243\257"
 113      E504B3F0 
 113      4827CAF0 
 113      16A3AF
 114 018d 69797223 		.ascii	"iyr#s\212\320\\UCl\226 $\212\036\302\350H|\027\243\211"
 114      738AD05C 
 114      55436C96 
 114      20248A1E 
 114      C2E8487C 
 115 01a4 04934C8D 		.ascii	"\004\223L\215S\304[(G\342\212\330\201\235w;\263\014"
 115      53C45B28 
 115      47E28AD8 
 115      819D773B 
 115      B30C
 116 01b6 09E35313 		.ascii	"\011\343S\023w\017\321\211g9\257?\263\230\341;\326\351"
 116      770FD189 
 116      6739AF3F 
 116      B398E13B 
 116      D6E9
 117 01c8 30B2649A 		.ascii	"0\262d\232\372%\341\351\375\037\006\0236\246\241\000"
 117      FA25E1E9 
 117      FD1F0613 
 117      36A6A100 
 118 01d8 F061F04B 		.ascii	"\360a\360Ko\206\271'_75j\251\012'mH\327\024\033r\216"
 118      6F86B927 
 118      5F37356A 
ARM GAS  /tmp/cccQmr3e.s 			page 9


 118      A90A276D 
 118      48D7141B 
 119 01ee CC6518C6 		.ascii	"\314e\030\306hz\264\367\305d\262uI\205\024&\\i\002\\"
 119      687AB4F7 
 119      C564B275 
 119      49851426 
 119      5C69025C 
 120 0202 C0F302EC 		.ascii	"\300\363\002\354\005:\030\0105\310C\207\365\216ovW\002"
 120      053A1808 
 120      35C84387 
 120      F58E6F76 
 120      5702
 121 0214 0DB45652 		.ascii	"\015\264VR\267\016\\\322l\002\355E\023\355\313\246\356"
 121      B70E5CD2 
 121      6C02ED45 
 121      13EDCBA6 
 121      EE
 122 0225 BD7642DB 		.ascii	"\275vB\333Mh\371G\201\227\304\351=\322\036\275\343p"
 122      4D68F947 
 122      8197C4E9 
 122      3DD21EBD 
 122      E370
 123 0237 1DC409FB 		.ascii	"\035\304\011\373r\257:z\310!\222/S2^1\366\300\240Be"
 123      72AF3A7A 
 123      C821922F 
 123      53325E31 
 123      F6C0A042 
 124 024c F191A8E9 		.ascii	"\361\221\250\351\375\345\370cdG\215\346\273\222\317"
 124      FDE5F863 
 124      64478DE6 
 124      BB92CF
 125 025b 1BEC66F3 		.ascii	"\033\354f\363\317Z\347'b\267wk\007\2433\011@r\012\000"
 125      CF5AE727 
 125      62B7776B 
 125      07A33309 
 125      40720A00 
 126 026f 57C589AE 		.ascii	"W\305\211\256\337\321s\337J\364e\336M\212\307\004\220"
 126      DFD173DF 
 126      4AF465DE 
 126      4D8AC704 
 126      90
 127 0280 585DE664 		.ascii	"X]\346d \217\025\023\006\203I\241G\255\313\233\271\371"
 127      208F1513 
 127      068349A1 
 127      47ADCB9B 
 127      B9F9
 128 0292 350ACA93 		.ascii	"5\012\312\223\203\303\011F+\001\366P\330\362\007\310"
 128      83C30946 
 128      2B01F650 
 128      D8F207C8 
 129 02a2 5E01F2BA 		.ascii	"^\001\362\272\001\362\371?A\3360A\216\353o\222\031\004"
 129      01F2F93F 
 129      41DE3041 
 129      8EEB6F92 
 129      1904
 130 02b4 B20F6551 		.ascii	"\262\017eQ2`\277 \331\234\354}\353p\015\231\3316\322"
 130      3260BF20 
ARM GAS  /tmp/cccQmr3e.s 			page 10


 130      D99CEC7D 
 130      EB700D99 
 130      D936D2
 131 02c7 8E9CEE78 		.ascii	"\216\234\356x\222!\262o\012\222\267L\222\242}\200\217"
 131      9221B26F 
 131      0A92B74C 
 131      92A27D80 
 131      8F
 132 02d8 74885BE6 		.ascii	"t\210[\346Qc\002J%\377\216\370\367\306\365\213sr\334"
 132      5163024A 
 132      25FF8EF8 
 132      F7C6F58B 
 132      7372DC
 133 02eb C62F1076 		.ascii	"\306/\020v\253\001\277?P\342\016\006B\221\260{e\276"
 133      AB01BF3F 
 133      50E20E06 
 133      4291B07B 
 133      65BE
 134 02fd 27CF53EE 		.ascii	"'\317S\356V\013\325@\310\267\256l\231?G\005Y\215\224"
 134      560BD540 
 134      C8B7AE6C 
 134      993F4705 
 134      598D94
 135 0310 0795902F 		.ascii	"\007\225\220/\\Z\034Y2E\246\257<\342\316\363xW{\335"
 135      5C5A1C59 
 135      3245A6AF 
 135      3CE2CEF3 
 135      78577BDD 
 136 0324 45256A71 		.ascii	"E%jq\351\006\237[\365\207\213\302\3536\251jN!dz\362"
 136      E9069F5B 
 136      F5878BC2 
 136      EB36A96A 
 136      4E21647A 
 137 0339 BDCEECDC 		.ascii	"\275\316\354\334E\316`8h\007\266\"\004\323#\201\340"
 137      45CE6038 
 137      6807B622 
 137      04D32381 
 137      E0
 138 034a 9A8D6B43 		.ascii	"\232\215kC\001\325\033)P7gz\274\371\024\\\304Uv\220"
 138      01D51B29 
 138      5037677A 
 138      BCF9145C 
 138      C4557690 
 139 035e 42C0C241 		.ascii	"B\300\302A\260\224\025\024\227\372\376\247\316B\230"
 139      B0941514 
 139      97FAFEA7 
 139      CE4298
 140 036d 4946EB0B 		.ascii	"IF\353\013\302\276`\250\210\314\300\352\367\371\003"
 140      C2BE60A8 
 140      88CCC0EA 
 140      F7F903
 141 037c A12DF013 		.ascii	"\241-\360\023\230\004\261\\"
 141      9804B15C 
 142              		.text
 143              		.section	.gnu.lto__port_irq_epilogue.582c965456184f79,"",%progbits
 144 0000 789C9553 		.ascii	"x\234\225S[KTQ\024^\337\331\347\314L\343\205\236\242"
 144      5B4B5451 
ARM GAS  /tmp/cccQmr3e.s 			page 11


 144      145EDFD9 
 144      E7CC4CE3 
 144      859EA2
 145 0013 A28791F0 		.ascii	"\242\207\221\360\241(\217A\344SA\364\024\341\213\376"
 145      A1288F41 
 145      E45341F4 
 145      14E18BFE 
 146 0023 00A9D350 		.ascii	"\000\251\323P\202\343\310LI=\271\307\264\001\005\213"
 146      82E3C84C 
 146      493DB9C7 
 146      B401058B 
 147 0033 4A536B38 		.ascii	"JSk8`\017\226e\336\262\032\233l\032+z\350Bb \371\322"
 147      600F9665 
 147      DEB21A9B 
 147      6C1A2B7A 
 147      E8426220 
 148 0049 4DC39AA0 		.ascii	"M\303\232\240\033\224P\326\332gL\314\242hs\316\354\263"
 148      1B9450D6 
 148      DA674CCC 
 148      A26873CE 
 148      ECB3
 149 005b D7FAD6FE 		.ascii	"\327\372\326\376\326\345\033\2034z*\210\372\210h3\277"
 149      D6E51B83 
 149      347A2A88 
 149      FA886833 
 149      BF
 150 006c 7011B4A3 		.ascii	"p\021\264\243\017\210\"\036M\023c\313Hz\365D\021\311"
 150      0F88221E 
 150      4D1363CB 
 150      487AF544 
 150      11C9
 151 007e 6C014399 		.ascii	"l\001C\231\241g\366\210\307\000\324\207\364\200j4\241"
 151      A167F688 
 151      C700D487 
 151      F4806A34 
 151      A1
 152 008f 1BA8C111 		.ascii	"\033\250\301\021qR \025\235\212kk:%\257\344\311O\356"
 152      71522015 
 152      9D8A6B6B 
 152      3A25AFE4 
 152      C94FEE
 153 00a2 C3B27EB9 		.ascii	"\303\262~\271\315\004m\374\252\205N\254!\206=\357\233"
 153      CD046DFC 
 153      AA854EAC 
 153      21863DEF 
 153      9B
 154 00b3 6DCE71E9 		.ascii	"m\316q\351\031;\316\302\005\336{F\221\224\263\337\243"
 154      193BCEC2 
 154      05DE7B46 
 154      9194B3DF 
 154      A3
 155 00c4 32F9F50C 		.ascii	"2\371\365\014b;<\202l\001]\375\02050P\0216\012M\355"
 155      623B3C82 
 155      6C015DFD 
 155      10353050 
 155      11360A4D 
 156 00d9 62129ABA 		.ascii	"b\022\232\272\347Q]\357i\321$l\241A\347\343\373\373"
ARM GAS  /tmp/cccQmr3e.s 			page 12


 156      E7515DEF 
 156      69D1246C 
 156      A141E7E3 
 156      FBFB
 157 00eb ED2F72D5 		.ascii	"\355/r\325Q\300\307\307W\211\350\030D!\024rpx\274\325"
 157      51C0C7C7 
 157      5789E818 
 157      44211472 
 157      7078BCD5 
 158 00ff 9B7F46CA 		.ascii	"\233\177F\312Z\231\374|gm\333\370K)\217I\330B\307y\010"
 158      5A99FC7C 
 158      676DDBF8 
 158      4B298F49 
 158      D842C779 
 159 0114 CE035D58 		.ascii	"\316\003]X\205sX\225\311\363\002\3629(:-\257\353\352"
 159      85735895 
 159      C9F302F2 
 159      39283A2D 
 159      AFEBEA
 160 0127 3E1D3E74 		.ascii	">\035>t\263\3575j\237\0174\365\216b\276\206:\247\324"
 160      B3EF356A 
 160      9F0F34F5 
 160      8E62BE86 
 160      3AA7D4
 161 013a E35FDC4E 		.ascii	"\343_\334N\031m\002\264\310\365qj\313\012\302E\345\323"
 161      196D02B4 
 161      C8F5716A 
 161      CB0AC245 
 161      E5D3
 162 014c 16FB464F 		.ascii	"\026\373FO\011\305D\350Qn\261\2603\350\345a\020\372"
 162      09C544E8 
 162      516EB1B0 
 162      33E8E561 
 162      10FA
 163 015e 546B402D 		.ascii	"Tk@-\212\260\303\356\377\342\315\353\204-[}\2660\024"
 163      8AB0C3EE 
 163      FFE2CDEB 
 163      842D5B7D 
 163      B63014
 164 0171 BAFBC535 		.ascii	"\272\373\3055\351\3215\006\366#\217\224\345]zlBc\013"
 164      E9D13506 
 164      F6238F94 
 164      E55D7A6C 
 164      42630B
 165 0184 0678582A 		.ascii	"\006xX*e\302%\2477g\207G&\263\363\272\346\242]\012\373"
 165      65C225A7 
 165      37678747 
 165      26B3F3BA 
 165      E6A25D0A 
 166 0199 E162FFE3 		.ascii	"\341b\377\343,'zPE\3432w{\022\265>\247|\242i\244\206"
 166      2C277A50 
 166      45E33277 
 166      7B12B53E 
 166      A77CA269 
 167 01af 663ABE8F 		.ascii	"f:\276\217CU\026\023j\274-\365\251\207n\325\020\267"
 167      43551613 
 167      6ABC2DF5 
ARM GAS  /tmp/cccQmr3e.s 			page 13


 167      A9876ED5 
 167      10B7
 168 01c1 5367249E 		.ascii	"Sg$\2368ad\216\362\311!\231\253&\322Z\373\314c#\026"
 168      3861648E 
 168      F2C92199 
 168      AB26D25A 
 168      FBCC6323 
 169 01d6 E1FA98C7 		.ascii	"\341\372\230\307\203\253\334\326+*\017v\246\233\357"
 169      83ABDCD6 
 169      2B2A0F76 
 169      A69BEF
 170 01e5 7679CD6E 		.ascii	"vy\315nY\027Q\276%\210\303F\253#\015\014\301d\302C_"
 170      591751BE 
 170      2588C346 
 170      AB230D0C 
 170      C164C243 
 171 01fa 0F9F3332 		.ascii	"\017\23732tz\206\361\355\275\311\016g\004\200\\\212"
 171      747A86F1 
 171      EDBDC90E 
 171      6704805C 
 171      8A
 172 020b 6B7CD14B 		.ascii	"k|\321K\324M\214l\234\0031\242'\035\237\311\311 \010"
 172      D44D8C6C 
 172      9C0331A2 
 172      271D9FC9 
 172      C92008
 173 021e 89B90136 		.ascii	"\211\271\0016r7\307\226\2117\020\012\250\270\343\361"
 173      7237C796 
 173      8937100A 
 173      A8B8E3F1 
 174 022e F484BBE6 		.ascii	"\364\204\273\346\233\364\330\302\333&t\246\274\216\032"
 174      9BF4D8C2 
 174      DB2674A6 
 174      BC8E1A
 175 023d 16579683 		.ascii	"\026W\226\203\326)Q\364ST\277Je\323\277\2442\354He\276"
 175      D62951F4 
 175      5354BF4A 
 175      65D3BFA4 
 175      32EC4865 
 176 0252 333A6771 		.ascii	"3:gq\343oRi\317\232\223\212\361\233T\356\254^IH*\237"
 176      E36F5269 
 176      CF9A938A 
 176      F19B54EE 
 176      AC5E4948 
 177 0268 6BB1EF75 		.ascii	"k\261\357uL(&\302\315\337\245\222r\2442\262@*\263\366"
 177      4C2826C2 
 177      CDDFA592 
 177      72A432B2 
 177      402AB3F6 
 178 027c B3E1AC9F 		.ascii	"\263\341\254\237*\270\341\250\340\226\243\202\305#\277"
 178      2AB8E1A8 
 178      E096A382 
 178      C523BF
 179 028b 3D3F7275 		.ascii	"=?ru\271\323\012\303\371\203\275\345^8\253\201%\315"
 179      B9D30AC3 
 179      F983BDE5 
 179      5E38AB81 
ARM GAS  /tmp/cccQmr3e.s 			page 14


 179      25CD
 180 029d 063EAD2F 		.ascii	"\006>\255/(03O0lZ\301@ XiV\005C\373\302\346\326\222"
 180      2830334F 
 180      306C5AC1 
 180      40205869 
 180      560543FB 
 181 02b5 E26DC507 		.ascii	"\342m\305\007Lk\257\025\014\371\313\252\213\002\005"
 181      4C6BAF15 
 181      0CF9CBAA 
 181      8B0205
 182 02c4 1619D53B 		.ascii	"\026\031\325;+\366\373\377'f/m\370\003\332\177`\237"
 182      2BF6FBFF 
 182      27662F6D 
 182      F803DA7F 
 182      609F
 183 02d6 B9ADB874 		.ascii	"\271\255\270t{\251Y^iU\354\337\3557\255@\270<\\\266"
 183      7BA9595E 
 183      6955ECDF 
 183      ED37AD40 
 183      B83C5CB6 
 184 02ea C7B23862 		.ascii	"\307\2628biqi\211o\327\316\260\277*T\276\316\227_HZ"
 184      69716989 
 184      6FD7CEB0 
 184      BF2A54BE 
 184      CE975F48 
 185 02ff 88DC017F 		.ascii	"\210\334\001\177 \030:H?\000\277 t\037"
 185      20183A48 
 185      3F00BF20 
 185      741F
 186              		.text
 187              		.section	.gnu.lto_.symbol_nodes.582c965456184f79,"",%progbits
 188 0000 789C6365 		.ascii	"x\234ce`b\250a\000\002\246\243\214\365\014\014\023\316"
 188      6062A861 
 188      0002A6A3 
 188      8CF50C0C 
 188      13CE
 189 0012 3130D433 		.ascii	"10\32430\356l9\330\340\300\300\300\270\237\261\236\021"
 189      30EE6C39 
 189      D8E0C0C0 
 189      C0B89FB1 
 189      9E11
 190 0024 2CC6C0D0 		.ascii	",\306\300\320\260\000$p\200\261\236\011Y\200i\017c="
 190      B0002470 
 190      80B19E09 
 190      5980690F 
 190      633D
 191 0036 335417C3 		.ascii	"3T\027\303\256\006G\240\310^\306z\026\024\021\306}\214"
 191      AE0647A0 
 191      C85EC67A 
 191      161411C6 
 191      7D8C
 192 0048 F5AC304D 		.ascii	"\365\2540M c\231\031X\031\226\264\277\221gfa`x\264R"
 192      20639919 
 192      581996B4 
 192      BF916766 
 192      616078B4 
 193 005d 8D0100FA 		.ascii	"\215\001\000\372q\037s"
ARM GAS  /tmp/cccQmr3e.s 			page 15


 193      711F73
 194              		.text
 195              		.section	.gnu.lto_.refs.582c965456184f79,"",%progbits
 196 0000 789C6365 		.ascii	"x\234ce`b\340d`\000\222L\214\374LL\002\014\000\001\230"
 196      6062E064 
 196      6000924C 
 196      8CFC4C4C 
 196      020C0001 
 197 0015 0039     		.ascii	"\0009"
 198              		.text
 199              		.section	.gnu.lto_.decls.582c965456184f79,"",%progbits
 200 0000 789CBD58 		.ascii	"x\234\275XiPTW\026\356\373n\263t\323,\205\314\214\251"
 200      69505457 
 200      16EEFB6E 
 200      B374D32C 
 200      85CC8CA9 
 201 0014 A22A568A 		.ascii	"\242*V\212*\311\017\02655\311\217\251\224\210\032\255"
 201      2AC90F16 
 201      3535C98F 
 201      A994881A 
 201      AD
 202 0025 1A67AC26 		.ascii	"\032g\254&:\3713\323C\232\216PaK\323N\314\217\251<\004"
 202      3AF933D3 
 202      439A8E50 
 202      614BD34E 
 202      CC8FA93C 
 203 003a 94E086B8 		.ascii	"\224\340\206\270\000\006\024A\005d\021es\003\021\331"
 203      00061441 
 203      05641165 
 203      730311D9 
 204 004a 44594411 		.ascii	"DYD\021A\004TDED\026\027D\2249\367\336\327\375^?\233"
 204      41045444 
 204      45441617 
 204      449439F7 
 204      DED7FD5E 
 205 0060 24535335 		.ascii	"$SS5\2578\335}\356\373\356w\226{\356\206\235\202S\350"
 205      AF38DD7D 
 205      EEFBEE77 
 205      967BEE86 
 205      9D8253E8 
 206 0074 E62B143F 		.ascii	"\346+\024?b\205\"\036)\024\263\360(\025\012E\221B|\354"
 206      6285221E 
 206      2914B3F0 
 206      28150A45 
 206      91427CEC 
 207 0088 418A414E 		.ascii	"A\212AN\202\224\202\224\203T\202\\P\274\377\374\035"
 207      82948294 
 207      8354825C 
 207      50BCFFFC 
 207      1D
 208 0099 385CE17B 		.ascii	"8\\\341{=\210;\210\007H\023\310\003\220\205 \347AFA"
 208      3D883B88 
 208      074813C8 
 208      03908520 
 208      E7414641 
 209 00ad EE81B480 		.ascii	"\356\201\264\200\254\003\031\003\031\007\251\006\231"
 209      AC031903 
ARM GAS  /tmp/cccQmr3e.s 			page 16


 209      1907A906 
 209      99
 210 00ba 00E1406E 		.ascii	"\000\341@n\203\014Hl\277\002\231\021l\232\375\220?\337"
 210      830C486C 
 210      BF029911 
 210      6C9AFD90 
 210      3FDF
 211 00cc 826D95CC 		.ascii	"\202m\225\314\366\003\301\376B\301.\261\205\220\030"
 211      F603C1FE 
 211      42C12EB1 
 211      859018
 212 00db 57B9841B 		.ascii	"W\271\204\033C\273\035\210#z\237;\012\3324\002\367B"
 212      43BB1D88 
 212      237A9F3B 
 212      0ADA3402 
 212      F742
 213 00ed 596C66CE 		.ascii	"Ylf\316\177\202\374\003\304\013$\030\261\034\022\252"
 213      7F82FC03 
 213      C40B2418 
 213      B11C12AA 
 214 00fd 2FE0C341 		.ascii	"/\340\303A\310\231\036~\033\004\033\305\022\233\362"
 214      C8991E7E 
 214      1B041BC5 
 214      129BF2
 215 010c 2715A38A 		.ascii	"'\025\243\212\035uU\\\037\352E\220\017\344F[\231\347"
 215      1D75555C 
 215      1FEA4590 
 215      0FE4465B 
 215      99E7
 216 011e 08BE8850 		.ascii	"\010\276\210Pu\326\374 D\333\241\225\243\237\014H\233"
 216      75D6FC20 
 216      44DBA195 
 216      A39F0C48 
 216      9B
 217 012f 90B987A0 		.ascii	"\220\271\207\240s\202\312\011\224\364O\350\214$\214"
 217      7382CA09 
 217      94F44FE8 
 217      8C248C
 218 013e EC35B364 		.ascii	"\3545\263d~XLH\310!eg\275\021'\032@H\332AB\310\334\026"
 218      7E584C48 
 218      C8216567 
 218      BD11271A 
 218      4048DA41 
 219 0156 DE5BFC53 		.ascii	"\336[\374S\210\301!s\364\343\351W\207\324\375\350\016"
 219      88C12173 
 219      F4E3E957 
 219      87D4FDE8 
 219      0E
 220 0167 69CD5A8A 		.ascii	"i\315Z\212h\333\314\216\352\012\015\346\020\371\335"
 220      68DBCC8E 
 220      EA0A0DE6 
 220      10F9DD
 221 0176 FF3A6FA5 		.ascii	"\377:o\245o!\317\036\307?\211i\253\237}U\343\272\023"
 221      6F21CF1E 
 221      C73F8969 
 221      AB9F7D55 
 221      E3BA13
ARM GAS  /tmp/cccQmr3e.s 			page 17


 222 0189 237735E2 		.ascii	"#w5\342@\355\030\273\232\351\004\252\207\032\271\201"
 222      40ED18BB 
 222      9AE904AA 
 222      871AB981 
 223 0199 3A15DB79 		.ascii	":\025\333yQ=\177?\355\025\307\273qh\375\357Q!\362D\005"
 223      513D7F3F 
 223      ED15C7BB 
 223      7168FDEF 
 223      5121F244 
 224 01ae C8138C17 		.ascii	"\310\023\214\027!\230\012\350k%cJx\233\264\325\371\243"
 224      21980AE8 
 224      6B25634A 
 224      789BB4D5 
 224      F9A3
 225 01c0 2CBE6680 		.ascii	",\276f\200\257yV\367\371\335S5|\002t\263'0\224\2170"
 225      AF7956F7 
 225      F9DD5335 
 225      7C0274B3 
 225      2730948F 
 226 01d5 3A8E7C89 		.ascii	":\216|\211\313\360\023>\363P?B\271\250\017\002*F\037"
 226      CBF0133E 
 226      F3503F42 
 226      B9A80F02 
 226      2A461F
 227 01e8 41F7A72D 		.ascii	"A\367\247-\247N\271\342 \352\355/\233-\2612\333\220"
 227      A74EB9E2 
 227      20EAED2F 
 227      9B2DB132 
 227      DB90
 228 01fa DB7D5D05 		.ascii	"\333}]\005f\007x\276\246-\363\223\267%\203|\242\232"
 228      660778BE 
 228      A62DF393 
 228      B725837C 
 228      A29A
 229 020c 82D009D1 		.ascii	"\202\320\011\321\350\011b\224\3748I\215\335\0358:\341"
 229      E8096294 
 229      FC38498D 
 229      DD1D383A 
 229      E1
 230 021d 845311B5 		.ascii	"\204S\021\265\266\347\340\344\003,0L\374;\235\257\345"
 230      B6E7E0E4 
 230      032C304C 
 230      FC3B9DAF 
 230      E5
 231 022e 68EF5362 		.ascii	"h\357Sb\357S\346\336\245\264w^\375\363\243\030\027\260"
 231      EF53E6DE 
 231      A5B4775E 
 231      FDF3A318 
 231      17B0
 232 0240 DE8FC692 		.ascii	"\336\217\306\222>\206\316Y4\352\017\367\307\361y\340"
 232      3E86CE59 
 232      34EA0FF7 
 232      C7F179E0 
 233 0250 F402CA50 		.ascii	"\364\002\312P&2\224\311\203.\247L\375c\223\215N\270"
 233      263294C9 
 233      832EA74C 
 233      FD63938D 
ARM GAS  /tmp/cccQmr3e.s 			page 18


 233      4EB8
 234 0262 9231A5D4 		.ascii	"\2221\245\324\344\324:\012T\035\037\246\3635\233y>\226"
 234      E4D43A0A 
 234      541D1FA6 
 234      F3359B79 
 234      3E96
 235 0274 F9522132 		.ascii	"\371R!2U\310\231*)SV\332\313\307\366\270\2311\265\324"
 235      55C8992A 
 235      295356DA 
 235      CBC7F6B8 
 235      9931B5D4 
 236 0288 5F4F73C0 		.ascii	"_Os\300\203TQ>\2720\301A\356\310\237\312\373\000\357"
 236      8354513E 
 236      BA30C141 
 236      EEC89FCA 
 236      FB00EF
 237 029b 88CE2395 		.ascii	"\210\316#\225\342\000\237\310\363n\364\347V\236\337"
 237      E2009FC8 
 237      F36EF4E7 
 237      569EDF
 238 02aa CC8F6D4E 		.ascii	"\314\217mNv\003\256%\236\310\337S\201\252\2207}\245"
 238      7603AE25 
 238      9EC8DF53 
 238      81AA9037 
 238      7DA5
 239 02bc 4067A1DB 		.ascii	"@g\241\3339\310\3721s\351(\310\013tFH\010\033\202\272"
 239      39C8FA31 
 239      73E928C8 
 239      0B744648 
 239      081B82BA 
 240 02d0 FCD6148D 		.ascii	"\374\326\024\215t\270\010D\034\257j\253\361J\033k\277"
 240      74B80844 
 240      1CAF6AAB 
 240      F14A1B6B 
 240      BF
 241 02e1 C309D9EE 		.ascii	"\303\011\331\356\252\362\236\021\306\013@\350\264\030"
 241      AAF29E11 
 241      C60B40E8 
 241      B418
 242 02ef E56973C6 		.ascii	"\345is\306/\320\350\3564\345\027`(\313\205jDf\206+4"
 242      2FD0E8EE 
 242      34E51760 
 242      28CB856A 
 242      4466862B 
 243 0304 9D1839F3 		.ascii	"\235\0309\363\332\2315\021\332\216]\023G\034\3606V\355"
 243      DA993511 
 243      DA8E5D13 
 243      471CF036 
 243      56ED
 244 0316 D7E24B32 		.ascii	"\327\342K20+j%\231\034-\007\356\273\260\242^\220\212"
 244      302B6A25 
 244      991C2D07 
 244      EEBBB0A2 
 244      5E908A
 245 0329 B9F4E6AE 		.ascii	"\271\364\346\256Z%\362V\323\230j^5\177\236>AF\254\001"
 245      5A25F256 
 245      D3986A5E 
ARM GAS  /tmp/cccQmr3e.s 			page 19


 245      357F9E3E 
 245      4146AC01 
 246 033d A951ADE8 		.ascii	"\251Q\255\350\301B5|&\222\334$\307\361\252U\012T\007"
 246      C142357C 
 246      2692DC24 
 246      C7F1AA55 
 246      0A5407
 247 0350 015D8280 		.ascii	"\001]\202\200P=d\007\254\022\034\272\010\2155\320\010"
 247      503D6407 
 247      AC121CBA 
 247      088D35D0 
 247      08
 248 0361 56F28FEC 		.ascii	"V\362\217\354\316\266\307\243\324\003\256\241\372\366"
 248      CEB6C7A3 
 248      D403AEA1 
 248      FAF6
 249 036f 2D25527B 		.ascii	"-%R{\333$\270l\203\20093\333\367Q\003L\032\0165\201"
 249      DB24B86C 
 249      83803933 
 249      DBF75103 
 249      4C1A0E35 
 250 0384 338DA233 		.ascii	"3\215\2423\340\033\371\202V04\032\377`\300\211E7\037"
 250      E01BF982 
 250      5630341A 
 250      FF60C089 
 250      45371F
 251 0397 D4D8F29C 		.ascii	"\324\330\362\234]\032\\\207i\344\207z\307\213\034\360"
 251      5D1A5C87 
 251      69E4877A 
 251      C78B1CF0 
 252 03a7 65AA7017 		.ascii	"e\252p\027;\017\347;#\215w\222\305\0112\221,n\264\202"
 252      3B0FE73B 
 252      238D7792 
 252      C5093291 
 252      2C6EB482 
 253 03bb 1BEB3482 		.ascii	"\033\3534\202\011f\277k\372\223\214j\222\214\026\244"
 253      0966BF6B 
 253      FA938C6A 
 253      928C16A4 
 254 03cb 415745FB 		.ascii	"AWE\373\3534l\360\366\247\036\277\245\3023\314\226y"
 254      EB346CF0 
 254      F6A71EBF 
 254      A5C233CC 
 254      9679
 255 03dd AD70676B 		.ascii	"\255pgk\305\223\214\236\036\015\236e\357J\033\307\033"
 255      C5938C9E 
 255      1E0D9E65 
 255      EF4A1BC7 
 255      1B
 256 03ee 55788B92 		.ascii	"Ux\213\222*\007\316=o\266c@GP\273\333K\266\271\340$"
 256      2A07CE3D 
 256      6FB66340 
 256      4750BBDB 
 256      4BB6B9E0 
 257 0403 F66E4BCE 		.ascii	"\366nK\316\245\327\316x\007S\362\206\373g0Nf\312\233"
 257      A5D7CE78 
 257      0753F286 
ARM GAS  /tmp/cccQmr3e.s 			page 20


 257      FB67304E 
 257      66CA9B
 258 0416 33F5BC23 		.ascii	"3\365\274#\336\303\224\334\306\356FW\274\237)\346\361"
 258      DEC394DC 
 258      C6EE4657 
 258      BC9F29E6 
 258      F1
 259 0427 74A7E389 		.ascii	"t\247\343\211\212\037]\310P\263\341\345a\015S\367\266"
 259      8A1F5DC8 
 259      50B3E1E5 
 259      610D53F7 
 259      B6
 260 0438 3D7CE78A 		.ascii	"=|\347\212\274\350\343=\317\313+\233\204\017k\203\367"
 260      BCE8E33D 
 260      CFCB2B9B 
 260      840F6B83 
 260      F7
 261 0449 AD8E419E 		.ascii	"\255\216A\236O\321\320\340\256@p\367\320<1\033\315\264"
 261      4FD1D0E0 
 261      AE4070F7 
 261      D03C311B 
 261      CDB4
 262 045b 56EBC8A7 		.ascii	"V\353\310\247\202\365\250\375\012\346`<\246\360krx\373"
 262      82F5A8FD 
 262      0AE6603C 
 262      A6F06B72 
 262      78FB
 263 046d 7BF0E1BF 		.ascii	"{\360\341\277\212\360N9\374:\205/\022\321=\022t\227"
 263      8AF04E39 
 263      FC3A852F 
 263      12D13D12 
 263      7497
 264 047f 1CED2703 		.ascii	"\034\355'\003OH\3007lSK=i\2268\336f;NJ\316\306\374f"
 264      4F48C037 
 264      6C534B3D 
 264      699638DE 
 264      663B4E4A 
 265 0497 9B5B2CCF 		.ascii	"\233[,\317#\202R\010\343M\236\335\344e2\317/U*P\017"
 265      23825208 
 265      E34D9EDD 
 265      E46532CF 
 265      2F552A50 
 266 04ac 74EE269D 		.ascii	"t\356&\235o\011l\000Cw\241|\372\220\027\032\004\271"
 266      6F096C00 
 266      4377A17C 
 266      FA90171A 
 266      04B9
 267 04be 03D20F72 		.ascii	"\003\322\017r\037\244\027d\000\3446\362\242D\314\247"
 267      1FA41764 
 267      00E436F2 
 267      A244CCA7 
 268 04ce 776DEE29 		.ascii	"wm\356)q|\223?u\252\303v6%\021\337\223D|\323fzX\300"
 268      717C933F 
 268      75AAC376 
 268      362511DF 
 268      93447CD3 
 269 04e6 A4EE52FB 		.ascii	"\244\356R\373\273\260FR\343R\254\002=@\032\272\220\300"
ARM GAS  /tmp/cccQmr3e.s 			page 21


 269      BBB04652 
 269      E352AC02 
 269      3D401ABA 
 269      90C0
 270 04f8 37802BC7 		.ascii	"7\200+\3073\267`u\"\215\215\202\241\206D\354\020\231"
 270      33B76075 
 270      228D8D82 
 270      A18644EC 
 270      1099
 271 050a 66404F17 		.ascii	"f@O\027.@\327N\224\344jX\241a\311\304\363`\023\257s"
 271      2E40D74E 
 271      94E46A58 
 271      A161C9C4 
 271      F36013AF 
 272 051f AA6A5A83 		.ascii	"\252jZ\203\263iM*\007r&\236\330#oXd\325 \222\345r\004"
 272      B3694D2A 
 272      0772269E 
 272      D8236F58 
 272      64D52092 
 273 0536 66F26371 		.ascii	"f\362cq\271\244\013\357\330\217\244\231\255.c\331<\236"
 273      B9A40BEF 
 273      D88FA499 
 273      AD2E63D9 
 273      3C9E
 274 0548 6F597987 		.ascii	"oYy\207!\251#\324\213\247\340\325\023p\203\254\330\244"
 274      21A923D4 
 274      8BA7E0D5 
 274      137083AC 
 274      D8A4
 275 055a 050C264F 		.ascii	"\005\014&O\025m\261wO\026\006f\001\242\334\217\000\367"
 275      156DB177 
 275      4F160666 
 275      01A2DC8F 
 275      00F7
 276 056c 907A3F8A 		.ascii	"\220z?\212\334\3151P\005z$U\\\357S\316\031\3563s\270"
 276      DCCD3150 
 276      057A2455 
 276      5CEF53CE 
 276      19EE3373 
 277 0581 FE34DAED 		.ascii	"\3764\332\355O\257\245i\344\364\3422>F\351\2371\372"
 277      4FAFA569 
 277      E4F4E232 
 277      3E46E99F 
 277      31FA
 278 0593 314A3F30 		.ascii	"1J?0\265k\326U\232z\262\212\213\374\343B\352\307i\352"
 278      B56BD655 
 278      9A7AB28A 
 278      8BFCE342 
 278      EAC769EA 
 279 05a7 FBA7BAFA 		.ascii	"\373\247\272\3724Rp\211\025xB\000OP\360\315\336\216"
 279      34527089 
 279      15784200 
 279      4F50F0CD 
 279      DE8E
 280 05b9 3415CE65 		.ascii	"4\025\316e\363\375x\321\301\022\027|\222)\333j/e\330"
 280      F3FD78D1 
 280      C112177C 
ARM GAS  /tmp/cccQmr3e.s 			page 22


 280      9229DB6A 
 280      2F65D8
 281 05cc 2BE1D0F6 		.ascii	"+\341\320\366\234&\025ZN\347>,v\226n?MV~\277\264\332"
 281      9C26155A 
 281      4EE73E2C 
 281      76966E3F 
 281      4D567EBF 
 282 05e2 7E5EED29 		.ascii	"~^\355)\350t\025N)\263\273p\341\321\376\355|V,\277\264"
 282      E874154E 
 282      29B3BB70 
 282      E1D1FEED 
 282      7C562CBF 
 283 05f7 89234034 		.ascii	"\211#@4i^\363\320\013\244$\232\365^\373\212\356F#\307"
 283      695EF3D0 
 283      0BA4249A 
 283      F55EFB8A 
 283      EE4623C7 
 284 060b BADCF0F8 		.ascii	"\272\334\360\370\\\356\324\276\356wSrl\265&f\311\006"
 284      5CEED4BE 
 284      EE775372 
 284      6CB52666 
 284      C906
 285 061d 5952F0D6 		.ascii	"YR\360\326e\316\363\314\033\352\3404\022<l{z\255X%x"
 285      65CEF3CC 
 285      1BEAE034 
 285      123C6C7B 
 285      7AAD5825 
 286 0632 78B3D03D 		.ascii	"x\263\320=\225\236(\222\217 \202CS\026\377^\203\177"
 286      959E2892 
 286      8F208243 
 286      5316FF5E 
 286      837F
 287 0644 5372FF66 		.ascii	"Sr\377f\250\177\203o\212\316\012\353\243=\011\371DV"
 287      A87F836F 
 287      8ACE0AEB 
 287      A33D09F9 
 287      4456
 288 0656 ABF39C45 		.ascii	"\253\363\234E\360\316\\\004oY\315?OJx%\354\235\016d"
 288      F0CE5C04 
 288      6F59CD3F 
 288      4F4A7825 
 288      EC9D0E64 
 289 066a 491ECAD8 		.ascii	"I\036\312\330\251a5\377\031\250\267\333\013\033\234"
 289      A96135FF 
 289      19A8B7DB 
 289      0B1B9C
 290 0679 E535C273 		.ascii	"\3455\302s\236h\226\222\305r\356fJ\252@\217\313\203"
 290      9E689692 
 290      C572EE66 
 290      4AAA408F 
 290      CB83
 291 068b 45B52EF8 		.ascii	"E\265.\370\015\313Vz\317\2234slm\231\376yqWX\366Y1l"
 291      0DCB567A 
 291      CF933473 
 291      6C6D99FE 
 291      79715758 
 292 06a3 E62C1B0E 		.ascii	"\346,\033\016\374\264\216,\216#\221\015\034z\270\307"
ARM GAS  /tmp/cccQmr3e.s 			page 23


 292      FCB48E2C 
 292      8E23910D 
 292      1C7AB8C7 
 293 06b3 1927DB51 		.ascii	"\031'\333Q\262+\3259\235v\002YG&f\007\246\303\354\300"
 293      B22BD539 
 293      9D760259 
 293      47266607 
 293      A6C3ECC0 
 294 06c7 142F52C5 		.ascii	"\024/R\305\313\251\022(U\327Pm\010\316\260\233c\020"
 294      CBA91228 
 294      55D7506D 
 294      08CEB09B 
 294      6310
 295 06d9 877EDE5F 		.ascii	"\207~\336_\342$\226\311\316\374>K\231\220a\330b\246"
 295      E22496C9 
 295      CEFC3E4B 
 295      999061D8 
 295      62A6
 296 06eb 475B3925 		.ascii	"G[9%\321\254-$R\013\205-\215\275B&\023\021\350\263\217"
 296      D1AC2D24 
 296      520B852D 
 296      8DBD4226 
 296      1311E8B3 
 297 0700 BB73544C 		.ascii	"\273sTL\037\243\333\330Lf\245\240{\200\372\266?9\331"
 297      1FA3DBD8 
 297      4C66A5A0 
 297      7B80FAB6 
 297      3F39D9
 298 0713 81653A8B 		.ascii	"\201e:\213\300\357\336y\230\344\202\2173\017g\266U\245"
 298      C0EFDE79 
 298      98E4828F 
 298      330F67B6 
 298      55A5
 299 0725 DBCF3986 		.ascii	"\333\3179\206;9a\014/\2611|\035_9\200\304QR\322R\334"
 299      3B39610C 
 299      2FB1317C 
 299      1D5F3980 
 299      C45152D2 
 300 073b 0EA3B48D 		.ascii	"\016\243\264\215#\360]t\224h'\202\336|\256{\267p\005"
 300      23F05D74 
 300      94682782 
 300      DE7CAE7B 
 300      B77005
 301 074e 18207A79 		.ascii	"\030 zyG\327K\025.c\206\263\336\355\316v\"\206\343\300"
 301      47D74B15 
 301      2E6386B3 
 301      DEEDCE76 
 301      2286E3C0 
 302 0762 70E2AF1E 		.ascii	"p\342\257\036c\240\307O\235\275\247\254\214\247p\277"
 302      63A0C74F 
 302      9DBDA7AC 
 302      8CA770BF 
 303 0772 60FCFAD0 		.ascii	"`\374\372\320\341xa\211m\247\327\270\241\313\015\346"
 303      E1786189 
 303      6DA7D7B8 
 303      A1CB0DE6 
 304 0782 CD9C64E1 		.ascii	"\315\234d\341\\C\307e\204\3170g\022\323'\332]\347\314"
ARM GAS  /tmp/cccQmr3e.s 			page 24


 304      5C43C765 
 304      84CF3067 
 304      12D327DA 
 304      5DE7CC
 305 0795 42AA390B 		.ascii	"B\2529\013\017\231#\335S\365=v\362,\354\003G\330n\223"
 305      0F9923DD 
 305      53F53D76 
 305      F22CEC03 
 305      47D86E93 
 306 07a9 461D4935 		.ascii	"F\035I5;\322W\232>\344 w{N\364\266\372\362\006al\233"
 306      3BD2579A 
 306      3EE42077 
 306      7B4EF4B6 
 306      FAF20661 
 307 07bf 68BDBC2B 		.ascii	"h\275\274+mv\300\325\314\315=)S\315\216\270\226"
 307      6D76C0D5 
 307      CCCD3D29 
 307      53CD8EB8 
 307      96
 308 07d0 2995A305 		.ascii	")\225\243\005\225\316\014Y#\325=\004}\262`\354\250="
 308      95CE0C59 
 308      23D53D04 
 308      7DB260EC 
 308      A83D
 309 07e2 6E60E07D 		.ascii	"n`\340}U\373\312]\344.\037\004'\330&\237\305\211K09"
 309      55FBCA5D 
 309      E42E1F04 
 309      27D8269F 
 309      C5894B30 
 310 07f7 F8BC983C 		.ascii	"\370\274\230<\253\226\273<'\332<\223\335\331LN{}x\330"
 310      AB96BB3C 
 310      27DA3C93 
 310      DDD94C4E 
 310      7B7D78D8 
 311 080b 19370B89 		.ascii	"\0317\013\211-\334y\011\233G\371\327\017\253\344\272"
 311      2DDC7909 
 311      9B47F9D7 
 311      0FABE4BA 
 312 081b 363A73C2 		.ascii	"6:s\302\005\267\261\356\347*\3177\010\007<\177P\013"
 312      05B7B1EE 
 312      E72ACF37 
 312      08073C7F 
 312      500B
 313 082d 0A2FB63A 		.ascii	"\012/\266:\341\033B\345&\037*U\341\036\246\374<y\347"
 313      E11B42E5 
 313      261F2A55 
 313      E11EA6FC 
 313      3C79E7
 314 0840 B150F2DE 		.ascii	"\261P\362\336d\251\3149\230\242\302\375\354\335lrb:"
 314      64A9CC39 
 314      98A2C2FD 
 314      ECDD6C72 
 314      623A
 315 0852 5C5A98B2 		.ascii	"\\Z\230\262\267uo\216\023~\314\2247\217\366v#\326K#"
 315      B7756F8E 
 315      137ECC94 
 315      378FF676 
ARM GAS  /tmp/cccQmr3e.s 			page 25


 315      23D64B23 
 316 0866 A9570FA1 		.ascii	"\251W\017\241^\213_\356Lu\302\317\030\266\253;\376\214"
 316      5E8B5FEE 
 316      4C75C2CF 
 316      18B6AB3B 
 316      FE8C
 317 0878 8075225B 		.ascii	"\200u\"[\346\225\376\257\346,\230\223\346\202)\341h"
 317      E695FEAF 
 317      E62C9893 
 317      E68229E1 
 317      68
 318 0889 4C271206 		.ascii	"L'\022\006\363\035\241\257'\3342\220\344\212\341\311"
 318      F31DA1AF 
 318      27DC3290 
 318      E48AE1C9 
 319 0899 AE186535 		.ascii	"\256\030e5\223EJ<I\355p\025e\203\007\324\222K\204o\302"
 319      93454A3C 
 319      49ED7015 
 319      658307D4 
 319      924B846F 
 320 08ae 56726EAF 		.ascii	"Vrn\257\200\021(\023\327\036O\313%\302z\233/\347\274"
 320      80112813 
 320      D71E4FCB 
 320      25C27A9B 
 320      2FE7BC
 321 08c1 092B4D6A 		.ascii	"\011+Mj)\014\330)\346@\376\241\274:g\374\226YH\337w"
 321      290CD829 
 321      E640FEA1 
 321      BC3A67FC 
 321      965948DF 
 322 08d6 B1CCC562 		.ascii	"\261\314\305b\001n\006\245\364fp\006,T\212\026*\270"
 322      016E06A5 
 322      F4667006 
 322      2C548A16 
 322      2AB8
 323 08e8 394C9CB6 		.ascii	"9L\234\266m\242\271\351\352\016\245t\001'|\305\360\276"
 323      6DA2B9E9 
 323      EA0EA574 
 323      01277CC5 
 323      F0BE
 324 08fa 88CECEB3 		.ascii	"\210\316\316\263\264fN\232\313<\2530}\304\201\325\305"
 324      B4664E9A 
 324      CB3CAB30 
 324      7DC481D5 
 324      C5
 325 090b 6F62CF49 		.ascii	"ob\317I\217\233\266\223\262\237\373%\366\252\216\336"
 325      8F9BB693 
 325      B29FFB25 
 325      F6AA8EDE 
 326 091b A538C19E 		.ascii	"\2458\301\236&\367Ek\357]\204\177bJ\374\225\313\271"
 326      26F7456B 
 326      EF5D847F 
 326      624AFC95 
 326      CBB9
 327 092d 0E780753 		.ascii	"\016x\007SF\362[\232\354\361\036\246\014\016M\237\306"
 327      46F25B9A 
 327      ECF11EA6 
ARM GAS  /tmp/cccQmr3e.s 			page 26


 327      0C0E4D9F 
 327      C6
 328 093e 388D29C7 		.ascii	"8\215)\307F\262w\250p\246\320gp\264U\270\215l'\203\367"
 328      46B277A8 
 328      70A6D067 
 328      70B455B8 
 328      8D6C2783 
 329 0953 66ACE286 		.ascii	"f\254\342\206\271J\310\255c\370\305\203YG\234C\301\177"
 329      B94AC8AD 
 329      63F8C583 
 329      59479C43 
 329      C17F
 330 0965 1829DB7D 		.ascii	"\030)\333}T#\\\021\274\274\346yY\036o/r_\210\217\205"
 330      54235C11 
 330      BCBCE679 
 330      591E6F2F 
 330      725F888F 
 331 097a EDA90577 		.ascii	"\355\251\005w\2674\363\374@\015B\3479wt\002r\336\312"
 331      B734F3FC 
 331      400D42E7 
 331      39777402 
 331      72DECA
 332 098d CDB34423 		.ascii	"\315\263D#=HC\21788\263\206\2633\353\021\210\371\242"
 332      3D48438F 
 332      3838B386 
 332      B333EB11 
 332      88F9A2
 333 09a0 80B67566 		.ascii	"\200\266uf\315\346\367\002\377\275\310X\212N\007\356"
 333      CDE6F702 
 333      FFBDC858 
 333      8A4E07EE 
 334 09b0 FD02DABC 		.ascii	"\375\002\332\274\334\240\275\234\214\273#B\344.\224"
 334      DCA0BD9C 
 334      8CBB2342 
 334      E42E94
 335 09bf 73775BDD 		.ascii	"sw[\335\000\010|X\002\317\223\303\217I\311\367\022\362"
 335      00087C58 
 335      02CF93C3 
 335      8F49C9F7 
 335      12F2
 336 09d1 488626CB 		.ascii	"H\206&\313G\206\034}@\356J\217\204\273@\216\316\227"
 336      47861C7D 
 336      40EE4A8F 
 336      84BB408E 
 336      CE97
 337 09e3 A3872549 		.ascii	"\243\207%I\251\221\243%\267\"\351u\243\016\322p\211"
 337      A991A325 
 337      B722E975 
 337      A30ED270 
 337      89
 338 09f4 121134B9 		.ascii	"\022\0214\271ktC\271\265q^\250\021\244\005\344&\310"
 338      6B7443B9 
 338      B5715EA8 
 338      11A405E4 
 338      26C8
 339 0a06 35905B20 		.ascii	"5\220[ \015 \227A\256\202t\2024\203t\201\264\203\364"
 339      0D209741 
ARM GAS  /tmp/cccQmr3e.s 			page 27


 339      AE827482 
 339      34837481 
 339      B483F4
 340 0a19 82F4805C 		.ascii	"\202\364\200\\\001\271\015\322\004r\035\344\006H\007"
 340      01B90DD2 
 340      04721DE4 
 340      064807
 341 0a28 67BE9F90 		.ascii	"g\276\237\220\034\364\204\2139\250\2659x\222\240\246"
 341      1CF4848B 
 341      39A8B539 
 341      7892A0A6 
 342 0a38 2529382A 		.ascii	"%)8*\007g\313S0-IA\265\034\335.\257\242\351H\021]/G"
 342      0767CB53 
 342      302D4941 
 342      B51CDD2E 
 342      AFA2E948 
 343 0a50 FF643574 		.ascii	"\377d5tP@\303B\025\355\201*\332-\240\315{-J\226\242"
 343      5040C342 
 343      15ED812A 
 343      DA2DA0CD 
 343      7B2D4A96 
 344 0a65 C9223221 		.ascii	"\311\"2!\240a\017F;\344\350$N^E\367$a\036\267=\322R"
 344      A0610F46 
 344      3BE4E824 
 344      4E5E45F7 
 344      24611EB7 
 345 0a7c F88424CE 		.ascii	"\370\204$\316\013\266\207\332\012.a\317\265]\243Rx\255"
 345      0BB687DA 
 345      0A2E61CF 
 345      B55DA352 
 345      78AD
 346 0a8e 045E653B 		.ascii	"\004^e;\213\014\316\326\313\326\021wz\253\005\230\364"
 346      8B0CCED6 
 346      CBD61177 
 346      7AAB0598 
 346      F4
 347 0a9f 56CBB2D6 		.ascii	"V\313\262\326:\352\221\302\223\313\350aH\304!\201\314"
 347      3AEA91C2 
 347      93CBE861 
 347      48C42181 
 347      CC
 348 0ab0 BC71A24C 		.ascii	"\274q\242L\371\374\350\221\314\217\237m\317\017+O%#"
 348      F9FCE891 
 348      CC8F9F6D 
 348      CF0F2B4F 
 348      2523
 349 0ac2 9863BB3A 		.ascii	"\230c\273:,\227\327\326\376}\255J\334CW%\256\262\253"
 349      2C97D7D6 
 349      FE7DAD4A 
 349      DC435725 
 349      AEB2AB
 350 0ad5 749F0B9A 		.ascii	"t\237\013\232\347mk.\240~\230\002\377\217\351\300\322"
 350      E76D6B2E 
 350      A07E9802 
 350      FF8FE9C0 
 350      D2
 351 0ae6 D7F0CC1E 		.ascii	"\327\360\314\036n\257\250\017\014\336\0217\033\222L"
ARM GAS  /tmp/cccQmr3e.s 			page 28


 351      6EAFA80F 
 351      0CDE1137 
 351      1B924C
 352 0af5 F67FA0AB 		.ascii	"\366\177\240\253\275q\016\322\273\\\037'\275s\017p\354"
 352      BD710ED2 
 352      BB5C1F27 
 352      BD730F70 
 352      EC
 353 0b06 2E07DFB6 		.ascii	".\007\337\266.~EV\027\277\273\002\370.\005_zy\263\310"
 353      2E7E4556 
 353      17BFBB02 
 353      F82E055F 
 353      7A79B3C8 
 354 0b1a 01DF676B 		.ascii	"\001\337gk\372\226\275\371\357\354,\327\005\257C\326"
 354      FA96BDF9 
 354      EFEC2CD7 
 354      05AF43D6 
 355 0b2a D7857BA2 		.ascii	"\327\205{\242c\367\344'\360\373\364\004~\354\325\324"
 355      63F7E427 
 355      F0FBF404 
 355      7EECD5D4 
 356 0b3a 3617FC92 		.ascii	"6\027\374\222\221%\274\235\030p1_\027\016X_\027\006"
 356      9125BC9D 
 356      1870315F 
 356      170E585F 
 356      1706
 357 0b4c 45AA4139 		.ascii	"E\252A9\325\003\356#\305\007\272\350(\243I\027f\374"
 357      D503EE23 
 357      C507BAE8 
 357      28A34917 
 357      66FC
 358 0b5e 4E67880E 		.ascii	"Ng\210\016\013\217\332\260\321\340\033\035l4\371\372"
 358      0B8FDAB0 
 358      D1E01B1D 
 358      6C34F9FA 
 359 0b6e 3B7EF197 		.ascii	";~\361\227u\013\002\027-R\370\370\372\372\261\277\250"
 359      750B0217 
 359      2D52F8F8 
 359      FAFAB1BF 
 359      A8
 360 0b7f 183F7D54 		.ascii	"\030?}TDDT\244\037\351\024\343\027\240]\023\270f\223"
 360      444454A4 
 360      1FE914E3 
 360      17A05D13 
 360      B86693
 361 0b92 9F3E541F 		.ascii	"\237>T\037e4\350\376\365i\204\257^\361;F\030\363}\230"
 361      6534E8FE 
 361      F56984AF 
 361      5EF13B46 
 361      18F37D98 
 362 0ba6 491FAAFB 		.ascii	"I\037\252\373\306\030\025\241\013\2131\3767\034\241"
 362      C61815A1 
 362      0B8B31FE 
 362      371CA1
 363 0bb5 8A798CC3 		.ascii	"\212y\214\303\260)\314dap\012Z\037\250[\025\034\031"
 363      B029CC64 
 363      61700A5A 
ARM GAS  /tmp/cccQmr3e.s 			page 29


 363      1FA85B15 
 363      1C19
 364 0bc7 126E30BA 		.ascii	"\022n0\272\277\357\364\007\372\320 }\350\352\230\265"
 364      BFEFF407 
 364      FAD0207D 
 364      E8EA98B5 
 365 0bd7 46832122 		.ascii	"F\203!\"\332\024\026\025\2515|\2671\314h\010\261\323"
 365      DA141615 
 365      A9357CB7 
 365      31CC6808 
 365      B1D3
 366 0be9 2D8B8A0A 		.ascii	"-\213\212\012_ u\300h\362\013\213\324\207o\0141\200"
 366      5F2075C0 
 366      68F20B8B 
 366      D4876F0C 
 366      3180
 367 0bfb DD187D68 		.ascii	"\335\030}h\010\330T\353t\033\303\"MK\026\353L\177\363"
 367      08D854EB 
 367      741BC322 
 367      4D4B16EB 
 367      4C7FF3
 368 0c0e 8B8A36F9 		.ascii	"\213\2126\371m\320\353}\202\215\021>\221Q\221\006\037"
 368      6DD0EB7D 
 368      828D113E 
 368      91519106 
 368      1F
 369 0c1f 43F0D761 		.ascii	"C\360\327a>\177\364Y\354\277\350S\237\357\026\373l\214"
 369      3E7FF459 
 369      ECBFE853 
 369      9FEF16FB 
 369      6C8C
 370 0c31 0E093619 		.ascii	"\016\0116\031\374\254^[(#\202\365\241a\221\006?]\210"
 370      FCAC5E5B 
 370      282382F5 
 370      A1619106 
 370      3F5D88
 371 0c44 E19BE08D 		.ascii	"\341\233\340\215\341&\235\351\207hC\014\230p4\033\370"
 371      E1269DE9 
 371      8768430C 
 371      9870341B 
 371      F8
 372 0c55 F3FF6620 		.ascii	"\363\377f \346\207\030?]\214)\004\330\200U\271):\306"
 372      E687183F 
 372      5D8C2904 
 372      D88055B9 
 372      293AC6
 373 0c68 E868346C 		.ascii	"\350h4l\000\260\316\364\361oK4\364\343\242\365\366\341"
 373      00B0CEF4 
 373      F16F4B34 
 373      F4E3A2F5 
 373      F6E1
 374 0c7a 469D2934 		.ascii	"F\235)4\004\033\027-\346\214K8#|.\342\214\376NB\366"
 374      041B172D 
 374      E68C4B38 
 374      237C2EE2 
 374      8CFE4E42 
 375 0c8f 4D7AD326 		.ascii	"Mz\323&\245>4\330\250\322\3516\030L\272\265Ak\235\203"
ARM GAS  /tmp/cccQmr3e.s 			page 30


 375      A53E34D8 
 375      A8D2E936 
 375      184CBAB5 
 375      416B9D83 
 376 0ca3 C3BF0FFE 		.ascii	"\303\277\017\376!F\027\026\031\016!.\262a\014\272\371"
 376      21461716 
 376      190E212E 
 376      B2610CBA 
 376      F9
 377 0cb4 05AE095A 		.ascii	"\005\256\011Z\035$\2468\"&,F\007\321\202Q`\212aL\036"
 377      1D24A638 
 377      22262C46 
 377      07D18251 
 377      608A614C 
 378 0cc9 D4C8C6C8 		.ascii	"\324\310\306\310\360(\375\267\342 K\032\235\031tY@\320"
 378      F028FDB7 
 378      E2204B1A 
 378      9D197459 
 378      40D0
 379 0cdb 8AB5DAD5 		.ascii	"\212\265\332\325*\355\212\240\025\332\365+\226\373+"
 379      2AED8AA0 
 379      15DAF52B 
 379      96FB2B
 380 0cea 57070568 		.ascii	"W\007\005h\225k\326\254\324\342\200\345Z\274\034\276"
 380      956BD6AC 
 380      D4E280E5 
 380      5ABC1CBE 
 381 0cfa D7AED42A 		.ascii	"\327\256\324*\003V\006i\225\313V\006h\355\340\025\000"
 381      03560669 
 381      95CB5606 
 381      68EDE015 
 381      00
 382 0d0b 96137D15 		.ascii	"\226\023}\025\371\010\204\017\273\240U\201AZ\034\264"
 382      F908840F 
 382      BBA05581 
 382      415A1CB4 
 383 0d1b 6AAD8A8D 		.ascii	"j\255\212\215\363g:\223\203\360\215\003\003\341M\240"
 383      F3673A93 
 383      83F08D03 
 383      03E14DA0 
 384 0d2b D62E60B5 		.ascii	"\326.`\2656P\253\\\377\345_\265\312\325\200\266\013"
 384      3650AB5C 
 384      FFE55FB5 
 384      CAD580B6 
 384      0B
 385 0d3c 5CBB6EF5 		.ascii	"\\\273n\365r\370\014\010\324\372\377\266HI\011\353#"
 385      72F80C08 
 385      D4FAFFB6 
 385      484909EB 
 385      23
 386 0d4d 9690B10E 		.ascii	"\226\220\261\016\012\\\246\373\022\006\336\235\206d"
 386      0A5CA6FB 
 386      1206DE9D 
 386      8664
 387 0d5b 15A5CAD2 		.ascii	"\025\245\312\322\364\037\177o,}"
 387      F41F7F6F 
 387      2C7D
ARM GAS  /tmp/cccQmr3e.s 			page 31


 388              		.text
 389              		.section	.gnu.lto_.symtab.582c965456184f79,"",%progbits
 390 0000 5356435F 		.ascii	"SVC_Handler\000"
 390      48616E64 
 390      6C657200 
 391 000c 00       		.ascii	"\000"
 392 000d 00       		.ascii	"\000"
 393 000e 00       		.ascii	"\000"
 394 000f 00000000 		.ascii	"\000\000\000\000\000\000\000\000"
 394      00000000 
 395 0017 B5000000 		.ascii	"\265\000\000\000"
 396 001b 5F706F72 		.ascii	"_port_irq_epilogue\000"
 396      745F6972 
 396      715F6570 
 396      696C6F67 
 396      756500
 397 002e 00       		.ascii	"\000"
 398 002f 00       		.ascii	"\000"
 399 0030 00       		.ascii	"\000"
 400 0031 00000000 		.ascii	"\000\000\000\000\000\000\000\000"
 400      00000000 
 401 0039 B7000000 		.ascii	"\267\000\000\000"
 402 003d 5F706F72 		.ascii	"_port_switch_from_isr\000"
 402      745F7377 
 402      69746368 
 402      5F66726F 
 402      6D5F6973 
 403 0053 00       		.ascii	"\000"
 404 0054 02       		.ascii	"\002"
 405 0055 00       		.ascii	"\000"
 406 0056 00000000 		.ascii	"\000\000\000\000\000\000\000\000"
 406      00000000 
 407 005e B1000000 		.ascii	"\261\000\000\000"
 408 0062 5F706F72 		.ascii	"_port_exit_from_isr\000"
 408      745F6578 
 408      69745F66 
 408      726F6D5F 
 408      69737200 
 409 0076 00       		.ascii	"\000"
 410 0077 02       		.ascii	"\002"
 411 0078 00       		.ascii	"\000"
 412 0079 00000000 		.ascii	"\000\000\000\000\000\000\000\000"
 412      00000000 
 413 0081 B3000000 		.ascii	"\263\000\000\000"
 414 0085 63685363 		.ascii	"chSchIsPreemptionRequired\000"
 414      68497350 
 414      7265656D 
 414      7074696F 
 414      6E526571 
 415 009f 00       		.ascii	"\000"
 416 00a0 02       		.ascii	"\002"
 417 00a1 00       		.ascii	"\000"
 418 00a2 00000000 		.ascii	"\000\000\000\000\000\000\000\000"
 418      00000000 
 419 00aa BF000000 		.ascii	"\277\000\000\000"
 420              		.text
 421              		.section	.gnu.lto_.opts,"",%progbits
ARM GAS  /tmp/cccQmr3e.s 			page 32


 422 0000 272D666D 		.ascii	"'-fmath-errno' '-fsigned-zeros' '-ftrapping-math' '"
 422      6174682D 
 422      6572726E 
 422      6F272027 
 422      2D667369 
 423 0033 2D666E6F 		.ascii	"-fno-trapv' '-fno-openmp' '-fno-openacc' '-mcpu=cor"
 423      2D747261 
 423      70762720 
 423      272D666E 
 423      6F2D6F70 
 424 0066 7465782D 		.ascii	"tex-m3' '-mno-thumb-interwork' '-mthumb' '-ggdb' '-"
 424      6D332720 
 424      272D6D6E 
 424      6F2D7468 
 424      756D622D 
 425 0099 4F322720 		.ascii	"O2' '-fomit-frame-pointer' '-falign-functions=16' '"
 425      272D666F 
 425      6D69742D 
 425      6672616D 
 425      652D706F 
 426 00cc 2D666675 		.ascii	"-ffunction-sections' '-fdata-sections' '-fno-common"
 426      6E637469 
 426      6F6E2D73 
 426      65637469 
 426      6F6E7327 
 427 00ff 2720272D 		.ascii	"' '-flto'\000"
 427      666C746F 
 427      2700
 428              		.text
 429              		.comm	__gnu_lto_v1,1,1
 430              		.comm	__gnu_lto_slim,1,1
 431              		.ident	"GCC: (GNU Tools for ARM Embedded Processors 6-2017-q2-update) 6.3.1 20170620 (release) [AR
ARM GAS  /tmp/cccQmr3e.s 			page 33


DEFINED SYMBOLS
                            *ABS*:0000000000000000 chcore_v7m.c
                            *COM*:0000000000000001 __gnu_lto_v1
                            *COM*:0000000000000001 __gnu_lto_slim

NO UNDEFINED SYMBOLS
