ARM GAS  /tmp/ccd6YmU3.s 			page 1


   1              		.cpu cortex-m3
   2              		.eabi_attribute 20, 1
   3              		.eabi_attribute 21, 1
   4              		.eabi_attribute 23, 3
   5              		.eabi_attribute 24, 1
   6              		.eabi_attribute 25, 1
   7              		.eabi_attribute 26, 1
   8              		.eabi_attribute 30, 2
   9              		.eabi_attribute 34, 1
  10              		.eabi_attribute 18, 4
  11              		.file	"chdynamic.c"
  12              		.text
  13              	.Ltext0:
  14              		.section	.gnu.lto_.profile.17abb19447086566,"",%progbits
  15 0000 789C6365 		.ascii	"x\234ce`b`a```d\3100\000\000\001\200\000\245"
  15      60626061 
  15      60606064 
  15      C8300000 
  15      018000A5 
  16              		.text
  17              		.section	.gnu.lto_.icf.17abb19447086566,"",%progbits
  18 0000 789C6365 		.ascii	"x\234ce`b\340e@\000&\206\215\273;+\030\267L\\\367\225"
  18      6062E065 
  18      40002686 
  18      8DBB3B2B 
  18      18B74C5C 
  19 0016 89010026 		.ascii	"\211\001\000&l\005o"
  19      6C056F
  20              		.text
  21              		.section	.gnu.lto_.jmpfuncs.17abb19447086566,"",%progbits
  22 0000 789C6365 		.ascii	"x\234ce`bX\312\200\000L\014l\214``\317X\017\002,\014"
  22      606258CA 
  22      80004C0C 
  22      6C8C6060 
  22      CF580F02 
  23 0016 8C8C1D4C 		.ascii	"\214\214\035L\323\231\031\267\0349\336\306\321\307<"
  23      D39919B7 
  23      1C39DEC6 
  23      D1C73C
  24 0025 9F1928C0 		.ascii	"\237\031(\300\270\234Q\206\201\021(\270\376\315\316"
  24      B89C5186 
  24      811128B8 
  24      FECDCE
  25 0034 9FBC2041 		.ascii	"\237\274 AFF\006\306\025@A\240~\006F\026\0066\246J\006"
  25      464606C6 
  25      154041A0 
  25      7E064616 
  25      0636A64A 
  26 0049 4620A712 		.ascii	"F \247\022H\200\025\316\332\375\345\024+H!\023#\007"
  26      488015CE 
  26      DAFDE514 
  26      2B482113 
  26      2307
  27 005b E34A9042 		.ascii	"\343J\220BFV\2605\362\250\266\034\375\377\375\000?\304"
  27      4656B035 
  27      F2A8B61C 
  27      FDFFFD00 
ARM GAS  /tmp/ccd6YmU3.s 			page 2


  27      3FC4
  28 006d 1626C655 		.ascii	"\026&\306U [\220\215e\202\030\313\000\000\206S \273"
  28      205B908D 
  28      658218CB 
  28      00008653 
  28      20BB
  29              		.text
  30              		.section	.gnu.lto_.inline.17abb19447086566,"",%progbits
  31 0000 789C6365 		.ascii	"x\234ce`b\010g@\000&\006\011)#F\006&\211\025[\030\031"
  31      60620867 
  31      40002606 
  31      09292346 
  31      06268915 
  32 0017 D816C833 		.ascii	"\330\026\3103\201\004\231y\200\022\023\374\3004#\003"
  32      81049979 
  32      801213FC 
  32      C0342303 
  33 0027 2B1F5064 		.ascii	"+\037Pd\202\037\220\317\010Q+}\355\024#\003\373-5,j"
  33      821F90CF 
  33      08512B7D 
  33      ED142303 
  33      FB2D352C 
  34 003c C1249007 		.ascii	"\301$\220\007\000\374\215\012\357"
  34      00FC8D0A 
  34      EF
  35              		.text
  36              		.section	.gnu.lto_.pureconst.17abb19447086566,"",%progbits
  37 0000 789C6365 		.ascii	"x\234ce`b`g`\000\222\273\030\031w1\002\000\005\355\001"
  37      60626067 
  37      600092BB 
  37      18197731 
  37      020005ED 
  38 0015 88       		.ascii	"\210"
  39              		.text
  40              		.section	.gnu.lto_chThdCreateFromHeap.17abb19447086566,"",%progbits
  41 0000 789C8595 		.ascii	"x\234\205\225mLSg\024\307\237s\237\333\336\013\005\024"
  41      6D4C5367 
  41      14C79F73 
  41      9FDBDE0B 
  41      0514
  42 0012 C79C23C6 		.ascii	"\307\234#\306\325eDM&w[\266h\226e\2111K\364\003_t\337"
  42      D565444D 
  42      26775BB6 
  42      68966589 
  42      314BF403 
  43 0029 0DAB9D90 		.ascii	"\015\253\235\220X\333\264\370\266/\\\012\276\215)\352"
  43      58DBB4F8 
  43      B62F5C0A 
  43      BE8D29EA 
  44 0039 26D2D6EE 		.ascii	"&\322\326\3566\032\243\016Qd\352d\274\254\023_Q\021"
  44      361AA30E 
  44      5164EA64 
  44      BCAC135F 
  44      5111
  45 004b 19381544 		.ascii	"\0318\025D\244\240C\224LE\335\314\324\235\363\264\020"
  45      A4A04394 
  45      4C45DDCC 
ARM GAS  /tmp/ccd6YmU3.s 			page 3


  45      D49DF3B4 
  45      10
  46 005c 28646B20 		.ascii	"(dk \364\336\347\377?\347<\347\374\236\007\023\223\330"
  46      F4DEE7FF 
  46      3FE73CE7 
  46      FC9E0713 
  46      93D8
  47 006e 4295B13E 		.ascii	"B\225\261>\306\330G\370\013&\006\322\326&\306\012TI"
  47      C6D847F8 
  47      0B2606D2 
  47      D626C60A 
  47      5449
  48 0080 921B39D3 		.ascii	"\222\0339\323\023\371\231F\306\364$\016r\364\275\014"
  48      13F99946 
  48      C6F4240E 
  48      72F4BD0C 
  49 0090 405F7415 		.ascii	"@_t\025X\276\304e\310\207\022\276\223\303\225\242\312"
  49      58BEC465 
  49      C88712BE 
  49      93C395A2 
  49      CA
  50 00a1 5D7C0B37 		.ascii	"]|\01378\003\031\037\037^\362GR\350\021\300\212\217"
  50      3803191F 
  50      1F5EF247 
  50      52E811C0 
  50      8A8F
  51 00b3 01BD6593 		.ascii	"\001\275e\2232k\237\256{\365\360\316Vs\240\252YO0\270"
  51      326B9FAE 
  51      7BF5F0CE 
  51      5673A0AA 
  51      594F30B8 
  52 00c7 C47C28DF 		.ascii	"\304|(\337\017Sa\037L\245\354\007`\026\212\217\016\224"
  52      0F53611F 
  52      4CA5EC07 
  52      60168A8F 
  52      0E94
  53 00d9 3D4AE06F 		.ascii	"=J\340o\003\303\357\376\222^\3034c\2570\016\356\340"
  53      03C3EFFE 
  53      925EC334 
  53      63AF300E 
  53      EEE0
  54 00eb FA3B06E7 		.ascii	"\372;\006\347\360\003\360\221F|\305\240\034f\240|wA"
  54      F003F091 
  54      467CC5A0 
  54      1C66A07C 
  54      7741
  55 00fd DB85643E 		.ascii	"\333\205d>SX7T\324\365\245\304\254=;\205U\206\203\361"
  55      53583754 
  55      D4F5A5C4 
  55      AC3D3B85 
  55      558683F1 
  56 0111 56994185 		.ascii	"V\231A\205\260z\273\217_\005>[XCm\241\3251g\247\177"
  56      B07ABB8F 
  56      5F053E5B 
  56      58436DA1 
  56      D53167A7 
  57 0126 F28E427D 		.ascii	"\362\216B}\201\301Mp(\336\213\315:,\274\345\336\273"
ARM GAS  /tmp/ccd6YmU3.s 			page 4


  57      81C14D70 
  57      28DE8BCD 
  57      3A2CBCE5 
  57      DEBB
  58 0138 0F38FF40 		.ascii	"\0178\377@x7\235\177\021Qb\346\213\321\264f\250\214"
  58      78379D7F 
  58      115162E6 
  58      8BD1B466 
  58      A88C
  59 014a B79A191C 		.ascii	"\267\232\031\034\021\326\213\367j\216\251|\216\260\276"
  59      11D68BF7 
  59      6A8EA97C 
  59      8EB0BE
  60 0159 3AB1F7A9 		.ascii	":\261\367\251%f\275\343\237\366\235\310\253@U\274Ya"
  60      2566BDE3 
  60      9FF69DC8 
  60      AB4055BC 
  60      5961
  61 016b F0A330F7 		.ascii	"\360\2430\367\353\305u\300?\026\346\266\253\007>\037"
  61      EBC575C0 
  61      3F16E6B6 
  61      AB073E1F 
  62 017b 4A5B2AD2 		.ascii	"J[*\322\252p4\336\25128\0063H>P\324\333e\211\316k\012"
  62      AA7034DE 
  62      A9323806 
  62      33483E50 
  62      D4DB6589 
  63 0192 3E56D616 		.ascii	">V\326\026=\210\315+\014\370|\375v\355@\"\377TD\256"
  63      3D88CD2B 
  63      0CF87CFD 
  63      76ED4022 
  63      FF5444AE 
  64 01a6 E8E95899 		.ascii	"\350\351X\231\261G\017\353zx 0m\273\256\237\323e\203"
  64      B1470FEB 
  64      7A782030 
  64      6DBBAE9F 
  64      D36583
  65 01b9 27C08968 		.ascii	"'\300\211h\364\2370\372q1?F\352p\177\244\\\346\363\204"
  65      F49F30FA 
  65      71313F46 
  65      EA707FA4 
  65      5CE6F384 
  66 01cd 33B2F974 		.ascii	"3\262\371t\211\214V*\352\251\177\322\266\302\250U\205"
  66      898C562A 
  66      EAA97FD2 
  66      B6C2A855 
  66      85
  67 01de 9F471716 		.ascii	"\237G\027\026\263\236\352\375\247\305\302?\023\326\202"
  67      B39EEAFD 
  67      A7C5C23F 
  67      13D682
  68 01ed F2C0AEA4 		.ascii	"\362\300\256\244\230u\300\237>d\225\240v\\k\367\221"
  68      9875C09F 
  68      3E6495A0 
  68      765C6BF7 
  68      91
  69 01fe 973B92CD 		.ascii	"\227;\222\3152\324A\006\324\340o5d\020\\\310T=\230\201"
ARM GAS  /tmp/ccd6YmU3.s 			page 5


  69      32D44106 
  69      D4E06F35 
  69      64105CC8 
  69      543D9881 
  70 0212 313E72E5 		.ascii	"1>r\345p\013\204\365\227\2576`\227\323\007\006\237\244"
  70      700B84F5 
  70      97AF3660 
  70      97D30706 
  70      9FA4
  71 0224 A603B646 		.ascii	"\246\003\266FB\260\021\"\023\020\017\330a\324\252@\363"
  71      42B01122 
  71      13100FD8 
  71      61D4AA40 
  71      F3
  72 0235 B5E06262 		.ascii	"\265\340bb2\320\274&\0005>\025\250\211i\214B2\3665f"
  72      32D0BC26 
  72      00353E15 
  72      A889698C 
  72      4232F635 
  73 024a A103518C 		.ascii	"\241\003Q\2148\343_\336\017\353C\221\315\012\345\015"
  73      38E35FDE 
  73      0FEB4391 
  73      CD0AE50D 
  74 025a 72054BAB 		.ascii	"r\005K\253\256\276\337\256\344\277\320U\203[|\034k\201"
  74      AEBEDFAE 
  74      E4BFD055 
  74      835B7C1C 
  74      6B81
  75 026c 5F209F05 		.ascii	"_ \237\005\271\034\344&\"\274f\260\321D\235O\002\025"
  75      B91CE426 
  75      22BC66B0 
  75      D1449D4F 
  75      0215
  76 027e 7B3FD5E0 		.ascii	"{?\325\340\311\254\027\274VQ8\026\201AX\017\024\335"
  76      C9AC17BC 
  76      56513816 
  76      8141580F 
  76      14DD
  77 0290 68680A24 		.ascii	"hh\012$\305\202Bft\337\305\010>\236N\336\007^\177_]"
  77      C5824266 
  77      74DFC508 
  77      3E9E4EDE 
  77      075E7F5F 
  78 02a5 C442CB18 		.ascii	"\304B\313\030qk\351\367\305\2126\233\220\305\315\226"
  78      716BE9F7 
  78      C58A369B 
  78      90C5CD96 
  79 02b5 511718FC 		.ascii	"Q\027\030\374\012Z\020\307\217\322\322\204x]bT\007\244"
  79      0A5A10C7 
  79      8FD2D284 
  79      785D6254 
  79      07A4
  80 02c7 3B493A05 		.ascii	";I:\005u\205\273\326o\256N\213f\264\340+\254V\270\307"
  80      7585BBD6 
  80      6FAE4E8B 
  80      66B4E02B 
  80      AC56B8C7 
ARM GAS  /tmp/ccd6YmU3.s 			page 6


  81 02db 4B140B20 		.ascii	"K\024\013 Q\200\006\012`!\251\177L\"sT'\346r\212t\311"
  81      5180060A 
  81      6021A97F 
  81      4C227354 
  81      27E6728A 
  82 02f1 E3EB94A8 		.ascii	"\343\353\224\250N&\335i\322M\030\245\033\334\377\260"
  82      4E26DD69 
  82      D24D18A5 
  82      1BDCFFB0 
  83 0301 1D48A746 		.ascii	"\035H\247Fu&\322\235!]*\266N\"\036\356\326nh\005\276"
  83      7526D29D 
  83      215D2AB6 
  83      4E221EEE 
  83      D66E6805 
  84 0316 40A074AC 		.ascii	"@\240t\254\376ZYb\014\245g\276\231\376\302\013\337\350"
  84      FE5A5962 
  84      0CA567BE 
  84      99FEC20B 
  84      DFE8
  85 0328 21EF4483 		.ascii	"!\357D\203\247\300\331\2610\3019\310\240\333\243O\257"
  85      A7C0D9B1 
  85      30C139C8 
  85      A0DBA34F 
  85      AF
  86 0339 93692C29 		.ascii	"\223i,)`\205\363\270v\017o\210\307%\225-0L[\221\216"
  86      6085F3B8 
  86      760F6F88 
  86      C725952D 
  86      304C5B91 
  87 034e 9FF0B727 		.ascii	"\237\360\267'\024\001\231\217K,n\351q\205u\011\203F"
  87      1401998F 
  87      4B2C6EE9 
  87      71857509 
  87      8346
  88 0360 5AE363D6 		.ascii	"Z\343c\326|3\003\234r1\270@\002y\004\305\014.\202\031"
  88      7C33039C 
  88      7231B840 
  88      027904C5 
  88      0C2E8219 
  89 0374 2BB944E8 		.ascii	"+\271D\350\002k\242\224\273\215\252\277\022\247\337"
  89      026BA294 
  89      BB8DAABF 
  89      12A7DF
  90 0383 02432FB3 		.ascii	"\002C/\263\032\330\017:\227\221\032]\225\261\351\320"
  90      1AD80F3A 
  90      97911A5D 
  90      95B1E9D0 
  91 0393 04D3C529 		.ascii	"\004\323\305)\370\363~k\273\204o\3402\310\242h\006\315"
  91      F8F37E6B 
  91      BB846FE0 
  91      32C8A268 
  91      06CD
  92 03a5 E23ADE5F 		.ascii	"\342:\336_\337\320\2334\275;\346\236H\332G\207\252\332"
  92      DFD09B34 
  92      BD3BE69E 
  92      48DA4787 
  92      AADA
ARM GAS  /tmp/ccd6YmU3.s 			page 7


  93 03b7 2CC27D85 		.ascii	",\302}\205\334\320\002\262\340N4\200\261~(\352*\276"
  93      DCD002B2 
  93      E04E3480 
  93      B17E28EA 
  93      2ABE
  94 03c9 D9005100 		.ascii	"\331\000Q\000\322Fs\234\352\243\236\303o\3101.\334\331"
  94      D246739C 
  94      EAA39EC3 
  94      6FC8312E 
  94      DCD9
  95 03db B66D13C7 		.ascii	"\266m\023\307\005\374\204\236\203\301'\321T\310\307"
  95      05FC849E 
  95      83C127D1 
  95      54C8C7
  96 03ea A015F20D 		.ascii	"\240\025\362\015\376\032\305\015\245\013\240\353\010"
  96      FE1AC50D 
  96      A50BA0EB 
  96      08
  97 03f7 E8349AE6 		.ascii	"\3504\232\346\340\037\235{\224\330@K\327\235\274\254"
  97      E01F9D7B 
  97      94D8404B 
  97      D79DBCAC 
  98 0407 50B32531 		.ascii	"P\263%1\260gg\0337&\031\020,\240\210\223\015\236\206"
  98      B067671B 
  98      37261910 
  98      2CA08893 
  98      0D9E86
  99 041a 1668A3ED 		.ascii	"\026h\243\355\340\342\336\036\357!E\253\240l\270\225"
  99      E0E2DE1E 
  99      EF2145AB 
  99      A06CB895 
 100 042a D7E12A18 		.ascii	"\327\341*\030P\206\367)\326\363;h\364\357\343\324\331"
 100      5086F729 
 100      D6F33B68 
 100      F4EFE3D4 
 100      D9
 101 043b F52A059B 		.ascii	"\365*\005\233\014\000\327\320\325\017\353B\257\266p"
 101      0C00D7D0 
 101      D50FEB42 
 101      AFB670
 102 044a 51D1E87D 		.ascii	"Q\321\350}\274\341##\\\027\347\221\366x\370~\365\337"
 102      BCE12323 
 102      5C17E791 
 102      F678F87E 
 102      F5DF
 103 045c C9E49D82 		.ascii	"\311\344\235\202\215\277A\207\361\315!\242\342(\012"
 103      8DBF4187 
 103      F1CD21A2 
 103      E2280A
 104 046b FE0F45ED 		.ascii	"\376\017E\355\202\242\341\215\245`\274\216\377\242\250"
 104      82A2E18D 
 104      A560BC8E 
 104      FFA2A8
 105 047a 79882265 		.ascii	"y\210\"e\024\0107\011\2041X}\222\313\240\223\304\352"
 105      14083709 
 105      8431587D 
 105      92CBA093 
ARM GAS  /tmp/ccd6YmU3.s 			page 8


 105      C4EA
 106 048c 58AC3E0C 		.ascii	"X\254>\014rJ\316\340\326X\254\272\004V\267G`\365\322"
 106      724ACEE0 
 106      D658ACBA 
 106      0456B747 
 106      60F5D2
 107 049f B85D6F19 		.ascii	"\270]o\031\"\246C\020\323-\210\211\307#2\214\007\005"
 107      22A64310 
 107      D32D8889 
 107      C723328C 
 107      0705
 108 04b1 17978F2C 		.ascii	"\027\227\217,\356\273>8\331!(\241\251\243\321\327\025"
 108      EEBB3E38 
 108      D92128A1 
 108      A9A3D1D7 
 108      15
 109 04c2 DE6E9A7B 		.ascii	"\336n\232{\\\337\210$$0\350\201\271\354\001v0(\256\227"
 109      5CDF8824 
 109      2430E881 
 109      B9EC0176 
 109      3028AE97 
 110 04d6 2738121C 		.ascii	"'8\022\034\244\324\331\034\230\213\035\3477\2367\003"
 110      A4D4D91C 
 110      988B1DE7 
 110      379E3703 
 111 04e6 DEA04091 		.ascii	"\336\240@\2210\327[\231\231Z\364\307\351\321\334y\232"
 111      30D75B99 
 111      995AF4C7 
 111      E9D1DC79 
 111      9A
 112 04f7 C76DD36C 		.ascii	"\307m\323l9K\327\256\310v\344\3322m\314\224c\317v\271"
 112      394BD7AE 
 112      C876E4DA 
 112      326DCC94 
 112      63CF76B9 
 113 050b 644FEE57 		.ascii	"dO\356Wv\031\337\331e\227;\327)\271\276\344\331\356"
 113      7619DFD9 
 113      65973BD7 
 113      29B9BEE4 
 113      D9EE
 114 051d 6552DE52 		.ascii	"eR\336R\276\332\343\222\362\\\246U\331\313W\332g\217"
 114      BEDAE392 
 114      F25CA655 
 114      D9CB57DA 
 114      678F
 115 052f 8C65733A 		.ascii	"\214es:\034\316\025\232\313\351\316\363h\363\026e\315"
 115      1CCE159A 
 115      CBE9CEF3 
 115      68F31665 
 115      CD
 116 0540 CF5A8381 		.ascii	"\317Z\203\201mN\267}\311\2529\216\314\034\366\3768j"
 116      6D4EB77D 
 116      C9AA398E 
 116      CC1CF6FE 
 116      386A
 117 0552 FB9A3C6D 		.ascii	"\373\232<m~\326\342\205\213\265\334\025\266\345+\227"
 117      7ED6E285 
ARM GAS  /tmp/ccd6YmU3.s 			page 9


 117      8BB5DC15 
 117      B6E52B97 
 118 0562 DA359BC3 		.ascii	"\3325\233\303\223\353Y\262\314fCG|\255\303\232\034\317"
 118      93EB59B2 
 118      CC664347 
 118      7CADC39A 
 118      1CCF
 119 0574 5A0FAE4F 		.ascii	"Z\017\256O\314Z\274\310\372E\266\307\2165\276k\315x"
 119      CC5ABCC8 
 119      FA45B6C7 
 119      8E35BE6B 
 119      CD78
 120 0586 8F496EA6 		.ascii	"\217In\2468\354\016\247{-\373\027K\004\335s"
 120      38EC0EA7 
 120      7B2DFB17 
 120      4B04DD73 
 121              		.text
 122              		.section	.gnu.lto_chThdCreateFromMemoryPool.17abb19447086566,"",%progbits
 123 0000 789C8594 		.ascii	"x\234\205\224[PSW\024\206\367:\373$'& ^\250\265\224"
 123      5B505357 
 123      1486F73A 
 123      FB242726 
 123      205EA8B5 
 124 0015 B6B153C6 		.ascii	"\266\261S\306\313TN\333\351\305\316\2643\355\370\322"
 124      CB544EDB 
 124      E9C5CEB4 
 124      33EDF8D2 
 125 0025 3EF0A27D 		.ascii	">\360\242}\351\223C#Uf\2140\011\336\236\330\006\254"
 125      E9934323 
 125      55668C30 
 125      09DE9ED8 
 125      06AC
 126 0037 5ADA7AE9 		.ascii	"Z\332z\351\210\004LOF\207QA\021\261R\220KS\021T\274"
 126      88044C4F 
 126      46875141 
 126      11B15290 
 126      4B531154 
 127 004c A7821710 		.ascii	"\247\202\027\020\301\000\212\242S[[[\247j\327\332\011"
 127      C1008AA2 
 127      535B5B5B 
 127      A76AD7DA 
 127      09
 128 005d 194818CB 		.ascii	"\031H\030\313@\3109\353\377\327^{\255oo\023S\330N\013"
 128      40C839EB 
 128      FFD75E7B 
 128      AD6F6F13 
 128      53D84E0B 
 129 0071 637D8CB1 		.ascii	"c}\214\261w\360\017L\014\224\315g\031[kQ\024\265\235"
 129      77F00F4C 
 129      0C94CD67 
 129      195B6B51 
 129      14B59D
 130 0084 3361E56D 		.ascii	"3a\345m\355\214\211\004\016j\370\275\012@_\204\005X"
 130      ED8C8904 
 130      0E6AF8BD 
 130      0A405F84 
 130      0558
ARM GAS  /tmp/ccd6YmU3.s 			page 10


 131 0096 BEC255C8 		.ascii	"\276\302U\310\207M|;\207\013\205\325;\370w\334\340\014"
 131      874D7C3B 
 131      870B85D5 
 131      3BF877DC 
 131      E00C
 132 00a8 547CBC7F 		.ascii	"T|\274\177\24644\221\036\001\354\370X&\202\033\265\331"
 132      A6343491 
 132      1E01ECF8 
 132      5826821B 
 132      B5D9
 133 00ba BB85F088 		.ascii	"\273\205\360\210\300\366\240\265\254\346\274\230`p\205"
 133      C0F6A0B5 
 133      ACE6BC98 
 133      607085
 134 00c9 7951BE07 		.ascii	"yQ\276\007Ra7\244\322\352{a6\212o\325\265m\260\360W"
 134      526137A4 
 134      D2EA7B61 
 134      368A6FD5 
 134      B56DB0F0 
 135 00de 81E1F7BE 		.ascii	"\201\341\367\276\336\373/\315,\227\276\376b.^38\207"
 135      DEFB2FCD 
 135      2C97BEFE 
 135      622E5E33 
 135      3887
 136 00f0 0AE0A37D 		.ascii	"\012\340\243}\370\212A%\314D\265\347Fm'\3604\351\364"
 136      F88A4125 
 136      CC44B5E7 
 136      466D27F0 
 136      34E9F4
 137 0103 77F8578D 		.ascii	"w\370W\2158\247{E@5\260\330}\261V\225\301~i\255\364"
 137      38A77B45 
 137      4035B0D8 
 137      7DB15695 
 137      C17E69AD 
 138 0118 DCBCCBF9 		.ascii	"\334\274\313\371\034i\335x\362qH\213x;+R\266\025\210"
 138      1C69DD78 
 138      F271488B 
 138      783B2B52 
 138      B61588
 139 012b 4F0C6E82 		.ascii	"O\014n\202\252X36\353\2004\237\276\335p\330\302ui~Z"
 139      AA583336 
 139      EB80349F 
 139      BEDD70D8 
 139      C275697E 
 140 0140 57FE972D 		.ascii	"W\376\227-b\356\336.K6Cu\254\325\314\340\240\264\336"
 140      62EEDE2E 
 140      4B364375 
 140      ACD5CCE0 
 140      A0B4DE
 141 0153 11454DC0 		.ascii	"\021EM\300\337\222\326\216\316\275\237E\234\303\221"
 141      DF92D68E 
 141      CEBD9F45 
 141      9CC391
 142 0162 9235A889 		.ascii	"\2225\250\211\265j\014\016\301L\322\337+\034\350\265"
 142      B56A0C0E 
 142      C14CD2DF 
 142      2B1CE8B5 
ARM GAS  /tmp/ccd6YmU3.s 			page 11


 143 0172 857B3E1D 		.ascii	"\205{>\035\037\253\033\013\357Fz\036\000|\276\322\327"
 143      1FAB1B0B 
 143      EF467A1E 
 143      007CBED2 
 143      D7
 144 0183 78CFCADF 		.ascii	"x\317\312\337\225\251\367\367w\257H\333%\002B\004\356"
 144      95A9F7F7 
 144      77AF48DB 
 144      25024204 
 144      EE
 145 0194 55BEBC55 		.ascii	"U\276\274U\210\023\002\263[\2406\234\3750f\377Q\316"
 145      881302B3 
 145      5BA0369C 
 145      FD3066FF 
 145      51CE
 146 01a6 80913A70 		.ascii	"\200\221:p'T\251\362\367\2453\364m\353&\025\255T\325"
 146      2754A9F2 
 146      F7A533F4 
 146      6DEB2615 
 146      AD54D5
 147 01b9 60C5942D 		.ascii	"`\305\224-\005a\253\006uc\013\213X\217\015\374\033\264"
 147      0561AB06 
 147      75630B8B 
 147      588F0DFC 
 147      1BB4
 148 01cb F10FA575 		.ascii	"\361\017\245ume\331\216\204\210\265\247\"e\304\252\300"
 148      6D65D98E 
 148      8488B5A7 
 148      2265C4AA 
 148      C0
 149 01dc 9171AD37 		.ascii	"\221q\2557\016>\331\226hV\241\001\322\240\036\322v\241"
 149      0E3ED996 
 149      6856A101 
 149      D2A01ED2 
 149      76A1
 150 01ee E2274823 		.ascii	"\342'H#F\020\215F0\003c|$H\221\003A\010\210'O\327\343"
 150      46108D46 
 150      3003637C 
 150      24489103 
 150      41088827 
 151 0205 90E694B6 		.ascii	"\220\346\224\266\014V)/\002\266GA@\221\006l0\3124\240"
 151      0C56292F 
 151      02B64741 
 151      4091066C 
 151      30CA34A0 
 152 0219 F15AF1F5 		.ascii	"\361Z\361\365\004\033~X\023\201&\226\004\324\374\311"
 152      041B7E58 
 152      13812696 
 152      04D4FCC9 
 153 0229 407D4C66 		.ascii	"@}Lf\224\222\261\257q\025\342\272\010\251\304\377\374"
 153      9492B1AF 
 153      7115E2BA 
 153      08A9C4FF 
 153      FC
 154 023a 0E14FA43 		.ascii	"\016\024\372C\3334Z\327\307\315X]}\375p\227\226\377"
 154      DB345AD7 
 154      C7CD585D 
ARM GAS  /tmp/ccd6YmU3.s 			page 12


 154      7DFD7097 
 154      96FF
 155 024c 58580C6E 		.ascii	"XX\014n\363r\254\005\232 \237\3718n(\201\015\200\307"
 155      F372AC05 
 155      9A209FF9 
 155      386E2881 
 155      0D80C7
 156 025f 2E4BC435 		.ascii	".K\3045Q\316\372\241\360j\313\331\312\204\210\035\322"
 156      51CEFAA1 
 156      F06ACBD9 
 156      CA84881D 
 156      D2
 157 0270 C39B2C42 		.ascii	"\303\233,BT\3618\361!\360\224\0165\015\330(\214\251"
 157      54F138F1 
 157      21F0940E 
 157      350DD828 
 157      8CA9
 158 0282 3717FF50 		.ascii	"7\027\377P\244\351s\011P\334V\011\355\227A3\350>\234"
 158      A4E97309 
 158      50DC5609 
 158      ED974133 
 158      E83E9C
 159 0295 354A8B27 		.ascii	"5J\213'\304\352\254a\035\220\356g\322\231Iwd\350\304"
 159      C4EAAC61 
 159      1D90EE67 
 159      D2994977 
 159      64E8C4
 160 02a8 C0D4F08A 		.ascii	"\300\324\360\212VT\027\257;zN#\034\270\034\306\303\343"
 160      565417AF 
 160      3B7A4E23 
 160      1CB81CC6 
 160      C3E3
 161 02ba ED1B120C 		.ascii	"\355\033\022\014\360\255\025B\330\015\236\210\225#&"
 161      F0AD1542 
 161      D80D9E88 
 161      952326
 162 02c9 A9B2F3E5 		.ascii	"\251\262\363\345\375\236*M\337/\302\241\211\360\013"
 162      FD9E2A4D 
 162      DF2FC2A1 
 162      89F00B
 163 02d8 1850828D 		.ascii	"\030P\202\215\300\364GA\307\334\005;\276\372<\234\331"
 163      C0F44741 
 163      C7DC053B 
 163      BEFA3C9C 
 163      D9
 164 02e9 868B617E 		.ascii	"\206\213a~Y\327x[\210\224&g\326B\245\331HZ\032\267\005"
 164      59D7785B 
 164      88942667 
 164      D642A5D9 
 164      485A1AB7 
 165 02fe 5358A792 		.ascii	"SX\247\222\356\030\351\022\307\327\231\303:\023\351"
 165      EE18E912 
 165      C7D799C3 
 165      3A13E9
 166 030d 5A499734 		.ascii	"ZI\2274F\367`\317\375. \235\026\326\231I\327F\272\311"
 166      46F760CF 
 166      FD2E209D 
ARM GAS  /tmp/ccd6YmU3.s 			page 13


 166      16D69949 
 166      D746BAC9 
 167 0321 38148536 		.ascii	"8\024\2056w\263q\375E\340\037\311&\034n\276\\b\215\020"
 167      77B371FD 
 167      45E01FC9 
 167      261C6EBE 
 167      5C628D10 
 168 0335 F9B06456 		.ascii	"\371\260dVi\301\251o\204\3373\311\340Ip<\236I8\001i"
 168      69C1A96F 
 168      84DF33C9 
 168      E049703C 
 168      9E493801 
 169 034a 685A3F24 		.ascii	"hZ?$\232Tjd\022\330\341$\306n\343EshSu\020\242\320\026"
 169      9A546A64 
 169      12D8E124 
 169      C66EE345 
 169      73685375 
 170 0362 52EB02DF 		.ascii	"R\353\002\337\327\331$\250^\256\260\230\320\037\373"
 170      D7D924A8 
 170      5EAEB098 
 170      D01FFB
 171 0371 EC8B18B4 		.ascii	"\354\213\030\264S\214\307\305Jf\225qZ\213\301)\022\250"
 171      538CC7C5 
 171      4A669571 
 171      5A8BC129 
 171      12A8
 172 0383 A30E0383 		.ascii	"\243\016\003\203\323\200{\2023\204?\2606Zr\247Q\363"
 172      D3807B82 
 172      33843FB0 
 172      365A72A7 
 172      51F3
 173 0395 B775C625 		.ascii	"\267u\306%0D\011Nk\222<\336\241\006aQq`p\026f\310\221"
 173      3044094E 
 173      6B923CDE 
 173      A1066151 
 173      71607016 
 174 03ac FE367CB1 		.ascii	"\3766|\261K\3017p\016TY4\203\363\362f\336\323\3342\220"
 174      4BC13770 
 174      0E545934 
 174      83F3F266 
 174      DED3DC32 
 175 03c1 30E36AC4 		.ascii	"0\343j\304=\231\264\277W\325t\330\244\373\002\271!\010"
 175      3D99B4BF 
 175      57D574D8 
 175      A4FB02B9 
 175      2108
 176 03d3 AA245A36 		.ascii	"\252$Z6\2001<\012\275E\327Z!\014@\362\330\2630\305K"
 176      80313C0A 
 176      BD45D75A 
 176      210C40F2 
 176      D8B330C5 
 177 03e8 B3815FF1 		.ascii	"\263\201_\361,``p\313\226\215\034\003\370\343\177\004"
 177      2C606070 
 177      CB968D1C 
 177      03F8E37F 
 177      04
 178 03f9 069F4A53 		.ascii	"\006\237JS!\037\203\213\220o\360d\312\353O\221G\245"
ARM GAS  /tmp/ccd6YmU3.s 			page 14


 178      211F838B 
 178      906FF064 
 178      CAEB4F91 
 178      47A5
 179 040b 818E4A32 		.ascii	"\201\216J2M\363\301\255\236r-2\320(\265J\034\265\376"
 179      4DF3C1AD 
 179      9E722D32 
 179      D028B54A 
 179      1CB5FE
 180 041e 69067F0E 		.ascii	"i\006\177\016-\3201.\266\323\240Sb\253\321\344.\201"
 180      2DD0312E 
 180      B6D3A053 
 180      62ABD1E4 
 180      2E81
 181 0430 8E82D6A7 		.ascii	"\216\202\326\247\017\003I\224\354yP\3402\272\344\301"
 181      0F034994 
 181      EC7950E0 
 181      32BAE4C1 
 182 0440 BB1E5DEC 		.ascii	"\273\036]\354\231\331\2575\205jy4\273\006Wdv\013e\277"
 182      99D9AF35 
 182      856A7934 
 182      BB065764 
 182      760B65BF 
 183 0454 4A80A9D8 		.ascii	"J\200\251\330\230u\376]\250\244\375\215\355\312t/\221"
 183      9875FE5D 
 183      A8A4FD8D 
 183      EDCA742F 
 183      91
 184 0465 085DF286 		.ascii	"\010]\362\206\240\216\035\030\256\377'\221*y\001\307"
 184      A08E1D18 
 184      AEFF2791 
 184      2A7901C7 
 185 0475 D80DA906 		.ascii	"\330\015\251\006O\031\3413\206I\337\3770yM2\031mS\022"
 185      4F19E133 
 185      8649DFFF 
 185      30794D32 
 185      196D5312 
 186 0489 E6EB7916 		.ascii	"\346\353y\026\223\301\021&\2651X]'\254\342 \375 \233"
 186      93C11126 
 186      B531585D 
 186      27ACE220 
 186      FD209B
 187 049c 412F892D 		.ascii	"A/\211-\361\220\276\355\343\2648\203\276xHoHHC\243 "
 187      F190BEED 
 187      E3B43883 
 187      BE78486F 
 187      484843A3 
 188 04b1 7D62F435 		.ascii	"}b\3645\333F\370\353\221\374\365K\376ba\033\210\302"
 188      DB46F8EB 
 188      91FCF54B 
 188      FE62611B 
 188      88C2
 189 04c3 46C9E525 		.ascii	"F\311\345%\251\312\033x\010\216vK\346\210!4z{\003[M"
 189      A9CA1B78 
 189      088E764B 
 189      E6882134 
 189      7A7B035B 
ARM GAS  /tmp/ccd6YmU3.s 			page 15


 190 04d8 F36AC506 		.ascii	"\363j\305\006\344\312\302`\020\346\261\273\330A\237"
 190      E4CAC260 
 190      10E6B1BB 
 190      D8419F
 191 04e7 BC06FF04 		.ascii	"\274\006\377\004\240\301)=\347+\347a\307\371\243#\027"
 191      A0C1293D 
 191      E72BE761 
 191      C7F9A323 
 191      17
 192 04f8 00EF74A0 		.ascii	"\000\357t\240L\270\326+\351\351z\3707\307\255\273\362"
 192      4CB8D62B 
 192      E9E97AF8 
 192      37C7ADBB 
 192      F2
 193 0509 74B7CBA1 		.ascii	"t\267\313\241;\226.^\263<\323\231\355Hw0\305\231\253"
 193      3B962E5E 
 193      B33CD399 
 193      ED487730 
 193      C599AB
 194 051c E2F72C35 		.ascii	"\342\367,5\327\225\235\243\344~\3113]K\224\274\305|"
 194      D7959DA3 
 194      E47EC933 
 194      5D4B94BC 
 194      C57C
 195 052e 953B57C9 		.ascii	"\225;W\311\3135\255\314\\\266\"k\356\350\034\216\034"
 195      CB35ADCC 
 195      5CB6226B 
 195      EEE81C8E 
 195      1C
 196 053f A73367B9 		.ascii	"\2473g\271\236\233\343\312s\353\037/\310\230\237\261"
 196      9E9BE3CA 
 196      73EB1F2F 
 196      C8989FB1 
 197 054f 1A133A72 		.ascii	"\032\023:r\\Y\213V\276\347L_\312\336\034G\235\265:O"
 197      5C598B56 
 197      BEE74C5F 
 197      CADE1C47 
 197      9DB53A4F 
 198 0563 9F9FB1F0 		.ascii	"\237\237\261\360\323\205z\366r\307\262\025\213\263t"
 198      D3857AF6 
 198      72C7B215 
 198      8BB374
 199 0572 87D39DED 		.ascii	"\207\323\235\355^\264\304\341@Gl\215Q\315R\367\0327"
 199      5EB4C4E1 
 199      40476C8D 
 199      51CD52F7 
 199      1A37
 200 0584 C627652C 		.ascii	"\306'e,\\`\377\"\323\235\2055\276nO{\203).\2469\263"
 200      5C60FF22 
 200      D39D8535 
 200      BE6E4F7B 
 200      83292EA6 
 201 059a 9C39AE35 		.ascii	"\2349\2565\354?\275\340\372\037"
 201      EC3FBDE0 
 201      FA1F
 202              		.text
 203              		.section	.gnu.lto_.symbol_nodes.17abb19447086566,"",%progbits
ARM GAS  /tmp/ccd6YmU3.s 			page 16


 204 0000 789C55CE 		.ascii	"x\234U\316\261\015\302@\020\004\300\335;\177\033\324"
 204      B10DC240 
 204      1004C0DD 
 204      3B7F1BD4 
 205 0010 822BBBCF 		.ascii	"\202+\273\317,\021\021\023\177\025\026\006\313\"\246"
 205      2C111113 
 205      7F151606 
 205      CB22A6
 206 001f 0607DF86 		.ascii	"\006\007\337\206-\026\223\360\227\354j6\271\004\303"
 206      2D1693F0 
 206      97EC6A36 
 206      B904C3
 207 002e 0D3ABB33 		.ascii	"\015:\2733\200\353\033P\214\271\227L\0146\302\231a\207"
 207      80EB1B50 
 207      8CB9974C 
 207      0C36C299 
 207      6187
 208 0040 00399F05 		.ascii	"\0009\237\005O\2067\360`t\015,\214\364\017\216\016e"
 208      4F8637F0 
 208      60740D2C 
 208      8CF40F8E 
 208      0E65
 209 0052 DDE96AAF 		.ascii	"\335\351j\257a;\271\036(\027%\323\317\265\324\257\323"
 209      613BB91E 
 209      281725D3 
 209      CFB5D4AF 
 209      D3
 210 0063 50E5F800 		.ascii	"P\345\370\000\306\306(E"
 210      C6C62845 
 211              		.text
 212              		.section	.gnu.lto_.refs.17abb19447086566,"",%progbits
 213 0000 789C6365 		.ascii	"x\234ce`b`d\000\002\000\000I\000\011"
 213      60626064 
 213      00020000 
 213      490009
 214              		.text
 215              		.section	.gnu.lto_.decls.17abb19447086566,"",%progbits
 216 0000 789CB53A 		.ascii	"x\234\265:kPT\331\231}\356\271\335@\323\215\023tS\316"
 216      6B5054D9 
 216      997DEEB9 
 216      DD40D38D 
 216      137453CE 
 217 0014 84DD4CCD 		.ascii	"\204\335L\315\232\015\233D\321\231\311d\2666\265\231"
 217      9A0D9B44 
 217      D199C964 
 217      B636B599 
 218 0024 D9A94D32 		.ascii	"\331\251M2\225L&\025\343\346\327n\027\323\364\010\031"
 218      954C2615 
 218      E3E6D76E 
 218      17D3F408 
 218      19
 219 0035 5EE96EC6 		.ascii	"^\351n\306q\377\244\021T\236\"\240\310S\021\025A\236"
 219      71FFA411 
 219      549E22A0 
 219      C8531115 
 219      419E
 220 0047 8EAF5144 		.ascii	"\216\257QD\021\001\021\025\020\304'6/\005E\004\005G"
ARM GAS  /tmp/ccd6YmU3.s 			page 17


 220      11011115 
 220      10C42736 
 220      2F054504 
 220      0547
 221 0059 5E0AFB9D 		.ascii	"^\012\373\235G\367\275\335\334VS[K\361u\367w\356w\276"
 221      47F7BDDD 
 221      DC56535B 
 221      4BF175F7 
 221      77EE77BE 
 222 006d F7F79D73 		.ascii	"\367\367\235s\356\275j\225\240\252[\251R\315iT\252{"
 222      EEBD6A95 
 222      A0AA5BA9 
 222      52CD6954 
 222      AA7B
 223 007f 48A59A87 		.ascii	"H\245\232\207?\254R\251*\000\310w\000\000\\R}\252b\177"
 223      3FAC52A9 
 223      2A00C877 
 223      00005C52 
 223      7DAA627F 
 224 0093 E4771DD0 		.ascii	"\344w\035\320\331\001\006\000\246\311\034\000,\250\026"
 224      D9010600 
 224      A6C91C00 
 224      2CA816
 225 00a2 FCC50283 		.ascii	"\374\305\002\2037\340\333\037`\011\200\025\350\312\001"
 225      37E0DB1F 
 225      60098015 
 225      E8CA01
 226 00b1 DAE0F779 		.ascii	"\332\340\367y\302\007\3400\300\032\200\011\030\3779"
 226      C207E030 
 226      C01A8009 
 226      18FF39
 227 00c0 80283059 		.ascii	"\200(0Ys\360\273\226\310\003\334\027@\007\240\007\230"
 227      73F0BB96 
 227      C803DC17 
 227      4007A007 
 227      98
 228 00d1 82F11880 		.ascii	"\202\361\030\200\237\"\246\233\237\300t\352\007\334"
 228      9F22A69B 
 228      9FC074EA 
 228      07DC
 229 00df 0BBE1FC3 		.ascii	"\013\276\037\303\367\003\200a\200\021\2001\200Q\200"
 229      F7038061 
 229      80118031 
 229      805180
 230 00ee 6C001FAE 		.ascii	"l\000\037\256;\321\367;0o1\300\353\002\263\201\330\362"
 230      3BD1F73B 
 230      306F31C0 
 230      EB02B381 
 230      D8F2
 231 0100 3DF8FDF7 		.ascii	"=\370\375\367\012v\324\202\035\337s\263\343\026R\266"
 231      0A76D482 
 231      1DDF73B3 
 231      E31652B6 
 232 0110 81E84EEC 		.ascii	"\201\350N\354\370\007\340#\000\334\340\366\376\255\266"
 232      F807E023 
 232      00DCE0F6 
 232      FEADB6
ARM GAS  /tmp/ccd6YmU3.s 			page 18


 233 011f F8C86CB9 		.ascii	"\370\310l\271\346\301\236/8\235\235\373\377E6\301O\325"
 233      E6C19E2F 
 233      389D9DFB 
 233      FF4536C1 
 233      4FD5
 234 0131 0FDD6CDB 		.ascii	"\017\335l\333\201\321\321\324\206Z\301\216\272\021!"
 234      81D1D1D4 
 234      865AC18E 
 234      BA1121
 235 0140 798D8E22 		.ascii	"y\215\216\"\304>\021\005\212\316;\376\020\242\3430*"
 235      C43E1105 
 235      8ACE3BFE 
 235      10A2E330 
 235      2A
 236 0151 D04F4648 		.ascii	"\320OFH\207\220c\006\307\005\216\012\234%\375\347\223"
 236      87906306 
 236      C7058E0A 
 236      9C25FDE7 
 236      93
 237 0162 918C23BB 		.ascii	"\221\214#\273\314$9\376T\214\234i\242\242\334\331l$"
 237      CC2439FE 
 237      548C9C69 
 237      A2A2DCD9 
 237      6C24
 238 0174 48021092 		.ascii	"H\002\020\222O\2201dj\363\353N\375T\222q\310a\375\343"
 238      4F903164 
 238      6AF3EB4E 
 238      FD549271 
 238      C861FDE3 
 239 0188 9C8B83DA 		.ascii	"\234\213\203\332\036t\233\214\026~\200\350\330\256\311"
 239      1E749B8C 
 239      167E80E8 
 239      D8AEC9
 240 0197 92592F2C 		.ascii	"\222Y/, \362\273g\272\344\227+\312m\354\317{\205\344"
 240      20F2BB67 
 240      BAE4972B 
 240      CA6DECCF 
 240      7B85E4
 241 01aa B6CAF2D9 		.ascii	"\266\312\362\331j-IU\264F\207>\023\311\320\345\370\352"
 241      6A2D4955 
 241      B446873E 
 241      13C9D0E5 
 241      F8EA
 242 01bc 7CBC0523 		.ascii	"|\274\005#\177-\022\011\353K\271\003~\200.\321\2427"
 242      7F2D1209 
 242      EB4BB903 
 242      7E802ED1 
 242      A237
 243 01ce 952734CE 		.ascii	"\225'4\316O\326-b\023\004@;\036],\360e\023^\003t\344"
 243      4FD62D62 
 243      1304403B 
 243      1E5D2CF0 
 243      65135E03 
 244 01e4 D0C57D78 		.ascii	"\320\305}xi\026\225\034g{M@\377\371]T\215\002P\025\202"
 244      6916951C 
 244      677B4D40 
 244      FFF95D54 
ARM GAS  /tmp/ccd6YmU3.s 			page 19


 244      8D025015 
 245 01f9 4C4107D1 		.ascii	"LA\007\321R\370\254D\"S\347p\325\305\002\255.\311f\333"
 245      52F8AC44 
 245      2253E770 
 245      D5C502AD 
 245      2EC966DB 
 246 020d 60DB1A67 		.ascii	"`\333\032g\363\3715\271\216*\200\272\234R\177\215t\350"
 246      F3F935B9 
 246      8E2A80BA 
 246      9C527F8D 
 246      74E8
 247 021f 005AC168 		.ascii	"\000Z\301h\253\352\367\216x\343\357\023\373\204\263"
 247      ABEAF78E 
 247      78E3EF13 
 247      FB84B3
 248 022e ED2D6DBE 		.ascii	"\355-m\276H\027\350a&:\202\002e\223\213\211.u\363\361"
 248      4817E861 
 248      263A8202 
 248      65938B89 
 248      2E75F3F1 
 249 0242 6FC56EB4 		.ascii	"o\305n\264\331\004t\030.\034B\230_$t\\\300D\301\204"
 249      D9047418 
 249      2E1C4298 
 249      5F24745C 
 249      C044C184 
 250 0256 484D2514 		.ascii	"HM%\024e\210\032{\273\271\264\214x\347\207ZD\202\264"
 250      65881A7B 
 250      BBB9B48C 
 250      78E7875A 
 250      4482B4
 251 0269 88D08D1C 		.ascii	"\210\320\215\034\237\326\263!B\321\2216\276\327\013"
 251      9FD6B321 
 251      42D19136 
 251      BED70B
 252 0278 FF86EA95 		.ascii	"\377\206\352\225\323r\255^D\201Z&q2\367\337r\306m\266"
 252      D372AD5E 
 252      44815A26 
 252      7132F7DF 
 252      72C66DB6 
 253 028c 37510DD2 		.ascii	"7Q\015\322\242\343\222\304\037j\3413\301\251\272J\322"
 253      A2E392C4 
 253      1F6AE133 
 253      C1A9BA4A 
 253      D2
 254 029d FB04E80D 		.ascii	"\373\004\350\015l\011\035\372\006\006\217\301 \210("
 254      6C091DFA 
 254      06068FC1 
 254      208828
 255 02ac DD9B5EA4 		.ascii	"\335\233^\244\301\225\210\312h:u\353\272\210\264\201"
 255      C19588CA 
 255      683A75EB 
 255      BA88B481 
 256 02bc 8A0C4E29 		.ascii	"\212\014N)0\340\346W\276\325D\315\257\005eNJ\312\200"
 256      30E0E657 
 256      BED544CD 
 256      AF05654E 
 256      4ACA80
ARM GAS  /tmp/ccd6YmU3.s 			page 20


 257 02cf 6ECC7CDB 		.ascii	"n\314|\333\266\331]z\034O\023H\260\335m\274+x\022r\306"
 257      B6D95D7A 
 257      1C4F1348 
 257      B0DD6DBC 
 257      2B781272 
 258 02e4 A390A1F3 		.ascii	"\243\220\241\363of\317\020\213\353@\310iIH\255CH\335"
 258      6F66CF10 
 258      8BEB40C8 
 258      694948AD 
 258      4348DD
 259 02f7 E973293A 		.ascii	"\351s):\352cBq\224\371\270k\252vF\207\033\251d\261w"
 259      EA634271 
 259      94F9B86B 
 259      AA764687 
 259      1BA964B1 
 260 030c CFF8030D 		.ascii	"\317\370\003\015\012\014@H\013P\354\310a\025j\202\011"
 260      0A0C4048 
 260      0B50ECC8 
 260      61156A82 
 260      09
 261 031d 671176F4 		.ascii	"g\021v\364\200\\\033\350\366\350\257d\230\371\362Q\221"
 261      805C1BE8 
 261      F6E8AF64 
 261      98F9F251 
 261      91
 262 032e 0D2F55A1 		.ascii	"\015/U\241w\002\320J\320\261\001t$\227T\350\034h\330"
 262      7702D04A 
 262      D0B10174 
 262      249754E8 
 262      1C68D8
 263 0341 081AE6DA 		.ascii	"\010\032\346\332\274\351\010\010\334ziw\236\217\226"
 263      BCE90808 
 263      DC7A6977 
 263      9E8F96
 264 0350 CF4A78E1 		.ascii	"\317Jx\341,\240~4\321}E\220'i3h\"%\351y\232?\204\260"
 264      2CA07E34 
 264      D17D4590 
 264      27693368 
 264      2225E979 
 265 0368 2FA9FFBE 		.ascii	"/\251\377\276\232\032\007c\250\3365\201>]\230@\237\262"
 265      9A1A0763 
 265      A8DE3581 
 265      3E5D9840 
 265      9FB2
 266 037a 04DA3B3D 		.ascii	"\004\332;=vL\207[\230\343/\327>\354\363vfP\333\315\267"
 266      764C875B 
 266      98E32FD7 
 266      3EECF376 
 266      6650DBCD 
 267 038f 6AECC49F 		.ascii	"j\354\304\237m \362\222\344\317O=fP+X\360)\217\315E"
 267      6D20F292 
 267      E4CF4F3D 
 267      66502B58 
 267      F0298FCD 
 268 03a4 18BCC06C 		.ascii	"\030\274\300l8w0\256\215\2251\341\324\302TsT\256?\253"
 268      387730AE 
 268      8D9531E1 
ARM GAS  /tmp/ccd6YmU3.s 			page 21


 268      D4C25473 
 268      54AE3FAB 
 269 03b8 DCA383E7 		.ascii	"\334\243\203\347\233\264\254\220m\010\360\334\232'-"
 269      9BB4AC90 
 269      6D08F0DC 
 269      9A272D
 270 03c7 6A76D91B 		.ascii	"jv\331\033\320c\243e\307\364\354r\035\231}|\302vX\217"
 270      D063A365 
 270      C7F4EC72 
 270      1D997D7C 
 270      C276588F 
 271 03db F7636A43 		.ascii	"\367cjC\303\223\236b\035\256d\310\270\275\344\200\017"
 271      C3939E62 
 271      1DAE64C8 
 271      B8BDE480 
 271      0F
 272 03ec 3EC490AD 		.ascii	">\304\220\255\335\323'}\361q\216\314>\357\365\302\247"
 272      DDD3277D 
 272      F1718ECC 
 272      3EEFF5C2 
 272      A7
 273 03fd 18F2705F 		.ascii	"\030\362p_\353\327>\3000P\213\376*\363J \363J~z\377"
 273      EBD73EC0 
 273      30508BFE 
 273      2AF34A20 
 273      F34A7E7A 
 274 0412 0E1FDC40 		.ascii	"\016\037\334@I\205\235#\327\343\364\262\272\372\247"
 274      49859D23 
 274      D7E3F4B2 
 274      BAFAA7
 275 0421 025A5776 		.ascii	"\002ZWv\260\245[\362J\240\323+\205q\266\357\304\256"
 275      B0A55BF2 
 275      4AA0D32B 
 275      8571B6EF 
 275      C4AE
 276 0433 52A12BE0 		.ascii	"R\241+\340\201N\342\226\333\340\226@\356\226[0x\223"
 276      814EE296 
 276      DBE09640 
 276      EE965B30 
 276      7893
 277 0445 B965737C 		.ascii	"\271es|I\232/ncB\032om\372\322)c\276\362\355s\264\\"
 277      499A2F6E 
 277      63421A6F 
 277      6DFAD229 
 277      63BEF2ED 
 278 045c FA40468F 		.ascii	"\372@F\217$\303\216<\013\351U\026b\257\272\325 \342"
 278      24C38E3C 
 278      0BE95516 
 278      62AFBAD5 
 278      20E2
 279 046e EB4C48C7 		.ascii	"\353LH\307\216Mcj\247\224\236g\357\026\\!\226\334\001"
 279      8E4D636A 
 279      A7949E67 
 279      EF165C21 
 279      96DC01
 280 0481 29FD9294 		.ascii	")\375\222\224\276\027H\031P\226\262oS\327\220\037N\025"
 280      BE174819 
ARM GAS  /tmp/ccd6YmU3.s 			page 22


 280      5096B26F 
 280      53D7901F 
 280      4E15
 281 0493 A9F3CAEB 		.ascii	"\251\363\312\353sZ|q\016C\212b\273.\350\361N\206\364"
 281      735A7C71 
 281      0E438A62 
 281      BB2EE8F1 
 281      4E86F4
 282 04a6 CCDA8F60 		.ascii	"\314\332\217`\274\207!\007\346\236\264,\302%\014\271"
 282      BC872107 
 282      E69EB42C 
 282      C2250CB9 
 283 04b6 B5B3E9BE 		.ascii	"\265\263\351\276\016\037e\310\316\372\261X\2353_X\337"
 283      0E1F65C8 
 283      CEFAB158 
 283      9D335F58 
 283      DF
 284 04c7 CFEA8C4D 		.ascii	"\317\352\214M\300t\014\022\354\001K\241\336\302\376"
 284      C0740C12 
 284      EC014BA1 
 284      DEC2FE
 285 04d6 3EC14937 		.ascii	">\301I7\302\006\217o\377\266\333O\276\004\300\322!-"
 285      C2068F6F 
 285      FFB6DB4F 
 285      BE04C0D2 
 285      212D
 286 04e8 01A37409 		.ascii	"\001\243t\011x\350X\002J\356\306\347\353\345\3255\352"
 286      78E85802 
 286      4AEEC6E7 
 286      EBE5D535 
 286      EA
 287 04f9 B2048CC9 		.ascii	"\262\004\214\311\227\200S\263e\227\004|\232\252(\224"
 287      978053B3 
 287      6597047C 
 287      9AAA2894 
 288 0509 A4DCCA82 		.ascii	"\244\334\312\202l\3211O\216\345\340\374=\300ED\3430"
 288      6CD1314F 
 288      8EE5E0FC 
 288      3DC04544 
 288      E330
 289 051b E391E4CA 		.ascii	"\343\221\344\3121Z\236\036\370\243\307\340L\027\021"
 289      315A9E1E 
 289      F8A3C7E0 
 289      4C1711
 290 052a DBB2AE1F 		.ascii	"\333\262\256\037X\204g\231\027\034k\241?_\013\357\235"
 290      58846799 
 290      171C6BA1 
 290      3F5F0BEF 
 290      9D
 291 053b CE771408 		.ascii	"\316w\024\010Y\371J\252*\257\371\342\315jJ[6\031\177"
 291      59F94AAA 
 291      2AAFF9E2 
 291      CD6A4A5B 
 291      36197F
 292 054e 64114E66 		.ascii	"d\021Nf\210\243V\374y\255\224\014\346o\3211\374}@\257"
 292      88A356FC 
 292      79AD940C 
ARM GAS  /tmp/ccd6YmU3.s 			page 23


 292      E66FD131 
 292      FC7D40AF 
 293 0562 B4DBF761 		.ascii	"\264\333\367a\234\316h\273\017\245\236\365\306\271\014"
 293      9CCE68BB 
 293      0FA59EF5 
 293      C6B90C
 294 0571 A93976B2 		.ascii	"\2519v\262\211\327\334J@\343\356\024\364\371\341\"v"
 294      89D7DC4A 
 294      40E3EE14 
 294      F4F9E122 
 294      76
 295 0582 AD292D3E 		.ascii	"\255)->E\213\313(\"\224\245&\214x\\\005l\202\347\006"
 295      458BCB28 
 295      2294A526 
 295      8C785C05 
 295      6C82E706 
 296 0596 FD13D6A0 		.ascii	"\375\023\326\240\347!\\s\012\015:o\342\366}\037\246"
 296      E7215C73 
 296      0A0D3A6F 
 296      E2F67D1F 
 296      A6
 297 05a7 40205979 		.ascii	"@ YyNL\354\323\340cL\201\206\201\316f5\256cHa}\337r"
 297      4E4CECD3 
 297      E0634C81 
 297      8681CE66 
 297      35AE6348 
 298 05bf 7C99FD3E 		.ascii	"|\231\375>\261\375\344Co|\225!\375\363s\177\306\203"
 298      B1FDE443 
 298      6F7C9521 
 298      FDF3737F 
 298      C683
 299 05d1 EC776279 		.ascii	"\354wbyb\223\037\036eH\321\351\232\021/<\307\220\222"
 299      62931F1E 
 299      6548D1E9 
 299      9A112F3C 
 299      C79092
 300 05e4 E19E6718 		.ascii	"\341\236g\030\247j(\322\327}\256\332\017\2471\244f2"
 300      A76A28D2 
 300      D77DAEDA 
 300      0FA731A4 
 300      6632
 301 05f6 AF6611CE 		.ascii	"\257f\021\316b\310\245\201\371q-.`\310\261\334\271:"
 301      62C8A581 
 301      F9712D2E 
 301      60C8B1DC 
 301      B93A
 302 0608 11EF65C8 		.ascii	"\021\357e\310\306\324\212\035$\030\032\326W\275`\350"
 302      C6D48A1D 
 302      24181AD6 
 302      57BD60E8 
 303 0618 CEA399A3 		.ascii	"\316\243\231\243\"\033\"\306~\005C\0059\335\007\375"
 303      221B22C6 
 303      7E054305 
 303      39DD07FD 
 304 0628 70099D22 		.ascii	"p\011\235\"\214\364%&y\313\272\310{9\217\210+2\004-"
 304      8CF42526 
 304      79CBBAC8 
ARM GAS  /tmp/ccd6YmU3.s 			page 24


 304      7B398F88 
 304      2B32042D 
 305 063c DA2A385D 		.ascii	"\332*8]\241\341\245g[\340\326tp\253\206\2735M\010@["
 305      A1E1A567 
 305      5BE0D674 
 305      70AB86BB 
 305      354D0840 
 306 0651 045A79E3 		.ascii	"\004Zy\343\323\217\016\213\370k&#\251o\374\371\"\026"
 306      D38F0E8B 
 306      F86B2623 
 306      A96FFCF9 
 306      2216
 307 0663 97850CB6 		.ascii	"\227\205\014\266+0p\266\233#\264\335l\003e2%e@7\276"
 307      2B3070B6 
 307      9B23B4DD 
 307      6C036532 
 307      25654037 
 308 0678 B6D86673 		.ascii	"\266\330fst\370\004\023RS\261'A\3534d\350\374\273,\246"
 308      74F80413 
 308      5253B127 
 308      41EB3464 
 308      E8FCBB2C 
 309 068d D930374B 		.ascii	"\33107K\232\273M\360h\311\016eKf2\217\037\361\305u\314"
 309      9ABB4DF0 
 309      68C90E65 
 309      4B66328F 
 309      1FF1C575 
 310 06a2 C1C9DB1F 		.ascii	"\301\311\333\037\026\373\341&\206\314\336\333v\003\261"
 310      16FBE126 
 310      86CCDEDB 
 310      7603B1
 311 06b1 B4D001BA 		.ascii	"\264\320\001\272\241\346F\372\"V\011\275t%\231I\230"
 311      A1E646FA 
 311      225609BD 
 311      74259949 
 311      98
 312 06c2 137127A3 		.ascii	"\023q'\243\275\226\322yK\203o1U\247\207\233+|\235\252"
 312      BD96D279 
 312      4B836F31 
 312      55A7879B 
 312      2B7C9DAA 
 313 06d6 B62C85A5 		.ascii	"\266,\205\245\034\025\202\236;_I\317]\312z6\265\025"
 313      1C15829E 
 313      3B5F49CF 
 313      5DCA7A36 
 313      B515
 314 06e8 4E78E33E 		.ascii	"Nx\343>&\356xz\006$\337\020C\354\331\3115\276x\206!"
 314      26EE787A 
 314      0624DF10 
 314      43ECD9C9 
 314      35BE7886 
 315 06fd A7D2C6BF 		.ascii	"\247\322\306\277\361\301\261^\024\331<\325_\275\010"
 315      F1C1B15E 
 315      14D93CD5 
 315      5FBD08
 316 070c 27316438 		.ascii	"'1d8\256\256O\304\351\014\251\332x\247\324\033\214\011"
 316      AEAE4FC4 
ARM GAS  /tmp/ccd6YmU3.s 			page 25


 316      E90CA9DA 
 316      78A7D41B 
 316      8C09
 317 071e 804C42B2 		.ascii	"\200LB\262\205(\200-D\207\353&*D\234Ei\205\243\207\357"
 317      8528802D 
 317      4487EB26 
 317      2A449C45 
 317      6985A387 
 318 0733 E46A6529 		.ascii	"\344je)\264b\343f\022\2652\260\250T\262(\300\331\275"
 318      B462E366 
 318      12B532B0 
 318      A854B228 
 318      C0D9BD
 319 0746 5D372507 		.ascii	"]7%\007\300\234\000nN\011\230\263\237\231S\272\253\244"
 319      C09C006E 
 319      4E0998B3 
 319      9F9953BA 
 319      ABA4
 320 0758 418F0B99 		.ascii	"A\217\013\231\204\234\355g\016\373\311\226\241\267\016"
 320      849CED67 
 320      0EFBC996 
 320      A1B70E
 321 0767 D1BCA804 		.ascii	"\321\274\250\004\011\345\222\2042\301\203\210\012e\021"
 321      09E59284 
 321      32C18388 
 321      0A6511
 322 0776 1B323BCB 		.ascii	"\0332;\313}p\011\023\321Ww6\003\313\322\347\375k\324"
 322      7D700913 
 322      D1577736 
 322      03CBD2E7 
 322      FD6BD4
 323 0789 888320A2 		.ascii	"\210\203 \242J\022Q\351ID\265\262\210\355\271\203Kq"
 323      4A1251E9 
 323      4944B5B2 
 323      88EDB983 
 323      4B71
 324 079b 35736972 		.ascii	"5sir\312\\\025\306G\231\270\202S3i\222E\375^\037\240"
 324      CA5C15C6 
 324      4799B882 
 324      53336992 
 324      45FD5E1F 
 325 07b0 2320E9D0 		.ascii	"# \351\320+H:\254,\351v\301\330\204\210O1Q{\317V]\366"
 325      2B483AAC 
 325      2CE976C1 
 325      D884884F 
 325      31517BCF 
 326 07c7 C20D4CD4 		.ascii	"\302\015L\324\300\375\257\247\244"
 326      C0FDAFA7 
 326      A4
 327 07d0 7DC23088 		.ascii	"}\3020\210:\016\242\216\275\202\250o\224E\215\306\337"
 327      3A0EA28E 
 327      BD82A86F 
 327      94458DC6 
 327      DF
 328 07e1 EDE55BA4 		.ascii	"\355\345[\244\245\244@\266e\277\203/1\301%c\367\317"
 328      A5A440B6 
 328      65BF832F 
ARM GAS  /tmp/ccd6YmU3.s 			page 26


 328      31C12563 
 328      F7CF
 329 07f3 FBC917AE 		.ascii	"\373\311\027\256;.\333\302\223\202c[\270\241\377\350"
 329      3B2EDBC2 
 329      9382635B 
 329      B8A1FFE8 
 330 0803 5584AFB0 		.ascii	"U\204\257\260Yg.\305\225\372\342\033\014\351\177\276"
 330      59672EC5 
 330      95FAE21B 
 330      0CE97FBE 
 331 0813 FB8E17EE 		.ascii	"\373\216\027\356a\310T\366\371\275z|\227!\031\345\355"
 331      61C854F6 
 331      F9BD7A7C 
 331      972119E5 
 331      ED
 332 0824 D734F83E 		.ascii	"\3274\370>C\354\225s'5x\204!\273\272\037Wx\3411f\357"
 332      43EC9573 
 332      27357884 
 332      21BBBA1F 
 332      5778E131 
 333 083a 99AEDDA5 		.ascii	"\231\256\335\245z\327s\020\034\267\234\345\323\010F"
 333      7AD77310 
 333      1CB79CE5 
 333      D30846
 334 0849 AD713D05 		.ascii	"\255q=\005\301\216#\377\024i\026\015\202\016\235\225"
 334      C18E23FF 
 334      1469160D 
 334      820E9D95 
 335 0859 1CB3861F 		.ascii	"\034\263\206\037\202z74uz\343)&\353\361\350\225gz\374"
 335      827A3734 
 335      757AE329 
 335      26EBF1E8 
 335      95677AFC 
 336 086d 8C21B6E9 		.ascii	"\214!\266\351S75\030\312\227n\026\266O\365\372\3408"
 336      53373518 
 336      CA976E16 
 336      B64FF5FA 
 336      E038
 337 087f 86347725 		.ascii	"\2064w%\237\026\361&\206\354\277\320kS\343D\206\234"
 337      9F16F126 
 337      86ECBFD0 
 337      6B53E344 
 337      869C
 338 0891 4CBAF0CC 		.ascii	"L\272\360\314\033\2470$\367\304\346\015Z\234\306\220"
 338      1BA73024 
 338      F7C4E60D 
 338      5A9CC690 
 339 08a1 B2F98934 		.ascii	"\262\371\2114\035\316`\310\324\311\313E\002\363\362"
 339      1DCE60C8 
 339      D4C9CB45 
 339      02F3F2
 340 08b0 32B22DA9 		.ascii	"2\262-\251Kn\306\254\273\024\302:\353\273\275\350H\203"
 340      4B6EC6AC 
 340      BB14C23A 
 340      EBBBBDE8 
 340      4883
 341 08c2 1F5AC6FE 		.ascii	"\037Z\306\376\026/\013\\VD\314\255\233LV\337/kI\261"
ARM GAS  /tmp/ccd6YmU3.s 			page 27


 341      162F0B5C 
 341      5644CCAD 
 341      9B4C56DF 
 341      2F6B49B1 
 342 08d6 15D6236A 		.ascii	"\025\326#jM3Xs]X,\231\177\231\006\242\202|\252\330\224"
 342      4D335873 
 342      5D582C99 
 342      7F9906A2 
 342      827CAAD8 
 343 08eb 8EFFCEB1 		.ascii	"\216\377\316\261\325\305cJ~\316\235\374\204@\310WI\324"
 343      D5C5634A 
 343      7ECE9DFC 
 343      8440C857 
 343      49D4
 344 08fd F532EAF3 		.ascii	"\3652\352\363\312\314e\324\3752\352zw\352'\013\250\377"
 344      CACC65D4 
 344      FD32EA7A 
 344      77EA270B 
 344      A8FF
 345 090f 4BA2BEE4 		.ascii	"K\242\276\344N\035\344F<,#\276\250H,7rFF\335\342N\335"
 345      4E1DE446 
 345      3C2C23BE 
 345      A8482C37 
 345      724646DD 
 346 0926 29F3493A 		.ascii	")\363I:m\2716\333\007\242\012\265C\316\267\011\344\000"
 346      6DB936DB 
 346      07A20AB5 
 346      43CEB709 
 346      E400
 347 0938 C167405E 		.ascii	"\301g@^\240\233\220?]\3022t\025\340\006\3005\200N\200"
 347      A09B903F 
 347      5DC23274 
 347      15E006C0 
 347      35804E80 
 348 094c CB001D00 		.ascii	"\313\000\035\000\267\000\256\010\313\350y\214\311\036"
 348      B700AE08 
 348      CBE8798C 
 348      C91E
 349 095a 97C9BEA0 		.ascii	"\227\311\276\240,\233\332\305\222\261\365\326k\2616"
 349      2C9BDAC5 
 349      92B1F5D6 
 349      6BB136
 350 0969 1B22542A 		.ascii	"\033\"T*\236\210\022+\273\335?#\316\326\274\222\362"
 350      9E88122B 
 350      BBDD3F23 
 350      CED6BC92 
 350      F2
 351 097a 6A520E16 		.ascii	"jR\016\026\263\003R&\263%s\213(/F9\261\012u;\213\321"
 351      B3035226 
 351      B325738B 
 351      282F4639 
 351      B10A753B 
 352 0990 7EB26852 		.ascii	"~\262hR\217/\322\274\303mc\371'uh\331\342@&\261\347"
 352      8F2FD2BC 
 352      C36D63F9 
 352      277568D9 
 352      E24026B1 
ARM GAS  /tmp/ccd6YmU3.s 			page 28


 353 09a5 5960A9FD 		.ascii	"Y`\251\375\216\315\226\241#\023\320\031\220\331\243"
 353      8ECD96A1 
 353      2313D019 
 353      90D9A3
 354 09b4 1C9674BE 		.ascii	"\034\226t\276X\021\3179/\337\346\364\304s\275\3409;"
 354      5811CF39 
 354      2FDFE6F4 
 354      C473BDE0 
 354      393B
 355 09c6 F70CB7B5 		.ascii	"\367\014\267\265\224\331\332\343j+)\205\015C\0171\276"
 355      94D9DAE3 
 355      6A2B2985 
 355      0D430F31 
 355      BE
 356 09d7 C14AE1C1 		.ascii	"\301J\341\301`\331U\001\333\031\222\337So\347\233\261"
 356      60D95501 
 356      DB1992DF 
 356      536FE79B 
 356      B1
 357 09e8 06821FED 		.ascii	"\006\202\037\355\331\226\250\343\205A\356\325\014=}"
 357      D996A8E3 
 357      8541EED5 
 357      0C3D7D
 358 09f7 7A5583EF 		.ascii	"zU\203\3571\342C\363\245\2330\036e\310\263}m\327\275"
 358      31E243F3 
 358      A59B301E 
 358      65C8B37D 
 358      6DD7BD
 359 0a0a F12443CE 		.ascii	"\361$C\316<\277\221\257\3056\037\202\374\274/i\177\256"
 359      3CBF91AF 
 359      C5361F82 
 359      FCBC2F69 
 359      7FAE
 360 0a1c 066C8652 		.ascii	"\006l\206R\322-\346\377\200AY\005\222/\370\\\302.A\235"
 360      D22DE6FF 
 360      80415905 
 360      922FF85C 
 360      C22E419D 
 361 0a30 2DD3E9E0 		.ascii	"-\323\351\340\203\374\340\177p5\220;\353\\\251\372^"
 361      83FCE07F 
 361      7035903B 
 361      EB5CA9FA 
 361      5E
 362 0a41 632BAB3E 		.ascii	"c+\253>\350u\250\006\254\037\366\024!y\246\335\201L"
 362      E875A806 
 362      AC1FF614 
 362      2179A6DD 
 362      814C
 363 0a53 1B2099D6 		.ascii	"\033 \231\326\317g\020\177\025\342@\264\013/C;\001\012"
 363      CF67107F 
 363      15E240B4 
 363      0B2F433B 
 363      010A
 364 0a65 00F201F2 		.ascii	"\000\362\001\362\000r\001\356C\226\345\300w6\300\016"
 364      007201EE 
 364      4396E5C0 
 364      7736C00E 
ARM GAS  /tmp/ccd6YmU3.s 			page 29


 365 0a75 80788039 		.ascii	"\200x\2009\030\233\004x\012\360\020`\004\340\201K&v"
 365      189B0478 
 365      0AF01060 
 365      04E0814B 
 365      2676
 366 0a87 FC8E6522 		.ascii	"\374\216e\"\364\277\273\356\252M\271W\243\375\222\177"
 366      F4BFBBEE 
 366      AA4DB957 
 366      A3FD927F 
 367 0a97 26CD3572 		.ascii	"&\3155rWb\006\271\221O/\350#s\027\2270\372Q\260|V\231"
 367      576206B9 
 367      914F2FE8 
 367      23731797 
 367      30FA51B0 
 368 0aae 9EB29765 		.ascii	"\236\262\227e\344\230KF\216\262\214\224;\246\003.\222"
 368      E4984B46 
 368      8EB28C94 
 368      3BA6032E 
 368      92
 369 0abf AE828640 		.ascii	"\256\202\206@\3371\356\230=\340\230\"0x\002\014|\344"
 369      DF31EE98 
 369      3DE09822 
 369      3078020C 
 369      7CE4
 370 0ad1 62E0850A 		.ascii	"b\340\205\012\365\334\3276[\242\006=\006%\256#\354\""
 370      F5DCD736 
 370      5BA2063D 
 370      0625AE23 
 370      EC22
 371 0ae3 C1A5D065 		.ascii	"\301\245\320eZ\214\273h\361\370\005Z\354\005\311/\327"
 371      5A8CBB68 
 371      F1F8055A 
 371      EC05C92F 
 371      D7
 372 0af4 A27F07B6 		.ascii	"\242\177\007\266\355]\212\236\200\012\223\312*\270\373"
 372      ED5D8A9E 
 372      800A93CA 
 372      2AB8FB
 373 0b03 E15B170D 		.ascii	"\341[\027\015\310DV\015\2129\262\033\004\377\377\345"
 373      C844560D 
 373      8A39B21B 
 373      04FFFFE5 
 374 0b13 08E47073 		.ascii	"\010\344ps)\317ar z\356\036\311g\256\221\2072\356\370"
 374      29CF6172 
 374      207AEE1E 
 374      C967AE91 
 374      8732EEF8 
 375 0b27 4D2C4DAB 		.ascii	"M,M\253) \333\300\363\312y4\217\365\220\362N\202\347"
 375      2920DBC0 
 375      F3CA7934 
 375      8FF590F2 
 375      4E82E7
 376 0b3a D01666B8 		.ascii	"\320\026f\2709\317\340\367,\2504\355\242R\353\001\236"
 376      39CFE0F7 
 376      2CA834ED 
 376      A252EB01 
 376      9E
ARM GAS  /tmp/ccd6YmU3.s 			page 30


 377 0b4b 59C431F1 		.ascii	"Y\3041\361 `\306C\257W\344\037\307'x\346_\377#V\026"
 377      2060C643 
 377      AF57E41F 
 377      C72778E6 
 377      5FFF2356 
 378 0b60 4F78CE2C 		.ascii	"Ox\316,d/\353\317s\274g\315\270\366,~o\352\270\272d"
 378      642FEBCF 
 378      73BC67CD 
 378      B8F62C7E 
 378      6FEAB8BA 
 379 0b75 4F063971 		.ascii	"O\0069q\023_l\224\266\022\204\332\341.\360p\271\323"
 379      135F6C94 
 379      B61284DA 
 379      E12EF070 
 379      B9D3
 380 0b87 C340B6C9 		.ascii	"\303@\266\311\275\024c\205\0277\3258\010z,f\026m\200"
 380      BD146385 
 380      1737D538 
 380      087A2C66 
 380      166D80
 381 0b9a DF36ECE2 		.ascii	"\3376\354\342\255R\231\267\2109\204\364U\373\365f\001"
 381      AD5299B7 
 381      883984F4 
 381      55FBF566 
 381      01
 382 0bab 2BB266E6 		.ascii	"+\262f\3465q\333\201B\321\366\2348j;1*A\262\235P\313"
 382      3571DB81 
 382      42D1F69C 
 382      386A3B31 
 382      2A41B29D 
 383 0bc1 6CDFE5B0 		.ascii	"l\337\345\260}#^\202\022\335m\177\"\313\256\014\005"
 383      7D235E82 
 383      12DD6D7F 
 383      22CBAE0C 
 383      05
 384 0bd2 0D55741A 		.ascii	"\015Ut\032Q/\013\324\333\016)\275\015 \023 \015`\013"
 384      512F0BD4 
 384      DB0E29BD 
 384      0D201320 
 384      0D600B
 385 0be5 4002C066 		.ascii	"@\002\300f\200M.^\031\376\230\305\230\244t\022\010%"
 385      804D2E5E 
 385      19FE98C5 
 385      98A47412 
 385      0825
 386 0bf7 5C3CEE2D 		.ascii	"\\<\356-F\233e\255,\371e\324\375\277`\254\023\261\016"
 386      469B65AD 
 386      2CF965D4 
 386      FDBF60AC 
 386      13B10E
 387 0c0a A5782696 		.ascii	"\245x&\226\225{\022\226\227;\314so8\371P\353y\244\326"
 387      957B1296 
 387      973BCC73 
 387      6F38F950 
 387      EB79A4D6 
 388 0c1e 73815F12 		.ascii	"s\201_\022\217G*\030\234\002\206%K\206\221\363V\255"
 388      8F472A18 
ARM GAS  /tmp/ccd6YmU3.s 			page 31


 388      9C028625 
 388      4B8691F3 
 388      56AD
 389 0c30 7A6C9C2D 		.ascii	"zl\234-\320\344\254\233\312'(5\0346a\370\273\2449\221"
 389      D0E4AC9B 
 389      CA272835 
 389      1C3661F8 
 389      BBA43991 
 390 0c44 FCCCE1B4 		.ascii	"\374\314\341\264\316Rq\317\365\301Mjr6M\302\356[\021"
 390      CE5271CF 
 390      F5C14D6A 
 390      72364DC2 
 390      EE5B11
 391 0c57 16C907FB 		.ascii	"\026\311\007\373y$\311\341\265\340enzZ\313\235\272\025"
 391      7924C9E1 
 391      B5E0656E 
 391      7A5ACB9D 
 391      BA15
 392 0c69 FCB4FB95 		.ascii	"\374\264\373\225\374\224\016\224\222\237\2662?yh\233"
 392      FC940E94 
 392      929FB632 
 392      3F79689B 
 393 0c79 2803DC23 		.ascii	"(\003\334#uNgN\246\304%\223\234$\254\212\244\234|B\233"
 393      754E674E 
 393      A6C42593 
 393      9C24AC8A 
 393      A49C7C42 
 394 0c8e BCB3E3B5 		.ascii	"\274\263\343\265\235\343\226\300\312\270\347\205\206"
 394      9DE396C0 
 394      CAB8E785 
 394      86
 395 0c9b 902A38C9 		.ascii	"\220*8\311\027Fb\366\336\227Q\267\374+\313\016B\274"
 395      174662F6 
 395      DE9751B7 
 395      FC2BCB0E 
 395      42BC
 396 0cad CF3331D3 		.ascii	"\31731\323\367\352\011\015q8\320,\334\373=\255\362\237"
 396      F7EA090D 
 396      7138D02C 
 396      DCFB3DAD 
 396      F29F
 397 0cbf D860CB5E 		.ascii	"\330`\313^I\317\244\305\274n\370I\215UM\265l5n\011\332"
 397      49CFA4C5 
 397      BC6EF849 
 397      8D554DB5 
 397      6C356E09 
 398 0cd4 61AB8BC5 		.ascii	"a\253\213\305\364X\371\265\022\361;\262\255\364\012"
 398      F458F9B5 
 398      12F13BB2 
 398      ADF40A
 399 0ce3 464BCE85 		.ascii	"FK\316\205G\225heQ\234+\347Q$\267\363k\225\3677\362"
 399      47956865 
 399      519C2BE7 
 399      5124B7F3 
 399      6B95F737 
 400 0cf8 E3C24FA4 		.ascii	"\343\302O\244\326z\312\235z\341Yd\346\307\022\371ie"
 400      D67ACA9D 
ARM GAS  /tmp/ccd6YmU3.s 			page 32


 400      7AE15964 
 400      E6C712F9 
 400      6965
 401 0d0a 72996B47 		.ascii	"r\231kG\313x \310\016\263\316\235\274s\001\367~\316"
 401      CB7820C8 
 401      0EB3CE9D 
 401      BC7301F7 
 401      7ECE
 402 0d1c 9D6C68FA 		.ascii	"\235lh\372\224\311e\334o\376XZ\325r\334W\265\005\201"
 402      94C965DC 
 402      6FFE585A 
 402      D572DC57 
 402      B50581
 403 0d2f 2B639D71 		.ascii	"+c\235q\330\303\2520\377\204\234/I\276\016JI8,[\024"
 403      D8C3AA30 
 403      FF849C2F 
 403      49BE0E4A 
 403      49382C5B 
 404 0d44 DA2AD433 		.ascii	"\332*\3243\343\361\264\214\035\002\307^$\260u3&\231"
 404      E3F1B48C 
 404      1D02C75E 
 404      24B07533 
 404      2699
 405 0d56 32A6246F 		.ascii	"2\246$o0\313\213\\#\333\232{\222\2641*\015\266\276\355"
 405      30CB8B5C 
 405      23DB9A7B 
 405      92B4312A 
 405      0DB6BEED 
 406 0d6a 078AF274 		.ascii	"\007\212\362tx\013\275\223\263\364\346To\245\017\012"
 406      780BBD93 
 406      B3F4E654 
 406      6FA50F0A 
 407 0d7a 5C4236BF 		.ascii	"\\B6\277:\262\345e\277`O\013\273\332@~7\344\202\272"
 407      3AB2E565 
 407      BF604F0B 
 407      BBDA407E 
 407      37E482BA 
 408 0d8e 60600BA9 		.ascii	"``\013\251\242\203\220\274\367\245;\244\373\361\022"
 408      A28390BC 
 408      F7A53BA4 
 408      FBF112
 409 0d9d 479B2E84 		.ascii	"G\233.\2046\275T\266\352\336\005\252\375\274S\037\207"
 409      36BD54B6 
 409      EADE05AA 
 409      FDBC531F 
 409      87
 410 0dae CAFC061A 		.ascii	"\312\374\006\032\327\327\000%.\315\313\236\247eN.\205"
 410      D7D70025 
 410      2ECDCB9E 
 410      A7654E2E 
 410      85
 411 0dbf 3634C8A7 		.ascii	"64\310\247(\330\254\264\260\253\350$\302\277\026\370"
 411      28D8ACB4 
 411      B0ABE824 
 411      C2BF16F8 
 412 0dcf 9701EF03 		.ascii	"\227\001\357\003.\035\377j\036\317\016r\027~\0101\031"
 412      2E1DFF6A 
ARM GAS  /tmp/ccd6YmU3.s 			page 33


 412      1ECF0E72 
 412      177E0831 
 412      19
 413 0de0 9E4F88AD 		.ascii	"\236O\210\255y<\261\313\241S\334S$woO\025.m\274\334"
 413      793CB1CB 
 413      A153DC53 
 413      24776F4F 
 413      152E6DBC 
 414 0df5 AD8D8337 		.ascii	"\255\215\2037\276\205\213\244\202\320I\320\260\212k"
 414      BE858BA4 
 414      82D049D0 
 414      B08A6B
 415 0e04 5B03BF4F 		.ascii	"[\003\277O\200\266\325\000\225.\336x\232\357\237i#*"
 415      80B6D500 
 415      952EDE78 
 415      9AEF9F69 
 415      232A
 416 0e16 90C83D05 		.ascii	"\220\310=\005\025\310\024\347\336S\226\376\2122&\370"
 416      15C814E7 
 416      DE5396FE 
 416      8A3226F8 
 417 0e26 8417CBE8 		.ascii	"\204\027\313\350\017\310\265\325\221&\002\216\356\342"
 417      0FC8B5D5 
 417      9126028E 
 417      EEE2
 418 0e34 339C0E97 		.ascii	"3\234\016\227\325\200bP\213\201\355\313\203:\227\313"
 418      D5806250 
 418      8B81EDCB 
 418      833A97CB 
 419 0e44 837A0878 		.ascii	"\203z\010x_\375[\203z\210\233p\014\370\037\001\336\207"
 419      5FFD5B83 
 419      7A889B70 
 419      0CF81F01 
 419      DE87
 420 0e56 5D82FA34 		.ascii	"]\202\3724W\026\324k\210\311\360\034\324\321\\\036\324"
 420      5716D46B 
 420      88C9F01C 
 420      D4D15C1E 
 420      D4
 421 0e67 A398ED85 		.ascii	"\243\230\355\205\026\222\273\007\365\240\254?\253\310"
 421      1692BB07 
 421      F5A0AC3F 
 421      ABC8
 422 0e75 3C595DE5 		.ascii	"<Y]\345\322\356|h\301rHNK\271\001\273\343l\011q\032"
 422      D2EE7C68 
 422      C172484E 
 422      4BB901BB 
 422      E36C0971 
 423 0e8a 7ACBEB86 		.ascii	"z\313\353\206g\253y\277\310\365#\254\366+5\372\253\371"
 423      67AB79BF 
 423      C8F523AC 
 423      F62B35FA 
 423      ABF9
 424 0e9c DC46F2D4 		.ascii	"\334F\362\324f\230\307\310\343\222\321\232\317:O\225"
 424      6698C7C8 
 424      E392D19A 
 424      CF3A4F95 
ARM GAS  /tmp/ccd6YmU3.s 			page 34


 425 0eac D29EAC29 		.ascii	"\322\236\254)gi\034\271H2u\037v\326m\025\335\221q\222"
 425      67691CB9 
 425      4832751F 
 425      76D66D15 
 425      DD917192 
 426 0ec0 3C6A5429 		.ascii	"<jT)v?\202\333\247w\356\322\323\307X\244\"\332\331c"
 426      763F82DB 
 426      A777EED2 
 426      D3C758A4 
 426      22DAD963 
 427 0ed4 ACF4ACA7 		.ascii	"\254\364\254\247\015Z\371c,\322\251\245\347X\2471y\216"
 427      0D5AF963 
 427      2CD2A9A5 
 427      E758A731 
 427      798E
 428 0ee6 750AF3E7 		.ascii	"u\012\363\347X\371W\333\213\305\267\012m\205\275\266"
 428      58F957DB 
 428      8BC5B70A 
 428      6D85BDB6 
 429 0ef6 BAF9EBEA 		.ascii	"\272\371\353\352\003\003M\260\312\242\017\010\031*\225"
 429      03034DB0 
 429      CAA20F08 
 429      192A95
 430 0f05 DA482979 		.ascii	"\332H)y\202\215JP\017B\373\221\035\251P\035~\013f7\016"
 430      828D4A50 
 430      0F42FB91 
 430      1DA9501D 
 430      7E0B6637 
 431 0f1a EE3BA6C1 		.ascii	"\356;\246\301C\354\216\263\302;\027\256\357&\324cq\341"
 431      43EC8EB3 
 431      C23B17AE 
 431      EF26D463 
 431      71E1
 432 0f2c C3F4B36C 		.ascii	"\303\364\263l\320\365!t\003\033|\220[\220-\342X_\312"
 432      D0F52174 
 432      031B7C90 
 432      5B902DE2 
 432      585FCA
 433 0f3f 3E3BA3FC 		.ascii	">;\243\3748\302\251\024\021\277i?\334\250A:8\370\313"
 433      38C2A914 
 433      11BF693F 
 433      DCA8413A 
 433      38F8CB
 434 0f52 F2A2C5A5 		.ascii	"\362\242\305\245\330\233Y^\260\200\265=PO?a[\260f\236"
 434      D89B595E 
 434      B080B53D 
 434      504F3F61 
 434      5BB0669E 
 435 0f66 672D7FC3 		.ascii	"g-\177\303\236\373\034f\364$\353/@\326\237w\335s\263"
 435      9EFB1C66 
 435      F424EB2F 
 435      40D69F77 
 435      DD73B3
 436 0f79 46DFB220 		.ascii	"F\337\262 >\222G>u<\215\274\363(\373\201\336\371\344"
 436      3E92473E 
 436      753C8DBC 
 436      F328FB81 
ARM GAS  /tmp/ccd6YmU3.s 			page 35


 436      DEF9E4
 437 0f8c F122B3F3 		.ascii	"\361\"\263\363JEc\261\332\343\223\307V\032\261K\216"
 437      4A4563B1 
 437      DAE393C7 
 437      561AB14B 
 437      8E
 438 0f9d 881DB9   		.ascii	"\210\035\271"
 439 0fa0 B82B4F2D 		.ascii	"\270+O-\277g\004\327ef\267a\331c\301C\366-g\365\270"
 439      BF6704D7 
 439      6566B761 
 439      D963C143 
 439      F62D67F5 
 440 0fb5 99FA4C48 		.ascii	"\231\372LH\274\327\177\027\271\336u\225OE\035`\2304"
 440      BCD77F17 
 440      B9DE7595 
 440      4F451D60 
 440      9834
 441 0fc7 DBF97C32 		.ascii	"\333\371|2\215=\237\274L2L\312\3176\314\356\274\252"
 441      8D3D9FBC 
 441      4C324CCA 
 441      CF36CCEE 
 441      BCAA
 442 0fd9 8B1A3B13 		.ascii	"\213\032;\023\264h\031Db\231\323\325\211g\371^\315\341"
 442      B4681944 
 442      6299D3D5 
 442      8967F95E 
 442      CDE1
 443 0feb EB2E655F 		.ascii	"\353.e_\263\011\203\331\274\230\210\210aw\352N\205\236"
 443      B30983D9 
 443      BC988888 
 443      6177EA4E 
 443      859E
 444 0ffd 2ADB7E   		.ascii	"*\333~"
 445 1000 AB283589 		.ascii	"\253(5\211\313UP\277\023\272\3215\200+\256\361\311\366"
 445      CB5550BF 
 445      13BAD135 
 445      802BAEF1 
 445      C9F6
 446 1012 A7F5D7A5 		.ascii	"\247\365\327\245\324\025\256f\313\332U\023V\322\325"
 446      D415AE66 
 446      CBDA5513 
 446      56D2D5
 447 1021 79BBAE23 		.ascii	"y\273\256#\253\261\314\013w1w\326\245f\355\026\320\342"
 447      ABB1CC0B 
 447      773177D6 
 447      A566ED16 
 447      D0E2
 448 1033 40C543C1 		.ascii	"@\305C\301MP\346\345\212=\315\246\205}\003\010\257K"
 448      4D50E6E5 
 448      8A3DCDA6 
 448      857D0308 
 448      AF4B
 449 1045 AEEDC27C 		.ascii	"\256\355\302|\027pw6sJ#\217\364\015\227\004\277\205"
 449      17707736 
 449      734A238F 
 449      F40D9704 
 449      BF85
ARM GAS  /tmp/ccd6YmU3.s 			page 36


 450 1057 1D77072B 		.ascii	"\035w\007+\357\215\244\373\320\244\2021\324\310\222"
 450      EF8DA4FB 
 450      D0A48231 
 450      D4C892
 451 1066 AAAA38EE 		.ascii	"\252\2528\356\261\332s\037\270M\263\252\333\221U\025"
 451      B1DA731F 
 451      B84DB3AA 
 451      DB915515 
 452 1076 278A0790 		.ascii	"'\212\007\220\324\007J\357\362>\000d\350\214\244\033"
 452      D4074AEF 
 452      F23E0064 
 452      E88CA41B 
 453 1086 FC74ED03 		.ascii	"\374t\355\003v\332\007\222\253\312\007\265x\200\025"
 453      76DA0792 
 453      ABCA07B5 
 453      788015
 454 1095 EAC883F4 		.ascii	"\352\310\203\364oY\326\223\0155K\373\303\033\272j\026"
 454      6F59D693 
 454      0D354BFB 
 454      C31BBA6A 
 454      16
 455 10a6 D131A245 		.ascii	"\3211\242E/\323p{\336\221\012\344\361\235\253~\252`"
 455      2FD3707B 
 455      DE910AE4 
 455      F19DAB7E 
 455      AA60
 456 10b8 9F43C1ED 		.ascii	"\237C\301\355Y\027\372\004P\260\227\035l\232\323@\301"
 456      5917FA04 
 456      50B0971D 
 456      6C9AD340 
 456      C1
 457 10c9 DD8892A1 		.ascii	"\335\210\222\241\036I\301\036\314^\265A\003T\261\214"
 457      1E49C11E 
 457      CC5EB541 
 457      0354B18C 
 458 10d9 03575B45 		.ascii	"\003W[E\374\210)v\356i\305\256Ex\223\216\"Cy\251\205"
 458      FC882976 
 458      EE69C5AE 
 458      4578938E 
 458      224379A9 
 459 10ee 5A9CC290 		.ascii	"Z\234\302\220\262\331\334\001\035NgH\365\311\370\207"
 459      B2D9DC01 
 459      1D4E6748 
 459      F5C9F887 
 460 10fe FC55B23A 		.ascii	"\374U\262:\362`\355\201-\271\026\341\035\364\242wGG"
 460      F260ED81 
 460      2DB916E1 
 460      1DF4A277 
 460      4747
 461 1110 F1A006D1 		.ascii	"\361\240\006\321\033\372\316;\372\363{\177\324\267o"
 461      1BFACE3B 
 461      FAF37B7F 
 461      D4B76F
 462 111f 936D6B30 		.ascii	"\223mk0\275\2438\010\312<\364|\274#\233\371\327\331"
 462      BDA33808 
 462      CA3CF47C 
 462      BC239BF9 
ARM GAS  /tmp/ccd6YmU3.s 			page 37


 462      D7D9
 463 1131 2697500F 		.ascii	"&\227P\017\271S+,\220od8o\362\221=\261\002\363\205\367"
 463      B9532B2C 
 463      906F6438 
 463      6FF2913D 
 463      B102F385 
 464 1146 56EEE100 		.ascii	"V\356\341\000\276\325\177\310\323\360\021\244\341cH"
 464      BED57FC8 
 464      D3F011A4 
 464      E16348
 465 1155 C10700C3 		.ascii	"\301\007\000\303\000#\000c\000\243.\253\367h^\000\223"
 465      00230063 
 465      00A32EAB 
 465      F7685E00 
 465      93
 466 1166 062DE8BE 		.ascii	"\006-\350\276\273n\013O\003\255y\\9\322\337\357*\323"
 466      BB6E0B4F 
 466      03AD795C 
 466      39D2DFEF 
 466      2AD3
 467 1178 CB56C251 		.ascii	"\313V\302Q^\211\017\225*\2615\207\213v\234[\026\372"
 467      5E890F95 
 467      2AB13587 
 467      8B769C5B 
 467      16FA
 468 118a 65152FC4 		.ascii	"e\025/\304\372\236\301\023\030\347\321\220\010\233\323"
 468      FA9EC113 
 468      18E7D190 
 468      089BD3
 469 1199 A6F78B6E 		.ascii	"\246\367\213n\205\3500\037=\001\253_\325\003\274(\331"
 469      85E8301F 
 469      3D01AB5F 
 469      D503BC28 
 469      D9
 470 11aa 6A3B0193 		.ascii	"j;\001\223\306\245\274z\350(\312\331\244X\233n1\227"
 470      C6A5BC7A 
 470      E828CAD9 
 470      A4589B6E 
 470      3197
 471 11bc 95E04996 		.ascii	"\225\340I\226\352\205\202\310K\011C\355\327\\\336\316"
 471      EA8582C8 
 471      4B0943ED 
 471      D75CDECE 
 472 11cc FAD6A5B6 		.ascii	"\372\326\245\266\237:k\273\333v\344\236\037\255\034"
 472      9F3A6BBB 
 472      DB76E49E 
 472      1FAD1C
 473 11db 18E3D554 		.ascii	"\030\343\325TR\263g\312\327siO\321\312\231tT\316\316"
 473      52B367CA 
 473      D773694F 
 473      D1CA9974 
 473      54CECE
 474 11ee D1D6243D 		.ascii	"\321\326$=\257\234\271\3327\322\343\012\003\011\011"
 474      AF9CB9DA 
 474      37D2E30A 
 474      030909
 475 11fd BA235977 		.ascii	"\272#Yw\307Q5\323\264j\346\367\330k\365\270J\207^i\021"
ARM GAS  /tmp/ccd6YmU3.s 			page 38


 475      C75135D3 
 475      B46AE6F7 
 475      D86BF5B8 
 475      4A875E69 
 476 1212 9B65D5DC 		.ascii	"\233e\325\334x\375\354/\234{\221gl\254>\361\3229\301"
 476      78FDEC2F 
 476      9C7B9167 
 476      6CAC3EF1 
 476      D239C1
 477 1225 E3C23647 		.ascii	"\343\3026G\365|\356\320\263\345\302\335c\276\\O8\317"
 477      F57CEED0 
 477      B3E5C2DD 
 477      63BE5C4F 
 477      38CF
 478 1237 24ECE315 		.ascii	"$\354\343\025\016dhF\322u\306\241\353<\325\365\314\267"
 478      0E646846 
 478      D275C6A1 
 478      EB3CD5F5 
 478      CCB7
 479 1249 89A95A5C 		.ascii	"\211\251Z\\\317t\355h\353IT;\033!S\366\214m\254\315"
 479      CF74ED68 
 479      EB49543B 
 479      1B2153F6 
 479      8C6DACCD 
 480 125d F36B3D1B 		.ascii	"\363k=\033D\242C\254\350x\255';\263\002s\035.<P\227"
 480      44A243AC 
 480      E878AD27 
 480      3BB30273 
 480      1D2E3C50 
 481 1272 EFDB54F7 		.ascii	"\357\333T\367{J\204l\242S\003\370\3114\210\023\211\006"
 481      7B4A846C 
 481      A25303F8 
 481      C9348813 
 481      8906
 482 1284 2DB915CF 		.ascii	"-\271\025\317t\362P\316\271,\310\361\"\015%\371\006"
 482      74F250CE 
 482      B92CC8F1 
 482      220D25F9 
 482      06
 483 1295 E2A4A39D 		.ascii	"\342\244\243\235vQ+\2755@\036\222\310n\234\211\344%"
 483      76512BBD 
 483      35401E92 
 483      C86E9C89 
 483      E425
 484 12a7 BE207AB0 		.ascii	"\276 z\260\007\342\224\207\227\263u\376[y^\277\211\350"
 484      07E29487 
 484      97B375FE 
 484      5B795EBF 
 484      89E8
 485 12b9 CB8492EE 		.ascii	"\313\204\222\356\233D\177\307\034\212\220\310\314V\234"
 485      9B447FC7 
 485      1C8A90C8 
 485      CC569C
 486 12c8 E0AFFE68 		.ascii	"\340\257\376h\000\235\254*l\325{\224\226\340\220\266"
 486      009DAC2A 
 486      6CD57B94 
 486      96E090B6 
ARM GAS  /tmp/ccd6YmU3.s 			page 39


 487 12d8 59A4E29E 		.ascii	"Y\244\342\236$m\234\344\257\324\222\367R\034o\377,a"
 487      246D9CE4 
 487      AFD492F7 
 487      521C6FFF 
 487      2C61
 488 12ea 6FFFDC6A 		.ascii	"o\377\334j/o\322\273+\223$\006\240D\2210K\246\312$0"
 488      2F6FD2BB 
 488      2B932406 
 488      A0449130 
 488      4BA6CA24 
 489 12ff 6592A932 		.ascii	"e\222\2512\263\003}\267\275\345\216\231rqL\012wL\012"
 489      B3037DB7 
 489      BDE58E99 
 489      72714C0A 
 489      774C0A
 490 1312 75CCA5EE 		.ascii	"u\314\245\356\216\003HN<\341R\020\251\2348\225\022?"
 490      8E03484E 
 490      3CE15210 
 490      A99C3895 
 490      123F
 491 1324 AEE93BEA 		.ascii	"\256\351;\352\362\366U\277\013\347-\234x\013%N\331x"
 491      F2F655BF 
 491      0BE72D9C 
 491      780B254E 
 491      D978
 492 1336 20D60BB7 		.ascii	" \326\013\267\262\014\231\212\355:\243\365\270\346l"
 492      B20C998A 
 492      ED3AA3F5 
 492      B8E66C
 493 1345 A5D9F019 		.ascii	"\245\331\360\031O\206\363\333\212\267\351 \031\352`"
 493      4F86F3DB 
 493      8AB7E920 
 493      19EA60
 494 1354 4D3C97E7 		.ascii	"M<\227\3475\232|\001\326\304X\333\007\277&t(MJ\2104"
 494      359A7C01 
 494      D6C458DB 
 494      07BF2674 
 494      284D4A88 
 495 1369 D16D554C 		.ascii	"\321mUL\247\211Q<9\225\354\207\247\230\340\215\317\307"
 495      A789513C 
 495      3995EC87 
 495      A798E08D 
 495      CFC7
 496 137b 7BFD38B3 		.ascii	"{\3758\263\211d\365\201C\260\033\005\003\342\221H\271"
 496      8964F581 
 496      43B01B05 
 496      03E29148 
 496      B9
 497 138c 6548DC32 		.ascii	"eH\3342\334\271eRn\327\006\353C\360\006={\003\256bg"
 497      DCB96552 
 497      6ED706EB 
 497      43F0063D 
 497      7B03AE62 
 498 13a1 B51FDECA 		.ascii	"\265\037\336\312\220\344\372\263\371\032Hz\264\235\346"
 498      90E4FAB3 
 498      F91A487A 
 498      B49DE6
ARM GAS  /tmp/ccd6YmU3.s 			page 40


 499 13b0 2529BBE9 		.ascii	"%)\273\351\236\327h\025\324:\337\202k\250.{\356\347"
 499      9ED76815 
 499      D43ADF82 
 499      6BA82E7B 
 499      EEE7
 500 13c2 D1EE6C6A 		.ascii	"\321\356lj\367\016G\025\014\346eU\373r]'\313\274\266"
 500      F70E4715 
 500      0CE66555 
 500      FB725D27 
 500      CBBCB6
 501 13d5 94DA99E1 		.ascii	"\224\332\231\341\315\002\241D\333\034\272\242,Q$\230"
 501      CD02A144 
 501      DB1CBAA2 
 501      2C512498 
 502 13e5 ABBA3954 		.ascii	"\253\2729T\335\366\321\232\024_\334\316T,\211\3372\257"
 502      DDF6D19A 
 502      145FDCCE 
 502      542C89DF 
 502      32AF
 503 13f7 913C9994 		.ascii	"\221<\231\224\352\342\311\\\311\366\\wfy\224Y\357\256"
 503      EAE2C95C 
 503      C9F65C77 
 503      66799459 
 503      EFAE
 504 1409 A14C3DEE 		.ascii	"\241L=\356f\314.\234\332\323\245\226<y\323\315\223\371"
 504      66CC2E9C 
 504      DAD3A596 
 504      3C79D3CD 
 504      93F9
 505 141b 12B77C77 		.ascii	"\022\267|wn\005\224[\346\371\346\002/y\366\220\372\226"
 505      6E05945B 
 505      E6F9E602 
 505      2F79F690 
 505      FA96
 506 142d B26727CF 		.ascii	"\262g'\317\236\2354{\356WU'\373\340{L\364\320\320\356"
 506      9E9D347B 
 506      EE575527 
 506      FBE07B4C 
 506      F4D0D0EE 
 507 1441 6DFC85B8 		.ascii	"m\374\205\2707\310\033\035\231g\0124\254B\332\311Na"
 507      37C81B1D 
 507      99670A34 
 507      AC42DAC9 
 507      4E61
 508 1453 F7A5892C 		.ascii	"\367\245\211,-~\312h\237\354\270x\203\277o\376:\240"
 508      2D7ECA68 
 508      9FECB878 
 508      83BF6FFE 
 508      3AA0
 509 1465 45CFCF1C 		.ascii	"E\317\317\034\364\\\212{\035\245\270\207\225\342\225"
 509      F45C8A7B 
 509      1DA5B887 
 509      95E295
 510 1474 E7493D6A 		.ascii	"\347I=j\367b\333\015\305VH\213m\037-6:\211P\027\014"
 510      F762DB0D 
 510      C556488B 
 510      6D1F2D36 
ARM GAS  /tmp/ccd6YmU3.s 			page 41


 510      3A895017 
 511 1489 D6CFB994 		.ascii	"\326\317\271\224f\363\213\250'\272\033Nk~\260\307\326"
 511      66F38BA8 
 511      27BA1B4E 
 511      6B7EB0C7 
 511      D6
 512 149a 5E47B77A 		.ascii	"^G\267z\225w\343m\261\233`Q.\026\375Q\0218\017\266t"
 512      9577E36D 
 512      B19B6051 
 512      2E16FD51 
 512      11380FB6 
 513 14af B2C9BB60 		.ascii	"\262\311\273`\344\217\220\\\373\305\037\250\026\033"
 513      E48F905C 
 513      FBC51FA8 
 513      161B
 514 14bd 43FF181A 		.ascii	"C\377\030\032\362\221\331\024l5\375\322\034\025\361"
 514      F291D914 
 514      6C35FDD2 
 514      1C15F1
 515 14cc 6B5370B4 		.ascii	"kSp\264\367\257~\267\346\315\217V\255RyY?\217\2114\032"
 515      F7AF7EB7 
 515      E6CD8F56 
 515      AD527959 
 515      3F8F8934 
 516 14e1 ACFFB862 		.ascii	"\254\377\270bE\020\373\217\262\004\231\255Aa\221\306"
 516      4510FB8F 
 516      B20499AD 
 516      416191C6 
 517 14f1 F0981053 		.ascii	"\360\230\020S\2201\324\032\0123C,+BUZ\203!&,\322\372"
 517      9031D41A 
 517      0A33432C 
 517      2B42555A 
 517      8321262C 
 518 1507 CEDB06EB 		.ascii	"\316\333\006\353\237\202\242\242\255Ak\215\306\345\301"
 518      9F82A2A2 
 518      AD416B8D 
 518      C6E5C1
 519 1516 E688E591 		.ascii	"\346\210\345\221Q\221\246\345\246\340\317\302\226\277"
 519      5191A6E5 
 519      A6E0CFC2 
 519      96BF
 520 1524 B7FCED95 		.ascii	"\267\374\355\225\253~\266\374/o/\217\211\016\001yA."
 520      AB7EB6FC 
 520      2F6F2F8F 
 520      890E0179 
 520      412E
 521 1536 979D5C23 		.ascii	"\227\235\\#\202\215\241a\221\246 C\210\351\363\340\230"
 521      828DA161 
 521      91A62043 
 521      88E9F3E0 
 521      98
 522 1547 70ABC1BA 		.ascii	"p\253\301\272>\332DDx;\004\374\366\377&\300\262\336"
 522      3EDA4444 
 522      783B04FC 
 522      F6FF26C0 
 522      B2DE
 523 1559 1264B058 		.ascii	"\022d\260XC\200\033p\365\262F\233\303\242\014\326\367"
ARM GAS  /tmp/ccd6YmU3.s 			page 42


 523      43801B70 
 523      F5B2469B 
 523      C3A20CD6 
 523      F7
 524 156a E5461AA3 		.ascii	"\345F\032\243\"\"\242\"\203\242\243\314VK\320\207\177"
 524      2222A222 
 524      83A2A3CC 
 524      564BD087 
 524      7F
 525 157b F8E4A34F 		.ascii	"\370\344\243O\276\"c\321a\341&\263%\350W\037}Dl\347"
 525      BE2263D1 
 525      61E126B3 
 525      25E8571F 
 525      7D446CE7 
 526 158f 6A89C6D0 		.ascii	"j\211\306\320`\263\306\022\366?&\203u\315\253j\026\036"
 526      60B3C612 
 526      F63F2683 
 526      75CDAB6A 
 526      161E
 527 15a1 F6192173 		.ascii	"\366\031!s\323\360\275\025\357\254X%\351i\015\001\027"
 527      D3F0BD15 
 527      EFAC5825 
 527      E9690D01 
 527      17
 528 15b2 80044D28 		.ascii	"\200\004M(8\331d\026?7\233L\352\350\340\265&\213\030"
 528      38D96416 
 528      3F379B4C 
 528      EAE8E0B5 
 528      268B18
 529 15c5 69FACAAA 		.ascii	"i\372\312\252\016\016\017[\033\311\035\377\336\273\006"
 529      0E0E0F5B 
 529      1BC91DFF 
 529      DEBB06
 530 15d4 ABB7E387 		.ascii	"\253\267\343\207\326b\375\202^4X\377\371\245f\205\032"
 530      D662FD82 
 530      5E3458FF 
 530      F9A56685 
 530      1A
 531 15e5 A3CC2690 		.ascii	"\243\314&\220\342\013R\242\015\\T\214\305\024\"\022"
 531      E20B52A2 
 531      0D5C548C 
 531      C5142212 
 532 15f5 9B4432AA 		.ascii	"\233D2\252\227]\0021\321\346\250/\303\340\247>\302\024"
 532      975D0231 
 532      D1E6A82F 
 532      C3E0A73E 
 532      C214
 533 1607 B1D64493 		.ascii	"\261\326D\223\004\242\262\\AR\224\205\030*\345\013L"
 533      04A2B25C 
 533      41529485 
 533      182AE50B 
 533      4C
 534 1618 7048839F 		.ascii	"pH\203\237Q\346\365\204i4\216\260~\245\216Z\027i2{C"
 534      51E6F584 
 534      69348EB0 
 534      7EA58E5A 
 534      1769327B 
ARM GAS  /tmp/ccd6YmU3.s 			page 43


 535 162d 3A859378 		.ascii	":\205\223xx\301Px\230\305\352m\2126EB\244\326\372\232"
 535      78C15078 
 535      98C5EA6D 
 535      8A364542 
 535      A4D6FA9A 
 536 1641 BE34455A 		.ascii	"\2764EZ#\202-_\200\002\021\226\265\177\2111\305\230"
 536      23822D5F 
 536      80021196 
 536      B57F8931 
 536      C598
 537 1653 5E33861A 		.ascii	"^3\206\032x\012\032\350\200\030m6}\271\310e\310`\365"
 537      780A1AE8 
 537      80186D36 
 537      7DB9C865 
 537      C860F5
 538 1666 5A171C66 		.ascii	"Z\027\034f\005\026\213d\324\204\267\237\0341XQ\214\306"
 538      05168B64 
 538      D484B79F 
 538      1C315851 
 538      8CC6
 539 1678 B48E08D0 		.ascii	"\264\216\010\320\254\263\202\364h\370\262\230\"\242"
 539      ACB382F4 
 539      68F8B298 
 539      22A2
 540 1686 B131D2EA 		.ascii	"\2611\322\352c0\360\324\363\342\337j\030\205O*A\007"
 540      6330F0D4 
 540      F3E2DF6A 
 540      18854F2A 
 540      4107
 541 1698 7C813238 		.ascii	"|\20128:\024L\363\262\0205-k\325\000@\260\316j5G\373"
 541      3A144CF3 
 541      B210352D 
 541      6BD50040 
 541      B0CE6A35 
 542 16ae 334106B3 		.ascii	"3A\006\263\351s\223\331\024i\004\235\200y\324g\177\216"
 542      E97393D9 
 542      1469049D 
 542      8079D467 
 542      7F8E
 543 16c0 F6367D15 		.ascii	"\3666}\025f5F\205\2304\346\220\3650C\004\022\213\017"
 543      66354685 
 543      9834E690 
 543      F5304304 
 543      128B0F
 544 16d3 8BE8FB20 		.ascii	"\213\350\373 \315\361m%\343\300\356\363\360\340\265"
 544      CDF16D25 
 544      E3C0EEF3 
 544      F0E0B5
 545 16e2 162F6B04 		.ascii	"\026/k\004\314\000\314b\205T\362\266\322/\3022\370\263"
 545      CC00CC62 
 545      8554F2B6 
 545      D22FC232 
 545      F8B3
 546 16f4 608B498C 		.ascii	"`\213I\214\014\2160\251\243\302!>\352H\323:\223\031"
 546      0C8E30A9 
 546      A3C2213E 
 546      EA48D33A 
ARM GAS  /tmp/ccd6YmU3.s 			page 44


 546      9319
 547 1706 1BAD5F09 		.ascii	"\033\255_\011\226h!\234xw-$\234\301\212\315\253V\001"
 547      9668219C 
 547      78772D24 
 547      9CC18ACD 
 547      AB5601
 548 1719 AC14CCFF 		.ascii	"\254\024\314\377\"\230\337\027\314?\023\314\357\011"
 548      2298DF17 
 548      CC3F13CC 
 548      EF09
 549 1727 E69F0AE6 		.ascii	"\346\237\012\346w}In\020ca\222R@\025R\307\360\345\317"
 549      777D496E 
 549      10636192 
 549      52401552 
 549      C7F0E5CF 
 550 173b 2220A03A 		.ascii	"\" \240::\323\030\025i\205\324\024I\014}\234\376VGD"
 550      3AD31815 
 550      6985D414 
 550      490C7D9C 
 550      FE564744 
 551 174f 4745857B 		.ascii	"GE\205{s7X\275\341BD\014\320y\321O\203\365M\217\015"
 551      733758BD 
 551      E142440C 
 551      D079D14F 
 551      83F54D8F 
 552 1764 C6620C0D 		.ascii	"\306b\014\015\001\346\337\367H\000\221\202\353\313<"
 552      01E6DFF7 
 552      48009182 
 552      EBCB3C
 553 1773 33586F71 		.ascii	"3Xoq\024\252g&\020=\270\256\227\245\244\301\372\243"
 553      14AA6726 
 553      103DB8AE 
 553      97A5A4C1 
 553      FAA3
 554 1785 57486742 		.ascii	"WHgB\251\300\330b6\302\305\220\365\020\2110\343\012"
 554      A9C0D862 
 554      36C2C590 
 554      F5108930 
 554      E30A
 555 1797 A3EA75B7 		.ascii	"\243\352u\267&\373\011\225\363{p\211/$\201\311h5\220"
 555      26FB0995 
 555      F37B7089 
 555      2F2481C9 
 555      683590
 556 17aa 4AF3253E 		.ascii	"J\363%>\342E\266\342\325j\211\314 \226\351\244B4X\035"
 556      E245B6E2 
 556      D56A89CC 
 556      2096E9A4 
 556      4234581D 
 557 17be 66507656 		.ascii	"fPvVH\316\325\306\320?\005\177a\212\211^\375w"
 557      48CED5C6 
 557      D03F057F 
 557      618A895E 
 557      FD77
 558 17d0 324556C7 		.ascii	"2EV\307XHi\231B>V\223y\321\342:\300\324\353H\012\341"
 558      58486999 
 558      423E5693 
ARM GAS  /tmp/ccd6YmU3.s 			page 45


 558      79D1E23A 
 558      C0D4EB48 
 559 17e6 60F3DAC5 		.ascii	"`\363\332\305<X!&\213\321\034\026m\215\202\302\3677"
 559      3C582126 
 559      8BD11C16 
 559      6D8D82C2 
 559      F737
 560 17f8 8692F5E1 		.ascii	"\206\222\365\341\303\360\360(\343\207\244\275\230B|"
 560      C3F0F028 
 560      E387A4BD 
 560      98427C
 561 1807 8DA1C40E 		.ascii	"\215\241\304\016:\004\361^\275\336\362\333(\343\027"
 561      3A04F15E 
 561      BDDEF2DB 
 561      28E317
 562 1816 2FF0F47A 		.ascii	"/\360\364z\242\257\017\315\025\230\362\205\336\000\245"
 562      A2AF0FCD 
 562      1598F285 
 562      DE00A5
 563 1825 6335FCFB 		.ascii	"c5\374\373\207\253\377\343\367\177\370X\037\034\276"
 563      87ABFFE3 
 563      F77FF858 
 563      1F1CBE
 564 1834 2E78BD05 		.ascii	".x\275\005\362/\034V\200U\012N\200\334\012\372\350\223"
 564      F22F1C56 
 564      80550A4E 
 564      80DC0AFA 
 564      E893
 565 1846 D51FAF96 		.ascii	"\325\037\257\226xFX\302,\006\350\245\244\251P\015\326"
 565      784658C2 
 565      2C06E8A5 
 565      A4A9500D 
 565      D6
 566 1857 4412CE2C 		.ascii	"D\022\316,\223c\"\271\024\352\033\303\212\367V\256|"
 566      936322B9 
 566      14EA1BC3 
 566      8AF756AE 
 566      7C
 567 1868 D7DB81FD 		.ascii	"\327\333\201\375/\002\236\033:"
 567      2F029E1B 
 567      3A
 568              		.text
 569              		.section	.gnu.lto_.symtab.17abb19447086566,"",%progbits
 570 0000 63685468 		.ascii	"chThdCreateFromHeap\000"
 570      64437265 
 570      61746546 
 570      726F6D48 
 570      65617000 
 571 0014 00       		.ascii	"\000"
 572 0015 00       		.ascii	"\000"
 573 0016 00       		.ascii	"\000"
 574 0017 00000000 		.ascii	"\000\000\000\000\000\000\000\000"
 574      00000000 
 575 001f C0010000 		.ascii	"\300\001\000\000"
 576 0023 63685468 		.ascii	"chThdCreateFromMemoryPool\000"
 576      64437265 
 576      61746546 
ARM GAS  /tmp/ccd6YmU3.s 			page 46


 576      726F6D4D 
 576      656D6F72 
 577 003d 00       		.ascii	"\000"
 578 003e 00       		.ascii	"\000"
 579 003f 00       		.ascii	"\000"
 580 0040 00000000 		.ascii	"\000\000\000\000\000\000\000\000"
 580      00000000 
 581 0048 DE010000 		.ascii	"\336\001\000\000"
 582 004c 63685363 		.ascii	"chSchWakeupS\000"
 582      6857616B 
 582      65757053 
 582      00
 583 0059 00       		.ascii	"\000"
 584 005a 02       		.ascii	"\002"
 585 005b 00       		.ascii	"\000"
 586 005c 00000000 		.ascii	"\000\000\000\000\000\000\000\000"
 586      00000000 
 587 0064 E3010000 		.ascii	"\343\001\000\000"
 588 0068 63685468 		.ascii	"chThdCreateSuspendedI\000"
 588      64437265 
 588      61746553 
 588      75737065 
 588      6E646564 
 589 007e 00       		.ascii	"\000"
 590 007f 02       		.ascii	"\002"
 591 0080 00       		.ascii	"\000"
 592 0081 00000000 		.ascii	"\000\000\000\000\000\000\000\000"
 592      00000000 
 593 0089 F9010000 		.ascii	"\371\001\000\000"
 594 008d 63684865 		.ascii	"chHeapAllocAligned\000"
 594      6170416C 
 594      6C6F6341 
 594      6C69676E 
 594      656400
 595 00a0 00       		.ascii	"\000"
 596 00a1 02       		.ascii	"\002"
 597 00a2 00       		.ascii	"\000"
 598 00a3 00000000 		.ascii	"\000\000\000\000\000\000\000\000"
 598      00000000 
 599 00ab FF010000 		.ascii	"\377\001\000\000"
 600 00af 6368506F 		.ascii	"chPoolAlloc\000"
 600      6F6C416C 
 600      6C6F6300 
 601 00bb 00       		.ascii	"\000"
 602 00bc 02       		.ascii	"\002"
 603 00bd 00       		.ascii	"\000"
 604 00be 00000000 		.ascii	"\000\000\000\000\000\000\000\000"
 604      00000000 
 605 00c6 03020000 		.ascii	"\003\002\000\000"
 606              		.text
 607              		.section	.gnu.lto_.opts,"",%progbits
 608 0000 272D666D 		.ascii	"'-fmath-errno' '-fsigned-zeros' '-ftrapping-math' '"
 608      6174682D 
 608      6572726E 
 608      6F272027 
 608      2D667369 
 609 0033 2D666E6F 		.ascii	"-fno-trapv' '-fno-openmp' '-fno-openacc' '-mcpu=cor"
ARM GAS  /tmp/ccd6YmU3.s 			page 47


 609      2D747261 
 609      70762720 
 609      272D666E 
 609      6F2D6F70 
 610 0066 7465782D 		.ascii	"tex-m3' '-mno-thumb-interwork' '-mthumb' '-ggdb' '-"
 610      6D332720 
 610      272D6D6E 
 610      6F2D7468 
 610      756D622D 
 611 0099 4F322720 		.ascii	"O2' '-fomit-frame-pointer' '-falign-functions=16' '"
 611      272D666F 
 611      6D69742D 
 611      6672616D 
 611      652D706F 
 612 00cc 2D666675 		.ascii	"-ffunction-sections' '-fdata-sections' '-fno-common"
 612      6E637469 
 612      6F6E2D73 
 612      65637469 
 612      6F6E7327 
 613 00ff 2720272D 		.ascii	"' '-flto'\000"
 613      666C746F 
 613      2700
 614              		.text
 615              		.comm	__gnu_lto_v1,1,1
 616              		.comm	__gnu_lto_slim,1,1
 617              		.ident	"GCC: (GNU Tools for ARM Embedded Processors 6-2017-q2-update) 6.3.1 20170620 (release) [AR
ARM GAS  /tmp/ccd6YmU3.s 			page 48


DEFINED SYMBOLS
                            *ABS*:0000000000000000 chdynamic.c
                            *COM*:0000000000000001 __gnu_lto_v1
                            *COM*:0000000000000001 __gnu_lto_slim

NO UNDEFINED SYMBOLS
