ARM GAS  /tmp/cc2VhiP6.s 			page 1


   1              		.cpu cortex-m3
   2              		.eabi_attribute 20, 1
   3              		.eabi_attribute 21, 1
   4              		.eabi_attribute 23, 3
   5              		.eabi_attribute 24, 1
   6              		.eabi_attribute 25, 1
   7              		.eabi_attribute 26, 1
   8              		.eabi_attribute 30, 2
   9              		.eabi_attribute 34, 1
  10              		.eabi_attribute 18, 4
  11              		.file	"chmemcore.c"
  12              		.text
  13              	.Ltext0:
  14              		.section	.gnu.lto_.profile.48f94b74d4aaa7bf,"",%progbits
  15 0000 789C6365 		.ascii	"x\234ce`b`a```d\320\327\006\000\001\011\000g"
  15      60626061 
  15      60606064 
  15      D0D70600 
  15      01090067 
  16              		.text
  17              		.section	.gnu.lto_.icf.48f94b74d4aaa7bf,"",%progbits
  18 0000 789C6365 		.ascii	"x\234ce`bP`@\000V\2063\337V\335eb\354\377\373\3769/"
  18      60625060 
  18      40005686 
  18      33DF56DD 
  18      6562ECFF 
  19 0018 CBBFB327 		.ascii	"\313\277\263'n\260\263\316=1y\022\017\333\246{\347\333"
  19      6EB0B3CE 
  19      3D317912 
  19      0FDBA67B 
  19      E7DB
  20 002a D9180014 		.ascii	"\331\030\000\024\226\017\353"
  20      960FEB
  21              		.text
  22              		.section	.gnu.lto_.jmpfuncs.48f94b74d4aaa7bf,"",%progbits
  23 0000 789C6365 		.ascii	"x\234ce`b\220b@\000\026\020ffddd\257\257\257g\2051\330"
  23      60629062 
  23      40001610 
  23      66666464 
  23      64AFAFAF 
  24 0018 80A20026 		.ascii	"\200\242\000&\353\003I"
  24      EB0349
  25              		.text
  26              		.section	.gnu.lto_.inline.48f94b74d4aaa7bf,"",%progbits
  27 0000 789C6365 		.ascii	"x\234ce`b\250`@\000\026\006\006V\026F\006&\226\005\362"
  27      6062A860 
  27      40001606 
  27      06561646 
  27      06269605 
  28 0015 0C6C0BE4 		.ascii	"\014l\013\344\231 b\302B\214L\214\012\214@6\210`\221"
  28      992062C2 
  28      428C4C8C 
  28      0A8C4036 
  28      886091
  29 0028 D8B29511 		.ascii	"\330\262\225\021\"\313\366A\217\207\201\351\002?\013"
  29      22CBF641 
  29      8F8781E9 
ARM GAS  /tmp/cc2VhiP6.s 			page 2


  29      023F0B
  30 0037 481D2B83 		.ascii	"H\035+\203\250\010#\023X\011X1\213\314\225+h\3528@\352"
  30      A8082313 
  30      58095831 
  30      8BCC952B 
  30      68EA3840 
  31 004c D818D858 		.ascii	"\330\030\330X\201V\000\305\340V0\000\0005%\016\007"
  31      815600C5 
  31      E0563000 
  31      0035250E 
  31      07
  32              		.text
  33              		.section	.gnu.lto_.pureconst.48f94b74d4aaa7bf,"",%progbits
  34 0000 789C6365 		.ascii	"x\234ce`b\340b```a\220`\221`\335\305\310\306\002\000"
  34      6062E062 
  34      60606061 
  34      90609160 
  34      DDC5C8C6 
  35 0016 05C00114 		.ascii	"\005\300\001\024"
  36              		.text
  37              		.section	.gnu.lto__core_init.48f94b74d4aaa7bf,"",%progbits
  38 0000 789C8591 		.ascii	"x\234\205\221\315K\033A\030\306\337g&\211\241\030J\301"
  38      CD4B1B41 
  38      18C6DF67 
  38      2689A118 
  38      4AC1
  39 0012 83580FBD 		.ascii	"\203X\017\275\344\020(\331\263\377@\377\215E\267\013"
  39      E41028D9 
  39      B3FF40FF 
  39      8D45B70B 
  40 0022 0A8D1103 		.ascii	"\012\215\021\003\275f\"h\332\224\246Eh\325B\331\205"
  40      BD662268 
  40      DA94A645 
  40      68D542D9 
  40      85
  41 0033 1CFC6835 		.ascii	"\034\374h5Fc\315\366\322\020z,\012\202\024,\224\"V\260"
  41      4663CDF6 
  41      D2107A2C 
  41      0A82142C 
  41      942256B0 
  42 0047 B4A7D243 		.ascii	"\264\247\322C\005?\336\231,~\025\3540\303\274;\363>"
  42      053FDE99 
  42      2C7E15EC 
  42      30C3BC3B 
  42      F33E
  43 0059 CFFEDE77 		.ascii	"\317\376\336w\242$\310\021D\367\210\3506/H\202x\276"
  43      A224C811 
  43      44F788E8 
  43      362F4882 
  43      78BE
  44 006b 4154880B 		.ascii	"AT\210\013@\007*\016\312\013\344\361LNI\264\212\373"
  44      40072A0E 
  44      CA0BE4F1 
  44      4C4E49B4 
  44      8AFB
  45 007d 8148CD2A 		.ascii	"\201H\315*\036\315\251\255\330\204\032\357\366$\321"
  45      1ECDA9AD 
ARM GAS  /tmp/cc2VhiP6.s 			page 3


  45      D8841AEF 
  45      F624D1
  46 008c 0C2F3D30 		.ascii	"\014/=0\213\024q\332\237\322\357\357\011y\027:\366?"
  46      8B1471DA 
  46      9FD2EFEF 
  46      0979173A 
  46      F63F
  47 009e B4366F26 		.ascii	"\2646o&+\352\033K\366_uM*\177ZE<\011\314A\206:\035\222"
  47      2BEA1B4B 
  47      F65F754D 
  47      2A7F5A45 
  47      3C09CC41 
  48 00b6 CEFDBC57 		.ascii	"\316\375\274W\257A\366\031\335\327`\251\026\013u;=\005"
  48      AF41F619 
  48      DDD760A9 
  48      160B753B 
  48      3D05
  49 00c8 D52ADCD1 		.ascii	"\325*\334\321\252\205s\325B\250\332\255\035\277H\304"
  49      AA8573D5 
  49      42A8DAAD 
  49      1DBF48C4 
  50 00d8 22788324 		.ascii	"\"x\203$\346\221l\323\340-b\340\275\272\205\246:>)\252"
  50      E6916CD3 
  50      E02D62E0 
  50      BDBA85A6 
  50      3A3E29AA 
  51 00ec E6464FB5 		.ascii	"\346FO\265\276w+BT\342{]\332\023)\364.\0170vX<Zk@k\330"
  51      BE772B42 
  51      54E27B5D 
  51      DA1329F4 
  51      2E0F3076 
  52 0107 EFE5786B 		.ascii	"\357\345xk\263\243,=)\014H\020\374\374\322\221?Rq>\250"
  52      B3A32C3D 
  52      290C4810 
  52      FCFCD291 
  52      3F52713E 
  53 011c 686B3EFB 		.ascii	"hk>\373\361i\373\343\015\017\257\341I\211%\356\316\""
  53      F169FBE3 
  53      0D0FAFE1 
  53      498925EE 
  53      CE22
  54 012e 7ACD45B9 		.ascii	"z\315E\271\261\3748n-\352\006\371\017=\031A\025\036"
  54      B1FC386E 
  54      2DEA06F9 
  54      0F3D1941 
  54      151E
  55 0140 A60D3096 		.ascii	"\246\0150\226a]t\217^u\217V$\256\272\003+\354^\013\335"
  55      615D748F 
  55      5E758F56 
  55      24AEBA03 
  55      2BEC5E0B 
  56 0155 FDC3BFDB 		.ascii	"\375\303\277\333\235\234\374\210\335w\241-V\331\236"
  56      9D9CFC88 
  56      DD77A12D 
  56      56D99E
  57 0164 ADEBC893 		.ascii	"\255\353\310\223)\343\351\372Y\031\377\345^\273\216"
  57      29E3E9FA 
ARM GAS  /tmp/cc2VhiP6.s 			page 4


  57      5919FFE5 
  57      5EBB8E
  58 0173 FB9DE1D6 		.ascii	"\373\235\341\326\035\304\272\341\276\014*\376\005m\\"
  58      1DC4BAE1 
  58      BE0C2AFE 
  58      056D5C
  59 0182 0B1AB441 		.ascii	"\013\032\264A\3373\350/\214\371\225\262\3014\017Y\342"
  59      DF33E82F 
  59      8CF995B2 
  59      C1340F59 
  59      E2
  60 0193 DFF03BB0 		.ascii	"\337\360;\260e*\235\266\3323\233\263\234l&\223\035\346"
  60      652A9DB6 
  60      DA339BB3 
  60      9C6C2693 
  60      1DE6
  61 01a5 E8C1D080 		.ascii	"\350\301\320\200\225\033u,g0\343f\234\354\250\233v\250"
  61      951B752C 
  61      6730E366 
  61      9CECA89B 
  61      76A8
  62 01b7 D3B607DD 		.ascii	"\323\266\007\335\376\021\333\035\276o\333\211\360c\240"
  62      FE11DB1D 
  62      BE6FDB89 
  62      F063A0
  63 01c6 3FE7DAF6 		.ascii	"?\347\332\366)\360R\346\311"
  63      29F052E6 
  63      C9
  64              		.text
  65              		.section	.gnu.lto_chCoreAllocAlignedWithOffsetI.48f94b74d4aaa7bf,"",%progbits
  66 0000 789C8D54 		.ascii	"x\234\215TYkSA\024>\347\316\334\334\2204I\233\"\370"
  66      596B5341 
  66      143EE7CE 
  66      DCDC9034 
  66      499B22F8 
  67 0014 10A40F96 		.ascii	"\020\244\017\226R\220\004A\360M\037T\360/\370\246\206"
  67      52900441 
  67      F04D1F54 
  67      F02FF8A6 
  67      86
  68 0025 A805D388 		.ascii	"\250\005\323\210\021\021_zm\272\020\213Z\225\264*\246"
  68      11115F7A 
  68      6DBA108B 
  68      5A95B42A 
  68      A6
  69 0036 51A3B8C6 		.ascii	"Q\243\270\306\266\356uKq\243\340\332b\245\326\255hD"
  69      B6EE754B 
  69      71A3E0DA 
  69      62A5D6AD 
  69      6844
  70 0048 23155414 		.ascii	"#\025T\024qi\3539sSk\245\210\227d2\363\315\367\335\371"
  70      7169EB39 
  70      73536BA5 
  70      88976432 
  70      F3CDF7DD 
  71 005d CE3787E8 		.ascii	"\3167\207\350\240\301c\011\260\020\000\026\321\027m"
  71      A0C16309 
ARM GAS  /tmp/cc2VhiP6.s 			page 5


  71      B0100016 
  71      D1176D
  72 006c 805AF33D 		.ascii	"\200Z\363=\200MvM\323\337\032`:\304\221[\000f\221(,"
  72      804D764D 
  72      D3DF1A60 
  72      3AC4915B 
  72      00669128 
  73 0081 A5B594A8 		.ascii	"\245\265\224\250[4\035\221'\246\035\241F\023R\307\032"
  73      5B341D91 
  73      27A61DA1 
  73      461352C7 
  73      1A
  74 0092 DC265A05 		.ascii	"\334&Z\005\366\326u\354\025[EJ\000JZ~\274\273\347\225"
  74      F6D675EC 
  74      155B454A 
  74      004A5A7E 
  74      BCBBE795 
  75 00a6 9B978865 		.ascii	"\233\227\210e\274\373\356M\235\263\362\260i\326\232"
  75      BCFBEE4D 
  75      9DB3F2B0 
  75      69D69A
  76 00b5 DDAD0F8C 		.ascii	"\335\255\017\214\326X\375\342\224\320`7\261\217\240"
  76      D658FDE2 
  76      94D06037 
  76      B18FA0
  77 00c4 0F0FA38F 		.ascii	"\017\017\243\217\315\034\305J\342\036\330\324\177\333"
  77      CD1CC54A 
  77      E21ED8D4 
  77      7FDB
  78 00d2 256621D0 		.ascii	"%f!\320\2741s%\357\2568\244t\271\2040g\246\204\300c"
  78      BC317325 
  78      EFAE38A4 
  78      74B98430 
  78      67A684C0 
  79 00e7 28FE1412 		.ascii	"(\376\024\022\004x\034+\210\336\374cd\310\020\263\225"
  79      04781C2B 
  79      88DEFC63 
  79      64C810B3 
  79      95
  80 00f8 34B67F30 		.ascii	"4\266\1770+\013\322{m\276D\314\244#%\236\370[,\0013"
  80      2B0BD27B 
  80      6DBE44CC 
  80      A423259E 
  80      F85B2C01 
  81 010d 4AFC79E7 		.ascii	"J\374y\347\340\013\267\230\253\304_\317\235\275\255"
  81      E00BB798 
  81      ABC45FCF 
  81      9DBDAD
  82 011c 17C48FDA 		.ascii	"\027\304\217\332\246[b\201'\2478\271\035+X\321\374\364"
  82      A65B6281 
  82      27A738B9 
  82      1D2B58D1 
  82      FCF4
  83 012e DB65A798 		.ascii	"\333e\247\230\247\324\271\237\211\006{yZ\251\237\267"
  83      A7D4B99F 
  83      89067B79 
  83      5AA99FB7 
ARM GAS  /tmp/cc2VhiP6.s 			page 6


  84 013e 15EF8899 		.ascii	"\025\357\210\231=\246L\011\035;&\353\371!\372\235\356"
  84      3DA64C09 
  84      1D3B26EB 
  84      F921FA9D 
  84      EE
  85 014f 78BB432C 		.ascii	"x\273C,P\322\321\276\374\007\275 \315m\027\346ASc\341"
  85      50D2D1BE 
  85      FC07BD20 
  85      CD6D17E6 
  85      415363E1 
  86 0163 A929852F 		.ascii	"\251)\205/;G\023.\233\304\323X\216\235X\236\026\300"
  86      3B47132E 
  86      9BC4D358 
  86      8E9D589E 
  86      16C0
  87 0175 89529067 		.ascii	"\211R\220g\320\206\000\332\370F{\037v\233\243c\215T"
  87      D08600DA 
  87      F8467B1F 
  87      769BA363 
  87      8D54
  88 0187 CB8CE133 		.ascii	"\313\214\3413\267\274\323\220\254kt5T\270D\316N\347"
  88      B7BCD390 
  88      AC6B7435 
  88      54B844CE 
  88      4EE7
  89 0199 206C3C18 		.ascii	" l<\030<\330U\240\016\232\352N\344\012\213x\352\342"
  89      3CD855A0 
  89      0E9AEA4E 
  89      E40A8B78 
  89      EAE2
  90 01ab 2D370F1E 		.ascii	"-7\017\036\036\212y(\001>\304\013|L)\223\0006\223\005"
  90      1E8A7928 
  90      013EC40B 
  90      7C4C2993 
  90      00369305 
  91 01bf 6E9126BA 		.ascii	"n\221&\272`\372\025y\214\2654l\311\256bWI\241'\205H"
  91      60FA1579 
  91      8CB5346C 
  91      C9AE6257 
  91      49A12785 
  92 01d4 52E80A45 		.ascii	"R\350\012E\013c\230\312y\326s\364\270j!\211c\364x\360"
  92      0B6398CA 
  92      79D673F4 
  92      B86A2189 
  92      63F478F0 
  93 01e8 2C959AC7 		.ascii	",\225\232\307\332\201q\236AZ\026\376l\210\013\013\261"
  93      DA81719E 
  93      415A16FE 
  93      6C880B0B 
  93      B1
  94 01f9 2BB101AF 		.ascii	"+\261\001\257\261\266LUM\266\011e\325\305\374\267\353"
  94      B1B64C55 
  94      4DB60965 
  94      D5C5FCB7 
  94      EB
  95 020a 0E8BE5A0 		.ascii	"\016\213\345\240\227\267\324_\273o\360\313m*\347\256"
  95      97B7D45F 
ARM GAS  /tmp/cc2VhiP6.s 			page 7


  95      BB6FF0CB 
  95      6D2AE7AE 
  96 021a AEE12746 		.ascii	"\256\341'F\315\210i' -P\305\371\356N\377\015G\012\223"
  96      CD886927 
  96      202D50C5 
  96      F9EE4EFF 
  96      0D470A93 
  97 022e 9812069E 		.ascii	"\230\022\006\236\247\306>\307Q\323\306\326\013\035q"
  97      A7C63EC7 
  97      51D3C6D6 
  97      0B1D71
  98 023d 7B2063D2 		.ascii	"{ c\322S\306\267q\001S\270\213\203\006\354\302\000;"
  98      53C6B771 
  98      0153B88B 
  98      8306ECC2 
  98      003B
  99 024f DA3B6EB1 		.ascii	"\332;n\261\210NK\012'\033\370\324X\300\\\004O\252\327"
  99      884E4B0A 
  99      271BF8D4 
  99      58C05C04 
  99      4FAAD7
 100 0262 AD32704D 		.ascii	"\2552pM\302<\004\027\012\246\372\012`\261\252\331c\275"
 100      C23C0417 
 100      0AA6FA0A 
 100      60B1AAD9 
 100      63BD
 101 0274 6D898595 		.ascii	"m\211\205\225\020<Q/\205O\220e!\223]jQ\274\212e\237"
 101      103C512F 
 101      854F9065 
 101      21935D6A 
 101      51BC8A65 
 102 0289 607532CB 		.ascii	"`u2\313k\2452\222v[\254\322\377\211\341\342?b\270\244"
 102      6BA53292 
 102      765BACD2 
 102      FF89E1E2 
 102      3F62B8A4 
 103 029d 62408EE1 		.ascii	"b@\216\3412\305\220\303\272\201\353s~;(U]\332D7F\377"
 103      32C590C3 
 103      BA81EB73 
 103      7E3B2855 
 103      5DDA4437 
 104 02b3 20426D3E 		.ascii	" Bm>\224\205\373`3\326\256\204\203\363\251Cj[\362\361"
 104      9485FB60 
 104      33D6AE84 
 104      83F3A943 
 104      6A5BF2F1 
 105 02c7 9B4EDEFD 		.ascii	"\233N\336\375\037SW\2466\265o=\273\272:q9Y\014X'5Q_"
 105      1F5357A6 
 105      36B56F3D 
 105      BBBA3A71 
 105      39590C58 
 106 02df 722BBE47 		.ascii	"r+\276G\015\222\312\361\027D\364\373\304\340\330\020"
 106      0D92CAF1 
 106      1744F4FB 
 106      C4E0D810 
 107 02ef 5258F2FB 		.ascii	"RX\362\373\201^^k\274\246\006Ffk\000\225~\177\300\372"
 107      815E5E6B 
ARM GAS  /tmp/cc2VhiP6.s 			page 8


 107      BCA60646 
 107      666B0095 
 107      7E7FC0FA 
 108 0303 44A28160 		.ascii	"D\242\201`$\034\216T\323lu\325\362@tm0\020\\\025\016"
 108      241C8E54 
 108      D36C75D5 
 108      F240746D 
 108      30105C15 
 109 0318 858391B5 		.ascii	"\205\203\221\265!\177\020d\264jcH_\266\272je\265-\262"
 109      217F1064 
 109      B46A6348 
 109      5FB6BA6A 
 109      65B52DB2 
 110 032c 624534B4 		.ascii	"bE4\264NV\2076\254\3035\277\000\301\203\223~"
 110      4E568736 
 110      ACC335BF 
 110      00C18393 
 110      7E
 111              		.text
 112              		.section	.gnu.lto_chCoreAllocAlignedWithOffset.48f94b74d4aaa7bf,"",%progbits
 113 0000 789C8D55 		.ascii	"x\234\215UkLTW\020>s\317\275\273\353.,\217\037m\322"
 113      6B4C5457 
 113      103E73CF 
 113      BDBBEB2E 
 113      2C8F1F6D 
 114 0015 90744D4A 		.ascii	"\220tMJ\224\306\26251\361O\323G\214I\373\203?\372\253"
 114      94C6B235 
 114      31F14FD3 
 114      478C49FB 
 114      833FFAAB 
 115 0029 BFA86E57 		.ascii	"\277\250nW\331\004X\262\213D\373\207\353\202 \245\365"
 115      D90458B2 
 115      8B44FB87 
 115      EB8220A5 
 115      F5
 116 003a 51C3CB4A 		.ascii	"Q\303\313J\227\252\215\012\345\251\240(\257\362\252"
 116      97AA8D0A 
 116      E5A9A028 
 116      AFF2AA
 117 0049 16D48260 		.ascii	"\026\324\202`)\320bA\305U\333(i\255\266\262t\346\334"
 117      29D06241 
 117      C555DB28 
 117      69ADB6B2 
 117      74E6DC
 118 005c 0BB2B0B1 		.ascii	"\013\262\260\261\336\354\236\275gf\27693\337\314\231"
 118      DEEC9EBD 
 118      6766BE39 
 118      33DFCC99 
 119 006c 5598C42E 		.ascii	"U\230\304.\231\030\273\315\030\333\210_00\220\016\\"
 119      9918BBCD 
 119      18DB885F 
 119      3030900E 
 119      5C
 120 007d 616CB749 		.ascii	"al\267I\222\224;F\246\232\371\311^\306\324\010\256o"
 120      92943B46 
 120      A69AF9C9 
 120      5EC6D408 
ARM GAS  /tmp/cc2VhiP6.s 			page 9


 120      AE6F
 121 008f 656D2B83 		.ascii	"em+\203\242\231)\000\364\242\232\200eK\\V \033\366\363"
 121      A2992900 
 121      F4A29A80 
 121      654B5C56 
 121      201BF6F3 
 122 00a3 120E03B9 		.ascii	"\022\016\003\271uG\370>\356\347\014d\334>\274|x\312"
 122      7547F83E 
 122      EEE70C64 
 122      DC3EBC7C 
 122      78CA
 123 00b5 4A5B001B 		.ascii	"J[\000\033i\357N\347Z\022N\250\252O\355(\0311\227\344"
 123      69EF4EE7 
 123      5A124EA8 
 123      AA4FED28 
 123      193197E4 
 124 00c9 EC79DFCF 		.ascii	"\354y\337\317%V\206\326'!\016N@\034\005s\012\022\320"
 124      255686D6 
 124      27210E4E 
 124      401C0573 
 124      0A12D0
 125 00dc F6E8EEE1 		.ascii	"\366\350\356\341\276H\276\006\030\276\347W\267\006\254"
 125      BE48BE06 
 125      18BEE757 
 125      B706AC
 126 00eb ABBE11B8 		.ascii	"\253\276\021\270\361\"\256\276\346\347\034*\201/\006"
 126      F122AEBE 
 126      E6E71C2A 
 126      812F06
 127 00fa A2884115 		.ascii	"\242\210A\025\254B\363\003\377\316\3360\362\265\002"
 127      AC42F303 
 127      FFCEDE30 
 127      F2B502
 128 0109 9AF3F568 		.ascii	"\232\363\365h\273\254C\377\250|\245(G\305#e\370v)Xf"
 128      BBAC43FF 
 128      A87CA528 
 128      47C52365 
 128      F8762958 
 129 011e 502DC07F 		.ascii	"P-\300\177\036\032\235\260\362\365\002\374wSc\237\242"
 129      1E1A9DB0 
 129      F2F502FC 
 129      7753639F 
 129      A2
 130 012f 831F55BE 		.ascii	"\203\037U\276\244\2019\324\2049\271\026V\021\242\277"
 130      A48139D4 
 130      8439B916 
 130      5611A2BF 
 131 013f A3A0D6CC 		.ascii	"\243\240\326\314\337\026\350\361\275\301\263r\3741\201"
 131      DF16E8F1 
 131      BDC1B372 
 131      FC3181
 132 014e 0E56C61E 		.ascii	"\016V\306\036\314Q/\2522\346\013u\241xz\320|\262>X\024"
 132      CC512FAA 
 132      32E60B75 
 132      A1787AD0 
 132      7CB23E58 
 133 0163 6990A11E 		.ascii	"i\220\241\036\342\211\021$\242\001\014\300\030\321Z"
ARM GAS  /tmp/cc2VhiP6.s 			page 10


 133      E2891124 
 133      A2010CC0 
 133      18D15A
 134 0172 7CE771D0 		.ascii	"|\347q\320\250\273\272]i-S;rma8\240\007NC<q0\376\244"
 134      A8BBBA5D 
 134      692D533B 
 134      726D6138 
 134      A0074E43 
 135 018b C5C2DF15 		.ascii	"\305\302\337\025\201\334|Z\224g\322\321\277~\025\375"
 135      81DC7C5A 
 135      9467D2D1 
 135      BF7E15FD 
 136 019b 851E8802 		.ascii	"\205\036\210\002g\302\300\033\005<8\030x\240\350\220"
 136      67C2C01B 
 136      053C3818 
 136      78A0E890 
 137 01ab 9B07B97A 		.ascii	"\233\007\271z\\\225\010\020&rh\202\370\332A\350P\203"
 137      5C950810 
 137      26726882 
 137      F8DA41E8 
 137      5083
 138 01bd 73F9C8D2 		.ascii	"s\371\310\322\353\367\316L\304\276,\001\225\002\253"
 138      EBF7CE4C 
 138      C4BE2C01 
 138      9502AB
 139 01cc 8E9CCA40 		.ascii	"\216\234\312@\344(\304\261\201\026#-&\021\347\012|U"
 139      E428C4B1 
 139      8116232D 
 139      2611E70A 
 139      7C55
 140 01de CCB45848 		.ascii	"\314\264XH\030AK$-VZ\242\204\357h\021R\014\031\3052"
 140      18414B24 
 140      2D565AA2 
 140      84EF6811 
 140      520C19C5 
 141 01f3 EA16F629 		.ascii	"\352\026\366)\222C\315W\210\033\374\345\267@\242,\247"
 141      9243CD57 
 141      881BFCE5 
 141      B740A22C 
 141      A7
 142 0204 5BF28780 		.ascii	"[\362\207\200o\024\0317\266\215\224\232\365\360'\312"
 142      6F141937 
 142      B68D949A 
 142      F5F027CA 
 143 0214 561FCEE9 		.ascii	"V\037\316\351\373L\255\360E\373\271\001\316\206I\341"
 143      FB4CADF0 
 143      45FBB901 
 143      CE8649E1 
 144 0224 9CC8393F 		.ascii	"\234\3109?\240\266\312\324\254\006\260A3\352\356\202"
 144      A0B6CAD4 
 144      AC06B041 
 144      33EAEE82 
 145 0234 6F727A7F 		.ascii	"orz\177\335 ,T'W\305\247\343\320\214Y\024\247\214\003"
 145      DD202C54 
 145      2757C5A7 
 145      E3D08C59 
 145      14A78C03 
ARM GAS  /tmp/cc2VhiP6.s 			page 11


 146 0248 5BA21AAB 		.ascii	"[\242\032\253\266%38O:i\231\256l\365\227\234\316bp\201"
 146      B6253338 
 146      4F3A6999 
 146      AE6CF597 
 146      9CCE6270 
 147 025d 0CF8A2AA 		.ascii	"\014\370\242\2523h\301K\310\240\225J\016\254\217\216"
 147      3368C14B 
 147      C8A0954A 
 147      0EAC8F8E 
 148 026d 3CEA6F78 		.ascii	"<\352oxl^9\016~\265\024\213m$\353\352\251\013\252IF"
 148      6C5E390E 
 148      7EB5148B 
 148      6D24EBEA 
 148      A90BAA49 
 149 0282 0EA00D56 		.ascii	"\016\240\015V\212\256yp\177hLB\011\264\203,\202f\320"
 149      8AAE7970 
 149      7F684C42 
 149      09B4832C 
 149      8266D0
 150 0295 21AEDEC9 		.ascii	"!\256\336\311\266\256[\021+'t\264\211lgj\032\206-\002"
 150      B6AE5B11 
 150      2B2774B4 
 150      896C676A 
 150      1A862D02 
 151 02a9 FD1DA1A1 		.ascii	"\375\035\241\241\023dv\013|6A\000\243\327\033\005\315"
 151      1364760B 
 151      7C364100 
 151      A3D71B05 
 151      CD
 152 02ba 8A683B2C 		.ascii	"\212h;,N9f@Z\332#\370\322T\347=iY\013.\273I\202\317"
 152      4E396640 
 152      5ADA23F8 
 152      D254E73D 
 152      69590B2E 
 153 02d2 2E427342 		.ascii	".BsBWL\027q\335\301\303\275\223\365\221az\270&\214\203"
 153      574C1771 
 153      DDC1C3BD 
 153      93F59161 
 153      7AB8268C 
 154 02e7 6E7220B3 		.ascii	"nr \263\000\344\024\347}\336\236\262\204\310\353Uf\262"
 154      00E414E7 
 154      7DDE9EB2 
 154      84C8EB55 
 154      66B2
 155 02f9 A0632850 		.ascii	"\240c(P\275\026\362\342K\204\215Cm\303\240G\320\332"
 155      BD16F2E2 
 155      4B848D43 
 155      6DC3A047 
 155      D0DA
 156 030b 0B8672AE 		.ascii	"\013\206r\256`F\024\326\274WMJ\012\004\376r\361T\225"
 156      604614D6 
 156      BC574D4A 
 156      0A04FE72 
 156      F15495
 157 031e 185C32CC 		.ascii	"\030\\2\314\341\023\005\337c,\001\360\215\344\201fg"
 157      E11305DF 
 157      632C01F0 
ARM GAS  /tmp/cc2VhiP6.s 			page 12


 157      8DE48166 
 157      67
 158 032f D4A14FF3 		.ascii	"\324\241O\363\012\270&1\011\260Q#\251w\2364\023\241"
 158      0AB82631 
 158      09B05123 
 158      A9779E34 
 158      13A1
 159 0341 CE079E74 		.ascii	"\316\007\236t\2315\253\025t}\367t^5\222\363\025\242"
 159      9935AB15 
 159      747DF774 
 159      5E3592F3 
 159      15A2
 160 0353 619A9BEF 		.ascii	"a\232\233\357\217\031\263gU\023\012\216q\355\366\337"
 160      8F19B367 
 160      55130A8E 
 160      71EDF6DF 
 161 0363 ED1FEE36 		.ascii	"\355\037\3566\373\241\034\374\334\014\227p\234^$.P\261"
 161      FBA11CFC 
 161      DC0C9770 
 161      9C5E242E 
 161      50B1
 162 0375 EF5C5D81 		.ascii	"\357\\]\201\311^M\211\333\350\012\376\000~(E\220\310"
 162      C95E4D89 
 162      DBE80AFE 
 162      007E2845 
 162      90C8
 163 0387 0CFAC04E 		.ascii	"\014\372\300NA\035\231\217\322\214\007j\314\371f\362"
 163      411D998F 
 163      D28C076A 
 163      CCF966F2 
 164 0397 759905C5 		.ascii	"u\231\005\305Z\322\272 \002SAq\210,\022\305z\316\230"
 164      5AD2BA20 
 164      02534171 
 164      882C12C5 
 164      7ACE98
 165 03aa A22EB48A 		.ascii	"\242.\264\212\264#5o\037j\262(\024?K\271\211R\216\322"
 165      B423356F 
 165      1F6AB228 
 165      143F4BB9 
 165      89528ED2 
 166 03be 42A86EFF 		.ascii	"B\250n\377H3\211\026V\246gV\215d\025\255\0213{\314\252"
 166      48338916 
 166      56A66756 
 166      8D6415AD 
 166      11337BCC 
 167 03d3 59C5BC08 		.ascii	"Y\305\274\010\023\375\317a\342\262`\002t&\256 \0237"
 167      13FDCF61 
 167      E2B26002 
 167      7426AE20 
 167      1337
 168 03e5 2177A46B 		.ascii	"!w\244k\335B\0201\242\231\012\261n\370\357\305\205r"
 168      DD421031 
 168      A2990AB1 
 168      6EF8EFC5 
 168      8572
 169 03f7 48D6AB42 		.ascii	"H\326\253B\361hZ\231\035\177\207ch\305\201\202\036\013"
 169      F1685A99 
ARM GAS  /tmp/cc2VhiP6.s 			page 13


 169      1D7F8763 
 169      68C58182 
 169      1E0B
 170 0409 695F24AE 		.ascii	"i_$\256\253\341\343\252\310\242\300~\014)\321\000\330"
 170      ABE1E3AA 
 170      C8A2C07E 
 170      0C29D100 
 170      D8
 171 041a B5C30AB9 		.ascii	"\265\303\012\271\242\317+_\305\275\242\205{\306\026"
 171      A2CF2B5F 
 171      C5BDA285 
 171      7BC616
 172 0429 6E1935F4 		.ascii	"n\0315\364\242]w\310\2561d\327\024\262\253\327vR\230"
 172      A25D77C8 
 172      AE3164D7 
 172      14B2ABD7 
 172      765298
 173 043c D157FE3F 		.ascii	"\321W\376?\243oP\214\276\205\006\245\351s\355y\243\357"
 173      A36F508C 
 173      BE8506A5 
 173      E973ED79 
 173      A3EF
 174 044e D1FCE853 		.ascii	"\321\374\350SB\246\327\020]\263e\263\360-\027\203a2"
 174      42A6D710 
 174      5DB365B3 
 174      F02D1783 
 174      6132
 175 0460 362C9F85 		.ascii	"6,\237\205\353\3129\035\316\340\372\362Y\370\223\270"
 175      EBCA391D 
 175      CEE0FAF2 
 175      59F893B8 
 176 0470 B4238B66 		.ascii	"\264#\213fa\320\377[\233e~\314]\023c\356g1\346\226\316"
 176      61D0FF5B 
 176      9B657ECC 
 176      5D1363EE 
 176      6731E696 
 177 0485 B4D18599 		.ascii	"\264\321\205\231F\316\331\3578\323\012[{\014\024s9\217"
 177      46CED9EF 
 177      38D30A5B 
 177      7B0C1473 
 177      398F
 178 0497 C58CFF82 		.ascii	"\305\214\377\202XH\214\223F\347n\000\376\322D\210\222"
 178      58488C93 
 178      46E76E00 
 178      FED24488 
 178      92
 179 04a8 FF393A00 		.ascii	"\3779:\000\370\267\002T\036t\225\220\230h\327>n\257"
 179      F8B70254 
 179      1E749590 
 179      9868D73E 
 179      6EAF
 180 04ba DDE14E4B 		.ascii	"\335\341NKs\247\343[\252k\253\335\353q\330\035)i\316"
 180      73A7E35B 
 180      AA6BABDD 
 180      EB71D81D 
 180      2969CE
 181 04cd 3487DBE3 		.ascii	"4\207\333\343Lt0\331\353\372\304\251lIumO7\270\267m"
ARM GAS  /tmp/cc2VhiP6.s 			page 14


 181      4C7430D9 
 181      EBFAC4A9 
 181      6C49756D 
 181      4F37B8B7 
 182 04e2 F33A3321 		.ascii	"\363:3!CNw\356\314T\262\266\244\356p\276\021\306Q\206"
 182      434E77EE 
 182      CC54B2B6 
 182      A4EE70BE 
 182      11C65186 
 183 04f6 DB93E9B5 		.ascii	"\333\223\351\265\277\267)iC\322N\364E\216\222\263\326"
 183      BFB72969 
 183      43D24EF4 
 183      458E92B3 
 183      D6
 184 0507 A725A6B0 		.ascii	"\247%\246\260\265a\254\321\225}C\322\346\0176\333]\351"
 184      B561ACD1 
 184      957D43D2 
 184      E60F36DB 
 184      5DE9
 185 0519 8ED41D1F 		.ascii	"\216\324\035\037;\355\2164\257\313\233\274\335\341@"
 185      3BED8E34 
 185      AFCB9BBC 
 185      DDE140
 186 0528 C4AB8B11 		.ascii	"\304\253\213\021\236\314g6)\336]^\324G'm\336d\333\272"
 186      9ECC6736 
 186      29DE5D5E 
 186      D447276D 
 186      DE64DBBA 
 187 053c C5EBCCF0 		.ascii	"\305\353\314\360\270\326\330\342\337d\222\207\0311z"
 187      B8D6D8E2 
 187      DF649287 
 187      19317A
 188 054b B76717FB 		.ascii	"\267g\027\373\017I\266\001\244"
 188      0F49B601 
 188      A4
 189              		.text
 190              		.section	.gnu.lto_chCoreGetStatusX.48f94b74d4aaa7bf,"",%progbits
 191 0000 789C8D90 		.ascii	"x\234\215\220\273N\002Q\020\206g\366\354\015\215\372"
 191      BB4E0251 
 191      108667F6 
 191      EC0D8DFA 
 192 0010 0052D012 		.ascii	"\000R\320\022\023\366A|\0137$\222\270n\002\017\300\021"
 192      13F6417C 
 192      0B372492 
 192      B86E020F 
 192      C011
 193 0022 2F044CD0 		.ascii	"/\004L\320F\301\013nA\014\240\"`%T\304\330\230x\203"
 193      46C10B6E 
 193      410CA022 
 193      602554C4 
 193      D8987883 
 194 0036 C442EDB4 		.ascii	"\304B\355\264\302h\241\265\2423\256\225\205q\263{\316"
 194      C268A1B5 
 194      A233AE95 
 194      8571B37B 
 194      CE
 195 0047 CC7FE6CC 		.ascii	"\314\177\346\314\367\357h\240@\027\001&\000`\234>\024"
ARM GAS  /tmp/cc2VhiP6.s 			page 15


 195      F7EF68A0 
 195      40170126 
 195      00609C3E 
 195      14
 196 0058 80CAEA25 		.ascii	"\200\312\352%\300\234\251 r M\204\244\202I\\\021y\201"
 196      C09CA920 
 196      72204D84 
 196      A482495C 
 196      117981
 197 006b DD85C6B6 		.ascii	"\335\205\306\266\310\011\217\312TJ_/6\037G9E\014Q\272"
 197      C8098FCA 
 197      544A5F2F 
 197      361F4739 
 197      450C51BA 
 198 007f 257B1923 		.ascii	"%{\031#\\\2262%;\371\235\341\302\321\265\014xB\201\015"
 198      5C963225 
 198      3BF99DE1 
 198      C2D1B50C 
 198      7842810D 
 199 0093 2AAF6010 		.ascii	"*\257`\020\313\030dF\025\303@\325\017\315\301\332\210"
 199      CB186446 
 199      15C340D5 
 199      0FCDC1DA 
 199      88
 200 00a4 AEF22989 		.ascii	"\256\362)\211{\250\223\017\250\367\260#\007\237i\331"
 200      7BA8930F 
 200      A8F7B023 
 200      079F69D9 
 201 00b4 792F616B 		.ascii	"y/ak\322T\300\023B\320\242\252\034i\034\351\274\030"
 201      D254C013 
 201      42D0A2AA 
 201      1C691CE9 
 201      BC18
 202 00c6 C09D214B 		.ascii	"\300\235!K\227\331\3462%\264\213>\246\332\375\273\335"
 202      97D9E632 
 202      25B48B3E 
 202      A6DAFDBB 
 202      DD
 203 00d7 31EE5714 		.ascii	"1\356W\024\012a\326\027O\256\014\366\250!S[\255\347"
 203      0A61D617 
 203      4FAE0CF6 
 203      A821535B 
 203      ADE7
 204 00e9 7B23F921 		.ascii	"{#\371!M\022JL&\355\351\374\346t\310\303\"zB\307\003"
 204      4D124A4C 
 204      26EDE9FC 
 204      E674C8C3 
 204      227A42C7 
 205 00fe FAD77D36 		.ascii	"\372\327}6J\007\271\343F\306\264j\222\236\020\321\261"
 205      4A07B9E3 
 205      46C6B46A 
 205      929E10D1 
 205      B1
 206 010f 861E16F8 		.ascii	"\206\036\026\370\022\340!Z@\260\267\364m\300g\011\302"
 206      12E0215A 
 206      40B0B7F4 
 206      6DC06709 
ARM GAS  /tmp/cc2VhiP6.s 			page 16


 206      C2
 207 0120 B1D23E8B 		.ascii	"\261\322>\213\371\202\372\037Z\375\017Z\343\233\306"
 207      F982FA1F 
 207      5AFD0F5A 
 207      E39BC6
 208 012f 53C1E66F 		.ascii	"S\301\346o\232F\375I\231/,\241/\370\0164\277\252*|\321"
 208      9A46FD49 
 208      992F2CA1 
 208      2FF80E34 
 208      BFAA2A7C 
 209 0144 201D5E30 		.ascii	" \035^0\025\372I\331y\226:\322\244hv\341H\304\362_7"
 209      15FA49D9 
 209      79963AD2 
 209      A46876E1 
 209      48C4F25F 
 210 0159 61D9AEE3 		.ascii	"a\331\256\343\270\263\024\315\304\246\254D\334\266\354"
 210      B8B314CD 
 210      C4A6AC44 
 210      DCB6EC
 211 0168 6927EAD8 		.ascii	"i'\352\330n<\032\261\341\013H)\235\202"
 211      6E3C1AB1 
 211      E10B4829 
 211      9D82
 212              		.text
 213              		.section	.gnu.lto_.symbol_nodes.48f94b74d4aaa7bf,"",%progbits
 214 0000 789C558A 		.ascii	"x\234U\212K\015\200P\014\004gK\352\203\340\004-\010"
 214      4B0D8050 
 214      0C04674B 
 214      EA83E004 
 214      2D08
 215 0012 2938400F 		.ascii	")8@\017\341/\000M\364\035\273\227If\3261&rv(`\375 \261"
 215      E12F004D 
 215      F41DBB97 
 215      4966D631 
 215      26727628 
 216 002a CD23F82E 		.ascii	"\315#\370.\226!\223?R\337\370\312\032\355T\250\\\355"
 216      9621933F 
 216      52DFF8CA 
 216      1AED54A8 
 216      5CED
 217 003c 525835B7 		.ascii	"RX5\267\242+\206\037=\260\026\012"
 217      A22B861F 
 217      3DB0160A 
 218              		.text
 219              		.section	.gnu.lto_.refs.48f94b74d4aaa7bf,"",%progbits
 220 0000 789C1DC8 		.ascii	"x\234\035\310A\012\300 \024\304\320d\276\272\352\242"
 220      410AC020 
 220      14C4D064 
 220      BEBAEAA2 
 221 0010 20081EA2 		.ascii	" \010\036\242\367\277^\305M\340\245\023>\240\241&7\225"
 221      F7BF5EC5 
 221      4DE0A513 
 221      3EA0A126 
 221      3795
 222 0022 3A1CF8EA 		.ascii	":\034\370\352\254\216\017.\3359K,~\026\224\000\325"
 222      AC8E0F2E 
 222      DD394B2C 
ARM GAS  /tmp/cc2VhiP6.s 			page 17


 222      7E169400 
 222      D5
 223              		.text
 224              		.section	.gnu.lto_.decls.48f94b74d4aaa7bf,"",%progbits
 225 0000 789CA556 		.ascii	"x\234\245ViPTW\026~\347\335\246\201\246\233PhMY)\314"
 225      69505457 
 225      167EE7DD 
 225      A681A69B 
 225      50684D59 
 226 0016 58962999 		.ascii	"X\226)\231TA\213\326$q~L\351X3\321\2528\246\302\230"
 226      54418BD6 
 226      24717E4C 
 226      E95833D1 
 226      AA38A6C2 
 227 002b CC9FC9AB 		.ascii	"\314\237\311\253\266i\323]\201\306\241\233I\234\371"
 227      B669D35D 
 227      81C6A19B 
 227      499CF9
 228 003a 31AF6509 		.ascii	"1\257e\011\301%j\\\201h\213\224\202\200@ \020EH\203"
 228      C1256A5C 
 228      81688B94 
 228      82804020 
 228      10454883 
 229 004e CBB8A1A0 		.ascii	"\313\270\241\240\203\340\302*\242qc\023\201\2402\347"
 229      83E0C22A 
 229      A2716313 
 229      81A032E7 
 230 005e DEFB9AD7 		.ascii	"\336\373\232\327\366\2005U\363\252\317\353{\357;\347"
 230      F6803555 
 230      F3AACFEB 
 230      7BEF3BE7 
 231 006e 3BDF39F7 		.ascii	";\3379\367\334%@\020\205.\275 h\210 \344\201 L\340\023"
 231      DC254010 
 231      852EBD20 
 231      688820E4 
 231      81204CE0 
 232 0083 200842B1 		.ascii	" \010B\261\240>\032\224\243(\325(5(\036\024T\027\256"
 232      A03E1A94 
 232      A328D528 
 232      35281E14 
 232      5417AE
 233 0096 A15C47B9 		.ascii	"\241\\G\271)\274\374\374\005q\264\370\377\021J+\312"
 233      29BCFCFC 
 233      0571B4F8 
 233      FF114A2B 
 233      CA
 234 00a7 2D946694 		.ascii	"-\224f\224\006\2246\024\021\245\011\3452\012(\330\257"
 234      06943614 
 234      11A509E5 
 234      320A28D8 
 234      AF
 235 00b8 C2FB1C95 		.ascii	"\302\373\034\225\202\360?\034e&\312j\224J\224U\012\246"
 235      82F03F1C 
 235      6526CA6A 
 235      944A9455 
 235      0AA6
 236 00ca 17DF1FB7 		.ascii	"\027\337\037\267Z\031{\250`\373>\377@\205\220W`\016"
ARM GAS  /tmp/cc2VhiP6.s 			page 18


 236      5A197BA8 
 236      60FB3EFF 
 236      40859057 
 236      600E
 237 00dc A13C4519 		.ascii	"\241<E\031\237\006?P\311\305s\224\011\224\000\340\376"
 237      9F063F50 
 237      C9C57394 
 237      099400E0 
 237      FE
 238 00ed 02F13F18 		.ascii	"\002\361?\030\270\177\177\237.\340v^\237\225\212\257"
 238      B87F7F9F 
 238      2EE0765E 
 238      9F958AAF 
 239 00fd 0FFC7C5C 		.ascii	"\017\374|\\V\374\200\222\353\251\260v\023\250\334|\252"
 239      56FC8092 
 239      EBA9B076 
 239      13A8DC7C 
 239      AA
 240 010e 466C875B 		.ascii	"Fl\207[\2006\020\306F\001\370\033\230\260\356\204\367"
 240      803610C6 
 240      4601F81B 
 240      98B0EE84 
 240      F7
 241 011f 0160E338 		.ascii	"\001`\3438*\012\012A\357\020x-\224\276\250tE\005\222"
 241      2A0A0A41 
 241      EF10782D 
 241      94BEA874 
 241      450592
 242 0132 FD1463F0 		.ascii	"\375\024c\360A\344\237\271'\357\303\371\362\0063\363"
 242      41E49FB9 
 242      27EFC3F9 
 242      F20633F3 
 243 0142 5A83A83A 		.ascii	"Z\203\250:\000\3605\360\001\344\264\225\357\223\374"
 243      00F035F0 
 243      01E4B495 
 243      EF93FC
 244 0151 043538F0 		.ascii	"\00458\360F?\260\367b\257\256\003\332\350\250{\011\260"
 244      463FB0F7 
 244      62AFAE03 
 244      DAE8A87B 
 244      09B0
 245 0163 B1FB65B7 		.ascii	"\261\373e\267\016\204\022\021h\273c,\377\017\321E2\177"
 245      0E841211 
 245      68BB632C 
 245      FF0FD145 
 245      327F
 246 0175 8266AB69 		.ascii	"\202f\253i;=1\342ym\013\201p\035\210\330\275\322\177"
 246      3B3D31E2 
 246      796D0B81 
 246      701D88D8 
 246      BDD27F
 247 0188 F1DB10EC 		.ascii	"\361\333\020\354\316\324A\030vG]\315u\272Y\273\230U"
 247      CED44118 
 247      76475DCD 
 247      75BA59BB 
 247      9855
 248 019a 8A1C26C2 		.ascii	"\212\034&\302G\277\200\"\210\200B\210@\347\3050\013"
ARM GAS  /tmp/cc2VhiP6.s 			page 19


 248      47BF8022 
 248      88804288 
 248      40E7C530 
 248      0B
 249 01ab DF6B341C 		.ascii	"\337k4\034\251\315}\270\\;\327-\273;e\317H\356[]\337"
 249      A9CD7DB8 
 249      5C3BD72D 
 249      BB3B65CF 
 249      48EE5B5D 
 250 01c0 C9721A9A 		.ascii	"\311r\032\232i\250\032\024\000\201#\020M)c\023\337\371"
 250      69A81A14 
 250      00812310 
 250      4D296313 
 250      DFF9
 251 01d2 D0017018 		.ascii	"\320\001p\030\3321\240\2430\027\315\323\316\267:\311"
 251      DA31A0A3 
 251      3017CDD3 
 251      CEB73AC9 
 252 01e2 1246B6ED 		.ascii	"\022F\266\355lA!A\022\253t@\363\360\032\016\225<<6f"
 252      6C412141 
 252      12AB7440 
 252      F3F01A0E 
 252      953C3C36 
 253 01f7 E0435423 		.ascii	"\340CT#o\254\257JO>a\355\246\324\322\034\302#\320\320"
 253      6FACAF4A 
 253      4F3E61ED 
 253      A6D4D21C 
 253      C223D0D0 
 254 020b 4C3464DD 		.ascii	"L4d\335\016\345\021\314\331M\304\246\232G]A\020\251"
 254      0EE511CC 
 254      D94DC4A6 
 254      9A475D41 
 254      10A9
 255 021d 3B4443F0 		.ascii	";DC\360\364\345\314\255n\227\3459P\011:\370N\345\264"
 255      F4E5CCAD 
 255      6E97E539 
 255      50093AF8 
 255      4EE5B4
 256 0230 4A87EF0C 		.ascii	"J\207\357\014Y\336 oM\221\203\227\013P\201A\226c\220"
 256      59DE206F 
 256      4D918397 
 256      0B508141 
 256      966390
 257 0243 F03D4452 		.ascii	"\360=DR\247T\017\312p\260\024\007\321\313\276\372>\227"
 257      A7540FCA 
 257      70B01407 
 257      D1CBBEFA 
 257      3E97
 258 0255 5E434B8D 		.ascii	"^CK\215\"a\012pl\327UW\006achP\005l\254\323\335\335"
 258      22610A70 
 258      6CD75557 
 258      06616368 
 258      50056CAC 
 259 026c 254EEAFD 		.ascii	"%N\352\375\300\007\217\355\034\276\025\352\233\325\325"
 259      C0078FED 
 259      1CBE15EA 
 259      9BD5D5
ARM GAS  /tmp/cc2VhiP6.s 			page 20


 260 027b 7A9FAC1E 		.ascii	"z\237\254\036gY=\006JZ\317\236\3109J0\255\2354\255\033"
 260      67593D06 
 260      4A5ACF9E 
 260      C8394A30 
 260      AD9D34AD 
 261 0290 7E33C0D3 		.ascii	"~3\300\323\272AC\365\240D\015\241\304?\255\325,\255"
 261      BA4143F5 
 261      A0440DA1 
 261      C43FADD5 
 261      2CAD
 262 02a2 D71E541D 		.ascii	"\327\036T\035\006R\015,U\367\312\373n\007(S\324\375"
 262      06520D2C 
 262      55F7CAFB 
 262      6E072853 
 262      D4FD
 263 02b4 D65ED9B3 		.ascii	"\326^\331\263\001\031\210\014\351\204\212t\302\037\251"
 263      0119880C 
 263      E9848A74 
 263      C21FA9
 264 02c3 8621950C 		.ascii	"\206!\225\014\224f\007\222V\216\264\263\256\304\025"
 264      94660792 
 264      568EB4B3 
 264      AEC415
 265 02d2 E81B020D 		.ascii	"\350\033\002\015O\215\341\307\227*\343\353\372f7Q\334"
 265      4F8DE1C7 
 265      972AE3EB 
 265      FA663751 
 265      DC
 266 02e3 BE280ADB 		.ascii	"\276(\012\333\226\"\347\243\231[\244jP\253:\256\365"
 266      9622E7A3 
 266      995BA46A 
 266      50AB3AAE 
 266      F5
 267 02f4 77EC618E 		.ascii	"w\354a\216\367\334\273\343\321\221\237\270\343\254\352"
 267      F7DCBBE3 
 267      D1919FB8 
 267      E3ACEA
 268 0303 27E703F8 		.ascii	"'\347\003\370l\007a\267\352qa\225\201\317\266\207\325"
 268      6C0761B7 
 268      EA716195 
 268      81CFB687 
 268      D5
 269 0314 FCC6E172 		.ascii	"\374\306\341r\221<\341\272%i=\005A\3701\002\353\010"
 269      913CE1BA 
 269      25693D05 
 269      41F83102 
 269      EB08
 270 0326 7C8A2882 		.ascii	"|\212(\202\027Q\205g\250XC\2361]\261\262\242'K7Y'#g"
 270      17518567 
 270      A858439E 
 270      315DB1B2 
 270      A2274B37 
 271 033e A3D3BEA4 		.ascii	"\243\323\276\244\2519\207a\375Ke\0301Y'\375\2712\231"
 271      A9398761 
 271      FD4B6518 
 271      315927FD 
 271      B93299
ARM GAS  /tmp/cc2VhiP6.s 			page 21


 272 0351 25C0A208 		.ascii	"%\300\242\010X\200Ur\026\253$B\251\2223\230\205\323"
 272      58805572 
 272      16AB2442 
 272      A9923398 
 272      85D3
 273 0363 BC4A0AF6 		.ascii	"\274J\012\366\347\2372\220v\266\004\305\275;\353*BU"
 273      E79F3290 
 273      76B604C5 
 273      BD3BEB2A 
 273      4255
 274 0375 0FB7E696 		.ascii	"\017\267\346\226\247Q\017\027\321\303y\325\003:\234"
 274      A7510F17 
 274      D1C379D5 
 274      033A9C
 275 0384 DAC585A9 		.ascii	"\332\305\205\251]\\\035\337> \3523'K\227\341y\253W\200"
 275      5D5C1DDF 
 275      3E20EA33 
 275      274B97E1 
 275      79AB5780 
 276 0398 06D07B77 		.ascii	"\006\320{w\210\235\327\277!\244\234P.\232\374\324\262"
 276      889DD7BF 
 276      21A49C50 
 276      2E9AFCD4 
 276      B2
 277 03a9 F4409837 		.ascii	"\364@\2307c^d.\265\364\264\364\315\313\376\241G\226"
 277      635E642E 
 277      B5F4B4F4 
 277      CDCBFEA1 
 277      4796
 278 03bb B7EBA905 		.ascii	"\267\353\251\005\\B>\2150C]\005F\212UA\021\205m\224"
 278      5C423E8D 
 278      30435D05 
 278      468A5541 
 278      11856D94 
 279 03cf FE56595E 		.ascii	"\376VY^\242\021\340$~\257g~\2506R\203+\310\262\011\346"
 279      A211E024 
 279      7EAF677E 
 279      A8365283 
 279      2BC8B209 
 280 03e4 C16598C7 		.ascii	"\301e\230\307v\030\016\177\377u\254\265T\302\260OM\211"
 280      76180E7F 
 280      FF75ACB5 
 280      54C2B04F 
 280      4D89
 281 03f6 1D43A179 		.ascii	"\035C\241yf.e\205\273d\031\250\222\240dE\011\241\361"
 281      662E6585 
 281      BB6419A8 
 281      92A06445 
 281      09A1F1
 282 0409 E48D0C42 		.ascii	"\344\215\014B\356\261\020\304\262\332\335\255\032\210"
 282      EEB110C4 
 282      B2DADDAD 
 282      1A88
 283 0417 9CC18DAE 		.ascii	"\234\301\215\256ekq_\203f\004\276\252&\223BL\315\030"
 283      656B715F 
 283      836604BE 
 283      AA269342 
ARM GAS  /tmp/cc2VhiP6.s 			page 22


 283      4CCD18
 284 042a FE8D44A7 		.ascii	"\376\215D\247#\215\2562\372o\216\211o\036\224\335\036"
 284      238DAE32 
 284      FA6F8E89 
 284      6F1E94DD 
 284      1E
 285 043b 9CAAFA37 		.ascii	"\234\252\3727\262q\241\0043\364:\216\356\023z\035\253"
 285      B271A104 
 285      33F43A8E 
 285      EE137A1D 
 285      AB
 286 044c DA6BF026 		.ascii	"\332k\360&\232\265\364T\224\001\031d\014a\377\351\346"
 286      9AB5F454 
 286      94011964 
 286      0C61FFE9 
 286      E6
 287 045d B4E0F0AD 		.ascii	"\264\340\360\255\212\3679@\247\206\355\334\255\020>"
 287      8AF73940 
 287      A786EDDC 
 287      AD103E
 288 046c 19D3CD6B 		.ascii	"\031\323\315k\271\327C\320Q'\006\321\2365s\273\354\236"
 288      B9D743D0 
 288      512706D1 
 288      9E3573BB 
 288      EC9E
 289 047e 45BF430B 		.ascii	"E\277C\013E\245\312\254\001\327\031\374p\346\320\035"
 289      45A5CAAC 
 289      01D719FC 
 289      70E6D01D 
 290 048e 03C12D95 		.ascii	"\003\301-\225Z\016\245\227\326\004(\226\335\257\273"
 290      5A0EA597 
 290      D6042896 
 290      DDAFBB
 291 049d E47A6086 		.ascii	"\344z`\2067\274\206\254\0017\231a\367\217\003\267\203"
 291      37BC86AC 
 291      01379961 
 291      F78F03B7 
 291      83
 292 04ae 7DABA4D9 		.ascii	"}\253\244\331g\006\004<4Y\225\320\177T>x\345\216\014"
 292      6706043C 
 292      345995D0 
 292      7F543E78 
 292      E58E0C
 293 04c1 BECA1456 		.ascii	"\276\312\024VUnS\224\333\230rm\323\361a\035\331\314"
 293      556E5394 
 293      DB98726D 
 293      D3F1611D 
 293      D9CC
 294 04d3 291D4F29 		.ascii	")\035O),5\360\305\371\006v\323\267u\037T\266\342~\272"
 294      2C35F0C5 
 294      F90676D3 
 294      B7751F54 
 294      B6E27EBA 
 295 04e7 FE0E340C 		.ascii	"\376\0164\014\355\322\221l\256\233{\257\341\234\262"
 295      EDD2916C 
 295      AE9B7BAF 
 295      E19CB2
ARM GAS  /tmp/cc2VhiP6.s 			page 23


 296 04f6 906763F7 		.ascii	"\220gc\367\274+\335\023\240\313`\311bN\303}\313\370"
 296      BC2BDD13 
 296      A0CB60C9 
 296      624EC37D 
 296      CBF8
 297 0508 36CD1C56 		.ascii	"6\315\034V\012t\363\252o\036\255\371YO\362\030\222\246"
 297      0A74F3AA 
 297      6F1EADF9 
 297      594FF218 
 297      92A6
 298 051a F3E0E003 		.ascii	"\363\340\340\003-DF\000\350P\016y\0179\001\356\342R"
 298      2D444600 
 298      E8500E79 
 298      0F3901EE 
 298      E252
 299 052c E851D281 		.ascii	"\350Q\322\201O\226\214\360\375\377\244\303S-\260;X\005"
 299      4F968CF0 
 299      FDFFA4C3 
 299      532DB03B 
 299      5805
 300 053e 77999F7B 		.ascii	"w\231\237{\350\267\027\035eaE\321\021tXt\342\253\253"
 300      E8B7171D 
 300      656145D1 
 300      11745874 
 300      E2ABAB
 301 0551 5ADFB9A4 		.ascii	"Z\337\271\244\330\235\250\327\301\370\375Dg\224\263"
 301      D89DA8D7 
 301      C1F8FD44 
 301      6794B3
 302 0560 A4DA5B1B 		.ascii	"\244\332[\033\016d\007\353\024\037\031\257\364\201\332"
 302      0E6407EB 
 302      141F19AF 
 302      F481DA
 303 056f 0D3BBA3B 		.ascii	"\015;\272;4\276\330\367_\205}i\340d}(N{#V\346\323}Z"
 303      34BED8F7 
 303      5F857D69 
 303      E0647D28 
 303      4E7B2356 
 304 0587 97DBE39A 		.ascii	"\227\333\343\232\003\017p\206\272\2602q\317\367\261"
 304      030F7086 
 304      BAB03271 
 304      CFF7B1
 305 0596 6CC7913F 		.ascii	"l\307\221?\341\365\346!\253\001\357\251:\377\277O\325"
 305      E1F5E621 
 305      AB01EFA9 
 305      3AFFBF4F 
 305      D5
 306 05a7 F97C43BC 		.ascii	"\371|C\274\362\365`^ )\320\360\355\352|K\275\306gC\374"
 306      F2F5605E 
 306      2029D0F0 
 306      EDEA7C4B 
 306      BDC66743 
 307 05bc EDDE414A 		.ascii	"\355\336AJn\000\271\365\251+l\376\264\007g?\206:_\331"
 307      6E00B9F5 
 307      A92B6CFE 
 307      B407673F 
 307      863A5FD9 
ARM GAS  /tmp/cc2VhiP6.s 			page 24


 308 05d0 AF1EE3E0 		.ascii	"\257\036\343\340#eK\314\333\226\253%\025\334\307\231"
 308      23654BCC 
 308      DB96AB25 
 308      15DCC799 
 309 05e0 DA9BB886 		.ascii	"\332\233\270\206u\221S\002<\231\002`r\357<\303\366\316"
 309      75915302 
 309      3C990260 
 309      72EF3CC3 
 309      F6CE
 310 05f2 212433A8 		.ascii	"!$3\250\222\031`9\242\243\350(\263\362j\273f\332\202"
 310      92196039 
 310      A2A3E828 
 310      B3F26ABB 
 310      66DA82
 311 0605 1AF616D4 		.ascii	"\032\366\026\324\002\306j\323\243\246=z\377\351U\217"
 311      02C66AD3 
 311      A3A63D7A 
 311      FFE9558F 
 312 0615 B3A76C0A 		.ascii	"\263\247l\012\2069<v\320\242g\274\370x(/_-vGJ\334\227"
 312      86393C76 
 312      D0A267BC 
 312      F878282F 
 312      5F2D7647 
 313 062c 0CD37A1B 		.ascii	"\014\323z\033\365z\033\341Ix\222\2316\242\\Y\002\261"
 313      F57A1BE1 
 313      49789299 
 313      36A25C59 
 313      02B1
 314 063e 9BDF9BB3 		.ascii	"\233\337\233\263E\317\327\311\273tKh,:c\360'\3633\202"
 314      45CFD7C9 
 314      BB744B68 
 314      2C3A63F0 
 314      27F33382 
 315 0652 8D31B071 		.ascii	"\2151\260qFf\224\223\031gd6\245\035q\005\222\032\276"
 315      46669493 
 315      19676436 
 315      A51D7105 
 315      921ABE
 316 0665 B0CEED38 		.ascii	"\260\316\3558\264C\217\247\255\007O\333\361=\344qa\272"
 316      B4438FA7 
 316      AD074FDB 
 316      F13DE471 
 316      61BA
 317 0677 DC88A7ED 		.ascii	"\334\210\247\355rv_\203gj\272\236\371\037\267\317\331"
 317      72765F83 
 317      676ABA9E 
 317      F91FB7CF 
 317      D9
 318 0688 717B6864 		.ascii	"q{hdtc(\271\313\301\322\236\017v\206*`\027\366\221#"
 318      746328B9 
 318      CBC1D29E 
 318      0F76862A 
 318      6017F691 
 319 069d E57848E0 		.ascii	"\345xH\340\316\220\012\374Z\367BE{\341\2176\301\320"
 319      CE900AFC 
 319      5AF74245 
 319      7BE18F36 
ARM GAS  /tmp/cc2VhiP6.s 			page 25


 319      C1D0
 320 06af 5A7AEBE3 		.ascii	"Zz\353\343\310\376\000\006v\244x_i()\346\235\215\365"
 320      C8FE0006 
 320      76A4785F 
 320      692829E6 
 320      9D8DF5
 321 06c2 2773B478 		.ascii	"'s\264x3\002\227Hxe\327\217u\204\261\253\322\320\344"
 321      33029748 
 321      7865D78F 
 321      7584B1AB 
 321      D2D0E4
 322 06d5 95EA5469 		.ascii	"\225\352Ti\341\363\320i\357\237\251\"\275e\244\210\312"
 322      E1F3D069 
 322      EF9FA922 
 322      BD65A488 
 322      CA
 323 06e6 35A3377B 		.ascii	"5\2437{Wi\210\302\265\243\204l)h\337$\273]\362\222\263"
 323      576988C2 
 323      B5A3846C 
 323      2968DF24 
 323      BB5DF292 
 324 06fb 22D50459 		.ascii	"\"\325\004YT\270\302\006QC{/\323M\023)\335\306\307\325"
 324      54B8C206 
 324      51437B2F 
 324      D34D1329 
 324      DDC6C7D5 
 325 070f 9B42C823 		.ascii	"\233B\310#N1?u\313\204V\001\234\330C27_\340\200\313"
 325      4E313F75 
 325      CB845601 
 325      9CD84332 
 325      375FE080 
 326 0724 59ECE9E2 		.ascii	"Y\354\351\342d\354\351\376`_2\260\316\375w\2771\220"
 326      64ECE9FE 
 326      605F32B0 
 326      CEFD77BF 
 326      3190
 327 0736 310E76A1 		.ascii	"1\016v\241\366`s\200\232\311\033~\231\314P\3212\374"
 327      F6607380 
 327      9AC91B7E 
 327      99CC50D1 
 327      32FC
 328 0748 D1BE12E7 		.ascii	"\321\276\022\347\012:\311\234\230d\221lv\2333\350\275"
 328      0A3AC99C 
 328      9864916C 
 328      769B33E8 
 328      BD
 329 0759 3FAE9EB3 		.ascii	"?\256\236\263,&F\370Ut\264\221\377\022\035FsbBB\242"
 329      2C2646F8 
 329      5574B491 
 329      FF121D46 
 329      73624242 
 330 076e 1D5BF1B6 		.ascii	"\035[\361\2665FG\222\331h\266&X\022\250Q\264Y\230m\266"
 330      35464792 
 330      D968B626 
 330      5812A851 
 330      B459986D 
 331 0783 2EC3D6D2 		.ascii	".\303\326\322\370\370D\363\322x\333\247vK\334\3076\247"
ARM GAS  /tmp/cc2VhiP6.s 			page 26


 331      F8F844F3 
 331      D278DBA7 
 331      764BDCC7 
 331      36A7
 332 0795 75D5DAB5 		.ascii	"u\325\332\265\016\213s\205\326a\373\273Er\2566&\256"
 332      0E8B7385 
 332      D661FBBB 
 332      4572AE36 
 332      26AE
 333 07a7 731A3F35 		.ascii	"s\032?5\233\243LI\011Q\366D\273%\312bZc\213z;j\341\202"
 333      9BA34C49 
 333      0951F644 
 333      BB25CA62 
 333      5A638B7A 
 334 07bf 9877A2FE 		.ascii	"\230w\242\376\2720*y]\234\311i1R\017\250f"
 334      BA302A79 
 334      5D9CC969 
 334      31520FA8 
 334      66
 335 07d0 7C49CDF8 		.ascii	"|I\315\370v\364\242\350\030\243\315n\216O\216\263\030"
 335      76F4A2E8 
 335      18A3CD6E 
 335      8E4F8EB3 
 335      18
 336 07e1 1DCEB838 		.ascii	"\035\316\2708\313\332h\253\020\361*\327a\374\343{\026"
 336      CBDA68AB 
 336      10F12AD7 
 336      61FCE37B 
 336      16
 337 07f2 67ACD3E4 		.ascii	"g\254\323\344Lv\374Yg\266J\012\355@\273\345\013'\266"
 337      4C76FC59 
 337      67B64A0A 
 337      ED40BBE5 
 337      0B27B6
 338 0805 832529D9 		.ascii	"\203%)\331fw\276+9?\376_\011\276L\314K)\301d\266\332"
 338      6677BE2B 
 338      393FFE5F 
 338      09BE4CCC 
 338      4B29C164 
 339 081b EC16A384 		.ascii	"\354\026\243\204\304L\311\361N\311\271~\235\305\201"
 339      C44CC9F1 
 339      4EC9B97E 
 339      9DC581
 340 082a 140315FC 		.ascii	"\024\003\025\374\367\377?|\307z\207Q\302\270\021\014"
 340      F7FF3F7C 
 340      C77A8751 
 340      C2B8110C 
 341 083a 41B5167B 		.ascii	"A\265\026{\034\262\217\232v\216\274f\352<Y\205`\245"
 341      1CB28F9A 
 341      768EBC66 
 341      EA3C5985 
 341      60A5
 342 084c 29390D92 		.ascii	")9\015\222d\265\230\326IkL\016\213$\351\225\036bJ\022"
 342      64B598D6 
 342      496B4C0E 
 342      8B24E995 
 342      1E624A12 
ARM GAS  /tmp/cc2VhiP6.s 			page 27


 343 0860 7E5A9B6C 		.ascii	"~Z\233l7KR\364\257\027/^\034\344\355i\314VS\222\216"
 343      374B52F4 
 343      AF172F5E 
 343      1CE4ED69 
 343      CC565392 
 344 0875 276BD142 		.ascii	"'k\321B\311\031\344m\004\233\255\261\353\035\357'\232"
 344      C919E46D 
 344      049BADB1 
 344      EB1DEF27 
 344      9A
 345 0886 3FFBA52F 		.ascii	"?\373\245/\231$\247\017\005\344N\335\257KLrJ8Q\237M"
 345      9924A70F 
 345      05E44EDD 
 345      AF4B4C72 
 345      4A38519F 
 346 089b 459B7E74 		.ascii	"E\233~t\030\227~\270r\331\312/\320\204\361\374\333;"
 346      18977EB8 
 346      72D9CA2F 
 346      D084F1FC 
 346      DB3B
 347 08ad 0968878C 		.ascii	"\011h\207\214p2\245\337-\215\375\375\007\037\2560\230"
 347      7032A5DF 
 347      2D8DFDFD 
 347      071FAE30 
 347      98
 348 08be E23F37AD 		.ascii	"\342?7\255w`\255\306c\272c\246@\302\2115.[\031\273\""
 348      7760ADC6 
 348      63BA63A6 
 348      40C28935 
 348      2E5B19BB 
 349 08d3 566590E0 		.ascii	"Ve\220\340\2609$L=\242\2050\276\253\355\224G\010c\224"
 349      B039244C 
 349      3DA28530 
 349      BEABED94 
 349      47086394 
 350 08e7 CCDAFF01 		.ascii	"\314\332\377\0016\230\344\267"
 350      3698E4B7 
 351              		.text
 352              		.section	.gnu.lto_.symtab.48f94b74d4aaa7bf,"",%progbits
 353 0000 5F636F72 		.ascii	"_core_init\000"
 353      655F696E 
 353      697400
 354 000b 00       		.ascii	"\000"
 355 000c 00       		.ascii	"\000"
 356 000d 00       		.ascii	"\000"
 357 000e 00000000 		.ascii	"\000\000\000\000\000\000\000\000"
 357      00000000 
 358 0016 AE000000 		.ascii	"\256\000\000\000"
 359 001a 63685F6D 		.ascii	"ch_memcore\000"
 359      656D636F 
 359      726500
 360 0025 00       		.ascii	"\000"
 361 0026 00       		.ascii	"\000"
 362 0027 00       		.ascii	"\000"
 363 0028 00000000 		.ascii	"\000\000\000\000\000\000\000\000"
 363      00000000 
 364 0030 D6000000 		.ascii	"\326\000\000\000"
ARM GAS  /tmp/cc2VhiP6.s 			page 28


 365 0034 6368436F 		.ascii	"chCoreAllocAlignedWithOffsetI\000"
 365      7265416C 
 365      6C6F6341 
 365      6C69676E 
 365      65645769 
 366 0052 00       		.ascii	"\000"
 367 0053 00       		.ascii	"\000"
 368 0054 00       		.ascii	"\000"
 369 0055 00000000 		.ascii	"\000\000\000\000\000\000\000\000"
 369      00000000 
 370 005d BB000000 		.ascii	"\273\000\000\000"
 371 0061 6368436F 		.ascii	"chCoreAllocAlignedWithOffset\000"
 371      7265416C 
 371      6C6F6341 
 371      6C69676E 
 371      65645769 
 372 007e 00       		.ascii	"\000"
 373 007f 00       		.ascii	"\000"
 374 0080 00       		.ascii	"\000"
 375 0081 00000000 		.ascii	"\000\000\000\000\000\000\000\000"
 375      00000000 
 376 0089 BD000000 		.ascii	"\275\000\000\000"
 377 008d 6368436F 		.ascii	"chCoreGetStatusX\000"
 377      72654765 
 377      74537461 
 377      74757358 
 377      00
 378 009e 00       		.ascii	"\000"
 379 009f 00       		.ascii	"\000"
 380 00a0 00       		.ascii	"\000"
 381 00a1 00000000 		.ascii	"\000\000\000\000\000\000\000\000"
 381      00000000 
 382 00a9 C0000000 		.ascii	"\300\000\000\000"
 383 00ad 5F5F6865 		.ascii	"__heap_base__\000"
 383      61705F62 
 383      6173655F 
 383      5F00
 384 00bb 00       		.ascii	"\000"
 385 00bc 02       		.ascii	"\002"
 386 00bd 00       		.ascii	"\000"
 387 00be 00000000 		.ascii	"\000\000\000\000\000\000\000\000"
 387      00000000 
 388 00c6 D9000000 		.ascii	"\331\000\000\000"
 389 00ca 5F5F6865 		.ascii	"__heap_end__\000"
 389      61705F65 
 389      6E645F5F 
 389      00
 390 00d7 00       		.ascii	"\000"
 391 00d8 02       		.ascii	"\002"
 392 00d9 00       		.ascii	"\000"
 393 00da 00000000 		.ascii	"\000\000\000\000\000\000\000\000"
 393      00000000 
 394 00e2 DB000000 		.ascii	"\333\000\000\000"
 395              		.text
 396              		.section	.gnu.lto_.opts,"",%progbits
 397 0000 272D666D 		.ascii	"'-fmath-errno' '-fsigned-zeros' '-ftrapping-math' '"
 397      6174682D 
ARM GAS  /tmp/cc2VhiP6.s 			page 29


 397      6572726E 
 397      6F272027 
 397      2D667369 
 398 0033 2D666E6F 		.ascii	"-fno-trapv' '-fno-openmp' '-fno-openacc' '-mcpu=cor"
 398      2D747261 
 398      70762720 
 398      272D666E 
 398      6F2D6F70 
 399 0066 7465782D 		.ascii	"tex-m3' '-mno-thumb-interwork' '-mthumb' '-ggdb' '-"
 399      6D332720 
 399      272D6D6E 
 399      6F2D7468 
 399      756D622D 
 400 0099 4F322720 		.ascii	"O2' '-fomit-frame-pointer' '-falign-functions=16' '"
 400      272D666F 
 400      6D69742D 
 400      6672616D 
 400      652D706F 
 401 00cc 2D666675 		.ascii	"-ffunction-sections' '-fdata-sections' '-fno-common"
 401      6E637469 
 401      6F6E2D73 
 401      65637469 
 401      6F6E7327 
 402 00ff 2720272D 		.ascii	"' '-flto'\000"
 402      666C746F 
 402      2700
 403              		.text
 404              		.comm	__gnu_lto_v1,1,1
 405              		.comm	__gnu_lto_slim,1,1
 406              		.ident	"GCC: (GNU Tools for ARM Embedded Processors 6-2017-q2-update) 6.3.1 20170620 (release) [AR
ARM GAS  /tmp/cc2VhiP6.s 			page 30


DEFINED SYMBOLS
                            *ABS*:0000000000000000 chmemcore.c
                            *COM*:0000000000000001 __gnu_lto_v1
                            *COM*:0000000000000001 __gnu_lto_slim

NO UNDEFINED SYMBOLS
