ARM GAS  /tmp/ccMIGK9X.s 			page 1


   1              		.cpu cortex-m3
   2              		.eabi_attribute 20, 1
   3              		.eabi_attribute 21, 1
   4              		.eabi_attribute 23, 3
   5              		.eabi_attribute 24, 1
   6              		.eabi_attribute 25, 1
   7              		.eabi_attribute 26, 1
   8              		.eabi_attribute 30, 2
   9              		.eabi_attribute 34, 1
  10              		.eabi_attribute 18, 4
  11              		.file	"chmsg.c"
  12              		.text
  13              	.Ltext0:
  14              		.section	.gnu.lto_.profile.3e7ca4453e60bd6c,"",%progbits
  15 0000 789C6365 		.ascii	"x\234ce`b`a```d\360S\007\000\001C\000\202"
  15      60626061 
  15      60606064 
  15      F0530700 
  15      01430082 
  16              		.text
  17              		.section	.gnu.lto_.icf.3e7ca4453e60bd6c,"",%progbits
  18 0000 789C6365 		.ascii	"x\234ce`b\020a@\000f\206s\315\3076\3611=Y|\245\201\235"
  18      60621061 
  18      40006686 
  18      73CDC736 
  18      F1313D59 
  19 0018 F9C9A989 		.ascii	"\371\311\251\211'\230\030\000_c\010\346"
  19      27981800 
  19      5F6308E6 
  20              		.text
  21              		.section	.gnu.lto_.jmpfuncs.3e7ca4453e60bd6c,"",%progbits
  22 0000 789C6365 		.ascii	"x\234ce`b\010e@\000f\006&FF\346\372z&\306\351\314\214"
  22      60620865 
  22      40006606 
  22      264646E6 
  22      FA7A26C6 
  23 0017 BF5F4CB9 		.ascii	"\277_L\271\311\330\307<\237\231\201\221\207q9\243\014"
  23      C9D8C73C 
  23      9F998191 
  23      877139A3 
  23      0C
  24 0028 03031353 		.ascii	"\003\003\023S%H\025\023\020\201\024\374\275\323\370"
  24      25481513 
  24      108114FC 
  24      BDD3F8
  25 0037 8F09A280 		.ascii	"\217\011\242\200\217q\005H\0013H;##\013T]%#\210\002"
  25      8F710548 
  25      0133483B 
  25      23230B54 
  25      5D252388 
  26 004c 0004C00E 		.ascii	"\000\004\300\016\337"
  26      DF
  27              		.text
  28              		.section	.gnu.lto_.inline.3e7ca4453e60bd6c,"",%progbits
  29 0000 789C6365 		.ascii	"x\234ce`b\210c@\000f\006\006\021\031FF\006\005F\006"
  29      60628863 
  29      40006606 
ARM GAS  /tmp/ccMIGK9X.s 			page 2


  29      06111946 
  29      46060546 
  30 0015 0626F11B 		.ascii	"\006&\361\033\233\031\0318o\2301\201d\230\270\031\030"
  30      9B191938 
  30      6F983181 
  30      6498B819 
  30      18
  31 0026 1821E404 		.ascii	"\030!\344\004?&\006A~ G\342\300nF\006\266\005\362H\012"
  31      3F260641 
  31      7E2047E2 
  31      C06E4606 
  31      B605F248 
  32 003b 98193804 		.ascii	"\230\0318\004\2002,\013\344\341\022\314<@\311\011~\023"
  32      80322C0B 
  32      E4E112CC 
  32      3C40C909 
  32      7E13
  33 004d FC1800EF 		.ascii	"\374\030\000\357\356\012w"
  33      EE0A77
  34              		.text
  35              		.section	.gnu.lto_.pureconst.3e7ca4453e60bd6c,"",%progbits
  36 0000 789C6365 		.ascii	"x\234ce`b\340b```f\330\305\310\264\213\221y\027#\000"
  36      6062E062 
  36      60606066 
  36      D8C5C8B4 
  36      8B917917 
  37 0016 0C3D024B 		.ascii	"\014=\002K"
  38              		.text
  39              		.section	.gnu.lto_chMsgSend.3e7ca4453e60bd6c,"",%progbits
  40 0000 789C9555 		.ascii	"x\234\225U\355OSg\024\177\316}n{[ZAgb\242#\256$#\306"
  40      ED4F5367 
  40      147FCE7D 
  40      6E7B5B5A 
  40      416762A2 
  41 0019 C571B7C4 		.ascii	"\305q\267\304\314/\213\311\342\227\355\003_\364\017"
  41      CC2F8BC9 
  41      E297ED03 
  41      5FF40F
  42 0028 30AE3221 		.ascii	"0\2562!\261\302Z4\232,\343Ral:\231\233LZ\205\\bq\352"
  42      B1C25A34 
  42      9A2CE352 
  42      616C3A99 
  42      9B4C5A85 
  43 0040 4044D129 		.ascii	"@D\321)\276`\025\3017^\024E\021\234C^D\024\342\266,"
  43      BE6015C1 
  43      375E1445 
  43      119C435E 
  43      4414E2B6 
  44 0055 914D5776 		.ascii	"\221MWv\316s/X\012\250k(\275\3679/\277s~\347\234\347"
  44      CE732F58 
  44      0AA86B28 
  44      BDF7392F 
  44      BF737EE7 
  45 006b 5898C474 		.ascii	"X\230\304t;cO\030c\213\361\013\026\006\322\366\026\306"
  45      3B634F18 
  45      638BF10B 
  45      1606D2F6 
ARM GAS  /tmp/ccMIGK9X.s 			page 3


  45      16C6
  46 007d 726D92C4 		.ascii	"rm\222\304\033\023\230\026'_Y\3124'\007\3318\226\001"
  46      1B139816 
  46      275F59CA 
  46      342707D9 
  46      389601
  47 0090 E841B301 		.ascii	"\350A\263\001\313\221\270\0149\360\035/\346p=\257\272"
  47      CB91B80C 
  47      39F01D2F 
  47      E6703DAF 
  47      BA
  48 00a1 8417729D 		.ascii	"\204\027r\2353\220\361\365\217\346]\275\361\364\012"
  48      3390F1F5 
  48      8FE65DBD 
  48      F1F40A
  49 00b0 E0C2D7BE 		.ascii	"\340\302\327\276\332\257\206\345\205\3734\374\204\213"
  49      DAAF86E5 
  49      85FB34FC 
  49      848B
  50 00be EF598B37 		.ascii	"\357Y\2137\347\177\254s\211\005Q{?$\302>H$\354\003\260"
  50      E77FAC73 
  50      8905517B 
  50      3F24C23E 
  50      4824EC03 
  51 00d3 10752FF4 		.ascii	"\020u/\364?os\360\371\300\360\271d_w\271}\301^M\363"
  51      3F6F73F0 
  51      F9C0F0B9 
  51      645F77B9 
  51      7DC15E4D 
  52 00e8 6BE1BB3B 		.ascii	"k\341\273;\270\366\266\3169\374\014<\332\020\217\030"
  52      B8F6B6CE 
  52      39FC0C3C 
  52      DA108F18 
  53 00f8 54C00254 		.ascii	"T\300\002To\252\256\275-\363$aZ\364x\240#\201L\021r"
  53      6FAAAEBD 
  53      2DF32461 
  53      5AF478A0 
  53      23814C11 
  54 010d A848984A 		.ascii	"\250H\230JP\031k*18\010\013H\277)r\2645\216'\013\333"
  54      50196B2A 
  54      3138080B 
  54      48BF2972 
  54      B4358E27 
  55 0123 CAE186E7 		.ascii	"\312\341\206\347\326\344\220\200m\334=\357\373\315\332"
  55      D6E49080 
  55      6DDC3DEF 
  55      FBCDDA
  56 0132 254D26E8 		.ascii	"%M&\350\252\211\366\364A\365\236\303\221\037gXe8\004"
  56      AA89F6F4 
  56      41F59EC3 
  56      911F6758 
  56      653804
  57 0145 C921CE28 		.ascii	"\311!\316(+L\246\032\254\200?tx\250\015\302Zd\264@\013"
  57      2B4CA61A 
  57      AC803F74 
  57      78A80DC2 
  57      5A64B440 
ARM GAS  /tmp/ccMIGK9X.s 			page 4


  58 015a 47E675FE 		.ascii	"G\346u\37650k6\272\300cd\022\261\255@\301+\030\213l"
  58      35306B36 
  58      BAC06364 
  58      12B1AD40 
  58      C12B188B 
  59 016f C37F1687 		.ascii	"\303\177\026\207\210\310)\322b[\360Klo\305@\361\227"
  59      88C829D2 
  59      625BF04B 
  59      6C6FC540 
  59      F197
  60 0181 0F82FFE4 		.ascii	"\017\202\377\344\340\211\220B\336K9\361\2763\377|\253"
  60      E0899042 
  60      DE4B39F1 
  60      BE33FF7C 
  60      AB
  61 0192 42445B45 		.ascii	"BD[E\344\265\265C]J\316\277\232\015\017B\034Dx\217\232"
  61      E4B5B543 
  61      5D4ACEBF 
  61      9A0D0F42 
  61      1C44788F 
  62 01a7 DA2FC4E9 		.ascii	"\332/\304\351P\012:W\340\010\026\3540\205\216\202\302"
  62      500A3A57 
  62      E00816EC 
  62      30858E82 
  62      C2
  63 01b8 13D5DFD8 		.ascii	"\023\325\337\330\324\203DQY\025JmP\003:\004\270\231"
  63      D4834451 
  63      59154A6D 
  63      50033A04 
  63      B899
  64 01ca 56C3B7D7 		.ascii	"V\303\267\327\313M\261\213\222?\012j\200\\28\006*\353"
  64      CB4DB18B 
  64      923F0A6A 
  64      805C3238 
  64      062AEB
  65 01dd 077FD906 		.ascii	"\007\177\331\006\221%\246\202\261\340\201DV\003\247"
  65      9125A682 
  65      B1E08144 
  65      5603A7
  66 01ec 0B6E025F 		.ascii	"\013n\002_(\2429V\327\021\2103y\034mx'\330\321\247i"
  66      28A23956 
  66      D7118833 
  66      791C6D78 
  66      27D8D1A7 
  67 0201 3F688864 		.ascii	"?h\210d\207_&3\011\307!\031\215\012\006\26532ed\007"
  67      875F2633 
  67      09C72119 
  67      8D0A06B5 
  67      33326564 
  68 0216 179C40D9 		.ascii	"\027\234@\331#\360\367<\335V\335\006\343T\347\211\252"
  68      23F0F73C 
  68      DD56DD06 
  68      E354E789 
  68      AA
  69 0227 EE18B10A 		.ascii	"\356\030\261\012\232\203\034X\214\350\331\001\327J\006"
  69      9A831C58 
  69      8CE8D901 
ARM GAS  /tmp/ccMIGK9X.s 			page 5


  69      D74A06
  70 0236 B5249326 		.ascii	"\265$\223&\311\032R\346\022\024\203\223$\347Q\025dp"
  70      C91A52E6 
  70      12148393 
  70      24E75115 
  70      6470
  71 0248 0AAC18C8 		.ascii	"\012\254\030\310i\252\035\260C\204\270G?2\022\227\024"
  71      69AA1DB0 
  71      4384B847 
  71      3F321297 
  71      14
  72 0259 065D0B20 		.ascii	"\006]\013 \013q\244}\260\367\224f\223%T<\003I\202\252"
  72      0B71A47D 
  72      B0F79466 
  72      9325543C 
  72      034982AA 
  73 026d DF876E76 		.ascii	"\337\207nvIx\002u \213\230\031\234\025s\260\277\256"
  73      49780275 
  73      208B9819 
  73      9C1573B0 
  73      BFAE
  74 027f BEDF9954 		.ascii	"\276\337\231ToZ;H\367\317\252#\355\016a\035&k8\0072"
  74      6F5A3B48 
  74      F7CFAA23 
  74      ED0E611D 
  74      266B3807 
  75 0294 91E912F9 		.ascii	"\221\351\022\3713\206%\336\365\367\236'\327$J-\272\300"
  75      338625DE 
  75      F5F79E27 
  75      D7244A2D 
  75      BAC0
  76 02a6 46964F2F 		.ascii	"F\226O/^\371\332\211\305\314\245\242\315\323\271\023"
  76      5EF9DA89 
  76      C5CCA5A2 
  76      CDD3B913 
  77 02b6 A987F366 		.ascii	"\251\207\363fA\367\366\371\253\224\361\212\315\200z"
  77      41F7F6F9 
  77      AB94F18A 
  77      CD807A
  78 02c5 514EC928 		.ascii	"QN\311(\347\215\355Z\000\314j\177F\303p\201\352)z\265"
  78      E78DED5A 
  78      00CC6A7F 
  78      46C37081 
  78      EA297AB5 
  79 02d9 01D4522E 		.ascii	"\001\324R.\023\364?\005\303\307\235Fw)1h.\001f\235\006"
  79      13F43F05 
  79      C3C79D46 
  79      77293168 
  79      2E01669D 
  80 02ee 2C1E1A05 		.ascii	",\036\032\005\230l\200u\225\237+w`\037\032B\031.b\307"
  80      986C8075 
  80      959F2B77 
  80      601F1A42 
  80      192E62C7 
  81 0302 30B80439 		.ascii	"0\270\0049\"U3\265\334\212\335%N\263=\"\273\342\203"
  81      225533B5 
  81      DC8ADD25 
ARM GAS  /tmp/ccMIGK9X.s 			page 6


  81      4EB33D22 
  81      BBE283
  82 0315 5A38CF35 		.ascii	"Z8\3175\305\200\213\336\270<\326d\376\262g\333\270\351"
  82      C5808BDE 
  82      B83CD664 
  82      FEB267DB 
  82      B8E9
  83 0327 E0EEEE7B 		.ascii	"\340\356\356{\021;\277\012\202\231\372\374s~e\2227\031"
  83      113BBF0A 
  83      8299FAFC 
  83      737E6592 
  83      3719
  84 0339 AE4CE1ED 		.ascii	"\256L\341\355*yS\014\256\365\213\375\301/bz\244\370"
  84      2A79530C 
  84      AEF58BFD 
  84      C12F627A 
  84      A4F8
  85 034b B9959312 		.ascii	"\271\225\223\022\301\232=&O\350\223&\321'\315\"\212"
  85      C19A3D26 
  85      4FE89326 
  85      D127CD22 
  85      8A
  86 035c 319260FA 		.ascii	"1\222`\372jt\217\226\314)\011\001\321\324\"h\262\030"
  86      6A748F96 
  86      CC290901 
  86      D1D42268 
  86      B218
  87 036e 2E62CAE2 		.ascii	".b\312\342\245\354[\251,VC\016\327\2502\"\320\223\203"
  87      A5EC5BA9 
  87      2C56430E 
  87      D7A83222 
  87      D09383
  88 0381 4D359512 		.ascii	"M5\225\022A\226r'\332=(\312\035\005\352\013\031\026"
  88      41967227 
  88      DA3D28CA 
  88      1D05EA0B 
  88      1916
  89 0393 E16B7B6B 		.ascii	"\341k{ks\300a\004\021OU\272n\0061p\251\350!\217\032"
  89      73C06104 
  89      114F55BA 
  89      6E063170 
  89      A9E8218F 
  90 03a8 E23601AF 		.ascii	"\3426\001\257\230\356o`Y\320\367\316\313K_?\227\262"
  90      98EE6F60 
  90      59D0F7CE 
  90      CB4B5F3F 
  90      97B2
  91 03ba 3994C6CD 		.ascii	"9\224\306\315W\245\321Ni\214\341\334\2424\234\202\357"
  91      57A5D14E 
  91      698CE1DC 
  91      A2349C82 
  91      EF
  92 03cb C1E69A11 		.ascii	"\301\346\232\021\230\022\3159%\332O\202\265\333/\201"
  92      9812CD39 
  92      25DA4F82 
  92      B5DB2F81 
  93 03db EB01C2EB 		.ascii	"\353\001\302\353\210\246\355\016\341q\003\257\345\005"
ARM GAS  /tmp/ccMIGK9X.s 			page 7


  93      88A6ED0E 
  93      E17103AF 
  93      E505
  94 03e9 DE6B9044 		.ascii	"\336k\220D3\305\241s\002K]\2067\354\275\356\255unq\347"
  94      33C5A173 
  94      024B5D86 
  94      37ECBDEE 
  94      AD756E71 
  95 03fe 515F8CB7 		.ascii	"Q_\214\2672u\0123jt6d5\246\307\366\277\246'\001\356"
  95      32750A33 
  95      6A743664 
  95      35A6C7F6 
  95      BFA62701 
  96 0413 0A441B35 		.ascii	"\012D\0335\347\257X\224>\310\353\254_\374\302\325\360"
  96      E7AF5894 
  96      3EC8EBAC 
  96      5FFCC2D5 
  96      F0
  97 0424 AD8A4AB1 		.ascii	"\255\212J\261^\023 \036\356\231m\274\025\203jL\340\217"
  97      5E13201E 
  97      EE996DBC 
  97      15836A4C 
  97      E08F
  98 0436 21AF2C54 		.ascii	"!\257,Th!\345\230\02503\210\2241\370\015\307\016\261"
  98      6821E598 
  98      15303388 
  98      9431F80D 
  98      C70EB1
  99 0449 753E4B18 		.ascii	"u>K\030\311b\225\220UE!\237\302\352\215 \247\346\356"
  99      C9629590 
  99      5545219F 
  99      C2EA8D20 
  99      A7E6EE
 100 045c 462B143C 		.ascii	"F+\024<{XtG\364\231\005\234p\037\022u>\333H\365j/\030"
 100      7B587447 
 100      F499059C 
 100      701F1275 
 100      3EDB48F5 
 101 0473 F13962AF 		.ascii	"\3619b\257%/{\305\275\3243\335\275\364%\335K\275TI;"
 101      252F7BC5 
 101      BDD433DD 
 101      BDF425DD 
 101      4BBD5449 
 102 0488 31D167EE 		.ascii	"1\321g\356\231\371\202e\\\213\0106\266g&\356\226\017"
 102      99F98265 
 102      5C8B0836 
 102      B66726EE 
 102      960F
 103 049a 5EB55BFA 		.ascii	"^\265[\372\305n\031\277L\355x\277?x\331n\011(\346\334"
 103      C56E19BF 
 103      4CED78BF 
 103      3F78D96E 
 103      0928E6DC 
 104 04ae 2B13E67E 		.ascii	"+\023\346~\200\346~\322\262\3710\203\301CR\266M\222"
 104      80E67ED2 
 104      B2F93083 
 104      C14352B6 
ARM GAS  /tmp/ccMIGK9X.s 			page 8


 104      4D92
 105 04c0 ED5D3297 		.ascii	"\355]2\227\260\031\014N^6\217\304%\3628j\331D\364\373"
 105      B0190C4E 
 105      5E368FC4 
 105      25F2386A 
 105      D944F4FB 
 106 04d4 758EB13D 		.ascii	"u\216\261=\362@\354\221!\261Gb\227\306\360\370\322 "
 106      F240EC91 
 106      21B14762 
 106      97C6F0F8 
 106      D220
 107 04e6 E76C985A 		.ascii	"\347l\230Z\263\245\336\354=\007e\274\005\367\005\326"
 107      B3A5DEEC 
 107      3D0765BC 
 107      05F705D6 
 108 04f6 194DDE4C 		.ascii	"\031M\336LIQ\215\277L\237\352\315V}^\267\352N\367\370"
 108      49518DBF 
 108      4C9FEACD 
 108      567D5EB7 
 108      EA4EF7F8 
 109 050a D6A4B899 		.ascii	"\326\244\270\231\224\235\305\361\211\273\263\263,\033"
 109      949DC5F1 
 109      89BBB3B3 
 109      2C1B
 110 0518 56AD5D9F 		.ascii	"V\255]\237\366n\264\262;\323\343\311\\\247fez\263}\352"
 110      F66EB4B2 
 110      3BD3E3C9 
 110      5CA76665 
 110      7AB37DEA 
 111 052c 47CB5397 		.ascii	"G\313S\227\245nDKw\2467m\345\206%\236\224t\366\376\024"
 111      A56E444B 
 111      77A6376D 
 111      E586259E 
 111      9474F6FE 
 112 0541 DA691BB3 		.ascii	"\332i\033\263\325e\251+>Y\241f\254s\257]\277:Mu{|\031"
 112      D565A92B 
 112      3E59A166 
 112      AC73AF5D 
 112      BF3A4D75 
 113 0558 BE956BDC 		.ascii	"\276\225k\334n\264x+&\230q\235t\337&\037\312g\246\256"
 113      6EB4782B 
 113      2698719D 
 113      74DF261F 
 113      CA67A6AE 
 114 056c 58EEFA74 		.ascii	"X\356\372t\225/-\313\233\261\310\225\374\036\223\274"
 114      952F2DCB 
 114      9BB1C895 
 114      FC1E93BC 
 115 057c 4CF1A479 		.ascii	"L\361\244y2\275\233\030\317\376<\3135\275\275;}5:\370"
 115      32BD9B18 
 115      CFFE3CCB 
 115      35BDBD3B 
 115      7D353AF8 
 116 0590 0F63D961 		.ascii	"\017c\331a\003"
 116      03
 117              		.text
 118              		.section	.gnu.lto_chMsgWait.3e7ca4453e60bd6c,"",%progbits
ARM GAS  /tmp/ccMIGK9X.s 			page 9


 119 0000 789C8D55 		.ascii	"x\234\215U[L\024W\030>\377\234\331\235e\027(O\246Qc"
 119      5B4C1457 
 119      183EFF9C 
 119      D99D6517 
 119      284FA651 
 120 0015 D7874D34 		.ascii	"\327\207M4\261L\233\3306M\372\320\326\247>\360\242I"
 120      B14C9BD8 
 120      364DFAD0 
 120      D6A73EF0 
 120      A249
 121 0027 1FFA6274 		.ascii	"\037\372bt%B\342\012\335E\243O\014\013\206\"\006mj\225"
 121      2542E20A 
 121      DD45A34F 
 121      0C0B8622 
 121      066D6A95 
 122 003b 056108D8 		.ascii	"\005a\010\330x\241 B\265\342\205\242\313UA\005\245U"
 122      78A12042 
 122      B5E285A2 
 122      CB554105 
 122      A555
 123 004d 41AB5CE4 		.ascii	"A\253\\\344\242MzQ{\323\265\377\177\316\200\260,\024"
 123      A24D7A51 
 123      7BD3B5FF 
 123      7FCE80B0 
 123      2C14
 124 005f 420666FE 		.ascii	"B\006f\376\353\367\375\3379\277\215),7\2161\015\030"
 124      EBF7FDDF 
 124      39BF8D29 
 124      2C378E31 
 124      0D18
 125 0071 7B873106 		.ascii	"{\2071\0066\006\312\276\253\214\3458\024\205?\325\230"
 125      3606CABE 
 125      AB8CE538 
 125      14853FD5 
 125      98
 126 0082 E1544BDB 		.ascii	"\341TK\333\0303\3429\250\362\273\012@\377\030\016`\331"
 126      1833E239 
 126      A8F2BB0A 
 126      40FF180E 
 126      60D9
 127 0094 0A57211B 		.ascii	"\012W!\033\366\362\203\034z\362\352\016\361\"nr\006"
 127      F6F2831C 
 127      7AF2EA0E 
 127      F1226E72 
 127      06
 128 00a5 2ABEFED6 		.ascii	"*\276\376\326]2\224H\257\000n|-5z\013\264\225G\014#"
 128      5D329448 
 128      AF006E7C 
 128      2D357A0B 
 128      B495470C 
 129 00ba 68341FBC 		.ascii	"h4\037\274\247\225\326_7\342L\256\260\020\272\037\205"
 129      A795D65F 
 129      37E24CAE 
 129      B010BA1F 
 129      85
 130 00cb A5700496 		.ascii	"\245p\004\226R\365c\260\222\241w\313\310\363^\027_\006"
 130      52F563B0 
ARM GAS  /tmp/ccMIGK9X.s 			page 10


 130      92A177CB 
 130      C8F35E17 
 130      5F06
 131 00dd F47F4E75 		.ascii	"\364\177Nu\351\241xO\225\210l3\027\177\231kt\030*\206"
 131      E9A1784F 
 131      95886C33 
 131      177F996B 
 131      74182A86 
 132 00f1 C271E033 		.ascii	"\302q\3403\243\031\271\017\236\214|\235`W\241\032<\224"
 132      A319B90F 
 132      9E8C7C9D 
 132      6057A11A 
 132      3C94
 133 0103 1C737E0B 		.ascii	"\034s~\013v\004\007Q\251\256\264\274\033\2527\214\202"
 133      76040751 
 133      A9AEB4BC 
 133      1BAA378C 
 133      82
 134 0114 0FE74805 		.ascii	"\017\347H\0055\3409\321\013\315F\344e>\266\274\254\374"
 134      35E039D1 
 134      0BCD46E4 
 134      653EB6BC 
 134      ACFC
 135 0126 D958A127 		.ascii	"\331X\241'\2113tW\351a\247\207\206\017\036G\017\247"
 135      89337457 
 135      E961A787 
 135      860F1E47 
 135      0FA7
 136 0138 0870D147 		.ascii	"\010p\321G\306vc]\242\250\020_\360/\037\001\205Z\033"
 136      C676635D 
 136      A2A8105F 
 136      F02F1F01 
 136      855A1B
 137 014b 3D9F7F13 		.ascii	"=\237\177\023\370\307\002\325\251\246[\305N\253\225"
 137      F8C702D5 
 137      A9A65BC5 
 137      4EAB95
 138 015a F6D08A92 		.ascii	"\366\320\212\222\334+{\214\212`\222\211|\326\306h\346"
 138      DC2B7B8C 
 138      8A609289 
 138      7CD6C668 
 138      E6
 139 016b 04783028 		.ascii	"\004x0(\177\334\270\240\022\247*\270\241\016m\023\020"
 139      7FDCB8A0 
 139      12A72AB8 
 139      A10E6D13 
 139      10
 140 017c 1C3CB7B7 		.ascii	"\034<\267\267\256\027\246\200\347\031\370\323\374\325"
 140      AE17A680 
 140      E719F8D3 
 140      FCD5
 141 018a 134DE00E 		.ascii	"\023M\340\016q`Q\246p\215{=\203\223dSf\331B+J9\325b"
 141      716051A6 
 141      708D7B3D 
 141      83936453 
 141      66D9422B 
 142 01a2 504F0E7C 		.ascii	"PO\016|\032\241\014\032\300\216\235|Gl\002\353\240\222"
ARM GAS  /tmp/ccMIGK9X.s 			page 11


 142      1AA10C1A 
 142      C08E9D7C 
 142      476C02EB 
 142      A092
 143 01b4 9566FD5F 		.ascii	"\225f\375_\316\345\267\3014\212\335&\267\221w\315\320"
 143      CEE5B7C1 
 143      348ADD26 
 143      B79177CD 
 143      D0
 144 01c5 39C3A122 		.ascii	"9\303\241\"\007p\012\226\213\201\374\372\370f\277\202"
 144      07700A96 
 144      8B81FCFA 
 144      F866BF82 
 145 01d5 5FE034A8 		.ascii	"_\3404\250\242i\006\337\013\205\034m\012\217\304/\037"
 145      A26906DF 
 145      0B851C6D 
 145      0A8FC42F 
 145      1F
 146 01e6 B0A2EDE4 		.ascii	"\260\242\355\344\373{m}\237KD\237\241hh\004\225\215"
 146      FB7B6D7D 
 146      9F4B449F 
 146      A1686804 
 146      958D
 147 01f8 40D02D08 		.ascii	"@\320-\010`l\034\202g\377\036\2144\003a+\343\244\272"
 147      606C1C82 
 147      67FF1E8C 
 147      3403612B 
 147      E3A4BA
 148 020b 03BB2E5D 		.ascii	"\003\273.]\323\210\022M ml|\334\257e\2770\034\370\241"
 148      D388124D 
 148      206D6C7C 
 148      DCAF65BF 
 148      301CF8A1 
 149 021f 8A4B454C 		.ascii	"\212KELt\365\2658M(\003\223;\340\034\312\365,5\201\206"
 149      74F5B538 
 149      4D280393 
 149      3BE01CCA 
 149      F52C3581 
 150 0234 A2337505 		.ascii	"\2423u\005\016\275\206\240W\014\2425\016\316\203\011"
 150      0EBD86A0 
 150      570CA235 
 150      0ECE8309 
 151 0244 C5DC5252 		.ascii	"\305\334RR\353\236\236\303\223\346\215\244\222\013\240"
 151      EB9E9EC3 
 151      93E68DA4 
 151      920BA0
 152 0253 1723A1D8 		.ascii	"\027#\241\330W\023\350\242/\352#JW\221\362E\363J\024"
 152      5713E8A2 
 152      2FEA234A 
 152      5791F245 
 152      F34A14
 153 0266 7E000FB6 		.ascii	"~\000\017\266.\261t\265\367\365hQC8\370L{\235\234\254"
 153      2EB174B5 
 153      F7F56851 
 153      4338F84C 
 153      7B9D9CAC 
 154 027a 01AA3366 		.ascii	"\001\2523f\320,fp\221\320\253\323\321+\002\375\237\355"
ARM GAS  /tmp/ccMIGK9X.s 			page 12


 154      D02C6670 
 154      91D0ABD3 
 154      D12B02FD 
 154      9FED
 155 028c 97BF8897 		.ascii	"\227\277\210\227H\235X\003.Y@\277\031\016\326j\022\311"
 155      489D5803 
 155      2E5940BF 
 155      190ED66A 
 155      12C9
 156 029e FD86F245 		.ascii	"\375\206\362E%\237\232\334\005a\201U\2219\321\351\306"
 156      259F9ADC 
 156      05618155 
 156      9139D1E9 
 156      C6
 157 02af 3EA3182C 		.ascii	">\243\030,\270\317\200R\266\020^.\035\240\025!c\317"
 157      B8CF8052 
 157      B6105E2E 
 157      1DA01521 
 157      63CF
 158 02c1 FFE41F4B 		.ascii	"\377\344\037K\220\365\343\026V\260\3424\247jmQ\325\372"
 158      90F5E316 
 158      56B0E234 
 158      A76A6D51 
 158      D5FA
 159 02d3 0F5F3CEC 		.ascii	"\017_<\354\302A\221\307q\364\340\320\016\272\254\324"
 159      C24191C7 
 159      71F4E0D0 
 159      0EBAACD4 
 160 02e3 01D944EE 		.ascii	"\001\331D\356\375\302\177s\355\342\360\022\031l\030"
 160      FDC27F73 
 160      EDE2F012 
 160      196C18
 161 02f2 F2EE8457 		.ascii	"\362\356\204W\313\301\253X]\220Y\210\355=\325\370#\310"
 161      CBC1AB58 
 161      5D905988 
 161      ED3DD5F8 
 161      23C8
 162 0304 ABF863AF 		.ascii	"\253\370c\257\215\214Q\"\210\017\241,\031tbJ4\274\030"
 162      8D8C5122 
 162      880FA12C 
 162      1974624A 
 162      34BC18
 163 0317 C8892844 		.ascii	"\310\211(DW\002$\302eXj\362D\221D\025\247\224&2\036"
 163      570224C2 
 163      65586AF2 
 163      44914415 
 163      A7942632 
 164 032c 194A9435 		.ascii	"\031J\2245\354\013Q\323\225\330jr\223\226\272\346\320"
 164      EC0B51D3 
 164      95D86A72 
 164      9396BAE6 
 164      D0
 165 033d 929BA8ED 		.ascii	"\222\233\250\355\236\222\322\325I^\013\270,\254M\343"
 165      9E92D2D5 
 165      495E0BB8 
 165      2CAC4DE3 
 166 034d 3587E8A9 		.ascii	"5\207\350\251T\230\240\327\036\213^7\221{\315\"\227"
ARM GAS  /tmp/ccMIGK9X.s 			page 13


 166      5498A0D7 
 166      1E8B5E37 
 166      917BCD22 
 166      97
 167 035e 4533BB91 		.ascii	"E3\273\221\210\275\216\025\030\364HV'%;Pz/\022\307\363"
 167      88BD8E15 
 167      18F44856 
 167      27253B50 
 167      7A2F12C7 
 168 0373 A46EC2BB 		.ascii	"\244n\302\273.\006\265\331\372\345\320\033C\2777H\277"
 168      2E06B5D9 
 168      FAE5D01B 
 168      43BF3748 
 168      BF
 169 0384 9AD46FE7 		.ascii	"\232\324o\347\330\325\036\036\255\337\347\232\235\234"
 169      D8D51E1E 
 169      ADDFE79A 
 169      9D9C
 170 0392 2CFDDAA7 		.ascii	",\375\332\247_\3125\364\371\246\320p\037au\242\355\341"
 170      5FCA35F4 
 170      F9A6D070 
 170      1F6175A2 
 170      EDE1
 171 03a4 FE9C9750 		.ascii	"\376\234\227P$$\260\012_\373\256u\027\273$\277.\302"
 171      2424B00A 
 171      5FFBAE75 
 171      17BB24BF 
 171      2EC2
 172 03b6 FCA38579 		.ascii	"\374\243\205y\264c\377\030\2674|\244rI\3503\242\361"
 172      B463FF18 
 172      B7347CA4 
 172      7249E833 
 172      A2F1
 173 03c8 27019CCB 		.ascii	"'\001\234\313\234pK\236\312\212\355\224\234ja\001\321"
 173      9C704B9E 
 173      CA8AED94 
 173      9C6A6101 
 173      D1
 174 03d9 E7F84043 		.ascii	"\347\370@C\235\"+\272f\251\326\031S\265t\002\\p[\344"
 174      9D222BBA 
 174      66A9D619 
 174      53B57402 
 174      5C705BE4 
 175 03ed 5765FEA8 		.ascii	"We\376\2503R\257P\007w\2543\"\032\350\227\263<\320\371"
 175      3352AF50 
 175      0777AC33 
 175      221AE897 
 175      B33CD0F9 
 176 0401 3E155B18 		.ascii	">\025[\030\230\212\305\224f`\006\220\273\240c\247\224"
 176      988AC594 
 176      66600690 
 176      BBA063A7 
 176      94
 177 0412 AA64FC6E 		.ascii	"\252d\374n\3030X\331f\366\355\212\331\267\237\332\276"
 177      C33058D9 
 177      66F6ED8A 
 177      D9B79FDA 
ARM GAS  /tmp/ccMIGK9X.s 			page 14


 177      BE
 178 0423 374FDBB5 		.ascii	"7O\333\265\342h\377Lm\333\254r\367\251\234&\317\\$,"
 178      E268FF4C 
 178      6DDBAC72 
 178      F7A99C26 
 178      CF5C242C 
 179 0437 2E5731C0 		.ascii	".W1\300)\275\210\271\275z\253\266\356\342'c/\2534KO"
 179      29BD88B9 
 179      BD7AABB6 
 179      EEE22763 
 179      2FAB344B 
 180 044c 3314BB68 		.ascii	"3\024\273hnbQ\257\257\301\003\321\237\235\3244\010:"
 180      6E6251AF 
 180      AFC103D1 
 180      9F9DD434 
 180      083A
 181 045e 3A544D34 		.ascii	":TM4\206m\362`&\300\020FY\0333jK\226\375\317\226\034"
 181      866DF260 
 181      26C01046 
 181      591B336A 
 181      4B96FDCF 
 182 0474 165B72EA 		.ascii	"\026[r\352RTqQ\215\314\267%\3679-\221j3.\331\207$\320"
 182      52547151 
 182      8DCCB725 
 182      F7392D91 
 182      6A332ED9 
 183 048b 596BF383 		.ascii	"Yk\363\203t\006\243\344\354\230\2756W\227q*\316`l\366"
 183      7406A3E4 
 183      EC98BD36 
 183      5797712A 
 183      CE606CF6 
 184 049f DA1C1772 		.ascii	"\332\034\027r\237\230\2666#\346\203&\327\344F\034\021"
 184      9F98B636 
 184      23E68326 
 184      D7E4461C 
 184      11
 185 04b0 1BF191D8 		.ascii	"\033\361\221\330\210\321\353\357\361\324\372\243\344"
 185      88D1EBEF 
 185      F1D4FAA3 
 185      E4
 186 04bd EC171AD0 		.ascii	"\354\027\032\320\356V\273\274'\234\004y7^\"xwa\310\222"
 186      EE56BBBC 
 186      279C0479 
 186      375E2278 
 186      7761C892 
 187 04d1 E4645DFE 		.ascii	"\344d]\376f\004t\177\226\036\360{uo\232/\2609\331\313"
 187      6604747F 
 187      961EF07B 
 187      756F9A2F 
 187      B039D9CB 
 188 04e5 94AC4C77 		.ascii	"\224\254Lw\2249}\253w\313\266M\251\350\022\360\246m"
 188      94397DAB 
 188      77CBB64D 
 188      A9E812F0 
 188      A66D
 189 04f7 4A4E63B6 		.ascii	"JNc\266\355\033\266lK}s\272\2337\303\347\313\330\252"
 189      ED1BB66C 
ARM GAS  /tmp/ccMIGK9X.s 			page 15


 189      4B7D73BA 
 189      9B37C3E7 
 189      CBD8AA
 190 050a 6766F8B3 		.ascii	"gf\370\263\002\372GkS\326\244\354@\177o\206?u\375\366"
 190      02FA476B 
 190      53D6A4EC 
 190      407F6F86 
 190      3F75FDF6 
 191 051e F77C18F3 		.ascii	"\367|\030\363v\014\357\324\035Y\372\232\224u\237\254"
 191      760CEFD4 
 191      1D59FA9A 
 191      94759FAC 
 192 052e 7B55C217 		.ascii	"{U\302\027H\017\254\337\354\365b\304\033s\267\2613\200"
 192      480FACDF 
 192      ECF562C4 
 192      1B73B7B1 
 192      3380
 193 0540 F6A49475 		.ascii	"\366\244\224uk\335\0337\004R3\375\351\253\334\236\267"
 193      6BDD1B37 
 193      045233FD 
 193      E9ABDC9E 
 193      B7
 194 0551 98E2679A 		.ascii	"\230\342g\232/\325\227\341\3379O,\241Lc<\353\363\314"
 194      2FD597E1 
 194      DF394F2C 
 194      A14C633C 
 194      EBF3CC
 195 0564 FF003ACA 		.ascii	"\377\000:\312`#"
 195      6023
 196              		.text
 197              		.section	.gnu.lto_chMsgRelease.3e7ca4453e60bd6c,"",%progbits
 198 0000 789C8553 		.ascii	"x\234\205SKO\023Q\024>g\356\364a\301\307R\243\321!\261"
 198      4B4F1351 
 198      143E67EE 
 198      F461C1C7 
 198      52A3D121 
 199 0015 211AEDE8 		.ascii	"!\032\355\350F6n\214+M\330\310\017 :6\224\304Z\322\251"
 199      46366E8C 
 199      2B4DD8C8 
 199      0F203A36 
 199      94C45AD2 
 200 002a 0657BD12 		.ascii	"\006W\275\022\220\250\361\021\025\265\212\031\025\011"
 200      90A8F111 
 200      15B58A19 
 200      1509
 201 0038 208288CF 		.ascii	" \202\210\317\012\224\202\".|\304\006\245\221\205\210"
 201      0A948222 
 201      2E7CC406 
 201      A5918588 
 202 0048 20513151 		.ascii	" Q1QW\306(z\356m!\2455:\351d\356\235\363}\347~\337\231"
 202      57C6287A 
 202      EE6D21A5 
 202      353AE964 
 202      EE9DF37D 
 203 0060 AF365080 		.ascii	"\2576P\200\253\000\357\001`)\335\310\000\225\343\317"
 203      AB00EF01 
 203      6029DDC8 
ARM GAS  /tmp/ccMIGK9X.s 			page 16


 203      0095E3CF 
 204 0070 00F63B15 		.ascii	"\000\366;\025D\261\340N\204\260\202a<\306\3160\354\257"
 204      44B1E04E 
 204      84B08261 
 204      3CC6CE30 
 204      ECAF
 205 0082 7D1F5556 		.ascii	"}\037UV5q\272\342gb\256\003\274f\261\305\000\"t\213"
 205      3571BAE2 
 205      6762AE03 
 205      BC66B1C5 
 205      0022748B 
 206 0096 0B9B7015 		.ascii	"\013\233p\025\241^Tw\324\263\243\314b\210*m\277>=\367"
 206      A15E5477 
 206      D4B3A3CC 
 206      62882A6D 
 206      BF3E3DF7 
 207 00aa 6E81D82A 		.ascii	"n\201\330*\250\321\366\341\304\317D\036[\216@\353\372"
 207      A8D1F6E1 
 207      C4CF441E 
 207      5B8E40EB 
 207      FA
 208 00bb A6D12BF3 		.ascii	"\246\321+\363\012\0339\257\342\361\251\223\214\257\264"
 208      0A1B39AF 
 208      E2F1A993 
 208      8CAFB4
 209 00ca 18C3ABC8 		.ascii	"\030\303\253\310\250!\266\3402l\306e@\257\000[\261\220"
 209      A821B6E0 
 209      326CC665 
 209      40AF005B 
 209      B190
 210 00dc E04F3AA2 		.ascii	"\340O:\242\303*+\220\324S\237&\223\013\005\225\244\374"
 210      C32A2B90 
 210      D4539F26 
 210      930B0595 
 210      A4FC
 211 00ee 3C25A92A 		.ascii	"<%\251*^\313\246\252\200mX(\360c7\246\353\346\333\325"
 211      5ECBA6AA 
 211      806D5828 
 211      F06337A6 
 211      EBE6DBD5 
 212 0102 8619B9D8 		.ascii	"\206\031\271\330\216v\244\347\365\004\306\371\364\357"
 212      8E76A4E7 
 212      F504C6F9 
 212      F4EF
 213 0110 5A1E1F6F 		.ascii	"Z\036\037o\304\221\255\016\362M\207\221t\301\203C\004"
 213      C491AD0E 
 213      F24D8791 
 213      74C18343 
 213      04
 214 0121 156338CC 		.ascii	"\025c8\314\024\361d\023\250\210f\223\335\265C\310\334"
 214      14F16413 
 214      A8886693 
 214      DDB543C8 
 214      DC
 215 0132 52C8ED58 		.ascii	"R\310\355X\362\254\313\335 =\274\031X\035I\216s~\202"
 215      F2ACCBDD 
 215      203DBC19 
ARM GAS  /tmp/ccMIGK9X.s 			page 17


 215      581D498E 
 215      737E82
 216 0145 A3C56C78 		.ascii	"\243\305lx}\256\0349\242\016t\023\251\366\003\357Q\305"
 216      7DAE1C39 
 216      A20E7413 
 216      A9F603EF 
 216      51C5
 217 0157 4C6CA8E1 		.ascii	"Ll\250\341\015\252}\304\252\261\311#\035\011\234\225"
 217      0DAA7DC4 
 217      AAB1C923 
 217      1D099C95 
 218 0167 5A2DAD9D 		.ascii	"Z-\255\235L\270\244\324\010C\310*\215\264h\245\200\235"
 218      4CB8A4D4 
 218      0843C82A 
 218      8DB468A5 
 218      809D
 219 0179 A2A6E4D4 		.ascii	"\242\246\344\324\006<K\304Q\2007E\235eL\000\360\026"
 219      063C4BC4 
 219      51803745 
 219      9D654C00 
 219      F016
 220 018b DA49C86D 		.ascii	"\332I\310m\341\037\241U\234x\331\352\374\356*\350F\213"
 220      E11FA155 
 220      9C78D9EA 
 220      FCEE2AE8 
 220      468B
 221 019d 9FD52C66 		.ascii	"\237\325,f\027\350\266w]\334\251*\004\274\203\005 \336"
 221      17E8B677 
 221      5DDCA92A 
 221      04BC8305 
 221      20DE
 222 01af 7C991A1A 		.ascii	"|\231\032\032Q\350\015\336EUj\006\274'?ps\354\301D~"
 222      51E80DDE 
 222      45556A06 
 222      BC273F70 
 222      73ECC144 
 223 01c4 416F9AED 		.ascii	"Ao\232\355\020\330o\355\235/\363$;*\330x\037U\230\300"
 223      10D86FED 
 223      9D2FF324 
 223      3B2AD878 
 223      1F5598C0 
 224 01d8 2A4DFA07 		.ascii	"*M\372\007\261\034=\330b\023\306\010\274\277\365|}~"
 224      B11C3DD8 
 224      6213C608 
 224      BCBFF57C 
 224      7D7E
 225 01ea 7A82D32D 		.ascii	"z\202\323-\371\021\036\257\326\376\022\0049\276.t_ "
 225      F9111EAF 
 225      D6FE1204 
 225      39BE2E74 
 225      5F20
 226 01fc BBD4E062 		.ascii	"\273\324\340bS\035K7\250\3731|)O4\340\231\015r\342 "
 226      531D4B37 
 226      A8FB317C 
 226      294F34E0 
 226      990D72E2 
 227 0211 1B748B06 		.ascii	"\033t\213\006\014>a\315ho\375\353\301\234y\277r\011"
ARM GAS  /tmp/ccMIGK9X.s 			page 18


 227      0C3E61CD 
 227      686FFDEB 
 227      C19C79BF 
 227      7209
 228 0223 8838273D 		.ascii	"\2108'=wu\316\354z\344\354b(g\024\215N\2158\302\277"
 228      7775CEEC 
 228      7AE4EC62 
 228      2867148D 
 228      4E8D38C2 
 229 0238 B8D362CE 		.ascii	"\270\323b\316\010}JQ\304^\014\003I\244C,6O\232\226Q"
 229      087D4A51 
 229      C45E0C03 
 229      49A4432C 
 229      364F9A96 
 230 024d EB4AFB4E 		.ascii	"\353J\373N\355\272S;%7@\033\376\027\240\270\014\320"
 230      EDBA533B 
 230      2537401B 
 230      FE17A0B8 
 230      0CD0
 231 025f E99AFEE7 		.ascii	"\351\232\376\347\216T\200\000\373\376\025\240\344L\200"
 231      8E548000 
 231      FBFE15A0 
 231      E44C80
 232 026e EC738CF4 		.ascii	"\354s\214\364\013#9\211\332X\016\370@\200\0359\265\306"
 232      0B233989 
 232      DA580EF8 
 232      40801D39 
 232      B5C6
 233 0280 A225E26C 		.ascii	"\242%\342l\300\207\271\211\032\220Sy\224\221\250i\353"
 233      C087B989 
 233      1A905379 
 233      9491A869 
 233      EB
 234 0291 6D2C6F26 		.ascii	"m,o&,}2,\2032,\331\311x<\233\014\321\034>S2\016\267"
 234      2C7D322C 
 234      83322CD9 
 234      C9783C9B 
 234      0CD11C3E 
 235 02a9 B9856269 		.ascii	"\271\205bi\367\020\345\236\376x\204_\352\361\350\251"
 235      F710E59E 
 235      FE78845F 
 235      EAF1E8A9 
 236 02b9 5FC0D483 		.ascii	"_\300\324\203!\335\014\032\272\341\363\233e\036\003"
 236      21DD0C1A 
 236      BAE1F39B 
 236      651E03
 237 02c8 945005A3 		.ascii	"\224P\005\243\225m\357\366]{\274k3\201F\300\357\017"
 237      956DEFF6 
 237      5D7BBC6B 
 237      338146C0 
 237      EF0F
 238 02da ECD62B02 		.ascii	"\354\326+\002\301\220\251o\332V\274\271\270\222XF \350"
 238      C190A96F 
 238      DA56BCB9 
 238      B8925846 
 238      20E8
 239 02ec 2DDD5BE4 		.ascii	"-\335[\344\367\370`\375_\320\336\312\220\276\271\270"
ARM GAS  /tmp/ccMIGK9X.s 			page 19


 239      F7F860FD 
 239      5FD0DECA 
 239      90BEB9B8 
 240 02fc 644B895E 		.ascii	"dK\211^\276\333\330\265g\247W7\374f\271YZf\030\304X"
 240      BEDBD8B5 
 240      67A75737 
 240      FC66B959 
 240      5A6618C4 
 241 0311 91256416 		.ascii	"\221%d\026\3433\367\231T_T\\\262M\333\261\335\364V\004"
 241      E333F799 
 241      545F545C 
 241      B24DDBB1 
 241      DDF45604 
 242 0325 CBD768EE 		.ascii	"\313\327h\356u\240\004\301\341\367\372\003\301}\377"
 242      75A004C1 
 242      E1F7FA03 
 242      C17DFF
 243 0334 E00A233E 		.ascii	"\340\012#>\370\003<\216\260\006"
 243      F8033C8E 
 243      B006
 244              		.text
 245              		.section	.gnu.lto_.symbol_nodes.3e7ca4453e60bd6c,"",%progbits
 246 0000 789C55C9 		.ascii	"x\234U\311=\012\002A\020D\341W\3353^c=\212\236\254'"
 246      3D0A0241 
 246      1044E157 
 246      DD335E63 
 246      3D8A9EAC 
 247 0015 303311BC 		.ascii	"03\021\274\315\342\317\012\253\202\201w\020d#\317 \216"
 247      CDE2CF0A 
 247      AB828177 
 247      106423CF 
 247      208E
 248 0027 464E2505 		.ascii	"FN%\005\337\313\030[\352l\247\200\315\035\352\365e\011"
 248      DFCB185B 
 248      EA6CA780 
 248      CD1DEAF5 
 248      6509
 249 0039 F928E6DF 		.ascii	"\371(\346\337\262W\250)vPX#:)\374'P\312\242\302\240"
 249      B257A829 
 249      76505823 
 249      3A29FC27 
 249      50CAA2C2 
 250 004e 480D9C15 		.ascii	"H\015\234\025\371\037\234\314\363vu'\261Z\277:\267\304"
 250      F91F9CCC 
 250      F3767527 
 250      B15ABF3A 
 250      B7C4
 251 0060 7899E43E 		.ascii	"x\231\344>c|\274\305\007O/$\302"
 251      637CBCC5 
 251      074F2F24 
 251      C2
 252              		.text
 253              		.section	.gnu.lto_.refs.3e7ca4453e60bd6c,"",%progbits
 254 0000 789C6365 		.ascii	"x\234ce`b\340c```\004\"F&&\006F\026\006Fn\006\000\002"
 254      6062E063 
 254      60606004 
 254      22462626 
ARM GAS  /tmp/ccMIGK9X.s 			page 20


 254      06461606 
 255 0019 20002E   		.ascii	" \000."
 256              		.text
 257              		.section	.gnu.lto_.decls.3e7ca4453e60bd6c,"",%progbits
 258 0000 789CB55A 		.ascii	"x\234\265Z{PTYz\357s\317\245\201\246\001W\335\211\225"
 258      7B505459 
 258      7AEF73CF 
 258      A581A601 
 258      57DD8995 
 259 0014 90CD64CA 		.ascii	"\220\315d\312\235!\331(:\263;;SIUfwj\263;\225\235\315"
 259      9D21D928 
 259      3AB33B3B 
 259      53495566 
 259      776AB33B 
 260 002b D4B8339B 		.ascii	"\324\2703\233\252l\322A\354\021vxmw\373\332\177\366"
 260      AA6CD241 
 260      EC117678 
 260      6D77FBDA 
 260      7FF6
 261 003d 42E38387 		.ascii	"B\343\203\207 \012\010\370\000\337 00\242\240\200\312"
 261      200A08F8 
 261      00DF2030 
 261      30A2A080 
 261      CA
 262 004e 43105010 		.ascii	"C\020P\020\3057oDDy\012\310[\310w\036\335\367v\323\255"
 262      C5376F44 
 262      44790AC8 
 262      5BC8771E 
 262      DDF776D3 
 263 0063 934AA58B 		.ascii	"\223J\245\213\217\276\347\334\357|\337\357{\234\357"
 263      8FBEE7DC 
 263      EF7CDFEF 
 263      7B9CEF
 264 0072 9E73FABA 		.ascii	"\236s\372\272\250\004\325\325\265*U\250Z\245Z!\250T"
 264      A804D5D5 
 264      B52A55A8 
 264      5AA55A21 
 264      A854
 265 0084 0BF01155 		.ascii	"\013\360\021U*U\036\020\002\362Q\261\017\334V\231\241"
 265      2A551E10 
 265      02F251B1 
 265      0FDC5699 
 265      A1
 266 0095 6307502C 		.ascii	"c\007P,P\002\320>\240d\304\370\006\220\312\346\343\212"
 266      5002D03E 
 266      A064C4F8 
 266      0690CAE6 
 266      E38A
 267 00a7 55AAE5F0 		.ascii	"U\252\345\360\275T\305\276\213\201\376\015x\006\021"
 267      BD54C5BE 
 267      8B81FE0D 
 267      780611
 268 00b6 933904DF 		.ascii	"\2239\004\337\375@\035@\225\320\036\201\357\027@\237"
 268      FD401D40 
 268      95D01E81 
 268      EF17409F 
 269 00c6 01FD37D0 		.ascii	"\001\3757\320: \021h\002h/\320$P<\220\006x\373\340\373"
ARM GAS  /tmp/ccMIGK9X.s 			page 21


 269      3A201168 
 269      02682FD0 
 269      24503C90 
 269      0678FBE0 
 270 00db 1E900E28 		.ascii	"\036\220\016(\010\350s\240?\001}\011\364[ \023P8\220"
 270      08E873A0 
 270      3F017D09 
 270      F45B2013 
 270      503890
 271 00ee 3BC73C03 		.ascii	";\307<\0034\007$\200}\256\002\303M\360\273\303\265\007"
 271      34072480 
 271      7DAE02C3 
 271      4DF0BBC3 
 271      B507
 272 0100 9040300A 		.ascii	"\220@0\012\213m\360\004\033\226(l\260\340W\342U\332"
 272      8B6DF004 
 272      1B96286C 
 272      B0E057E2 
 272      55DA
 273 0112 F119C73D 		.ascii	"\361\031\307=\311m\214\3476\270*0\177\316q\376I\201"
 273      C96D8CE7 
 273      36B82A30 
 273      7FCE71FE 
 273      4981
 274 0124 95E0DC61 		.ascii	"\225\340\334a\207\363\257\005\206\361o\005\031\247#"
 274      87F3AF05 
 274      86F16F05 
 274      19A723
 275 0133 3FFF0566 		.ascii	"?\377\005f>\371\322\016'\361\267\022\347[0>\206\217"
 275      3EF9D20E 
 275      27F1B712 
 275      E75B303E 
 275      868F
 276 0145 7553B118 		.ascii	"uS\261\030*\365\255\024X,\225\272~$\330\352\332\217"
 276      2AF5AD14 
 276      582C95BA 
 276      7E24D8EA 
 276      DA8F
 277 0157 51D1EE2B 		.ascii	"Q\321\356+\027\205v\324\212\010\313\022\332\213\020"
 277      178576D4 
 277      8A08CB12 
 277      DA8B10
 278 0166 FB8F28D1 		.ascii	"\373\217(\321\346\202\345\203\020\355\207^A\305\023"
 278      E682E583 
 278      10ED875E 
 278      41C513
 279 0175 C5D2852C 		.ascii	"\305\322\205,#x[\340M\201\213\244\177|0RHd\267\231&"
 279      23785BE0 
 279      4D818BA4 
 279      7F7C3052 
 279      4864B799 
 280 018a CB87E52A 		.ascii	"\313\207\345*\273\240\303,\243\221 +@H9@!\220\301\346"
 280      BBA0C32C 
 280      A391202B 
 280      40483940 
 280      2190C1E6 
 281 019e F7ADF854 		.ascii	"\367\255\370T\262q\310b\375\363\264\353\275\232\016"
ARM GAS  /tmp/ccMIGK9X.s 			page 22


 281      B271C862 
 281      FDF3B4EB 
 281      BD9A0E
 282 01ad D4467A33 		.ascii	"\324Fz3?B\264\257\253\370\321\005W, r\3351\235\365/"
 282      3F42B4AF 
 282      ABF8D105 
 282      572C2072 
 282      DD319DF5 
 283 01c2 AB7325F6 		.ascii	"\253s%\366q\363\221\335\266}w\336~M<Fj\015\":]\241\253"
 283      71F391DD 
 283      B67D77DE 
 283      7E4D3C46 
 283      6A0D223A 
 284 01d9 6764A648 		.ascii	"gd\246Hd]\204{+t\035Jk\375\326\013\177\237\212\272\031"
 284      645D847B 
 284      2B741D4A 
 284      6BFDD60B 
 284      7F9F8ABA 
 285 01ee 557010C3 		.ascii	"Up\020\303\355\245\032$\022\315\015\351\217\274\240"
 285      EDA51A24 
 285      12CD0DE9 
 285      8FBCA0
 286 01fd B95C83DE 		.ascii	"\271\\\203\336\334\217\205\201\256\350\0307\344\253"
 286      DC8F8581 
 286      AEE81837 
 286      E4AB
 287 020b 39498696 		.ascii	"9I\206\226/\024\276\023\261S\222\004\364-\322\240<\204"
 287      2F14BE13 
 287      B1539204 
 287      F42DD2A0 
 287      3C84
 288 021d D169B49A 		.ascii	"\321i\264\232\300V\223\304\330EX\366\230%\367_\251P"
 288      C05693C4 
 288      D84558F6 
 288      9825F75F 
 288      A950
 289 022f 3EF241DF 		.ascii	">\362A\337 \037\025*@\276D1\341C\271\320\231\003\235"
 289      201F152A 
 289      40BE4431 
 289      E143B9D0 
 289      99039D
 290 0242 A065747A 		.ascii	"\240etz\344\254\210\267\020\000BL\327\350Ko\244\361"
 290      E4AC88B7 
 290      1000424C 
 290      D7E84B6F 
 290      A4F1
 291 0254 7538FEAC 		.ascii	"u8\376\254\203\361\034K\306\273\347\266\023,\205\200"
 291      83F11C4B 
 291      C6BBE7B6 
 291      132C8580 
 292 0264 E58C8C05 		.ascii	"\345\214\214\005\2401W\334\213knQ\343\353\210*\231~"
 292      A03157DC 
 292      8B6B6E51 
 292      E3EB882A 
 292      997E
 293 0276 569BE761 		.ascii	"V\233\347a\265\343^\311\312\324\031Iz\023\025\303\330"
 293      B5E35EC9 
ARM GAS  /tmp/ccMIGK9X.s 			page 23


 293      CAD41949 
 293      7A1315C3 
 293      D8
 294 0287 73F2D842 		.ascii	"s\362\330B\344\324\220\"\307\206\014\364'\276\320\210"
 294      E4D49022 
 294      C7860CF4 
 294      27BED088 
 295 0297 244789A8 		.ascii	"$G\211\250\365\"\351+\036\312)\366d\036-'\355\254\336"
 295      F522E92B 
 295      1ECA29F6 
 295      641E2D27 
 295      EDACDE
 296 02aa 83F15AD6 		.ascii	"\203\361Z\326\376\000\232\267\233\332O`\034\313\002"
 296      FE009AB7 
 296      9BDA4F60 
 296      1CCB02
 297 02b9 D9569B9D 		.ascii	"\331V\233\235C\274\377\016\213\2277t\345\017\\\230\366"
 297      43BCFF0E 
 297      8B973774 
 297      E50F5C98 
 297      F6
 298 02ca 645D84E3 		.ascii	"d]\204\343V\302\350qW\234D\331\205\264\372{\225\242"
 298      56C2E871 
 298      579C44D9 
 298      85B4FA7B 
 298      95A2
 299 02dc 1C8EB177 		.ascii	"\034\216\261w\022i8\312A\367%\331\214w\270\025\221\213"
 299      126938CA 
 299      41F725D9 
 299      8C77B815 
 299      918B
 300 02ee ACB80C56 		.ascii	"\254\270\014V\274\303\255\270\010\235e\314\212\354\343"
 300      BCC3ADB8 
 300      089D65CC 
 300      8AECE3
 301 02fd 8947D538 		.ascii	"\211G\3258\203\351\250\271\324r_d\361X,\240\312\201"
 301      83E9A8B9 
 301      D4725F64 
 301      F1582CA0 
 301      CA81
 302 030f 004B3CDE 		.ascii	"\000K<\336\252\241\361\250\0040\0252\230rK<\244\244"
 302      AAA1F1A8 
 302      04301532 
 302      98724B3C 
 302      A4A4
 303 0321 D90C4F9C 		.ascii	"\331\014O\234\305\224H\217\253\037\013\316\224\3248"
 303      C594488F 
 303      AB1F0BCE 
 303      94D438
 304 0330 5572AFE4 		.ascii	"Ur\257\344M\026\270jPrEVRiQ\322Z\270\273\312\015\027"
 304      4D16B86A 
 304      50724556 
 304      526951D2 
 304      5AB8BBCA 
 305 0346 30E7A697 		.ascii	"0\347\246\227\216\327\2730\307\273AsO\353t\231\007>"
 305      8ED7BB30 
 305      C7BB4173 
ARM GAS  /tmp/ccMIGK9X.s 			page 24


 305      4FEB7499 
 305      073E
 306 0358 CFEEE54C 		.ascii	"\317\356\345LF\235\363\306\027Y\303\022\261\345<b3\373"
 306      469DF3C6 
 306      1759C312 
 306      B1E53C62 
 306      33FB
 307 036a 2E9CF3C0 		.ascii	".\234\363\300U\354\346\225G\315\265.\270\21652+\273"
 307      55ECE695 
 307      47CDB52E 
 307      B88E3532 
 307      2BBB
 308 037c 56E187EC 		.ascii	"V\341\207\354\272$\271l\320\015w\260F\305\313\007\007"
 308      BA24B96C 
 308      D00D77B0 
 308      46C5CB07 
 308      07
 309 038d 35789835 		.ascii	"5x\2305n\215\\?\344\301\024/!\265\254\267\256F\303\304"
 309      6E8D5C3F 
 309      E4C1142F 
 309      21B5ACB7 
 309      AE46C3C4 
 310 03a1 4B08DA73 		.ascii	"K\010\332s'n\334w\303\223\214\267\264\270\254\206\203"
 310      276EDC77 
 310      C3938CB7 
 310      B4B8AC86 
 310      83
 311 03b2 5C034D73 		.ascii	"\\\003Ms\317\241./,az\257&!*N\203\243iC\310\331\275"
 311      CFA12E2F 
 311      2C617AAF 
 311      26212A4E 
 311      83A36943 
 312 03c9 6BC0695C 		.ascii	"k\300i\\\356;u\331\303\025P!\320=\360\327]\007\376:"
 312      EE3B75D9 
 312      C3155021 
 312      D03DF0D7 
 312      5D07FE3A 
 313 03dd 30D6F6D4 		.ascii	"0\326\366\324\235i\367%\211P2vB\215\223\231\366\356"
 313      9D69F725 
 313      89503276 
 313      428D9399 
 313      F6EE
 314 03ef 85F93FE0 		.ascii	"\205\371?\340\303\354::7\272\306\013\237d\215\243\227"
 314      C3EC3A3A 
 314      37BAC60B 
 314      9F648DA3 
 314      97
 315 0400 4B075C71 		.ascii	"K\007\\q\021kX\012\306RZ0P\326\263\2169\214\253\331"
 315      116B580A 
 315      C6525A30 
 315      50D6B38E 
 315      398CABD9 
 316 0414 BDAED6AB 		.ascii	"\275\256\326\253\005^\370*k\224N\036(\365\306\215\254"
 316      055EF82A 
 316      6B944E1E 
 316      28F5C68D 
 316      AC
ARM GAS  /tmp/ccMIGK9X.s 			page 25


 317 0425 D1F06861 		.ascii	"\321\360haT\203\357\260Fq\372|\271\210[\371\030i6M\213"
 317      5483EFB0 
 317      4671FA7C 
 317      B9885BF9 
 317      1869364D 
 318 043a 3B99CDA5 		.ascii	";\231\315\245y\307vi\254\371\376\214\232\322\013\246"
 318      79C77669 
 318      ACF9FE8C 
 318      9AD20BA6 
 319 044a F47CA739 		.ascii	"\364|\2479\373\330\361\234\215M\036<\351\205{\231\272"
 319      FBD8F19C 
 319      8D4D1E3C 
 319      E9857B99 
 319      BA
 320 045b D9BEA407 		.ascii	"\331\276\244\007\210\301\327B3\262\364A\2427\013U'\215"
 320      88C1D742 
 320      33B2F441 
 320      A2370B55 
 320      278D
 321 046d E4CCAE79 		.ascii	"\344\314\256y\021\217\361p\334\310\034s\303\263\254"
 321      118FF170 
 321      DCC81C73 
 321      C3B3AC
 322 047c 7121712F 		.ascii	"q!q/D?B\244\215\366\324\330R\017\234\304\032\227\022"
 322      443F42A4 
 322      8DF6D4D8 
 322      520F9CC4 
 322      1A9712
 323 048f 46CFBBE3 		.ascii	"F\317\273\343\003\254\261s\252\273\300\033\037\027m"
 323      03ACB173 
 323      AABBC01B 
 323      1F176D
 324 049e F26239CB 		.ascii	"\362b9\313\213g\346\362.\021\347\260{\371\333{\262\335"
 324      8B67E6F2 
 324      2E11E7B0 
 324      7BF9DB7B 
 324      B2DD
 325 04b0 E09E0F54 		.ascii	"\340\236\017T\002\244(\003>\254\014\234-\037\313\023"
 325      02A42803 
 325      3EAC0C9C 
 325      2D1FCB13 
 326 04c0 7101E515 		.ascii	"q\001\345\025\212\316\366\244k\024e\340\215\363\222"
 326      8ACEF6A4 
 326      6B1465E0 
 326      8DF392
 327 04cf B4044D80 		.ascii	"\264\004M\200c\306e\307\370X\253\300\310Q\011\257P\241"
 327      63C665C7 
 327      F858ABC0 
 327      C85109AF 
 327      50A1
 328 04e1 F77CD01A 		.ascii	"\367|\320\032\360\312\013\360\212\017\367\312\030xe"
 328      F0CA0BF0 
 328      8A0FF7CA 
 328      187865
 329 04f0 94D7808C 		.ascii	"\224\327\200\214\254+\236\270\204)HK\2568\353%+\310"
 329      AC2B9EB8 
 329      8429484B 
ARM GAS  /tmp/ccMIGK9X.s 			page 26


 329      AE38EB25 
 329      2BC8
 330 0502 78AB904E 		.ascii	"x\253\220N\355i\3200)k\230@NTL9V\021\271\2579\327\035"
 330      ED69D030 
 330      296B9840 
 330      4E544C39 
 330      5611B9AF 
 331 0519 5732155D 		.ascii	"W2\025]\345U{\261\242\"\177p\217\226\2629P1#\253\230"
 331      E5557BB1 
 331      A2227F70 
 331      8F96B239 
 331      503123AB 
 332 052e 76A662D6 		.ascii	"v\246b\326\261\212\344\364\336\025\270\236y46n>\037"
 332      B18AE4F4 
 332      DE15B89E 
 332      7934366E 
 332      3E1F
 333 0540 E326A6EE 		.ascii	"\343&\246\356\320\245\231\004\331\242n\327\217\220$"
 333      D0A59904 
 333      D9A26ED7 
 333      8F9024
 334 054f 68D0FC77 		.ascii	"h\320\374w\320\264\340XS\333\241\3411\021\337g\252\216"
 334      D0B4E058 
 334      53DBA1E1 
 334      3111DF67 
 334      AA8E
 335 0561 57E5DF74 		.ascii	"W\345\337t\305\355L\325\243\247g\246<\345\244\005UQ"
 335      C5ED4CD5 
 335      A3A767A6 
 335      3CE5A405 
 335      5551
 336 0573 A02A5278 		.ascii	"\240*Rx\275*\263\340P\325P\324\343N^NV\220\352\224\224"
 336      BD2AB3E0 
 336      50D550D4 
 336      E34E5E4E 
 336      5690EA94 
 337 0588 FA1E7EC2 		.ascii	"\372\036~\302\024\017\236h<C\346\257\257\006\375Y\221"
 337      140F9E68 
 337      3C43E6AF 
 337      AF06FD59 
 337      91
 338 0599 34BE2C69 		.ascii	"4\276,i\016&v\357w\307C\014\326\341\201\373fO\305\243"
 338      0E2676EF 
 338      77C7430C 
 338      D6E181FB 
 338      664FC5A3 
 339 05ad FC7DF6EC 		.ascii	"\374}\366\354\210\005l\32126_+\264L\263\364\275\210"
 339      88056CD1 
 339      32365F2B 
 339      B44CB3F4 
 339      BD88
 340 05bf B52A740D 		.ascii	"\265*t\015\200\324\222\351\024\003\350|9\272]\202\017"
 340      80D492E9 
 340      1403E87C 
 340      39BA5D82 
 340      0F
 341 05d0 DA295074 		.ascii	"\332)Pt;\243\262\022<\3604SR\335\262c\263\"o\336\275"
ARM GAS  /tmp/ccMIGK9X.s 			page 27


 341      3BA3B212 
 341      3CF03453 
 341      52DDB263 
 341      B3226FDE 
 342 05e5 4AF3261E 		.ascii	"J\363&\036t\304\311:@\245S%\273\035+i\317o\271\"\342"
 342      74C4C93A 
 342      40A55325 
 342      BB1D2B69 
 342      CF6FB922 
 343 05fa 4817AAE4 		.ascii	"H\027\252\344\326\376\035\303.V-\303\331\270\255*F\222"
 343      D6FE1DC3 
 343      2E562DC3 
 343      D9B8AD2A 
 343      4692
 344 060c 4494086A 		.ascii	"D\224\010j\022d5\361\257P\263\307\261\232\254\341\247"
 344      126435F1 
 344      AF50B3C7 
 344      B19AACE1 
 344      A7
 345 061d 755EDA18 		.ascii	"u^\332\030k\205\245\"-\365D\205\366\012Z\276\316\212"
 345      6B85A522 
 345      2DF54485 
 345      F60A5ABE 
 345      CE8A
 346 062f EC2E8272 		.ascii	"\354.\202rZL\361\240;S\027g\264\270\2146\304\316c\243"
 346      5A4CF1A0 
 346      3B531767 
 346      B4B88C36 
 346      C4CE63A3 
 347 0643 FD6AE4EB 		.ascii	"\375j\344\353\203\220\006\350\244e\215\246B\373AT\222"
 347      839006E8 
 347      A4658DA6 
 347      42FB4154 
 347      92
 348 0654 802D6BDC 		.ascii	"\200-k\334t\011\220\215\374\231t;J\205d\000Hn\251P*"
 348      7409908D 
 348      FC99743B 
 348      4A856400 
 348      486EA950 
 349 0669 C04B0178 		.ascii	"\300K\001x\351P\373H\017y\2225\0349\340\256\341\243"
 349      E950FB48 
 349      0F799235 
 349      1C39E0AE 
 349      E1A3
 350 067b 76BD7214 		.ascii	"v\275r\024p\217\214\265\336\026\224F\245\331\030\225"
 350      708F8CB5 
 350      DE169446 
 350      A5D91895 
 351 068b 6E35AAA2 		.ascii	"n5\252\242\301\234\355\201+\230Q\335/\217\364\270\342"
 351      C19CED81 
 351      2B9851DD 
 351      2F8FF4B8 
 351      E2
 352 069c ABAC3195 		.ascii	"\253\2541\225Zw\334\0237\260\306\336\334\246{j|\223"
 352      5A77DC13 
 352      37B0C6DE 
 352      DCA67B6A 
ARM GAS  /tmp/ccMIGK9X.s 			page 28


 352      7C93
 353 06ae 35DABF99 		.ascii	"5\332\277\231/S\343\333\254\221\321\372<\317\025\337"
 353      2F53E3DB 
 353      AC91D1FA 
 353      3CCF15DF 
 354 06be 6351AAB8 		.ascii	"cQ\252\270s$\333\023i}\025\212\277|C.\316G\001\352\027"
 354      7324DB13 
 354      697D158A 
 354      BF7C432E 
 354      CE4701EA 
 355 06d3 5A1E2B16 		.ascii	"Z\036+\026\311\241\203?\210\220$\204\216\010Z\224)\307"
 355      C9A1833F 
 355      88902484 
 355      8E085A94 
 355      29C7
 356 06e5 F10B2D83 		.ascii	"\361\013-\203\327\031Y\323\354\206;\231\252\347C\267"
 356      D71959D3 
 356      EC863B99 
 356      AAE743B7 
 357 06f5 E73C710F 		.ascii	"\347<q\017kH\323\227\036\252q\037k\264$Ou\272\343~\326"
 357      6B48D397 
 357      1EAA711F 
 357      6BB4244F 
 357      75BAE37E 
 358 070a A8BD137B 		.ascii	"\250\275\023{Y\304C\254q\352Z\247\344\202\237\263FY"
 358      59C443AC 
 358      71EA5AA7 
 358      E4829FB3 
 358      4659
 359 071c CCB53937 		.ascii	"\314\26597<\316\032\351%;#5x\2225r\026\306\022\264x"
 359      3CCE1AE9 
 359      253B2335 
 359      78923572 
 359      16C612B4 
 360 0731 865B5E76 		.ascii	"\206[^v\363\250\300\346\336Jh\236.\217\255\305\254\202"
 360      F3A8C0E6 
 360      DE4A689E 
 360      2E8FADC5 
 360      AC82
 361 0743 670AFBB1 		.ascii	"g\012\373\261G\362\321sW\274\320J\366Y\266\322w\345"
 361      47F2D173 
 361      57BCD04A 
 361      F659B6D2 
 361      77E5
 362 0755 51626DF9 		.ascii	"Qbm\371d-~\232S\037'eV2kN\2005\347\204e\262\3657\251"
 362      642D7E9A 
 362      531F2765 
 362      56326B4E 
 362      8035E784 
 363 076e EBF3C97F 		.ascii	"\353\363\311\177\025\033r\353\277\322\244\362(L\331"
 363      151B72EB 
 363      BFD2A4F2 
 363      284CD9
 364 077d 8FDBB36F 		.ascii	"\217\333\263o\027\010\373Z\231\273R\301}\322\261p\005"
 364      1708FB5A 
 364      99BB52C1 
 364      7DD2B170 
ARM GAS  /tmp/ccMIGK9X.s 			page 29


 364      05
 365 078e 77B7823B 		.ascii	"w\267\202;\303\236\273}\021\367\177\312\334\247\355"
 365      C39EBB7D 
 365      11F77FCA 
 365      DCA7ED
 366 079d B9FDEC98 		.ascii	"\271\375\354\230\237)\230\263\0352+\215\234Qp\237\262"
 366      9F2998B3 
 366      1D322B8D 
 366      9C51709F 
 366      B2
 367 07ae E7AE55F8 		.ascii	"\347\256U\370$\221>\317%\351#Q\205\362 \225s\301\001"
 367      24913ECF 
 367      25E92351 
 367      85F22095 
 367      73C101
 368 07c1 28878F80 		.ascii	"(\207\217\200\274@\305\220>g\204\225\250\020\250"
 368      BC40C590 
 368      3E678495 
 368      A810A8
 369 07d0 08E82C50 		.ascii	"\010\350,P\001\3207@\371@\347\201\276\025V\322\251\306"
 369      01D03740 
 369      F940E781 
 369      BE1556D2 
 369      A9C6
 370 07e2 748F2A74 		.ascii	"t\217*tg9\326M\355b\271\330\330\262\204\346\"p\251x"
 370      6739D64D 
 370      ED62B9D8 
 370      D8B284E6 
 370      2270A978 
 371 07f6 22CAA2DA 		.ascii	"\"\312\242\332\333\227\3565K\265k\250\254c\216\203\305"
 371      DB97EE35 
 371      4BB56BA8 
 371      AC638E83 
 371      C5
 372 0807 EC8094D9 		.ascii	"\354\200\224\331W\277/^TN?%\263\012]\260N\277\366\262"
 372      57BF2F5E 
 372      544E3F25 
 372      B30A5DB0 
 372      4EBFF6B2 
 373 081b A3939EF8 		.ascii	"\243\223\236\370\254\232\344\035\2761|\260L\213V.\363"
 373      AC9AE41D 
 373      BE317CB0 
 373      4C8B562E 
 373      F3
 374 082c 651AA1C8 		.ascii	"e\032\241\310\245?\276\306\022\012F\240\303\240\264"
 374      A53FBEC6 
 374      120A46A0 
 374      C3A0B4
 375 083b CC715C12 		.ascii	"\314q\\\022\371R\210\270\316z\273\204\363\023\327]\004"
 375      F95288B8 
 375      CE7ABB84 
 375      F313D75D 
 375      04
 376 084c D79572D7 		.ascii	"\327\225r\327pc\263\231\261e\266\306\222\271\020\371"
 376      7063B399 
 376      B165B6C6 
 376      92B910F9 
ARM GAS  /tmp/ccMIGK9X.s 			page 30


 377 085c 6410E30A 		.ascii	"d\020\343\012\212\011\365\367\346\334\025p\015k\034"
 377      8A09F5F7 
 377      E6DC1570 
 377      0D6B1C
 378 086b ECA86CE7 		.ascii	"\354\250l\347+\307+t\303\336\221\024\255\3453\203l$"
 378      2BC72B74 
 378      C3DE9114 
 378      ADE53383 
 378      6C24
 379 087d 9F4C4CDC 		.ascii	"\237LL\334U\343&\306\\\270\220\275\003\343\273\264\361"
 379      55E326C6 
 379      5CB890BD 
 379      03E3BBB4 
 379      F1
 380 088e 4F5D31A7 		.ascii	"O]1\247\322\325`\032\314\030\3552\376\007-\230=\276"
 380      D2D5601A 
 380      CC18ED32 
 380      FE072D98 
 380      3DBE
 381 08a0 E40BFE2F 		.ascii	"\344\013\376/g\267`:\255\324j\341\037\271\340\037\270"
 381      67B7603A 
 381      ADD46AE1 
 381      1FB9E01F 
 381      B8
 382 08b1 EBCB7DB2 		.ascii	"\353\313}\262\320\202\373\252\033\231O\2402\243\035"
 382      D082FBAA 
 382      1B994FA0 
 382      32A31D
 383 08c0 6063B5B3 		.ascii	"`c\265\263@(\023\252\002\022\252\234$\324e>\202xe\026"
 383      402813AA 
 383      0212AA9C 
 383      24D4653E 
 383      82786516 
 384 08d4 BC320349 		.ascii	"\2742\003I3\0154\0054\0114\001\364\002\350\012\3208"
 384      330D3405 
 384      34093401 
 384      F402E80A 
 384      D038
 385 08e6 D018D028 		.ascii	"\320\030\320(P\007\320\003\240[@7\201j\201\256\002\325"
 385      5007D003 
 385      A05B4037 
 385      816A81AE 
 385      02D5
 386 08f8 D824DCAD 		.ascii	"\330$\334\255\337\260\204\203*Wi\017\355\202\375\244"
 386      DFB08483 
 386      2A57690F 
 386      ED82FDA4 
 387 0908 6B6F58BA 		.ascii	"koX\272\217\246\024\331\331\224\";\366\222E\345b\376"
 387      8FA614D9 
 387      D994223B 
 387      F69245E5 
 387      62FE
 388 091a FA72C65F 		.ascii	"\372r\306_\007\226_u\314O\305+\022\257\336&\361\352"
 388      07965F75 
 388      CC4FC52B 
 388      12AFDE26 
 388      F1EA
ARM GAS  /tmp/ccMIGK9X.s 			page 31


 389 092c 58E2291D 		.ascii	"X\342)\035s\013n\222\342\201\232A`=w\314<8\346%\030"
 389      730B6E92 
 389      E2819A41 
 389      603D77CC 
 389      3C38E625 
 390 0941 D70874CD 		.ascii	"\327\010t\315\306\300\252><\177F\222\242\325\350:\200"
 390      C6C0AA3E 
 390      3C7F4692 
 390      A2D5E83A 
 390      80
 391 0952 A8E3631C 		.ascii	"\250\343c\034\316g\005\212\006\033\024\327_\201b\001"
 391      CE67058A 
 391      061B14D7 
 391      5F816201 
 392 0962 34BF1E45 		.ascii	"4\277\036E\367~,\035_\201n\000\204z\307\020\354\375"
 392      F77E2C1D 
 392      5F816E00 
 392      847AC710 
 392      ECFD
 393 0974 D0648380 		.ascii	"\320d\203\200\014d9\3570G\346@\361\377_\216@\016\327"
 393      0C6439EF 
 393      3047E640 
 393      F1FF5F8E 
 393      400ED7
 394 0987 66F31C26 		.ascii	"f\363\034&{\264;\366\221\274m\033y\230\254\267\3765"
 394      7BB43BF6 
 394      91BC6D1B 
 394      7998ACB7 
 394      FE35
 395 0999 82A65533 		.ascii	"\202\246U3\260=\344\354\326u\315\003'5\324\312p\037"
 395      B03DE4EC 
 395      D675CD03 
 395      2735D4CA 
 395      701F
 396 09ab 4CB8C3CD 		.ascii	"L\270\303\315\271\007\327w\001\322m\033H\215\247yf\021"
 396      B907D777 
 396      01D26D1B 
 396      488DA779 
 396      6611
 397 09bd C7348282 		.ascii	"\3074\202\202;NJ\272C\371\015|\200s\371\225\177\317"
 397      3B4E4ABA 
 397      43F90D7C 
 397      8073F995 
 397      7FCF
 398 09cf A6C50D9E 		.ascii	"\246\305\015\2363\213\305+\312\360<\257Lwl+\023\273"
 398      338BC52B 
 398      CAF03CAF 
 398      4C776C2B 
 398      13BB
 399 09e1 79750067 		.ascii	"yu\000g\035\333KV~\304\0277\344\265<\341\266\270\013"
 399      1DDB4B56 
 399      7EC41737 
 399      E4B53CE1 
 399      B6B80B
 400 09f4 3C9C6BF1 		.ascii	"<\234k\361\360C`k\261\367\360\003\364\352\322\331\016"
 400      F043606B 
 400      B1F7F003 
ARM GAS  /tmp/ccMIGK9X.s 			page 32


 400      F4EAD2D9 
 400      0E
 401 0a05 56B4728B 		.ascii	"V\264r\213\332\340\272\305\326[\331\012o\021sZ\377\027"
 401      DAE0BAC5 
 401      D65BD90A 
 401      6F11735A 
 401      FF17
 402 0a17 55B995F3 		.ascii	"U\271\225\363\333\213f\346\325p\333[\235\330\236f\246"
 402      DB8B66E6 
 402      D570DB5B 
 402      9DD89E66 
 402      A6
 403 0a28 B613A3DA 		.ascii	"\266\023\243\332d\333[mm\317\260\330\336),G\035\366"
 403      64DB5B6D 
 403      6DCFB0D8 
 403      DE292C47 
 403      1DF6
 404 0a3a B6B72BD2 		.ascii	"\266\267+\322e\257\003\204*:\214\300{\016\360F \226"
 404      65AF0384 
 404      2A3A8CC0 
 404      7B0EF046 
 404      2096
 405 0a4c C3404340 		.ascii	"\303@C@\317\200\236\002=\002\352\006\352\262\361\312"
 405      CF809E02 
 405      3D02EA06 
 405      EAB2F1CA 
 406 0a5c B34F588C 		.ascii	"\263OX\214IJw\202R\"\305\351\022b\250VQ\312\272^\307"
 406      494A7782 
 406      5222C5E9 
 406      1262A856 
 406      51CABA5E 
 407 0a71 DDFDCF4C 		.ascii	"\335\375\317Lt\0170w;gVL\367\3076\323\275gq\301y\012"
 407      740F3077 
 407      3B67564C 
 407      F7C736D3 
 407      BD6771C1 
 408 0a87 37FBC8F0 		.ascii	"7\373\310\360' \3571\217G\037\030\374\004\014\353\225"
 408      2720EF31 
 408      8F471F18 
 408      FC040CEB 
 408      95
 409 0a98 0D239B8D 		.ascii	"\015#\233\215)<<\332#I{\265\364\034\342\021\037\340"
 409      293C3CDA 
 409      23497BB5 
 409      F41CE211 
 409      1FE0
 410 0aaa A8E0B001 		.ascii	"\250\340\260\001\317\336 \305\211\344\347u\316k\235"
 410      CFDE20C5 
 410      89E4E775 
 410      CE6B9D
 411 0ab9 2AF6B9DE 		.ascii	"*\366\271\336\273\303\205\234o<^\264\342`\221\354?\305"
 411      BBC3859C 
 411      6F3C5EB4 
 411      E26091EC 
 411      3FC5
 412 0acb 23494E1A 		.ascii	"#IN\032\237\275\316M\023\027\271S\373\301O\375\337\311"
 412      9FBDCE4D 
ARM GAS  /tmp/ccMIGK9X.s 			page 33


 412      1317B953 
 412      FBC14FFD 
 412      DFC9
 413 0add 4F03C029 		.ascii	"O\003\300)\373\251\237\371\311I\331D\203\340\036\271"
 413      FBA99FF9 
 413      C949D944 
 413      83E01EB9 
 414 0aed 725A7332 		.ascii	"rZs2\316\034Kr\222\210\032\220s\362\006\225e\255x7\256"
 414      CE1C4B72 
 414      92881A90 
 414      73F20695 
 414      65AD7837 
 415 0b02 724BE0C9 		.ascii	"rK\340\3118\370JC\310,(\343\017Fb\366\320\353\270\353"
 415      38F84A43 
 415      C82C28E3 
 415      0F4662F6 
 415      D0EBB8EB 
 416 0b16 FF916507 		.ascii	"\377\221e\007a\036v\316\314\360\336-Q\023\207\003\317"
 416      611E76CE 
 416      CCF0DE2D 
 416      51138703 
 416      CF
 417 0b27 E225DE44 		.ascii	"\342%\336D\376\322\261H)u\015=\220x\316\347\015\337"
 417      FED2B148 
 417      29750D3D 
 417      9078CEE7 
 417      0DDF
 418 0b39 65B15933 		.ascii	"e\261Y3\242x\032\327\373\355\227\312#0=Sx\351\210\371"
 418      A2781AD7 
 418      FBED97CA 
 418      23303D53 
 418      78E988F9 
 419 0b4d 3DC58A79 		.ascii	"=\305\212y5\343%\207\002\021\202\003^E\024\347sy\024"
 419      35E32587 
 419      02118203 
 419      5E4514E7 
 419      737914
 420 0b60 619386F6 		.ascii	"a\223\206\3669^\337(w\005\377 \227\326\003\366\334\213"
 420      395EDF28 
 420      7705FF20 
 420      97D603F6 
 420      DC8B
 421 0b72 B71C333F 		.ascii	"\267\0343?\222\331\017:fW\270v(\207\007\202\254#\017"
 421      92D90F3A 
 421      6657B876 
 421      28870782 
 421      AC230F
 422 0b85 D9B3D72E 		.ascii	"\331\263\327.\222\336\315\245\223\005\315%\307\354\012"
 422      92DECDA5 
 422      9305CD25 
 422      C7EC0A
 423 0b94 E90F7F24 		.ascii	"\351\017\177$?\325\256\333?\325\026\005.\207U\306j'"
 423      3FD5AEDB 
 423      3FD51605 
 423      2E8755C6 
 423      6A27
 424 0ba6 9571619C 		.ascii	"\225qa\234\234\021\223|\255\222\267\221\325\212\302"
ARM GAS  /tmp/ccMIGK9X.s 			page 34


 424      9C11937C 
 424      AD92B791 
 424      D58AC2
 425 0bb5 78B50FCF 		.ascii	"x\265\017\317\214F\321ilQX\377*\205\215;1\311\224zG"
 425      8C46D169 
 425      6C5158FF 
 425      2A858D3B 
 425      31C9947A 
 426 0bca FA7A535C 		.ascii	"\372zS\\\311=\262\254i\222S\276\236j#\007w\221wJ\275"
 426      C93DB2AC 
 426      699253BE 
 426      9E6A2307 
 426      7791774A 
 427 0bdf E92F04C4 		.ascii	"\351/\004\304\315\347\021\375\211\240za\262\334\233"
 427      CDE711FD 
 427      89A07A61 
 427      B2DC9B
 428 0bee 2D9E6117 		.ascii	"-\236a\027\211R\246\232\252\321\212\024zR`\226\226\010"
 428      8952A69A 
 428      AAD18A14 
 428      7A526096 
 428      9608
 429 0c00 347D21BF 		.ascii	"4}!\277P\004&@\"a\207\257B\022\026\231\304\232\252\264"
 429      50042640 
 429      226187AF 
 429      42121699 
 429      C49AAAB4 
 430 0c14 04ED5B99 		.ascii	"\004\355[\231Rf'\324\2439\234\377\350\261$iD\302\205"
 430      526627D4 
 430      A3399CFF 
 430      E8B12469 
 430      44C285
 431 0c27 B2650070 		.ascii	"\262e\000p\011\377\263\240\346\243S\220X*d\306o\301"
 431      09FFB3A0 
 431      E6A35390 
 431      582A64C6 
 431      6FC1
 432 0c39 E098BCDA 		.ascii	"\340\230\274\332h5\216p\243\313\362\371\013\261\205"
 432      68358E70 
 432      A3CBF2F9 
 432      0BB185
 433 0c48 5AA55E02 		.ascii	"Z\245^\002Q\326\273\235\352]\317\325\236\334\236p[\315"
 433      51D6BB9D 
 433      EA5DCFD5 
 433      9EDC9E70 
 433      5BCD
 434 0c5a D5CE1F7E 		.ascii	"\325\316\037~#\321,eI\304\315\300\205\242\260U/\\\332"
 434      23D12C65 
 434      49C4CDC0 
 434      85A2B055 
 434      2F5CDA
 435 0c6d EADD41F5 		.ascii	"\352\335A\365\026\346\337\032\027p,\323\353\350W\023"
 435      16E6DF1A 
 435      17702CD3 
 435      EBE85713 
 436 0c7d 5B3FEDC2 		.ascii	"[?\355\302\2643\371\300\271<\033\307|\371\206\002_\014"
 436      B433F9C0 
ARM GAS  /tmp/ccMIGK9X.s 			page 35


 436      B93C1BC7 
 436      7CF98602 
 436      5F0C
 437 0c8f C5176DF1 		.ascii	"\305\027m\361K\373\263\210\007\032\013\300l-d_\244D"
 437      4BFBB388 
 437      071A0BC0 
 437      6C2D645F 
 437      A444
 438 0ca1 4E9F800D 		.ascii	"N\237\200\015\355\224\001\356\264\007\030K\001\336\034"
 438      ED9401EE 
 438      B407184B 
 438      01DE1C
 439 0cb0 BC58E681 		.ascii	"\274X\346\201S\031\300\302\226\244e\024\013\231\244"
 439      5319C0C2 
 439      96A46514 
 439      0B99A4
 440 0cbf 0CDFED5B 		.ascii	"\014\337\355[\307<\234\"\211\247Hv[\220\264\\\276\275"
 440      C73C9C22 
 440      89A74876 
 440      5B90B45C 
 440      BEBD
 441 0cd1 DF0B9074 		.ascii	"\337\013\220t\262\312})\241&N:\202(\033\212\223\221"
 441      B2CA7D29 
 441      A1264E3A 
 441      82281B8A 
 441      9391
 442 0ce3 C461761A 		.ascii	"\304av\032\204\022\030\002`\306\370$Cp\255+m\277\354"
 442      84121802 
 442      60C6F824 
 442      4370AD2B 
 442      6DBFEC
 443 0cf6 0E0661AC 		.ascii	"\016\006a\254\256\261At\036\256\275\024D\242\005Db\235"
 443      AEB14174 
 443      1EAEBD14 
 443      44A20544 
 443      629D
 444 0d08 D4E5CD41 		.ascii	"\324\345\315A\364\316\376e\2429\323\227\260\240=2\200"
 444      F4CEFE65 
 444      A239D397 
 444      B0A03D32 
 444      80
 445 0d19 3D1600FB 		.ascii	"=\026\000\373(\200\330\374\334^\015>\303\000$\247\\"
 445      2880D8FC 
 445      DC5E0D3E 
 445      C30024A7 
 445      5C
 446 0d2a EB12F8F0 		.ascii	"\353\022\370\360\232\271%t8\361d\222<<\3112<\231\016"
 446      9AB92574 
 446      38F16492 
 446      3C3CC932 
 446      3C990E
 447 0d3d BF373E59 		.ascii	"\2777>Y\251\301\227\331\360\205\247\017\216\361\355"
 447      A9C197D9 
 447      F085A70F 
 447      8EF1ED
 448 0d4c E10869EF 		.ascii	"\341\010i\3578\365p7?8\221\310\257\222\303]\346\343"
 448      38F57037 
ARM GAS  /tmp/ccMIGK9X.s 			page 36


 448      3F3891C8 
 448      AF92C35D 
 448      E6E3
 449 0d5e DEB89231 		.ascii	"\336\270\2221g^\333\325\350\216kX\243`OD\004\354\025"
 449      675EDBD5 
 449      E88E6B58 
 449      A3604F44 
 449      04EC15
 450 0d71 59A36E3C 		.ascii	"Y\243n<z\210\236]\231_}v\205\223\213sa\022\302\036\322"
 450      7A889E5D 
 450      995F7D76 
 450      85938B73 
 450      6112C21E 
 451 0d86 E1422B1D 		.ascii	"\341B+\035@\037\302\354\301\236\201}\321aly\250G\231"
 451      401FC2EC 
 451      C19E817D 
 451      D1616C79 
 451      A84799
 452 0d99 C13B7D2B 		.ascii	"\301;}+\222he;\210\241nrV\247O\215\336\016V|\200\311"
 452      9268653B 
 452      88A16E72 
 452      56A74F8D 
 452      DE0E567C 
 453 0daf 6EB3DC15 		.ascii	"n\263\334\025\375\"_\304\235\024\271\320\377\254\373"
 453      FD225FC4 
 453      9D14B9D0 
 453      FFACFB
 454 0dbe 8617F25D 		.ascii	"\206\027\362]f-J-l\271v\024dg\312>$R\234\254\016\217"
 454      662D4A2D 
 454      6CB97614 
 454      6467CA3E 
 454      24529CAC 
 455 0dd4 005047A0 		.ascii	"\000PG\240A\323t\352\323hO<\314|\324W;\361\330\015O"
 455      41D374EA 
 455      D3684F3C 
 455      CC7CD457 
 455      3BF1D80D 
 456 0de9 B0C68999 		.ascii	"\260\306\211\231\331\021\342\347\267\311\017\212Xq$"
 456      D911E2E7 
 456      B7C90F8A 
 456      587124
 457 0df8 FC363B12 		.ascii	"\3746;\022\276|\255\356\244\026\3171\214{\216\344\304"
 457      BE7CADEE 
 457      A416CF31 
 457      8C7B8EE4 
 457      C4
 458 0e09 BA5B7E52 		.ascii	"\272[~R\002\027\273\370\252\254\371\204\262A\345\333"
 458      0217BBF8 
 458      AAACF984 
 458      B241E5DB 
 459 0e19 FC88F424 		.ascii	"\374\210\364$\366A'\260\365\247\276\302\037\\ ?8da\015"
 459      F64127B0 
 459      F5A7BEC2 
 459      1F5C203F 
 459      3864610D 
 460 0e2d 3A259BF2 		.ascii	":%\233\3626\377M\351Rb\013\244\321Nw\252b\316\2342,"
 460      36FF4DE9 
ARM GAS  /tmp/ccMIGK9X.s 			page 37


 460      52620BA4 
 460      D14E77AA 
 460      62CE9C32 
 461 0e42 2A4F84AF 		.ascii	"*O\204\257\320\023\341\\\030zZ\036\012\222T\374\250"
 461      D013E15C 
 461      187A5A1E 
 461      0A9254FC 
 461      A8
 462 0e53 D61E468E 		.ascii	"\326\036F\216\003\030\240$\341\\\313\2347\336\303\224"
 462      0318A024 
 462      E15CCB9C 
 462      37DEC394 
 463 0e63 641D3A30 		.ascii	"d\035:0\250\266*\001_\017\336&\225)\037\224\344\311"
 463      A8B62A01 
 463      5F0FDE26 
 463      95291F94 
 463      E4C9
 464 0e75 4A729D2B 		.ascii	"Jr\235+\371\306\261\222\256\334J(\226\351T\011\372&"
 464      F9C6B192 
 464      AEDC4A28 
 464      96E95409 
 464      FA26
 465 0e87 77B68015 		.ascii	"w\266\200\025\255/,\023r\240\360\372\011\354\264(\234"
 465      AD2F2C13 
 465      72A0F0FA 
 465      09ECB428 
 465      9C
 466 0e98 A1F3F15B 		.ascii	"\241\363\361[\313|<\233\177\375\220Fy\016\004\367\025"
 466      CB7C3C9B 
 466      7FFD9046 
 466      790E04F7 
 466      15
 467 0ea9 A95C882D 		.ascii	"\251\\\210-\213)r\016]\234\224\343\2013\230u\035WK\273"
 467      8B29720E 
 467      5D9C94E3 
 467      81339875 
 467      1D574BBB 
 468 0ebd 3D6C0F52 		.ascii	"=l\017R\225CQ\021\200\227G\363$=\260$\222\036_A\377"
 468      95435111 
 468      809747F3 
 468      243DB024 
 468      921E5F41 
 469 0ed2 59D905C0 		.ascii	"Y\331\005\300\306\024\224\237-)\324\342,f\331\363\271"
 469      C614949F 
 469      2D29D4E2 
 469      2C66D9F3 
 469      B9
 470 0ee3 43C57CAE 		.ascii	"C\305|\256.\207\346\313\216={\\\371I\016\371%*/s\354"
 470      2E87E6CB 
 470      8E3D7B5C 
 470      F9490EF9 
 470      252A2F73 
 471 0ef8 10C61718 		.ascii	"\020\306\027\030o\371\354\371\026-\276H\033\232\342"
 471      6FF9ECF9 
 471      162DBE48 
 471      1B9AE2
 472 0f07 FAAEDB5A 		.ascii	"\372\256\333Z\230t\364\214f\245\3572\345\242\372\002"
ARM GAS  /tmp/ccMIGK9X.s 			page 38


 472      9874F48C 
 472      66A5EF32 
 472      E5A2FA02 
 473 0f17 B8F13CF1 		.ascii	"\270\361<\361\355e\200W\315\323\370\012\\\227\343\225"
 473      ED658057 
 473      CDD3F80A 
 473      5C97E395 
 474 0f27 A80AE822 		.ascii	"\250\012\350\"P\005P%\266\333\020\247\346\304\303\362"
 474      50055025 
 474      B6DB10A7 
 474      E6C4C3F2 
 475 0f37 B002D1F8 		.ascii	"\260\002\321\370\035\007\360d\2645T\216\267\364eX\271"
 475      1D07F064 
 475      B435548E 
 475      B7F46558 
 475      B9
 476 0f48 C6BF44CD 		.ascii	"\306\277D\315\224\327\003ul\227H\230JegT\343eJ\265\361"
 476      94D70375 
 476      6C974898 
 476      4A656754 
 476      E3654AB5 
 477 0f5d D7F8AA14 		.ascii	"\327\370\252\024F\323\235\\\265\343*\300\367}\017\370"
 477      46D39D5C 
 477      B5E32AC0 
 477      F77D0FF8 
 478 0f6d 6A8878B8 		.ascii	"j\210x\270\000\333q/^\015\265?\340+9H\236\022{\366E"
 478      00DB712F 
 478      5E0DB53F 
 478      E02B3948 
 478      9E127BF6 
 479 0f82 07B633FF 		.ascii	"\007\2663\377\316\326N\004J\243C(L6?7\277\317\227C\266"
 479      CED64E04 
 479      4AA34328 
 479      4C363F37 
 479      BFCF9743 
 480 0f97 15C96134 		.ascii	"\025\311a4\212\271\356\327E"
 480      8AB9EED7 
 480      45
 481 0fa0 8394928A 		.ascii	"\203\224\222\212\211r\015n`q\237;\2237\247\306=\264"
 481      89720D6E 
 481      60719F3B 
 481      9337A7C6 
 481      3DB4
 482 0fb2 A13ED396 		.ascii	"\241>\323\226\232\246A,\346\014\360\335\226\245fX\020"
 482      9AA6412C 
 482      E60CF0DD 
 482      96A56658 
 482      10
 483 0fc3 ACB1C6AC 		.ascii	"\254\261\306\254\301I\314\370\321\330\357S\341\351\214"
 483      C149CCF8 
 483      D1D8EF53 
 483      E1E98C
 484 0fd2 29F755C7 		.ascii	")\367U\307\334\312\345\365\304C\356<Kh\032^\025\232"
 484      DCCAE5F5 
 484      C443EE3C 
 484      4B681A5E 
 484      159A
ARM GAS  /tmp/ccMIGK9X.s 			page 39


 485 0fe4 CAFFB075 		.ascii	"\312\377\260u\336bf\033\347=d\316kp\356<\353\376\260"
 485      DE62661B 
 485      E73D64CE 
 485      6B70EE3C 
 485      EBFEB0
 486 0ff7 864325CE 		.ascii	"\206C%\316\273\016\316\253\007"
 486      BB0ECEAB 
 486      07
 487 1000 875D03AA 		.ascii	"\207]\003\252\005\252\223\035\267\257\376\3143W<\310"
 487      05AA931D 
 487      B7AFFECC 
 487      33573CC8 
 488 1010 666F464F 		.ascii	"foFO\307\250\200\226\371:\024\330\004B^'\320\232\305"
 488      C7A88096 
 488      F93A14D8 
 488      04425E27 
 488      D09AC5
 489 1023 8DE61492 		.ascii	"\215\346\024\222\3057\200\277Q\316\342\006\314\027\232"
 489      C53780BF 
 489      51CEE206 
 489      CC179A
 490 1032 E72F0EBE 		.ascii	"\347/\016\276\313&\261\017y9\241\355y9\377\251\271\223"
 490      CB26B10F 
 490      7939A1ED 
 490      7939FFA9 
 490      B993
 491 1044 4CE282C6 		.ascii	"L\342\202\306\370\203\236\330\314\036\002y\211\021\260"
 491      F8839ED8 
 491      CC1E0279 
 491      8911B0
 492 1053 9988668D 		.ascii	"\231\210f\215\007;\307\353]\360~\332p\253(\214\330\205"
 492      073BC7EB 
 492      5DF07EDA 
 492      70AB288C 
 492      D885
 493 1065 F9EF1996 		.ascii	"\371\357\031\226\330\302\334h\315\341s\303\262\230o"
 493      D8C2DC68 
 493      CDE173C3 
 493      B2986F
 494 1074 5B9CEDCA 		.ascii	"[\234\355\312\035}\273\342P\344\016\266c\267\335\266"
 494      1D7DBBE2 
 494      50E40EB6 
 494      63B7DDB6 
 495 1084 806D136D 		.ascii	"\200m\023mv;\013\007\322\225s\251Q)\376\240=\377\242"
 495      763B0B07 
 495      D29573A9 
 495      5129FEA0 
 495      3DFFA2
 496 1097 8D4B3B88 		.ascii	"\215K;\210\227\010\273e\251O\330\035,\365y&+\205\037"
 496      9708BB65 
 496      A94FD81D 
 496      2CF57926 
 496      2B851F
 497 10aa 702C5C99 		.ascii	"p,\\\231?w\333X\376\2649\317\237[0\371n\222\314\276"
 497      3F77DB58 
 497      FEB439CF 
 497      9F5B30F9 
ARM GAS  /tmp/ccMIGK9X.s 			page 40


 497      6E92CCBE 
 498 10be CD5D41C2 		.ascii	"\315]A\302\335\012\341~\010a\276\013t\037\350\001P\013"
 498      DD0AE17E 
 498      0861BE0B 
 498      741FE801 
 498      500B
 499 10d0 D03D398F 		.ascii	"\320=9\217z\206S\236\2128C\303\236\002w\232\257x\332"
 499      7A86539E 
 499      8A3843C3 
 499      9E02779A 
 499      AF78DA
 500 10e3 E5915570 		.ascii	"\345\221Up'\010\373\256\202\255\371\224_\225@\362\251"
 500      2708FBAE 
 500      82ADF994 
 500      5F9540F2 
 500      A9
 501 10f4 03C6B5CB 		.ascii	"\003\306\265\313\371\324f\311\247\246\361c\360\360\313"
 501      F9D466C9 
 501      A7A6F163 
 501      F0F0CB
 502 1103 654992D2 		.ascii	"eI\222\322\3330\352\216\213hC\275\220\230:\252F\344"
 502      DB30EA8E 
 502      8B6843BD 
 502      90983AAA 
 502      46E4
 503 1115 547ED94A 		.ascii	"T~\331J\353\361\304\365\274F\211\246\010\311\317c \357"
 503      EBF1C4F5 
 503      BC4689A6 
 503      08C9CF63 
 503      20EF
 504 1127 097C5B13 		.ascii	"\011|[\023]y\024\317\206T\206\260YJ\326Ci\234\335\321"
 504      5D7914CF 
 504      865486B0 
 504      594AD643 
 504      699CDDD1 
 505 113b 991C7F9E 		.ascii	"\231\034\177\236\3653/?\301\016\016Gz\007y\200\311\216"
 505      F5332F3F 
 505      C10E0E47 
 505      7A077980 
 505      C98E
 506 114d AF9BCBB2 		.ascii	"\257\233\313\262\036\340:;\022M\005\347\355'\316\353"
 506      1EE03A3B 
 506      124D05E7 
 506      ED27CEEB 
 507 115d E22388F3 		.ascii	"\342#\210\363\036\203\363\372\300Y\217\200z\200z\261"
 507      1E83F3FA 
 507      C0598F80 
 507      7A807AB1 
 508 116d F2F4A732 		.ascii	"\362\364\2472\230mR\211\313\232\371(k\014\344D\002\177"
 508      986D5289 
 508      CB9AF928 
 508      6B0CE444 
 508      027F
 509 117f 5DDC1E35 		.ascii	"]\334\0365\341\211+X\350Rs\027.\012\312\245`_U<\361"
 509      E1892B58 
 509      E8527317 
 509      2E0ACAA5 
ARM GAS  /tmp/ccMIGK9X.s 			page 41


 509      605F553C 
 510 1194 7C3FF190 		.ascii	"|?\361\220\354\371'\212\245\240\035\304g\000\353u\020"
 510      ECF9278A 
 510      A5A01DC4 
 510      6700EB75 
 510      10
 511 11a5 C9CAEB52 		.ascii	"\311\312\353RD\227\307\017\217Y\366\035\247\023\256"
 511      4497C70F 
 511      8F59F61D 
 511      A713AE
 512 11b4 49D21181 		.ascii	"I\322\021\201\352Iaz\254\"U\244\007\376\017\340\037"
 512      EA49617A 
 512      AC2255A4 
 512      07FE0FE0 
 512      1F
 513 11c5 921A30B5 		.ascii	"\222\0320\265\360{\345\322\244\331\346\310l\220=N\311"
 513      F07BE5D2 
 513      A4D9E6C8 
 513      6C903D4E 
 513      C9
 514 11d6 37F0DE1F 		.ascii	"7\360\336\037HJ\261\371=\253\337\346\331;\304\231\207"
 514      484AB1F9 
 514      3DABDFE6 
 514      D93BC499 
 514      87
 515 11e7 28734C51 		.ascii	"(sLQs\273\250\221\337\316!\345I\346\035&+2p\0349\374"
 515      73BBA891 
 515      DFCE21E5 
 515      49E61D26 
 515      2B32701C 
 516 11fd 00E6B8C1 		.ascii	"\000\346\270\301\233\251\332\245{\270\003\336D\364'"
 516      9BA9DAA5 
 516      7BB803DE 
 516      44F427
 517 120c 73793D35 		.ascii	"sy=5\202\227Z\306\320\006\231!\263y%\374\345#54'\363"
 517      82975AC6 
 517      D0069921 
 517      B37925FC 
 517      E5233534 
 518 1222 331B3D9D 		.ascii	"3\033=\235j\033\265h{\316Vw\3431\333'\371\233\217dG"
 518      6A1BB568 
 518      7BCE5677 
 518      E331DB27 
 518      F99B8F64 
 519 1237 62794D6F 		.ascii	"byMo9{M\257\245)\267\306\323\036\3148xo\214\202yA\301"
 519      397B4DAF 
 519      A529B7C6 
 519      D31ECC38 
 519      786F8C82 
 520 124e 8C32302F 		.ascii	"\21420/(\230\330o\307\323\335\225\216\331k\263\300\233"
 520      2898D86F 
 520      C7D3DD95 
 520      8ED96BB3 
 520      C09B
 521 1260 E08E99A0 		.ascii	"\340\216\231\240\216\311,\274\333\357\255d\216\267a"
 521      8EC92CBC 
 521      DBEFAD64 
ARM GAS  /tmp/ccMIGK9X.s 			page 42


 521      8EB761
 522 126f 9EE4CC93 		.ascii	"\236\344\314\223\2249n\373\351\010W\334\300\246\342"
 522      94396EFB 
 522      E90857DC 
 522      C0A6E2
 523 127e 54C49D0A 		.ascii	"T\304\235\012\215\323E\347\264\315\236\275.\351d\022"
 523      8DD345E7 
 523      B4CD9EBD 
 523      2EE96412 
 524 128e 392A2887 		.ascii	"9*(\207-\361\354C\227\241\234\035R\023\314\322_Q>4%"
 524      2DF1EC43 
 524      97A19C1D 
 524      5213CCD2 
 524      5F513E34 
 525 12a3 E7DE94FD 		.ascii	"\347\336\224\375\246x\206n\351NNN\305z\341I\246x\373"
 525      A678866E 
 525      E94E4E4E 
 525      C57AE149 
 525      A678FB
 526 12b6 CBD14E2F 		.ascii	"\313\321N/.l\254\026\237.\354\221$0 \012\211T\332\254"
 526      2E6CAC16 
 526      9F2EEC91 
 526      2430200A 
 526      8954DAAC 
 527 12ca 2C6DD65E 		.ascii	",m\326^\332\034\333 \366Vn\300\021\036T\330\351\274"
 527      DA1CDB20 
 527      F6566EC0 
 527      111E54D8 
 527      E9BC
 528 12dc C3055E38 		.ascii	"\303\005^8\2015b+\253\016\252ai\215\346\351\216\022"
 528      8135622B 
 528      AB0EAA61 
 528      698DE6E9 
 528      8E12
 529 12ee 7A2AA73B 		.ascii	"z*\247;\226\320\265v\245\365\200\340JA\316K/\247vG\210"
 529      96D0B576 
 529      A5F580E0 
 529      4A41CE4B 
 529      2FA77647 
 530 1303 F48C44E4 		.ascii	"\364\214D\344\206\367\036H)\360\340X\207\373]\342\263"
 530      86F71E48 
 530      29F0E058 
 530      87FB5DE2 
 530      B3
 531 1314 DBE1F915 		.ascii	"\333\341\371\025!}T+\020N\364\322\202\025-`\221\264"
 531      217D542B 
 531      104EF4D2 
 531      82152D60 
 531      91B4
 532 1326 6CE1468A 		.ascii	"l\341F\212\004\356\225\372\261\223n\370\006\203\230"
 532      04EE95FA 
 532      B1936EF8 
 532      068398
 533 1335 7A7C6F19 		.ascii	"z|o\031\333\217\303,\340\210\332n\335\350\020\255{\364"
 533      DB8FC32C 
 533      E088DA6E 
 533      DDE810AD 
ARM GAS  /tmp/ccMIGK9X.s 			page 43


 533      7BF4
 534 1347 28919D63 		.ascii	"(\221\235cL\024\025z:\205\271\203\302\334n\2019\223"
 534      4C14157A 
 534      3A85B983 
 534      C2DC6E81 
 534      3993
 535 1359 5D754EE4 		.ascii	"]uN\3440a\302\326\025\026\324EH\313\243\334\011\037"
 535      3061C2D6 
 535      1516D445 
 535      48CBA3DC 
 535      091F
 536 136b 328B5687 		.ascii	"2\213V\207\302\245-\302\235\024a\323Pi\234\007ne\010"
 536      C2A52DC2 
 536      9D1461D3 
 536      50699C07 
 536      6E6508
 537 137e B3A2E217 		.ascii	"\263\242\342\027\324r\254c\362lb\275K\026\266\313^X"
 537      D472AC63 
 537      F26C62BD 
 537      4B16B6CB 
 537      5E58
 538 1390 3415D699 		.ascii	"4\025\326\231\361d\237'\356c\302\256]:v\307E\216\365"
 538      F1649F27 
 538      EE63C2AE 
 538      5D3A76C7 
 538      458EF5
 539 13a3 43BB58C7 		.ascii	"C\273X\307\310\322b\354\245\305Ri#\227\272*<\3608\223"
 539      C8D262EC 
 539      A5C55269 
 539      2397BA2A 
 539      3CF03893 
 540 13b7 F672A4E9 		.ascii	"\366r\244\351%\177\003V\003\315\346\336#Q|\2465\221"
 540      257F0356 
 540      03CDE6DE 
 540      23517CA6 
 540      3591
 541 13c9 DB471AC6 		.ascii	"\333G\032\306R48R\313\336\276(:Q\302_\310s\207\346l"
 541      52343852 
 541      CBDEBE28 
 541      3A51C25F 
 541      C87387E6 
 542 13de D19D446F 		.ascii	"\321\235Do\247S:Q\344Sz\217H\247\364\331\364\205~\027"
 542      A7533A51 
 542      E4537A8F 
 542      48A7F4D9 
 542      F4857E17 
 543 13f2 FB491B2F 		.ascii	"\373I\033/\372\240\335\"=!\021\227Z\006\021\356\373"
 543      FAA0DD22 
 543      3D211197 
 543      5A0611EE 
 543      FB
 544 1403 1195115E 		.ascii	"\021\225\021^J\356\264Wq?\3178u\302\015\212kS9=v+y\024"
 544      4AEEB457 
 544      713FCF38 
 544      75C20D8A 
 544      6B53393D 
 545 141b 2545EC80 		.ascii	"%E\354\200G\322>q)J\000\177\230\361[\212\301q\320\363"
ARM GAS  /tmp/ccMIGK9X.s 			page 44


 545      47D23E71 
 545      294A007F 
 545      98F15B8A 
 545      C171D0F3 
 546 142f 5BC8E824 		.ascii	"[\310\350$\221\324\327\253\327\037Fkp\254\326\351\321"
 546      91D4D7AB 
 546      D71F466B 
 546      70ACD6E9 
 546      D1
 547 1440 4E437573 		.ascii	"NCus\252+>@\031\304\276\313\260b\364A\344\317\335\227"
 547      AA2B3E40 
 547      19C4BECB 
 547      B062F441 
 547      E4CFDD97 
 548 1454 BCF6932E 		.ascii	"\274\366\223.\272\263\367\205\226\320\313\235\364\305"
 548      BAB3F785 
 548      96D0CB9D 
 548      F4C5
 549 1462 9FC83D4B 		.ascii	"\237\310=K\220\365\305\237\003\242/\275\005\317\014"
 549      90F5C59F 
 549      03A22FBD 
 549      05CF0C
 550 1471 809026F2 		.ascii	"\200\220&\362\255\272D\337<\202\033h\277h}\363\010\324"
 550      ADBA44DF 
 550      3C821B68 
 550      BF687DF3 
 550      08D4
 551 1483 DD6D493B 		.ascii	"\335mI;k3\227\010\213\234\245\007i\226\246X\262t\367"
 551      6B339708 
 551      8B9CA507 
 551      6996A658 
 551      B274F7
 552 1496 FC74B365 		.ascii	"\374t\263e2\335\210s\3150_\343\223I$\234(YN\206d\373"
 552      32DD8873 
 552      CD305FE3 
 552      9349249C 
 552      28594E86 
 553 14ac 64384493 		.ascii	"d8D\223!\242\346\224\331\025Wh\235\316\244\356\346K"
 553      21A2E694 
 553      D9155768 
 553      9DCEA4EE 
 553      E64B
 554 14be 3BBD9D9F 		.ascii	";\275\235\237leR<\031\026<\207\272j\207\024\263\346"
 554      6C65523C 
 554      19163C87 
 554      BA6A8714 
 554      B3E6
 555 14d0 41610F9F 		.ascii	"Aa\017\2375\300\207\016\313h\016\333\2439B\321</\355"
 555      35C0870E 
 555      CB680EDB 
 555      A33942D1 
 555      3C2FED
 556 14e3 2AF25496 		.ascii	"*\362T\226\336\030\233\322{Td\245\027\276\201\271\265"
 556      DE189BD2 
 556      7B5464A5 
 556      17BE81B9 
 556      B5
ARM GAS  /tmp/ccMIGK9X.s 			page 45


 557 14f4 B8CDEC8D 		.ascii	"\270\315\354\215\233\031\364\273\235\346IW\331\021O"
 557      9B19F4BB 
 557      9DE64957 
 557      D9114F
 558 1503 2D8E6022 		.ascii	"-\216`\"\216\311\232\217\331k>N5O_o\031\367\302]L\330"
 558      8EC99A8F 
 558      D96B3E4E 
 558      354F5F6F 
 558      19F7C25D 
 559 1519 B16717AA 		.ascii	"\261g\027\252\370\213\277\236D\321\321\244\023\"\233"
 559      F88BBF9E 
 559      44D1D1A4 
 559      13229B
 560 1528 147DE476 		.ascii	"\024}\344v\325\300\331I\347\211\237eI|\262\272\"\213"
 560      D5C0D949 
 560      E7899F65 
 560      497CB2BA 
 560      228B
 561 153a FFA60B07 		.ascii	"\377\246\013\007<\354\023\377\024\244\302I\232\215\331"
 561      3CEC13FF 
 561      14A4C249 
 561      9A8DD9
 562 1549 3495B32C 		.ascii	"4\225\263,\251\\\370`G\252\273}\342;\345\236~\361M\221"
 562      A95CF860 
 562      47AABB7D 
 562      E23BE59E 
 562      7EF14D91 
 563 155d BB9CF8A7 		.ascii	"\273\234\370\247\037\363\304?\315\023?\026\022_\036"
 563      1FF3C43F 
 563      CD133F16 
 563      125F1E
 564 156c 7C82277E 		.ascii	"|\202'~\216\370C\225{@\340\247\306\215\353\364\241\033"
 564      8EF84395 
 564      7B40E0A7 
 564      C68DEBF4 
 564      A11B
 565 157e DC7EF99B 		.ascii	"\334~\371\233/\336\374x\355Z\225\273N\027\024jz\357"
 565      2FDEFC78 
 565      ED5A95BB 
 565      4E17146A 
 565      7AEF
 566 1590 5D9DE977 		.ascii	"]\235\351w~a\341&\277\215\001\001\253\374\015!\253B"
 566      7E61E126 
 566      BF8D0101 
 566      ABFC0D21 
 566      AB42
 567 15a2 C342F5AB 		.ascii	"\303B\365\253\364\376\353\203V\275\277\352\3355k\177"
 567      F4FEEB83 
 567      56BDBFEA 
 567      DD356B7F 
 568 15b2 BAEA8FEF 		.ascii	"\272\352\217\357\256\332\024\276\301\337\244\367\263"
 568      AEDA14BE 
 568      C1DFA4F7 
 568      B3
 569 15bf B9ED1714 		.ascii	"\271\355\027\024\032\020\274i\203\336/\304? 0(T\357"
 569      1A10BC69 
 569      83DE2FC4 
ARM GAS  /tmp/ccMIGK9X.s 			page 46


 569      3F203028 
 569      54EF
 570 15d1 A7DBA0FF 		.ascii	"\247\333\240\377\312\177S\260Ig\332\026\2567\256\016"
 570      CA7F53B0 
 570      4967DA16 
 570      AE37AE0E 
 571 15e1 54B972F9 		.ascii	"T\271r\371\277\376\277\3117n3\372\351\214\246\015 \015"
 571      BFFEBFC9 
 571      376E33FA 
 571      E98CA60D 
 571      200D
 572 15f3 84BA8418 		.ascii	"\204\272\204\0307\352L\037\254^\355\307\376\302\214"
 572      37EA4C1F 
 572      AC5EEDC7 
 572      FEC28C
 573 1602 7E016121 		.ascii	"~\001a!!a\241~\341a\006\223\321\357g\237\177\372\361"
 573      2161A17E 
 573      E1610693 
 573      D1EF679F 
 573      7FFAF1
 574 1615 A75B495F 		.ascii	"\247[I_xP\260\336`\364\373\345\307\037\373\005\004Z"
 574      7850B0DE 
 574      60F4FBE5 
 574      C71FFB05 
 574      045A
 575 1627 30B919F4 		.ascii	"0\271\031\364\376\301\341\206\2400\215N\267\211\343"
 575      FEC1E186 
 575      A0308D4E 
 575      B789E3
 576 1636 73B35CB8 		.ascii	"s\263\\\270\232\310\035\370\0161m\015\0162\232\304P"
 576      9AC81DF8 
 576      0E316D0D 
 576      0E329AC4 
 576      50
 577 1647 FD56934B 		.ascii	"\375V\223K\330\226P\275\301\345\217\233\364\233\364"
 577      D89650BD 
 577      C1E58F9B 
 577      F49BF4
 578 1656 4B020275 		.ascii	"K\002\002u\246@\020\261\301\250\243\035b\270A\277\331"
 578      A64010B1 
 578      C1A8A31D 
 578      62B841BF 
 578      D9
 579 1667 DBA68B0C 		.ascii	"\333\246\213\014\337d\322o\005\271\300M/\335\364\341"
 579      DF64D26F 
 579      05B9C04D 
 579      2FDDF4E1 
 580 1677 E0F9A0D0 		.ascii	"\340\371\240\320\215\036\372\315\372PS\210\277\361k"
 580      8D1EFACD 
 580      FA505388 
 580      BFF16B
 581 1686 B80B86D0 		.ascii	"\270\013\206\320\001\256[\374\203Lp\323[!\234h\367R"
 581      01AE5BFC 
 581      834C70D3 
 581      5B219C68 
 581      F752
 582 1698 367426B4 		.ascii	"6t&\264I\255\337B\206\252\267\230\000_8|\031\365!\341"
ARM GAS  /tmp/ccMIGK9X.s 			page 47


 582      49ADDF42 
 582      86AAB798 
 582      005F387C 
 582      19F521E1 
 583 16ac 3820D4E4 		.ascii	"8 \324\344\002\2443ia<\364\370\207\007\206\031\364\256"
 583      02A43369 
 583      613CF4F8 
 583      87078619 
 583      F4AE
 584 16be 46A2C8B8 		.ascii	"F\242\310\270\321e\213\311d\010_\312D\351\014\372\257"
 584      D1658BC9 
 584      64085FCA 
 584      44E90CFA 
 584      AF
 585 16cf F4067D68 		.ascii	"\364\006}h\000\200\204\341a\353\377\020\356\246\337"
 585      008084E1 
 585      61EBFF10 
 585      EEA6DF
 586 16de 1A640A08 		.ascii	"\032d\012\010\333\240W\0336l\003~\021X\214\356\3147"
 586      DBA0571B 
 586      366C037E 
 586      11588CEE 
 586      CC37
 587 16f0 1F802996 		.ascii	"\037\200)\226o\023\351\327\231\\\276\012\366\337ht5"
 587      6F13E9D7 
 587      995CBE0A 
 587      F6DF6874 
 587      35
 588 1701 85C00868 		.ascii	"\205\300\010h\031M\02067\023\375\"\"\375\327\373\033"
 588      194D1036 
 588      3713FD22 
 588      22FDD7FB 
 588      1B
 589 1712 F5DCB3EF 		.ascii	"\365\334\263\357\377\230{\226\\h\214\246\257\375\203"
 589      FF987B96 
 589      5C688CA6 
 589      AFFD83
 590 1721 833686EA 		.ascii	"\2036\206\352L\177\367\332\320\005\006\200\001\020+"
 590      4C7FF7DA 
 590      D0050680 
 590      01102B
 591 1730 31D43F44 		.ascii	"1\324?D/\006\004\372\033\\\302\2027@\014B\365[\364\006"
 591      2F0604FA 
 591      1B5CC282 
 591      37400C42 
 591      F55BF406 
 592 1744 1C60DA2A 		.ascii	"\034`\332*\030\303\205`\003\304r#\244\214\316\204\015"
 592      18C38560 
 592      03C47223 
 592      A48CCE84 
 592      0D
 593 1755 6BD702AD 		.ascii	"k\327\002\255\021\014\037\012\206\017\004\303O\005\303"
 593      110C1F0A 
 593      860F04C3 
 593      4F05C3
 594 1764 FB82E127 		.ascii	"\373\202\341'\202\341\307\036D2\311s\030\264\352\273"
 594      82E1C71E 
ARM GAS  /tmp/ccMIGK9X.s 			page 48


 594      4432C973 
 594      18B4EABB 
 595 1774 29D66DFE 		.ascii	")\326m\376i\010(\327\322\221\001a\241\020?\223H\362"
 595      690828D7 
 595      D2910161 
 595      A1103F93 
 595      48F2
 596 1786 C2DD1A1F 		.ascii	"\302\335\032\037\227\220\360\260\260`7\356T\323\233"
 596      9790F0B0 
 596      B06037EE 
 596      54D39B
 597 1795 4AC10693 		.ascii	"J\301\006\2235q\003\002\215\001\201\033@\326\3378e\200"
 597      35710302 
 597      8D01811B 
 597      40D6DF38 
 597      6580
 598 17a7 40C2FD95 		.ascii	"@\302\375\225\316\005l3Z2\327\271\020\010:\334\377+"
 598      CE056C33 
 598      5A32D7B9 
 598      10083ADC 
 598      FF2B
 599 17b9 BBFB4643 		.ascii	"\273\373FC\000Q`\334\270:\200O\377\337A\236i\351\325"
 599      005160DC 
 599      B83A804F 
 599      FFDF419E 
 599      69E9D5
 600 17cc E7FA603D 		.ascii	"\347\372`="
 601 17d0 44CA3320 		.ascii	"D\3123 p]@\340/\303\326\005\353\365\341\353<h\353s0"
 601      705D40E0 
 601      2FC3D605 
 601      EBF5E1EB 
 601      3C68EB73 
 602 17e5 69DB275A 		.ascii	"i\333'Zz\375;\377\257\365\233\302\327\011\001\201x\303"
 602      7AFD3BFF 
 602      AFF59BC2 
 602      D7090181 
 602      78C3
 603 17f7 7A9A9F04 		.ascii	"z\232\237\004\217>\004f\372\372M\033\335\303\375C\203"
 603      8F3E0466 
 603      FAFA4D1B 
 603      DDC3FD43 
 603      83
 604 1808 0274A0C1 		.ascii	"\002t\240\301K\331\015y\260\331DR\326e\203>\330\344"
 604      4BD90D79 
 604      B0D94452 
 604      D665833E 
 604      D8E4
 605 181a CFB361ED 		.ascii	"\317\263a\355\373<\033\310\205;\341\017\012\201\224"
 605      FB3C1BC8 
 605      853BE10F 
 605      0A8194
 606 1829 11BFDA14 		.ascii	"\021\277\332\024\032\340\266\331D\276t&2\2756\007\031"
 606      1AE0B6D9 
 606      44BE7426 
 606      32BD3607 
 606      19
 607 183a 4C9BFC83 		.ascii	"L\233\374\203u\344\276\001\207\373\033\274mzt\2467\354"
ARM GAS  /tmp/ccMIGK9X.s 			page 49


 607      75E4BE01 
 607      87FB1BBC 
 607      6D7A74A6 
 607      37EC
 608 184c 99D80471 		.ascii	"\231\330\004q\013\3667\232H\373\373\016nB\252\032\310"
 608      0BF6379A 
 608      48FBFB0E 
 608      6E42AA1A 
 608      C8
 609 185d 3718AC23 		.ascii	"7\030\254#1\333F{]\0036\031`6\230\264r\027`\263Z\251"
 609      31DB467B 
 609      5D033619 
 609      603698B4 
 609      721760B3 
 610 1873 09F107BC 		.ascii	"\011\361\007\2744\306\036\262\351\204a\3356\343\257"
 610      34C61EB2 
 610      E98461DD 
 610      36E3AF
 611 1882 C302BE7E 		.ascii	"\303\002\276~ED\266\221\210\271\323\024\012\006NO\035"
 611      4544B691 
 611      88B9D314 
 611      0A064E4F 
 611      1D
 612 1893 CC4C93EE 		.ascii	"\314L\223\356\347?[\367\213\317>\377\304\323?x\213\377"
 612      E73F5BF7 
 612      8BCF3EFF 
 612      C4D33F78 
 612      8BFF
 613 18a5 3623A465 		.ascii	"6#\244e0\324\315\265\016\322\022R\316\357\343O\327}"
 613      30D4CDB5 
 613      0ED21252 
 613      CEEFE34F 
 613      D77D
 614 18b7 B24E9619 		.ascii	"\262N\226\031b\0142\352\240\206\222\324du&(\324\250"
 614      620C32EA 
 614      A08692D4 
 614      64752628 
 614      D4A8
 615 18c9 37983C28 		.ascii	"7\230<(\234/B\211\032\226\355\233B\271J\352T\335\352"
 615      9C2F4289 
 615      1A96ED9B 
 615      42B94AEA 
 615      54DDEA
 616 18dc 9F7CF8C1 		.ascii	"\237|\370\301\207n\226\2267\215\377'\306\317XA\372\304"
 616      876E9696 
 616      378DFF27 
 616      C6CF5841 
 616      FAC4
 617 18ee 45F77348 		.ascii	"E\367sH\345W$(\344O\240\352{L\343WA_\205\201\377B\302"
 617      E5572428 
 617      E44FA0EA 
 617      7B4CE357 
 617      415F8581 
 618 1905 3693D491 		.ascii	"6\223\324\221\363h\235R\331\207\037\374\017\333\270"
 618      F3689D52 
 618      D9871FFC 
 618      0FDBB8
ARM GAS  /tmp/ccMIGK9X.s 			page 50


 619 1914 6C2C     		.ascii	"l,"
 620              		.text
 621              		.section	.gnu.lto_.symtab.3e7ca4453e60bd6c,"",%progbits
 622 0000 63684D73 		.ascii	"chMsgSend\000"
 622      6753656E 
 622      6400
 623 000a 00       		.ascii	"\000"
 624 000b 00       		.ascii	"\000"
 625 000c 00       		.ascii	"\000"
 626 000d 00000000 		.ascii	"\000\000\000\000\000\000\000\000"
 626      00000000 
 627 0015 83010000 		.ascii	"\203\001\000\000"
 628 0019 63684D73 		.ascii	"chMsgWait\000"
 628      67576169 
 628      7400
 629 0023 00       		.ascii	"\000"
 630 0024 00       		.ascii	"\000"
 631 0025 00       		.ascii	"\000"
 632 0026 00000000 		.ascii	"\000\000\000\000\000\000\000\000"
 632      00000000 
 633 002e 86010000 		.ascii	"\206\001\000\000"
 634 0032 63684D73 		.ascii	"chMsgRelease\000"
 634      6752656C 
 634      65617365 
 634      00
 635 003f 00       		.ascii	"\000"
 636 0040 00       		.ascii	"\000"
 637 0041 00       		.ascii	"\000"
 638 0042 00000000 		.ascii	"\000\000\000\000\000\000\000\000"
 638      00000000 
 639 004a 8B010000 		.ascii	"\213\001\000\000"
 640 004e 636800   		.ascii	"ch\000"
 641 0051 00       		.ascii	"\000"
 642 0052 02       		.ascii	"\002"
 643 0053 00       		.ascii	"\000"
 644 0054 00000000 		.ascii	"\000\000\000\000\000\000\000\000"
 644      00000000 
 645 005c EC010000 		.ascii	"\354\001\000\000"
 646 0060 63685363 		.ascii	"chSchGoSleepS\000"
 646      68476F53 
 646      6C656570 
 646      5300
 647 006e 00       		.ascii	"\000"
 648 006f 02       		.ascii	"\002"
 649 0070 00       		.ascii	"\000"
 650 0071 00000000 		.ascii	"\000\000\000\000\000\000\000\000"
 650      00000000 
 651 0079 8F010000 		.ascii	"\217\001\000\000"
 652 007d 63685363 		.ascii	"chSchReadyI\000"
 652      68526561 
 652      64794900 
 653 0089 00       		.ascii	"\000"
 654 008a 02       		.ascii	"\002"
 655 008b 00       		.ascii	"\000"
 656 008c 00000000 		.ascii	"\000\000\000\000\000\000\000\000"
 656      00000000 
 657 0094 93010000 		.ascii	"\223\001\000\000"
ARM GAS  /tmp/ccMIGK9X.s 			page 51


 658 0098 63685363 		.ascii	"chSchWakeupS\000"
 658      6857616B 
 658      65757053 
 658      00
 659 00a5 00       		.ascii	"\000"
 660 00a6 02       		.ascii	"\002"
 661 00a7 00       		.ascii	"\000"
 662 00a8 00000000 		.ascii	"\000\000\000\000\000\000\000\000"
 662      00000000 
 663 00b0 95010000 		.ascii	"\225\001\000\000"
 664              		.text
 665              		.section	.gnu.lto_.opts,"",%progbits
 666 0000 272D666D 		.ascii	"'-fmath-errno' '-fsigned-zeros' '-ftrapping-math' '"
 666      6174682D 
 666      6572726E 
 666      6F272027 
 666      2D667369 
 667 0033 2D666E6F 		.ascii	"-fno-trapv' '-fno-openmp' '-fno-openacc' '-mcpu=cor"
 667      2D747261 
 667      70762720 
 667      272D666E 
 667      6F2D6F70 
 668 0066 7465782D 		.ascii	"tex-m3' '-mno-thumb-interwork' '-mthumb' '-ggdb' '-"
 668      6D332720 
 668      272D6D6E 
 668      6F2D7468 
 668      756D622D 
 669 0099 4F322720 		.ascii	"O2' '-fomit-frame-pointer' '-falign-functions=16' '"
 669      272D666F 
 669      6D69742D 
 669      6672616D 
 669      652D706F 
 670 00cc 2D666675 		.ascii	"-ffunction-sections' '-fdata-sections' '-fno-common"
 670      6E637469 
 670      6F6E2D73 
 670      65637469 
 670      6F6E7327 
 671 00ff 2720272D 		.ascii	"' '-flto'\000"
 671      666C746F 
 671      2700
 672              		.text
 673              		.comm	__gnu_lto_v1,1,1
 674              		.comm	__gnu_lto_slim,1,1
 675              		.ident	"GCC: (GNU Tools for ARM Embedded Processors 6-2017-q2-update) 6.3.1 20170620 (release) [AR
ARM GAS  /tmp/ccMIGK9X.s 			page 52


DEFINED SYMBOLS
                            *ABS*:0000000000000000 chmsg.c
                            *COM*:0000000000000001 __gnu_lto_v1
                            *COM*:0000000000000001 __gnu_lto_slim

NO UNDEFINED SYMBOLS
