ARM GAS  /tmp/cc5awoZK.s 			page 1


   1              		.cpu cortex-m3
   2              		.eabi_attribute 20, 1
   3              		.eabi_attribute 21, 1
   4              		.eabi_attribute 23, 3
   5              		.eabi_attribute 24, 1
   6              		.eabi_attribute 25, 1
   7              		.eabi_attribute 26, 1
   8              		.eabi_attribute 30, 2
   9              		.eabi_attribute 34, 1
  10              		.eabi_attribute 18, 4
  11              		.file	"crt1.c"
  12              		.text
  13              	.Ltext0:
  14              		.section	.gnu.lto_.profile.38d1e46762d79450,"",%progbits
  15 0000 789C6365 		.ascii	"x\234ce`b`a```d\220\024\005\000\000\307\000;"
  15      60626061 
  15      60606064 
  15      90140500 
  15      00C7003B 
  16              		.text
  17              		.section	.gnu.lto_.icf.38d1e46762d79450,"",%progbits
  18 0000 789C6365 		.ascii	"x\234ce`bPc@\0006\206\336\326'\267\271\030\301$\023"
  18      60625063 
  18      40003686 
  18      DED627B7 
  18      B918C124 
  19 0015 98645EDF 		.ascii	"\230d^\337\262\367;\013\313\234I\377>\263\263^\374\266"
  19      B2F73B0B 
  19      CB9C49FF 
  19      3EB3B35E 
  19      FCB6
  20 0027 B1878F01 		.ascii	"\261\207\217\001\000Z\350\021\367"
  20      005AE811 
  20      F7
  21              		.text
  22              		.section	.gnu.lto_.jmpfuncs.38d1e46762d79450,"",%progbits
  23 0000 789C6365 		.ascii	"x\234ce`b\020d@\000V fd\000\0122030\260\0009\000\003"
  23      60621064 
  23      40005620 
  23      6664000A 
  23      32303330 
  24 0019 8C0028   		.ascii	"\214\000("
  25              		.text
  26              		.section	.gnu.lto_.inline.38d1e46762d79450,"",%progbits
  27 0000 789C6365 		.ascii	"x\234ce`b\210g@\000V\006\006f&F\240 \003\003\333\002"
  27      60628867 
  27      40005606 
  27      06662646 
  27      A0200303 
  28 0016 7910C5C0 		.ascii	"y\020\305\300\210!\302\204!\302\014\344ADX\300$\220"
  28      8821C284 
  28      21C20CE4 
  28      414458C0 
  28      2490
  29 0028 1259C901 		.ascii	"\022Y\311\001\024Q\332\364\274\221\021\256\214\001\000"
  29      1451DAF4 
  29      BC9111AE 
ARM GAS  /tmp/cc5awoZK.s 			page 2


  29      8C0100
  30 0037 015E06BA 		.ascii	"\001^\006\272"
  31              		.text
  32              		.section	.gnu.lto_.pureconst.38d1e46762d79450,"",%progbits
  33 0000 789C6365 		.ascii	"x\234ce`b\340f```e\220`\224`\222`6a\221\002\000\004"
  33      6062E066 
  33      60606065 
  33      90609460 
  33      92603661 
  34 0018 4600B8   		.ascii	"F\000\270"
  35              		.text
  36              		.section	.gnu.lto___core_init.38d1e46762d79450,"",%progbits
  37 0000 789C6365 		.ascii	"x\234ce`b\250d``\260\004bi fdf`d\232p\216\201\241\221"
  37      6062A864 
  37      6060B004 
  37      62692066 
  37      64666064 
  38 001a 83899111 		.ascii	"\203\211\221\021\304h\340`d\250gb\254g\354g\236\316"
  38      C468E060 
  38      64A86762 
  38      AC67EC67 
  38      9ECE
  39 002c CC78A8FD 		.ascii	"\314x\250\375\331N&\315\345\015@p`\372\006\256\266\206"
  39      D94E26CD 
  39      E50D4070 
  39      60FA06AE 
  39      B686
  40 003e 5689F9CC 		.ascii	"V\211\371\314\014\0143\201\030\004\030\2273j2\000\225"
  40      0C0C3381 
  40      18041897 
  40      336A3200 
  40      95
  41 004f 3DDAF86F 		.ascii	"=\332\370o*/\033\013D\234q\005#\033#\220^\177\211\361"
  41      2A2F1B0B 
  41      449C7105 
  41      231B2390 
  41      5E7F89F1 
  42 0063 40C3BFFF 		.ascii	"@\303\277\377\355\015\007\216,f\334\353\305\304\300"
  42      ED0D078E 
  42      2C66DCEB 
  42      C5C4C0
  43 0072 D0059406 		.ascii	"\320\005\224\006\331\321\315\314\004\242\231\33726)"
  43      D9D1CDCC 
  43      04A299DF 
  43      323629
  44 0081 805483CD 		.ascii	"\200T\203\315\352bf\004\011\002\225\231\353\351\351"
  44      EA626604 
  44      09029599 
  44      EBE9E9
  45 0090 43507EB1 		.ascii	"CP~\261~r~nn~\236~qIbQIi\201\276c\220\257\263o\005H"
  45      7E727E6E 
  45      6E7E9E7E 
  45      71496251 
  45      496981BE 
  46 00ab B4203327 		.ascii	"\264 3'\265\250X\337\335\331Y?\271\250\304P/\231\001"
  46      B5A858DF 
  46      DDD9593F 
ARM GAS  /tmp/cc5awoZK.s 			page 3


  46      B9A8C450 
  46      2F9901
  47 00be 002B593A 		.ascii	"\000+Y:\177"
  47      7F
  48              		.text
  49              		.section	.gnu.lto___early_init.38d1e46762d79450,"",%progbits
  50 0000 789C6365 		.ascii	"x\234ce`b(g``\260\004bi fdf`d\232p\216\201\241\221\203"
  50      60622867 
  50      6060B004 
  50      62692066 
  50      64666064 
  51 001b 899111C4 		.ascii	"\211\221\021\304h\340`d\250gb\254g\354g\236\316\314"
  51      68E06064 
  51      A86762AC 
  51      67EC679E 
  51      CECC
  52 002d 78A8FDD9 		.ascii	"x\250\375\331N&\315\345\015@p`\3727\256\266\206V\211"
  52      4E26CDE5 
  52      0D407060 
  52      FA37AEB6 
  52      865689
  53 0040 F9CC0C0C 		.ascii	"\371\314\014\0143\201\030\004\030\2273j2\000\225=\332"
  53      33811804 
  53      1897336A 
  53      3200953D 
  53      DA
  54 0051 F86F2A2F 		.ascii	"\370o*/\033\013D\234q\005#\033#\220^\177\211\361@\303"
  54      1B0B449C 
  54      7105231B 
  54      23905E7F 
  54      89F140C3 
  55 0065 BFFFED0D 		.ascii	"\277\377\355\015\007\316(3310t\001%A6t\0039@\232\371"
  55      07CE2833 
  55      33313074 
  55      01254136 
  55      74033940 
  56 007b 2D639302 		.ascii	"-c\223\002H-\330\244.fF\220 P\231\271\236\236>\004\345"
  56      482DD8A4 
  56      2E664690 
  56      205099B9 
  56      9E9E3E04 
  57 0090 17EB27E7 		.ascii	"\027\353'\347\347\346\346\347\351\027\227$\026\225\224"
  57      E7E6E6E7 
  57      E9179724 
  57      169594
  58 009f 16E83B06 		.ascii	"\026\350;\006\371:\373V\200D\0132sR\213\212\365\335"
  58      F93AFB56 
  58      80440B32 
  58      73528B8A 
  58      F5DD
  59 00b1 9D9DF593 		.ascii	"\235\235\365\223\213J\014\365\222\031\000\201p9F"
  59      8B4A0CF5 
  59      92190081 
  59      703946
  60              		.text
  61              		.section	.gnu.lto___late_init.38d1e46762d79450,"",%progbits
  62 0000 789C6365 		.ascii	"x\234ce`b(g``\260\004bi fdf`d\232p\216\201\241\221\203"
ARM GAS  /tmp/cc5awoZK.s 			page 4


  62      60622867 
  62      6060B004 
  62      62692066 
  62      64666064 
  63 001b 899111C4 		.ascii	"\211\221\021\304h\340`d\250gb\254g\354g\236\316\314"
  63      68E06064 
  63      A86762AC 
  63      67EC679E 
  63      CECC
  64 002d 78A8FDD9 		.ascii	"x\250\375\331N&\315\345\015@p`\372&\356\266\206V\211"
  64      4E26CDE5 
  64      0D407060 
  64      FA26EEB6 
  64      865689
  65 0040 F9CC0C0C 		.ascii	"\371\314\014\0143\201\030\004\030\2273j2\000\225=\332"
  65      33811804 
  65      1897336A 
  65      3200953D 
  65      DA
  66 0051 F86F2A2F 		.ascii	"\370o*/\033\013D\234q\005#\033#\220^\177\211\361@\303"
  66      1B0B449C 
  66      7105231B 
  66      23905E7F 
  66      89F140C3 
  67 0065 BFFFED0D 		.ascii	"\277\377\355\015\007\216(3310t\001%A6t\0039@\232\371"
  67      078E2833 
  67      33313074 
  67      01254136 
  67      74033940 
  68 007b 2D639302 		.ascii	"-c\223\002H-\330\244.fF\220 P\231\271\236\236>\004\345"
  68      482DD8A4 
  68      2E664690 
  68      205099B9 
  68      9E9E3E04 
  69 0090 17EB27E7 		.ascii	"\027\353'\347\347\346\346\347\351\027\227$\026\225\224"
  69      E7E6E6E7 
  69      E9179724 
  69      169594
  70 009f 16E83B06 		.ascii	"\026\350;\006\371:\373V\200D\0132sR\213\212\365\335"
  70      F93AFB56 
  70      80440B32 
  70      73528B8A 
  70      F5DD
  71 00b1 9D9DF593 		.ascii	"\235\235\365\223\213J\014\365\222\031\000T\3558\373"
  71      8B4A0CF5 
  71      92190054 
  71      ED38FB
  72              		.text
  73              		.section	.gnu.lto___default_exit.38d1e46762d79450,"",%progbits
  74 0000 789C6365 		.ascii	"x\234ce`b(c``\260\004bS fde`d\232p\216\201\241\221\203"
  74      60622863 
  74      6060B004 
  74      62532066 
  74      64656064 
  75 001b 899119C4 		.ascii	"\211\221\031\304`dfd\201\010\260@\004\034\031\031\352"
  75      60646664 
  75      8108B040 
ARM GAS  /tmp/cc5awoZK.s 			page 5


  75      041C1919 
  75      EA
  76 002c 99985918 		.ascii	"\231\230Y\030\201\004\003\004\3643Ogf<\324\376l'\223"
  76      81040304 
  76      F4334F67 
  76      663CD4FE 
  76      6C2793
  77 003f E6F20620 		.ascii	"\346\362\006 80\375\016w[C\253\304|\240\202\231PE\214"
  77      3830FD0E 
  77      775B43AB 
  77      C47CA082 
  77      9950458C 
  78 0053 CB193519 		.ascii	"\313\0315\031\200\312\036m\3747\225\227\215\005\"\316"
  78      80CA1E6D 
  78      FC379597 
  78      8D0522CE 
  79 0063 B882918D 		.ascii	"\270\202\221\215\021H\257\277\304x\240\341\337\377\366"
  79      1148AFBF 
  79      C478A0E1 
  79      DFFFF6
  80 0072 86037716 		.ascii	"\206\003w\0263~\367\006\012u\001\245\031\201$\023\320"
  80      337EF706 
  80      0A7501A5 
  80      19812413 
  80      D0
  81 0083 FE2E6666 		.ascii	"\376.ff\006\240\305\214]\314,P\232\021l\244\271\236"
  81      06A0C58C 
  81      5DCC2C50 
  81      9A116CA4 
  81      B99E
  82 0095 9E3E04E5 		.ascii	"\236>\004\345\027\353'\347\347\346\346\347\351\027\227"
  82      17EB27E7 
  82      E7E6E6E7 
  82      E91797
  83 00a4 24169594 		.ascii	"$\026\225\224\026\350;\006\371:\373V\200D\0132sR\213"
  83      16E83B06 
  83      F93AFB56 
  83      80440B32 
  83      73528B
  84 00b7 8AF5DD9D 		.ascii	"\212\365\335\235\235\365\223\213J\014\365\222\031\000"
  84      9DF5938B 
  84      4A0CF592 
  84      1900
  85 00c5 314A3BB7 		.ascii	"1J;\267"
  86              		.text
  87              		.section	.gnu.lto___init_ram_areas.38d1e46762d79450,"",%progbits
  88 0000 789C9554 		.ascii	"x\234\225T\337oSu\024?\347~o\357\275\355\355\332\222"
  88      DF6F5375 
  88      143FE77E 
  88      6FEFBDED 
  88      EDDA92
  89 0013 D5C41842 		.ascii	"\325\304\030B\366\262\007^\326\354\011\302\203\311\334"
  89      F6B2075E 
  89      D6EC09C2 
  89      83C9DC
  90 0022 83BEF0E2 		.ascii	"\203\276\360\342_ \231>\030\3055\333H|\262w[\001\335"
  90      5F20993E 
ARM GAS  /tmp/cc5awoZK.s 			page 6


  90      18C535DB 
  90      487CB277 
  90      5B01DD
  91 0035 144750D8 		.ascii	"\024GP\330Jk\027\211a\263n\035\210:\212\203n\014\306"
  91      4A6B1789 
  91      61B36E1D 
  91      883A8A83 
  91      6E0CC6
  92 0048 1640E983 		.ascii	"\026@\351\203\017\204'\006\214\215h\246e\032\026\035"
  92      0F842706 
  92      8C8D68A6 
  92      651A161D 
  93 0058 9E73BE5D 		.ascii	"\236s\276](\233?o\332{\277?\316\371\234\317\371\234"
  93      289B3F6F 
  93      DA7BBF3F 
  93      CEF99CCF 
  93      F99C
  94 006a EFF7F8C0 		.ascii	"\357\367\370\300\200\217,\200\027\000\3403\372c\020"
  94      808F2C80 
  94      1700E033 
  94      FA6310
  95 0079 D0E8BB0E 		.ascii	"\320\350\273\016\320\351\030\250\364@\241O\017L=\230"
  95      D0E918A8 
  95      F440A14F 
  95      0F4C3D98 
  96 0089 747C86F9 		.ascii	"t|\206\371\376\014\200\027\260\2226xA\013\035^G[\177"
  96      FE0C8017 
  96      B0923678 
  96      410B1D5E 
  96      475B7F
  97 009c 271DC7B0 		.ascii	"'\035\307\260\365\276_\366\375\206;:\315\323\300m?M"
  97      F5BE5FF6 
  97      FD863B3A 
  97      CDD3C06D 
  97      3F4D
  98 00ae 5D0DDC14 		.ascii	"]\015\334\024@\344\257\347 $\014e\372,\333\361\273\001"
  98      40E4AFE7 
  98      20240C65 
  98      FA2CDBF1 
  98      BB01
  99 00c0 4C980AB0 		.ascii	"L\230\012\260h\022\032\277\210\023\370@?N\345\373\241"
  99      68121ABF 
  99      8813F840 
  99      3F4EE5FB 
  99      A1
 100 00d1 3AA670EA 		.ascii	":\246p\352\340\275\263\306\366\223\036=\305c}\241\003"
 100      E0BDB3C6 
 100      F6931E3D 
 100      C5637DA1 
 100      03
 101 00e2 DEFE67B3 		.ascii	"\336\376g\263\012`@i\033<\211\333\201\314n$\307\322"
 101      0A604069 
 101      1B3C89DB 
 101      81CC6E24 
 101      C7D2
 102 00f4 EA90CA2A 		.ascii	"\352\220\312*D\223\246?_K\315\207xj`\035M\223\331\241"
 102      4493A63F 
ARM GAS  /tmp/cc5awoZK.s 			page 7


 102      5F4BCD87 
 102      786A601D 
 102      4D93D9A1 
 103 0108 BCA97621 		.ascii	"\274\251v![~\376\350F\217\252?\341y]^\361\207\361\350"
 103      5B7EFEE8 
 103      468FAA3F 
 103      E1795D5E 
 103      F187F1E8 
 104 011c 916EEF8A 		.ascii	"\221n\357\212gf\025m\240\"T\034\306\2558\204[\005\235"
 104      6766156D 
 104      A022541C 
 104      C6AD3884 
 104      5B059D
 105 012f CC6F9F5A 		.ascii	"\314o\237Z\373\270\30621\207\365:(~\201\026\002(^\241"
 105      FBB8C632 
 105      3187F53A 
 105      287E8116 
 105      02285EA1 
 106 0143 FDE9BBBF 		.ascii	"\375\351\273\277\227\\\365\274@w\346\216\247\203\025"
 106      975CF5BC 
 106      4077E68E 
 106      A78315
 107 0152 E89FC6B7 		.ascii	"\350\237\306\267\035\256@\2338\262\031\032G\305\375"
 107      1DAE409B 
 107      38B2191A 
 107      47C5FD
 108 0161 6AF1BD7C 		.ascii	"j\361\275|@5\211\373Ziq\331Wq\377e\347\200WL\326\261"
 108      403589FB 
 108      5A6971D9 
 108      5771FF65 
 108      E780574C 
 109 0177 73FE2F9C 		.ascii	"s\376/\234\307\260>_\302\242\267\366\370\240W\274\274"
 109      C7B03E5F 
 109      C2A2B7F6 
 109      F8A057BC 
 109      BC
 110 0188 73E2CCAD 		.ascii	"s\342\314\255\332g\020\230\222!\310JLLy;\362\016\310"
 110      DA671098 
 110      9221C84A 
 110      4C4C793B 
 110      F20EC8
 111 019b BA2BE320 		.ascii	"\272+\343 \020n\015\275|a\231Gdo\013\257\326\312BT\240"
 111      106E0DBD 
 111      7C619947 
 111      646F0BAF 
 111      D6CA4254 
 112 01b0 007A28E1 		.ascii	"\000z(\341e\200^e\320G\335\305\256\301\\z\227\010\240"
 112      65805E65 
 112      D047DDC5 
 112      AEC15C7A 
 112      9708A0
 113 01c3 933FBA7F 		.ascii	"\223?\272\177\352;\233e\266$\201\356\325\013\345P\342"
 113      EA3B9B65 
 113      B62481EE 
 113      D50BE550 
 113      E2
 114 01d4 0F8F2A64 		.ascii	"\017\217*d\235PZ\277\331T\356\215,f:#Ye\343iL\340)\316"
ARM GAS  /tmp/cc5awoZK.s 			page 8


 114      9D505ABF 
 114      D954EE8D 
 114      2C663A23 
 114      5965E369 
 115 01ec 81361E2F 		.ascii	"\2016\036/\235\036\365\223q\277\347\015~j0\304\227\230"
 115      9D1EF593 
 115      71BFE70D 
 115      7E6A30C4 
 115      9798
 116 01fe 2561F10C 		.ascii	"%a\361\014&\200c*H\332\024\323\020.\031\205\260\210"
 116      2680632A 
 116      48DA14D3 
 116      102E1985 
 116      B088
 117 0210 5D85C50F 		.ascii	"]\205\305\017\026\354\252\252\020m\346+E!\327\257\320"
 117      16ECAAAA 
 117      106DE62B 
 117      4521D7AF 
 117      D0
 118 0221 CAA84035 		.ascii	"\312\250@51%\304~\233\231{7\310,\350\024\015\236GJ\324"
 118      3125C47E 
 118      9B997B37 
 118      C82CE814 
 118      0D9E474A 
 119 0236 2140FCBA 		.ascii	"!@\374\272B\345\223\376\361r(6\342\365y\036)\356\307"
 119      42E593FE 
 119      F1722836 
 119      E2F5791E 
 119      29EEC7
 120 0249 6F8848BF 		.ascii	"o\210H\277\0340\034\307\030p\336\35706\207#|!2|\310"
 120      1C301CC7 
 120      1870DEEF 
 120      30368723 
 120      7C21327C 
 121 025e D6E1DC8D 		.ascii	"\326\341\334\215\370\205\177\305?+\370\310\370\205\247"
 121      F8857FC5 
 121      3F2BF8C8 
 121      F885A7
 122 026d F0C718DF 		.ascii	"\360\307\030\337\005XA\254\222\223\025\312\245_Z\027"
 122      055841AC 
 122      929315CA 
 122      A55F5A17 
 123 027d 15CF61C2 		.ascii	"\025\317a\302(\2052*\352\246\036L\")e\002]CE\254V{F"
 123      2885322A 
 123      EAA61E4C 
 123      22296502 
 123      5D4345AC 
 124 0294 CA714DAB 		.ascii	"\312qM\253\246Z\005s\223\012\304#\220\241\333\361-S"
 124      A65A0573 
 124      930AC423 
 124      90A1DBF1 
 124      2D53
 125 02a6 C409569E 		.ascii	"\304\011V\236\374\217\316>\307\336\0333\332&\306\252"
 125      FC8FCE3E 
 125      C7DE1B33 
 125      DA26C6AA 
 126 02b6 627C9E8C 		.ascii	"b|\236\214\011\237\354\273\323\007&\312\257\350xa6\340"
ARM GAS  /tmp/cc5awoZK.s 			page 9


 126      099FECBB 
 126      D30726CA 
 126      AFE87861 
 126      36E0
 127 02c8 F349D9D4 		.ascii	"\363I\331\324=I&\254\315\256\225_\325f\021\016\372\224"
 127      3D4926AC 
 127      CDAE955F 
 127      D566110E 
 127      FA94
 128 02da 99681A91 		.ascii	"\231h\032\221\212\373\200\032\205.\2718+\220\261X\030"
 128      8AFB801A 
 128      852EB938 
 128      2B90B158 
 128      18
 129 02eb BAFC030B 		.ascii	"\272\374\003\013\001\015\024\334\234\320?j~A47X\277"
 129      010D14DC 
 129      9CD03F6A 
 129      7E413437 
 129      58BF
 130 02fd 22697E07 		.ascii	"\"i~\007\223\327/\336B\215\245\010\216\253\275\202\006"
 130      93D72FDE 
 130      428DA508 
 130      8EABBD82 
 130      06
 131 030e 955715E6 		.ascii	"\225W\025\346\037Q\202\0213\2650\213+H\233\256\272)"
 131      1F518211 
 131      33B5308B 
 131      2B489BAE 
 131      BA29
 132 0320 4B6173F5 		.ascii	"Kas\365\236\010n\361\321$s\212H\244i\301^\257\300\303"
 132      9E086EF1 
 132      D124738A 
 132      48A469C1 
 132      5EAFC0C3 
 133 0334 FBC333D6 		.ascii	"\373\3033\326\337khV4\234$6\325\005\012\320\345\235"
 133      DF6B6856 
 133      349C2436 
 133      D5050AD0 
 133      E59D
 134 0346 A21D116B 		.ascii	"\242\035\021kd\245\242i-;l\326\264V\304rX,|\"\226\251"
 134      64A5A269 
 134      2D3B6CD6 
 134      B456C472 
 134      582C7C22 
 135 035c 051A5A17 		.ascii	"\005\032Z\027h\313\377\024\350\242\010$\007lz\243@&"
 135      68CBFF14 
 135      E8A20824 
 135      076C7AA3 
 135      4026
 136 036e C1698168 		.ascii	"\301i\201h\344X@\034\354\233K\"\205\237\245\020\332"
 136      E458401C 
 136      EC9B4B22 
 136      859FA510 
 136      DA
 137 037f 97F669E3 		.ascii	"\227\366i\343(E!\374\322\362\325\214\253;r\004/U'!\327"
 137      284521FC 
 137      D2F2D58C 
ARM GAS  /tmp/cc5awoZK.s 			page 10


 137      AB3B7204 
 137      2F552721 
 138 0394 39AA23FC 		.ascii	"9\252#\374Z\260\370\356\322\234\\R\347\036\316\371\330"
 138      5AB0F8EE 
 138      D29C5C52 
 138      E71ECEF9 
 138      D8
 139 03a5 C545E7BF 		.ascii	"\305E\347\277\264\223\231\252vrx\356\370\222\2571\317"
 139      B49399AA 
 139      767278EE 
 139      F892AF31 
 139      CF
 140 03b6 E90C2E21 		.ascii	"\351\014.!\345\212W(!\274\254;&\031\364>X\374>\274\336"
 140      E58A5728 
 140      21BCAC3B 
 140      2619F43E 
 140      58FC3EBC 
 141 03cb 6F903BC3 		.ascii	"o\220;\303,6R\262s\322n\270\327\271p\304\302^\272\337"
 141      2C3652B2 
 141      73D26EB8 
 141      D7B970C4 
 141      C25EBADF 
 142 03df D4EB7EA4 		.ascii	"\324\353~\244;9\237A\335Wd\027i\231\216\317\216\206"
 142      3B399F41 
 142      DD576417 
 142      69998ECF 
 142      8E86
 143 03f1 8698FEB5 		.ascii	"\206\230\376\265\266\307ZZ\367\356m}+\326\336\261\247"
 143      B6C75A5A 
 143      F7EE6D7D 
 143      2BD6DEB1 
 143      A7
 144 0402 AD635F3C 		.ascii	"\255c_<\326\364\362\356\346\335o\363j\374\3657_kk\217"
 144      D6F4F2EE 
 144      E6DD6FF3 
 144      6AFCF537 
 144      5F6B6B8F 
 145 0416 BDD8DC1C 		.ascii	"\275\330\334\034ki\353hlh\001\325\266'nt\3041\376'\224"
 145      6B69EB68 
 145      6C6801D5 
 145      B6276E74 
 145      C431FE27 
 146 042b E12DC5   		.ascii	"\341-\305"
 147              		.text
 148              		.section	.gnu.lto_ram_areas.38d1e46762d79450,"",%progbits
 149 0000 789C75D1 		.ascii	"x\234u\321\313K\033Q\024\006\360{\346\032\243\326W}"
 149      CB4B1B51 
 149      1406F07B 
 149      E61AA3D6 
 149      577D
 150 0012 561BEB7F 		.ascii	"V\033\353\177\220A7\306]%\013\351\302M\377\003\011."
 150      904137C6 
 150      5D250BE9 
 150      C24DFF03 
 150      092E
 151 0024 0AD54812 		.ascii	"\012\325H\022A\334d\026\026D\251[\005\205\010\025l\353"
 151      41DC6416 
ARM GAS  /tmp/cc5awoZK.s 			page 11


 151      1644A95B 
 151      05850815 
 151      6CEB
 152 0036 2B55AB26 		.ascii	"+U\253&\332j\325\370\252\357\307\312M\241\"\010\202"
 152      DA6AD5F8 
 152      AAEFC7CA 
 152      4DA12208 
 152      82
 153 0047 505A0255 		.ascii	"PZ\002U\321\233|\263\220\011g\030\346\203s.\037?\356"
 153      D19B7CB3 
 153      90096718 
 153      E683732E 
 153      1F3FEE
 154 005a D884265E 		.ascii	"\330\204&^\331\204\250\025x\372$E\"Wg\366\340\235\321"
 154      D984A815 
 154      78FA2445 
 154      225767F6 
 154      E09DD1
 155 006d 6518BF7A 		.ascii	"e\030\277z.eGH\212\0172e5t\241%\027\224\272\240\344"
 155      2E654748 
 155      8A0F3265 
 155      3574A125 
 155      1794BAA0 
 156 0082 424B5914 		.ascii	"BKY\024$\34729\377wq\276\224\341\2325\272\206\214\227"
 156      24E73239 
 156      FF7771BE 
 156      94E19A35 
 156      BA868C97 
 157 0096 2149FD52 		.ascii	"!I\375R\320g\012\366K\242O\211\320\350c\"$\215P0q\374"
 157      D0670AF6 
 157      4BA24F89 
 157      D0E86322 
 157      248D5030 
 158 00ac 6FF7BBB8 		.ascii	"o\367\273\270\354\225!\265\260[Zoz!L\343\2046N\230\316"
 158      EC9521B5 
 158      B05B5A6F 
 158      7A214CE3 
 158      84364E98 
 159 00c1 08ED9C30 		.ascii	"\010\355\2340\014\341$\204\023\020\216Cx~3\036\315\205"
 159      0CE12484 
 159      13108E43 
 159      787E331E 
 159      CD85
 160 00d3 30DDD27A 		.ascii	"0\335\322zm\01238a&'\314b\204O8\341,\204_!\234\201p"
 160      6D0A3338 
 160      612627CC 
 160      62844F38 
 160      E12C845F 
 161 00eb 1AC2ADE1 		.ascii	"\032\302\255\341\350m6\2046K\353oS\230\315\011s8a.#"
 161      E86D3684 
 161      364BEB6F 
 161      5398CD09 
 161      7338612E 
 162 0100 CCE3848B 		.ascii	"\314\343\204\213\020.@\030\2050\002\341agx\320\374\313"
 162      102E4018 
 162      853002E1 
 162      616778D0 
ARM GAS  /tmp/cc5awoZK.s 			page 12


 162      FCCB
 163 0112 6996D639 		.ascii	"i\226\3269S\230\317\011\237r\302\002FX\310\011W \374"
 163      5398CF09 
 163      9F72C202 
 163      4658C809 
 163      5720FC
 164 0125 01E13284 		.ascii	"\001\3412\204K\020\256\374\011\217\230w(-\255\243\246"
 164      4B10AEFC 
 164      098F9877 
 164      282DADA3 
 164      A6
 165 0136 B0881316 		.ascii	"\260\210\023\026s\302\022FX\312\0117!\334\200p\035\302"
 165      73C21246 
 165      58CA0937 
 165      21DC8070 
 165      1DC2
 166 0148 1884B1FB 		.ascii	"\030\204\261\373\370r\036\204\232\245\365\376=\204\317"
 166      F8721E84 
 166      9AA5F5FE 
 166      3D84CF
 167 0157 38611927 		.ascii	"8a\031',g\204\3179\341\036\204\273\020\356@\370\023"
 167      2C6784CF 
 167      39E11E84 
 167      BB10EE40 
 167      F813
 168 0169 C2C73571 		.ascii	"\302\3075q\223\344\340H\025\034\351\005C\252\344H\307"
 168      93E4E048 
 168      151CE905 
 168      43AAE448 
 168      C7
 169 017a 201D8174 		.ascii	" \035\201t\010\322\001H\235\003\261\377v\0347\324\325"
 169      08D20148 
 169      9D03B1FF 
 169      761C37D4 
 169      D5
 170 018b 49AA72D0 		.ascii	"I\252r\320\011\271\250\332A\373*\266\311A[*\327T\256"
 170      09B9A8DA 
 170      41FB2AB6 
 170      C9415B2A 
 170      D754AE
 171 019e AAFCAEF2 		.ascii	"\252\374\256\362\233\312y\225s*\247T~Q9\246r\224\\\202"
 171      9BCA7995 
 171      732AA754 
 171      7E5139A6 
 171      72945C82 
 172 01b2 4ED5A7C6 		.ascii	"N\325\247\306\351\324\361z\375\272\307\333\334\354m"
 172      E9D4F17A 
 172      FDBAC7DB 
 172      DCEC6D
 173 01c1 D1FD8146 		.ascii	"\321\375\201F_\240\255U\257{\335\340nhOL[\337\274m\362"
 173      5FA0AD55 
 173      AF7BDDE0 
 173      6E684F4C 
 173      5BDFBC6D 
 174 01d6 F9F57AB7 		.ascii	"\371\365z\267[\367\370\002UN\217x\000\313\335\014P"
 174      5BF7F802 
 174      554E8F78 
ARM GAS  /tmp/cc5awoZK.s 			page 13


 174      00CBDD0C 
 174      50
 175              		.text
 176              		.section	.gnu.lto_.symbol_nodes.38d1e46762d79450,"",%progbits
 177 0000 789C55CD 		.ascii	"x\234U\315YN\302P\000\205\341\277-W\006Q\021\007DF\335"
 177      594EC250 
 177      0085E1BF 
 177      2D570651 
 177      11074446 
 178 0015 88712FEE 		.ascii	"\210q/\356\343v\011\254\307'Q\231\004\012\002\202\240"
 178      E37609AC 
 178      C7275199 
 178      040A0282 
 178      A0
 179 0026 08A80BA1 		.ascii	"\010\250\013\241\234\027\322\247/\371s\222cpyp\000\367"
 179      9C17D2A7 
 179      2FF97392 
 179      63707970 
 179      00F7
 180 0038 090BB580 		.ascii	"\011\013\265\200\035\217\376}X\352X'Z\236\261n\264\274"
 180      1D8FFE7D 
 180      58EA5827 
 180      5A9EB16E 
 180      B4BC
 181 004a 60BD7DB9 		.ascii	"`\275}\271\011\313+6\026\331\230;\374[\360L\003\247"
 181      09CB2B36 
 181      16D9983B 
 181      FC5BF04C 
 181      03A7
 182 005c 1A3E9926 		.ascii	"\032>\231&\256l\341\31161\331\301\3107\016d\227\270"
 182      AE6CE1C9 
 182      3631D9C1 
 182      C8370E64 
 182      97B8
 183 006e EC91907D 		.ascii	"\354\221\220}\2222 %\007\034\312!i\371\316\221\034q"
 183      92322025 
 183      071CCA21 
 183      69F9CE91 
 183      1C71
 184 0080 2CC79CC8 		.ascii	",\307\234\310\011\031\371\301\251\234\222\2253\316\344"
 184      0919F9C1 
 184      A99C9295 
 184      33CEE4
 185 008f 27E772CE 		.ascii	"'\347r\316\205\\p)\277\310\311o\256\344\222\274\374"
 185      855C7029 
 185      BFC8C96F 
 185      AEE492BC 
 185      FC
 186 00a0 E15AAE28 		.ascii	"\341Z\256(\3105E\271\241$\177)\313?*\362\237\352N\266"
 186      C83545B9 
 186      A1247F29 
 186      CB3F2AF2 
 186      9FEA4EB6 
 187 00b4 D8623987 		.ascii	"\330b9\207"
 188              		.text
 189              		.section	.gnu.lto_.refs.38d1e46762d79450,"",%progbits
 190 0000 789C05C1 		.ascii	"x\234\005\301\007\022\202@\020\000\260\235\014\207 "
ARM GAS  /tmp/cc5awoZK.s 			page 14


 190      07128240 
 190      1000B09D 
 190      0C8720
 191 000f 168A8A58 		.ascii	"\026\212\212XNl\257\341\377\377!I!\226\210PH\244<'\245"
 191      4E6CAFE1 
 191      FFFF2149 
 191      21968850 
 191      48A43C27 
 192 0024 8D4A6DAB 		.ascii	"\215Jm\253\261\263wp\324\352\364\006'g\027\243\253\311"
 192      B1B37770 
 192      D4EAF406 
 192      276717A3 
 192      ABC9
 193 0036 CDDDC353 		.ascii	"\315\335\303S\3662{\373\370\372\371\307\012}f\003\234"
 193      F6327BFB 
 193      F8FAF9C7 
 193      0A7D6603 
 193      9C
 194              		.text
 195              		.section	.gnu.lto_.decls.38d1e46762d79450,"",%progbits
 196 0000 789CA596 		.ascii	"x\234\245\226kPT\311\025\307oO\0170\014#\030p\263\246"
 196      6B5054C9 
 196      15C76F4F 
 196      0F300C23 
 196      1870B3A6 
 197 0014 D45AD7B0 		.ascii	"\324Z\327\260\221\252-\230\005\037\344SjSVe\367C6I\245"
 197      91AA2D98 
 197      051FE453 
 197      6A535665 
 197      F7433649 
 198 0029 369B8F53 		.ascii	"6\233\217S\2638\331\245\302\303\300P\253\225\244\352"
 198      B338D9A5 
 198      C2C3C050 
 198      AB95A4EA 
 199 0039 CA4B4141 		.ascii	"\312KAA|\361\022\025\360\261\200\242\262\012\012#8\212"
 199      7CF11215 
 199      F0B180A2 
 199      B20A0A23 
 199      388A
 200 004b A2222220 		.ascii	"\242\"\" \370\000\005\024\301\027\210\"\362\020\225"
 200      F8000514 
 200      C1178822 
 200      F21095
 201 005a 9C3E7DE7 		.ascii	"\234>}\347\331c\362!\267\346?s\273\3579\277s\372\364"
 201      D963F221 
 201      B7E63F73 
 201      BBEF39BF 
 201      73FAF4
 202 006d E95BE325 		.ascii	"\351[\343%\251\244\177\317\225\244\002*I\251*I\232\205"
 202      A9A47FCF 
 202      95A4022A 
 202      49A92A49 
 202      9A85
 203 007f CB4792A4 		.ascii	"\313G\222\244J\311qy\201\216\201\216\203j@\026P=\350"
 203      4AC97179 
 203      818E818E 
 203      836A4016 
ARM GAS  /tmp/cc5awoZK.s 			page 15


 203      503DE8
 204 0092 63D03DD0 		.ascii	"c\320=\320\000h\020\364\020\364\030\364\0244\002\032"
 204      006810F4 
 204      10F418F4 
 204      1434021A 
 205 00a2 05BD00BD 		.ascii	"\005\275\000\275\004\275\002M\202\246A3\240\267\240"
 205      04BD024D 
 205      82A64133 
 205      A0B7A0
 206 00b1 59102192 		.ascii	"Y\020!\222DA^ \037\220/\310\0174\007\024\000\372\031"
 206      44415E20 
 206      1F902FC8 
 206      0F340714 
 206      00FA19
 207 00c4 2808F401 		.ascii	"(\010\364\001\350C\320/@\013@\213@\037\201>&\222\313"
 207      E843D02F 
 207      400B408B 
 207      401F813E 
 207      2692CB
 208 00d7 6584319B 		.ascii	"e\2041\233\372F\031\023%w\367\353;\017v\307=\330\305"
 208      FA461913 
 208      2577F7EB 
 208      3B0F76C7 
 208      3DD8C5
 209 00ea 7AB0ABF1 		.ascii	"z\260\253\361`\367\203\007;\213\007\273\177\302\003"
 209      60F78307 
 209      3B8B07BB 
 209      7FC203
 210 00f9 9D621708 		.ascii	"\235b\027\010\232\007Z\002s\327\340w)\350\227p\337\017"
 210      9A075A02 
 210      73D7E077 
 210      29E89770 
 210      DF0F
 211 010b BF7DA060 		.ascii	"\277}\240`\270\277\012\277\177\002\251A\267A]\240\033"
 211      B8BF0ABF 
 211      7F02A941 
 211      B7415DA0 
 211      1B
 212 011c A09B4A8C 		.ascii	"\240\233J\214z\345\367\236[\234F\302}\256),\026\247"
 212      7AE5F79E 
 212      5B9C46C2 
 212      7DAE292C 
 212      16A7
 213 012e FF3D1C76 		.ascii	"\377=\034v-\226x-?Rj\273@\251\365\207J\355\203\224\275"
 213      2D96782D 
 213      3F526ABB 
 213      40A9F587 
 213      4AED8394 
 214 0143 0850F6C6 		.ascii	"\010P\366\306O\331+\037e\357\330\036\262\275d{\312\366"
 214      4FD92B1F 
 214      65EFD81E 
 214      B2BD647B 
 214      CAF6
 215 0155 96ED31DB 		.ascii	"\226\3551\333k\266\347l\357Y\017\260^`=\301z\203\365"
 215      6BB6E76C 
 215      EF590FB0 
 215      5E603DC1 
ARM GAS  /tmp/cc5awoZK.s 			page 16


 215      7A83F5
 216 0168 08EB15D6 		.ascii	"\010\353\025\3263\254w\006\334\362\317\243\244&\353"
 216      33AC7706 
 216      DCF2CFA3 
 216      A426EB
 217 0177 7CBDAA97 		.ascii	"|\275\252\227\334!\320\226d.\257*\341\337\004\305\003"
 217      DC21D096 
 217      642EAF2A 
 217      E1DF04C5 
 217      03
 218 0188 DA2E4270 		.ascii	"\332.Bp\036fU\222\262\031\266)b\363P\306*e\250R\220"
 218      1E665592 
 218      B219B629 
 218      62F350C6 
 218      2A65A852 
 219 019d F8519C89 		.ascii	"\370Q\234\211\023\221?\346\221l\027\2577\277A7\2337"
 219      13913FE6 
 219      916C17AF 
 219      37BF4137 
 219      9B37
 220 01af 51390210 		.ascii	"Q9\002\020\342\354\340\004\344i+\317\355\371I\216\305"
 220      E2ECE004 
 220      E4692BCF 
 220      EDF9498E 
 220      C5
 221 01c0 11DBEA5F 		.ascii	"\021\333\352_\024\264\014i\373\310]6[\3749\301\271\223"
 221      14B40C69 
 221      FBC85D36 
 221      5BFC39C1 
 221      B993
 222 01d2 DD5B2E7A 		.ascii	"\335[.zS\025a\367W\357\214\034\366\242\376x\177\254"
 222      531561F7 
 222      57EF8C1C 
 222      F6A2FE78 
 222      7FAC
 223 01e4 E84DBB46 		.ascii	"\350M\273F\015\313\256 \224{\367M\227\375.\354\260\314"
 223      0DCBAE20 
 223      947BF74D 
 223      97FD2EEC 
 223      B0CC
 224 01f6 2FCDA78E 		.ascii	"/\315\247\216\242^\230\235\264\006dS\022\250%*\030v"
 224      A25E989D 
 224      B4066453 
 224      12A8252A 
 224      1876
 225 0208 3C6FD9ED 		.ascii	"<o\331\355\007\303yZ2\027\206S\353\273\316j\347\347"
 225      07C3795A 
 225      32178653 
 225      EBBBCE6A 
 225      E7E7
 226 021a A2578A3C 		.ascii	"\242W\212<WE\276\37199B\026\222J\262\020R;J\346\303"
 226      5745BEF9 
 226      39394216 
 226      924AB210 
 226      523B4AE6 
 227 022f F7B76A4E 		.ascii	"\367\267jN\272\230QPM\226\024\313\305V\331\3720\345"
 227      BA985150 
ARM GAS  /tmp/cc5awoZK.s 			page 17


 227      4D9614CB 
 227      C556D9FA 
 227      30E5
 228 0241 57F77F92 		.ascii	"W\367\177\222\345\264dYV33RN(9L\302\300\374\020Q\263"
 228      E5B46459 
 228      56333352 
 228      4E28394C 
 228      C2C0FC10 
 229 0257 11DC9591 		.ascii	"\021\334\225\221>B~$\275\260\342cd\011[\342\310\226"
 229      3E427E24 
 229      BDB0E263 
 229      64095BE2 
 229      C896
 230 0269 D600FAF5 		.ascii	"\326\000\372\365{\226`i\260\326\371)\374\356O\013dk"
 230      7B966069 
 230      B0D6F929 
 230      FCEE4F0B 
 230      646B
 231 027b F27A5956 		.ascii	"\362zYV!\275\312N\377\011\350U\356\364\343H\037\355"
 231      21BDCA4E 
 231      FF09E855 
 231      EEF4E348 
 231      1FED
 232 028d 7CDE4BA9 		.ascii	"|\336K\251\361=\364\221\341\353\031^\012\2759\324\205"
 232      F13DF491 
 232      E1EB195E 
 232      0ABD39D4 
 232      85
 233 029e 7EC24EAF 		.ascii	"~\302N\257\006\372\011wz\015\322\313o\277:\347Gc\221"
 233      06FA0977 
 233      7A0DD2CB 
 233      6FBF3AE7 
 233      476391
 234 02b1 BEF7F2FD 		.ascii	"\276\367\362\375\022\035\375\027\336?~\324\331\023\300"
 234      121DFD17 
 234      DE3F7ED4 
 234      D913C0
 235 02c0 229DB245 		.ascii	"\"\235\262E\032\310h?\355k\213Mj\211\232M\226\276I\311"
 235      1AC8683F 
 235      ED6B8B4D 
 235      6A899A4D 
 235      96BE49C9 
 236 02d4 F566E1CF 		.ascii	"\365f\341\317\312\326\2610\227\360'\355\341\353 \374"
 236      CAD6B130 
 236      97F027ED 
 236      E1EB20FC 
 237 02e4 49F7F016 		.ascii	"I\367\360\026\014\337\226\277)\235\3204\2021\323\252"
 237      0CDF96BF 
 237      299DD034 
 237      8231D3AA 
 238 02f4 2F94F933 		.ascii	"/\224\3713X\277l=\367k\006\223m\260\3236\230\304n]I"
 238      58BF6C3D 
 238      F76B0693 
 238      6DB0D336 
 238      98C46E5D 
 239 0309 F548AA6D 		.ascii	"\365H\252m\335\336\350Os9\251f\350r\223\226w\207L`\374"
 239      DDDEE84F 
ARM GAS  /tmp/cc5awoZK.s 			page 18


 239      7339A966 
 239      E8729396 
 239      77874C60 
 240 031e F6C6D3F3 		.ascii	"\366\306\323\363\204\267\207\254\201\361xf\332$\345"
 240      84B787AC 
 240      81F17866 
 240      DA24E5
 241 032d CF7D60D8 		.ascii	"\317}`\330\236z\254H\031\252\331~^-\034\360\347\326"
 241      9E7AAC48 
 241      19AAD97E 
 241      5E2D1CF0 
 241      E7D6
 242 033f 8B6178B3 		.ascii	"\213ax\263dpJ\253\335\310z)'E\366\375\222\2315B3\235"
 242      64704AAB 
 242      DDC87A29 
 242      2745F6FD 
 242      92993542 
 243 0355 C3663A4F 		.ascii	"\303f:O\264\360\255_H\316\302\020\254\013-\343\315^"
 243      B4F0AD5F 
 243      48CEC210 
 243      AC0B2DE3 
 243      CD5E
 244 0367 9CC5226D 		.ascii	"\234\305\"mxy>YM\213yZw/\225\037bq\226j\011;F\0010u"
 244      78793E59 
 244      4D8B795A 
 244      772F951F 
 244      6271966A 
 245 0381 74B8767A 		.ascii	"t\270vz\016\237b\026\035[\306\366\373\320Ch\256*h\276"
 245      0E9F6216 
 245      1D5BC6F6 
 245      FBD04368 
 245      AE2A68BE 
 246 0395 794E4D42 		.ascii	"yNMB\264\007Yh\353\344\221\337\024\214\311\362br\205"
 246      B4075968 
 246      EBE491DF 
 246      148CC9F2 
 246      627285
 247 03a8 68C96547 		.ascii	"h\311eG=\226B|\011\262K\346\331I\366\334H3\011a\\fG"
 247      3D96427C 
 247      09B24BE6 
 247      D949F6DC 
 247      48330961 
 248 03bf 2EC1E445 		.ascii	".\301\344E\236a\371\376\255\245\3364\033\217\237\252"
 248      9E61F9FE 
 248      ADA5DE34 
 248      1B8F9FAA 
 249 03cf A9A1E796 		.ascii	"\251\241\347\226\232hC<\002Z=\000x2\263\315K\232\322"
 249      9A68433C 
 249      025A3D00 
 249      7832B3CD 
 249      4B9AD2
 250 03e2 D8E65C85 		.ascii	"\330\346\\\205dZ\034\311\\a\325`A6\334\031<\345\245"
 250      645A1CC9 
 250      5C61D560 
 250      4136DC19 
 250      3CE5A5
 251 03f5 CBB453D1 		.ascii	"\313\264S\321\320Q\265kD\247\034\344+-Y\015>\364\001"
ARM GAS  /tmp/cc5awoZK.s 			page 19


 251      D051B56B 
 251      44A71CE4 
 251      2B2D590D 
 251      3EF401
 252 0408 7F19E43C 		.ascii	"\177\031\344<+\252\367\243\317\370\300v\246\003\371"
 252      2BAAF7A3 
 252      CFF8C076 
 252      A603F9
 253 0417 99B6EDE9 		.ascii	"\231\266\355\351<eO\257\015O\236\322\322\267h\353\335"
 253      3C654FAF 
 253      0D4F9ED2 
 253      D2B768EB 
 253      DD
 254 0428 75647082 		.ascii	"udp\202\222\340\340\340\220\340\240R\026\324\372\260"
 254      92E0E0E0 
 254      90E0A052 
 254      16D4FAB0 
 255 0438 71411D1C 		.ascii	"qA\035\034\345\014o\026\213\264A\212\335$\310\2614="
 255      E50C6F16 
 255      8BB4418A 
 255      DD24C8B1 
 255      343D
 256 044a CBA291E5 		.ascii	"\313\242\221\345\"q\373\327\271T\336?\037\215\233\334"
 256      2271FBD7 
 256      B954DE3F 
 256      1F8D9BDC 
 257 045a 8D2F60CE 		.ascii	"\215/`\316\341\016\343syv\343N\317\306\034\315\2135"
 257      E10EE373 
 257      7976E34E 
 257      CFC61CCD 
 257      8B35
 258 046c 046859C3 		.ascii	"\004hY\303\254$\245N\222\235\364\354\240\0174z*EV\273"
 258      AC24A54E 
 258      929DF4EC 
 258      A00F347A 
 258      2A4556BB 
 259 0480 C72C31EE 		.ascii	"\307,1\356Vl?Y\376\\-\221\353\360\270\003\2430c \222"
 259      566C3F59 
 259      FE5C2D91 
 259      EBF0B803 
 259      A3306320 
 260 0495 5BB051B7 		.ascii	"[\260Q\267I0\351\002\335\000\335$\301\266\027\345\215"
 260      4930E902 
 260      DD00DD24 
 260      C1B617E5 
 260      8D
 261 04a6 5BED4DBE 		.ascii	"[\355M\2764\223\342nw\2645\337\364&A!\236h\360\212\016"
 261      3493E26E 
 261      77B435DF 
 261      F4264121 
 261      9E68F08A 
 262 04bb F99F40BE 		.ascii	"\371\237@\276\240\326H\266\236;`\333\343\330z\266<\214"
 262      A0D648B6 
 262      9E3B60DB 
 262      E3D87AB6 
 262      3C8C
 263 04cd 583A51BB 		.ascii	"X:Q\273\325;0G\011\261X\215\206V\210r\006s\356%\201"
ARM GAS  /tmp/cc5awoZK.s 			page 20


 263      D53B3047 
 263      09B1588D 
 263      86568872 
 263      0673EE25 
 264 04e2 B663C3AC 		.ascii	"\266c\303\254\037\325w\356\364\017R\022\332\370\276"
 264      1FD577EE 
 264      F40F5212 
 264      DAF8BE
 265 04f1 84A4F72D 		.ascii	"\204\244\367-\357D\301\205v/\347`}\377-Xo\372\335t\335"
 265      EF44C185 
 265      762FE760 
 265      7DFF2D58 
 265      6FFADD74 
 266 0506 27FBE436 		.ascii	"'\373\3446x[\016\355Z\270]\226\277$\375$\2204\360e8"
 266      785B0EED 
 266      5AB85D96 
 266      BF24FD24 
 266      9034F065 
 267 051b 39B299AF 		.ascii	"9\262\231\257\341ew\217|\002~c\343Y'\002h!\026\221\214"
 267      E165778F 
 267      7C027E63 
 267      E3592702 
 267      68211691 
 268 0530 CEBCFB23 		.ascii	"\316\274\373#0\372a\367\232\362\003\267\245\024\363"
 268      30FA61F7 
 268      9AF203B7 
 268      A514F3
 269 053f E6BEAF30 		.ascii	"\346\276\2570\034M~\037\337T\003Hx\222\3255\033@+9\301"
 269      1C4D7E1F 
 269      DF540348 
 269      7892D535 
 269      1B402B39 
 270 0554 7A7187AC 		.ascii	"zq\207\254Q\020\303;hN0\002\036\010\200\007\010\030"
 270      5110C33B 
 270      684E3002 
 270      1E088007 
 270      0818
 271 0566 44C0C177 		.ascii	"D\300\301w\2355\336\324\302\001\355\243=M^\012\340A"
 271      9D35DED4 
 271      C201EDA3 
 271      3D4D5E0A 
 271      E041
 272 0578 AE0D3024 		.ascii	"\256\0150$\000\206\020\360\020\001\005\025#\005Z\332"
 272      008610F0 
 272      10010515 
 272      23055ADA 
 273 0588 CC019B1F 		.ascii	"\314\001\233\037\277\315\015\260\001\346\027\310\360"
 273      BFCD0DB0 
 273      01E617C8 
 273      F0
 274 0595 9E618447 		.ascii	"\236a\204G\002\341\021\022\036#a\260\361\322=\015\355"
 274      02E11112 
 274      1E2361B0 
 274      F1D23D0D 
 274      ED
 275 05a6 E684AAD2 		.ascii	"\346\204\252\322\007\367u\012\241\327\251\014O\004\304"
 275      07F7750A 
ARM GAS  /tmp/cc5awoZK.s 			page 21


 275      A1D7A90C 
 275      4F04C4
 276 05b5 13443C45 		.ascii	"\023D<ED\362\363\274*?:\302\021\267\266Z\262}\2052\014"
 276      44F2F3BC 
 276      2A3F3AC2 
 276      11B7B65A 
 276      B27D8532 
 277 05ca 0B806104 		.ascii	"\013\200a\004\214 \240\335Z]\341Cg8\340\256\274\251"
 277      8C20A0DD 
 277      5A5DE143 
 277      6738E0AE 
 277      BCA9
 278 05dc 4D2B94E1 		.ascii	"M+\224\341\231\000x\206\200Q\004\014\015l\256\362\246"
 278      99007886 
 278      8051040C 
 278      0D6CAEF2 
 278      A6
 279 05ed 996A048C 		.ascii	"\231j\004\214\267\217fR\261\014\317\005\302s$\274@\302"
 279      B78F6652 
 279      B10CCF05 
 279      C27324BC 
 279      40C2
 280 05ff 9DBD3F4E 		.ascii	"\235\275?N\353h!'\354\331P\365\201\002\230p\252\302"
 280      EB682127 
 280      ECD950F5 
 280      81029870 
 280      AAC2
 281 0611 98401843 		.ascii	"\230@\030C\302K$\344\325\265\234\364\241\225\2340UQ"
 281      C24B24E4 
 281      D5B59CF4 
 281      A1959C30 
 281      5551
 282 0623 B3738E50 		.ascii	"\263s\216P\205q\0010\216\200W\010\230m\335{UE-\034`"
 282      85710130 
 282      8E805708 
 282      986DDD7B 
 282      55452D1C 
 283 0638 2D7A34E0 		.ascii	"-z4\340/TaB\000L `\022\001\315\247\267Y\240\0318 =\273"
 283      2F546142 
 283      004C2060 
 283      1201CDA7 
 283      B759A019 
 284 0650 AD5F2756 		.ascii	"\255_'VaJ L!a\032\011\371\2333\026\321n\016x\372\260"
 284      614A204C 
 284      21611A09 
 284      F99B3316 
 284      D16E0E78 
 285 0666 649F6D23 		.ascii	"d\237m#[\013\034Ux-\020^#a\206\037\211#\265\325\276"
 285      5B0B1C55 
 285      782D105E 
 285      2361861F 
 285      8923B5D5 
 286 067b 7484236A 		.ascii	"t\204#joOT\372\011Ux#\000\336 \340-\002fJ\246+\324t"
 286      6F4F54FA 
 286      09557823 
 286      00DE20E0 
 286      2D02664A 
ARM GAS  /tmp/cc5awoZK.s 			page 22


 287 0693 8603AEA5 		.ascii	"\206\003\256\2455t\212G\342\235\000x\207\200Y\004\354"
 287      35748A47 
 287      E29D0078 
 287      87805904 
 287      EC
 288 06a4 2ADA63D1 		.ascii	"*\332c\321\321L/\004$w\234)W\213U\220U\356\004\230\201"
 288      D14C2F04 
 288      24779C29 
 288      578B5590 
 288      55EE0498 
 289 06b9 EFF52A46 		.ascii	"\357\365*F8\322p\267\316\227\026rBY}f\251-\205!\247"
 289      38D270B7 
 289      CE971672 
 289      42597D66 
 289      A92D8521 
 290 06ce 32240B88 		.ascii	"2$\013\210dD\244 \"m*}\227\206Vr\304\372\206\2612\361"
 290      6444A420 
 290      226D2A7D 
 290      97865672 
 290      C4FA86B1 
 291 06e4 CD902A00 		.ascii	"\315\220*\000R\021\220\206\200\246\274\254\023~\324"
 291      52119086 
 291      80A6BCAC 
 291      137ED4
 292 06f3 C20183F9 		.ascii	"\302\001\203\371O\017\211eH\027\000\351\010\330\200"
 292      4F0F8965 
 292      481700E9 
 292      08D880
 293 0702 8003E339 		.ascii	"\200\003\3439\227\325\264\231\003f\256t\204\210U\330"
 293      97D5B499 
 293      0366AE74 
 293      848855D8 
 294 0712 28003622 		.ascii	"(\0006\" \003\001\031g\017\226ki7\007l\3108\363\304"
 294      20030119 
 294      670F966B 
 294      6937076C 
 294      C838F3C4 
 295 0726 5B21BC73 		.ascii	"[!\274s\252B\246\200\310D\304&D\324\225\035\035\203"
 295      AA42A680 
 295      C844C426 
 295      44D4951D 
 295      1D83
 296 0738 17034714 		.ascii	"\027\003G\024\326\276\036\025_\014\233\005\300f\004"
 296      D6BE1E15 
 296      5F0C9B05 
 296      C06604
 297 0747 6421E0D4 		.ascii	"d!\340\324H\367\2247\235\341\200\236\273=\262x$\262"
 297      48F79437 
 297      9DE1809E 
 297      BB3DB278 
 297      24B2
 298 0759 05403602 		.ascii	"\005@6\002\266 \340\345\225\0348\022\231\336\010x\225"
 298      B620E0E5 
 298      951C3812 
 298      99DE0878 
 298      95
 299 076a F2B44B23 		.ascii	"\362\264K#\226!G \344 a+\022,\247g\026\321B\016h\331"
ARM GAS  /tmp/cc5awoZK.s 			page 23


 299      96214720 
 299      E420612B 
 299      122CA767 
 299      16D1420E 
 300 0780 D1B8DBD6 		.ascii	"\321\270\333\326\3177\012\035U\330&\020\266!a;\022r"
 300      CF370A1D 
 300      55D82610 
 300      B621613B 
 300      1272
 301 0792 8E96BC81 		.ascii	"\216\226\274\201^\340\210\242\372\332d\235P\205\035"
 301      5EE088A2 
 301      FADA649D 
 301      50851D
 302 07a1 02600702 		.ascii	"\002`\007\002v\362E\\?|s\016\265p@\367\341\331t\261"
 302      76F2455C 
 302      3F7C730E 
 302      B57040F7 
 302      E1D974B1 
 303 07b5 17720540 		.ascii	"\027r\005@.\002\362\020\320_]s\324\2376s@OvE\226\217"
 303      2E02F210 
 303      D05F5D73 
 303      D49F3673 
 303      404F7645 
 304 07cb 58857C81 		.ascii	"X\205|\201\220"
 304      90
 305 07d0 8F840224 		.ascii	"\217\204\002$T\346\014\344\371\320nN\230\331y\354\266"
 305      54E60CE4 
 305      F9D06E4E 
 305      98D979EC 
 305      B6
 306 07e1 AD8ECF9C 		.ascii	"\255\216\317\234\312P( \012\021\261\013\021\205\327"
 306      CA502820 
 306      0A11B10B 
 306      1185D7
 307 07f0 7758081D 		.ascii	"wX\010\035\341\210\203\251\345\371b\031\212\004@\021"
 307      E18883A9 
 307      E5F96219 
 307      8A044011 
 308 0800 02762360 		.ascii	"\002v#`xC_/4\003\007\324\014\257\337'6\303\036\001\260"
 308      78435F2F 
 308      340307D4 
 308      0CAFDF27 
 308      36C31E01 
 309 0815 07017B11 		.ascii	"\007\001{\021\220\367\362u\0124\203\017\002\336\025"
 309      90F7F275 
 309      0A34830F 
 309      02DE15
 310 0824 3E7EE9A1 		.ascii	">~\351\241\031\212\005B1\022Jx\012\225\007Fu\316\177"
 310      198A0542 
 310      31124A78 
 310      0A950746 
 310      75CE7F
 311 0837 80FB9CFE 		.ascii	"\200\373\234\376\330I\244T\205\177\200\331/\030O\037"
 311      D849A454 
 311      857F80D9 
 311      2F184F1F 
 312 0847 A819D138 		.ascii	"\250\031\3218\033\263?%\016\343}\212\361>4\356\270^"
ARM GAS  /tmp/cc5awoZK.s 			page 24


 312      1BB33F25 
 312      0EE37D8A 
 312      F13E34EE 
 312      B85E
 313 0859 56ADB619 		.ascii	"V\255\266\031o|\337_k\262\037\234\374\014\206\250\370"
 313      6F7CDF5F 
 313      6BB21F9C 
 313      FC0C86A8 
 313      F8
 314 086a 0493213A 		.ascii	"\004\223!:.\332\254\376\301d\374\273\346\213?\374e\361"
 314      2EDAACFE 
 314      C164FCBB 
 314      E68B3FFC 
 314      65F1
 315 087c AAF07029 		.ascii	"\252\360p)2,L\317?\361\211\372\250\370\330\330\3708"
 315      322C4CCF 
 315      3FF189FA 
 315      A8F8D8D8 
 315      F838
 316 088e 7DA2D998 		.ascii	"}\242\331\230`NZ\243\377\355\237\277Z\365\325Z6\273"
 316      604E5AA3 
 316      FFED9FBF 
 316      5AF5D55A 
 316      36BB
 317 08a0 263AC694 		.ascii	"&:\306\224\220\250\377b\325*}T\2029<,J\322\031\014&"
 317      90A8FF62 
 317      D52A7D54 
 317      82393C2C 
 317      4AD2190C 
 318 08b5 6342CC3A 		.ascii	"cB\314:D\002>\306h\346x\177\203a\265\351o\306\244\030"
 318      44023EC6 
 318      68E6787F 
 318      8361B5E9 
 318      6FC6A418 
 319 08c9 B3C1B436 		.ascii	"\263\301\2646\332\254\211\203\270\346\244\204\270\271"
 319      DAAC8983 
 319      B8E6A484 
 319      B8B9
 320 08d7 067C6C48 		.ascii	"\006|lH0\306\032\214\011&c\242\257\375N\033\025\003"
 320      30C61A8C 
 320      092663A2 
 320      AFFD4E1B 
 320      1503
 321 08e9 2CBCD71A 		.ascii	",\274\327\032\014I\321q\346e\021\006\363_\365\361k\314"
 321      0C49D171 
 321      E6651106 
 321      F35FF5F1 
 321      6BCC
 322 08fb FAEFA2A2 		.ascii	"\372\357\242\242B\215\011\261\241q\361q\246P\223\361"
 322      428D09B1 
 322      A171F171 
 322      A65093F1 
 323 090b DBE8D095 		.ascii	"\333\350\320\225\241\021\237\205G\206\376#\"4i\315j"
 323      A1119F85 
 323      4786FE23 
 323      223469CD 
 323      6A
ARM GAS  /tmp/cc5awoZK.s 			page 25


 324 091c 88AA7779 		.ascii	"\210\252wy\254\217\216\213\212IZm\322\307\032\243\276"
 324      AC8F8E8B 
 324      8A495A6D 
 324      D2C71AA3 
 324      BE
 325 092d 8F8E33E9 		.ascii	"\217\2163\351\355\331\230\327\2551%\206}/il\001~\377"
 325      EDD998D7 
 325      AD312586 
 325      7D2F696C 
 325      017EFF
 326 0940 FF05485C 		.ascii	"\377\005H\\\227\2507$\232W\003\015\250\276\2708\266"
 326      97A83724 
 326      9A57030D 
 326      A8BEB838 
 326      B6
 327 0951 047FBC33 		.ascii	"\004\177\2743\233\326\362\241..\336`\177\026\300\326"
 327      9BD6F2A1 
 327      2E2EDE60 
 327      7F16C0D6 
 328 0961 6C1F19CC 		.ascii	"l\037\031\314\201\006V\217\317\014\016\027\303\034\347"
 328      8106568F 
 328      CF0C0E17 
 328      C31CE7
 329 0970 2983BF32 		.ascii	")\203\2772\342\0252\004(\303\270x\376\230\373\207\213"
 329      E2153204 
 329      28C3B878 
 329      FE98FB87 
 329      8B
 330 0981 FEE12EFE 		.ascii	"\376\341.\376\341\256\376\341n\376\021\242\177\204\213"
 330      E1AEFEE1 
 330      6EFE11A2 
 330      7F848B
 331 0990 7F84AB7F 		.ascii	"\177\204\253\177\204\233\3772\321\177\231\213\3772W"
 331      849BFF32 
 331      D17F998B 
 331      FF3257
 332 099f FF656EFE 		.ascii	"\377en\376\313E\377\345.\376\313]\375\227\273\371\257"
 332      CB45FFE5 
 332      2EFECB5D 
 332      FD97BBF9 
 332      AF
 333 09b0 10FD57B8 		.ascii	"\020\375W\270\370\257p\365_\341\346\277R\364_\351\342"
 333      F8AF70F5 
 333      5FE1E6BF 
 333      52F45FE9 
 333      E2
 334 09c1 BFD2D57F 		.ascii	"\277\322\325\177\245\233\177\244\350\037\351\342\037"
 334      A59B7FA4 
 334      E81FE9E2 
 334      1F
 335 09ce E9EA1F69 		.ascii	"\351\352\037i\367\377\017\356\345Z\341"
 335      F7FF0FEE 
 335      E55AE1
 336              		.text
 337              		.section	.gnu.lto_.symtab.38d1e46762d79450,"",%progbits
 338 0000 5F5F636F 		.ascii	"__core_init\000"
 338      72655F69 
ARM GAS  /tmp/cc5awoZK.s 			page 26


 338      6E697400 
 339 000c 00       		.ascii	"\000"
 340 000d 01       		.ascii	"\001"
 341 000e 00       		.ascii	"\000"
 342 000f 00000000 		.ascii	"\000\000\000\000\000\000\000\000"
 342      00000000 
 343 0017 B0000000 		.ascii	"\260\000\000\000"
 344 001b 5F5F6561 		.ascii	"__early_init\000"
 344      726C795F 
 344      696E6974 
 344      00
 345 0028 00       		.ascii	"\000"
 346 0029 01       		.ascii	"\001"
 347 002a 00       		.ascii	"\000"
 348 002b 00000000 		.ascii	"\000\000\000\000\000\000\000\000"
 348      00000000 
 349 0033 B3000000 		.ascii	"\263\000\000\000"
 350 0037 5F5F6C61 		.ascii	"__late_init\000"
 350      74655F69 
 350      6E697400 
 351 0043 00       		.ascii	"\000"
 352 0044 01       		.ascii	"\001"
 353 0045 00       		.ascii	"\000"
 354 0046 00000000 		.ascii	"\000\000\000\000\000\000\000\000"
 354      00000000 
 355 004e B6000000 		.ascii	"\266\000\000\000"
 356 0052 5F5F6465 		.ascii	"__default_exit\000"
 356      6661756C 
 356      745F6578 
 356      697400
 357 0061 00       		.ascii	"\000"
 358 0062 01       		.ascii	"\001"
 359 0063 00       		.ascii	"\000"
 360 0064 00000000 		.ascii	"\000\000\000\000\000\000\000\000"
 360      00000000 
 361 006c BB000000 		.ascii	"\273\000\000\000"
 362 0070 5F5F696E 		.ascii	"__init_ram_areas\000"
 362      69745F72 
 362      616D5F61 
 362      72656173 
 362      00
 363 0081 00       		.ascii	"\000"
 364 0082 00       		.ascii	"\000"
 365 0083 00       		.ascii	"\000"
 366 0084 00000000 		.ascii	"\000\000\000\000\000\000\000\000"
 366      00000000 
 367 008c BD000000 		.ascii	"\275\000\000\000"
 368 0090 5F5F7261 		.ascii	"__ram0_init_text__\000"
 368      6D305F69 
 368      6E69745F 
 368      74657874 
 368      5F5F00
 369 00a3 00       		.ascii	"\000"
 370 00a4 02       		.ascii	"\002"
 371 00a5 00       		.ascii	"\000"
 372 00a6 00000000 		.ascii	"\000\000\000\000\000\000\000\000"
 372      00000000 
ARM GAS  /tmp/cc5awoZK.s 			page 27


 373 00ae E3000000 		.ascii	"\343\000\000\000"
 374 00b2 5F5F7261 		.ascii	"__ram0_init__\000"
 374      6D305F69 
 374      6E69745F 
 374      5F00
 375 00c0 00       		.ascii	"\000"
 376 00c1 02       		.ascii	"\002"
 377 00c2 00       		.ascii	"\000"
 378 00c3 00000000 		.ascii	"\000\000\000\000\000\000\000\000"
 378      00000000 
 379 00cb E5000000 		.ascii	"\345\000\000\000"
 380 00cf 5F5F7261 		.ascii	"__ram0_clear__\000"
 380      6D305F63 
 380      6C656172 
 380      5F5F00
 381 00de 00       		.ascii	"\000"
 382 00df 02       		.ascii	"\002"
 383 00e0 00       		.ascii	"\000"
 384 00e1 00000000 		.ascii	"\000\000\000\000\000\000\000\000"
 384      00000000 
 385 00e9 E7000000 		.ascii	"\347\000\000\000"
 386 00ed 5F5F7261 		.ascii	"__ram0_noinit__\000"
 386      6D305F6E 
 386      6F696E69 
 386      745F5F00 
 387 00fd 00       		.ascii	"\000"
 388 00fe 02       		.ascii	"\002"
 389 00ff 00       		.ascii	"\000"
 390 0100 00000000 		.ascii	"\000\000\000\000\000\000\000\000"
 390      00000000 
 391 0108 E9000000 		.ascii	"\351\000\000\000"
 392 010c 5F5F7261 		.ascii	"__ram1_init_text__\000"
 392      6D315F69 
 392      6E69745F 
 392      74657874 
 392      5F5F00
 393 011f 00       		.ascii	"\000"
 394 0120 02       		.ascii	"\002"
 395 0121 00       		.ascii	"\000"
 396 0122 00000000 		.ascii	"\000\000\000\000\000\000\000\000"
 396      00000000 
 397 012a EB000000 		.ascii	"\353\000\000\000"
 398 012e 5F5F7261 		.ascii	"__ram1_init__\000"
 398      6D315F69 
 398      6E69745F 
 398      5F00
 399 013c 00       		.ascii	"\000"
 400 013d 02       		.ascii	"\002"
 401 013e 00       		.ascii	"\000"
 402 013f 00000000 		.ascii	"\000\000\000\000\000\000\000\000"
 402      00000000 
 403 0147 ED000000 		.ascii	"\355\000\000\000"
 404 014b 5F5F7261 		.ascii	"__ram1_clear__\000"
 404      6D315F63 
 404      6C656172 
 404      5F5F00
 405 015a 00       		.ascii	"\000"
ARM GAS  /tmp/cc5awoZK.s 			page 28


 406 015b 02       		.ascii	"\002"
 407 015c 00       		.ascii	"\000"
 408 015d 00000000 		.ascii	"\000\000\000\000\000\000\000\000"
 408      00000000 
 409 0165 EF000000 		.ascii	"\357\000\000\000"
 410 0169 5F5F7261 		.ascii	"__ram1_noinit__\000"
 410      6D315F6E 
 410      6F696E69 
 410      745F5F00 
 411 0179 00       		.ascii	"\000"
 412 017a 02       		.ascii	"\002"
 413 017b 00       		.ascii	"\000"
 414 017c 00000000 		.ascii	"\000\000\000\000\000\000\000\000"
 414      00000000 
 415 0184 F1000000 		.ascii	"\361\000\000\000"
 416 0188 5F5F7261 		.ascii	"__ram2_init_text__\000"
 416      6D325F69 
 416      6E69745F 
 416      74657874 
 416      5F5F00
 417 019b 00       		.ascii	"\000"
 418 019c 02       		.ascii	"\002"
 419 019d 00       		.ascii	"\000"
 420 019e 00000000 		.ascii	"\000\000\000\000\000\000\000\000"
 420      00000000 
 421 01a6 F3000000 		.ascii	"\363\000\000\000"
 422 01aa 5F5F7261 		.ascii	"__ram2_init__\000"
 422      6D325F69 
 422      6E69745F 
 422      5F00
 423 01b8 00       		.ascii	"\000"
 424 01b9 02       		.ascii	"\002"
 425 01ba 00       		.ascii	"\000"
 426 01bb 00000000 		.ascii	"\000\000\000\000\000\000\000\000"
 426      00000000 
 427 01c3 F5000000 		.ascii	"\365\000\000\000"
 428 01c7 5F5F7261 		.ascii	"__ram2_clear__\000"
 428      6D325F63 
 428      6C656172 
 428      5F5F00
 429 01d6 00       		.ascii	"\000"
 430 01d7 02       		.ascii	"\002"
 431 01d8 00       		.ascii	"\000"
 432 01d9 00000000 		.ascii	"\000\000\000\000\000\000\000\000"
 432      00000000 
 433 01e1 F7000000 		.ascii	"\367\000\000\000"
 434 01e5 5F5F7261 		.ascii	"__ram2_noinit__\000"
 434      6D325F6E 
 434      6F696E69 
 434      745F5F00 
 435 01f5 00       		.ascii	"\000"
 436 01f6 02       		.ascii	"\002"
 437 01f7 00       		.ascii	"\000"
 438 01f8 00000000 		.ascii	"\000\000\000\000\000\000\000\000"
 438      00000000 
 439 0200 F9000000 		.ascii	"\371\000\000\000"
 440 0204 5F5F7261 		.ascii	"__ram3_init_text__\000"
ARM GAS  /tmp/cc5awoZK.s 			page 29


 440      6D335F69 
 440      6E69745F 
 440      74657874 
 440      5F5F00
 441 0217 00       		.ascii	"\000"
 442 0218 02       		.ascii	"\002"
 443 0219 00       		.ascii	"\000"
 444 021a 00000000 		.ascii	"\000\000\000\000\000\000\000\000"
 444      00000000 
 445 0222 FB000000 		.ascii	"\373\000\000\000"
 446 0226 5F5F7261 		.ascii	"__ram3_init__\000"
 446      6D335F69 
 446      6E69745F 
 446      5F00
 447 0234 00       		.ascii	"\000"
 448 0235 02       		.ascii	"\002"
 449 0236 00       		.ascii	"\000"
 450 0237 00000000 		.ascii	"\000\000\000\000\000\000\000\000"
 450      00000000 
 451 023f FD000000 		.ascii	"\375\000\000\000"
 452 0243 5F5F7261 		.ascii	"__ram3_clear__\000"
 452      6D335F63 
 452      6C656172 
 452      5F5F00
 453 0252 00       		.ascii	"\000"
 454 0253 02       		.ascii	"\002"
 455 0254 00       		.ascii	"\000"
 456 0255 00000000 		.ascii	"\000\000\000\000\000\000\000\000"
 456      00000000 
 457 025d FF000000 		.ascii	"\377\000\000\000"
 458 0261 5F5F7261 		.ascii	"__ram3_noinit__\000"
 458      6D335F6E 
 458      6F696E69 
 458      745F5F00 
 459 0271 00       		.ascii	"\000"
 460 0272 02       		.ascii	"\002"
 461 0273 00       		.ascii	"\000"
 462 0274 00000000 		.ascii	"\000\000\000\000\000\000\000\000"
 462      00000000 
 463 027c 01010000 		.ascii	"\001\001\000\000"
 464 0280 5F5F7261 		.ascii	"__ram4_init_text__\000"
 464      6D345F69 
 464      6E69745F 
 464      74657874 
 464      5F5F00
 465 0293 00       		.ascii	"\000"
 466 0294 02       		.ascii	"\002"
 467 0295 00       		.ascii	"\000"
 468 0296 00000000 		.ascii	"\000\000\000\000\000\000\000\000"
 468      00000000 
 469 029e 03010000 		.ascii	"\003\001\000\000"
 470 02a2 5F5F7261 		.ascii	"__ram4_init__\000"
 470      6D345F69 
 470      6E69745F 
 470      5F00
 471 02b0 00       		.ascii	"\000"
 472 02b1 02       		.ascii	"\002"
ARM GAS  /tmp/cc5awoZK.s 			page 30


 473 02b2 00       		.ascii	"\000"
 474 02b3 00000000 		.ascii	"\000\000\000\000\000\000\000\000"
 474      00000000 
 475 02bb 05010000 		.ascii	"\005\001\000\000"
 476 02bf 5F5F7261 		.ascii	"__ram4_clear__\000"
 476      6D345F63 
 476      6C656172 
 476      5F5F00
 477 02ce 00       		.ascii	"\000"
 478 02cf 02       		.ascii	"\002"
 479 02d0 00       		.ascii	"\000"
 480 02d1 00000000 		.ascii	"\000\000\000\000\000\000\000\000"
 480      00000000 
 481 02d9 07010000 		.ascii	"\007\001\000\000"
 482 02dd 5F5F7261 		.ascii	"__ram4_noinit__\000"
 482      6D345F6E 
 482      6F696E69 
 482      745F5F00 
 483 02ed 00       		.ascii	"\000"
 484 02ee 02       		.ascii	"\002"
 485 02ef 00       		.ascii	"\000"
 486 02f0 00000000 		.ascii	"\000\000\000\000\000\000\000\000"
 486      00000000 
 487 02f8 09010000 		.ascii	"\011\001\000\000"
 488 02fc 5F5F7261 		.ascii	"__ram5_init_text__\000"
 488      6D355F69 
 488      6E69745F 
 488      74657874 
 488      5F5F00
 489 030f 00       		.ascii	"\000"
 490 0310 02       		.ascii	"\002"
 491 0311 00       		.ascii	"\000"
 492 0312 00000000 		.ascii	"\000\000\000\000\000\000\000\000"
 492      00000000 
 493 031a 0B010000 		.ascii	"\013\001\000\000"
 494 031e 5F5F7261 		.ascii	"__ram5_init__\000"
 494      6D355F69 
 494      6E69745F 
 494      5F00
 495 032c 00       		.ascii	"\000"
 496 032d 02       		.ascii	"\002"
 497 032e 00       		.ascii	"\000"
 498 032f 00000000 		.ascii	"\000\000\000\000\000\000\000\000"
 498      00000000 
 499 0337 0D010000 		.ascii	"\015\001\000\000"
 500 033b 5F5F7261 		.ascii	"__ram5_clear__\000"
 500      6D355F63 
 500      6C656172 
 500      5F5F00
 501 034a 00       		.ascii	"\000"
 502 034b 02       		.ascii	"\002"
 503 034c 00       		.ascii	"\000"
 504 034d 00000000 		.ascii	"\000\000\000\000\000\000\000\000"
 504      00000000 
 505 0355 0F010000 		.ascii	"\017\001\000\000"
 506 0359 5F5F7261 		.ascii	"__ram5_noinit__\000"
 506      6D355F6E 
ARM GAS  /tmp/cc5awoZK.s 			page 31


 506      6F696E69 
 506      745F5F00 
 507 0369 00       		.ascii	"\000"
 508 036a 02       		.ascii	"\002"
 509 036b 00       		.ascii	"\000"
 510 036c 00000000 		.ascii	"\000\000\000\000\000\000\000\000"
 510      00000000 
 511 0374 11010000 		.ascii	"\021\001\000\000"
 512 0378 5F5F7261 		.ascii	"__ram6_init_text__\000"
 512      6D365F69 
 512      6E69745F 
 512      74657874 
 512      5F5F00
 513 038b 00       		.ascii	"\000"
 514 038c 02       		.ascii	"\002"
 515 038d 00       		.ascii	"\000"
 516 038e 00000000 		.ascii	"\000\000\000\000\000\000\000\000"
 516      00000000 
 517 0396 13010000 		.ascii	"\023\001\000\000"
 518 039a 5F5F7261 		.ascii	"__ram6_init__\000"
 518      6D365F69 
 518      6E69745F 
 518      5F00
 519 03a8 00       		.ascii	"\000"
 520 03a9 02       		.ascii	"\002"
 521 03aa 00       		.ascii	"\000"
 522 03ab 00000000 		.ascii	"\000\000\000\000\000\000\000\000"
 522      00000000 
 523 03b3 15010000 		.ascii	"\025\001\000\000"
 524 03b7 5F5F7261 		.ascii	"__ram6_clear__\000"
 524      6D365F63 
 524      6C656172 
 524      5F5F00
 525 03c6 00       		.ascii	"\000"
 526 03c7 02       		.ascii	"\002"
 527 03c8 00       		.ascii	"\000"
 528 03c9 00000000 		.ascii	"\000\000\000\000\000\000\000\000"
 528      00000000 
 529 03d1 17010000 		.ascii	"\027\001\000\000"
 530 03d5 5F5F7261 		.ascii	"__ram6_noinit__\000"
 530      6D365F6E 
 530      6F696E69 
 530      745F5F00 
 531 03e5 00       		.ascii	"\000"
 532 03e6 02       		.ascii	"\002"
 533 03e7 00       		.ascii	"\000"
 534 03e8 00000000 		.ascii	"\000\000\000\000\000\000\000\000"
 534      00000000 
 535 03f0 19010000 		.ascii	"\031\001\000\000"
 536 03f4 5F5F7261 		.ascii	"__ram7_init_text__\000"
 536      6D375F69 
 536      6E69745F 
 536      74657874 
 536      5F5F00
 537 0407 00       		.ascii	"\000"
 538 0408 02       		.ascii	"\002"
 539 0409 00       		.ascii	"\000"
ARM GAS  /tmp/cc5awoZK.s 			page 32


 540 040a 00000000 		.ascii	"\000\000\000\000\000\000\000\000"
 540      00000000 
 541 0412 1B010000 		.ascii	"\033\001\000\000"
 542 0416 5F5F7261 		.ascii	"__ram7_init__\000"
 542      6D375F69 
 542      6E69745F 
 542      5F00
 543 0424 00       		.ascii	"\000"
 544 0425 02       		.ascii	"\002"
 545 0426 00       		.ascii	"\000"
 546 0427 00000000 		.ascii	"\000\000\000\000\000\000\000\000"
 546      00000000 
 547 042f 1D010000 		.ascii	"\035\001\000\000"
 548 0433 5F5F7261 		.ascii	"__ram7_clear__\000"
 548      6D375F63 
 548      6C656172 
 548      5F5F00
 549 0442 00       		.ascii	"\000"
 550 0443 02       		.ascii	"\002"
 551 0444 00       		.ascii	"\000"
 552 0445 00000000 		.ascii	"\000\000\000\000\000\000\000\000"
 552      00000000 
 553 044d 1F010000 		.ascii	"\037\001\000\000"
 554 0451 5F5F7261 		.ascii	"__ram7_noinit__\000"
 554      6D375F6E 
 554      6F696E69 
 554      745F5F00 
 555 0461 00       		.ascii	"\000"
 556 0462 02       		.ascii	"\002"
 557 0463 00       		.ascii	"\000"
 558 0464 00000000 		.ascii	"\000\000\000\000\000\000\000\000"
 558      00000000 
 559 046c 21010000 		.ascii	"!\001\000\000"
 560              		.text
 561              		.section	.gnu.lto_.opts,"",%progbits
 562 0000 272D666D 		.ascii	"'-fmath-errno' '-fsigned-zeros' '-ftrapping-math' '"
 562      6174682D 
 562      6572726E 
 562      6F272027 
 562      2D667369 
 563 0033 2D666E6F 		.ascii	"-fno-trapv' '-fno-openmp' '-fno-openacc' '-mcpu=cor"
 563      2D747261 
 563      70762720 
 563      272D666E 
 563      6F2D6F70 
 564 0066 7465782D 		.ascii	"tex-m3' '-mno-thumb-interwork' '-mthumb' '-ggdb' '-"
 564      6D332720 
 564      272D6D6E 
 564      6F2D7468 
 564      756D622D 
 565 0099 4F322720 		.ascii	"O2' '-fomit-frame-pointer' '-falign-functions=16' '"
 565      272D666F 
 565      6D69742D 
 565      6672616D 
 565      652D706F 
 566 00cc 2D666675 		.ascii	"-ffunction-sections' '-fdata-sections' '-fno-common"
 566      6E637469 
ARM GAS  /tmp/cc5awoZK.s 			page 33


 566      6F6E2D73 
 566      65637469 
 566      6F6E7327 
 567 00ff 2720272D 		.ascii	"' '-flto'\000"
 567      666C746F 
 567      2700
 568              		.text
 569              		.comm	__gnu_lto_v1,1,1
 570              		.comm	__gnu_lto_slim,1,1
 571              		.ident	"GCC: (GNU Tools for ARM Embedded Processors 6-2017-q2-update) 6.3.1 20170620 (release) [AR
ARM GAS  /tmp/cc5awoZK.s 			page 34


DEFINED SYMBOLS
                            *ABS*:0000000000000000 crt1.c
                            *COM*:0000000000000001 __gnu_lto_v1
                            *COM*:0000000000000001 __gnu_lto_slim

NO UNDEFINED SYMBOLS
