ARM GAS  /tmp/ccPb2bil.s 			page 1


   1              		.cpu cortex-m3
   2              		.eabi_attribute 20, 1
   3              		.eabi_attribute 21, 1
   4              		.eabi_attribute 23, 3
   5              		.eabi_attribute 24, 1
   6              		.eabi_attribute 25, 1
   7              		.eabi_attribute 26, 1
   8              		.eabi_attribute 30, 2
   9              		.eabi_attribute 34, 1
  10              		.eabi_attribute 18, 4
  11              		.file	"hal.c"
  12              		.text
  13              	.Ltext0:
  14              		.section	.gnu.lto_.profile.640acb8b01e8cd9c,"",%progbits
  15 0000 789C6365 		.ascii	"x\234ce`b`a```d\010\346\002\000\0010\000j"
  15      60626061 
  15      60606064 
  15      08E60200 
  15      0130006A 
  16              		.text
  17              		.section	.gnu.lto_.icf.640acb8b01e8cd9c,"",%progbits
  18 0000 789C6365 		.ascii	"x\234ce`b\340`@\000F\206\251\177\026\275\343e\000\000"
  18      6062E060 
  18      40004686 
  18      A97F16BD 
  18      E3650000 
  19 0014 0F3A033F 		.ascii	"\017:\003?"
  20              		.text
  21              		.section	.gnu.lto_.jmpfuncs.640acb8b01e8cd9c,"",%progbits
  22 0000 789C6365 		.ascii	"x\234ce`b\320b@\000F8\213\211q:3c\363\257\375\237\371"
  22      6062D062 
  22      40004638 
  22      8B89713A 
  22      3363F3AF 
  23 0017 EAFF3648 		.ascii	"\352\3776H\314gfX\314\014\222_\316X\317\300\310\002"
  23      CC676658 
  23      CC0C925F 
  23      CE58CFC0 
  23      C802
  24 0029 640100B9 		.ascii	"d\001\000\271F\010\227"
  24      460897
  25              		.text
  26              		.section	.gnu.lto_.inline.640acb8b01e8cd9c,"",%progbits
  27 0000 789C6365 		.ascii	"x\234ce`b\260c@\000F\006\006\236\313@\222\011\310f["
  27      6062B063 
  27      40004606 
  27      069ECB40 
  27      9209C866 
  28 0015 20CF0416 		.ascii	" \317\004\026\343\302G0q\203t\201\231\014\000u\366\002"
  28      E3C24730 
  28      71837481 
  28      990C0075 
  28      F602
  29 0027 4B       		.ascii	"K"
  30              		.text
  31              		.section	.gnu.lto_.pureconst.640acb8b01e8cd9c,"",%progbits
  32 0000 789C6365 		.ascii	"x\234ce`b`f```d\220\000\000\000\204\000$"
ARM GAS  /tmp/ccPb2bil.s 			page 2


  32      60626066 
  32      60606064 
  32      90000000 
  32      840024
  33              		.text
  34              		.section	.gnu.lto_halInit.640acb8b01e8cd9c,"",%progbits
  35 0000 789C75D1 		.ascii	"x\234u\321AK\002A\024\007\360\367\337\321u\213\224\016"
  35      414B0241 
  35      1407F0F7 
  35      DFD1758B 
  35      940E
  36 0012 1D2C3D74 		.ascii	"\035,=t\365\242\337\243o\021^\202\202 ?\300\216Y\010"
  36      F5A2DFA3 
  36      6F115E82 
  36      82203FC0 
  36      8E5908
  37 0025 06D5C5CC 		.ascii	"\006\325\305\314 v)B\313\322\264:xj\361\326\245\240"
  37      20762942 
  37      CBD2B43A 
  37      786AF1D6 
  37      A5A0
  38 0037 8E9D8AEA 		.ascii	"\216\235\212\352\220\011A\267B\355\215F\354a\035vx\273"
  38      900941B7 
  38      42ED8D46 
  38      EC611D76 
  38      78BB
  39 0049 F37EBC79 		.ascii	"\363~\274y;\343'\215\302\032Q\224\210\"<!\010\332\366"
  39      3BE3278D 
  39      C21A5194 
  39      88223C21 
  39      08DAF6
  40 005c 2D51DAD0 		.ascii	"-Q\332\320\000\365\"\015\220\251\301\304\226(\010\264"
  40      00F5220D 
  40      90A9C1C4 
  40      962808B4 
  41 006c B26F4D2D 		.ascii	"\262oM-V\222<\234\302\347\264,;\260\004Q\221\247\032"
  41      56923C9C 
  41      C2E7B42C 
  41      3BB00451 
  41      91A71A
  42 007f 282146CC 		.ascii	"(!F\314\236\353\275|P\367\015\327Q\206\016\216\265{"
  42      9EEBBD7C 
  42      50F70DD7 
  42      51860E8E 
  42      B57B
  43 0091 38B2D7CF 		.ascii	"8\262\327\317J\347\345\000\017s\343D9N\253=6\204\246"
  43      4AE7E500 
  43      0F73E344 
  43      394EAB3D 
  43      3684A6
  44 00a4 A2682363 		.ascii	"\242h#c\377D\224WE\232\315\217\307\200\331\225\206%"
  44      FF449457 
  44      459ACD8F 
  44      C780D995 
  44      8625
  45 00b6 50145C01 		.ascii	"P\024\\\001\3070\311b\333\306\232}4\341\341D\221\263"
  45      C730C962 
ARM GAS  /tmp/ccPb2bil.s 			page 3


  45      DBC69A7D 
  45      34E1E144 
  45      91B3
  46 00c8 8413769C 		.ascii	"\204\023v\234\330Yo\335\0056\205%|P\237\231\357\353"
  46      D8596FDD 
  46      05368525 
  46      7C509F99 
  46      EFEB
  47 00da AF10BB30 		.ascii	"\257\020\2730/\034\252\306x\355f\257\262ha?=i\011?N"
  47      2F1CAAC6 
  47      78ED66AF 
  47      B268613F 
  47      3D69093F 
  48 00ef F92F2B88 		.ascii	"\371/+\210\016\022\375\367Fu\214\361\256\224\263\252"
  48      0E12FDF7 
  48      46758CF1 
  48      AE94B3AA 
  49 00ff C0192C0C 		.ascii	"\300\031,\0146D\025\246%tR\275\326\275z\340^\2718j\377"
  49      364415A6 
  49      257452BD 
  49      D6BD7AE0 
  49      5EB9386A 
  50 0114 BD66ECD7 		.ascii	"\275f\354\327\240\267\363\261;w\271\253\220\267\363"
  50      A0B7F3B1 
  50      3B77B9AB 
  50      90B7F3
  51 0123 B3ABBB5C 		.ascii	"\263\253\273\\g\204\323\3315\\\356i\312\333\005\330"
  51      6784D3D9 
  51      355CEE69 
  51      CADB05D8 
  52 0133 5DB85C77 		.ascii	"]\270\\w\2043\330]\376\271\016V\355R~x\006j\344\370"
  52      8433D85D 
  52      FEB90E56 
  52      ED527E78 
  52      066AE4F8 
  53 0147 46F8CEF8 		.ascii	"F\370\316\370\270g\342\361\304\360YN%\026\346\227\022"
  53      B867E2F1 
  53      C4F0594E 
  53      2516E697 
  53      12
  54 0158 A995A48A 		.ascii	"\251\225\244\212\361$\375\002bx\265\244"
  54      F124FD02 
  54      6278B5A4 
  55              		.text
  56              		.section	.gnu.lto_.symbol_nodes.640acb8b01e8cd9c,"",%progbits
  57 0000 789C55C9 		.ascii	"x\234U\311\273\021\3020\024D\321\273\222e\233*\240\024"
  57      BB11C230 
  57      1444D1BB 
  57      92659B2A 
  57      A014
  58 0012 A8EC29F0 		.ascii	"\250\354)\360\020S\204\253 vL\003\374l\254\220\032\030"
  58      105384AB 
  58      20764C03 
  58      FC6CAC90 
  58      1A18
  59 0024 8422B4C9 		.ascii	"\204\"\264\311\2359\033p$\362\334U\006\247\013\344\234"
  59      9D391B70 
ARM GAS  /tmp/ccPb2bil.s 			page 4


  59      24F2DC55 
  59      06A70BE4 
  59      9C
  60 0035 E301C243 		.ascii	"\343\001\302C\354\362\243$Sy \306}\206U\346*x\311|\005"
  60      ECF2A324 
  60      537920C6 
  60      7D8655E6 
  60      2A78C97C 
  61 004a 8BACA960 		.ascii	"\213\254\251`\226\205\012\236\262\266\202\273\254\253"
  61      96850A9E 
  61      B2B682BB 
  61      ACAB
  62 0058 E026EBFF 		.ascii	"\340&\353\377\301\263a\234?\362\364L\245\035\251\264"
  62      C1B3619C 
  62      3FF2F44C 
  62      A51DA9B4 
  63 0068 65587E0D 		.ascii	"eX~\015\214\245\015S\251'\225:\206\343{\313\0274\016"
  63      8CA50D53 
  63      A927953A 
  63      86E37BCB 
  63      17340E
  64 007b 3B55     		.ascii	";U"
  65              		.text
  66              		.section	.gnu.lto_.refs.640acb8b01e8cd9c,"",%progbits
  67 0000 789C6365 		.ascii	"x\234ce`b`c```d`bdb\000\000\000\275\000\024"
  67      60626063 
  67      60606064 
  67      60626462 
  67      000000BD 
  68              		.text
  69              		.section	.gnu.lto_.decls.640acb8b01e8cd9c,"",%progbits
  70 0000 789CA556 		.ascii	"x\234\245VkL\024W\024\236\263ww\201\005\213\201\306"
  70      6B4C1457 
  70      149EB377 
  70      7781058B 
  70      81C6
  71 0012 9846534B 		.ascii	"\230FSK\326\310\037X\320>\374\341\017\255\2505\241\225"
  71      D6C81F58 
  71      D03EFCE1 
  71      0FADA835 
  71      A195
  72 0024 D4D6A6BF 		.ascii	"\324\326\246\2776\353\262\312&\010[vi4M\233APP+/\251"
  72      36EBB2CA 
  72      26085B76 
  72      69344D9B 
  72      4150502B 
  73 003a 162B4AC4 		.ascii	"\026+J\304\026\360\201\010\342\003PW\005DEQ|R`A\004"
  73      16F08108 
  73      E2035057 
  73      05444551 
  73      7C526041 
  74 004f 041F08C4 		.ascii	"\004\037\010\304\326g\244\347\336;\303,[\304&\235\354"
  74      D667A4E7 
  74      DE3BC32C 
  74      5BC4269D 
  74      EC
  75 0060 993BE7DE 		.ascii	"\231;\347\336\357|\347q\317\334Y\215\240\022\246\350"
ARM GAS  /tmp/ccPb2bil.s 			page 5


  75      EF7CE771 
  75      CFDC598D 
  75      A012A6E8 
  76 0070 04A14D25 		.ascii	"\004\241M%\010\207\005A\030\306\013\037\205\003(\200"
  76      08870541 
  76      18C60B1F 
  76      85032880 
  77 0080 7243E097 		.ascii	"rC\340\227\017J+\212\013\245\003\245\023\245\013\245"
  77      0F4A2B8A 
  77      0BA503A5 
  77      13A50BA5 
  78 0090 07A517E5 		.ascii	"\007\245\027\345!J\277d3 \214\276\216\343\244\027\216"
  78      214ABF64 
  78      33208CBE 
  78      8EE3A417 
  78      8E
  79 00a1 CB500651 		.ascii	"\313P\006QZP\206$\356\353(\017<|\364K|\275\022\177\227"
  79      5A508624 
  79      EEEB280F 
  79      3C7CF44B 
  79      7CBD127F 
  80 00b6 E4AF43F2 		.ascii	"\344\257C\362?\226\217m\004\256\246\224\356 \351\004"
  80      3F968F6D 
  80      04AEA694 
  80      EE20E904 
  81 00c6 0274A046 		.ascii	"\002t\240Fu\360\322\366\273\357\240\372\256\016\246"
  81      75F0D2F6 
  81      BBEFA0FA 
  81      AE0EA6
  82 00d5 A15A75B4 		.ascii	"\241Zu\264\272N\303W\303P}\331\233\323\014\\\365Cum"
  82      BA4EC357 
  82      C3507DD9 
  82      9BD30C5C 
  82      F543756D 
  83 00e9 5573963F 		.ascii	"Us\226?\007w\010n\306\001\3348=\243\374\220\216\250"
  83      0777086E 
  83      C601DC38 
  83      3DA3FC90 
  83      8EA8
  84 00fb 802E6DAF 		.ascii	"\200.m\257zrA\"\362F\265\240\266\362\205/\361aKm\365"
  84      7A724122 
  84      F246B5A0 
  84      B6F2852F 
  84      F1614B6D 
  85 0110 C5FB6804 		.ascii	"\305\373h\0043t@\353\350\217S\007\037\036\177>\201O"
  85      337440EB 
  85      E88F5307 
  85      1F1E7F3E 
  85      814F
  86 0122 5144FBF3 		.ascii	"QD\373\363\242\205\241\373E~yOU\202o\312\030\332\343"
  86      A285A1FB 
  86      457E794F 
  86      55826FCA 
  86      18DAE3
  87 0135 45265190 		.ascii	"E&Q\220*\367\302\2553j\010\326\375AA\316\306'3\262R"
  87      2AF7C2AD 
  87      336A08D6 
ARM GAS  /tmp/ccPb2bil.s 			page 6


  87      FD4141CE 
  87      C62733B2 
  88 014a 45510515 		.ascii	"EQ\005\025\240\203r P\006\241\264\0103p\327\2044Q\\"
  88      A0837220 
  88      5006A1B4 
  88      083370D7 
  88      8434515C 
  89 015e 2B66268B 		.ascii	"+f&\213>\237\011P\004S\240\020\246\010p\030\202\251"
  89      3E9F0950 
  89      0453A010 
  89      A6087018 
  89      82A9
  90 0170 3F8A8343 		.ascii	"?\212\203C8Y\212\223\350\242xO\326n-Y\303\\\324\235"
  90      38598A93 
  90      E8A2784F 
  90      D66E2D59 
  90      C35CD49D 
  91 0184 6CB9AD06 		.ascii	"l\271\255\006]\360\230\366\307\306\260\347\261\334*"
  91      5DF098F6 
  91      C7C6B0E7 
  91      B1DC2A
  92 0193 0AAA5B47 		.ascii	"\012\252[Gc9\212\261\034Qb\301\320x\032\235\225\255"
  92      63398AB1 
  92      1C5162C1 
  92      D0781A9D 
  92      95AD
  93 01a5 492AD208 		.ascii	"I*\322\010,\331\327\033\253\007\010\271\306\024MoN~"
  93      2CD9D71B 
  93      AB0708B9 
  93      C6144D6F 
  93      4E7E
  94 01b7 B20EF47A 		.ascii	"\262\016\364z}`\360n\352\3249\\9;\257\251K\024\263\375"
  94      7D60F06E 
  94      EAD4395C 
  94      393BAFA9 
  94      4B14B3FD 
  95 01cb 185B25B2 		.ascii	"\030[%\262\235\204@%\212\022\274\011\020\2167\201\033"
  95      9D844025 
  95      8A12BC09 
  95      108E3781 
  95      1B
  96 01dc 744ECD15 		.ascii	"tN\315\025\235)\204\241\017z\242\015\024\\\004\012\272"
  96      9D2984A1 
  96      0F7AA20D 
  96      145C040A 
  96      BA
  97 01ed C90D7D7C 		.ascii	"\311\015}|L4\243\316\242ye\212\342\\\265\000\373py/"
  97      4C34A3CE 
  97      A279658A 
  97      E25CB500 
  97      FB70792F 
  98 0201 F34AC198 		.ascii	"\363J\301\230\032\234\302J\234\000=T\243T\201\236m\026"
  98      1A9CC24A 
  98      9C003D54 
  98      A354819E 
  98      6D16
  99 0213 AF445D5E 		.ascii	"\257D]^@\222(\002E\012R\025\244\235<\365:\345\212\226"
ARM GAS  /tmp/ccPb2bil.s 			page 7


  99      40922802 
  99      450A5215 
  99      A49D3CF5 
  99      3AE58A96 
 100 0227 6C66CDA2 		.ascii	"lf\315\242\332\224\375<I\003\301\201\334\350u\236\026"
 100      DA94FD3C 
 100      4903C181 
 100      DCE8759E 
 100      16
 101 0238 771DCE20 		.ascii	"w\035\316 \273S)\036\245\030;\0208\215\376\307\213\005"
 101      BB53291E 
 101      A5183B10 
 101      388DFEC7 
 101      8B05
 102 024a DDF5A774 		.ascii	"\335\365\247tw\370\362v\234\214j\305\245c.\015\311\347"
 102      77F8F276 
 102      9C8C6AC5 
 102      A5632E0D 
 102      C9E7
 103 025c ADDA3A74 		.ascii	"\255\332:t3\325\227\024r\345\340\253\234B-)\341JF\262"
 103      33D59714 
 103      72E5E0AB 
 103      9C422D29 
 103      E14A46B2 
 104 0270 EB276E34 		.ascii	"\353'n4\007\265\237\177-\314\324J\335OP\337X\261\245"
 104      07B59F7F 
 104      2DCCD44A 
 104      DD4F50DF 
 104      58B1A5
 105 0283 C09F5430 		.ascii	"\300\237T0\250W\346\355\236\324wp\343\002\365\372`\375"
 105      A857E6ED 
 105      9ED47770 
 105      E302F5FA 
 105      60FD
 106 0295 6E9687AB 		.ascii	"n\226\207\253(`\213(\326\207\261L\316c&\0158\216\004"
 106      28608B28 
 106      D687B14C 
 106      CE63260D 
 106      388E04
 107 02a8 5D3C6AE3 		.ascii	"]<j\343\020~&8\211m\005E\037\360D\357\007e\347\334k"
 107      107E2638 
 107      896D0545 
 107      1FF044EF 
 107      0765E7DC 
 108 02bd 508F8073 		.ascii	"P\217\200sl\255A*@#\026\340\012&\177\031\345\022\312"
 108      6CAD412A 
 108      402316E0 
 108      0A267F19 
 108      E512CA
 109 02d0 45940B52 		.ascii	"E\224\013R!\270\243\241\367\025G5\236\216\316z\206\325"
 109      21B8A3A1 
 109      F7154735 
 109      9E8ECE7A 
 109      86D5
 110 02e2 E986AEF5 		.ascii	"\351\206\256\365D\227\270\205%\355\370.\276\343\015"
 110      4497B885 
 110      25EDF82E 
ARM GAS  /tmp/ccPb2bil.s 			page 8


 110      BEE30D
 111 02f1 A3779C73 		.ascii	"\243w\234s\335\334\345V\221:O2\245\335\260\270\247\237"
 111      DDDCE556 
 111      913A4F32 
 111      A5DDB0B8 
 111      A79F
 112 0303 3F5CE74F 		.ascii	"?\\\347O\252y\177\\\253\375=\311{\244?\372\213Y\177"
 112      AA797F5C 
 112      ABFD3DC9 
 112      7BA43FFA 
 112      8B597F
 113 0316 5C43DBAB 		.ascii	"\\C\333\253J\1774\374\253?\344\332@\023\226\344\277"
 113      4A7F34FC 
 113      AB3FE4DA 
 113      401396E4 
 113      BF
 114 0327 9407DDEE 		.ascii	"\224\007\335\356\270\\>+P\"I{\023\2110\036\303\206\274"
 114      B85C3E2B 
 114      5022497B 
 114      1389301E 
 114      C386BC
 115 033a A3F97E7E 		.ascii	"\243\371~~\033GN\014\270\356\366J\011p\003\374(\220"
 115      1B474E0C 
 115      B8EEF64A 
 115      097003FC 
 115      2890
 116 034c 8E083EB2 		.ascii	"\216\010>\262\271\346\204\312\005\255\200\037\023\230"
 116      B9E684CA 
 116      05AD801F 
 116      1398
 117 035a C82800F8 		.ascii	"\310(\000\370\035\2300uX\276\000\330<\316\252\330\235"
 117      1D983075 
 117      58BE00D8 
 117      3CCEAAD8 
 117      9D
 118 036b 03D914C8 		.ascii	"\003\331\024\310\026\222\256\222T\225D\311~\2221\270"
 118      1692AE92 
 118      549544C9 
 118      7E9231B8 
 119 037b 31F265EE 		.ascii	"1\362e\356I\276\370\307\203?03\331\032T\212\003\000"
 119      49BEF8C7 
 119      833F3033 
 119      D91A548A 
 119      0300
 120 038d 77033742 		.ascii	"w\0037B\036\266\264>\022\237\240$\007r\251\006s\033"
 120      1EB6B43E 
 120      129FA024 
 120      0772A906 
 120      731B
 121 039f 7A74EDD0 		.ascii	"zt\355\320Fg\363\347\002\233\033(\027;u\244\216\277"
 121      4667F3E7 
 121      029B1B28 
 121      173B75A4 
 121      8EBF
 122 03b1 7FB5C34F 		.ascii	"\177\265\303O\235\376\374\005T\321\323\177\240!\317"
 122      9DFEFC05 
 122      54D1D37F 
ARM GAS  /tmp/ccPb2bil.s 			page 9


 122      A021CF
 123 03c0 97BF8013 		.ascii	"\227\277\200\023Q}\226t\343\264n\362V\366\221H\026'"
 123      517D9674 
 123      E3B46EF2 
 123      56F69148 
 123      1627
 124 03d2 AA60D924 		.ascii	"\252`\331$\370\023\013\335\314\012\335\002\223\361\276"
 124      F8130BDD 
 124      CC0ADD02 
 124      93F1BE
 125 03e1 5C2DB5D3 		.ascii	"\\-\265\323\225\315U\272\240|1\277Ct>m\236v\257L\024"
 125      95CD55BA 
 125      A07C31BF 
 125      43743E6D 
 125      9E76AF4C 
 126 03f6 F18416D5 		.ascii	"\361\204\026\325\024\006\267\225.\302G\274\337\202v"
 126      1406B795 
 126      2EC247BC 
 126      DF8276
 127 0405 809BE0C2 		.ascii	"\200\233\340\302\300[!\010\315S\313\372\3335\244\217"
 127      C05B2108 
 127      CD53CBFA 
 127      DB35A48F 
 128 0415 47955576 		.ascii	"G\225Uv\245\223 W\007\366\3429\327\354\355\245]b\232"
 128      A5932057 
 128      07F6E239 
 128      D7ECEDA5 
 128      5D629A
 129 0428 8E39C454 		.ascii	"\2169\304TF\230\332(\023}p1\206\206\236\266\037H6a\004"
 129      4698DA28 
 129      137D7031 
 129      86869EB6 
 129      1F483661 
 130 043d 25BF343E 		.ascii	"%\2774>\366\222\010\356>\320\027\227\211)\032f\336\256"
 130      F69208EE 
 130      3ED01797 
 130      89291A66 
 130      DEAE
 131 044f 98B7CBE6 		.ascii	"\230\267\313\346\035\314\274\346\306\3754\015\271\312"
 131      1DCCBCE6 
 131      C6FD340D 
 131      B9CA
 132 045d EDC5BD27 		.ascii	"\355\305\275'r\344\000.\276\234]?b\177G\261\277#\333"
 132      72E4002E 
 132      BE9C5D3F 
 132      627F47B1 
 132      BF23DB
 133 0470 7732FBC6 		.ascii	"w2\373\306\013\005\257&\220W\334~k\365\351\213>\222"
 133      0B05AF26 
 133      9057DC7E 
 133      6BF5E98B 
 133      3E92
 134 0482 7D4B1A29 		.ascii	"}K\032).^\357\214\342\361\337U\010\356\312\004]\214"
 134      2E5EEF8C 
 134      E2F1DF55 
 134      08EECA04 
 134      5D8C
ARM GAS  /tmp/ccPb2bil.s 			page 10


 135 0494 A0EAFCE3 		.ascii	"\240\352\374\343&5)V3\202\272\363k\007\265r\000\351"
 135      26352956 
 135      3382BAF3 
 135      6B07B572 
 135      00E9
 136 04a6 E444E108 		.ascii	"\344D\341\010A\267B\320-\023\3640\202\364m\316\026-"
 136      41B742D0 
 136      2D13F430 
 136      82F46DCE 
 136      162D
 137 04b8 B9CE0932 		.ascii	"\271\316\0112kZ\273\375\345\012\374F^(\004\367\024\202"
 137      6B5ABBFD 
 137      E50AFC46 
 137      5E2804F7 
 137      1482
 138 04ca 7B32412F 		.ascii	"{2A/#\330\273?\267\333\207\014s\202\362\236\252fo\265"
 138      23D8BB3F 
 138      B7DB870C 
 138      7382F29E 
 138      AA666FB5 
 139 04de 8ABF4874 		.ascii	"\212\277Ht\227qn\347\206\252\365^o\354\207\007\254\037"
 139      97716EE7 
 139      86AAF55E 
 139      6FEC8707 
 139      AC1F
 140 04f0 EE83D410 		.ascii	"\356\203\324\020}C\003kuR\004/+\303\332X\015\021\003"
 140      7D43036B 
 140      7552042F 
 140      2BC3DA58 
 140      0D1103
 141 0503 7D4A007D 		.ascii	"}J\000}r\000\017Y\000\271;3J\011\331\254a\001do\177"
 141      72000F59 
 141      00B93B33 
 141      4A09D9AC 
 141      6101646F 
 142 0518 755925D9 		.ascii	"uY%\331_\333G\016*\031<R\010\036\311\004\375\214\240"
 142      5FDB470E 
 142      2A193C52 
 142      081EC904 
 142      FD8CA0
 143 052b FE6CC9DF 		.ascii	"\376l\311\337\276\344\"'p\016\037o\327L/\020\007D\372"
 143      BEE42227 
 143      700E1F6F 
 143      D74C2F10 
 143      0744FA
 144 053e 919FD33A 		.ascii	"\221\237\323:\220\"\246\005\260\303\3421'p;\333\037"
 144      9022A605 
 144      B0C3E231 
 144      27703BDB 
 144      1F
 145 054f B3AE1C80 		.ascii	"\263\256\034\200\351\364\277\321\263[\256Q\347\013\365"
 145      E9F4BFD1 
 145      B35BAE51 
 145      E70BF5
 146 055e A99C2F83 		.ascii	"\251\234/\203X\016\311\373 ;b\376\332\224\363\243;\374"
 146      580EC9FB 
 146      203B62FE 
ARM GAS  /tmp/ccPb2bil.s 			page 11


 146      DA94F3A3 
 146      3BFC
 147 0570 C128F890 		.ascii	"\301(\370\220t\034\321Q\033\025\021ar\230\2109!\326"
 147      741CD151 
 147      1B151161 
 147      72988839 
 147      21D6
 148 0582 7BD1175F 		.ascii	"{\321\027_O\233\037\036.\350\214\306Dk\234c\326L\243"
 148      4F9B1F1E 
 148      2EE88CC6 
 148      446B9C63 
 148      D64CA3
 149 0595 E31B43BC 		.ascii	"\343\033C\274\315aXi6\207\230\022V\205\304\305\307Y"
 149      CD615869 
 149      36879812 
 149      5685C4C5 
 149      C759
 150 05a7 422CA6E5 		.ascii	"B,\246\345\326\220\217Cf\206\205\177\022\362\335\314"
 150      D6908F43 
 150      6686857F 
 150      12F2DDCC 
 151 05b7 90445BB4 		.ascii	"\220D[\264\311a1\214Z6X\343\314\261\211\321\026\303"
 151      C961318C 
 151      5A3658E3 
 151      CCB189D1 
 151      16C3
 152 05c9 2A9339C6 		.ascii	"*\2239\306\032g1\030\243-+L\211\261\016\243c\215\315"
 152      1A673118 
 152      A32D2B4C 
 152      89B10EA3 
 152      638DCD
 153 05dc 620F8D11 		.ascii	"b\017\215\021\274e\007\221\377\317\201}\215\335`\264"
 153      BC650791 
 153      FFCF817D 
 153      8DDD60B4 
 154 05ec 3BA2910D 		.ascii	";\242\221\015YI|t\002f\022\363Qh\250\201\377\342\355"
 154      59497C74 
 154      026612F3 
 154      5168A881 
 154      FFE2ED
 155 05ff 861853AC 		.ascii	"\206\030S\254\301\026\237\340\260\033\226~\365\371\254"
 155      C1169FE0 
 155      B01B967E 
 155      F5F9AC
 156 060e 9986C8C8 		.ascii	"\231\206\310\310\010\303\242\250\305K\276\017\247KF"
 156      08C3A2A8 
 156      C54BBE0F 
 156      A74B46
 157 061d 1B4A6C6C 		.ascii	"\033Jll4Z\007\330\035\2530\244\2256k\274\321nq$\332"
 157      345A07D8 
 157      1DAB30A4 
 157      95366BBC 
 157      D16E7124 
 158 0632 8C0E6DD4 		.ascii	"\214\016m\324|Z\035m\324\247|\230\307\207\005t\360\211"
 158      7C5A1D6D 
 158      D4A77C98 
 158      C7870574 
ARM GAS  /tmp/ccPb2bil.s 			page 12


 158      F089
 159 0644 9A17393F 		.ascii	"\232\0279?>n\205u\245\027\362,\216\263:\336\363tkO0"
 159      3E6E8575 
 159      A517F22C 
 159      8EB33ADE 
 159      F3746B4F 
 160 0659 D331D42C 		.ascii	"\3231\324,h\355\016\212\370\300\023!\347A#\261\323\024"
 160      68ED0E8A 
 160      F8C01321 
 160      E74123B1 
 160      D314
 161 066b 7C96C79B 		.ascii	"|\226\307\233\022\242)\366CO,[\241Y\030Y\"\313\"\215"
 161      12A229F6 
 161      434F2C5B 
 161      A1591859 
 161      22CB228D 
 162 067f 118B97CE 		.ascii	"\021\213\227\316_\262l\301\227\337\36254\367\262\333"
 162      5FB26CC1 
 162      97DFF235 
 162      34F7B2DB 
 163 068f ACD43868 		.ascii	"\254\3248h\\G6+B\265v\346f\372\270HK\202\025\343G^\253"
 163      5C47362B 
 163      42B576E6 
 163      66FAB848 
 163      4B8215E3 
 164 06a6 39F1ADBC 		.ascii	"9\361\255\274\210\241PS\264\371\255P\304 t\202\\}\243"
 164      88A15053 
 164      B4F9AD50 
 164      C4207482 
 164      5C7DA3
 165 06b9 150DFC62 		.ascii	"\025\015\374b\334\224\260\361\266\220\335\027\206\257"
 165      DC94B0F1 
 165      B690DD17 
 165      86AF
 166 06c7 5E6D8851 		.ascii	"^m\210Qv\217R\311mff\373\362\017\341f\327\016"
 166      768F52C9 
 166      6D6666FB 
 166      F20FE166 
 166      D70E
 167              		.text
 168              		.section	.gnu.lto_.symtab.640acb8b01e8cd9c,"",%progbits
 169 0000 68616C49 		.ascii	"halInit\000"
 169      6E697400 
 170 0008 00       		.ascii	"\000"
 171 0009 00       		.ascii	"\000"
 172 000a 00       		.ascii	"\000"
 173 000b 00000000 		.ascii	"\000\000\000\000\000\000\000\000"
 173      00000000 
 174 0013 DC000000 		.ascii	"\334\000\000\000"
 175 0017 70616C5F 		.ascii	"pal_default_config\000"
 175      64656661 
 175      756C745F 
 175      636F6E66 
 175      696700
 176 002a 00       		.ascii	"\000"
 177 002b 02       		.ascii	"\002"
 178 002c 00       		.ascii	"\000"
ARM GAS  /tmp/ccPb2bil.s 			page 13


 179 002d 00000000 		.ascii	"\000\000\000\000\000\000\000\000"
 179      00000000 
 180 0035 F0000000 		.ascii	"\360\000\000\000"
 181 0039 7374496E 		.ascii	"stInit\000"
 181      697400
 182 0040 00       		.ascii	"\000"
 183 0041 02       		.ascii	"\002"
 184 0042 00       		.ascii	"\000"
 185 0043 00000000 		.ascii	"\000\000\000\000\000\000\000\000"
 185      00000000 
 186 004b DE000000 		.ascii	"\336\000\000\000"
 187 004f 626F6172 		.ascii	"boardInit\000"
 187      64496E69 
 187      7400
 188 0059 00       		.ascii	"\000"
 189 005a 02       		.ascii	"\002"
 190 005b 00       		.ascii	"\000"
 191 005c 00000000 		.ascii	"\000\000\000\000\000\000\000\000"
 191      00000000 
 192 0064 E0000000 		.ascii	"\340\000\000\000"
 193 0068 73706949 		.ascii	"spiInit\000"
 193      6E697400 
 194 0070 00       		.ascii	"\000"
 195 0071 02       		.ascii	"\002"
 196 0072 00       		.ascii	"\000"
 197 0073 00000000 		.ascii	"\000\000\000\000\000\000\000\000"
 197      00000000 
 198 007b E2000000 		.ascii	"\342\000\000\000"
 199 007f 7364496E 		.ascii	"sdInit\000"
 199      697400
 200 0086 00       		.ascii	"\000"
 201 0087 02       		.ascii	"\002"
 202 0088 00       		.ascii	"\000"
 203 0089 00000000 		.ascii	"\000\000\000\000\000\000\000\000"
 203      00000000 
 204 0091 E4000000 		.ascii	"\344\000\000\000"
 205 0095 69637549 		.ascii	"icuInit\000"
 205      6E697400 
 206 009d 00       		.ascii	"\000"
 207 009e 02       		.ascii	"\002"
 208 009f 00       		.ascii	"\000"
 209 00a0 00000000 		.ascii	"\000\000\000\000\000\000\000\000"
 209      00000000 
 210 00a8 E6000000 		.ascii	"\346\000\000\000"
 211 00ac 61646349 		.ascii	"adcInit\000"
 211      6E697400 
 212 00b4 00       		.ascii	"\000"
 213 00b5 02       		.ascii	"\002"
 214 00b6 00       		.ascii	"\000"
 215 00b7 00000000 		.ascii	"\000\000\000\000\000\000\000\000"
 215      00000000 
 216 00bf E8000000 		.ascii	"\350\000\000\000"
 217 00c3 5F70616C 		.ascii	"_pal_lld_init\000"
 217      5F6C6C64 
 217      5F696E69 
 217      7400
 218 00d1 00       		.ascii	"\000"
ARM GAS  /tmp/ccPb2bil.s 			page 14


 219 00d2 02       		.ascii	"\002"
 220 00d3 00       		.ascii	"\000"
 221 00d4 00000000 		.ascii	"\000\000\000\000\000\000\000\000"
 221      00000000 
 222 00dc EC000000 		.ascii	"\354\000\000\000"
 223 00e0 68616C5F 		.ascii	"hal_lld_init\000"
 223      6C6C645F 
 223      696E6974 
 223      00
 224 00ed 00       		.ascii	"\000"
 225 00ee 02       		.ascii	"\002"
 226 00ef 00       		.ascii	"\000"
 227 00f0 00000000 		.ascii	"\000\000\000\000\000\000\000\000"
 227      00000000 
 228 00f8 EE000000 		.ascii	"\356\000\000\000"
 229              		.text
 230              		.section	.gnu.lto_.opts,"",%progbits
 231 0000 272D666D 		.ascii	"'-fmath-errno' '-fsigned-zeros' '-ftrapping-math' '"
 231      6174682D 
 231      6572726E 
 231      6F272027 
 231      2D667369 
 232 0033 2D666E6F 		.ascii	"-fno-trapv' '-fno-openmp' '-fno-openacc' '-mcpu=cor"
 232      2D747261 
 232      70762720 
 232      272D666E 
 232      6F2D6F70 
 233 0066 7465782D 		.ascii	"tex-m3' '-mno-thumb-interwork' '-mthumb' '-ggdb' '-"
 233      6D332720 
 233      272D6D6E 
 233      6F2D7468 
 233      756D622D 
 234 0099 4F322720 		.ascii	"O2' '-fomit-frame-pointer' '-falign-functions=16' '"
 234      272D666F 
 234      6D69742D 
 234      6672616D 
 234      652D706F 
 235 00cc 2D666675 		.ascii	"-ffunction-sections' '-fdata-sections' '-fno-common"
 235      6E637469 
 235      6F6E2D73 
 235      65637469 
 235      6F6E7327 
 236 00ff 2720272D 		.ascii	"' '-flto'\000"
 236      666C746F 
 236      2700
 237              		.text
 238              		.comm	__gnu_lto_v1,1,1
 239              		.comm	__gnu_lto_slim,1,1
 240              		.ident	"GCC: (GNU Tools for ARM Embedded Processors 6-2017-q2-update) 6.3.1 20170620 (release) [AR
ARM GAS  /tmp/ccPb2bil.s 			page 15


DEFINED SYMBOLS
                            *ABS*:0000000000000000 hal.c
                            *COM*:0000000000000001 __gnu_lto_v1
                            *COM*:0000000000000001 __gnu_lto_slim

NO UNDEFINED SYMBOLS
