ARM GAS  /tmp/cc97pisQ.s 			page 1


   1              		.cpu cortex-m3
   2              		.eabi_attribute 20, 1
   3              		.eabi_attribute 21, 1
   4              		.eabi_attribute 23, 3
   5              		.eabi_attribute 24, 1
   6              		.eabi_attribute 25, 1
   7              		.eabi_attribute 26, 1
   8              		.eabi_attribute 30, 2
   9              		.eabi_attribute 34, 1
  10              		.eabi_attribute 18, 4
  11              		.file	"hal_pal_lld.c"
  12              		.text
  13              	.Ltext0:
  14              		.section	.gnu.lto_.profile.b922a4d6fe7e1c8b,"",%progbits
  15 0000 789C6365 		.ascii	"x\234ce`b`a```dps\001\000\001P\000\227"
  15      60626061 
  15      60606064 
  15      70730100 
  15      01500097 
  16              		.text
  17              		.section	.gnu.lto_.icf.b922a4d6fe7e1c8b,"",%progbits
  18 0000 789C6365 		.ascii	"x\234ce`b\020a@\000f\206\217\017\327\336\340`\374\374"
  18      60621061 
  18      40006686 
  18      8F0FD7DE 
  18      E060FCFC 
  19 0014 E676371B 		.ascii	"\346v7\033\323\313\345\317/\2630\000\000m\275\012\032"
  19      D3CBE5CF 
  19      2FB33000 
  19      006DBD0A 
  19      1A
  20              		.text
  21              		.section	.gnu.lto_.jmpfuncs.b922a4d6fe7e1c8b,"",%progbits
  22 0000 789C6365 		.ascii	"x\234ce`b\020`@\000&\006FF\306zFf \311^__\317\000\000"
  22      60621060 
  22      40002606 
  22      4646C67A 
  22      466620C9 
  23 001a 0D4C0227 		.ascii	"\015L\002'"
  24              		.text
  25              		.section	.gnu.lto_.inline.b922a4d6fe7e1c8b,"",%progbits
  26 0000 789C3D91 		.ascii	"x\234=\2211j\0031\020EgFr\274\304\205\267J\025\260\300"
  26      316A0331 
  26      10456746 
  26      72BCC485 
  26      B74A15B0 
  27 0015 7B821C20 		.ascii	"{\202\034 \350(\251\223KL\353\306\220\312\030\002Q\227"
  27      E828A993 
  27      4B4CEBC6 
  27      90CA1802 
  27      5197
  28 0027 80BB40FA 		.ascii	"\200\273@\372M\351\316\007H\3412mn`\315|\255U\274?\237"
  28      4DE9CE07 
  28      48E1326D 
  28      6E60CD7C 
  28      AD55BC3F 
  29 003c 81A75D34 		.ascii	"\201\247]4#\241o\246\353\021\242a\315KJL\201\234\331"
ARM GAS  /tmp/cc97pisQ.s 			page 2


  29      23A16FA6 
  29      EB11A261 
  29      CD4B4A4C 
  29      819CD9
  30 004f 999C4FCE 		.ascii	"\231\234O\316\302\036\212\030[\023\2173Zi\0151\"4\240"
  30      C21E8A18 
  30      5B138F33 
  30      5A690D31 
  30      2234A0
  31 0062 214A4843 		.ascii	"!JHC\331\013\335\224\225\020\377\315#h\350|\354\014"
  31      D90BDD94 
  31      9510FFCD 
  31      2368E87C 
  31      EC0C
  32 0074 BD8FBD21 		.ascii	"\275\217\275!\371\230\014\331\307lP\026\204SP\300\330"
  32      F9980CD9 
  32      C76C5016 
  32      845350C0 
  32      D8
  33 0085 C209A7BA 		.ascii	"\302\011\247\272TaU\327*\274\352b\205Y\241\236\334M"
  33      546155D7 
  33      2ABCEA62 
  33      8559A19E 
  33      DC4D
  34 0097 3ED99B7E 		.ascii	">\331\233~\362\327\013\352a\032^\231g\222\236w\2017"
  34      F2D70BEA 
  34      611A5E99 
  34      67929E77 
  34      8137
  35 00a9 6FFBC37C 		.ascii	"o\373\303|\033\336\003q\340\017\276'I/-m\375s\376\372"
  35      1BDE0371 
  35      E00FBE27 
  35      492F2D6D 
  35      FD73FEFA 
  36 00bd 5F601DF9 		.ascii	"_`\035\371\263\255\221\365)\272\207\323oO\267\343\243"
  36      B3AD91F5 
  36      29BA87D3 
  36      6F4FB7E3 
  36      A3
  37 00ce 502CAB4C 		.ascii	"P,\253Lq\274\313\365\263\217\334\333?X\020\357\304."
  37      71BCCBF5 
  37      B38FDCDB 
  37      3F5810EF 
  37      C42E
  38 00e0 AFF447BB 		.ascii	"\257\364G\273\000\360\242P\247"
  38      00F0A250 
  38      A7
  39              		.text
  40              		.section	.gnu.lto_.pureconst.b922a4d6fe7e1c8b,"",%progbits
  41 0000 789C6365 		.ascii	"x\234ce`b`e`\000\222R\214R\000\001\005\000D"
  41      60626065 
  41      60009252 
  41      8C520001 
  41      050044
  42              		.text
  43              		.section	.gnu.lto__pal_lld_init.b922a4d6fe7e1c8b,"",%progbits
  44 0000 789CA597 		.ascii	"x\234\245\227mLSW\030\307\317sO{)\245t\204\020B\030"
ARM GAS  /tmp/cc97pisQ.s 			page 3


  44      6D4C5357 
  44      18C7CF73 
  44      4F7B29A5 
  44      74841042 
  45 0015 21849918 		.ascii	"!\204\231\030\277p\263-K\366i\237\226\230%.\333\262"
  45      BF70B32D 
  45      4BF6699F 
  45      9698252E 
  45      DBB2
  46 0027 7D5F3696 		.ascii	"}_6\226\275$d\230\271\354\253\267X@0\021\222)2'k\315"
  46      BD246498 
  46      B9ECABB7 
  46      58403011 
  46      92293227 
  47 003d C22A3228 		.ascii	"\302*2(\356M\250\"\2658\001\025\035\326M\035\276L\334"
  47      EE4DA822 
  47      B5380115 
  47      1DD64D1D 
  47      BE4CDC
  48 0050 D02ACC29 		.ascii	"\320*\314)0\035\233e\3479\247\367\336r\023nr\322\206"
  48      301D9B65 
  48      E739A7F7 
  48      DE72136E 
  48      72D286
  49 0063 FBF41EEE 		.ascii	"\373\364\036\356\355\363\374~\247\177H\353&\012i*$\344"
  49      EDF3FC7E 
  49      A77F48EB 
  49      260A692A 
  49      24E4
  50 0075 0542C893 		.ascii	"\005B\310\223\354\000J@i?KH\300\243\000\340\211\356"
  50      EC004A40 
  50      693F4B48 
  50      C0A300E0 
  50      89EE
  51 0087 01B25581 		.ascii	"\001\262U\201\255\320F\367PH4\317\016)\033\":{\304\367"
  51      ADD046F7 
  51      504834CF 
  51      0E291B22 
  51      3A7BC4F7 
  52 009b 0CAA4D7A 		.ascii	"\014\252MzcY\210\022\362\031;\360\001\021\330\300\356"
  52      63598812 
  52      F2193BF0 
  52      0111D8C0 
  52      EE
  53 00ac 9A0A0EEC 		.ascii	"\232\012\016\354\243;i\210\002\270\330\362\376\344\336"
  53      A33B6988 
  53      02B8D8F2 
  53      FEE4DE
  54 00bb 9B7E5C2A 		.ascii	"\233~\\*P\305\226\251t\364\226\213>\017\204\235\367"
  54      50C596A9 
  54      74F4968B 
  54      3E0F849D 
  54      F7
  55 00cc 5CFBFCB5 		.ascii	"\\\373\374\265\365\335\272\336\240\307\347vQ}]\210R"
  55      F5DDBADE 
  55      A0C7E776 
  55      517D5D88 
ARM GAS  /tmp/cc97pisQ.s 			page 4


  55      52
  56 00dd 380894F5 		.ascii	"8\010\224\365\203\036\250\200\003PA\330\257\010\364"
  56      831EA880 
  56      035041D8 
  56      AF08F4
  57 00ec C27ABC7D 		.ascii	"\302z\274}\346Pzw\241\352\022\363\340kP\201=G\317C\\"
  57      E6507A77 
  57      A1EA12F3 
  57      E06B5081 
  57      3D47CF43 
  58 0101 4FAF34B3 		.ascii	"O\2574\263\026\335\220\334\270Na/qQ,n\300\027\252x\352"
  58      16DD90DC 
  58      B84E612F 
  58      71512C6E 
  58      C017AA78 
  59 0116 C1E2C5E2 		.ascii	"\301\342\305\342\303\342\307R\204\245\030K\011\226R"
  59      C3E2C752 
  59      84A5184B 
  59      099652
  60 0125 2C6558CA 		.ascii	",eX\312\261\340dW%\226*,\325X\010ie\223q[vP\005\237"
  60      B1E06457 
  60      25962A2C 
  60      D5580869 
  60      6593715B 
  61 013d 690A12B1 		.ascii	"i\012\022\261TO-\262tQ\205!v4&\316\345\241\254\233\013"
  61      544F2DB2 
  61      74518521 
  61      763426CE 
  61      E5A1AC9B 
  62 0152 4E4727EF 		.ascii	"NG'\357z\304R\017o\327q;f\306[\013C\320\025`{X\025\242"
  62      7AC4520F 
  62      6FD7713B 
  62      66C65B0B 
  62      43D01560 
  63 016a 2AF433D1 		.ascii	"*\3643\321>&\212\267\037\337y\373\253B\255O\017B\210"
  63      3E268AB7 
  63      1FDF79FB 
  63      AB42AD4F 
  63      0F4288
  64 017d E6411442 		.ascii	"\346A\024B\320\311\267\026\006@#)\330\366\250\011\304"
  64      D0C9B716 
  64      06402329 
  64      D8F6A809 
  64      C4
  65 018e 282AA625 		.ascii	"(*\246%\373W\342|\247]\360\230\300!\326\205\001u\344"
  65      FB57E27C 
  65      A75DF098 
  65      C021D685 
  65      0175E4
  66 01a1 E33D5293 		.ascii	"\343=R\223\276\261&}\013\032k\317\3724\304R\375\243"
  66      BEB1267D 
  66      0B1A6BCF 
  66      FA34C452 
  66      FDA3
  67 01b3 4F88716A 		.ascii	"O\210qj\266\031\345f\017\307Nm\367e\272\207c\300\266"
  67      B619E566 
  67      0FC74E6D 
ARM GAS  /tmp/cc97pisQ.s 			page 5


  67      F765BA87 
  67      63C0B6
  68 01c6 C7D3C52C 		.ascii	"\307\323\305,\277\313\364\377\242sp\301\317\372\267"
  68      BFCBF4FF 
  68      A27370C1 
  68      CFFAB7
  69 01d5 F3D9F9F0 		.ascii	"\363\331\371\360=\237\200\357\027\2738\0329x\317+.\206"
  69      3D9F80EF 
  69      17BB381A 
  69      3978CF2B 
  69      2E86
  70 01e7 97198017 		.ascii	"\227\031\200\027~\000\255\223m)\233\177\230\233&:&*"
  70      7E00AD93 
  70      6D299B7F 
  70      989B263A 
  70      262A
  71 01f9 3316E6DC 		.ascii	"3\026\346\334\002>w\366\344\305\026\267X\352\355A\276"
  71      023E77F6 
  71      E4C516B7 
  71      58EAED41 
  71      BE
  72 020a A363914B 		.ascii	"\243c\221K\213.\003\345mF\342\203!\246:\230AI\337\331"
  72      8B2E03E5 
  72      6D46E283 
  72      21A63A98 
  72      4149DFD9 
  73 021e DF8628C1 		.ascii	"\337\206(\301\000\242\344A\214\243\360\010\035AYU\310"
  73      00A2E441 
  73      8CA3F008 
  73      1D415955 
  73      C8
  74 022f 460D598F 		.ascii	"F\015Y\217\274\335Qg\273a\264s\341\300cv;I\366\021>"
  74      BCDD5167 
  74      BB61B473 
  74      E1C06376 
  74      3B49F611 
  75 0244 C88DADE2 		.ascii	"\310\215\255\342\310\356\021\354\203\006\273W\236\375"
  75      C8EE11EC 
  75      8306BB57 
  75      9EFD
  76 0252 B8337B02 		.ascii	"\2703{\002\331U\0348\232#\373\011>(\017[\375\210\354"
  76      D9551C38 
  76      9A23FB09 
  76      3E280F5B 
  76      FD88EC
  77 0265 5EC13E64 		.ascii	"^\301>d\260\373\344\331O\362\226\236\265\330\307\314"
  77      B0FBE4D9 
  77      4FF2969E 
  77      B5D8C7CC 
  78 0275 548DDBD9 		.ascii	"T\215\333\331\247\247n\364\346gb\324)b\324\027\036~"
  78      A7A76EF4 
  78      E66762D4 
  78      2962D417 
  78      1E7E
  79 0287 6AB5CD44 		.ascii	"j\265\315D\226\315\205\245\266\303\236,\233SV\212N\243"
  79      96CD85A5 
  79      B6C39E2C 
ARM GAS  /tmp/cc97pisQ.s 			page 6


  79      9B53568A 
  79      4EA3
  80 0299 8D4FD8C4 		.ascii	"\215O\330\304\014\033\277\274\315\031g\233I3Eg\3556"
  80      0C1BBFBC 
  80      CD19679B 
  80      49334567 
  80      ED36
  81 02ab 72E8E7AC 		.ascii	"r\350\347\254\020\375\204\350~\201~\304@/\222G\237r"
  81      10FD84E8 
  81      7E817EC4 
  81      402F9247 
  81      9F72
  82 02bd 463F6F86 		.ascii	"F?o\206(\231\033\372\005+C?#z\221@?j\240\027\313\243"
  82      28991BFA 
  82      052B433F 
  82      237A9140 
  82      3F6AA017 
  83 02d3 FFC25BE6 		.ascii	"\377\302[\346\257\205~\321\314\320%;\372\322\256\313"
  83      AF857ED1 
  83      CCD0253B 
  83      FAD2AECB 
  84 02e3 49C86428 		.ascii	"I\310d(,2\364\340zo\213w\265\316\345,\235\371\331\275"
  84      2C32F4E0 
  84      7A6F8B77 
  84      B5CEE52C 
  84      9DF9D9BD 
  85 02f7 570BB274 		.ascii	"W\013\262t~\265B4\215:\305Bg\330\320)\221\327\271\342"
  85      7EB54234 
  85      8D3AC542 
  85      67D8D029 
  85      91D7B9E2 
  86 030b AC73D50C 		.ascii	"\254s\325\014\3215\273\216$\373u+E\277!{\211`?f\260"
  86      D135BB8E 
  86      24FB752B 
  86      45BF217B 
  86      89603F66 
  87 0320 97CAB3DF 		.ascii	"\227\312\263\337pf\2371St3G\366\337\255\030\375\201"
  87      70669F31 
  87      53743347 
  87      F6DFAD18 
  87      FD81
  88 0332 ECA5827D 		.ascii	"\354\245\202}\304`/\223g\237\345-\275k\261\3372ct\333"
  88      C4602F93 
  88      679FE52D 
  88      BD6BB1DF 
  88      326374DB 
  89 0346 CEFE69CB 		.ascii	"\316\376i\313|\300\370Wt@\304hd.\251+\253uRY:\013\273"
  89      7CC0F857 
  89      7440C468 
  89      642EA92B 
  89      AB755259 
  90 035d 27F6B9B3 		.ascii	"'\366\271\263t\356X1\272\213:eBg\334\320)\227\327\231"
  90      74EE5831 
  90      BA8B3A65 
  90      4267DCD0 
  90      2997D799 
  91 0371 73D69937 		.ascii	"s\326\2317c\364\247]G\222\375\236\025\243\277\220\275"
ARM GAS  /tmp/cc97pisQ.s 			page 7


  91      63F4A75D 
  91      4792FD9E 
  91      15A3BF90 
  91      BD
  92 0382 5CB04F18 		.ascii	"\\\260O\030\354\025\362\354\367\235\331\037\2301Z\310"
  92      EC15F2EC 
  92      F79DD91F 
  92      98315AC8 
  93 0392 917DD18A 		.ascii	"\221}\321\212\321\022\262W\010\366\323\006{\245<\373"
  93      D112B257 
  93      08F6D306 
  93      7BA53CFB 
  94 03a2 DFBC65C1 		.ascii	"\337\274e\301Z\354\017\315\030=\262\263/.\177\271\250"
  94      5AEC0FCD 
  94      183DB2B3 
  94      2F2E7FB9 
  94      A8
  95 03b3 66623420 		.ascii	"fb4 bt\245\273}\277\355\257\342\237,\235\350\216\346"
  95      6274A5BB 
  95      7DBFEDAF 
  95      E29F2C9D 
  95      E88EE6
  96 03c6 916C9D65 		.ascii	"\221l\235e+F\377\242N\245\3209c\350T\311\353\374\347"
  96      2B46FFA2 
  96      4EA5D039 
  96      63E854C9 
  96      EBFCE7
  97 03d9 ACF3D88C 		.ascii	"\254\363\330\214Q\332\256#\311\276b\305HW\030{\225`"
  97      51DAAE23 
  97      C9BE62C5 
  97      4857187B 
  97      9560
  98 03eb 9F34D8AB 		.ascii	"\2374\330\253\345\331\003\212#{\203b\304h\233\222\033"
  98      E5D9038A 
  98      237B8362 
  98      C4689B92 
  98      1B
  99 03fc 7B503163 		.ascii	"{P1c\324\210\354\325d\036\032\302\2216\376Y\237\177"
  99      D488ECD5 
  99      641E1AC2 
  99      9136FE59 
  99      9F7F
 100 040e B16A659F 		.ascii	"\261je\237\317\330\327\015\366\306?WS\243\211\237\372"
 100      CFD8D70D 
 100      F6C63F57 
 100      53A3899F 
 100      FA
 101 041f 2DDAFB6F 		.ascii	"-\332\373o\325i\233\353?\372x\213\366\372\033/?\373"
 101      D5699BEB 
 101      3FFA788B 
 101      F6FA1B2F 
 101      3FFB
 102 0431 8CB669D3 		.ascii	"\214\266i\323\213\332\306W_z\345\223\247\361\322\233"
 102      8BDAC657 
 102      5F7AE593 
 102      A7F1D29B 
 103 0441 9BD95157 		.ascii	"\233\331QW\367NM-Qk\353?|\367\203\367\376\007\251\213"
ARM GAS  /tmp/cc97pisQ.s 			page 8


 103      F74E4D2D 
 103      516BEB3F 
 103      7CF783F7 
 103      FE07A98B 
 104 0455 7FCD     		.ascii	"\177\315"
 105              		.text
 106              		.section	.gnu.lto__pal_lld_setgroupmode.b922a4d6fe7e1c8b,"",%progbits
 107 0000 789CA556 		.ascii	"x\234\245VkLTG\024\236s\347\356\335\273o\203\362\024"
 107      6B4C5447 
 107      149E73E7 
 107      EEDDBB6F 
 107      83F214
 108 0013 048988A6 		.ascii	"\004\211\210\246\211\033\332\264\361O\3774M\254\211"
 108      891BDAB4 
 108      F14FFF34 
 108      4DAC89
 109 0022 A66DDA26 		.ascii	"\246m\332&\266\177Z\243\2654B5\3324i\322\204+\010\012"
 109      B67F5AA3 
 109      B5344235 
 109      DA3469D2 
 109      842B080A 
 110 0036 A43E2A62 		.ascii	"\244>*b%n\226H}\264+\"\240 (\310S\300\007>j\245@\264"
 110      256E9648 
 110      7DB42B22 
 110      A02028C8 
 110      53C0073E 
 111 004e B615129A 		.ascii	"\266\025\022\232\232\010J\255D\244g\316\334e\027JjL"
 111      9A084AAD 
 111      44A467CE 
 111      DC65174A 
 111      6A4C
 112 0060 37DCE1CE 		.ascii	"7\334\341\316\231\357;\347|s\316\314\256\205),\326\301"
 112      99EF3BE7 
 112      7C73CECC 
 112      AE85292C 
 112      D6C1
 113 0072 D8078CB1 		.ascii	"\330\007\214\261\016|`\026\003eW7c[tE\341\367#\231a"
 113      0E7C6016 
 113      03655737 
 113      635B7445 
 113      E1F72399 
 114 0087 574B9732 		.ascii	"WK\2272\303\311A\223fU\261\220Y#\263%h\326\300-_\254"
 114      C3C94193 
 114      6655B190 
 114      5923B325 
 114      68D6C02D 
 115 009d 8ABE3D15 		.ascii	"\212\276=\025\327mbt\352`\227f[\360\305\2568h\335I\353"
 115      D76D6274 
 115      EA609766 
 115      5BF0C5AE 
 115      3868DD49 
 116 00b2 0E7049B3 		.ascii	"\016pI\2633\370\342\222\216\232u\267b\255kg\210\364"
 116      33F8E292 
 116      8E9A75B7 
 116      62AD6B67 
 116      88F4
 117 00c4 F4E888F4 		.ascii	"\364\350\210\364\000\010\273\241\003\313R\270j\321\254"
ARM GAS  /tmp/cc97pisQ.s 			page 9


 117      0008BBA1 
 117      03CB52B8 
 117      6AD1AC
 118 00d3 BACDEE70 		.ascii	"\272\315\356p\272\334\036\310R\334\014\232T\320i@\025"
 118      BADC1EC8 
 118      52DC0C9A 
 118      54D06940 
 118      15
 119 00e4 6C27DFC7 		.ascii	"l'\337\307\241e\333`\235\262\370\210\201\237\246}E\366"
 119      A165DB60 
 119      9DB2F888 
 119      819FA67D 
 119      45F6
 120 00f6 3C2337C6 		.ascii	"<#7\306\317\031\333\317\031}\340\010,F\324\265\255'"
 120      CF19DBCF 
 120      197DE008 
 120      2C46D4B5 
 120      AD27
 121 0108 0EF01DDC 		.ascii	"\016\360\035\334\317\001T\234\016_.\371\335-\246\012"
 121      CF01549C 
 121      0E5F2EF9 
 121      DD2DA60A 
 122 0118 24E1B4B5 		.ascii	"$\341\264\265{\342\264\235/\005\206\357\331\007\367"
 122      7BE2B49D 
 122      2F0586EF 
 122      D907F7
 123 0127 B7B9520F 		.ascii	"\267\271R\017\031F\266\321\364\244\210\033\013\374\234"
 123      1946B6D1 
 123      F4A4881B 
 123      0BFC9C
 124 0136 C30FC0D1 		.ascii	"\303\017\300\321!|\017\361p\024\342\031\232\030\004"
 124      217C0FF1 
 124      7014E219 
 124      9A1804
 125 0145 2015E113 		.ascii	" \025\341\023\207O\344\353\374U\242>\336\333\351\003"
 125      874FE4EB 
 125      FC55A23E 
 125      DEDBE903 
 126 0155 937AFB68 		.ascii	"\223z\373h\304\336\034\343\015?W\341\330t\262\312\240"
 126      C4DE1CE3 
 126      0D3F57E1 
 126      D874B2CA 
 126      A0
 127 0166 9CC80FAA 		.ascii	"\234\310\017\252\017\355q\360\327\210|qG\303*\223;x"
 127      0FED71F0 
 127      D7887C71 
 127      47C32A93 
 127      3B78
 128 0178 34AE88B8 		.ascii	"4\256\210\270\0268>\235kaP\001\251\202p\350bk\243\233"
 128      16383E9D 
 128      6B615001 
 128      A98270E8 
 128      626BA39B 
 129 018c 2F23F20D 		.ascii	"/#\362\015\343\344\004\244\224\021\373f fw\216\321i"
 129      E3E404A4 
 129      9411FB66 
 129      2066778E 
ARM GAS  /tmp/cc97pisQ.s 			page 10


 129      D169
 130 019e A87EAEC1 		.ascii	"\250~\256\301\211\251|\361A\370\355\201\363W\201/'\352"
 130      89A97CF1 
 130      41F8ED81 
 130      F357812F 
 130      27EA
 131 01b0 2F43C776 		.ascii	"/C\307vZMjw ~\217I\265B\325\214\324\262\366\3721\007"
 131      5A4D6A77 
 131      207E8F49 
 131      B542D58C 
 131      D4B2F6FA 
 132 01c6 5F49D4B2 		.ascii	"_I\324\262\3339\275n\223zi\0177\2763\024A<9#\361i\301"
 132      DB39BD6E 
 132      937A690F 
 132      37BE3314 
 132      413C3923 
 133 01dd D9FB9CBF 		.ascii	"\331\373\234\277MD#\177\270\310f\022\357~3I\254\231"
 133      4D44237F 
 133      B8C86612 
 133      EF7E3349 
 133      AC99
 134 01ef 9158D53C 		.ascii	"\221X\325<\254\361\367\210w\362`Y\205\303\344\265\205"
 134      ACF1F788 
 134      77F26059 
 134      85C3E4B5 
 134      85
 135 0200 78A767E4 		.ascii	"x\247g\344=\332Q\333\003|\025\021\213;o\024:\203\001"
 135      3DDA51DB 
 135      037C1511 
 135      8B3B6F14 
 135      3A8301
 136 0213 774F12EB 		.ascii	"wO\022\353g$\376V\371t\257KS\313p\345\014\244@\035>"
 136      6724FE56 
 136      F974AF4B 
 136      53CB70E5 
 136      0CA4401D 
 137 0228 B5F89CC2 		.ascii	"\265\370\234\302\247\032\237JH\221\335\005gA\003\306"
 137      A71A9F4A 
 137      4891DD05 
 137      674103C6 
 138 0238 ACFF01AC 		.ascii	"\254\377\001\254\270\016M\306\323\211mX\323E\375\017"
 138      B80E4DC6 
 138      D3896D58 
 138      D345FD0F 
 139 0248 47231601 		.ascii	"G#\026\001\225^!\202\244a3 \321B\243\306\204\003+\215"
 139      955E2182 
 139      A4613320 
 139      D142A3C6 
 139      84032B8D 
 140 025c 3A138E6C 		.ascii	":\023\216l4\332\231p\346\004Qz7\210\316\303s\202~\""
 140      34DA9970 
 140      E604517A 
 140      3788CEC3 
 140      73827E22 
 141 0270 B021F4D9 		.ascii	"\260!\364\331LD\233C\016\"\311e\024\221\242\311M\014"
 141      4C449B43 
 141      0E22C965 
ARM GAS  /tmp/cc97pisQ.s 			page 11


 141      1491A2C9 
 141      4D0C
 142 0282 426CB1B4 		.ascii	"Bl\261\264\030G\346\271\302\020O\270\004B\314\243\224"
 142      1847E6B9 
 142      C2104FB8 
 142      0442CCA3 
 142      94
 143 0293 12294492 		.ascii	"\022)D\222X\234/\206d1,\020C\212\030\026\212\201\261"
 143      589C2F86 
 143      64312C10 
 143      438A1816 
 143      8A81B1
 144 02a6 02D48DE7 		.ascii	"\002\324\215\347\264\220+\370\217\337\205\255}\255\203"
 144      B4902BF8 
 144      8FDF85AD 
 144      7DAD83
 145 02b5 01A7D808 		.ascii	"\001\247\330\010\037w\342\326\345\037\330\037\260\212"
 145      1F77E2D6 
 145      E51FD81F 
 145      B08A
 146 02c3 7365010E 		.ascii	"se\001\016\015\346\226\026\342i\251U\370\020\264\224"
 146      0DE69616 
 146      E269A955 
 146      F810B494 
 147 02d3 0C35E4DA 		.ascii	"\0145\344\332\005Z\224$\267\345\012A9U\350Q\307\205"
 147      055A9424 
 147      B7E50A41 
 147      3955E851 
 147      C785
 148 02e5 ED4E3FF8 		.ascii	"\355N?\370\266\3409.]\207\321\354>\356\206F\341\002"
 148      B6E0392E 
 148      5D87D1EC 
 148      3EEE8646 
 148      E102
 149 02f7 577B4646 		.ascii	"W{FFZ\235\336rc\353\026#\311\317\035p\016\374\360-\235"
 149      5A9DDE72 
 149      63EB1623 
 149      C9CF1D70 
 149      0EFCF02D 
 150 030c 706802AF 		.ascii	"ph\002\257\217{(\214\312J5\231\324_\201WBI5\337\251"
 150      8F7B288C 
 150      CA4A3599 
 150      D45F8157 
 150      424935DF 
 151 0321 1A76C8A4 		.ascii	"\032v\310\244Th\236L\312\302\356\200L\352\334\200\325"
 151      54689E4C 
 151      CAC2EE80 
 151      4CEADC80 
 151      D5
 152 0332 4CEAF9B2 		.ascii	"L\352\371\262h\241,@d\321\032\312B\023[3\004\331\215"
 152      68A12C40 
 152      64D11ACA 
 152      42135B33 
 152      04D98D
 153 0345 439DD2AF 		.ascii	"C\235\322\257\217G\204\353u\222\336\234\261s\017\334"
 153      8F4784EB 
 153      7592DE9C 
ARM GAS  /tmp/cc97pisQ.s 			page 12


 153      B1730FDC 
 154 0355 59E3065E 		.ascii	"Y\343\006^V\3162.\033\257\253$\260^\004\237\345\347"
 154      56CE322E 
 154      1BAFAB24 
 154      B05E049F 
 154      E5E7
 155 0367 2E68872C 		.ascii	".h\207,h3\003\377\372\244\271QO\2530v\031\"\260\033"
 155      683303FF 
 155      FAA4B951 
 155      4FAB3076 
 155      1922B01B 
 156 037b CE6360D4 		.ascii	"\316c`\324F\372; \215a\264\221m_\312X\2631\034\033\200"
 156      46FA3B20 
 156      8D61B491 
 156      6D5FCA58 
 156      B3311C1B 
 157 0390 EC246A4F 		.ascii	"\354$jO\354\0144\211y\351\221b/\231\260\007\302\323"
 157      EC0C3489 
 157      79E99162 
 157      2F99B007 
 157      C2D3
 158 03a2 B1624B76 		.ascii	"\261bKvb\034\0019\014\204\020M\0344}F\226\2720K\034"
 158      621C0139 
 158      0C84104D 
 158      1C347D46 
 158      96BA304B 
 159 03b7 59CE8459 		.ascii	"Y\316\204Y\002\305\322VI\236+\376\254{\354\022\236\361"
 159      02C5D256 
 159      499E2BFE 
 159      AC7BEC12 
 159      9EF1
 160 03c9 7040176D 		.ascii	"p@\027mw!\2672\274\345qWr\356\3475\364~$3\235\343\343"
 160      7721B732 
 160      BCE57157 
 160      72EEE735 
 160      F47E2433 
 161 03e0 96F0ABD9 		.ascii	"\226\360\253\331\203\345\271 ]&\005\243\"\212\021\253"
 161      83E5B920 
 161      5D2605A3 
 161      228A11AB 
 162 03f0 FD7D498A 		.ascii	"\375}I\212\364a\303LA\235\021\250H\211\272\325\273V"
 162      F461C34C 
 162      419D11A8 
 162      4889BAD5 
 162      BB56
 163 0402 C2A27CDC 		.ascii	"\302\242|\3346\025vJ\300\242$l\300t\026\355C\371SP\265"
 163      3615764A 
 163      C0A2246C 
 163      C07416ED 
 163      43F95350 
 164 0417 02152D50 		.ascii	"\002\025-PO\362\306{\277\222\260\030\037\007L\264f\260"
 164      4FF2C67B 
 164      BF92B018 
 164      1F074CB4 
 164      66B0
 165 0429 EBBC5D24 		.ascii	"\353\274]$j\003\003\340\"\322\250\327\332\300D\205k"
 165      6A0303E0 
ARM GAS  /tmp/cc97pisQ.s 			page 13


 165      22D2A8D7 
 165      DAC04485 
 165      6B
 166 043a B7A1F64B 		.ascii	"\267\241\366K\223\255\246\263[\311B\374\337y_\367\247"
 166      93ADA6B3 
 166      5BC942FC 
 166      DF795FF7 
 166      A7
 167 044b 4B742C2A 		.ascii	"Kt,*C\302\361\221\207\3075I\360\300\345\177\211\217"
 167      43C2F191 
 167      87C73549 
 167      F0C0E57F 
 167      898F
 168 045d 25BA6D92 		.ascii	"%\272m\222^\336\237!\351qT\350\250i\362\342\010n\247"
 168      5EDE9F21 
 168      E97154E8 
 168      A869F2E2 
 168      086EA7
 169 0470 BD1E0085 		.ascii	"\275\036\000\205I\253\316\350\235\034\252RZC\277)m\256"
 169      49ABCEE8 
 169      9D1CAA52 
 169      5A43BF29 
 169      6DAE
 170 0482 94365EDA 		.ascii	"\2246^\3327n1\245\031\012tO\32767(f\024T\314J/\251\271"
 170      376E31A5 
 170      190A744F 
 170      D7363728 
 170      661454CC 
 171 049a 860D38C7 		.ascii	"\206\0158\3076V\325\014\243\240c&z}u\027\232\342l}5"
 171      3656D50C 
 171      A3A06326 
 171      7A7D7517 
 171      9AE26C7D 
 172 04af BD804938 		.ascii	"\275\200I8&s\276\034\224\034\217e\232\252\221J'\033"
 172      2673BE1C 
 172      941C8F65 
 172      9AAA914A 
 172      271B
 173 04c1 C43989BF 		.ascii	"\3049\211\277\027\324\230@\032\243\247\025'\201\340"
 173      17D49840 
 173      1AA3A715 
 173      2781E0
 174 04d0 AE9046B2 		.ascii	"\256\220F\262jR#9Td\221\307\203q\347\241Fx!,,^wh\025"
 174      6A522339 
 174      546491C7 
 174      8371E7A1 
 174      4678212C 
 175 04e9 A8E2BCF2 		.ascii	"\250\342\274\362\336\263\246\306D\037\267\213\357\230"
 175      DEB3A6C6 
 175      441FB78B 
 175      EF98
 176 04f7 B68E3C5D 		.ascii	"\266\216<]\266/\300\225\360l+\205\363D\261\007\012f"
 176      B62FC095 
 176      F06C2B85 
 176      F344B107 
 176      0A66
 177 0509 ED28A915 		.ascii	"\355(\251\025{\020\351,\251\026{ \272\311\321G{\220"
ARM GAS  /tmp/cc97pisQ.s 			page 14


 177      7B10E92C 
 177      A9167B20 
 177      BAC9D147 
 177      7B90
 178 051b E0ECABA5 		.ascii	"\340\354\253\245=p3\374-#\223$\256\235\205\212bc\241"
 178      3D7033FC 
 178      2D239324 
 178      AE9D858A 
 178      6263A1
 179 052e E4AD6105 		.ascii	"\344\255a\005\262\204\011\341\362\235\322\005Q\220+"
 179      B28409E1 
 179      F29DD205 
 179      51902B
 180 053d AD378F69 		.ascii	"\2557\217i2[\221\352\303\202\334G\\\246j\205\253\301"
 180      325B91EA 
 180      C382DC47 
 180      5CA66A85 
 180      ABC1
 181 054f 0261061E 		.ascii	"\002a\006\036\215\241@\327\030f8\212\0271\236S\255\276"
 181      8DA140D7 
 181      1866388A 
 181      17319E53 
 181      ADBE
 182 0561 2A0D77C6 		.ascii	"*\015w\306\205\353\026\232\217\240\017UL\2554\255\302"
 182      85EB169A 
 182      8FA00F55 
 182      4CAD34AD 
 182      C2
 183 0572 8B4E1353 		.ascii	"\213N\023S\233\\u`\333\210\251]\234`\255\257JHMt\215"
 183      9B5C7560 
 183      DB88A95D 
 183      9C60ADAF 
 183      4A484D74 
 184 0587 38509547 		.ascii	"8P\225G\336o-\365CC\271\016\231L\322\264\2533\351\031"
 184      DE6F2DF5 
 184      4343B90E 
 184      994CD2B4 
 184      AB33E919 
 185 059b 17E735BA 		.ascii	"\027\3475\2728\025q}]\007\257l\311\357\315\273r>\352"
 185      3815717D 
 185      5D07AF6C 
 185      C9EFCDBB 
 185      723EEA
 186 05ae 468F8C7A 		.ascii	"F\217\214z!\337&\215\311\270I\270\204\306\226\342\256"
 186      21DF268D 
 186      C9B849B8 
 186      84C696E2 
 186      AE
 187 05bf 84992EEB 		.ascii	"\204\231.\353y\317\010\371c(\344\015qW'3\222\360GP\302"
 187      79CF08F9 
 187      6328E40D 
 187      71572733 
 187      92F04750 
 188 05d4 82E794F0 		.ascii	"\202\347\224\360\023\371\243\237\0017\247K\020eD\217"
 188      13F9A39F 
 188      0137A74B 
 188      1065448F 
ARM GAS  /tmp/cc97pisQ.s 			page 15


 189 05e4 53252CC4 		.ascii	"S%,\304\232\343\322\377\220\320\023\012\371\263\220"
 189      9AE3D2FF 
 189      90D0130A 
 189      F9B390
 190 05f3 B090DDC3 		.ascii	"\260\220\335\303\313\267b\037\365/\3354\005\330&=:\212"
 190      CBB7621F 
 190      F52FDD34 
 190      05D8263D 
 190      3A8A
 191 0605 7C79C912 		.ascii	"|y\311\022\257\374\333\260\331\233\276:\303\273q\303"
 191      AFFCDBB0 
 191      D99BBE3A 
 191      C3BB71C3 
 192 0615 A6CF377B 		.ascii	"\246\3177{\337yw\345K/zW\254x\335\273\354\255\345o~"
 192      DF7977E5 
 192      4B2F7A57 
 192      AC78DDBB 
 192      ECADE56F 
 193 062a 9126963E 		.ascii	"\221&\226>\334\210OF\306\332%k\230*Pj\346\352\315\353"
 193      DC884F46 
 193      C6DA256B 
 193      982A506A 
 193      E6EACDEB 
 194 063e D5CC0D6B 		.ascii	"\325\314\015k?\206O\371\232u\237\3605\2332\360IW23\224"
 194      3F864FF9 
 194      9A759FF0 
 194      359B32F0 
 194      49573233 
 195 0653 CCF47F00 		.ascii	"\314\364\177\0009h\204\347"
 195      396884E7 
 196              		.text
 197              		.section	.gnu.lto_cfgtab.6830.b922a4d6fe7e1c8b,"",%progbits
 198 0000 789C4D8F 		.ascii	"x\234M\217\337K\302P\030\206\317\267\323\264rj\335\357"
 198      DF4BC250 
 198      1886CFB7 
 198      D3B4726A 
 198      DDEF
 199 0012 9FA86EFC 		.ascii	"\237\250n\374\363\014\014\244\213\350\"\010\242P\250"
 199      F30C0CA4 
 199      8BE82208 
 199      A250A8
 200 0021 B05CCEF5 		.ascii	"\260\\\316\365k\265Y\021ED\321E\005\021Bt\325ED\027"
 200      6BB55911 
 200      4544D145 
 200      05114274 
 200      D5454417 
 201 0035 2203119B 		.ascii	"\"\003\021\233\365z\276Cl\354\345\345\341\031\337\313"
 201      F57ABE43 
 201      6CECE5E5 
 201      E119DFCB 
 202 0045 4C618821 		.ascii	"La\210!\011\201W=\253\222\334n\344\246\226dE\012\312"
 202      0981573D 
 202      AB92DC6E 
 202      E4A69664 
 202      450ACA
 203 0058 03CBB7EF 		.ascii	"\003\313\267\357/4B\242i\340k\273\024\020\333\014\360"
 203      2F3442A2 
ARM GAS  /tmp/cc97pisQ.s 			page 16


 203      69E06BBB 
 203      1410DB0C 
 203      F0
 204 0069 B9F3B091 		.ascii	"\271\363\260\221a;\005\\kE\367&\333\361\344)R\247\342"
 204      613B055C 
 204      6B45F726 
 204      DBF1E429 
 204      52A7E2
 205 007c B7F9A1C1 		.ascii	"\267\371\241\301\230\003n~\005\327&c\0268\370\\i\353"
 205      98036E7E 
 205      05D72663 
 205      1638F85C 
 205      69EB
 206 008e 212B3944 		.ascii	"!+9Dj(\356<\306\026\343$\320\361\267Cm'\200\321\342"
 206      6A28EE3C 
 206      C616E324 
 206      D0F1B743 
 206      6D2780D1 
 207 00a3 424FF26E 		.ascii	"BO\362n:\211\244\360\252\353\325,\266\022\3701h\204"
 207      3A89A4F0 
 207      AAEBD52C 
 207      B612F831 
 207      6884
 208 00b5 39B62960 		.ascii	"9\266)`\363;\350g\331\216~\377n+\374\321C&\360\251\344"
 208      F33BE867 
 208      D98E7EFF 
 208      6E2BFCD1 
 208      4326F0A9 
 209 00ca ADEB5363 		.ascii	"\255\353Sc\311S\244N\375[\241\354\315o\3572\317\326"
 209      C953A44E 
 209      FD5BA1EC 
 209      CD6FEF32 
 209      CFD6
 210 00dc 48A25058 		.ascii	"H\242PX_\356;\351\202_,W\213U\263\"\015\232\261\251"
 210      5FEE3BE9 
 210      825F2C57 
 210      8B55B322 
 210      0D9AB1A9 
 211 00f0 4536CDDA 		.ascii	"E6\315\332t\216:#\306\020q\220@\367)r\202\370\3101r"
 211      748E3A23 
 211      C6107190 
 211      40F72972 
 211      82F8C831 
 212 0105 841C2273 		.ascii	"\204\034\"s\254\017\364g\373\272=\335M\335\256\356\206"
 212      AC0FF467 
 212      FBBA3DDD 
 212      4DDDAEEE 
 212      86
 213 0116 EE3DDD75 		.ascii	"\356=\335ud\027\331Ajd\013\272\240\202\370\0037\230"
 213      6417D941 
 213      6A640BBA 
 213      A082F803 
 213      3798
 214 0128 982E     		.ascii	"\230."
 215              		.text
 216              		.section	.gnu.lto_.symbol_nodes.b922a4d6fe7e1c8b,"",%progbits
 217 0000 789C6365 		.ascii	"x\234ce`b\320g\000\002\246\333\214\365\014\014\023\316"
ARM GAS  /tmp/cc97pisQ.s 			page 17


 217      6062D067 
 217      0002A6DB 
 217      8CF50C0C 
 217      13CE
 218 0012 313000A9 		.ascii	"10\000\251]\015\216@\221;\214\365\214(\"\254w\031\031"
 218      5D0D8E40 
 218      913B8CF5 
 218      8C2822AC 
 218      771919
 219 0025 1A941818 		.ascii	"\032\224\030\030\230\031\000*.\013+"
 219      9819002A 
 219      2E0B2B
 220              		.text
 221              		.section	.gnu.lto_.refs.b922a4d6fe7e1c8b,"",%progbits
 222 0000 789C6365 		.ascii	"x\234ce`b`c```dd`be\000\000\000\303\000\027"
 222      60626063 
 222      60606064 
 222      64606265 
 222      000000C3 
 223              		.text
 224              		.section	.gnu.lto_.decls.b922a4d6fe7e1c8b,"",%progbits
 225 0000 789CA518 		.ascii	"x\234\245\030YP\024I\266\262\262\233\243\271\\P\303"
 225      59501449 
 225      B6B2B29B 
 225      A3B95C50 
 225      C3
 226 0011 0F36D630 		.ascii	"\0176\3260z\302\376Xl\300\035\307\215\360Ci\274b\231"
 226      7AC2FE58 
 226      6CC01DC7 
 226      8DF04369 
 226      BC6299
 227 0024 19A271DD 		.ascii	"\031\242q\335\217\335\210^\004Tb\200f\245\335p~6\212"
 227      8FDD885E 
 227      04546280 
 227      66A5DD70 
 227      7E368A
 228 0037 434146E4 		.ascii	"CAF\344PGaD\021EAPT\344\366@.\035\024\007\361\030\021"
 228      50476144 
 228      11454150 
 228      54E4F640 
 228      2E1D1407 
 229 004e 4144C163 		.ascii	"AD\301c@9\004\204\021\334\227\231\325]E\3338\263;\025"
 229      40390484 
 229      11DC9799 
 229      D55D45DB 
 229      38B33B15 
 230 0062 BCCE7A99 		.ascii	"\274\316z\231\357\312\367^\276\227\205\222\3439?\017"
 230      EFCAF75E 
 230      BE978592 
 230      E3393F0F 
 231 0072 8E3BCA73 		.ascii	"\216;\312s\334?\021\307\275\207G\301q\334)\000@\271"
 231      DC3F11C7 
 231      BD8747C1 
 231      71DC2900 
 231      40B9
 232 0084 128E3DB0 		.ascii	"\022\216=\260\314u\001(\020\233\237\213\270i\317\025"
 232      CC750128 
ARM GAS  /tmp/cc97pisQ.s 			page 18


 232      109B9F8B 
 232      B869CF15 
 233 0094 C05D605C 		.ascii	"\300]`\\\017\340\0160\033\240\035`!\300\022X\373\024"
 233      0FE00E30 
 233      1BA01D60 
 233      21C01258 
 233      FB14
 234 00a6 E005BC3F 		.ascii	"\340\005\274?\000\370\014\336\227\002L\301\373$\200"
 234      00F80CDE 
 234      97024CC1 
 234      FB2480
 235 00b5 338006F0 		.ascii	"3\200\006\360{0\326\001\014\023y\000\023\000\265\000"
 235      7B30D601 
 235      0C137900 
 235      1300B500 
 236 00c5 63007700 		.ascii	"c\000w\000n\003\334\002h\021m\353\342>|\034\301\320"
 236      6E03DC02 
 236      68116DEB 
 236      E23E7C1C 
 236      C1D0
 237 00d7 59567610 		.ascii	"YVv\020\342\036q/_\002\234\001\360\024m#\372\211]\177"
 237      E21E712F 
 237      5F029C01 
 237      F0146D23 
 237      FA895D7F 
 238 00eb 069A3900 		.ascii	"\006\2329\000\263\001\002\311>\001F\001\336\210v\214"
 238      B30102C9 
 238      3E014601 
 238      DE88768C 
 239 00fb 893A67DA 		.ascii	"\211:g\332\277\027\350\305\242\\\242s\216\325\272\374"
 239      BF17E8C5 
 239      A25CA273 
 239      8ED5BAFC 
 240 010b D98F51C7 		.ascii	"\331\217Q\307\265\202B\274\033\243\205*D<\356\006S\305"
 240      B58242BC 
 240      1BA3852A 
 240      443CEE06 
 240      53C5
 241 011d 7D95E32E 		.ascii	"}\225\343.l\212P<\032\317_\265\250H`\217\003/\261\266"
 241      6C8A503C 
 241      1ACF5FB5 
 241      A848608F 
 241      032FB1B6 
 242 0131 A60E1DB3 		.ascii	"\246\016\035\263\307N\224\350V\302\231\203D\214\273"
 242      C74E94E8 
 242      56C29983 
 242      448CBB
 243 0140 0A29001D 		.ascii	"\012)\000\035l\316z\342\012\350l\025\232\277\037\363"
 243      6CCE7AE2 
 243      0AE86C15 
 243      9ABF1FF3 
 244 0150 994D3FD6 		.ascii	"\231M?\326*\220Fu\234\210\250\031\033Z\230\236(\010"
 244      2A904675 
 244      9C88A819 
 244      1B5A989E 
 244      2808
 245 0162 3C3A8D54 		.ascii	"<:\215T\350$\302\250\000-\"\233Z\250\202\337$A\210\023"
ARM GAS  /tmp/cc97pisQ.s 			page 19


 245      E824C2A8 
 245      002D229B 
 245      5AA882DF 
 245      24418813 
 246 0176 D2E205C7 		.ascii	"\322\342\005\3075\034*B\236\250\020yr\350\024\322\020"
 246      351C2A42 
 246      9EA81079 
 246      72E814D2 
 246      10
 247 0187 6B081DCA 		.ascii	"k\010\035\312\207\311\0230\011Z\012\216\245\347\332"
 247      87C91330 
 247      095A0A8E 
 247      A5E7DA
 248 0196 E1286200 		.ascii	"\341(b\000\337x\251\375\276\002\25146\371\317\332\340"
 248      DF78A9FD 
 248      BE02A934 
 248      36F9CFDA 
 248      E0
 249 01a7 67B6BC3F 		.ascii	"g\266\274?\264\240q;\261\345\014\330R,\331\002\246\261"
 249      B4A0713B 
 249      B1E50CD8 
 249      522CD902 
 249      A6B1
 250 01b9 4D9E6C2E 		.ascii	"M\236l.x\247\300\365\210*I\251=\330\347<\223\222\363"
 250      78A7C0F5 
 250      882A49A9 
 250      3DD8E73C 
 250      9392F3
 251 01cc 332A795D 		.ascii	"3*y]\271\354\344\035A\230\217J@\3119I\311\031\252\204"
 251      B9ECE41D 
 251      41988F4A 
 251      40C93949 
 251      C919AA84 
 252 01e0 CC82A2B2 		.ascii	"\314\202\242\262\224\372\213|'z\210\300\303h\026\365"
 252      94FA8B7C 
 252      277A88C0 
 252      C36816F5 
 253 01f0 3142EC17 		.ascii	"1B\354\027Q\240\350{\363\203\020\235\207Y\236\0233\301"
 253      51A0E87B 
 253      F383109D 
 253      87599E13 
 253      33C1
 254 0202 3C85CC1C 		.ascii	"<\205\314\034\"\316\213(/\212\244\177\"3\222Id\313L"
 254      22CE8B28 
 254      2F8AA47F 
 254      22339249 
 254      64CB4C
 255 0215 93F961C9 		.ascii	"\223\371a\311\306^(\233\231\033\361\222\002\204\344"
 255      C65E289B 
 255      991BF192 
 255      0284E4
 256 0224 0C3281CC 		.ascii	"\0142\201\314lq\335b\037'm\016\231si0\363F\257\352\021"
 256      6C71DD62 
 256      1F276D0E 
 256      99736930 
 256      F346AFEA 
 257 0239 EA20B339 		.ascii	"\352 \2639\313\021s}Qf\217#\216\347i\202U\227_hT\262"
ARM GAS  /tmp/cc97pisQ.s 			page 20


 257      CB11737D 
 257      51668F23 
 257      8EE76982 
 257      55975F68 
 258 024f 04F306F4 		.ascii	"\004\363\006\364\347\347{\333\020C\235\001\215\253n"
 258      E7E77BDB 
 258      10439D01 
 258      8DAB6E
 259 025e 4B7763F9 		.ascii	"Kwc\371\326\305\311\362\317\235\346\037\332\235ZrV\205"
 259      D6C5C9F2 
 259      CF9DE61F 
 259      DA9D5A72 
 259      5685
 260 0270 D399A4AC 		.ascii	"\323\231\244\254\3527M\242$\007@\2176TM8\341\003l\255"
 260      EA374DA2 
 260      2407408F 
 260      36544D38 
 260      E1036CAD 
 261 0284 BBEA612C 		.ascii	"\273\352a,\217\0172d*\371\302\000\3069\024Q>\337\233"
 261      8F0F3264 
 261      2AF9C200 
 261      C6391451 
 261      3EDF9B
 262 0297 13AF426A 		.ascii	"\023\257Bj\265\332C\223K\242_3\232\355\236\021/\\\363"
 262      B5DA4393 
 262      4BA25F33 
 262      9AED9E11 
 262      2F5CF3
 263 02aa A6995303 		.ascii	"\246\231S\003A\255G\036R2\\\204\037\016\371\220C\310"
 263      41AD471E 
 263      52325C84 
 263      1F0EF990 
 263      43C8
 264 02bc C8BB7F9F 		.ascii	"\310\273\177\237)\324$`J}\311\232ZK\210\213\220D\335"
 264      29D42460 
 264      4A7DC99A 
 264      5A4B888B 
 264      9044DD
 265 02cf 2AA3BE6C 		.ascii	"*\243\276l\223\232\212N'\351\225&\010\313\025\034\252"
 265      939A8A4E 
 265      27E99526 
 265      08CB151C 
 265      AA
 266 02e0 82E54AAA 		.ascii	"\202\345J\252\225\020C\206\241\006H\310:\244F\265\000"
 266      95104386 
 266      A10648C8 
 266      3AA446B5 
 266      00
 267 02f1 57909ABA 		.ascii	"W\220\232\272\232%dc\266{\254  B\311\211\311(\306\341"
 267      9A256463 
 267      B67BAC20 
 267      2042C989 
 267      C928C6E1 
 268 0305 F254428B 		.ascii	"\362TB\213\035>F\367\314\177\2231\036\253D\032\017\306"
 268      1D3E46F7 
 268      CC7F9331 
 268      1EAB441A 
ARM GAS  /tmp/cc97pisQ.s 			page 21


 268      0FC6
 269 0317 34956D07 		.ascii	"4\225m\007\347\037]\003\351\215R\016\023\021\266\015"
 269      E71F5D03 
 269      E98D520E 
 269      1311B60D 
 270 0327 415741FF 		.ascii	"AWA\377\307l\001u\257\022z\272\234X,\346\001Z\332\\"
 270      C76C0175 
 270      AF127ABA 
 270      9C582CE6 
 270      015ADA5C 
 271 033b D1A9C4E5 		.ascii	"\321\251\304\345\314\375\017\207\356%:\341K\014)~\267"
 271      CCFD0F87 
 271      EE253AE1 
 271      4B0C297E 
 271      B7
 272 034c F7841D6E 		.ascii	"\367\204\035n`Hj|\347\177\030\3232\300v\0358\221f'\306"
 272      60486A7C 
 272      E77F18D3 
 272      32C0761D 
 272      38916627 
 273 0361 1E039E5C 		.ascii	"\036\003\236\\\272\347\250\033\276AI\355\323\356\367"
 273      BAE7A81B 
 273      BE4149ED 
 273      D3EEF7
 274 0370 26BA42D8 		.ascii	"&\272B\330<\324j\215:\227\356\2433\337}\217@\002Gv\362"
 274      3CD46A8D 
 274      3A97EEA3 
 274      33DF7D8F 
 274      40024776 
 275 0385 03ECA415 		.ascii	"\003\354\244\025F\213\321\025\323\002\007\344\265\232"
 275      468BD115 
 275      D30207E4 
 275      B59A
 276 0393 581A0A42 		.ascii	"X\032\012B}\301\232\272\032I\221\223\373\340&\0204\323"
 276      7DC19ABA 
 276      1A499193 
 276      FBE02610 
 276      34D3
 277 03a5 B556D101 		.ascii	"\265V\321\001w\301\001\367`\363w\000n\003\334\002h\021"
 277      77C101F7 
 277      60F37700 
 277      6E03DC02 
 277      6811
 278 03b7 1DC1140D 		.ascii	"\035\301\024\015\375AR\324d\255\350{k\263\272e\324\327"
 278      FD4152D4 
 278      64ADE87B 
 278      6BB3BA65 
 278      D4D7
 279 03c9 ADA92FCA 		.ascii	"\255\251/\312\314\022#~\230E\274uz\304\231\254{\207"
 279      CC12237E 
 279      9845BC75 
 279      7AC499AC 
 279      7B87
 280 03db 651EB961 		.ascii	"e\036\271a-LJ7p\356\225\361\276\355n\3706\313\217\333"
 280      2D4C4A37 
 280      70EE95F1 
 280      BEED6EF8 
ARM GAS  /tmp/cc97pisQ.s 			page 22


 280      36CB8FDB 
 281 03ef 0D79B10E 		.ascii	"\015y\261\016\226\374xU@\363\243\015x\177\224\362\243"
 281      96FC7855 
 281      40F3A30D 
 281      787F94F2 
 281      A3
 282 0400 F583FC30 		.ascii	"\365\203\3740\373\006\335\007\227\374\032\367\200\332"
 282      FB06DD07 
 282      97FC1AF7 
 282      80DA
 283 040e 83374B16 		.ascii	"\2037K\026{\210B\222f\022\302}L\302\316\354\362\034"
 283      7B884292 
 283      6612C27D 
 283      4CC2CEEC 
 283      F21C
 284 0420 67E7644B 		.ascii	"g\347dK\341F\017dG\212C\355\310Y$,\351\255nsP\360l\016"
 284      E1460F64 
 284      478A43ED 
 284      C859242C 
 284      E9AD6E73 
 285 0438 6D5090B9 		.ascii	"mP\220\271\206\367c5n,\343x\322\370\006nd;\261\214\233"
 285      86F76335 
 285      6E2CE378 
 285      D2F8066E 
 285      643BB18C 
 286 044d 05E8A19D 		.ascii	"\005\350\241\235\325;\354\347}K\373c\2740\213G\353\347"
 286      D53BECE7 
 286      7D4BFB63 
 286      BC308B47 
 286      EBE7
 287 045f A24E90DC 		.ascii	"\242N\220\334A%?B\363\340\367!R0\361\3715UY.\013r\204"
 287      41253F42 
 287      F3E0F721 
 287      5230F1F9 
 287      3555592E 
 288 0476 9C2EE80B 		.ascii	"\234.\350\013\355\336\231E;\204\026\340[N\011Q\271\344"
 288      EDDE9945 
 288      3B8416E0 
 288      5B4E0951 
 288      B9E4
 289 0488 387885DF 		.ascii	"8x\205\3372\230F\245 \216C]h\001\360\367\347\305\357"
 289      329846A5 
 289      208E435D 
 289      6801F0F7 
 289      E7C5EF
 290 049b 71C37B30 		.ascii	"q\303{0=\010U\251yo1\265\225t\026fkB\375h\272\013.\240"
 290      3D0855A9 
 290      796F31B5 
 290      95741666 
 290      6B42FD68 
 291 04b3 04FCEE86 		.ascii	"\004\374\356\206\253\343JK\343}]\251a}\250\007\250\237"
 291      ABE34A4B 
 291      E37D5DA9 
 291      617DA807 
 291      A89F
 292 04c5 58F7219B 		.ascii	"X\367!\233M\355\251\355\316;\222\330s\023Q\305DT7\242"
 292      4DEDA9ED 
ARM GAS  /tmp/cc97pisQ.s 			page 23


 292      CE3B92D8 
 292      731351C5 
 292      445437A2 
 293 04d9 9ACD6E71 		.ascii	"\232\315nqgn9w/\277\332\001\2271K\223\212v\327aU\022"
 293      676E3977 
 293      2FBFDA01 
 293      97314B93 
 293      8A76D761 
 294 04ef 71D0AF69 		.ascii	"q\320\257i\316\300\221\262\267\266V\201\253\030{B\335"
 294      CEC091B2 
 294      B7B65681 
 294      AB187B42 
 294      DD
 295 0500 DD52677C 		.ascii	"\335Rg|\231!=\327\213\343\034p\035Cz\013w\365\271\342"
 295      99213DD7 
 295      8BE31C70 
 295      1D437A0B 
 295      77F5B9E2 
 296 0514 AB0C29CC 		.ascii	"\253\014)\314\270\225\207\361u\206T\\\354\367e\326x"
 296      B89587F1 
 296      7586545C 
 296      ECF765D6 
 296      78
 297 0525 1257750C 		.ascii	"\022Wu\014\326\2101\353B\200\237z\373\250L\211\177\240"
 297      D68831EB 
 297      42809F7A 
 297      FBA84C89 
 297      7FA0
 298 0537 A48E9D71 		.ascii	"\244\216\235q\361y\210\026w5\253\023\011\361B\315\263"
 298      F1798816 
 298      7735AB13 
 298      09F142CD 
 298      B3
 299 0548 8965EDAD 		.ascii	"\211e\355\255O\005!\303\031\275\200M\366\201\277Ff,"
 299      4F0521C3 
 299      19BD804D 
 299      F681BF46 
 299      662C
 300 055a F184A1F6 		.ascii	"\361\204\241\366\037\254h\023\352\237lS\233k<!o\225"
 300      1FAC6813 
 300      EA9F6C53 
 300      9B6B3C21 
 300      6F95
 301 056c 913FB726 		.ascii	"\221?\267&\1776Ca\031\000\202\327tmD<9\343\340\2761"
 301      7F364361 
 301      190082D7 
 301      746D443C 
 301      39E3E0BE 
 302 0581 C8F50980 		.ascii	"\310\365\011\200!\200a\200Q\2007\000o-\005\206(l\222"
 302      21806180 
 302      51803700 
 302      6F2D0586 
 302      286C92
 303 0594 297C695B 		.ascii	")|i[\241l7/\377.Q\277\262\246\326Z\021?\220\211\036"
 303      A16C372F 
 303      FF2E51BF 
 303      B2A6D65A 
ARM GAS  /tmp/cc97pisQ.s 			page 24


 303      113F9089 
 304 05a9 B42696D5 		.ascii	"\264&\226\325.\226\207\235\355\254\030\215X\027#\"j"
 304      2E96879D 
 304      EDAC188D 
 304      58172322 
 304      6A
 305 05ba B45DECAB 		.ascii	"\264]\354\253DV\277M\305\314-\020\304'c\317\312\335"
 305      4456BF4D 
 305      C5CC2D10 
 305      C42763CF 
 305      CADD
 306 05cc 708A82E6 		.ascii	"p\212\202\346z\365\344\205d;K5\352}H\253\321$0\377,"
 306      7AF5E485 
 306      643B4B35 
 306      EA7D48AB 
 306      D12430FF 
 307 05e1 65FAC807 		.ascii	"e\372\310\007\325\310\354P\364\016\374\370\277\370\224"
 307      D5C8EC50 
 307      F40EFCF8 
 307      BFF894
 308 05f0 F4A1E371 		.ascii	"\364\241\343q\303JyM\231\234VS\246\240~0\275@[\276\363"
 308      C34A794D 
 308      999C5653 
 308      A6A07E30 
 308      BD405BBE 
 309 0605 C033179C 		.ascii	"\3003\027\234\305Lm)\034\314uB\316\232\031XQ,\257\221"
 309      C54C6D29 
 309      1CCC7542 
 309      CE9A1958 
 309      512CAF91 
 310 0619 719B0FAF 		.ascii	"q\233\017\257w\321\0009\274\002\357\214\336K[\232\242"
 310      77D10039 
 310      BC02EF8C 
 310      DE4B5B9A 
 310      A2
 311 062a 950B34A4 		.ascii	"\225\0134\244'f\365(\351\231$\024\275\354L\326\2666"
 311      2766F528 
 311      E9992414 
 311      BDEC4CD6 
 311      B636
 312 063c 5538CC58 		.ascii	"U8\314X\233\342yR\233\342x\2616\215\264\235j\261\263"
 312      9BE27952 
 312      9BE278B1 
 312      368DB49D 
 312      6AB1B3
 313 064f D4264DBE 		.ascii	"\324&M\276T\233\200\020=\226t>\266\256M\011<\251M\023"
 313      549B8010 
 313      3D96743E 
 313      B6AE4D09 
 313      3CA94D13 
 314 0663 F907BBEC 		.ascii	"\371\007\273\354q\036\335#:\333\365\356\202\202\235"
 314      711EDD23 
 314      3ADBF5EE 
 314      82829D
 315 0672 3F774087 		.ascii	"?w@\207\353\363\207\305\033Z\0329\177q\315o\252\234"
 315      EBF387C5 
 315      1B5A1A39 
ARM GAS  /tmp/cc97pisQ.s 			page 25


 315      7F71CD6F 
 315      AA9C
 316 0684 F059469B 		.ascii	"\360YF\233t\265\363\256x\233\373\035\240\307/5\215\251"
 316      74B5F3AE 
 316      789BFB1D 
 316      A0C72F35 
 316      8DA9
 317 0696 48B11044 		.ascii	"H\261\020D\347\300\274\344\326d\036\252\025$\002\332"
 317      E7C0BCE4 
 317      D6641EAA 
 317      152402DA 
 318 06a6 C9D34251 		.ascii	"\311\323BQ\274\375i\201\0030{\302\027\014\222}\276x"
 318      BCFD6981 
 318      03307BC2 
 318      170C927D 
 318      BE78
 319 06b8 B2CF97F3 		.ascii	"\262\317\227\3635\303\247\024\270\2029\276\354\374\323"
 319      35C3A714 
 319      B88239BE 
 319      ECFCD3
 320 06c7 2C95EC43 		.ascii	",\225\354Cdn\205 \314B\251\274\012\245\360\226\335y"
 320      646E8520 
 320      CC42A9BC 
 320      0AA5F096 
 320      DD79
 321 06d9 5AAAE140 		.ascii	"Z\252\341@\256\200\347qh\261'\362\206\250\354\206\250"
 321      AE80E771 
 321      68B127F2 
 321      86A8EC86 
 321      A8
 322 06ea 788A856A 		.ascii	"x\212\205j\027\357\211\276a\372\013\016\347\327\273"
 322      17EF89BE 
 322      61FA0B0E 
 322      E7D7BB
 323 06f9 E05AA620 		.ascii	"\340Z\246 s\337\225\363\256\026\005\360uQB\277.2@C\232"
 323      73DF95F3 
 323      AE1605F0 
 323      755142BF 
 323      2E324043 
 324 070e A421959F 		.ascii	"\244!\225\237AE\272m\025\357\332\252w9\270\247\211i"
 324      4145BA6D 
 324      15EFDAAA 
 324      7739B8A7 
 324      8969
 325 0720 3B1F5179 		.ascii	";\037Qy\211\260\276\203'\036\331\303\273\233\375B\257"
 325      89B0BE83 
 325      271ED9C3 
 325      BB9BFD42 
 325      AF
 326 0731 CA83C343 		.ascii	"\312\203\303CH%JO\372e\351\305E]\005\274\\\372\336\217"
 326      48254A4F 
 326      FA65E9C5 
 326      455D05BC 
 326      5CFADE8F 
 327 0745 492FECBC 		.ascii	"I/\354\274\246\374\344\250\320RCr\344O\371\003\011P"
 327      A6FCE4A8 
 327      D0524372 
ARM GAS  /tmp/cc97pisQ.s 			page 26


 327      E44FF903 
 327      0950
 328 0757 21E12CEF 		.ascii	"!\341,\357\343\335Q\022\354\0202A\306\273\035f\326\301"
 328      E3DD5112 
 328      EC103241 
 328      C6BB1D66 
 328      D6C1
 329 0769 07CAB7FC 		.ascii	"\007\312\267\374'\300\372\335p\307\013G\026f\015\240"
 329      27C0FADD 
 329      70C70B47 
 329      16660DA0 
 330 0779 8F3B9E25 		.ascii	"\217;\236%\273\342&\226\002\373+\273\007\\\361\035\206"
 330      BBE22696 
 330      02FB2BBB 
 330      075CF11D 
 330      86
 331 078a A4D78D0C 		.ascii	"\244\327\215\014;\341\373\014i\336\231\261\217\307\035"
 331      3BE1FB0C 
 331      69DE99B1 
 331      8FC71D
 332 0799 0C196CA9 		.ascii	"\014\031l\251Kv\304=\014I\276\322\266\303\021\3673\344"
 332      4B76C43D 
 332      0C49BED2 
 332      B6C311F7 
 332      33E4
 333 07ab C8F34A68 		.ascii	"\310\363Jh\214o\030r\241\275T\213'\331{Ae\312c%\336"
 333      8C6F1872 
 333      A1BD548B 
 333      27D97B41 
 333      65CA6325 
 334 07c0 A1A4C893 		.ascii	"\241\244\310\223\362\204Q\005NfHKUW\217+"
 334      F2845105 
 334      4E66484B 
 334      55578F2B 
 335 07d0 4E65C8F9 		.ascii	"Ne\310\371\213\203y\216,A\005r\215\274~\357\310i%\316"
 335      8B83798E 
 335      2C410572 
 335      8DBC7EEF 
 335      C86925CE 
 336 07e4 A08BAEAF 		.ascii	"\240\213\256\257'\343\037;\221\006\241V\213wI\265\245"
 336      27E31F3B 
 336      9106A156 
 336      8B7749B5 
 336      A5
 337 07f5 4BFCB14F 		.ascii	"K\374\261O\326%\016\301\206\213\370\231\352*\271\332"
 337      D6250EC1 
 337      868BF899 
 337      EA2AB9DA 
 338 0805 77F6CF4B 		.ascii	"w\366\317K\267|7\034\260&\337\317[U\326\306>Y9<bM\256"
 338      B77C371C 
 338      B026DFCF 
 338      5B55D6C6 
 338      3E59393C 
 339 081c B56E2A2F 		.ascii	"\265n*/#\244B|\320\232\372{\353\032\337-\243\316\266"
 339      23A4427C 
 339      D09AFA7B 
 339      EB1ADF2D 
ARM GAS  /tmp/cc97pisQ.s 			page 27


 339      A3CEB6
 340 082f 6DB95C78 		.ascii	"m\271\\xw\244D~\314\266\345\323\032\234L\372ak\362\213"
 340      77A4447E 
 340      CCB6E5D3 
 340      1A9C4CFA 
 340      616BF28B 
 341 0843 3334B8A3 		.ascii	"34\270\243\220;\354\016N\310I1.\206\254=\313\253\321"
 341      903BEC0E 
 341      4EC84931 
 341      2E86AC3D 
 341      CBABD1
 342 0856 0980D300 		.ascii	"\011\200\323\000\205\000y\000\005\000\371\000g\000\316"
 342      85007900 
 342      0500F900 
 342      6700CE
 343 0865 019C0238 		.ascii	"\001\234\0028\016p\222\2277\275Z\231\315\231\326FT\177"
 343      0E709297 
 343      37BD5A99 
 343      CD99D646 
 343      547F
 344 0877 B0C52699 		.ascii	"\260\305&\231\3159\266m\2265\262W?\261F\006T6\032\231"
 344      CD39B66D 
 344      9635B257 
 344      3FB14606 
 344      54361A99 
 345 088b 3C72DFD9 		.ascii	"<r\337\331\216\205\\\365\304W\222\352\\\233\201\226"
 345      8E855CF5 
 345      C45792EA 
 345      5C9B8196 
 346 089b 456E4266 		.ascii	"EnBfg\226\355m\231\257\354#EE\035\360\201K\023\231/"
 346      6796ED6D 
 346      99AFEC23 
 346      45451DF0 
 346      814B1399 
 347 08b0 B9D4976D 		.ascii	"\271\324\227m/]\331\373i\223,\005\346\022\251:\221\335"
 347      2F5DD9FB 
 347      69932C05 
 347      E612A93A 
 347      91DD
 348 08c2 D80E0A3A 		.ascii	"\330\016\012:\017\261\370\255q\001\223\342\313\022\367"
 348      0FB1F8AD 
 348      710193E2 
 348      CB12F7
 349 08d1 6379E32C 		.ascii	"cy\343,\345\345\215\263\214\247\227q2\002q]r\325\346"
 349      E5E58DB3 
 349      8CA79771 
 349      3202715D 
 349      72D5E6
 350 08e4 69777F5B 		.ascii	"iw\177[\037\230\334\007_\227\250\234\367\000\356\347"
 350      1F98DC07 
 350      5F97A89C 
 350      F700EEE7 
 351 08f4 83BD994E 		.ascii	"\203\275\231N*\361n\233\364\213\027OT\301\223\177\306"
 351      2AF16E9B 
 351      F48B174F 
 351      54C1937F 
 351      C6
ARM GAS  /tmp/cc97pisQ.s 			page 28


 352 0905 E41D3DE0 		.ascii	"\344\035=\340%\267\217T7\311\276J\321>2:\254\376\342"
 352      25B78F54 
 352      37C9BE4A 
 352      D13E323A 
 352      ACFEE2
 353 0918 AFF3753E 		.ascii	"\257\363u>>\234\312`\330\032\036eZ\354k0\375Mk\2146"
 353      3E9CCA60 
 353      D81A1E65 
 353      5AEC6B30 
 353      FD4D6B8C 
 354 092d 69378584 		.ascii	"i7\205\204x\005o\211\364\2122F\205y\205\005o\010\367"
 354      78056F89 
 354      F48A3246 
 354      85798505 
 354      6F08F7
 355 0940 5AE2E5EB 		.ascii	"Z\342\345\353\355\363\231\327\277|\275\266F\207\006"
 355      EDF399D7 
 355      BF7CBDB6 
 355      468706
 356 094f 9BC2B4D3 		.ascii	"\233\302\264\323\226\265\341Q!\021[C\303\264\221\301"
 356      96B5E151 
 356      21115B43 
 356      C3B491C1 
 357 095f 219BC3A3 		.ascii	"!\233\303\243\302\264\206\320\260\215\301[#L\006\323"
 357      C2B486D0 
 357      B08DC15B 
 357      234C06D3 
 358 096f D7D16131 		.ascii	"\327\321a1\2136s\016f\005\001\277MA\314\3271ZC\214)"
 358      8B36730E 
 358      660501BF 
 358      4D41CCD7 
 358      315A438C 
 359 0984 14A411A9 		.ascii	"\024\244\021\251\341\306Hch\230\301\364\351\242EZ\366"
 359      E1C64863 
 359      6898C1F4 
 359      E9A2455A 
 359      F6
 360 0995 678CD16E 		.ascii	"g\214\321n\016\216\320F\033\267\230b\264A\353>_\354"
 360      0E8ED046 
 360      1BB79862 
 360      B441EB3E 
 360      5FEC
 361 09a7 AB0D08F0 		.ascii	"\253\015\010\360\327\256\016\\\373\345\277}\310\222"
 361      D7AE0E5C 
 361      FBE5BF7D 
 361      C892
 362 09b5 211A2022 		.ascii	"!\032 \"\"\024\330]\314\357\206\360\250p\223]\240\277"
 362      2214D85D 
 362      CCEF86F0 
 362      A870935D 
 362      A0BF
 363 09c7 7FB02918 		.ascii	"\177\260)\030\207l\211\300\306\320-0nv\2171E\202\321"
 363      876C89C0 
 363      C6D02D30 
 363      6E768F31 
 363      4582D1
 364 09da 9BA2C38D 		.ascii	"\233\242\303\215\206\2300\323\326h\003P\351\010\225"
ARM GAS  /tmp/cc97pisQ.s 			page 29


 364      869830D3 
 364      D6680350 
 364      E90895
 365 09e9 5DA01F1B 		.ascii	"]\240\037\033V\260a%\031\034\003W\004\350\214Q\033\303"
 365      56B06125 
 365      191C0357 
 365      04E88C51 
 365      1BC3
 366 09fb 37FD3FF6 		.ascii	"7\375?\366\204ps,\366\200\262M[\214[\243\311\356\234"
 366      8470732C 
 366      F680B24D 
 366      5B8C5BA3 
 366      C9EE9C
 367 0a0e C38D843B 		.ascii	"\303\215\204;28\346+\203\011\373\351\365\012\277 \275"
 367      3238E62B 
 367      8309FBE9 
 367      F50ABF20 
 367      BD
 368 0a1f 1E7FE9AF 		.ascii	"\036\177\351\257\307k\001t\3725\000\001\212\000\335"
 368      C76B0174 
 368      FA350001 
 368      8A00DD
 369 0a2e 5FF44BE5 		.ascii	"_\364K\345jC\214\221\221\306(m\3306\223V\367y\320\332"
 369      6A438C91 
 369      91C6286D 
 369      D8369356 
 369      F779D0DA 
 370 0a42 20D0CE0C 		.ascii	" \320\316\014X\345\263m\233\226\356l\243\217\267\367"
 370      58E5B36D 
 370      9B96EE6C 
 370      A38FB7F7 
 371 0a52 B60DE009 		.ascii	"\266\015\340\011gb\217a\035\004\313?l\243\212)\014\017"
 371      67628F61 
 371      1D04CB3F 
 371      6CA38A29 
 371      0C0F
 372 0a64 35989C42 		.ascii	"5\230\234B6n2\005oX\264d\351bo;\366\356\310\222e\251"
 372      366E3205 
 372      6F58B464 
 372      E9626F3B 
 372      F6EEC892 
 373 0a7a C1642F8E 		.ascii	"\301d/\216\216\372\225A+\365\353W\372{c]\020X\347\257"
 373      8EFA9541 
 373      2BF5EB57 
 373      FA7B635D 
 373      1058E7AF 
 374 0a8e D3DBAF08 		.ascii	"\323\333\257\010\364\363Y\371\005\035}a\264[\261\306"
 374      F4F359F9 
 374      051D7D61 
 374      B45BB1C6 
 375 0a9e 0F060732 		.ascii	"\017\006\0072\255\017ZG_|\311\013\326\255\325+t\253"
 375      AD0F5A47 
 375      5F7CC90B 
 375      D6ADD52B 
 375      74AB
 376 0ab0 56EB799D 		.ascii	"V\353y\235^IF_'\275Ng\266\344\277\216\3132\321"
 376      5E49465F 
ARM GAS  /tmp/cc97pisQ.s 			page 30


 376      27BD4E67 
 376      B6E4BF8E 
 376      CB32D1
 377              		.text
 378              		.section	.gnu.lto_.symtab.b922a4d6fe7e1c8b,"",%progbits
 379 0000 5F70616C 		.ascii	"_pal_lld_init\000"
 379      5F6C6C64 
 379      5F696E69 
 379      7400
 380 000e 00       		.ascii	"\000"
 381 000f 00       		.ascii	"\000"
 382 0010 00       		.ascii	"\000"
 383 0011 00000000 		.ascii	"\000\000\000\000\000\000\000\000"
 383      00000000 
 384 0019 E0000000 		.ascii	"\340\000\000\000"
 385 001d 5F70616C 		.ascii	"_pal_lld_setgroupmode\000"
 385      5F6C6C64 
 385      5F736574 
 385      67726F75 
 385      706D6F64 
 386 0033 00       		.ascii	"\000"
 387 0034 00       		.ascii	"\000"
 388 0035 00       		.ascii	"\000"
 389 0036 00000000 		.ascii	"\000\000\000\000\000\000\000\000"
 389      00000000 
 390 003e 04010000 		.ascii	"\004\001\000\000"
 391              		.text
 392              		.section	.gnu.lto_.opts,"",%progbits
 393 0000 272D666D 		.ascii	"'-fmath-errno' '-fsigned-zeros' '-ftrapping-math' '"
 393      6174682D 
 393      6572726E 
 393      6F272027 
 393      2D667369 
 394 0033 2D666E6F 		.ascii	"-fno-trapv' '-fno-openmp' '-fno-openacc' '-mcpu=cor"
 394      2D747261 
 394      70762720 
 394      272D666E 
 394      6F2D6F70 
 395 0066 7465782D 		.ascii	"tex-m3' '-mno-thumb-interwork' '-mthumb' '-ggdb' '-"
 395      6D332720 
 395      272D6D6E 
 395      6F2D7468 
 395      756D622D 
 396 0099 4F322720 		.ascii	"O2' '-fomit-frame-pointer' '-falign-functions=16' '"
 396      272D666F 
 396      6D69742D 
 396      6672616D 
 396      652D706F 
 397 00cc 2D666675 		.ascii	"-ffunction-sections' '-fdata-sections' '-fno-common"
 397      6E637469 
 397      6F6E2D73 
 397      65637469 
 397      6F6E7327 
 398 00ff 2720272D 		.ascii	"' '-flto'\000"
 398      666C746F 
 398      2700
 399              		.text
ARM GAS  /tmp/cc97pisQ.s 			page 31


 400              		.comm	__gnu_lto_v1,1,1
 401              		.comm	__gnu_lto_slim,1,1
 402              		.ident	"GCC: (GNU Tools for ARM Embedded Processors 6-2017-q2-update) 6.3.1 20170620 (release) [AR
ARM GAS  /tmp/cc97pisQ.s 			page 32


DEFINED SYMBOLS
                            *ABS*:0000000000000000 hal_pal_lld.c
                            *COM*:0000000000000001 __gnu_lto_v1
                            *COM*:0000000000000001 __gnu_lto_slim

NO UNDEFINED SYMBOLS
