ARM GAS  /tmp/ccmZwfXM.s 			page 1


   1              		.cpu cortex-m3
   2              		.eabi_attribute 20, 1
   3              		.eabi_attribute 21, 1
   4              		.eabi_attribute 23, 3
   5              		.eabi_attribute 24, 1
   6              		.eabi_attribute 25, 1
   7              		.eabi_attribute 26, 1
   8              		.eabi_attribute 30, 2
   9              		.eabi_attribute 34, 1
  10              		.eabi_attribute 18, 4
  11              		.file	"hal_lld.c"
  12              		.text
  13              	.Ltext0:
  14              		.section	.gnu.lto_.profile.e89885eaf9af6d31,"",%progbits
  15 0000 789C6365 		.ascii	"x\234ce`b`a```dp\263\006\000\001G\000\216"
  15      60626061 
  15      60606064 
  15      70B30600 
  15      0147008E 
  16              		.text
  17              		.section	.gnu.lto_.icf.e89885eaf9af6d31,"",%progbits
  18 0000 789C6365 		.ascii	"x\234ce`b\020a@\000f\206\331g\367\276ff<|q\332Dv\246"
  18      60621061 
  18      40006686 
  18      D967F7BE 
  18      66663C7C 
  19 0019 D6DDBBEE 		.ascii	"\326\335\273\356p3\000\000_\330\010\330"
  19      70330000 
  19      5FD808D8 
  20              		.text
  21              		.section	.gnu.lto_.jmpfuncs.e89885eaf9af6d31,"",%progbits
  22 0000 789C6365 		.ascii	"x\234ce`b\340d@\000&\020\301\010\304\000\001\227\000"
  22      6062E064 
  22      40002610 
  22      C108C400 
  22      019700
  23 0013 14       		.ascii	"\024"
  24              		.text
  25              		.section	.gnu.lto_.inline.e89885eaf9af6d31,"",%progbits
  26 0000 789C6365 		.ascii	"x\234ce`b0`@\000&\006\006aiF\006&\271\015\257\030\031"
  26      60623060 
  26      40002606 
  26      06616946 
  26      0626B90D 
  27 0017 D816C833 		.ascii	"\330\026\3103\201\004\031\271@\004\203\316WF\240L\320"
  27      810419B9 
  27      400483CE 
  27      5746A04C 
  27      D0
  28 0028 8A1BB270 		.ascii	"\212\033\262p\031\006\000\250Y\006\322"
  28      190600A8 
  28      5906D2
  29              		.text
  30              		.section	.gnu.lto_.pureconst.e89885eaf9af6d31,"",%progbits
  31 0000 789C6365 		.ascii	"x\234ce`b`e`\000\222R\214R\000\001\005\000D"
  31      60626065 
  31      60009252 
ARM GAS  /tmp/ccmZwfXM.s 			page 2


  31      8C520001 
  31      050044
  32              		.text
  33              		.section	.gnu.lto_hal_lld_init.e89885eaf9af6d31,"",%progbits
  34 0000 789CA594 		.ascii	"x\234\245\224\315O\023A\030\306\347\331\351n\267\245"
  34      CD4F1341 
  34      18C6E7D9 
  34      E96EB7A5 
  35 0010 0DC49389 		.ascii	"\015\304\223\211\034\274r\351*&\376\011\306\230x\322"
  35      1CBC72E9 
  35      2A26FE09 
  35      C69878D2 
  36 0020 BB316AE2 		.ascii	"\2731j\342\241\011F<p\353V\012\230\232\200\227B\033"
  36      A109463C 
  36      70EB560A 
  36      989A8097 
  36      421B
  37 0032 A95B6322 		.ascii	"\251[c\"\326J\021\277[?(\245b\325\012\211W41\036\024"
  37      D64A11BF 
  37      5B3F28A5 
  37      62D50A89 
  37      5734311E 
  38 0047 82C403C4 		.ascii	"\202\304\003\304\250\011\340\2743\265\213\236,N\272"
  38      A809E0BC 
  38      33B58B9E 
  38      2C4EBA
  39 0056 EF767766 		.ascii	"\357vwf\236\347\367\276\2633:\323\330A\235\261N\306"
  39      9EE7F7BE 
  39      B3333AD3 
  39      D8419DB1 
  39      4EC6
  40 0068 D82E7181 		.ascii	"\330.q\2013h\227\346\030\213\232\032@\177l\023,\242"
  40      336897E6 
  40      188B9A1A 
  40      407F6C13 
  40      2CA2
  41 007a 2182213E 		.ascii	"!\202!>\302Q\036\370T\320:\306l\321J#I\177\277\335\267"
  41      C2511EF8 
  41      54D03AC6 
  41      6CD14A23 
  41      497FBFDD 
  42 008f D3E18CA5 		.ascii	"\323\341\214\245\304E\015c\350`b\330\307\311\215D\320"
  42      C4450D63 
  42      E86062D8 
  42      C7C98D44 
  42      D0
  43 00a0 F0A8F7B8 		.ascii	"\360\250\367\270\001\003\342>\361\026%{cs\300.\325\256"
  43      0103E23E 
  43      F116257B 
  43      6373C02E 
  43      D5AE
  44 00b2 61F5D00E 		.ascii	"a\365\320\016\2159\034:\005\223\202\217B\013\205\000"
  44      8D391C3A 
  44      0593828F 
  44      420B8500 
  45 00c2 85560A6D 		.ascii	"\205V\012m\024\030\213\013\031b\271\3105\272\363%\224"
  45      14188B0B 
ARM GAS  /tmp/ccmZwfXM.s 			page 3


  45      1962B9C8 
  45      35BAF325 
  45      94
  46 00d3 8B4B43A7 		.ascii	"\213KC\247H8\3155\3417\334W\236\367\016r\207k \373\205"
  46      4838CD35 
  46      E137DC57 
  46      9EF70E72 
  46      876B20FB 
  47 00e8 8937CBA6 		.ascii	"\2117\313\246z\2643\027l\017\021U\343A\007\351\250\000"
  47      7AB43317 
  47      6C0F1155 
  47      E34107E9 
  47      A800
  48 00fa DFED708E 		.ascii	"\337\355p\216\233hG\026\355\214\206O\017.^\017Z\343"
  48      9B684716 
  48      ED8C864F 
  48      0F2E5E0F 
  48      5AE3
  49 010c 760C0EF7 		.ascii	"v\014\016\367 \007\007I\231\017n\301b\302k\315$\247"
  49      20070749 
  49      990F6EC1 
  49      62C26BCD 
  49      24A7
  50 011e A644C65D 		.ascii	"\246D\306]\221<,\321\375\276\232\315qB\0026Ek\305\204"
  50      913C2CD1 
  50      FDBE9ACD 
  50      71420236 
  50      456BC584 
  51 0132 98D7B476 		.ascii	"\230\327\264v\224\372<\270\355\252OJ\365F\376\0360\334"
  51      94FA3CB8 
  51      EDAA4F4A 
  51      F546FE1E 
  51      30DC
  52 0144 51CAC56C 		.ascii	"Q\312\305lRW\025\322\233B\277+\305i\301po\333\371\337"
  52      525715D2 
  52      9B42BF2B 
  52      C569C170 
  52      6FDBF9DF 
  53 0158 77451EC0 		.ascii	"wE\036\300\372\257d\037\272R\217\204T#\273\313\365\354"
  53      FAAF641F 
  53      BA528F84 
  53      5423BBCB 
  53      F5EC
  54 016a CCA6C00A 		.ascii	"\314\246\300\012RM#\265\242\314\256\367{?\224\220Oi"
  54      524D23B5 
  54      A2CCAEF7 
  54      7B3F9490 
  54      4F69
  55 017c CD167FAE 		.ascii	"\315\026\177\256\006\324J\321g\016<V\216\303\276\246"
  55      06D44AD1 
  55      670E3C56 
  55      8EC3BEA6 
  56 018c ABF0C435 		.ascii	"\253\360\3045{\012K8(\362\321:yKSb\317\\\261\251\277"
  56      7B0A4B38 
  56      28F2D13A 
  56      794B5362 
  56      CF5CB1A9 
ARM GAS  /tmp/ccmZwfXM.s 			page 4


  57 01a1 C8034A2B 		.ascii	"\310\003J+\377m&\2537\310K\014\245m\223O\273fe\"\017"
  57      FF6D26AB 
  57      37C84B0C 
  57      A56D934F 
  57      BB666522 
  58 01b6 48F2A51F 		.ascii	"H\362\245\037\373\033\233;&\317\200\215\254!\367w\212"
  58      FB1B9B3B 
  58      26CF808D 
  58      AC21F777 
  58      8A
  59 01c7 63EBBEC7 		.ascii	"c\353\276\307\014\0141\265Bp\255[\277O]\016\273\272"
  59      0C0C31B5 
  59      4270AD5B 
  59      BF4F5D0E 
  59      BBBA
  60 01d9 1ECBFBD4 		.ascii	"\036\313\373\324\243\375!*\367\347\225\332\273\212_"
  60      A3FD212A 
  60      F7E795DA 
  60      BB8A5F
  61 01e8 B0097703 		.ascii	"\260\011w\003\263\202\353y\235kn>\276\346mp\275\220"
  61      B382EB79 
  61      9D6B6E3E 
  61      BEE66D70 
  61      BD90
  62 01fa 5C5C19A0 		.ascii	"\\\\\031\240\372\273\016\351\257\2062kS~\371\305\251"
  62      FABB0EE9 
  62      AF86326B 
  62      537EF9C5 
  62      A9
  63 020b 517FBD12 		.ascii	"Q\177\275\022\032^6\312P\221e\370G\257W\177x\275\246"
  63      1A5E36CA 
  63      509165F8 
  63      47AF577F 
  63      78BDA6
  64 021e 32B4B165 		.ascii	"2\264\261e\364fr\011N9\323\214B\341\313\2027\262n\233"
  64      F4667209 
  64      4E39D38C 
  64      42E1CB82 
  64      37B26E9B 
  65 0232 0EF7A6A8 		.ascii	"\016\367\246\250^\250!\"\016-\223\255\340|\346sB.\220"
  65      5EA82122 
  65      0E2D93AD 
  65      E07CE673 
  65      422E90
  66 0245 3C1AE3A2 		.ascii	"<\032\343\242B\342\354\022C\366\204B\226\372uu[\247"
  66      42E2EC12 
  66      43F68442 
  66      96FA7575 
  66      5BA7
  67 0257 8F87AD33 		.ascii	"\217\207\2553]g\317u[G\216\036\336\327\251\342\201\275"
  67      5D67CF75 
  67      5B478E1E 
  67      DED7A9E2 
  67      81BD
  68 0269 3D3DD473 		.ascii	"==\324s,\034>\031:\301~\001y\367\256\266"
  68      2C1C3E19 
  68      3AC17E01 
ARM GAS  /tmp/ccmZwfXM.s 			page 5


  68      79F7AEB6 
  69              		.text
  70              		.section	.gnu.lto_stm32_clock_init.e89885eaf9af6d31,"",%progbits
  71 0000 789CA555 		.ascii	"x\234\245UKs\024U\024\276\347\336~\315\243\347\221\024"
  71      4B731455 
  71      14BEE7DE 
  71      7ECDA3E7 
  71      9114
  72 0012 A9C44A8A 		.ascii	"\251\304J\212\270d\223\021\374\005\263qg\271\320\275"
  72      B8649311 
  72      FC05B371 
  72      67B9D0BD 
  73 0022 E563E122 		.ascii	"\345c\341\"UX\342\202\035\035\235\004\212I!\013\001"
  73      5558E282 
  73      1D1D9D04 
  73      8A49210B 
  73      01
  74 0033 45C9A4CA 		.ascii	"E\311\244\312\322\010\002#\010J\022\324!!\016I\200\000"
  74      D2080223 
  74      084A12D4 
  74      21210E49 
  74      8000
  75 0045 3E4314D0 		.ascii	">C\024\320\"2cPKI\025\002\221xO\237\333s\247\206\205"
  75      22326350 
  75      4B491502 
  75      91784F9F 
  75      DB73A786 
  76 005a F6D8957C 		.ascii	"\366\330\225|w\346\236\236\357|\347;\347v\233\214\263"
  76      77E69E9E 
  76      EF7CE73B 
  76      E7769B8C 
  76      B3
  77 006b 1311C636 		.ascii	"\023\021\30660\306\376\224\377\320\302\200\357<\317"
  77      30C6FE94 
  77      FFD0C280 
  77      EF3CCF
  78 007a 589FC341 		.ascii	"X\237\303A\320\007\301\323\203e\306\274\250\221\263"
  78      D007C1D3 
  78      8365C6BC 
  78      A891B3
  79 0089 99174FD3 		.ascii	"\231\027O\323~\326\000\223\342&OQ\334\362\343)\332\317"
  79      7ED60093 
  79      E2264F51 
  79      DCF2E329 
  79      DACF
  80 009b 5A6053DC 		.ascii	"Z`S\334\346I\212;~<I\373Y\007\"\024\217\360\004\305"
  80      E6498A3B 
  80      7E3C49FB 
  80      59072214 
  80      8FF004C5 
  81 00af A37E3C41 		.ascii	"\243~<A\373\331(\304(\036\343.\305\343~\334\245\375"
  81      FBD928C4 
  81      281EE32E 
  81      C5E37EDC 
  81      A5FD
  82 00c1 6C1C0057 		.ascii	"l\034\000W\317\001\266\205\213\264a\246,;\351D\022\321"
  82      CF01B685 
ARM GAS  /tmp/ccmZwfXM.s 			page 6


  82      8BB461A6 
  82      2C3BE944 
  82      12D1
  83 00d3 981B872D 		.ascii	"\230\033\207-\226`t\231j\265\325\032QkL\255\257\211"
  83      96607499 
  83      6AB5D51A 
  83      516B4CAD 
  83      AF89
  84 00e5 3D0226B6 		.ascii	"=\002&\266\376<\312\327\215x\362*\3559\032\033\360\372"
  84      FE3CCAD7 
  84      8D78F22A 
  84      ED391A1B 
  84      F0FA
  85 00f7 DB0B92E0 		.ascii	"\333\013\222\340ME\002#\260\216\311\333~:r\177\227k"
  85      4D450223 
  85      B08EC9DB 
  85      7E3A727F 
  85      976B
  86 0109 19B40FEF 		.ascii	"\031\264\017\357\203\005r-^\202\222w\177u\253W\272\371"
  86      8305722D 
  86      5E829277 
  86      7F75AB57 
  86      BAF9
  87 011b 0E1C7FE2 		.ascii	"\016\034\177\342a\316\012\002\004\202\211`!\330\010"
  87      61CE0A02 
  87      04828960 
  87      21D808
  88 012a 0E420C21 		.ascii	"\016B\014!\216\340\"$\020R\010i\204\026\204V\2045\010"
  88      8EE02224 
  88      10520869 
  88      84168456 
  88      843508
  89 013d 6D08ED08 		.ascii	"m\010\355\010\035\010\235\010]\010k\021\272\021\030"
  89      1D089D08 
  89      5D086B11 
  89      BA1118
  90 014c DB2EC548 		.ascii	"\333.\305Hc\362\202\313ETab\254ze\321Bu\373\004\227"
  90      63F282CB 
  90      45546162 
  90      AC7A65D1 
  90      4275FB04 
  91 0161 A277F74F 		.ascii	"\242w\367O\314\331;DAp\300\032\026\212\347\226\034\372"
  91      CCD93B44 
  91      4170C01A 
  91      168AE796 
  91      1CFA
  92 0173 EA0D6FF3 		.ascii	"\352\015o\363\014,\353\314v\267\000\373\372d\365\335"
  92      0C2CEBCC 
  92      76B700FB 
  92      FA64F5DD 
  93 0183 0521E000 		.ascii	"\005!\340\000t\302~\231\015o?\265\243\362\236\2339\344"
  93      74C27E99 
  93      0D6F3FB5 
  93      A3F29E9B 
  93      39E4
  94 0195 E5A0200C 		.ascii	"\345\240 \014\370\000\012\360\206o\012\034\204\014\253"
  94      F8000AF0 
ARM GAS  /tmp/ccmZwfXM.s 			page 7


  94      866F0A1C 
  94      840CAB
  95 01a4 C2AB7F0D 		.ascii	"\302\253\177\015\000\245\022\224\355\330\351\362\200"
  95      00A51294 
  95      EDD8E9F2 
  95      80
  96 01b1 4F0FF23A 		.ascii	"O\017\362:$I\244\240\335\021\274%T\242\303:Q\0212\222"
  96      2449A4A0 
  96      DD11BC25 
  96      54A2C33A 
  96      51113292 
  97 01c5 5D7ECA4B 		.ascii	"]~\312K\224\035\247\022\257.\332\224\327\374\257\274"
  97      941DA712 
  97      AF2EDA94 
  97      D7FCAFBC 
  98 01d5 7D1833E0 		.ascii	"}\0303\340C\315|\204JX\031\2306\211K\321M\255\336.%"
  98      43CD7C84 
  98      4A581998 
  98      36894BD1 
  98      4DADDE2E 
  99 01ea A9060E47 		.ascii	"\251\006\016G%\317u\310]\236<\253\012\305B\2127G\357"
  99      25CF75C8 
  99      5D9E3CAB 
  99      0AC5428A 
  99      3747EF
 100 01fd B8740783 		.ascii	"\270t\007\203\2170\023\303F\244\231\034T\310\013\243"
 100      8F3013C3 
 100      46A4991C 
 100      54C80BA3 
 101 020d D6896AD0 		.ascii	"\326\211j\320\011;T\371\307\264\310\343\201H\225\336"
 101      093B54F9 
 101      C7B4C8E3 
 101      814895DE 
 102 021d 21AEE274 		.ascii	"!\256\342t\177\031H\301\035\200\217\2336\372\023\235"
 102      7F1948C1 
 102      1D808F9B 
 102      36FA139D 
 103 022d E9041AED 		.ascii	"\351\004\032\355 \317r\345\227w\355\007\251\206\037"
 103      20CF72E5 
 103      9777ED07 
 103      A9861F
 104 023c FA377347 		.ascii	"\3727sG}6<\0250\006\231\372\3413\244Q\343\276Qya\352"
 104      7D363C15 
 104      300699FA 
 104      E133A451 
 104      E3BE5179 
 105 0252 362E4DA9 		.ascii	"6.M\2516\306B\266\361\244\316\364i\340\320\274jc\234"
 105      36C642B6 
 105      F1A4CEF4 
 105      69E0D0BC 
 105      6A639C
 106 0265 E8EE555E 		.ascii	"\350\356U^\237W\026\305\3413j\343B\255\215\361\272\276"
 106      9F5716C5 
 106      E1336AE3 
 106      42AD8DF1 
 106      BABE
 107 0277 A554DFAC 		.ascii	"\245T\337\254Z\337V\202\276\271\241\334\374\\\273Yj"
ARM GAS  /tmp/ccmZwfXM.s 			page 8


 107      5ADF5682 
 107      BEB9A1DC 
 107      FC5CBB59 
 107      6A
 108 0288 381F09E2 		.ascii	"8\037\011\342\272\361\333\301A\233Dy\236\001\247\232"
 108      BAF1DBC1 
 108      419B4479 
 108      9E01A79A 
 109 0298 6EDC844E 		.ascii	"n\334\204N5\211\215K\370\326\332\332\332\277\203\023"
 109      35898D4B 
 109      F8D6DADA 
 109      DABF8313 
 110 02a8 920A69ED 		.ascii	"\222\012i\355i\315<\325xB\322D794\224\343A\025\016|"
 110      69CD3CD5 
 110      7842D244 
 110      37393494 
 110      E341150E 
 111 02bd D17846D2 		.ascii	"\321xF\322u\346&\225\271N\315\334\275#JYK\250\212\313"
 111      75E62695 
 111      B94ECDDC 
 111      BD234A59 
 111      4BA88ACB 
 112 02d1 BAE5671A 		.ascii	"\272\345g\032\314m\225\\\377\303\313i\315<\203^\266"
 112      CC6D955C 
 112      FFC3CB69 
 112      CD3C835E 
 112      B6
 113 02e2 22CFD8FE 		.ascii	"\"\317\330\376\267\224\3145\241\310f\265}g\033d\266"
 113      B794CC35 
 113      A1C866B5 
 113      7D671B64 
 113      B6
 114 02f3 11D7C5C5 		.ascii	"\021\327\305\305\273s\221\300=i\337\271\246\205\237"
 114      BB7391C0 
 114      3D69DFB9 
 114      A6859F
 115 0302 D7B9E650 		.ascii	"\327\271\346Px\233?\004\021=\004o\337P5\264\207\034"
 115      789B3F04 
 115      113D046F 
 115      DF5035B4 
 115      871C
 116 0314 820B9AF9 		.ascii	"\202\013\232\371b\343\020t\020\335\354\352\340\357f"
 116      62E31074 
 116      10DDECEA 
 116      E0EF66
 117 0323 AD8C145C 		.ascii	"\255\214\024\\j\234\202\216\272)H\250)\210\252)X\256"
 117      6A9C828E 
 117      BA2948A8 
 117      2988AA29 
 117      58AE
 118 0335 1C1E69EA 		.ascii	"\034\036i\352\021\363\245\356\325W\376#\346\300\355"
 118      11F3A5EE 
 118      D557FE23 
 118      E6C0ED
 119 0344 C22D831E 		.ascii	"\302-\203\0361x\242\276&3\227+'\313\001\177\355!d\372"
 119      3178A2BE 
 119      2633972B 
ARM GAS  /tmp/ccmZwfXM.s 			page 9


 119      27CB017F 
 119      ED2164FA 
 120 0358 6FC0BB8B 		.ascii	"o\300\273\213Sy\207\276z%z\003\356Z\271\376\007\017"
 120      537987BE 
 120      7A257A03 
 120      EE5AB9FE 
 120      070F
 121 036a 243C2BDF 		.ascii	"$<+\337\253\026|+5|\2434\334\333v-\347\324i\370\316"
 121      AB167C2B 
 121      357CA334 
 121      DCDB762D 
 121      E7D469F8 
 122 037f D7C051C3 		.ascii	"\327\300Q\303\274\257a\374\326\312,'\015)\270L\012\306"
 122      BCAF61FC 
 122      D6CA2C27 
 122      0D29B84C 
 122      0AC6
 123 0391 AAD3C19C 		.ascii	"\252\323\301\234w\206j\352\202\256\360\373\206\001\352"
 123      77866AEA 
 123      82AEF0FB 
 123      8601EA
 124 03a0 925CFE1B 		.ascii	"\222\\\376\033\251\271q\371A3_\301q\351\362\307%\246"
 124      A9B971F9 
 124      41335FC1 
 124      71E9F2C7 
 124      25A6
 125 03b2 C765A6AC 		.ascii	"\307e\246\254\024\257\0159.W5\363\265\306\307q\267\244"
 125      14AF0D39 
 125      2E5735F3 
 125      B5C6C771 
 125      B7A4
 126 03c4 7BF0F9DB 		.ascii	"{\360\371\333-Y\366\216/\317\250\011r\340\307\332\254"
 126      2D59F68E 
 126      2FCFA809 
 126      72E0C7DA 
 126      AC
 127 03d5 B86A56E2 		.ascii	"\270jV\3428+\277\302+\303KC\376\217T\030\344\266\364"
 127      382BBFC2 
 127      2BC34B43 
 127      FE8F5418 
 127      E4B6F4
 128 03e8 FE919E9E 		.ascii	"\376\221\236\236\014\375m\334\224y\341\231\336\314\213"
 128      0CFD6DDC 
 128      9479E199 
 128      DECC8B
 129 03f7 1B5F7A79 		.ascii	"\033_zyS\346\311\247\036\177t\003\341c\3537o\306\310"
 129      53E6C9A7 
 129      1E7F7403 
 129      E163EB37 
 129      6FC6C8
 130 040a D3BDBDCF 		.ascii	"\323\275\275\317\367<\307\376\001\257\341\035\265"
 130      F73CC7FE 
 130      01AFE11D 
 130      B5
 131              		.text
 132              		.section	.gnu.lto_.symbol_nodes.e89885eaf9af6d31,"",%progbits
 133 0000 789C6365 		.ascii	"x\234ce`b\360`\000\002\246\273\214\365\014\014\023\316"
ARM GAS  /tmp/ccmZwfXM.s 			page 10


 133      6062F060 
 133      0002A6BB 
 133      8CF50C0C 
 133      13CE
 134 0012 313000A9 		.ascii	"10\000\251]\015\216@\221{\214\365\214(\"\254\267\031"
 134      5D0D8E40 
 134      917B8CF5 
 134      8C2822AC 
 134      B719
 135 0024 191A9580 		.ascii	"\031\032\225\200\212\031\3573\3263\201\245\030\030\032"
 135      8A19EF33 
 135      D63381A5 
 135      18181A
 136 0033 1A1C1818 		.ascii	"\032\034\030\030\230\201\260\245\353\215<\003\000\235"
 136      9881B0A5 
 136      EB8D3C03 
 136      009D
 137 0041 E01163   		.ascii	"\340\021c"
 138              		.text
 139              		.section	.gnu.lto_.refs.e89885eaf9af6d31,"",%progbits
 140 0000 789C6365 		.ascii	"x\234ce`b`d\000\002\000\000I\000\011"
 140      60626064 
 140      00020000 
 140      490009
 141              		.text
 142              		.section	.gnu.lto_.decls.e89885eaf9af6d31,"",%progbits
 143 0000 789CA556 		.ascii	"x\234\245V}PT\327\025\177\347\335E`\227\017\007:\035"
 143      7D5054D7 
 143      157FE7DD 
 143      4560970F 
 143      073A1D
 144 0013 A7CD4CAD 		.ascii	"\247\315L\255!#\177\024\036\220N\333\277:\301\005\243"
 144      21237F14 
 144      1E904EDB 
 144      BF3AC105 
 144      A3
 145 0024 53BF66D7 		.ascii	"S\277f\327j\232\231\314\316\272\254\225\221e\251,\035"
 145      6A9A99CC 
 145      CEBAAC95 
 145      9165A92C 
 145      1D
 146 0035 FDEFF1A1 		.ascii	"\375\357\361\241\022:I\304\326*D\015\022\265\242\210"
 146      123A49C4 
 146      D62A440D 
 146      12B5A288 
 147 0045 048D4840 		.ascii	"\004\215H@]\201 !*J\023@\371F\020E@\301\217\000-\241"
 147      5D812021 
 147      2A4A1340 
 147      F9461045 
 147      40C18F00 
 148 005b E7DEFB96 		.ascii	"\347\336\373\226\367X\326N\247y\263\347\335w\356\373"
 148      F758D64E 
 148      A779B3E7 
 148      DD77EEFB 
 149 006b DDDF39F7 		.ascii	"\335\3379\367|\334\267~\202(\354\013\026\204u\242 \364"
 149      7CDCB77E 
 149      8228EC0B 
ARM GAS  /tmp/ccmZwfXM.s 			page 11


 149      168475A2 
 149      20F4
 150 007d 0A82308B 		.ascii	"\012\2020\213\027\301\361\254\240^T/C)G\251@\001\224"
 150      17C1F1AC 
 150      A05E542F 
 150      432947A9 
 150      400194
 151 0090 ABC2FCEB 		.ascii	"\253\302\374\353=\234\014\304q\023\312r\224A\224\001"
 151      3D9C0CC4 
 151      7113CA72 
 151      94419401 
 152 00a0 947A9431 		.ascii	"\224z\2241\224Q\224'\012\257\016\345\033\224{(=(\303"
 152      94519427 
 152      0AAF0EE5 
 152      1B947B28 
 152      3D28C3
 153 00b3 1A1BE38A 		.ascii	"\032\033\343\212\015\357\313\212\374\376\257\340\327"
 153      0DEFCB8A 
 153      FCFEAFE0 
 153      D7
 154 00c0 53DBC039 		.ascii	"S\333\3009\350\036ZQ\374\200\373Y\356\203\353 \201\213"
 154      E81E5A51 
 154      FC80FB59 
 154      EE83EB20 
 154      818B
 155 00d2 1FD45F16 		.ascii	"\037\324_\026\273\241\023p\333\260\230\315\002\360;"
 155      BBA11370 
 155      DBB098CD 
 155      02F03B
 156 00e1 3061EAAC 		.ascii	"0a\352\254\347\002`\3638+\012\012\261g\012<+\024]TT"
 156      E70260F3 
 156      382B0A0A 
 156      B1670A3C 
 156      2B145D54 
 157 00f6 51A1643F 		.ascii	"Q\241d?e1h\030\371kn\311s\361\330\362\007\266\314\263"
 157      65316818 
 157      F96B6EC9 
 157      73F1D8F2 
 157      07B6CCB3 
 158 010a 1A44D500 		.ascii	"\032D\325\000\200v\201\206\220\273\255\274\237\363O"
 158      80768186 
 158      90BBADBC 
 158      9FF34F
 159 0119 5037079E 		.ascii	"P7\007\236\335\217\027\334x\240\357\201.:[\364\026\260"
 159      DD8F17DC 
 159      78A0EF81 
 159      2E3A5BF4 
 159      16B0
 160 012b B982A31F 		.ascii	"\271\202\243\037\225\023\"\002}\356\231:\2652\272T\346"
 160      95132202 
 160      7DEE993A 
 160      B532BA54 
 160      E6
 161 013c 57C0CFD4 		.ascii	"W\300\317\324\260}9\373\235;\364C\002az\020Qmyz\343"
 161      B07D39FB 
 161      9D3BF443 
 161      02617A10 
ARM GAS  /tmp/ccmZwfXM.s 			page 12


 161      516D797A 
 162 0151 8801D51F 		.ascii	"\210\001\325\037\351a1\252\223\231\337^\323/\371;[\225"
 162      E96131AA 
 162      9399DF5E 
 162      D32FF93B 
 162      5B95
 163 0163 2D2F1661 		.ascii	"-/\026a\323\217\241\024^\2033\360\032\032?\013K\360"
 163      D38FA114 
 163      5E8333F0 
 163      1A1A3F0B 
 163      4BF0
 164 0175 BE45C799 		.ascii	"\276E\307\2312\357\236(\324-+\222\213ze\367\365\354"
 164      32EF9E28 
 164      D42D2B92 
 164      8B7A65F7 
 164      F5EC
 165 0187 D7FB2B64 		.ascii	"\327\373+dy7.\323Q\030\224\000\201\323\020M]\306G\274"
 165      79372ED3 
 165      51189400 
 165      81D3104D 
 165      5DC647BC 
 166 019b 9F821E80 		.ascii	"\237\202\036\200\177@7n\250\014\226\341r\371aug(Y\315"
 166      7F40376E 
 166      A80C96E1 
 166      72F96175 
 166      672859CD 
 167 01af BCDD7BB6 		.ascii	"\274\335{\266\367T\220B\325\024U \273\263\220HdD\347"
 167      F7549042 
 167      D5145520 
 167      BBB39048 
 167      6444E7
 168 01c2 54A273DE 		.ascii	"T\242s\336D\345\214\350\253\241\332nB\336eD\255%e\207"
 168      44E58CE8 
 168      ABA1DA6E 
 168      42DE6544 
 168      AD256587 
 169 01d6 A84FBDB2 		.ascii	"\250O\275\262\354n;\0343]> \347\352\231\343\360\231"
 169      EC6E3B1C 
 169      335D3E20 
 169      E7EA99E3 
 169      F099
 170 01e8 4AF41925 		.ascii	"J\364\031%\242\017\025\214\240\253\261\344\014\301\030"
 170      A20F158C 
 170      A0ABB1E4 
 170      0CC118
 171 01f7 2CD7034D 		.ascii	",\327\003MC(N\235\033\251\232\012\346S\224\266\345\243"
 171      43284E9D 
 171      1BA99A0A 
 171      E65394B6 
 171      E5A3
 172 0209 89E3FEE4 		.ascii	"\211\343\376\344\0000\345NN\371a\302#\250\243\231\270"
 172      0030E54E 
 172      4EF961C2 
 172      23A8A399 
 172      B8
 173 021a 59783F84 		.ascii	"Yx?\204Gp\351A\"\0264\265\325\352 R\177\222\206\320"
 173      4770E941 
ARM GAS  /tmp/ccmZwfXM.s 			page 13


 173      221634B5 
 173      D5EA2052 
 173      7F9286D0 
 174 022e 7DBDF4B7 		.ascii	"}\275\364\267\005\023\262\274\024\252@\017\237\253\036"
 174      0513B2BC 
 174      14AA400F 
 174      9FAB1E
 175 023d 2CD7E33D 		.ascii	",\327\343=W\226\263\344}\331r\340*\001*1\310\0271\310"
 175      5796B3E4 
 175      7DD972E0 
 175      2A012A31 
 175      C81731C8 
 176 0251 700922A9 		.ascii	"p\011\"\251U\212\203\0138y\036'\321J\311\361\374\342"
 176      558A830B 
 176      38791E27 
 176      D14AC9F1 
 176      FCE2
 177 0263 45649279 		.ascii	"Ed\222y 6\\\351h\327\201>\322'A\215\017\002\356Ls\343"
 177      20365CE9 
 177      68D7813E 
 177      D227418D 
 177      0F02EE4C 
 178 0279 B286DD34 		.ascii	"\262\206\3354\256\325\350\314\027\2523\350\033\317\350"
 178      AED5E8CC 
 178      17AA33E8 
 178      1BCFE8
 179 0288 A147837B 		.ascii	"\241G\203{\374q+\364\275<r\311\200S\345\307\007_'\267"
 179      FC712BF4 
 179      BD3C72C9 
 179      8053E5C7 
 179      075F27B7 
 180 029c 784D3D9F 		.ascii	"xM=\237=v\300\360\306\247rQ-n\354~x!&<\220a\257p\256"
 180      3D76C0F0 
 180      C6A77251 
 180      2D6EEC7E 
 180      7821263C 
 181 02b5 391F0436 		.ascii	"9\037\0046s\231zs\025\336\300\225\037?\353z\024\310"
 181      73997A73 
 181      15DEC095 
 181      1F3FEB7A 
 181      14C8
 182 02c7 4316896A 		.ascii	"C\026\211j_\327P^\010\351\346\254\236\370\205\261\370"
 182      5FD7505E 
 182      08E9E6AC 
 182      9EF885B1 
 182      F8
 183 02d8 C1C1AAFE 		.ascii	"\301\301\252\376\247!\344!\177\227[\372a\035\321\347"
 183      A721E421 
 183      7F975BFA 
 183      611DD1E7 
 184 02e8 D25AFC5F 		.ascii	"\322Z\374_\266\211+\362\353^<3\220\021\276|,g\260\327"
 184      B6892BF2 
 184      EB5E3C33 
 184      9011BE7C 
 184      2C67B0D7 
 185 02fc C0A997A0 		.ascii	"\300\251\227\240z\363\375\375\007D2\256\230\275]\227"
 185      7AF3FDFD 
ARM GAS  /tmp/ccmZwfXM.s 			page 14


 185      074432AE 
 185      98BD5D97 
 186 030c 1748A6B8 		.ascii	"\027H\246\270\342\351\2020\336\005y\327\356\356\011"
 186      E2E98230 
 186      DE0579D7 
 186      EEEE09
 187 031b 249984BD 		.ascii	"$\231\204\275;\366\260\352\257\241$\227+\205\325\317"
 187      3BF6B0EA 
 187      AFA12497 
 187      2B85D5CF 
 188 032b 9BFC3830 		.ascii	"\233\37480\000\325\232\216\317%\222\317_\225T}\320\347"
 188      00D59A8E 
 188      CF2592CF 
 188      5F95547D 
 188      D0E7
 189 033d 470AB972 		.ascii	"G\012\271r\2772\347\245\216\034\345\312\355/z\007C\310"
 189      BF32E7A5 
 189      8E1CE5CA 
 189      ED2F7A07 
 189      43C8
 190 034f A75CA9AE 		.ascii	"\247\\\251\256\254iP\030bP\275py\374D \257\036\231\240"
 190      AC695018 
 190      6250BD70 
 190      79FC4420 
 190      AF1E99A0 
 191 0363 FE75EBB1 		.ascii	"\376u\353\2612?r\222aC\236\314d\367\031 \202_\341\021"
 191      323F7292 
 191      61439ECC 
 191      64F71920 
 191      825FE111 
 192 0377 11913814 		.ascii	"\021\2218\024\3139\331\262{h\364\027#-\003\262\274?"
 192      CB39D9B2 
 192      7B68F417 
 192      232D03B2 
 192      BC3F
 193 0389 08EA3101 		.ascii	"\010\3521\001_c\270; \\\215\316W,\013\261x\023\212i"
 193      5F63B83B 
 193      205C8DCE 
 193      572C0BB1 
 193      78138A69 
 194 039d 91B8BB47 		.ascii	"\221\270\273G\227\344g\313\2151,_\327\274\341n-\234"
 194      97E467CB 
 194      8D312C5F 
 194      D7BCE16E 
 194      2D9C
 195 03af F2378C84 		.ascii	"\3627\214\204\355gp\312\336\354\015\227(\272\022T\370"
 195      ED6770CA 
 195      DEEC0D97 
 195      28BA1254 
 195      F8
 196 03c0 700AF66C 		.ascii	"p\012\366l\016a\350Fot\2037y\277\006\335\344\333s-y"
 196      0E61E846 
 196      6F748337 
 196      79BF06DD 
 196      E4DB732D 
 197 03d5 BF4385FF 		.ascii	"\277C\205\377\323\267\347Zx\213\206\375\2467\374\206"
 197      D3B7E75A 
ARM GAS  /tmp/ccmZwfXM.s 			page 15


 197      788B86FD 
 197      A637FC86 
 198 03e5 069E4F9B 		.ascii	"\006\236O\233b\237,\277\245\023\240\005\001w\330;\012"
 198      629F2CBF 
 198      A513A005 
 198      0177D83B 
 198      0A
 199 03f6 A7B5DC8D 		.ascii	"\247\265\334\215\365\325\013\021\320\212\322\205r\017"
 199      F5D50B11 
 199      D08AD285 
 199      720F
 200 0404 E51B9476 		.ascii	"\345\033\224v\2246\224\036\224>\224N\224oQ\356B\004"
 200      9436941E 
 200      943E944E 
 200      946F51EE 
 200      4204
 201 0416 3B53B813 		.ascii	";S\270\023\265\032\237\353\274\235\250]\340s\223\306"
 201      B51A9FEB 
 201      BC9DA85D 
 201      E07393C6 
 202 0426 E75BBE7D 		.ascii	"\347[\276}f\361\343}<\3668,S\226\201\242\004\245\207"
 202      66F1E37D 
 202      3CF6382C 
 202      539681A2 
 202      04A587
 203 0439 55CB2FB5 		.ascii	"U\313/\265\231\273\356;\027Z\323\323\333U\323\267}&"
 203      99BBEE3B 
 203      175AD3D3 
 203      DB55D3B7 
 203      7D26
 204 044b 5A93B969 		.ascii	"Z\223\271i\215\237_\372\336\026Cc!\277(-\3552\220AV"
 204      8D9F5FFA 
 204      DE164363 
 204      21BF282D 
 204      ED329041 
 205 0460 C8E2F92B 		.ascii	"\310\342\371+#G\374!2\\\361\177t\021~\223`\000\027\367"
 205      2347FC21 
 205      325CF17F 
 205      74117E93 
 205      600017F7 
 206 0474 ABA710DD 		.ascii	"\253\247\020\335\215\357\244\300}\314\305\017\315\013"
 206      8DEFA4C0 
 206      7DCCC50F 
 206      CD0B
 207 0482 BA947D71 		.ascii	"\272\224}q\357A\022\2247wh2\017\3243k\020\202\330G\001"
 207      EF411294 
 207      37776832 
 207      0FD4336B 
 207      1082D847 
 208 0497 4704578E 		.ascii	"G\004W\216\235\251\014\346\215\351\306\305\272\216\254"
 208      9DA90CE6 
 208      8DE9C6C5 
 208      BA8EAC
 209 04a6 A3253A08 		.ascii	"\243%:\010\307\036\324\272\370\000W\363\374\014)\376"
 209      C71ED4BA 
 209      F80057F3 
 209      FC0C29FE 
ARM GAS  /tmp/ccmZwfXM.s 			page 16


 210 04b6 3D42FF86 		.ascii	"=B\377\206\321\356\303y\365\360rX\223\025Z\020C\257"
 210      D1EEC379 
 210      F5F07258 
 210      93155A10 
 210      43AF
 211 04c8 E8271EA1 		.ascii	"\350'\036\241\356a\236\341!_\031\036\323r\335\366\311"
 211      EE619EE1 
 211      215F191E 
 211      D372DDF6 
 211      C9
 212 04d9 E5494261 		.ascii	"\345IBaE\375U\1772\316\223Pr\271\263X7\227\204\357\207"
 212      45FD557F 
 212      32CE9350 
 212      72B9B358 
 212      379784EF 
 213 04ee 59124671 		.ascii	"Y\022Fq\355c5\011C\013\222\340\331!\214\340\306^\265"
 213      ED633509 
 213      430B92E0 
 213      D9218CE0 
 213      C65EB5
 214 0501 49FA152E 		.ascii	"I\372\025.\231\236\004mpG\347\005wL\011\356\030\013"
 214      999E046D 
 214      7047E705 
 214      774C09EE 
 214      180B
 215 0513 6ECF645B 		.ascii	"n\317d[w\220\026L?\320*\370\011\004y\034z\302\360G\332"
 215      7790164C 
 215      3FD02AF8 
 215      0904791C 
 215      7AC2F047 
 216 0528 8BAF8864 		.ascii	"\213\257\210d\206\237\240\025\323\373~\216\237x7\375"
 216      869FA015 
 216      D3FB7E8E 
 216      9F7837FD 
 217 0538 DB51F7D3 		.ascii	"\333Q\367\323#\374oG\026\377\333\361T\335\312S\357\177"
 217      23FC6F47 
 217      16FFDBF1 
 217      54DDCA53 
 217      EF7F
 218 054a 0BE3EC63 		.ascii	"\013\343\354c\377\340x\325-\221\034\322\361\017D\355"
 218      FFE078D5 
 218      2D911CD2 
 218      F10F44ED 
 219 055a FE647298 		.ascii	"\376dr\230?\337\253\350\353[DNpe\242\260\341\261\236"
 219      3FDFABE8 
 219      EB5B444E 
 219      7065A2B0 
 219      E1B19E
 220 056d 9CE2CAC7 		.ascii	"\234\342\312\307e\247s\0109\303\225\316\232\314\372"
 220      65A77308 
 220      39C395CE 
 220      9ACCFA
 221 057c 10729E2B 		.ascii	"\020r\236+}\237d\015\370\221K\\\231\254\271S,\362\223"
 221      7D9F640D 
 221      F8914B5C 
 221      99ACB953 
 221      2CF293
ARM GAS  /tmp/ccmZwfXM.s 			page 17


 222 058f 3D02D5D3 		.ascii	"=\002\325\323\356\2774\022^@E\364\237\326\311\346\251"
 222      EEBF3412 
 222      5E4045F4 
 222      9FD6C9E6 
 222      A9
 223 05a0 BF01A961 		.ascii	"\277\001\251aX\303'm'/\370\001=\323\351\025\251\036"
 223      58C3276D 
 223      272FF801 
 223      3DD3E915 
 223      A91E
 224 05b2 EBBF6CD6 		.ascii	"\353\277l\326\034\353\337\341nf^Q(\332\034M\343\373"
 224      1CEBDFE1 
 224      6E665E51 
 224      28DA1C4D 
 224      E3FB
 225 05c4 2916B919 		.ascii	")\026\271\031%A9b$\354\026#\340\337\230\244L\034\367"
 225      25413962 
 225      24EC1623 
 225      E0DF98A4 
 225      4C1CF7
 226 05d7 A064A1CC 		.ascii	"\240d\241\314\242.\343\230\215\362\375\274\012\355\177"
 226      A22EE398 
 226      8DF2FDBC 
 226      0AED7F
 227 05e6 476DED7F 		.ascii	"Gm\355\177y\333\325\264\266r`i\320\317\275\321\013\217"
 227      79DBD5B4 
 227      B6726069 
 227      D0CFBDD1 
 227      0B8F
 228 05f8 F0160DFC 		.ascii	"\360\026\015\374\2317|\301\367ab\275\212~\351\215\276"
 228      99377CC1 
 228      F76162BD 
 228      8A7EE98D 
 228      BE
 229 0609 E18DAE7D 		.ascii	"\341\215\256}g\376\001\346\303\025\015\372\236\006="
 229      67FE01E6 
 229      C3150DFA 
 229      9E063D
 230 0618 E1DB136D 		.ascii	"\341\333\023m#\2666\363F\234\361\325\210\017\2325\215"
 230      23B636F3 
 230      469CF1D5 
 230      880F9A35 
 230      8D
 231 0629 38E93357 		.ascii	"8\3513W\332\263S\263\253\027\276w\305-c\255\354\271"
 231      DAB353B3 
 231      AB17BE77 
 231      C52D63AD 
 231      ECB9
 232 063b 2BB71BC8 		.ascii	"+\267\033\3105V+\342X\307dV\260zx\266\263\276}_\014"
 232      35562BE2 
 232      58C76456 
 232      B07A78B6 
 232      B3BE7D5F 
 233 0650 87BDE25C 		.ascii	"\207\275\342\\\261\317,\350[OM@.\226\302\377S\026\350"
 233      B1CF2CE8 
 233      5B4F4D40 
 233      2E96C2FF 
ARM GAS  /tmp/ccmZwfXM.s 			page 18


 233      5316E8
 234 0663 C6A5EAD2 		.ascii	"\306\245\352\322\306\000m\233R\253j\233\346\211\274"
 234      C6006D9B 
 234      52AB6A9B 
 234      E689BC
 235 0672 A7E918B4 		.ascii	"\247\351\030\264\315\232bIII\262$\247&\273\002\336^"
 235      CD9A6249 
 235      4949B224 
 235      A726BB02 
 235      DE5E
 236 0684 F7FBA5C6 		.ascii	"\367\373\245\306\330X!&:Z\342?g\272\204\010)\315\271"
 236      D8582126 
 236      3A5AE23F 
 236      67BA8408 
 236      29CDB9
 237 0697 C3952E99 		.ascii	"\303\225.\2317\256}3\216\337W\306\356\334))k\243m\302"
 237      37AE7D33 
 237      8EDF57C6 
 237      EEDC2929 
 237      6BA36DC2 
 238 06ab E27497E3 		.ascii	"\342t\227\343\3158\213-\305i\333\316\250\374\223\034"
 238      CD388B2D 
 238      C569DBCE 
 238      A8FC931C 
 239 06bb D6D538C6 		.ascii	"\326\3258\306\3757\2465k\022\244\204\265\361\177\216"
 239      FD37A635 
 239      6B12A484 
 239      B5F17F8E 
 240 06cb 95F8725C 		.ascii	"\225\370r\\\023\275M\320[,\031\311\251.\324]\233%g\232"
 240      13BD4DD0 
 240      5B2C19C9 
 240      A92ED45D 
 240      9B25679A 
 241 06df 4BFAA3CD 		.ascii	"K\372\243\315\026e\335\341\210Ju\246\332\243\354\326"
 241      1665DDE1 
 241      884A75A6 
 241      DAA3ECD6 
 242 06ef 2DC951BF 		.ascii	"-\311Q\277\212\212\213\211\375u\324\237\342\2422\322"
 242      8A8A8B89 
 242      FD75D49F 
 242      E2A232D2 
 243 06ff 92AC2EBB 		.ascii	"\222\254.\2734\357\265\224\234jK\311H\262K\016\253m"
 243      34EFB594 
 243      9C6A4BC9 
 243      48B24B0E 
 243      AB6D
 244 0711 5B72AA5D 		.ascii	"[r\252]\262$\331\267Z3R\\\026\327\2564{:\232\010\360"
 244      B224D9B7 
 244      5A33525C 
 244      16D7AE34 
 244      7B3A9A08 
 245 0726 1858F3C3 		.ascii	"\030X\363\303\014\244\357J\227,\351\256$dC\326P\363"
 245      0CA4EF4A 
 245      972CE9AE 
 245      246443D6 
 245      50F3
 246 0738 AE7497DD 		.ascii	"\256t\227\335at\356\260\033i \002M\211\346D\323\246"
ARM GAS  /tmp/ccmZwfXM.s 			page 19


 246      6174EEB0 
 246      1B692002 
 246      4D89E644 
 246      D3A6
 247 074a C4841862 		.ascii	"\304\204\030b4\233t+\022\214&\377\370\015+b\023\327"
 247      349B742B 
 247      128C26FF 
 247      F80D2B62 
 247      13D7
 248 075c B1310EC7 		.ascii	"\2611\016\307E\361\253V\340\020@\247M\346\215\354!\216"
 248      45F1AB56 
 248      E01040A7 
 248      4DE68DEC 
 248      218E
 249 076e 3E10E36A 		.ascii	">\020\343j\223\316\270\362m\223h4\371\3211\3567\332"
 249      93CEB8F2 
 249      6D936834 
 249      F9D131EE 
 249      37DA
 250 0780 48DA9C0E 		.ascii	"H\332\234\016\2073U\262\357tI\306\265\346\325f\014\250"
 250      873355B2 
 250      EF7449C6 
 250      B5E6D566 
 250      0CA8
 251 0792 262F2C9A 		.ascii	"&/,\232[ccbvnA\267\014&\243\321\262\021w\236`\337j\330"
 251      5B636362 
 251      766E41B7 
 251      0C26A3D1 
 251      B211779E 
 252 07aa B0D9E479 		.ascii	"\260\331\344y\376\211'\365[\254\266\355\031i\226$\247"
 252      FE8927F5 
 252      5BACB6ED 
 252      19699624 
 252      A7
 253 07bb C39A9CCA 		.ascii	"\303\232\234\312\262G\326\2570\005x\274\027\343M\242"
 253      B247D6AF 
 253      300578BC 
 253      17E34DA2 
 254 07cb D9E4BF7E 		.ascii	"\331\344\277~\303"
 254      C3
 255 07d0 C6DF25FE 		.ascii	"\306\337%\376\301\244\2437\022o4\3516\2336\230\202W"
 255      C1A4A337 
 255      126F34E9 
 255      369B3698 
 255      8257
 256 07e2 AE8937AF 		.ascii	"\256\2117\257\3620\376\007\367r\224\277"
 256      F230FE07 
 256      F77294BF 
 257              		.text
 258              		.section	.gnu.lto_.symtab.e89885eaf9af6d31,"",%progbits
 259 0000 68616C5F 		.ascii	"hal_lld_init\000"
 259      6C6C645F 
 259      696E6974 
 259      00
 260 000d 00       		.ascii	"\000"
 261 000e 00       		.ascii	"\000"
 262 000f 00       		.ascii	"\000"
ARM GAS  /tmp/ccmZwfXM.s 			page 20


 263 0010 00000000 		.ascii	"\000\000\000\000\000\000\000\000"
 263      00000000 
 264 0018 AE000000 		.ascii	"\256\000\000\000"
 265 001c 73746D33 		.ascii	"stm32_clock_init\000"
 265      325F636C 
 265      6F636B5F 
 265      696E6974 
 265      00
 266 002d 00       		.ascii	"\000"
 267 002e 00       		.ascii	"\000"
 268 002f 00       		.ascii	"\000"
 269 0030 00000000 		.ascii	"\000\000\000\000\000\000\000\000"
 269      00000000 
 270 0038 B0000000 		.ascii	"\260\000\000\000"
 271 003c 53797374 		.ascii	"SystemCoreClock\000"
 271      656D436F 
 271      7265436C 
 271      6F636B00 
 272 004c 00       		.ascii	"\000"
 273 004d 00       		.ascii	"\000"
 274 004e 00       		.ascii	"\000"
 275 004f 00000000 		.ascii	"\000\000\000\000\000\000\000\000"
 275      00000000 
 276 0057 BF000000 		.ascii	"\277\000\000\000"
 277 005b 646D6149 		.ascii	"dmaInit\000"
 277      6E697400 
 278 0063 00       		.ascii	"\000"
 279 0064 02       		.ascii	"\002"
 280 0065 00       		.ascii	"\000"
 281 0066 00000000 		.ascii	"\000\000\000\000\000\000\000\000"
 281      00000000 
 282 006e B2000000 		.ascii	"\262\000\000\000"
 283              		.text
 284              		.section	.gnu.lto_.opts,"",%progbits
 285 0000 272D666D 		.ascii	"'-fmath-errno' '-fsigned-zeros' '-ftrapping-math' '"
 285      6174682D 
 285      6572726E 
 285      6F272027 
 285      2D667369 
 286 0033 2D666E6F 		.ascii	"-fno-trapv' '-fno-openmp' '-fno-openacc' '-mcpu=cor"
 286      2D747261 
 286      70762720 
 286      272D666E 
 286      6F2D6F70 
 287 0066 7465782D 		.ascii	"tex-m3' '-mno-thumb-interwork' '-mthumb' '-ggdb' '-"
 287      6D332720 
 287      272D6D6E 
 287      6F2D7468 
 287      756D622D 
 288 0099 4F322720 		.ascii	"O2' '-fomit-frame-pointer' '-falign-functions=16' '"
 288      272D666F 
 288      6D69742D 
 288      6672616D 
 288      652D706F 
 289 00cc 2D666675 		.ascii	"-ffunction-sections' '-fdata-sections' '-fno-common"
 289      6E637469 
 289      6F6E2D73 
ARM GAS  /tmp/ccmZwfXM.s 			page 21


 289      65637469 
 289      6F6E7327 
 290 00ff 2720272D 		.ascii	"' '-flto'\000"
 290      666C746F 
 290      2700
 291              		.text
 292              		.comm	__gnu_lto_v1,1,1
 293              		.comm	__gnu_lto_slim,1,1
 294              		.ident	"GCC: (GNU Tools for ARM Embedded Processors 6-2017-q2-update) 6.3.1 20170620 (release) [AR
ARM GAS  /tmp/ccmZwfXM.s 			page 22


DEFINED SYMBOLS
                            *ABS*:0000000000000000 hal_lld.c
                            *COM*:0000000000000001 __gnu_lto_v1
                            *COM*:0000000000000001 __gnu_lto_slim

NO UNDEFINED SYMBOLS
