ARM GAS  /tmp/ccjXMeVT.s 			page 1


   1              		.cpu cortex-m3
   2              		.eabi_attribute 20, 1
   3              		.eabi_attribute 21, 1
   4              		.eabi_attribute 23, 3
   5              		.eabi_attribute 24, 1
   6              		.eabi_attribute 25, 1
   7              		.eabi_attribute 26, 1
   8              		.eabi_attribute 30, 2
   9              		.eabi_attribute 34, 1
  10              		.eabi_attribute 18, 4
  11              		.file	"hal_st_lld.c"
  12              		.text
  13              	.Ltext0:
  14              		.section	.gnu.lto_.profile.a160b3867ba05e8c,"",%progbits
  15 0000 789C6365 		.ascii	"x\234ce`b`a```d\260\224\001\000\001\016\000b"
  15      60626061 
  15      60606064 
  15      B0940100 
  15      010E0062 
  16              		.text
  17              		.section	.gnu.lto_.icf.a160b3867ba05e8c,"",%progbits
  18 0000 789C6365 		.ascii	"x\234ce`b\340c@\000&\206\216[\033z\331\030\027L\276"
  18      6062E063 
  18      40002686 
  18      8E5B1B7A 
  18      D918174C 
  19 0015 FF9D9901 		.ascii	"\377\235\231\001\000+D\005\312"
  19      002B4405 
  19      CA
  20              		.text
  21              		.section	.gnu.lto_.jmpfuncs.a160b3867ba05e8c,"",%progbits
  22 0000 789C6365 		.ascii	"x\234ce`b0g@\000&0\311\310\300\300\3028\235\231\361"
  22      60623067 
  22      40002630 
  22      C9C8C0C0 
  22      C2389D99 
  23 0015 E9C9C96D 		.ascii	"\351\311\311m<}\314\363\231\031\030e\030\2273\312\000"
  23      3C7DCCF3 
  23      99191865 
  23      189733CA 
  23      00
  24 0026 6580A25D 		.ascii	"e\200\242]\277\256\367q@D9\030W\200D\031\0004\214\013"
  24      BFAEF771 
  24      40443918 
  24      57804419 
  24      00348C0B 
  25 003a 59       		.ascii	"Y"
  26              		.text
  27              		.section	.gnu.lto_.inline.a160b3867ba05e8c,"",%progbits
  28 0000 789C6365 		.ascii	"x\234ce`b\260b@\000&\006\006\036QF\006&\276{\001\014"
  28      6062B062 
  28      40002606 
  28      061E5146 
  28      0626BE7B 
  29 0016 6C0BE499 		.ascii	"l\013\344\231@b\214\\p\202AD\006()\363\340\026#\\\226"
  29      40628C5C 
  29      70824144 
ARM GAS  /tmp/ccjXMeVT.s 			page 2


  29      062829F3 
  29      E016235C 
  30 002b 9907AC8B 		.ascii	"\231\007\254\213\001\000\261z\005d"
  30      0100B17A 
  30      0564
  31              		.text
  32              		.section	.gnu.lto_.pureconst.a160b3867ba05e8c,"",%progbits
  33 0000 789C6365 		.ascii	"x\234ce`b`c`\000\222\273\030\031\245\000\003\273\000"
  33      60626063 
  33      600092BB 
  33      1819A500 
  33      03BB00
  34 0013 E6       		.ascii	"\346"
  35              		.text
  36              		.section	.gnu.lto_VectorB0.a160b3867ba05e8c,"",%progbits
  37 0000 789C8554 		.ascii	"x\234\205T]l\024U\024>\337\334\331\037v\213\365Q\015"
  37      5D6C1455 
  37      143EDFDC 
  37      D91F768B 
  37      F5510D
  38 0013 C16D4C1F 		.ascii	"\301mL\0370\330\001!\310\223\211\301\027\0226&\224\367"
  38      30D80121 
  38      C89389C1 
  38      17123626 
  38      94F7
  39 0025 A60EAB6D 		.ascii	"\246\016\253m\262\333%;\245\201\247\336\226\342\012"
  39      B2DB253B 
  39      A581A7DE 
  39      96E20A
  40 0034 26684C90 		.ascii	"&hL\220\256\332\014\261\211 \330\037\252\250[`Y[a\001"
  40      AEDA0CB1 
  40      8920D81F 
  40      AAA85B60 
  40      595B6101 
  41 0048 6D890D1A 		.ascii	"m\211\015\032\222\362\200\224Z\013E\0136T\023m\275\347"
  41      92F28094 
  41      5A0B450B 
  41      3654136D 
  41      BDE7
  42 005a EEB2965D 		.ascii	"\356\262\226]#\223\235\271{\317w\316=\3379\337\231\361"
  42      23939DB9 
  42      7BCF77CE 
  42      3DDF39DF 
  42      99F1
  43 006c 9041951E 		.ascii	"\220A\225\036\242y\"Z\257nx\010\306;\243Dm~\303\020"
  43      A279225A 
  43      AF6E7808 
  43      C63BA344 
  43      6D7EC310 
  44 0080 832B4906 		.ascii	"\203+I\006\314\037-\222\025\002f\336l\002\374G\372A"
  44      CC1F2D92 
  44      150266DE 
  44      6C02FC47 
  44      FA41
  45 0092 AD8630D1 		.ascii	"\255\2060\321\212\267\305!\201\241\344\317ic\325\021"
  45      8AB7C521 
  45      81A1E4CF 
ARM GAS  /tmp/ccjXMeVT.s 			page 3


  45      6963D511 
  46 00a2 A9AEECA1 		.ascii	"\251\256\354\241Le\233\334\373\204+\210R\352\346\013"
  46      4C659BDC 
  46      FB842B88 
  46      52EAE60B 
  47 00b2 47B08A94 		.ascii	"G\260\212\224\333\215\023\013\007\227{\315\274\035G"
  47      DB8D130B 
  47      07977BCD 
  47      BC1D47
  48 00c1 E1855AFB 		.ascii	"\341\205Z\373\306\220\225\013\213I\231\235\353\306\342"
  48      C690950B 
  48      8B49999D 
  48      EBC6E2
  49 00d0 2B0141AE 		.ascii	"+\001A\256J\307\017\242\375\312\221\363\275%\014^\305"
  49      4AC70FA2 
  49      FDCA91F3 
  49      BD250C5E 
  49      C5
  50 00e1 348606A7 		.ascii	"4\206\006\247\177M\0069\266Kp\346\367\366\016]\366\035"
  50      7F4D0639 
  50      B64B70E6 
  50      F7F60E5D 
  50      F61D
  51 00f3 10AE30C0 		.ascii	"\020\2560\300\031F{\346g\003\371-\2231\225\251\273\367"
  51      19467BE6 
  51      6703F92D 
  51      933195A9 
  51      BBF7
  52 0105 7ECEEFA2 		.ascii	"~\316\357\242\253M\355C\256\0208\206\025\370\004+\210"
  52      AB4DED43 
  52      AE103886 
  52      15F8042B 
  52      88
  53 0116 FD8F8DCC 		.ascii	"\375\217\215\314\375\356\263zdG\033c&\216\303E\247f"
  53      FDEEB37A 
  53      64471B63 
  53      268EC345 
  53      A766
  54 0128 8D4F61D1 		.ascii	"\215Oa\3214\366\374\365F\312\227Og\3463\236[\234\317"
  54      34F6FCF5 
  54      46CA974F 
  54      67E6339E 
  54      5B9CCF
  55 013b 56720AC0 		.ascii	"Vr\012\300@\217:\347&:\306\207\327\027|\224C\337L\372"
  55      408F3AE7 
  55      263AC687 
  55      D7177C94 
  55      43DF4CFA 
  56 014f CFE57907 		.ascii	"\317\345y\007B/'\"\256@\320\340J.`\356\227\337r\272"
  56      422F2722 
  56      AE40D0E0 
  56      4A2E60EE 
  56      97DF72BA 
  57 0163 80126E87 		.ascii	"\200\022n\207?\006=\212^\337\277\364\372a--\337T\271"
  57      3F063D8A 
  57      5EDFBFF4 
  57      FA612D2D 
ARM GAS  /tmp/ccjXMeVT.s 			page 4


  57      DF54B9
  58 0176 4EA8A849 		.ascii	"N\250\250I\030\034\370}G\377\207\202\355\0360\245\273"
  58      181CF87D 
  58      47FF8782 
  58      ED1E30A5 
  58      BB
  59 0187 23EF4F3C 		.ascii	"#\357O<\306[/Bj;u:y\005b\203\356\330\311\314\325\316"
  59      C65B2F42 
  59      6A3B753A 
  59      79056283 
  59      EED8C9CC 
  60 019d 4075B794 		.ascii	"@u\267\224\3552;\225{6u\365\246\224\357J\270\302\207"
  60      ED323B95 
  60      7B3675F5 
  60      A694EF4A 
  60      B8C287
  61 01b0 CF219452 		.ascii	"\317!\224R\370L\021\032(\224\201\223\250VA\311iy\306"
  61      F84C111A 
  61      28948193 
  61      A85641C9 
  61      6979C6
  62 01c3 E4F37C08 		.ascii	"\344\363|\010\341\013\205\335B\373\215\333\007\372\307"
  62      E10B85DD 
  62      42FB8DDB 
  62      07FAC7
  63 01d2 5054B923 		.ascii	"PT\271#?\014\367\324|q\261)\001*\301\246\216\257~\323"
  63      3F0CF7D4 
  63      7C71B129 
  63      012AC1A6 
  63      8EAF7ED3 
  64 01e6 267CC9A0 		.ascii	"&|\311\240Q\012N\364\205\242\204\257\030\023e\330\324"
  64      510A4EF4 
  64      85A284AF 
  64      181365D8 
  64      D4
  65 01f7 8B4F12D2 		.ascii	"\213O\022\322\214\231\245\330\330\007\2029\022\006\031"
  65      8C99A5D8 
  65      D8078239 
  65      120619
  66 0206 F62C9D3A 		.ascii	"\366,\235:\234\202WUp\232\307\016t\215\251~\344\016"
  66      9C825755 
  66      709AC70E 
  66      748DA97E 
  66      E40E
  67 0218 FC11A8BA 		.ascii	"\374\021\250\272\003Wv\252\376\372\331\273g\342\224"
  67      035776AA 
  67      FEFAD9BB 
  67      67E294
  68 0227 F49B8672 		.ascii	"\364\233\206r<\203*-\302\354\314\225qCY\220\201\251"
  68      3C832A2D 
  68      C2ECCC95 
  68      71435990 
  68      81A9
  69 0239 8B259CD5 		.ascii	"\213%\234\325]=\232\031\236\254\250\232-D/c\337{\275"
  69      5D3D9A19 
  69      9EACA89A 
  69      2D442F63 
ARM GAS  /tmp/ccjXMeVT.s 			page 5


  69      DF7BBD
  70 024c 033F0475 		.ascii	"\003?\004ut\226\243\361\265\232\344I\264\207t\343\210"
  70      7496A3F1 
  70      B59AE449 
  70      B48774E3 
  70      88
  71 025d 6E63CFF5 		.ascii	"nc\317\365\273\007\007^+\355\322\\\261K\336\207\030"
  71      BB07075E 
  71      2BEDD25C 
  71      B14BDE87 
  71      18
  72 026e 0F69C6C3 		.ascii	"\017i\306\303\320\326tzf\334\327\372\267\364\273\"\220"
  72      D0D6747A 
  72      66DCD7FA 
  72      B7F4BB22 
  72      90
  73 027f 529D6710 		.ascii	"R\235g\020\337\240UMM\360\201\356\017\253\271\341Qj"
  73      DFA0554D 
  73      4DF081EE 
  73      0FABB9E1 
  73      516A
  74 0291 9ED36A16 		.ascii	"\236\323j\026\207\310\247\032s\376\377\324\274_\344"
  74      87C8A71A 
  74      73FEFFD4 
  74      BC5FE4
  75 02a0 E92F5773 		.ascii	"\351/Ws\343>\245f\216\301e\345jnl\"\\`,P\206\345\236"
  75      E33EA566 
  75      8EC165E5 
  75      6A6E6C22 
  75      5C602C50 
  76 02b7 798A7091 		.ascii	"y\212p\221\261`)v\253K0G\302\245r5\277\325\275\371n"
  76      B1602976 
  76      AB4B3047 
  76      C2A57235 
  76      BFD5BDF9 
  77 02cc 899A0BEE 		.ascii	"\211\232\013\356O\231\340\003\241\316k\241F\264P\245"
  77      4F99E003 
  77      A1CE6BA1 
  77      46B450A5 
  78 02dc AA8C1655 		.ascii	"\252\214\026U\341\303\365\333i\352\357\013\353\263o"
  78      E1C3F5DB 
  78      69EAEF0B 
  78      EBB36F
  79 02eb 41BFEFE5 		.ascii	"A\277\357\345\035\257P\221\227\013\355\276\203\366\303"
  79      1DAF5091 
  79      970BEDBE 
  79      83F6C3
  80 02fa 8B2EB423 		.ascii	"\213.\264#_\373\325x\253\003T\212u55V\376\027w\254\206"
  80      5FFBD578 
  80      AB03548A 
  80      75353556 
  80      FE1777AC 
  81 030f FAA8B523 		.ascii	"\372\250\265#\236hv\254\332m\341u\317[[\266\274lm\333"
  81      9E6876AC 
  81      DA6DE175 
  81      CF5B5BB6 
  81      BC6C6DDB 
ARM GAS  /tmp/ccjXMeVT.s 			page 6


  82 0323 1C6E59CB 		.ascii	"\034nY\313H\235\323\\\027\215n\257\261\311\323R\037"
  82      489DD35C 
  82      178D6EAF 
  82      B1C9D352 
  82      1F
  83 0334 DD19796E 		.ascii	"\335\031yni\244\035\217\305\342M\205\340\227\266\206"
  83      69A41D8F 
  83      C5E24D85 
  83      E097B686 
  84 0344 37857759 		.ascii	"7\205wYv\203\035OD\352Z^\210\3254\320\332\377\360\216"
  84      76831D4F 
  84      44EA5A5E 
  84      88D534D0 
  84      DAFFF08E 
  85 0358 EC6AB636 		.ascii	"\354j\2666\205k7\327Z\215Mvt\347\366\210e\307\234F\247"
  85      856B37D7 
  85      5A8D4D76 
  85      74E7F688 
  85      65C79C46 
  86 036d EE75DB56 		.ascii	"\356u\333V\021O\2272\213;\352\221h\326k)\256\314\305"
  86      114F9732 
  86      8B3BEA91 
  86      68D66B29 
  86      AECCC5
  87 0380 331A9CDD 		.ascii	"3\032\234\335\216\302\037\017\327n\015\275Z\357Dv$\032"
  87      8EC21F0F 
  87      D76E0DBD 
  87      5AEF4476 
  87      241A
  88 0392 5787AAD7 		.ascii	"W\207\252\327\220\221 _,\022\213'v\323?\201\254\370"
  88      9091205F 
  88      2C128B27 
  88      76D33F81 
  88      ACF8
  89 03a4 0F       		.ascii	"\017"
  90              		.text
  91              		.section	.gnu.lto_st_lld_init.a160b3867ba05e8c,"",%progbits
  92 0000 789C9D94 		.ascii	"x\234\235\224\315O\023A\030\207\347\267\263\335n+\020"
  92      CD4F1341 
  92      1887E7B7 
  92      B3DD6E2B 
  92      10
  93 0011 F564620F 		.ascii	"\365db\017^\361\300\006\211\361\037\360b\002'\270\023"
  93      5EF1C006 
  93      89F11FF0 
  93      620227B8 
  93      13
  94 0022 A3074D48 		.ascii	"\243\007MH0B<\332E\244\325\232\000\211\021DC\266\221"
  94      30423CDA 
  94      45A4D59A 
  94      00891144 
  94      43B691
  95 0035 840A02B5 		.ascii	"\204\012\002\265\010H\313W\251(\240|i\242\230\020=\230"
  95      0848CB57 
  95      A928A07C 
  95      69A29810 
  95      3D98
ARM GAS  /tmp/ccjXMeVT.s 			page 7


  96 0047 60204862 		.ascii	"` Hb\244Qc\224:\357l?\0107:\351\316v>\366y\336wvf\035"
  96      A4516394 
  96      3AEF6C3F 
  96      08373AE9 
  96      CE763EF6 
  97 0061 4C610F1C 		.ascii	"La\017\034\214\235f\214\035\027\0278\203\322\272\304"
  97      8C9D668C 
  97      1D171738 
  97      83D2BAC4 
  98 0071 5883AE00 		.ascii	"X\203\256\000\364\307\324\301\274\012\274h\341\355\034"
  98      F4C7D4C1 
  98      BC0ABC68 
  98      E1ED1C
  99 0080 09FFD7A8 		.ascii	"\011\377\327\250R\0342E\211\267\217\034\365\231M\307"
  99      521C3245 
  99      89B78F1C 
  99      F5994DC7 
 100 0090 2CCE5887 		.ascii	",\316X\207\270\250 \204b&\246}\211\354\336+\324T\273"
 100      B8A82084 
 100      6226A67D 
 100      89ECDE2B 
 100      D454BB
 101 00a3 1F8FA141 		.ascii	"\037\217\241A\334\303\357\0207wS~3>\323\205\267\225"
 101      DCC3EF10 
 101      3777537E 
 101      333ED385 
 101      B795
 102 00b5 47146671 		.ascii	"G\024fq\341\023\225\203*\215*\306\002\342\021\362\336"
 102      E1139583 
 102      2A8D2AC6 
 102      02E211F2 
 102      DE
 103 00c6 E10ADDF9 		.ascii	"\341\012\335\371&\022\261\315\236\313\004\351\344\212"
 103      2612B1CD 
 103      9ECB04E9 
 103      E48A
 104 00d4 60B73525 		.ascii	"`\2675%\226\235\315\334\342\012H\265\026^\334\322\355"
 104      969DCDDC 
 104      E20A48B5 
 104      165EDCD2 
 104      ED
 105 00e5 A619BC65 		.ascii	"\246\031\274e\252d\237\013\024Z\350l\020A\236\2608G"
 105      AA649F0B 
 105      145AE86C 
 105      10419EB0 
 105      3847
 106 00f7 2F3CE881 		.ascii	"/<\350\201\207\321\364\351\346\215\356B\243\337\274"
 106      87D1F4E9 
 106      E68DEE42 
 106      A3DFBC
 107 0106 098BAB78 		.ascii	"\011\213\253x\002\013\367e\354\350\203\3016\321\370"
 107      020BF765 
 107      ECE883C1 
 107      36D1F8
 108 0115 DB075BC5 		.ascii	"\333\007[\305m\333\320\314\254O\342!J\277\200\210x\332"
 108      6DDBD0CC 
 108      AC4FE221 
ARM GAS  /tmp/ccjXMeVT.s 			page 8


 108      4ABF8088 
 108      78DA
 109 0127 5C34E540 		.ascii	"\\4\345@\242\201\234(\014C\320\211\023\353\351s\331"
 109      A2819C28 
 109      0C43D089 
 109      13EBE973 
 109      D9
 110 0138 32C7DEBC 		.ascii	"2\307\336\274\0342\257@\343\364\240n7\315x\253Y$\272"
 110      1C32AF40 
 110      E3F4A06E 
 110      37CD78AB 
 110      5924BA
 111 014b 563E8F7E 		.ascii	"V>\217~p\347|\032\"\302\3674\355\033\331\371\321R\220"
 111      70E77C1A 
 111      22C2F734 
 111      ED1BD9F9 
 111      D15290
 112 015e F50D4A1F 		.ascii	"\365\015J\037\255:\236\355K,\255\333^X\177\244\332\211"
 112      AD3A9EED 
 112      4B2CADDB 
 112      5E587FA4 
 112      DA89
 113 0170 998731B4 		.ascii	"\231\2071\264/\263\003\250\206s\252\021JM#Pr#|\273("
 113      2FB303A8 
 113      8673AA11 
 113      4A4D2350 
 113      72237CBB 
 114 0185 CDCA26E6 		.ascii	"\315\312&\346\224\211-\365\377\372\356\266\233\264\215"
 114      94892DF5 
 114      FFFAEEB6 
 114      9BB48D
 115 0194 E885750D 		.ascii	"\350\205u\015\374\234\325\323\266\340u\261\017t\214"
 115      FC9CD5D3 
 115      B6E075B1 
 115      0F748C
 116 01a3 0ADFF3B4 		.ascii	"\012\337\363\264\257w1\271\343$_\003\305\242\"*\215"
 116      AF7731B9 
 116      E3245F03 
 116      C5A2222A 
 116      8D
 117 01b4 0A196330 		.ascii	"\012\031c0\304\004\377\303\341\277 \244\212\2511`\314"
 117      C404FFC3 
 117      E1BF20A4 
 117      8AA93160 
 117      CC
 118 01c5 4E26B931 		.ascii	"N&\2711\232\215\341\200\206qi\220\233wB\032b\037\337"
 118      9A8DE180 
 118      86716990 
 118      9B77421A 
 118      621FDF
 119 01d8 9FB105A9 		.ascii	"\237\261\005\251\024\307dF\020\315W0%\005*\011\342R"
 119      14C76446 
 119      10CD5730 
 119      25052A09 
 119      E252
 120 01ea 905D2415 		.ascii	"\220]$\025\014\323\031~,?\276\013\011\311\027\007\233"
 120      0CD3197E 
ARM GAS  /tmp/ccjXMeVT.s 			page 9


 120      2C3FBE0B 
 120      09C91707 
 120      9B
 121 01fb 06536D91 		.ascii	"\006Sm\221OZi\230\006\203\203\362\235\275\200\201\223"
 121      4F5A6998 
 121      068383F2 
 121      9DBD8081 
 121      93
 122 020c 1EB91D67 		.ascii	"\036\271\035gP\232\363\215\345\233\317K\351\323\010"
 122      509AF38D 
 122      E59BCF4B 
 122      E9D308
 123 021b F84AB0B3 		.ascii	"\370J\260\263\300\361|\201\263\022\350$\340\334^\340"
 123      C0F17C81 
 123      B312E824 
 123      E0DC5EE0 
 124 022b 44BEC079 		.ascii	"D\276\300y\011\324\011\370Z\256\370\260\177!\342\266"
 124      09D409F8 
 124      5AAEF8B0 
 124      7F21E2B6 
 125 023b 571C7893 		.ascii	"W\034x\223\341O\346\313_\220|\027\361\027E\300\004\334"
 125      E14FE6CB 
 125      5F907C17 
 125      F11745C0 
 125      04DC
 126 024d 425330D4 		.ascii	"BS0\324\315\211GOD\243\337\326\234\336\177\246nqw\007"
 126      CD89474F 
 126      44A3DFD6 
 126      9CDE7FA6 
 126      6E717707 
 127 0261 1D182CC1 		.ascii	"\035\030,\301K\003\353\363w}\005\024\311!\301_\206\207"
 127      4B03EBF3 
 127      777D0514 
 127      C921C15F 
 127      8687
 128 0273 4EFF9FD5 		.ascii	"N\377\237\325f\335\356\322\261\002\217\305\013\3306"
 128      66DDEED2 
 128      B1028FC5 
 128      0BD836
 129 0282 6E04BB42 		.ascii	"n\004\273B\362\024\313\217m@0\304\027R\234\203\262\222"
 129      F214CB8F 
 129      6D4030C4 
 129      17529C83 
 129      B292
 130 0294 12C3FED5 		.ascii	"\022\303\376\325\326\031\227\316\327\030Wj\257\326\327"
 130      D61997CE 
 130      D718576A 
 130      AFD6D7
 131 02a3 19955515 		.ascii	"\031\225U\025e\247\214\362\362\263F\325\271\212k\245"
 131      65A78CF2 
 131      F2B346D5 
 131      B98A6BA5 
 132 02b3 34525D57 		.ascii	"4R]W_]Ss\261\344\002\373\017\340\350\343\030"
 132      5F5D5373 
 132      B1E402FB 
 132      0FE0E8E3 
 132      18
ARM GAS  /tmp/ccjXMeVT.s 			page 10


 133              		.text
 134              		.section	.gnu.lto_.symbol_nodes.a160b3867ba05e8c,"",%progbits
 135 0000 789C6365 		.ascii	"x\234ce`b(d\000\002\246\333\214\365\014\014\023\316"
 135      60622864 
 135      0002A6DB 
 135      8CF50C0C 
 135      13CE
 136 0012 313000A9 		.ascii	"10\000\251]\015\216@\221;\214\365\214(\"\214w\031\353"
 136      5D0D8E40 
 136      913B8CF5 
 136      8C28228C 
 136      7719EB
 137 0025 99C0220C 		.ascii	"\231\300\"\014\014\015\015\016@\201{\214\365\314(\002"
 137      0C0D0D0E 
 137      40817B8C 
 137      F5CC2802 
 138 0035 F719EB59 		.ascii	"\367\031\353Y\220\005\230\201\260\345\33016f\240=-\355"
 138      90059881 
 138      B0E5D831 
 138      3666A03D 
 138      2DED
 139 0047 6FE49919 		.ascii	"o\344\231\031Y\030\236\000i\006\000v\363\034\232"
 139      59189E00 
 139      69060076 
 139      F31C9A
 140              		.text
 141              		.section	.gnu.lto_.refs.a160b3867ba05e8c,"",%progbits
 142 0000 789C6365 		.ascii	"x\234ce`b`d\000\002\000\000I\000\011"
 142      60626064 
 142      00020000 
 142      490009
 143              		.text
 144              		.section	.gnu.lto_.decls.a160b3867ba05e8c,"",%progbits
 145 0000 789CB557 		.ascii	"x\234\265WkPTG\026\276}{x\0150Z\203\233uk\255J6a\013"
 145      6B505447 
 145      16BE7D7B 
 145      780D305A 
 145      839B756B 
 146 0019 B6523880 		.ascii	"\266R8\200U\033\177\354\017u\300HJbj \356\376\233B\034"
 146      551B7FEC 
 146      0F75C048 
 146      4A626A20 
 146      EEFE9B42 
 147 002e 2315180C 		.ascii	"#\025\030\014\214Y\375\265\027\301\027\370\010\342\013"
 147      8C59FDB5 
 147      17C117F8 
 147      08E20B
 148 003d 15459097 		.ascii	"\025E\220\227\202\342\013D\004\221Q\236\243AP\361\001"
 148      82E20B44 
 148      0491519E 
 148      A34150F1 
 148      01
 149 004e 88A8A841 		.ascii	"\210\250\250A\021Q\001q\325=\335}g\356\235\313\220J"
 149      11510171 
 149      D53DDD7D 
 149      67EE9DCB 
 149      904A
ARM GAS  /tmp/ccjXMeVT.s 			page 11


 150 0060 556A6FCD 		.ascii	"Ujo\315\231\276\247\357\351\257\277sN\337\356s\3358"
 150      99BEA7EF 
 150      E9AFBF73 
 150      4EDFEE73 
 150      DD38
 151 0072 9E1BFF88 		.ascii	"\236\033\377\210\343\246\2528n\001\342\270\017pa\216"
 151      E3A6AA38 
 151      6E01E2B8 
 151      0F70618E 
 152 0082 E3CA4040 		.ascii	"\343\312@@\345\3129v\271\201\234\0019\013r\016\244\026"
 152      E5CA3976 
 152      B9819C01 
 152      390B720E 
 152      A416
 153 0094 C4CA4DBC 		.ascii	"\304\312M\274~\200A>\320.\006\011\000\361\000\335\035"
 153      7E80413E 
 153      D02E0609 
 153      00F100DD 
 153      1D
 154 00a5 A419EEB5 		.ascii	"\244\031\356\265 \323DL_\350\323\202\370\201T\212s\275"
 154      20D3444C 
 154      5FE8D382 
 154      F881548A 
 154      73BD
 155 00b7 22FDE23C 		.ascii	"\"\375\342<\177\200\216?\202\374\011\344\317 \177\001"
 155      7F808E3F 
 155      82FC09E4 
 155      CF207F01 
 156 00c7 F90CB179 		.ascii	"\371\014\261y\377\012m\000\310\337@>G\214\217\362Z\211"
 156      FF0A6D00 
 156      C8DF403E 
 156      478C8FF2 
 156      5A89
 157 00d9 18969DC7 		.ascii	"\030\226\235\307W\240G\210<\242\2405 \211['\364E#\306"
 157      57A04788 
 157      3CA2A035 
 157      20895B27 
 157      F44523C6 
 158 00ed AB1E440D 		.ascii	"\253\036D\015\022\006\372\"\022\017\216\221\033\201"
 158      1206FA22 
 158      120F8E91 
 158      1B81
 159 00fb 06433B0A 		.ascii	"\006C;\012\3550\010\017\367/I+\306\304U,va\324\335T"
 159      ED30080F 
 159      F72F492B 
 159      C6C4552C 
 159      7661D4DD 
 160 0110 72046FC1 		.ascii	"r\004o\301(@\215Hd\247@\327\261\247Uo|Y\027\261\270"
 160      28408D48 
 160      64A740D7 
 160      B1A7556F 
 160      7C5917B1 
 161 0125 FBA678FE 		.ascii	"\373\246x\376\314R\201]\236\2744\264}\353\360!\017\354"
 161      CC52815D 
 161      9EBC34B4 
 161      7DEBF021 
 161      0FEC
ARM GAS  /tmp/ccjXMeVT.s 			page 12


 162 0137 4D8DAEA6 		.ascii	"M\215\256\246\225\357#0Z5R\201\372\342\362\236\373\032"
 162      95EF2330 
 162      5A355281 
 162      FAE2F29E 
 162      FB1A
 163 0149 50A7A9D1 		.ascii	"P\247\251\321'\2730\237\335\322Y\257B\201\352B\002Q"
 163      27BB309F 
 163      DDD259AF 
 163      4281EA42 
 163      0251
 164 015b 373A1C90 		.ascii	"7:\034\220\271^\020xt\024\251\321a\204Q\011\232I|\010"
 164      B95E1078 
 164      7414A9D1 
 164      61845109 
 164      9A497C08 
 165 016f 206E6D10 		.ascii	" nm\020\2045\302O\251\202\327\002\016\225\242\031\350"
 165      8435C24F 
 165      A982D702 
 165      0E95A219 
 165      E8
 166 0180 089AC1A1 		.ascii	"\010\232\301\2412\024H\330\020;T\014\235E\320\011\263"
 166      321448D8 
 166      103B540C 
 166      9D45D009 
 166      B3
 167 0191 941CCACC 		.ascii	"\224\034\312\314s\307fB\200o\250\275sS\205\324\201."
 167      73C76642 
 167      806FA8BD 
 167      735385D4 
 167      812E
 168 01a3 C71F7731 		.ascii	"\307\037w1\236q\371\260\377\323\206\265\204K9p9&q\001"
 168      9E71F9B0 
 168      FFD386B5 
 168      844B3970 
 168      39267101 
 169 01b7 6AA4815E 		.ascii	"j\244\201^\230\247b\363\305\032\276\007u!p\036M\245"
 169      98A762F3 
 169      C51ABE07 
 169      7521701E 
 169      4DA5
 170 01c9 EE23C4FE 		.ascii	"\356#\304\376\021\025\252~\260_\010\321~\350\345\351"
 170      1115AA7E 
 170      B05F08D1 
 170      7EE8E5E9 
 171 01d9 3F33A45D 		.ascii	"?3\244]\310>B\324yQ\345EH\372\023\007#\031\"{\314f\262"
 171      C83E42D4 
 171      7951E545 
 171      48FA1307 
 171      2319227B 
 172 01f0 5F2CEDEC 		.ascii	"_,\355\354\206\016\263\217F\2744\001B\362\0012@F[|\356"
 172      860EB38F 
 172      46BC3401 
 172      42F20132 
 172      40465B7C 
 173 0205 E0C749CE 		.ascii	"\340\307I\316!{\232_d\333\372\325wQ7\351\315\235\203"
 173      217B9A5F 
 173      64DBFAD5 
ARM GAS  /tmp/ccjXMeVT.s 			page 13


 173      775137E9 
 173      CD9D83
 174 0218 68DFB3E7 		.ascii	"h\337\263\347O\2134\370\"\242\271\277\364a\264n\012"
 174      4F8B34F8 
 174      22A2B9BF 
 174      F461B46E 
 174      0A
 175 0229 CB3D4F96 		.ascii	"\313=O\226\305\220-\307\233\345~*\250c)\327/\250\247"
 175      C5902DC7 
 175      9BE57E2A 
 175      A86329D7 
 175      2FA8A7
 176 023c EFA4AB27 		.ascii	"\357\244\253'U\230\312\243\305\037\241\012\310\301i"
 176      5598CAA3 
 176      C51FA10A 
 176      C8C169
 177 024b C801872A 		.ascii	"\310\001\207*\321t\370_\242bS\355x[\234\347\375i\256"
 177      D174F85F 
 177      A26253ED 
 177      785B9CE7 
 177      FD69AE
 178 025e 90DB2BD4 		.ascii	"\220\333+\324=\257\372GM\336:\241\015\206\315\241v\350"
 178      3DAFFA47 
 178      4DDE3AA1 
 178      0D86CDA1 
 178      76E8
 179 0270 94941EB8 		.ascii	"\224\224\036\270\205\377\223\350.B'P\0170?\203>%T7="
 179      85FF93E8 
 179      2E422750 
 179      0F303F83 
 179      3E255437 
 180 0285 CF9D8253 		.ascii	"\317\235\202SxJ\353bVN\237\273\010\326\323\354\223-"
 180      784AEB62 
 180      564E9FBB 
 180      08D6D3EC 
 180      932D
 181 0297 D4AD1148 		.ascii	"\324\255\021H\246\011T\225\004U\245\204:K\241\356\016"
 181      A6095495 
 181      0455A584 
 181      3A4BA1EE 
 181      0E
 182 02a8 BD6CF4C6 		.ascii	"\275l\364\306\233\031TV\321\355\365<@\365\302\212i\264"
 182      9B195456 
 182      D1EDF53C 
 182      40F5C28A 
 182      69B4
 183 02ba 05BE2B7F 		.ascii	"\005\276+\177 lP3R\325\022R5A\"7\347(\302\306J\353f"
 183      206C5033 
 183      52D51252 
 183      35412237 
 183      E728C2C6 
 184 02d1 8CAF3084 		.ascii	"\214\2570\204\227\215o\327z\212\010\255]\301WN\010i"
 184      978D6FD7 
 184      7A8A08AD 
 184      5DC1574E 
 184      0869
 185 02e3 6E747C8D 		.ascii	"nt|\2154\276\306>\276\226\216\337{\255/\237\307)\230"
ARM GAS  /tmp/ccjXMeVT.s 			page 14


 185      34BEC63E 
 185      BE968EDF 
 185      7BAD2F9F 
 185      C72998
 186 02f6 8EAF7F73 		.ascii	"\216\257\177sw\252\212g+\222\204\013\272\322\013\232"
 186      77AA8A67 
 186      2B92840B 
 186      BAD20B9A 
 187 0306 C7B1A3AF 		.ascii	"\307\261\243\257\016\321\316\326\253\303\235>\223F\273"
 187      0ED1CED6 
 187      ABC39D3E 
 187      9346BB
 188 0315 9E46FB02 		.ascii	"\236F\373\002\022\303]Z\331tC#\222\352\370ev6%\0056"
 188      12C35D5A 
 188      D9744323 
 188      92EAF865 
 188      76362505 
 189 032a E8BC44EA 		.ascii	"\350\274D\352\274\235\224\225\222\252\274\267\343\274"
 189      BC9D9495 
 189      92AABCB7 
 189      E3BC
 190 0338 17CBF54D 		.ascii	"\027\313\365M\002\261\247\372U\213\033\323=\311\343"
 190      02B1A7FA 
 190      558B1BD3 
 190      3DC9E3
 191 0347 C12395BE 		.ascii	"\301#\225\276,\367u\344qG\377\3014\037\366\270\215\350"
 191      2CF775E4 
 191      7147FFC1 
 191      341FF6B8 
 191      8DE8
 192 0359 D61B8D43 		.ascii	"\326\033\215C*\\\313|\332P\272\305\212\325\033\010\321"
 192      2A5CCB7C 
 192      DA50BAC5 
 192      8AD51B08 
 192      D1
 193 036a DFF2C2C2 		.ascii	"\337\362\302\302\010\233\355\355e7|\221\015\317\270"
 193      089BEDED 
 193      65377C91 
 193      0DCFB8
 194 0379 74BA41DC 		.ascii	"t\272A\334r\232\210\276\375\254\265\332\0337\262\207"
 194      729A88BE 
 194      FDACB5DA 
 194      1B37B287 
 195 0389 F7D3FBAC 		.ascii	"\367\323\373\254\356\330\306\024;+\255\310\352\300\235"
 195      EED8C614 
 195      3B2BADC8 
 195      EAC09D
 196 0398 D72D08B7 		.ascii	"\327-\010\267\261\207\325\225\347\032D\017\202e\253"
 196      B187D595 
 196      E71A440F 
 196      8265AB
 197 03a7 57CB566F 		.ascii	"W\313VoE\177s\203\2329$ \320k\332\273\346\340\353bN"
 197      457F7383 
 197      9A392420 
 197      D06BDABB 
 197      E6E0EB62 
 198 03bc 86CB8B44 		.ascii	"\206\313\213D\3470q'{\270m\012qG`\356\220~\273C\034"
ARM GAS  /tmp/ccjXMeVT.s 			page 15


 198      E7307127 
 198      7BB86D0A 
 198      714760EE 
 198      907EBB43 
 199 03d1 BA4E3614 		.ascii	"\272N6\024\244\233\201\2561Wn\215]\272\355\246\375\211"
 199      A49B81AE 
 199      31576E8D 
 199      5DBAEDA6 
 199      FD89
 200 03e3 5A0BC227 		.ascii	"Z\013\302'*\232\304v0\277J\315o \255}\020}\305v\014"
 200      2A9AC476 
 200      30BF4ACD 
 200      6F20AD7D 
 200      107DC576 
 201 03f8 6AE4C6CD 		.ascii	"j\344\306\315\277f|4\277`\227\032\337b$\367\276\354"
 201      BF667C34 
 201      BF60971A 
 201      DF6224F7 
 201      BEEC
 202 040a 7E22262C 		.ascii	"~\"&,\020\324\302\221\352TO\334\315\236e\325\346\\\366"
 202      10D4C291 
 202      EA544FDC 
 202      CD9E65D5 
 202      E65CF6
 203 041d C0F79862 		.ascii	"\300\367\230b\337\262\265t\313Fk:\347\341\207\354\311"
 203      DFB2B574 
 203      CB466B3A 
 203      E7E187EC 
 203      C9
 204 042e F9CC6DDD 		.ascii	"\371\314m\335\010?a\312`\332\303^1>\323\311\033\333"
 204      083F61CA 
 204      60DAC35E 
 204      313ED3C9 
 204      1BDB
 205 0440 3A108007 		.ascii	":\020\200\007\331\243\367M\326\000\374\212\3357T\024"
 205      D9A3F74D 
 205      D600FC8A 
 205      DD375414 
 206 0450 17213CCE 		.ascii	"\027!<\316\224\341=\015\003j\374\236)\271\355\373\316"
 206      94E13D0D 
 206      036AFC9E 
 206      29B9EDFB 
 206      CE
 207 0461 78E21415 		.ascii	"x\342\024\025U\012\307v\026\372\340uL\271Vu}\2037\316"
 207      550AC776 
 207      16FAE075 
 207      4CB95675 
 207      7D8337CE 
 208 0475 60CA86E3 		.ascii	"`\312\206\343\307w{\343\255LYS}+S\334az\211\376\240"
 208      C7777BE3 
 208      AD4C5953 
 208      7D2B53DC 
 208      617A89FE 
 209 048a E041AE97 		.ascii	"\340A\256\227\230\025w\362*\264\333F\021\316b\306\351"
 209      981577F2 
 209      2AB4DB46 
 209      11CE62C6 
ARM GAS  /tmp/ccjXMeVT.s 			page 16


 209      E9
 210 049b 151D3DAA 		.ascii	"\025\035=\252I\3630`\317C0M\303\216\232\035\2475\312"
 210      49F33060 
 210      CF43304D 
 210      C38E9A1D 
 210      A735CA
 211 04ae 343480F5 		.ascii	"44\200\365%j\375\224Fv\300\036\331\266\207\371\005*"
 211      256AFD94 
 211      4676C01E 
 211      D9B687F9 
 211      052A
 212 04c0 651E26B3 		.ascii	"e\036&\263\376\350y\372\205\327\276\310\337\337\337"
 212      FEE879FA 
 212      85D7BEC8 
 212      DFDFDF
 213 04cf CF5F7605 		.ascii	"\317_v\005\322\377<!-\025\366\222\014\374\270\354\312"
 213      D2FF3C21 
 213      2D15F692 
 213      0CFCB8EC 
 213      CA
 214 04e0 2621B71E 		.ascii	"&!\267\036Q\250\237\341\275{\201\374\244\367\340\012"
 214      51A89FE1 
 214      BD7B81FC 
 214      A4F7E00A 
 215 04f0 C52D25FF 		.ascii	"\305-%\377\034\033\322g\206\215,\015S\363&\245y\343"
 215      1C1BD267 
 215      868D2C0D 
 215      53F326A5 
 215      79E3
 216 0502 04F31699 		.ascii	"\004\363\026\231\371e\245y+5\017!\326\231\242OsT\034"
 216      F965A579 
 216      2B350F21 
 216      D699A24F 
 216      73541C
 217 0515 7A02CF1F 		.ascii	"z\002\317\037\323G\304\032\336A\364\036^\307\227\310"
 217      D347C41A 
 217      DE41F41E 
 217      5EC797C8 
 218 0525 1F0D838C 		.ascii	"\037\015\203\214\203\214\202\274\002Y\303\373\243\021"
 218      838C82BC 
 218      0259C3FB 
 218      A311
 219 0533 68DF818C 		.ascii	"h\337\201\214\201\274\005\371\000\"@\377\033hS\241\035"
 219      81BC05F9 
 219      002240FF 
 219      1B6853A1 
 219      1D
 220 0544 847608E4 		.ascii	"\204v\010\344\277 \257A\236\203\244\360\376tSa\034o"
 220      BF20AF41 
 220      9E83A4F0 
 220      FE745361 
 220      1C6F
 221 0556 C74B1CFB 		.ascii	"\307K\034\373\225\034uJ\217\332e\326\217\\Z\207H\306"
 221      951C754A 
 221      8FDA65D6 
 221      8F5C5A87 
 221      48C6
ARM GAS  /tmp/ccjXMeVT.s 			page 17


 222 0568 C332E3FB 		.ascii	"\3032\343\373J\343\253Ha}[\026\254\026\327\261\225Y"
 222      4AE3AB48 
 222      617D5B16 
 222      AC16D7B1 
 222      9559
 223 057a D72748D6 		.ascii	"\327'H\326\367\224\326w\225\326\277\310\230<PZ_\232"
 223      F794D677 
 223      95D6BFC8 
 223      983C505A 
 223      5F9A
 224 058c 90B77619 		.ascii	"\220\267v\031x\217\322\274K\011>,\263\276\251\264nS"
 224      788FD2BC 
 224      4B093E2C 
 224      B3BEA9B4 
 224      6E53
 225 059e 5AF7C9A8 		.ascii	"Z\367\311\250<tME\036\024\031v\267k&N\304e1\264\271"
 225      3C744D45 
 225      1E141976 
 225      B76B264E 
 225      C46531B4 
 226 05b3 5E704EEB 		.ascii	"^pN\353S\206\336\353:\210\314\234\225kW\236jS\004\001"
 226      5386DEEB 
 226      3A88CC9C 
 226      956B579E 
 226      6A530401 
 227 05c7 11334E3C 		.ascii	"\0213N<\241\244u\324\377L\233\225*4\005S\260;J\260["
 227      A1A475D4 
 227      FF4C9B95 
 227      2A340553 
 227      B03B4AB0 
 228 05dc 1332229B 		.ascii	"\0232\"\233\372\266kk\007\323\02407\247P\363gH\213~"
 228      FAB66B6B 
 228      07D31430 
 228      37A750F3 
 228      67488B7E 
 229 05f0 11CDEDAF 		.ascii	"\021\315\355\257>\272\250\004\037\227\305\270\317\365"
 229      3EBAA804 
 229      1F97C5B8 
 229      CFF5
 230 05fe C293838F 		.ascii	"\302\223\203\217'0\360N\000\357\020\315\355\373\273"
 230      2730F04E 
 230      00EF10CD 
 230      EDFBBB
 231 060d 9840664E 		.ascii	"\230@fN*v\333\215b\015n\245\233\035_\277\377\\6T\326"
 231      2A76DB8D 
 231      620D6EA5 
 231      9B1D5FBF 
 231      FF5C3654 
 232 0622 7E2C3C23 		.ascii	"~,<#\203\356P\242\243u\274\037J\343\035G8\011\226\353"
 232      83EE50A2 
 232      A375BC1F 
 232      4AE31D47 
 232      380996EB 
 233 0636 371CADE5 		.ascii	"7\034\255\345\003\377\357/99\031\236l\275\307\373\244"
 233      03FFEF2F 
 233      3939199E 
 233      6CBDC7FB 
ARM GAS  /tmp/ccjXMeVT.s 			page 18


 233      A4
 234 0647 3B4A73CA 		.ascii	";Js\312P\332\223\327\363>\264\304\200\026\214\257\217"
 234      50DA93D7 
 234      F33EB4C4 
 234      80168CAF 
 234      8F
 235 0658 D58CFBE0 		.ascii	"\325\214\373\340N\352\237\2527\177x\300\035\005\316"
 235      4EEA9FAA 
 235      377F78C0 
 235      1D05CE
 236 0667 40480D52 		.ascii	"@H\015Rh\377\012\341P\006\257F\033xl\377\222\331#\300"
 236      68FF0AE1 
 236      5006AF46 
 236      1B786CFF 
 236      92D923C0 
 237 067b 863FF41F 		.ascii	"\206?\364\037\322\315>!\206\362\004<\235C\263\350F\217"
 237      D2CD3E21 
 237      86F2043C 
 237      9D43B3E8 
 237      468F
 238 068d 36829FE4 		.ascii	"6\202\237\344\021\2076\3613P:?\003\006x\322\036\230"
 238      118736F1 
 238      33503A3F 
 238      030678D2 
 238      1E98
 239 069f 70D3B3AB 		.ascii	"p\323\263\253\273}\244]\035Ql\251h\332\314K\273:Q\310"
 239      BB7DA45D 
 239      1D516CA9 
 239      68DACC4B 
 239      BB3A51C8 
 240 06b3 F9F3B6EC 		.ascii	"\371\363\266\354\254xV\222\343g\364X\356\025\337IO\234"
 240      AC785692 
 240      E367F458 
 240      EE15DF49 
 240      4F9C
 241 06c5 ADBC78E2 		.ascii	"\255\274x\342l\341\351\221\363*}\355\250X\267x\200Z"
 241      6CE1E991 
 241      F32A7DED 
 241      A858B778 
 241      805A
 242 06d7 DCBF6F8B 		.ascii	"\334\277o\213\017;\313f\203z\247\255\264\301WI&\023"
 242      0F3BCB66 
 242      837AA7AD 
 242      B4C15749 
 242      2613
 243 06e9 48FFC413 		.ascii	"H\377\304\023\260m\224\014\205\244\012\251T\307:{|\344"
 243      B06D940C 
 243      85A40AA9 
 243      54C73A7B 
 243      7CE4
 244 06fb C12565A5 		.ascii	"\301%e\2454}\026\357c_\010Y4\276\217\212\204Q\015\356"
 244      347D16EF 
 244      635F0859 
 244      34BE8F8A 
 244      84510DEE 
 245 070f 6287E5C6 		.ascii	"b\207\345\306\343\035\264\342\256\203\"\371C\016\336"
 245      E31DB4E2 
ARM GAS  /tmp/ccjXMeVT.s 			page 19


 245      AE8322F9 
 245      430EDE
 246 071e 78BCBC39 		.ascii	"x\274\2749E\230\226\346EA\266Kkh;\257\250\222w\360\244"
 246      459896E6 
 246      4541B64B 
 246      6B683BAF 
 246      A89277F0 
 247 0733 1C1C1A69 		.ascii	"\034\034\032i\315\304x\253\033\305:\330r\370>\026\261"
 247      CDC478AB 
 247      1BC53AD8 
 247      72F83E16 
 247      B1
 248 0744 5ABB660F 		.ascii	"Z\273f\017\234\020\004\370\264\202\017?\202\265S\302"
 248      9C1004F8 
 248      B4820F3F 
 248      82B553C2 
 249 0754 DAA9C4DA 		.ascii	"\332\251\304\332E\261\254#7\312<p.\303Z\267\275\344"
 249      45B1AC23 
 249      37CA3C70 
 249      2EC35AB7 
 249      BDE4
 250 0766 BD9B8865 		.ascii	"\275\233\210e\265\371\037\310\247_\002\271\013X\321"
 250      B5F91FC8 
 250      A75F02B9 
 250      0B58D1
 251 0775 BD5B02DB 		.ascii	"\275[\002\333\255\004\313\246`\205\243c\031\032|\222"
 251      AD04CBA6 
 251      6085A363 
 251      191A7C92 
 252 0785 81AD7D37 		.ascii	"\201\255}7\334\253\021\301\332\367`\366%p\220}\011\354"
 252      DCAB11C1 
 252      DAF760F6 
 252      2570907D 
 252      09EC
 253 0797 91A0F628 		.ascii	"\221\240\366(\241\366R\250\316\376\372\245\270\206!"
 253      A1F652A8 
 253      CEFEFAA5 
 253      B88621
 254 07a6 1D2EDB5F 		.ascii	"\035.\333_\016\357\036S2\352\255\373\334\241\000G9t"
 254      0EEF1E53 
 254      32EAADFB 
 254      DCA10047 
 254      3974
 255 07b8 1DBAAED2 		.ascii	"\035\272\256\322/\226\037y\247\231\264 \317\345IA~\200"
 255      2F961F79 
 255      A799B420 
 255      CFE54941 
 255      7E80
 256 07ca 170BF2FE 		.ascii	"\027\013\362\376\275;"
 256      BD3B
 257 07d0 CBEDD9F8 		.ascii	"\313\355\331\370\271\032o)\351\201\332 E\230\323\304"
 257      B91A6F29 
 257      E981DA20 
 257      4598D3C4 
 258 07e0 134BB4CF 		.ascii	"\023K\264\317\316\025\355\347UDs\246{\220\322\035{}"
 258      CE15EDE7 
 258      554473A6 
ARM GAS  /tmp/ccjXMeVT.s 			page 20


 258      7B90D21D 
 258      7B7D
 259 07f2 E18227CE 		.ascii	"\341\202'\316p\247\024k*\236u )\275[O\312\323\233'\271"
 259      70A7146B 
 259      2A9E7520 
 259      29BD5B4F 
 259      CAD39B27 
 260 0807 9EA7C4CA 		.ascii	"\236\247\304\312\247Xy7o\235p\307\007\030\226mo\306"
 260      A7587937 
 260      6F9D70C7 
 260      0718966D 
 260      6FC6
 261 0819 4B2F11AB 		.ascii	"K/\021\253o\243s\024\017IP\207\224P\005\024j{A\343F"
 261      6FA37314 
 261      0F495087 
 261      94500514 
 261      6A7B41E3 
 262 082e 153EC5A0 		.ascii	"\025>\305\240\232\317\217\037us\254\224\300A\247\225"
 262      9ACF8F1F 
 262      7573AC94 
 262      C041A795 
 263 083e 52286115 		.ascii	"R(a\025*\261\212(V\363\203\262z\015ndX\331\267\007v"
 263      2AB18A28 
 263      56F383B2 
 263      7A0D6E64 
 263      58D9B707 
 264 0853 7B39564A 		.ascii	"{9VJp\261\363J)\226\300\212\225`%\024\254\367\300\243"
 264      70B1F34A 
 264      2996C08A 
 264      95602514 
 264      ACF7C0A3 
 265 0867 2C5FDCC5 		.ascii	",_\334\305\300Zk\363\257\333\211\265\3478\373xX\202"
 265      C05A6BF3 
 265      AFDB89B5 
 265      E738FB78 
 265      5882
 266 0879 3AAC843A 		.ascii	":\254\204:B\241\356u?J\327\340\307\014jWU\337\220\006"
 266      42A1EE75 
 266      3F4AD7E0 
 266      C70C6A57 
 266      55DF9006 
 267 088d 0F3325D3 		.ascii	"\0173%\323\372\372\2457\036a\312\345\215\333v\360\370"
 267      FAFAA537 
 267      1E61CAE5 
 267      8DDB76F0 
 267      F8
 268 089e 2D535EB4 		.ascii	"-S^\264Y\323\275p\252\007+]/\334Z\347\2053\230r\360"
 268      59D3BD70 
 268      AA072B5D 
 268      2FDC5AE7 
 268      85339872 
 269 08b3 7155D614 		.ascii	"qU\326\024\274\215)\347\356\234\326\341\275\354\276"
 269      BC8D29E7 
 269      EE9CD6E1 
 269      BDECBE
 270 08c2 A46AF33D 		.ascii	"\244j\363=7|\210)\367+\323FT\270\230)mg{\037jp\031S"
 270      377C8829 
ARM GAS  /tmp/ccjXMeVT.s 			page 21


 270      F72BD346 
 270      54B89829 
 270      6D677B1F 
 271 08da 4ED5BC28 		.ascii	"N\325\274(\260\027\311\344\373\244\365\306\301\243n"
 271      B017C9E4 
 271      FBA4F5C6 
 271      C1A36E
 272 08e9 B89C3ED4 		.ascii	"\270\234>\324<\177\227z\317\033\211%\251\037\253J\331"
 272      3C7F977A 
 272      CF1B8925 
 272      A91FAB4A 
 272      D9
 273 08fa C9353A88 		.ascii	"\3115:\210[\313Z\244\232\364\004\270]\307OV6\301\246"
 273      5BCB5AA4 
 273      9AF404B8 
 273      5DC74F56 
 273      36C1A6
 274 090d 53D7F36C 		.ascii	"S\327\363lz&=w\311\252/U\232O8w\033\236j\2679\216\351"
 274      7A263D77 
 274      C9AA2F55 
 274      9A4F3877 
 274      1B9E6AB7 
 275 0924 D34AF309 		.ascii	"\323J\363\011\365\236\274p*WZO(\263\344\265\315q\327"
 275      F59EBC70 
 275      2A575A4F 
 275      28B3E4B5 
 275      CD71D7
 276 0937 CC9DAA69 		.ascii	"\314\235\252iY\015p\3065\363\311j\317\223Jsy\021'?l"
 276      590D70C6 
 276      35F3C96A 
 276      CF934A73 
 276      7911273F 
 277 094c 2B61F366 		.ascii	"+a\363fG81''\255\025N\243KpjV\203\324\203\234\007\251"
 277      47383127 
 277      27AD154E 
 277      A34B706A 
 277      5683D483 
 278 0963 02A90139 		.ascii	"\002\251\0019\007r\021\244\001\344\002\310Y\220Z\247"
 278      077211A4 
 278      01E402C8 
 278      59905AA7 
 279 0973 72595E77 		.ascii	"rY^w\226)IL,\310Zd\234O\271\346\034\"\025X\203\003\254"
 279      9629494C 
 279      2CC85A64 
 279      9C4FB9E6 
 279      1C221558 
 280 098a C002AB89 		.ascii	"\300\002\253\211\005\326\210<s\307\\\347B>\365\370\367"
 280      05D6883C 
 280      73C75CE7 
 280      423EF5F8 
 280      F7
 281 099b D2D4152E 		.ascii	"\322\324\025.\023=I\305t\324\265[!b\005\364\272\264"
 281      133D49C5 
 281      74D4B55B 
 281      216205F4 
 281      BAB4
 282 09ad B4DB1B3F 		.ascii	"\264\333\033?\247+\231?Y\3734\307\303Q\001\015>\243"
ARM GAS  /tmp/ccjXMeVT.s 			page 22


 282      A72B993F 
 282      59FB34C7 
 282      C351010D 
 282      3EA3
 283 09bf 1550330C 		.ascii	"\025P3\014n\224\336W\342\215\353\244\240&\310\305\357"
 283      6E94DE57 
 283      E28DEBA4 
 283      A026C8C5 
 283      EF
 284 09d0 CD0B504A 		.ascii	"\315\013PJ\255X\277\013\313\017\341f\247\012\247E\254"
 284      AD58BF0B 
 284      CB0FE166 
 284      A70AA745 
 284      AC
 285 09e1 705AE809 		.ascii	"pZ\350\011l\355./\367\304o)\177\325\373\276\216\032"
 285      6CED2E2F 
 285      F7C46F29 
 285      7FD5FBBE 
 285      8E1A
 286 09f3 4FE4072F 		.ascii	"O\344\007/\240\234\237\364Qi\023\311]\006rW`\322\237"
 286      A09C9FF4 
 286      516913C9 
 286      5D067257 
 286      60D29F
 287 0a06 C549C58A 		.ascii	"\305I\305\212\257\231\345\313\346*_\015-\262|\265B8"
 287      AF99E5CB 
 287      E62A5F0D 
 287      2DB27CB5 
 287      4238
 288 0a18 6CBF9680 		.ascii	"l\277\226\200\226\257\234\2635\321\330Q\202\356~\360"
 288      96AF9CB3 
 288      35D1D851 
 288      82EE7EF0 
 289 0a28 0E8AF535 		.ascii	"\016\212\3655\2364\001[K\216\264\2719\022p\243EE\022"
 289      9E34015B 
 289      4B8EB4B9 
 289      391270A3 
 289      454512
 290 0a3b D00E83DB 		.ascii	"\320\016\203\333\244\004\330&$\300Q:_\005\277&\363\221"
 290      A404D826 
 290      24C0513A 
 290      5F05BF26 
 290      F391
 291 0a4d EC82ED77 		.ascii	"\354\202\355wO\373\312\003\333\356\024\330\0161\260"
 291      4FFBCA03 
 291      DBEE14D8 
 291      0E31B0
 292 0a5c 1D34B04F 		.ascii	"\0354\260O\273N4\253\344\306\365N\245\3205\321\230\264"
 292      BB4E34AB 
 292      E4C6F54E 
 292      A5D035D1 
 292      98B4
 293 0a6e 9E5F7EFD 		.ascii	"\236_~\375\355'\372\220\020Nm4\256\2143[f\205\032-\377"
 293      ED27FA90 
 293      104E6D34 
 293      AE8C335B 
 293      66851A2D 
ARM GAS  /tmp/ccjXMeVT.s 			page 23


 294 0a83 D425AEB0 		.ascii	"\324%\256\260\350\276\213\215\015\212IJ\0102'\232MA"
 294      E8BE8B8D 
 294      0D8A494A 
 294      0832279A 
 294      4D41
 295 0a95 A6982571 		.ascii	"\246\230%qA\177\017\012\015\016\371\"\350\207\320\240"
 295      417F0F0A 
 295      0D0EF922 
 295      E887D0A0 
 296 0aa5 952B96C6 		.ascii	"\225+\226\306XL:\247\307\2728sl\374\312\245&]BL\354"
 296      584C3AA7 
 296      C7BA3873 
 296      6CFCCAA5 
 296      265D424C 
 297 0aba F238B349 		.ascii	"\3628\263Ig\\jZ\026\2632\336b\264\254^aJ\236\271\234"
 297      675C6A5A 
 297      16B332DE 
 297      62B4AC5E 
 297      614A9EB9 
 298 0acf F3B44FB0 		.ascii	"\363\264O\260\360\367M\220\274:YgL\266,\0054\202\272"
 298      F0F74D90 
 298      BC3A5967 
 298      4CB62C05 
 298      3482BA
 299 0ae2 D8146B49 		.ascii	"\330\024kIL\232\027<k\346L\035\373%&\353\226\307\304"
 299      4C9A173C 
 299      6BE64C1D 
 299      FB2526EB 
 299      96C7C4
 300 0af5 EB562426 		.ascii	"\353V$&Y\222uQ\321\221\263Bu\013\027\206\351\242#\""
 300      59927551 
 300      D191B342 
 300      750B1786 
 300      E9A22322 
 301 0b09 7F0C214F 		.ascii	"\177\014!O`\2601>~\351\314X\316\233\335\031\343\314"
 301      60B0313E 
 301      7EE9CC58 
 301      CE9BDD19 
 301      E3CC
 302 0b1b 7116AD91 		.ascii	"q\026\255\221\0140\306%\375`4\255\210\213O\374n\245"
 302      0C30C625 
 302      FD6034AD 
 302      888B4FFC 
 302      6EA5
 303 0b2d 29480E19 		.ascii	")H\016\031\233\230\220\220h\026Q\347\032\"\365\221\253"
 303      9B989090 
 303      681651E7 
 303      1A22F591 
 303      AB
 304 0b3e 74B1CB63 		.ascii	"t\261\313c\023\223L\306\037\277H\000&\332\330\345Q\253"
 304      13934CC6 
 304      1FBF4800 
 304      26DAD8E5 
 304      51AB
 305 0b50 93A3E312 		.ascii	"\223\243\343\022LI\013b\314K\343MI\021\037\313\001\222"
 305      4C490B62 
 305      CC4BE34D 
ARM GAS  /tmp/ccjXMeVT.s 			page 24


 305      49111FCB 
 305      0192
 306 0b62 2C0E1762 		.ascii	",\016\027b\227\203\0230d\252\371\307\270\330ps\314\222"
 306      97831330 
 306      64AAF9C7 
 306      B8D87073 
 306      CC92
 307 0b74 781373E3 		.ascii	"x\023s\343s\327N\210s\213\263\222A0\330M\257\2174\314"
 307      73D74E88 
 307      738BB392 
 307      4130D84D 
 307      AF8F34CC 
 308 0b88 E2171954 		.ascii	"\342\027\031Ta\221s\0158LoP\315\013\2136`\275\336\200"
 308      6191730D 
 308      384C6F50 
 308      CD0B8B36 
 308      60BDDE80 
 309 0b9c 0D20730D 		.ascii	"\015 s\015\006\374M\224\036\353\277\216V\351\365\341"
 309      06FC4D94 
 309      1EEBBF8E 
 309      56E9F5E1 
 310 0bac 066A1F4A 		.ascii	"\006j\037J\377Cp\370\227\006>\012FF\204\033TQ\221`\255"
 310      FF4370F8 
 310      97063E0A 
 310      4646841B 
 310      54519160 
 311 0bc1 37848284 		.ascii	"7\204\202\204\200\345\277\014\241\277-\224\311\226\004"
 311      80E5BF0C 
 311      A1BF2D94 
 311      C99604
 312 0bd0 92CE38E2 		.ascii	"\222\3168\342\274\267C1ZT\261\313c\222\264\211\3111"
 312      BCB74331 
 312      5A54B1CB 
 312      6392B489 
 312      C931
 313 0be2 F1108F85 		.ascii	"\361\020\217\205\211\261\337\317OJL\210\2102|\254\204"
 313      89B1DFCF 
 313      4F4A4C88 
 313      88327CAC 
 313      84
 314 0bf3 2526242C 		.ascii	"%&$,\244%\321\240\001\224\015\320\322\214\304C\207q"
 314      A425D1A0 
 314      01940DD0 
 314      D28CC443 
 314      8771
 315 0c05 19F418E3 		.ascii	"\031\364\030\343\222\223\274\034]\276Fc\262\311b\234"
 315      9293BC1C 
 315      5DBE4663 
 315      B2C9629C 
 316 0c15 37372AFC 		.ascii	"77*\374\033C\204oL\374\277cV'C&\343a\361\205\270H\234"
 316      1B43846F 
 316      4CFCBF63 
 316      56274326 
 316      E361F185 
 317 0c2c 699545A7 		.ascii	"i\225E\247\217\214\212\210\222\262\220\220\034\227l"
 317      8F8C8A88 
 317      92B29090 
ARM GAS  /tmp/ccjXMeVT.s 			page 25


 317      1C976C
 318 0c3b 84750873 		.ascii	"\204u\010s\373\021\016\213\234\2637Mt\341[s\274\214"
 318      FB110E8B 
 318      9CB3374D 
 318      74E15B73 
 318      BC8C
 319 0c4d 1325E9D4 		.ascii	"\023%\351\3245\215rZiv\"\352-\353\3642\204G\205\033"
 319      358D725A 
 319      697622EA 
 319      2DEBF432 
 319      8447851B 
 320 0c61 16878705 		.ascii	"\026\207\207\005c}\024\311\222\336\3401\367\233y!\341"
 320      637D14C9 
 320      92DEE031 
 320      F79B7921 
 320      E1
 321 0c72 5FD33614 		.ascii	"_\3236\024Z\367\271\013\346A\343I\272\015Q\321\364&"
 321      5AF7B90B 
 321      E641E349 
 321      BA0D51D1 
 321      F426
 322 0c84 94DC607D 		.ascii	"\224\334`}\204A\245\237\017\351\322C\006\241\015\235"
 322      8441A59F 
 322      0FE9D243 
 322      06A10D9D 
 323 0c94 FDABCE45 		.ascii	"\375\253\316EE\263<\315\017Y\265\212ehYHp\360\252%$"
 323      45B33CCD 
 323      0F59B58A 
 323      65685948 
 323      70F0AA25 
 324 0ca9 4706BDDE 		.ascii	"G\006\275\336\030\015oc\230i\231{D\230~QX\270&l\336"
 324      180D6F63 
 324      9869997B 
 324      44987E51 
 324      58B8266C 
 325 0cbe 9791FA6F 		.ascii	"\227\221\372o\355\275\377\003\224\205\344\025"
 325      EDBDFF03 
 325      9485E415 
 326              		.text
 327              		.section	.gnu.lto_.symtab.a160b3867ba05e8c,"",%progbits
 328 0000 56656374 		.ascii	"VectorB0\000"
 328      6F724230 
 328      00
 329 0009 00       		.ascii	"\000"
 330 000a 00       		.ascii	"\000"
 331 000b 00       		.ascii	"\000"
 332 000c 00000000 		.ascii	"\000\000\000\000\000\000\000\000"
 332      00000000 
 333 0014 B8000000 		.ascii	"\270\000\000\000"
 334 0018 73745F6C 		.ascii	"st_lld_init\000"
 334      6C645F69 
 334      6E697400 
 335 0024 00       		.ascii	"\000"
 336 0025 00       		.ascii	"\000"
 337 0026 00       		.ascii	"\000"
 338 0027 00000000 		.ascii	"\000\000\000\000\000\000\000\000"
 338      00000000 
ARM GAS  /tmp/ccjXMeVT.s 			page 26


 339 002f BA000000 		.ascii	"\272\000\000\000"
 340 0033 5F706F72 		.ascii	"_port_irq_epilogue\000"
 340      745F6972 
 340      715F6570 
 340      696C6F67 
 340      756500
 341 0046 00       		.ascii	"\000"
 342 0047 02       		.ascii	"\002"
 343 0048 00       		.ascii	"\000"
 344 0049 00000000 		.ascii	"\000\000\000\000\000\000\000\000"
 344      00000000 
 345 0051 BC000000 		.ascii	"\274\000\000\000"
 346 0055 63685379 		.ascii	"chSysTimerHandlerI\000"
 346      7354696D 
 346      65724861 
 346      6E646C65 
 346      724900
 347 0068 00       		.ascii	"\000"
 348 0069 02       		.ascii	"\002"
 349 006a 00       		.ascii	"\000"
 350 006b 00000000 		.ascii	"\000\000\000\000\000\000\000\000"
 350      00000000 
 351 0073 BE000000 		.ascii	"\276\000\000\000"
 352 0077 6E766963 		.ascii	"nvicEnableVector\000"
 352      456E6162 
 352      6C655665 
 352      63746F72 
 352      00
 353 0088 00       		.ascii	"\000"
 354 0089 02       		.ascii	"\002"
 355 008a 00       		.ascii	"\000"
 356 008b 00000000 		.ascii	"\000\000\000\000\000\000\000\000"
 356      00000000 
 357 0093 C3000000 		.ascii	"\303\000\000\000"
 358              		.text
 359              		.section	.gnu.lto_.opts,"",%progbits
 360 0000 272D666D 		.ascii	"'-fmath-errno' '-fsigned-zeros' '-ftrapping-math' '"
 360      6174682D 
 360      6572726E 
 360      6F272027 
 360      2D667369 
 361 0033 2D666E6F 		.ascii	"-fno-trapv' '-fno-openmp' '-fno-openacc' '-mcpu=cor"
 361      2D747261 
 361      70762720 
 361      272D666E 
 361      6F2D6F70 
 362 0066 7465782D 		.ascii	"tex-m3' '-mno-thumb-interwork' '-mthumb' '-ggdb' '-"
 362      6D332720 
 362      272D6D6E 
 362      6F2D7468 
 362      756D622D 
 363 0099 4F322720 		.ascii	"O2' '-fomit-frame-pointer' '-falign-functions=16' '"
 363      272D666F 
 363      6D69742D 
 363      6672616D 
 363      652D706F 
 364 00cc 2D666675 		.ascii	"-ffunction-sections' '-fdata-sections' '-fno-common"
ARM GAS  /tmp/ccjXMeVT.s 			page 27


 364      6E637469 
 364      6F6E2D73 
 364      65637469 
 364      6F6E7327 
 365 00ff 2720272D 		.ascii	"' '-flto'\000"
 365      666C746F 
 365      2700
 366              		.text
 367              		.comm	__gnu_lto_v1,1,1
 368              		.comm	__gnu_lto_slim,1,1
 369              		.ident	"GCC: (GNU Tools for ARM Embedded Processors 6-2017-q2-update) 6.3.1 20170620 (release) [AR
ARM GAS  /tmp/ccjXMeVT.s 			page 28


DEFINED SYMBOLS
                            *ABS*:0000000000000000 hal_st_lld.c
                            *COM*:0000000000000001 __gnu_lto_v1
                            *COM*:0000000000000001 __gnu_lto_slim

NO UNDEFINED SYMBOLS
