ARM GAS  /tmp/cc8k1CUB.s 			page 1


   1              		.cpu cortex-m3
   2              		.eabi_attribute 20, 1
   3              		.eabi_attribute 21, 1
   4              		.eabi_attribute 23, 3
   5              		.eabi_attribute 24, 1
   6              		.eabi_attribute 25, 1
   7              		.eabi_attribute 26, 1
   8              		.eabi_attribute 30, 2
   9              		.eabi_attribute 34, 1
  10              		.eabi_attribute 18, 4
  11              		.file	"hal_pal.c"
  12              		.text
  13              	.Ltext0:
  14              		.section	.gnu.lto_.profile.46d1048b19cdeaff,"",%progbits
  15 0000 789C6365 		.ascii	"x\234ce`b`a```d\320\220\001\000\000\354\000Q"
  15      60626061 
  15      60606064 
  15      D0900100 
  15      00EC0051 
  16              		.text
  17              		.section	.gnu.lto_.icf.46d1048b19cdeaff,"",%progbits
  18 0000 789C6365 		.ascii	"x\234ce`b\020a@\000f\206\343\227n\235fc\334\276\377"
  18      60621061 
  18      40006686 
  18      E3976E9D 
  18      6663DCBE 
  19 0015 D00F76A6 		.ascii	"\320\017v\246u;\036\256\342e\000\000hQ\011\233"
  19      753B1EAE 
  19      E2650000 
  19      6851099B 
  20              		.text
  21              		.section	.gnu.lto_.jmpfuncs.46d1048b19cdeaff,"",%progbits
  22 0000 789C6365 		.ascii	"x\234ce`bPb@\000f\006FF\306zF&FF\346\372z&0\305\310"
  22      60625062 
  22      40006606 
  22      4646C67A 
  22      46264646 
  23 001b 069162AA 		.ascii	"\006\221b\252d\004Q\0009\324\002\300"
  23      64045100 
  23      39D402C0 
  24              		.text
  25              		.section	.gnu.lto_.inline.46d1048b19cdeaff,"",%progbits
  26 0000 789C6365 		.ascii	"x\234ce`b\370\316\200\000\314\014\014\234\034\214\314"
  26      6062F8CE 
  26      8000CC0C 
  26      0C9C1C8C 
  26      CC
  27 0011 0C0A8C20 		.ascii	"\014\012\214 &\210t\000\223\012\034l\037\364\030\330"
  27      26887400 
  27      930A1C6C 
  27      1FF418D8 
  28 0021 16C83331 		.ascii	"\026\310310\276`g\201\220 \202\003\314\344\000\021\002"
  28      30BE6067 
  28      81902082 
  28      03CCE400 
  28      1102
  29 0033 60A600C8 		.ascii	"`\246\000\310\030F\006>^F\026\210)\214@\022b\224\002"
ARM GAS  /tmp/cc8k1CUB.s 			page 2


  29      1846063E 
  29      5E461688 
  29      298C4012 
  29      629402
  30 0046 C4406EA6 		.ascii	"\304@n\246\013\374\030F\001\305P\014aY /\001b)010\357"
  30      0BFC1846 
  30      01C5500C 
  30      6159202F 
  30      01622930 
  31 005d 10576000 		.ascii	"\020W`\000Zo\0012\231\211\201[\030\305}PC9\201r\304"
  31      5A6F0132 
  31      9989815B 
  31      18C57D50 
  31      43398172 
  32 0072 390F6893 		.ascii	"9\017h\223\004\310$\026^\240w'\370\201 \003\000\006"
  32      04C82416 
  32      5EA07727 
  32      F8812003 
  32      0006
  33 0084 0820CB   		.ascii	"\010 \313"
  34              		.text
  35              		.section	.gnu.lto_.pureconst.46d1048b19cdeaff,"",%progbits
  36 0000 789C6365 		.ascii	"x\234ce`b`g```f\220b\224b\222\004\000\001\307\000b"
  36      60626067 
  36      60606066 
  36      90629462 
  36      92040001 
  37              		.text
  38              		.section	.gnu.lto_palReadBus.46d1048b19cdeaff,"",%progbits
  39 0000 789C9591 		.ascii	"x\234\225\221MO\024A\020\206\353\355\232\235\231\225"
  39      4D4F1441 
  39      1086EBED 
  39      9A9D9995 
  40 0010 8F3F2031 		.ascii	"\217? 1kBB\270\354\374\013\377\006\001.\0346\321\270"
  40      6B4242B8 
  40      ECFC0BFF 
  40      06012E1C 
  40      36D1B8
  41 0023 F1BCBD23 		.ascii	"\361\274\275#\240`@C\220E`\231\203\022D]\276\004\017"
  41      A0604043 
  41      90456099 
  41      8312445D 
  41      BE040F
  42 0036 9C364042 		.ascii	"\2346@Bb\242|\\8\031\215r\331D\017\356\305\213\001\253"
  42      62A27C5C 
  42      38198D72 
  42      D9440FEE 
  42      C58B01AB 
  43 004a 7A20D983 		.ascii	"z \331\203\027\222\351\252\256\256\252\247\353\235\316"
  43      1792E9AA 
  43      AEAEAAA7 
  43      EB9DCE
  44 0059 90A1A221 		.ascii	"\220\241\242!\352&\242\233\262\300\004\363\3543Q94\200"
  44      EA26A29B 
  44      B2C004F3 
  44      EC335139 
  44      3480
ARM GAS  /tmp/cc8k1CUB.s 			page 3


  45 006b 6E6C082A 		.ascii	"nl\010*\031\224\360\224+\214\343\341\365\005\236\344"
  45      1994F094 
  45      2B8CE3E1 
  45      F5059EE4 
  46 007b 44CA3C09 		.ascii	"D\312<\011\177\177\232\373\321\251!\220\223p\336\236"
  46      7F7F9AFB 
  46      D1A92190 
  46      9370DE9E 
  47 008b 8C05BDCB 		.ascii	"\214\005\275\313\326\306\266^\231\362\0277\217l6aC/"
  47      D6C6B65E 
  47      99F21737 
  47      8F6C3661 
  47      432F
  48 009d A4FC35BA 		.ascii	"\244\3745\272\260\214.\275c\005\275R<r\\\031e\276\015"
  48      B08C2EBD 
  48      6305BD52 
  48      3C725C19 
  48      65BE0D
  49 00b0 92FD97AF 		.ascii	"\222\375\227\257\337V\302\236%\327\270?\315\266;a\306"
  49      DF56C29E 
  49      25D7B83F 
  49      CDB63B61 
  49      C6
  50 00c1 1B706BA3 		.ascii	"\033pk\243\034\021\336\242G\353\277o\234?\357\360\275"
  50      1C11DEA2 
  50      47EBBF6F 
  50      9C3FEFF0 
  50      BD
  51 00d2 974CCA16 		.ascii	"\227L\312\026\344;\370\020\277v\202\272=\277xd\353?"
  51      E43BF810 
  51      BF7682BA 
  51      3DBF7864 
  51      EB3F
  52 00e4 5FA17A27 		.ascii	"_\241z'+\032\244\203\245\327\363\304d2b|_w\201\232\220"
  52      2B1AA483 
  52      A5D7F3C4 
  52      6432627C 
  52      5F77819A 
  53 00f9 743A1A17 		.ascii	"t:\032\027\204J}\"\201xn \336iL\354\371J\255\262\312"
  53      844A7D22 
  53      81786E20 
  53      DE694CEC 
  53      F94AADB2 
  54 010e 9E19D93D 		.ascii	"\236\031\331=\014T'\273q\377\034||\334\236\240Z\266"
  54      0C5427BB 
  54      71FF1C7C 
  54      7CDC9EA0 
  54      5AB6
  55 0120 D6E6120E 		.ascii	"\326\346\022\016\252lPSm\222[:\213W\203\250f\323T\210"
  55      AA6C5053 
  55      6D925B3A 
  55      8B5783A8 
  55      66D35488 
  56 0134 552498D5 		.ascii	"U$\230\325\031\011k\210\250\201\335\235l\012\366Z\301"
  56      19096B88 
  56      A881DD9D 
  56      6C0AF65A 
ARM GAS  /tmp/cc8k1CUB.s 			page 4


  56      C1
  57 0145 E1FFC059 		.ascii	"\341\377\300Y\271\035\353\227\340\323fs\257]\300\303"
  57      B91DEB97 
  57      E0D36673 
  57      AF5DC0C3 
  58 0155 654DDDC0 		.ascii	"eM\335\300\206\003\253jl:p|\005\316\\k\3046\274w$\243"
  58      8603AB6A 
  58      6C3A707C 
  58      05CE5C6B 
  58      C436BC77 
  59 016b A42D477A 		.ascii	"\244-Gz\330\034E\212\3221\005\330J\017\256E7\330vt\367"
  59      D81C458A 
  59      D23105D8 
  59      4A0FAE45 
  59      37D87674 
  60 0180 4A1F52FA 		.ascii	"J\037R\372\337+z\350.\010\350\027\342\334\345\211\376"
  60      DF2B7AE8 
  60      2E08E817 
  60      E2DCE589 
  60      FE
  61 0191 A8715125 		.ascii	"\250qQ%\357 \003\335\312\347\243\364\273[\214\206\372"
  61      EF2003DD 
  61      CAE7A3F4 
  61      BB5B8C86 
  61      FA
  62 01a2 0B51F1FE 		.ascii	"\013Q\361\376\240\372\276{\375\205\374 \361\300\203"
  62      A0FABE7B 
  62      FD85FC20 
  62      F1C083
  63 01b1 E23F7577 		.ascii	"\342?uw\307\364"
  63      C7F4
  64              		.text
  65              		.section	.gnu.lto_palWriteBus.46d1048b19cdeaff,"",%progbits
  66 0000 789C9593 		.ascii	"x\234\225\223\317k\023Q\020\307\337wg\263?\222\215z"
  66      CF6B1351 
  66      10C7DF77 
  66      67B33F92 
  66      8D7A
  67 0012 142C5241 		.ascii	"\024,RA\011\271d\301?\302\177C\332\\\024\012\212\321"
  67      09B964C1 
  67      3FC27F43 
  67      DA5C140A 
  67      8AD1
  68 0024 7337B149 		.ascii	"s7\261I\245\342\017\220&U\272\254(\265F\355/\177GAB"
  68      A5E20F90 
  68      2655BAAC 
  68      28B546ED 
  68      2F7F4741 
  69 0039 3C14FC49 		.ascii	"<\024\374I\275xQ\024\025\241\007A\253\240\207\2228\363"
  69      BD785114 
  69      15A10741 
  69      ABA08792 
  69      38F3
  70 004b B64B6BF1 		.ascii	"\266Kk\361\322\307\356\2747\363f>of\336nJ\031j?)\225"
  70      D2C7EEBC 
  70      37F3663E 
  70      6F66DE6E 
ARM GAS  /tmp/cc8k1CUB.s 			page 5


  70      4A196A3F 
  71 0061 574AEDE2 		.ascii	"WJ\355\342\027\244`\234\177\245T\3311\000Y\004\016\324"
  71      17A4609C 
  71      7FA554D9 
  71      31005904 
  71      0ED4
  72 0073 B081619C 		.ascii	"\260\201a\234\243\006\2413\372\265e\344\247\003\036"
  72      A306A133 
  72      FAB565E4 
  72      A7031E
  73 0082 EDC62FAB 		.ascii	"\355\306/\253\026TwF\034~\221_\031\230F\236\275\226"
  73      16547746 
  73      1C7E915F 
  73      1998469E 
  73      BD96
  74 0094 46E627E9 		.ascii	"F\346'\351,E\004\230\254\376xy\351\3636Q\015\364\263"
  74      2C450498 
  74      ACFE7879 
  74      E9F33651 
  74      0DF4B3
  75 00a7 5A5D6AD4 		.ascii	"Z]j\324\210\366@\361\372\375\207\217M'7\025\004\225"
  75      88F640F1 
  75      FAFD878F 
  75      4D273715 
  75      0495
  76 00b9 A0FDE202 		.ascii	"\240\375\342\002\005{#\"\334\0001\020M\364\341:\372"
  76      057B2322 
  76      DC003110 
  76      4DF4E13A 
  76      FA
  77 00ca 149B146E 		.ascii	"\024\233\024n\"\307\356a\367\312b\206\366\351\320V4"
  77      22C7EE61 
  77      F7CA6286 
  77      F6E9D056 
  77      34
  78 00db D9B4D642 		.ascii	"\331\264\326B\337\215\353P\023\2676\207\232\0123\310"
  78      DF8DEB50 
  78      13B73687 
  78      9A0A33C8 
  79 00eb 89FFA785 		.ascii	"\211\377\247\205\356x\3262\257&\351b\026\026x\236{\203"
  79      EE78D632 
  79      AF26E962 
  79      1616789E 
  79      7B83
  80 00fd 76D0ED8D 		.ascii	"v\320\355\215r\002\327\320;\260\235\353\346\303\210"
  80      7202D7D0 
  80      3BB09DEB 
  80      E6C388
  81 010c 63532624 		.ascii	"cS&$8\305K\313\022a\213pX\330\256\210\264\250\031\021"
  81      38C54BCB 
  81      12618B70 
  81      58D8AE88 
  81      B4A81911 
  82 0120 9E88AC08 		.ascii	"\236\210\254\010\245\306\030.\215;M\206\314\264\214"
  82      A5C6182E 
  82      8D3B4D86 
  82      CCB48C
ARM GAS  /tmp/cc8k1CUB.s 			page 6


  83 012f CAA3E527 		.ascii	"\312\243\345'E9.$\351a\275\332ymK;H\327\361{\361\331"
  83      45392E24 
  83      E961BDDA 
  83      796D4B3B 
  83      48D7F17B 
  84 0145 292F4258 		.ascii	")/BX\346\236\366G\344\204\334\2469\316]\366\246\276"
  84      E69EF647 
  84      E484DCA6 
  84      39CE5DF6 
  84      A6BE
  85 0157 54666D7F 		.ascii	"Tfm\177&\210\267\\\314#\302\204\3565\026\340+Fwk\210"
  85      2688B75C 
  85      CC23C284 
  85      EE3516E0 
  85      2B46776B 
  86 016c C9A9906B 		.ascii	"\311\251\220k\225\263\334X\267\266\2046q[\243\245!\270"
  86      95B3DC58 
  86      B7B68436 
  86      715BA3A5 
  86      21B8
  87 017e A3D12757 		.ascii	"\243\321'W\023\264\255\351\326F\272\263%z\032w5\335"
  87      13B4ADE9 
  87      D646BAB3 
  87      257A1A77 
  87      35DD
  88 0190 10FABD98 		.ascii	"\020\372\275\230^O\350nL{\374s\365\271!]Ic\007\3563"
  88      5E4FE86E 
  88      4C7BFC73 
  88      F5B9215D 
  88      496307EE 
  89 01a5 867DBE27 		.ascii	"\206}\276'>i\235\204\373OV\031.8\316j\335\317\323fG"
  89      3E699D84 
  89      FB4F5619 
  89      2E38CE6A 
  89      DDCFD366 
  90 01ba 6C7F125B 		.ascii	"l\177\022[V\207{l\353\324u\366\033\257\300\375\337\025"
  90      56877B6C 
  90      EBD475F6 
  90      1BAFC0FD 
  90      DF15
  91 01cc 3082F060 		.ascii	"0\202\360`\255\222\267++O=\256d\244,[\036\036\352J\364"
  91      AD92B72B 
  91      2B4F3DAE 
  91      64A42C5B 
  91      1E1EEA4A 
  92 01e1 07D482CF 		.ascii	"\007\324\202\317x\365\015\225\313\2753\3724\375\023"
  92      78F50D95 
  92      CBBD33FA 
  92      34FD13
  93 01f0 8C7117F9 		.ascii	"\214q\027\371\342\271\330\335\205\202\037?GJ\376\241"
  93      E2B9D8DD 
  93      85821F3F 
  93      474AFEA1 
  94 0200 8121BF74 		.ascii	"\201!\277t\254(\363\301\243\003C\205\242\242\301\023"
  94      AC28F3C1 
  94      A3034385 
  94      A2A2C113 
ARM GAS  /tmp/cc8k1CUB.s 			page 7


  95 0210 2573F0F0 		.ascii	"%s\360\360\361\322_\030\020\377G"
  95      F1D25F18 
  95      10FF47
  96              		.text
  97              		.section	.gnu.lto_palSetBusMode.46d1048b19cdeaff,"",%progbits
  98 0000 789C9592 		.ascii	"x\234\225\222\315KTa\024\306\317\363\236;s\357\244\266"
  98      CD4B5461 
  98      14C6CFF3 
  98      9E3B73EF 
  98      A4B6
  99 0012 0E9298C0 		.ascii	"\016\222\230\300\030f3\367\317\350_p\027:#\2700\214"
  99      186633F7 
  99      CFE85F70 
  99      173A23B8 
  99      308C
 100 0024 86D6F33A 		.ascii	"\206\326\363:5c\030h :)\0157\220\301\264\374\312\012"
 100      35631868 
 100      203A290D 
 100      3790C1B4 
 100      FCCA0A
 101 0037 46110637 		.ascii	"F\021\0067A_\242[\223B#\220\022\212\026nJ;\347\035]"
 101      415FA25B 
 101      93422390 
 101      128A166E 
 101      4A3BE71D 
 102 004c D8CE97FB 		.ascii	"\330\316\227\373~\237\347\367\236\363pcd(g\210\322D"
 102      7E9FE7F7 
 102      9EF37063 
 102      64286788 
 102      D244
 103 005e 74593A98 		.ascii	"tY:\230`\036~$\032\010\014\240\013\033\200\012\006\005"
 103      601E7E24 
 103      1A080CA0 
 103      0B1B800A 
 103      0605
 104 0070 8C7085B1 		.ascii	"\214p\205\261>\370\255n\322\323VZ\243\262\345\227m\351"
 104      3EF8AD6E 
 104      D2D3565A 
 104      A3B2E597 
 104      6DE9
 105 0082 52C44413 		.ascii	"R\304D\023\322\265a\032i\211\332\274\267\370\230\207"
 105      D2B5611A 
 105      6989DABC 
 105      B7F89887 
 106 0092 3962C093 		.ascii	"9b\300\223\355\257\017\223{\027uk\220\224mi\263Rf\276"
 106      EDAF0F93 
 106      7B17756B 
 106      90946D69 
 106      B35266BE 
 107 00a6 0A92F5CE 		.ascii	"\012\222\365\316\347/3A\252fm\3216>\215\262\355\210"
 107      E72F3341 
 107      AA666DD1 
 107      363E8DB2 
 107      ED88
 108 00b8 98310B16 		.ascii	"\2301\013\026 f\320\216\247h'9\"<CJ\302\177/\327F[\370"
 108      2066D08E 
 108      A7682739 
ARM GAS  /tmp/cc8k1CUB.s 			page 8


 108      223C434A 
 108      C27F2FD7 
 109 00cf 9A93BE1B 		.ascii	"\232\223\276\033^\353<Q\276\037sJ\017\317\377Wz\204"
 109      5EEB3C51 
 109      BE1F734A 
 109      0FCFFF57 
 109      7A84
 110 00e1 39A4347C 		.ascii	"9\2444|w\351h\254-\356M\235f\213y\304!\363\302\026\032"
 110      77E968AC 
 110      2DEE4D9D 
 110      668B79C4 
 110      21F3C216 
 111 00f6 F6E878D0 		.ascii	"\366\350x\3206\376\324\260s=!e\313[,\332\230'C<&\203"
 111      36FED4B0 
 111      733D2165 
 111      CB5B2CDA 
 111      9827433C 
 112 010c 1FD7950F 		.ascii	"\037\327\225\017\307\242!\221\2533\017\330\350\314\373"
 112      C7A22191 
 112      AB330FD8 
 112      E8CCFB
 113 011b 28AEEC1F 		.ascii	"(\256\354\037d\025Xe5i\274\264\276\341k\275\354\022"
 113      64155865 
 113      3569BCB4 
 113      BEE16BBD 
 113      EC12
 114 012d 3D7CF3F6 		.ascii	"=|\363\366~k\204\352\200\230\226\2148\250\212\017\013"
 114      7E6B84EA 
 114      8098968C 
 114      38A88A0F 
 114      0B
 115 013e 929DDED5 		.ascii	"\222\235\336\325\276\026\347\375p\3166\257\022XD\204"
 115      BE16E7FD 
 115      70CE36AF 
 115      12584484 
 116 014e 47CE4C2C 		.ascii	"G\316L,!$E'\232`\357\\\244\013x\341HZ!\226\317\222b"
 116      21244527 
 116      9A60EF5C 
 116      A40B78E1 
 116      485A2196 
 117 0165 E722B5E0 		.ascii	"\347\"\265\340\245#\031%\275r\244\273?\313h\2424/\001"
 117      A5231925 
 117      BD72A4BB 
 117      3FCB68A2 
 117      342F01
 118 0178 D2779493 		.ascii	"\322w\224\223z\242\362z\375\307\266_\370k\203\210['"
 118      7AA2F27A 
 118      FDC7B65F 
 118      F86B8388 
 118      5B27
 119 018a 3401BC46 		.ascii	"4\001\274F\201\304\031\027\356G\334F\007(>Y\035q\014"
 119      81C41917 
 119      EE47DC46 
 119      07283E59 
 119      1D710C
 120 019d F7DB0C49 		.ascii	"\367\333\014I\2308)O\\\311d\302\346\327\237\017{\273"
 120      9838294F 
ARM GAS  /tmp/cc8k1CUB.s 			page 9


 120      5CC964C2 
 120      E6D79F0F 
 120      7BBB
 121 01af FAC2FCED 		.ascii	"\372\302\374\355\254\3167nu\365e\262\304\335w\362\336"
 121      ACCE376E 
 121      75F565B2 
 121      C4DD77F2 
 121      DE
 122 01c0 CDFE5CCF 		.ascii	"\315\376\\\317?|\363\305\244"
 122      3F7CF3C5 
 122      A4
 123              		.text
 124              		.section	.gnu.lto_.symbol_nodes.46d1048b19cdeaff,"",%progbits
 125 0000 789C6365 		.ascii	"x\234ce`b\010d\000\002\246\333\214\365\014\014\023\316"
 125      60620864 
 125      0002A6DB 
 125      8CF50C0C 
 125      13CE
 126 0012 313000A9 		.ascii	"10\000\251]\015\216@\221;\214\365\214\250\"w\031\353"
 126      5D0D8E40 
 126      913B8CF5 
 126      8CA82277 
 126      19EB
 127 0024 99504418 		.ascii	"\231PD\030\0370\3263\203E\030\030\032\032\034\030\030"
 127      1F30D633 
 127      83451818 
 127      1A1A1C18 
 127      18
 128 0035 98999819 		.ascii	"\230\231\230\031\226<\374\307\310\000\000sw\025\014"
 128      963CFCC7 
 128      C8000073 
 128      77150C
 129              		.text
 130              		.section	.gnu.lto_.refs.46d1048b19cdeaff,"",%progbits
 131 0000 789C6365 		.ascii	"x\234ce`b`d\000\002\000\000I\000\011"
 131      60626064 
 131      00020000 
 131      490009
 132              		.text
 133              		.section	.gnu.lto_.decls.46d1048b19cdeaff,"",%progbits
 134 0000 789CA557 		.ascii	"x\234\245W{LT\331\031\277\337=\003;\0143`\320nL\226"
 134      7B4C54D9 
 134      19BFDF3D 
 134      033B0C33 
 134      60D06E4C 
 135 0015 6E88C148 		.ascii	"n\210\301H\233\300\000\326\255\177\354\037F\315\272"
 135      9BC000D6 
 135      AD7FEC1F 
 135      46CDBA
 136 0024 A65A1A74 		.ascii	"\246Z\032tw\233\264\311d\204a%\005\2062C\343\376\323"
 136      779BB4C9 
 136      64846125 
 136      05863243 
 136      E3FED3
 137 0037 5E06447C 		.ascii	"^\006D|\361\360-Z\203\370D\264\242\353\013\005\227\002"
 137      F1F02D5A 
 137      83F844B4 
ARM GAS  /tmp/cc8k1CUB.s 			page 10


 137      A2EB0B05 
 137      9702
 138 0049 8A0B2A88 		.ascii	"\212\013*\210\017D\336\"\260*Z^*\250H\277s\316\275\334"
 138      0F44DE22 
 138      B02A5A5E 
 138      2AA848BF 
 138      73CEBDDC 
 139 005d 619C316D 		.ascii	"a\2341mv2\337\275\367\234\363=~\337\357|\347\2733^\202"
 139      7632DFBD 
 139      F79CF33D 
 139      7EDFEF7C 
 139      E7BB335E 
 140 0072 2804F90B 		.ascii	"(\004\371\013\302~Q\020\326\200 L\340G#\010\302\011"
 140      C27E5110 
 140      D680204C 
 140      E0472308 
 140      C209
 141 0084 41FDD071 		.ascii	"A\375\320q?\312 \312\030\312\204\360\376\247\031m\365"
 141      3FCA20CA 
 141      18CA84F0 
 141      FEA7196D 
 141      F5
 142 0095 780F4099 		.ascii	"x\017@\231\201R\212\322\207r\033e\016J\024J/\312]\224"
 142      81528AD2 
 142      87721B65 
 142      0E4A144A 
 142      2FCA5D94 
 143 00a9 4694CB28 		.ascii	"F\224\313(m\262\357\207(5(\035(\235( \307\243w?\230"
 143      6DB2EF87 
 143      2835281D 
 143      289D2820 
 143      C7A3773F 
 144 00be 1AA71BC7 		.ascii	"\032\247\033\307\006\274\177\355\024\253O\216\347.V"
 144      06BC7FED 
 144      14AB4F8E 
 144      E72E56
 145 00cd 9B533C25 		.ascii	"\233S<%V\247\034\253N\2161(\337\247\273\304\032\306"
 145      56A71CAB 
 145      4E8E3128 
 145      DFA7BBC4 
 145      1AC6
 146 00df B19F9B58 		.ascii	"\261\237\233X#\036b\225\312\361f\240\335;\274\023\227"
 146      231E6295 
 146      CAF166A0 
 146      DD3BBC13 
 146      97
 147 00f0 78A2137F 		.ascii	"x\242\023\1774T\240K\274\235\004\316m\256.\027\333\241"
 147      3454A04B 
 147      BC9D04CE 
 147      6DAE2E17 
 147      DBA1
 148 0102 155017A6 		.ascii	"\025P\027\246\261Y\000~\005&l8\241|\000\330<\316\212"
 148      B159007E 
 148      05266C38 
 148      A17C00D8 
 148      3CCE8A
 149 0115 ECCA15D9 		.ascii	"\354\312\025\331\024(\026\362X\224\207\242\354\222}"
ARM GAS  /tmp/cc8k1CUB.s 			page 11


 149      142816F2 
 149      589487A2 
 149      EC927D
 150 0124 656370F2 		.ascii	"ecp\362\310\227y$\345\303\361\362\007f\246X\203\250"
 150      C8977924 
 150      E5C3F1F2 
 150      0766A658 
 150      83A8
 151 0136 06007036 		.ascii	"\006\000p6pr\310a\313\353\223\370\00459P\262\037\334"
 151      7072C861 
 151      CBEB93F8 
 151      04353950 
 151      B21FDC
 152 0149 7DBD57D7 		.ascii	"}\275W\327\001mt\266`\001\260\271\256\306\262q-\021"
 152      016D74B6 
 152      6001B0B9 
 152      AEC6B271 
 152      2D11
 153 015b 813E778C 		.ascii	"\201>w\214\035\375\"\354\270\304?\332_\252\264\335\312"
 153      1DFD22EC 
 153      B8C43FDA 
 153      5FAAB4DD 
 153      CA
 154 016c 28D94BB2 		.ascii	"(\331K\262\011\004\350@C\375\334\310\357\366\303\341"
 154      0904E840 
 154      43FDDCC8 
 154      EFF6C3E1 
 155 017c 0C1D04E1 		.ascii	"\014\035\004\3410\377\322H\255\027_\325\342p\342p\311"
 155      30FFD248 
 155      AD175FD5 
 155      E270E270 
 155      C9
 156 018d 7A2DF998 		.ascii	"z-\371\230yl\273VTL\015\347\350\200\202\365\307\251"
 156      796CBB56 
 156      544C0DE7 
 156      E88082F5 
 156      C7A9
 157 019f 93FDA563 		.ascii	"\223\375\245c\006>E5\032s\206\016~D>\241\317\342\356"
 157      063E4535 
 157      1A73860E 
 157      7E443EA1 
 157      CFE2EE
 158 01b2 DAA64A0D 		.ascii	"\332\246J\015\204\350\016\323\370\025\257F\346\344\255"
 158      84E80ED3 
 158      F815AF46 
 158      E6E4AD
 159 01c1 932411BE 		.ascii	"\223$\021\276\007\035\234\002\002\307 \214f3G\207\327"
 159      071D9C02 
 159      02C7208C 
 159      66334787 
 159      D7
 160 01d2 2C497248 		.ascii	",IrH\271\351\222\317\227\002\034\207@(\206@\001NC\010"
 160      B9E992CF 
 160      97021C87 
 160      40288640 
 160      014E4308 
 161 01e6 754BF5A0 		.ascii	"uK\365\240\004'O\342$\206(:\230W\350M\376\316B\\\275"
ARM GAS  /tmp/cc8k1CUB.s 			page 12


 161      04274FE2 
 161      2486283A 
 161      9857E84D 
 161      FECE425C 
 162 01fb DC725F03 		.ascii	"\334r_\003\272\020\267\366\347\334\330s,\023Gg]]K\261"
 162      BA10B7F6 
 162      E7DCD873 
 162      2C134767 
 162      5D5D4BB1 
 163 020f 9C452C67 		.ascii	"\234E,gT,\010\2153\224Q\3752\317@\356\000\013\222}\245"
 163      542C088D 
 163      339451FD 
 163      32CF40EE 
 163      000B927D 
 164 0224 66CC6B32 		.ascii	"f\314k2\217\372\262\220cw$)\010J\321\366\274j{\026<"
 164      8FFAB290 
 164      63772429 
 164      084AD1F6 
 164      BC6A7B16 
 165 0239 2672C17D 		.ascii	"&r\301}\"w\007\207v\370\221\235|\263\236g\364t\372r"
 165      22770787 
 165      76F8919D 
 165      7CB39E67 
 165      F474FA72 
 166 024d D667521E 		.ascii	"\326gR\036\007\256\377S\036N\303\341\351{G/i\311>\256"
 166      07AEFF53 
 166      1E4EC3E1 
 166      E97B472F 
 166      69C93EAE 
 167 0261 9A753CBB 		.ascii	"\232u<\273\212\3500R\372\377\2242Zl\336VY\251!\205\334"
 167      8AE83052 
 167      FAFF9432 
 167      5A6CDE56 
 167      59A92185 
 168 0276 3CA3EAEE 		.ascii	"<\243\352\356Y=9\302\007=u'\035ZR\314\007\275\305\233"
 168      593D39C2 
 168      073D7527 
 168      1D5A52CC 
 168      07BDC59B 
 169 028a FAFDC849 		.ascii	"\372\375\310I>(\336r\353\020!\337\363\301\205\362g\221"
 169      3E28DE72 
 169      EB1021DF 
 169      F3C185F2 
 169      6791
 170 029c 1C4D208E 		.ascii	"\034M \216.\266\015V\370\362\202\351\004\034\237\030"
 170      2EB60D56 
 170      F8F282E9 
 170      041C9F18 
 171 02ac ED38E745 		.ascii	"\3558\347E\3163U\237vG\372!\200\340\340\340\351(!\301"
 171      CE33559F 
 171      7647FA21 
 171      80E0E0E0 
 171      E92821C1 
 172 02c0 855246BA 		.ascii	"\205RF\272T\321W\377yK\343#I\332\242\207\313H\333\277"
 172      54D157FF 
 172      794BE323 
 172      49DAA287 
ARM GAS  /tmp/cc8k1CUB.s 			page 13


 172      CB48DBBF 
 173 02d4 91B65A98 		.ascii	"\221\266Z\230\256\342>\201\027\001\"\360\"p\203\312"
 173      AEE23E81 
 173      170122F0 
 173      227083CA 
 174 02e4 3FEF962A 		.ascii	"?\357\226*2\010\323\256p\257}\034T\365F'\365rW\3652"
 174      3208D3AE 
 174      70AF7D1C 
 174      54F54627 
 174      F57257F5 
 175 02f9 27F53CBA 		.ascii	"'\365<\272\207\271\222\264@#\300\025T\250fkT\0359\203"
 175      87B992B4 
 175      4023C015 
 175      54A8666B 
 175      541D3983 
 176 030d 9B48DF75 		.ascii	"\233H\337u\010\206z\224\032\224k(u(?\242\334\200`v~"
 176      08867A94 
 176      1A946B28 
 176      75283FA2 
 176      DC806076 
 177 0322 78C05AA7 		.ascii	"x\300Z\247\200?\270\017\350\224\315\223?\251\332U\256"
 177      803FB80F 
 177      E894CD93 
 177      3FA9DA55 
 177      AE
 178 0333 DA4617E5 		.ascii	"\332F\027\345\007N\256\257\272*_R]\363rlo\011H\223$"
 178      074EAEAF 
 178      BA2A5F52 
 178      5DF3726C 
 178      6F094893 
 179 0348 A05A825C 		.ascii	"\240Z\202\\\212*\312\227-\001[\322\245k\341\314W\245"
 179      8A2ACA97 
 179      2D015BD2 
 179      A56BE1CC 
 179      57A5
 180 035a DBC09C16 		.ascii	"\333\300\234\026\334\304\356W}\347\375\311\013\266\211"
 180      DCC4EE57 
 180      7DE7FDC9 
 180      0BB689
 181 0369 E2A5F1B2 		.ascii	"\342\245\361\262\015\336\0202\235\307\350m\365\306\006"
 181      0DDE1032 
 181      9DC7E86D 
 181      F5C606
 182 0378 028D68DC 		.ascii	"\002\215h\334\240\026<\215\350\236P\270\205<\376?\234"
 182      A0163C8D 
 182      E89E50B8 
 182      853CFE3F 
 182      9C
 183 0389 62F89CC3 		.ascii	"b\370\234\303\216a/\375\206\311\343\303\242)P\005\270"
 183      8E612FFD 
 183      86C9E3C3 
 183      A2295005 
 183      B8
 184 039a 0D7A392E 		.ascii	"\015z9.\352\236_\277\253\317@\034\204Am(\036,\364\005"
 184      EA9E5FBF 
 184      ABCF401C 
 184      84416D28 
ARM GAS  /tmp/cc8k1CUB.s 			page 14


 184      1E2CF405 
 185 03ae 7D880753 		.ascii	"}\210\007S\270\207\361Uk\345\014\207\037\037\240g\370"
 185      B887F155 
 185      6BE50C87 
 185      1F1FA067 
 185      F8
 186 03bf 2E2EDC51 		.ascii	"..\334QSB=\036\341\315O\333\232\201\027\274\036\207"
 186      53423D1E 
 186      E1CD4FDB 
 186      9A8117BC 
 186      1E87
 187 03d1 8E4BCD79 		.ascii	"\216K\315y\376r\301\323\345\221\255\017:\374\310f2\245"
 187      FE72C1D3 
 187      E591AD0F 
 187      3AFCC866 
 187      32A5
 188 03e3 2946BDDF 		.ascii	")F\275\337\024\243xS\354o\250\277\015d\033\307[\275"
 188      14A37853 
 188      EC6FA8BF 
 188      0D641BC7 
 188      5BBD
 189 03f5 AFFBB4B7 		.ascii	"\257\373\264\267\247\226\325\216`\243\344\363\333\202"
 189      A796D58E 
 189      60A3E4F3 
 189      DB82
 190 0403 930F265B 		.ascii	"\223\017&[V}\177\344K\326>\333p+[U\310Q\274cy\015\274"
 190      567D7FE4 
 190      4BD63EDB 
 190      702B5B55 
 190      C851BC63 
 191 041a 298B007A 		.ascii	")\213\000z\350B\012\251\343\212\372\361\240\342!~\342"
 191      E8420AA9 
 191      E38AFAF1 
 191      A0E2217E 
 191      E2
 192 042b A845335A 		.ascii	"\250E3Zty<q\324\340\341\257y\331\321\266\366/Wm\243"
 192      74793C71 
 192      D4E0E1AF 
 192      79D9D1B6 
 192      F62F576D 
 193 0440 FB13741F 		.ascii	"\373\023t\037\327\233\230\243.y\267\2731\201\207\270"
 193      D79B98A3 
 193      2E79B7BB 
 193      318187B8 
 194 0450 B39D281D 		.ascii	"\263\235(\035\223'\206\372\037\372\025\367O)\277\350"
 194      932786FA 
 194      1FFA15F7 
 194      4F29BFE8 
 195 0460 D6BF5355 		.ascii	"\326\277SU\337+\342U\3355\265\252\221\313\261\242\341"
 195      DF2BE255 
 195      DD35B5AA 
 195      91CBB1A2 
 195      E1
 196 0471 11423669 		.ascii	"\021B6i\030\227\373\256\227\357\203\3112\275Y\314\312"
 196      1897FBAE 
 196      97EF83C9 
 196      32BD59CC 
ARM GAS  /tmp/cc8k1CUB.s 			page 15


 196      CA
 197 0482 B4171D3F 		.ascii	"\264\027\035?R\011\352z\257L\025\324\320\203`?\004\234"
 197      5209EA7A 
 197      AF4C15D4 
 197      D083603F 
 197      049C
 198 0494 BE4F9FBF 		.ascii	"\276O\237\277\035\364u.\313\336)e\331\307\012\206*\276"
 198      1DF4752E 
 198      CBDE2965 
 198      D9C70A86 
 198      2ABE
 199 04a6 E83A524B 		.ascii	"\350:RK4\"\237\203U\032:we\342U\205?\257\"\321\251\247"
 199      34229F83 
 199      551A3A77 
 199      65E25585 
 199      3FAF22D1 
 200 04bc CFE03D3D 		.ascii	"\317\340==\373\307'\035\3763w\260\267s\2724Md\314?A"
 200      FBC7271D 
 200      FE3377B0 
 200      B773BA34 
 200      4D64CC3F 
 201 04d1 D78F99EB 		.ascii	"\327\217\231\353\2470\023\257?\201\206\373?8Z\347\360"
 201      A73013AF 
 201      3F8186FB 
 201      3F385AE7 
 201      F0
 202 04e2 9E552015 		.ascii	"\236U \025tJ\025M\033\310\372\252\232MR\001,\240jP\244"
 202      744A154D 
 202      1BC8FAAA 
 202      9A4D5201 
 202      2CA06A50 
 203 04f7 668B8F78 		.ascii	"f\213\217x=\212)\300\021\254&\001\372a\026Z\037\331"
 203      3D8A29C0 
 203      11AC2601 
 203      FA61165A 
 203      1FD9
 204 0509 955EE74B 		.ascii	"\225^\347KN1\326 \277\255\365\221\216A\245\0219\324"
 204      4E31D620 
 204      BFADF591 
 204      8E41A511 
 204      39D4
 205 051b 86B52DA3 		.ascii	"\206\265-\243*\374\347\300&\233\216\256}.:#\374\372"
 205      2AFCE7C0 
 205      269B8EAE 
 205      7D2E3A23 
 205      FCFA
 206 052d 63278003 		.ascii	"c'\200\003\014\340\177\024\200/\012*\236\371\311\000"
 206      0CE07F14 
 206      802F0A2A 
 206      9EF9C900 
 207 053d EFEDD1E3 		.ascii	"\357\355\321\343f;$Z\257\250\006\317T\200\317\\\001"
 207      663B245A 
 207      AFA806CF 
 207      5480CF5C 
 207      01
 208 054e 0E3280E3 		.ascii	"\0162\200\343\355\335C\")\347\000\217\335(z\253!u|\217"
 208      EDDD4322 
ARM GAS  /tmp/cc8k1CUB.s 			page 16


 208      29E7008F 
 208      DD287AAB 
 208      21757C8F 
 209 0562 3757EEED 		.ascii	"7W\356\355\327{://<\276\342\353\313>\347\257\351\021"
 209      D77B3A2F 
 209      2F3CBEE2 
 209      EBCB3EE7 
 209      AFE911
 210 0575 CC71D8F5 		.ascii	"\314q\330\3655M_b9\207\344\214G&Y\330\232yj\314w\222"
 210      354D5F62 
 210      3987E48C 
 210      472659D8 
 210      9A796ACC 
 211 058b 85979C85 		.ascii	"\205\227\234\205\355\247\206w\371zda\224\261\360Ja\241"
 211      EDA78677 
 211      F97A6461 
 211      94B1F04A 
 211      61A1
 212 059d E548CD4D 		.ascii	"\345H\315M\203\272M\217\253z$I\247\241Z0\244\202\030"
 212      83BA4D8F 
 212      AB7A2449 
 212      A7A15A30 
 212      A48218
 213 05b0 7225618C 		.ascii	"r%a\214\221\360\354P\372V\177r\207\223\340\016\337\213"
 213      91F0EC50 
 213      FA567F72 
 213      8793E00E 
 213      DF8B
 214 05c2 753D3761 		.ascii	"u=7ar\347\336p|y\353\362{\274\330$=Zo\371dec\355\005"
 214      72E7DE70 
 214      7C79EBF2 
 214      7BBCD824 
 214      3D5A6FF9 
 215 05db AD47D0EF 		.ascii	"\255G\320\357\030\350q\005tV\316\231\002\037\004\335"
 215      18E87105 
 215      7456CE99 
 215      021F04DD 
 216 05eb C978FB4D 		.ascii	"\311x\373M[\311#)K\307\264\340\265\012\3725\005M\037"
 216      5BC92329 
 216      4BC7B4E0 
 216      B50AFA35 
 216      054D1F
 217 05fe 2618D8B5 		.ascii	"&\030\330\265\355\375\263\310\023\216\265\2519\243T"
 217      EDFDB3C8 
 217      138EB5A9 
 217      39A354
 218 060d 6E97BEB4 		.ascii	"n\227\276\264?wm\377\301\207\027\372}\272\274\377\306"
 218      3F776DFF 
 218      C18717FA 
 218      7DBABCFF 
 218      C6
 219 061e F00E1D19 		.ascii	"\360\016\035\031\345\272\343\003\015\343z\256\253\243"
 219      E5BAE303 
 219      0DE37AAE 
 219      ABA3
 220 062c 693A4A3A 		.ascii	"i:J:\274\350\217\031I>`8\257\236\257\265\"\356\026v"
 220      BCE88F19 
ARM GAS  /tmp/cc8k1CUB.s 			page 17


 220      493E6038 
 220      AF9EAFB5 
 220      22EE1676 
 221 0640 07C810F9 		.ascii	"\007\310\020\371O\246\321\362\327z\222\346E=i:\017\014"
 221      4FA6D1F2 
 221      D77A92E6 
 221      453D693A 
 221      0F0C
 222 0652 3DC59754 		.ascii	"=\305\227T \200\016\345\260\362CW\200\365\242\0162E"
 222      20800EE5 
 222      B0F24357 
 222      80F5A20E 
 222      3245
 223 0664 A2FC51C8 		.ascii	"\242\374Q\310\227\320\375\300?\3504\377}6P(\221\231"
 223      97D0FDC0 
 223      3FE834FF 
 223      7D365028 
 223      9199
 224 0676 02CC0D84 		.ascii	"\002\314\015\204p\254\241ub\010[\022`\203\030\010Y\030"
 224      70ACA175 
 224      62085B12 
 224      60831808 
 224      5918
 225 0688 281FBB08 		.ascii	"(\037\273\010\235\301\200\315\331/[5\001\271r\367\010"
 225      9DC180CD 
 225      D92F5B35 
 225      01B972F7 
 225      08
 226 0699 02E6DB81 		.ascii	"\002\346\333\201zi\"\305\267Q\014PPR\355\334\033\373"
 226      7A6922C5 
 226      B7510C50 
 226      5052EDDC 
 226      1BFB
 227 06ab F7F8E8E4 		.ascii	"\367\370\350\344\030Y\037\214\201\332U\315#e\006g\337"
 227      18591F8C 
 227      81DA55CD 
 227      23650667 
 227      DF
 228 06bc 9B3EE4FB 		.ascii	"\233>\344\373UMs&\231}@j\250`\225\265\261;CJ\313\304"
 228      554D7326 
 228      997D406A 
 228      A86095B5 
 228      B13B434A 
 229 06d2 16B9590C 		.ascii	"\026\271Y\014\200t\221\320\203\356d,\341\314J\374\227"
 229      807491D0 
 229      83EE642C 
 229      E1CC4AFC 
 229      97
 230 06e3 932DCE46 		.ascii	"\223-\316F\333\353\215\035\217\375I&\243\015r\353:\376"
 230      DBEB8D1D 
 230      8FFD4926 
 230      A30D72EB 
 230      3AFE
 231 06f5 E891F05C 		.ascii	"\350\221\360\\\205\3604\2161m\370\300S\203k\376j\333"
 231      85F0348E 
 231      316DF8C0 
 231      53836BFE 
ARM GAS  /tmp/cc8k1CUB.s 			page 18


 231      6ADB
 232 0707 CF631873 		.ascii	"\317c\030s\025\214M\005}\325z\327\214<j\237\276xk\343"
 232      158C4D05 
 232      7DD57AD7 
 232      8C3C6A9F 
 232      BE786BE3 
 233 071b 4772460F 		.ascii	"GrF\017?I+\250H\013\202-r6\330\025\234\014s\344l\266"
 233      3F492BA8 
 233      480B822D 
 233      7236D815 
 233      9C0C73E4 
 234 0731 B26CB276 		.ascii	"\262l\262v6\027M\351\311\264P\325\024\266\211\254'\323"
 234      36174DE9 
 234      C9B450D5 
 234      14B689AC 
 234      27D3
 235 0743 3BAD98E7 		.ascii	";\255\230\347\353K\264d\033O}\2745\355\235\310k\317"
 235      EB4BB464 
 235      1B4F7DBC 
 235      35ED9DC8 
 235      6BCF
 236 0755 8FFEB579 		.ascii	"\217\376\265y\334|@\256\323\001\272|\340Ii\225\374\317"
 236      DC7C40AE 
 236      D301BA7C 
 236      E0496995 
 236      FCCF
 237 0767 C780C377 		.ascii	"\307\200\303w\325\003M\006\217L\355V\230\332\305\231"
 237      D5034D06 
 237      8F4CED56 
 237      98DAC599 
 238 0777 CA696A73 		.ascii	"\312ijs\370\2702\265\0237d\007\333\220|\226\373n%\367"
 238      F8B832B5 
 238      13376407 
 238      DB907C96 
 238      FB6E25F7 
 239 078b EA3B192D 		.ascii	"\352;\031-\304\225)\217\332w\317d\236\362\225\231z\360"
 239      C495298F 
 239      DA77CF64 
 239      9EF29599 
 239      7AF0
 240 079d 29676A8F 		.ascii	")gj\217\314\024\266\016'\303\3552S{\305\331\202.\331"
 240      CC14B60E 
 240      27C3ED32 
 240      537BC5D9 
 240      822ED9
 241 07b0 9C106D31 		.ascii	"\234\020m1\307.L\265i\227\374\376\253\240E\021\021\202"
 241      C72E4CB5 
 241      6997FCFE 
 241      ABA04511 
 241      1182
 242 07c2 26D16CFB 		.ascii	"&\321l\373\213\316dJ\215O\262\317\2154"
 242      8BCE644A 
 242      8D4FB2CF 
 242      8D34
 243 07d0 D9BF315A 		.ascii	"\331\2771Z\223\355\306ocbB\315)\211\241I\326$K\250\305"
 243      93EDC66F 
 243      636242CD 
ARM GAS  /tmp/cc8k1CUB.s 			page 19


 243      2989A149 
 243      D6244BA8 
 244 07e5 BC2A3EF4 		.ascii	"\274*>\364\263\320\310\360\210\337\206\37652459\326"
 244      B3D0C8F0 
 244      88DF86FE 
 244      35323435 
 244      39D6
 245 07f7 6CB718A7 		.ascii	"l\267\030\247,\033\343\223b\022Rc-\306Ds\314\352\370"
 245      2C1BE393 
 245      62125263 
 245      2DC64473 
 245      CCEAF8
 246 080a 248BD114 		.ascii	"$\213\321\024k\2113\247&\330M\366\357\222-\266\260\325"
 246      6B8933A7 
 246      26D84DF6 
 246      EF922DB6 
 246      B0D5
 247 081c 825609B0 		.ascii	"\202V\011\260\354\347\005\260}g3\232l\366X\364\206^"
 247      ECE705B0 
 247      7D67339A 
 247      6CF658F4 
 247      865E
 248 082e F5F1D664 		.ascii	"\365\361\326dk\212\235\346`\262\317\013\0133\362\257"
 248      6B8A9DE6 
 248      60B2CF0B 
 248      0B33F2AF 
 249 083e D5665C6D 		.ascii	"\325f\\mN0\322%\233q\305\312\345s#\215\313\226-6.\371"
 249      4E30D225 
 249      9B71C5CA 
 249      E573238D 
 249      CB962D36 
 250 0854 C3D2A8BF 		.ascii	"\303\322\250\277E\320%\0232aJH\210E\027\336T+>\226,"
 250      45D02513 
 250      32614A48 
 250      884517DE 
 250      542B3E96 
 251 0869 8C8ED62C 		.ascii	"\214\216\326,\\\021\035M\242\026G\223\245(\213\242\277"
 251      5C111D4D 
 251      A2164793 
 251      A5288BA2 
 251      BF
 252 087a 4459A659 		.ascii	"DY\246Y\266\350w\321\363\235]\307X\023\023\255IF\313"
 252      B6E877D1 
 252      F39D5DC7 
 252      581313AD 
 252      4946CB
 253 088d 1ABB71D1 		.ascii	"\032\273q\321\362\025KW`\004\036\344\213\2105k\2146"
 253      F2154B57 
 253      60041EE4 
 253      8B88356B 
 253      8C36
 254 089f 7BE2DCC8 		.ascii	"{\342\334\310\270\210\360\3605\253(@\032\323\264\022"
 254      B888F0F0 
 254      35AB2840 
 254      1AD3B412 
 255 08af 49586C89 		.ascii	"IXl\211\323q\264\361\261&\273\2675.\316f\261\353)+\246"
 255      D371B4F1 
ARM GAS  /tmp/cc8k1CUB.s 			page 20


 255      B126BBB7 
 255      352ECE66 
 255      B1EB292B 
 256 08c4 38B3CD3E 		.ascii	"8\263\315>\337d_\3623\231QH\231\345\312\203\242!'\216"
 256      DF645FF2 
 256      33995148 
 256      99E5CA83 
 256      A221278E 
 257 08d8 2A5E4BA3 		.ascii	"*^K\243\260\010>uU\264\245\304L*\305\010\276x\373&%"
 257      B0083E75 
 257      55B4A5C4 
 257      4C2AC508 
 257      BE78FB26 
 258 08ed DE6E4155 		.ascii	"\336nAU\003>\257\260\330\361i\2715\326\242\215\267&"
 258      033EAFB0 
 258      D8F169B9 
 258      35D6A28D 
 258      B726
 259 08ff E2CD64FF 		.ascii	"\342\315d\377\205B\244\011\223\3716\305\232\232L\347"
 259      8542A409 
 259      93F936C5 
 259      9A9A4CE7 
 260 090f 0D26535C 		.ascii	"\015&S\\jR\214\311\024\366\331\374\310yZe\244\211Ym"
 260      6A528CC9 
 260      14F6D9FC 
 260      C8795A65 
 260      A489596D 
 261 0923 4E715E9B 		.ascii	"Nq^\233\033>e4\357\277\340\2253\202"
 261      1B3E6534 
 261      EFBFE095 
 261      3382
 262              		.text
 263              		.section	.gnu.lto_.symtab.46d1048b19cdeaff,"",%progbits
 264 0000 70616C52 		.ascii	"palReadBus\000"
 264      65616442 
 264      757300
 265 000b 00       		.ascii	"\000"
 266 000c 00       		.ascii	"\000"
 267 000d 00       		.ascii	"\000"
 268 000e 00000000 		.ascii	"\000\000\000\000\000\000\000\000"
 268      00000000 
 269 0016 EC000000 		.ascii	"\354\000\000\000"
 270 001a 70616C57 		.ascii	"palWriteBus\000"
 270      72697465 
 270      42757300 
 271 0026 00       		.ascii	"\000"
 272 0027 00       		.ascii	"\000"
 273 0028 00       		.ascii	"\000"
 274 0029 00000000 		.ascii	"\000\000\000\000\000\000\000\000"
 274      00000000 
 275 0031 F1000000 		.ascii	"\361\000\000\000"
 276 0035 70616C53 		.ascii	"palSetBusMode\000"
 276      65744275 
 276      734D6F64 
 276      6500
 277 0043 00       		.ascii	"\000"
 278 0044 00       		.ascii	"\000"
ARM GAS  /tmp/cc8k1CUB.s 			page 21


 279 0045 00       		.ascii	"\000"
 280 0046 00000000 		.ascii	"\000\000\000\000\000\000\000\000"
 280      00000000 
 281 004e F9000000 		.ascii	"\371\000\000\000"
 282 0052 5F70616C 		.ascii	"_pal_lld_setgroupmode\000"
 282      5F6C6C64 
 282      5F736574 
 282      67726F75 
 282      706D6F64 
 283 0068 00       		.ascii	"\000"
 284 0069 02       		.ascii	"\002"
 285 006a 00       		.ascii	"\000"
 286 006b 00000000 		.ascii	"\000\000\000\000\000\000\000\000"
 286      00000000 
 287 0073 FF000000 		.ascii	"\377\000\000\000"
 288              		.text
 289              		.section	.gnu.lto_.opts,"",%progbits
 290 0000 272D666D 		.ascii	"'-fmath-errno' '-fsigned-zeros' '-ftrapping-math' '"
 290      6174682D 
 290      6572726E 
 290      6F272027 
 290      2D667369 
 291 0033 2D666E6F 		.ascii	"-fno-trapv' '-fno-openmp' '-fno-openacc' '-mcpu=cor"
 291      2D747261 
 291      70762720 
 291      272D666E 
 291      6F2D6F70 
 292 0066 7465782D 		.ascii	"tex-m3' '-mno-thumb-interwork' '-mthumb' '-ggdb' '-"
 292      6D332720 
 292      272D6D6E 
 292      6F2D7468 
 292      756D622D 
 293 0099 4F322720 		.ascii	"O2' '-fomit-frame-pointer' '-falign-functions=16' '"
 293      272D666F 
 293      6D69742D 
 293      6672616D 
 293      652D706F 
 294 00cc 2D666675 		.ascii	"-ffunction-sections' '-fdata-sections' '-fno-common"
 294      6E637469 
 294      6F6E2D73 
 294      65637469 
 294      6F6E7327 
 295 00ff 2720272D 		.ascii	"' '-flto'\000"
 295      666C746F 
 295      2700
 296              		.text
 297              		.comm	__gnu_lto_v1,1,1
 298              		.comm	__gnu_lto_slim,1,1
 299              		.ident	"GCC: (GNU Tools for ARM Embedded Processors 6-2017-q2-update) 6.3.1 20170620 (release) [AR
ARM GAS  /tmp/cc8k1CUB.s 			page 22


DEFINED SYMBOLS
                            *ABS*:0000000000000000 hal_pal.c
                            *COM*:0000000000000001 __gnu_lto_v1
                            *COM*:0000000000000001 __gnu_lto_slim

NO UNDEFINED SYMBOLS
