ARM GAS  /tmp/cc7kExNn.s 			page 1


   1              		.cpu cortex-m3
   2              		.eabi_attribute 20, 1
   3              		.eabi_attribute 21, 1
   4              		.eabi_attribute 23, 3
   5              		.eabi_attribute 24, 1
   6              		.eabi_attribute 25, 1
   7              		.eabi_attribute 26, 1
   8              		.eabi_attribute 30, 2
   9              		.eabi_attribute 34, 1
  10              		.eabi_attribute 18, 4
  11              		.file	"hal_st.c"
  12              		.text
  13              	.Ltext0:
  14              		.section	.gnu.lto_.profile.f90be03af687a657,"",%progbits
  15 0000 789C6365 		.ascii	"x\234ce`b`a```d\220\342\001\000\000\300\0003"
  15      60626061 
  15      60606064 
  15      90E20100 
  15      00C00033 
  16              		.text
  17              		.section	.gnu.lto_.icf.f90be03af687a657,"",%progbits
  18 0000 789C6365 		.ascii	"x\234ce`bP`@\000V\206\205??\354\345a|\177c\371J\026"
  18      60625060 
  18      40005686 
  18      853F3FEC 
  18      E5617C7F 
  19 0018 A67D171E 		.ascii	"\246}\027\036\254ga~\177\256\367/;\313\211\217\213\026"
  19      AC67617E 
  19      7FAEF72F 
  19      3BCB898F 
  19      8B16
  20 002a F0320000 		.ascii	"\3602\000\000\0217\020\034"
  20      1137101C 
  21              		.text
  22              		.section	.gnu.lto_.jmpfuncs.f90be03af687a657,"",%progbits
  23 0000 789C6365 		.ascii	"x\234ce`b\020c@\000V\020\301\010\004\365L\014\014\314"
  23      60621063 
  23      40005610 
  23      C10804F5 
  23      4C0C0CCC 
  24 0014 209A0528 		.ascii	" \232\005(\000\000\016\012\0011"
  24      00000E0A 
  24      0131
  25              		.text
  26              		.section	.gnu.lto_.inline.f90be03af687a657,"",%progbits
  27 0000 789C6365 		.ascii	"x\234ce`b\310g@\000V\006\006\026\036F\240 \003\003\333"
  27      6062C867 
  27      40005606 
  27      06161E46 
  27      A0200303 
  28 0015 027910C5 		.ascii	"\002y\020\305\300\310\005\"\030\330X\031\031\031\004"
  28      C0C80522 
  28      18D85819 
  28      191904
  29 0024 18191898 		.ascii	"\030\031\030\230\330>\350\301%\231\030X\230\201\312"
  29      D83EE8C1 
  29      25991858 
ARM GAS  /tmp/cc7kExNn.s 			page 2


  29      9881CA
  30 0033 992EF0C3 		.ascii	"\231.\360\303\205\230ABP\245\310\342,\230J\031\000\312"
  30      85984142 
  30      50A5C8E2 
  30      2C984A19 
  30      00CA
  31 0045 39089E   		.ascii	"9\010\236"
  32              		.text
  33              		.section	.gnu.lto_.pureconst.f90be03af687a657,"",%progbits
  34 0000 789C6365 		.ascii	"x\234ce`b\340f```e\220`\224b\222b\226b\221\002\000\004"
  34      6062E066 
  34      60606065 
  34      90609462 
  34      92629662 
  35 0018 1000A2   		.ascii	"\020\000\242"
  36              		.text
  37              		.section	.gnu.lto_stInit.f90be03af687a657,"",%progbits
  38 0000 789C254D 		.ascii	"x\234%M\273\012\302@\020\334\271\363\021\020?@D\254"
  38      BB0AC240 
  38      10DCB9F3 
  38      11103F40 
  38      44AC
  39 0012 D3249F24 		.ascii	"\323$\237$\222\306B\020\214}N-\002Zh#b\025\321\"\261"
  39      92C64210 
  39      8C7D4E2D 
  39      025A6823 
  39      6215D122 
  40 0027 12CB74C1 		.ascii	"\022\313t\301\017\260\260\325\312\302F\355\0051q\317"
  40      0FB0B0D5 
  40      CAC246ED 
  40      053171CF 
  41 0037 0C3BCCB2 		.ascii	"\014;\314\262;;[$A[\"j2\353LH\202\230\237\210\206\206"
  41      3B3B5B24 
  41      415B226A 
  41      32EB4C48 
  41      82989F88 
  42 004d 0074A30C 		.ascii	"\000t\243\014\220'\340a&\227\022G\377\036\0133T\214"
  42      9027E061 
  42      26971247 
  42      FF1E0B33 
  42      548C
  43 005f 64F9AEA9 		.ascii	"d\371\256\251(A \211VL\015\2040\211m\267C\272\250\226"
  43      28412089 
  43      564C0D84 
  43      30896DB7 
  43      43BAA896 
  44 0073 0AF91C11 		.ascii	"\012\371\034\021J`\335\237\221\2504\363Ur\335 +\362"
  44      4A60DD9F 
  44      91A834F3 
  44      5572DD20 
  44      2BF2
  45 0085 6AC2D43F 		.ascii	"j\302\324?\246Rh\225\017\214\327\237\272\366\353\220"
  45      A6526895 
  45      0F8CD79F 
  45      BAF6EB90 
  46 0095 387E5ECA 		.ascii	"8~^\312\336W\031\201\304Jr\002v\360(`\357\013\243uV"
  46      DE571981 
ARM GAS  /tmp/cc7kExNn.s 			page 3


  46      C44A7202 
  46      76F02860 
  46      EF0BA375 
  47 00aa F9FB3426 		.ascii	"\371\3734&\274\344sA\324\260,;\257\236kw\332]\333\355"
  47      BCE47341 
  47      D4B02C3B 
  47      AF9E6B77 
  47      DA5DDBED 
  48 00be 3B5A5BEE 		.ascii	";Z[\356\300r\350\007S\311@E"
  48      C072E807 
  48      53C94045 
  49              		.text
  50              		.section	.gnu.lto_stStartAlarm.f90be03af687a657,"",%progbits
  51 0000 789C9D52 		.ascii	"x\234\235RMkSA\024\2353\223\276\027\342G]\270\020\214"
  51      4D6B5341 
  51      149D3393 
  51      BE17E247 
  51      5DB8108C 
  52 0014 508452EB 		.ascii	"P\204R\353\"\217\330\215?@\004\241]\331}\255Q\250\020"
  52      228FD88D 
  52      3F4004A1 
  52      5DD97DAD 
  52      51A810
  53 0027 A934C1A5 		.ascii	"\2514\301\245\235\306\306`\352\327\246I\263\210\257"
  53      9DC6C660 
  53      EAD7A649 
  53      B388AF
  54 0036 18256D34 		.ascii	"\030%m4MS\277Z\255\360\010\212\0135J]\270\320\240\010"
  54      4D53BF5A 
  54      ADF0088A 
  54      0B354A5D 
  54      B8D0A008 
  55 004a 2D0A154A 		.ascii	"-\012\025J\015\026\021\032\357L\242TW\342\360\346\315"
  55      0D16111A 
  55      EF4CA254 
  55      57E2F0E6 
  55      CD
  56 005b DC3BE79E 		.ascii	"\334;\347\236{\356\314mb\234\2259cG\030c;iB0\360+e\306"
  56      7BEECC6D 
  56      629C9539 
  56      63471863 
  56      3B694230 
  57 0073 86DC1C50 		.ascii	"\206\334\034P\033\351\006\033\344\030\304e\221\024("
  57      1BE9061B 
  57      E418C465 
  57      911428
  58 0082 C596E678 		.ascii	"\305\226\346x{V\322p\222\263\3069\031\335a\013\306R"
  58      7B56D270 
  58      92B3C639 
  58      19DD610B 
  58      C652
  59 0094 34D54016 		.ascii	"4\325@\026\355\204zR[s\232/\011[\000\234\314\205\225"
  59      ED847A52 
  59      5B739A2F 
  59      095B009C 
  59      CC8595
  60 00a7 E7E94DCA 		.ascii	"\347\351M\312\344\330F\346\217\334\364\273f\321\002"
ARM GAS  /tmp/cc7kExNn.s 			page 4


  60      E4D846E6 
  60      8FDCF4BB 
  60      66D102
  61 00b6 46FBD5AB 		.ascii	"F\373\325\253\316\356\266\033RF\244\263|V\310\355\266"
  61      CEEEB61B 
  61      5246A4B3 
  61      7C56C8ED 
  61      B6
  62 00c7 10C84110 		.ascii	"\020\310A\020\037&\341\305\004\274\214\\\0147\321\246"
  62      1F26E1C5 
  62      04BC8C5C 
  62      0C37D1A6 
  63 00d7 E01F8BEB 		.ascii	"\340\037\213\353\243[\014W\346WJ\334\202\001Z\013\013"
  63      A35B0C57 
  63      E6574ADC 
  63      82015A0B 
  63      0B
  64 00e8 70E47A2D 		.ascii	"p\344z-&\235\352u\274>h\222v\212\020\024\353b,NHU\311"
  64      269DEA75 
  64      BC3E6892 
  64      768A1014 
  64      EB622C4E 
  65 00ff 88E06A15 		.ascii	"\210\340j\025\213\340\212\353\274\023\177\354\021{\264"
  65      8BE08AEB 
  65      BC137FEC 
  65      117BB4
  66 010e 8C376FD3 		.ascii	"\2147o\323IOkF\353XJm\036\223N\244EI\311\377)E\2278"
  66      494F6B46 
  66      EB584A6D 
  66      1E934EA4 
  66      4549C9FF 
  67 0126 85D63431 		.ascii	"\205\32641}Fd5\366\376Y\345\232\371[\327p\375Z^\031"
  67      7D466435 
  67      F6FE59E5 
  67      9AF95BD7 
  67      70FD5A5E 
  68 013b 4281B4B8 		.ascii	"B\201\264\270\224\300\006\335\014\005\030D1\015#-D\235"
  68      94C006DD 
  68      0C051844 
  68      310D232D 
  68      449D
  69 014d A594F85E 		.ascii	"\245\224\370^Y\036\335\257|\004LDK/MuUM:\256\234_[\361"
  69      591EDDAF 
  69      7C044C44 
  69      4B2F4D75 
  69      554D3AAE 
  70 0165 D44DC5ED 		.ascii	"\324M\305\355\"Wf\352\333S\267\2154la`\206\204\025\225"
  70      225766EA 
  70      DB53B78D 
  70      346C6160 
  70      86841595 
  71 0179 303AC8BD 		.ascii	"0:\310\275\250~5\255\274\034\036\222\343gla\3426l\214"
  71      A87E35AD 
  71      BC1C1E92 
  71      E3676C61 
  71      E2366C8C 
  72 018d 51ED3A29 		.ascii	"Q\355:)\001j\211b\305\360\0274`\206\302\335\270\003"
ARM GAS  /tmp/cc7kExNn.s 			page 5


  72      016A8962 
  72      C5F01734 
  72      6086C2DD 
  72      B803
  73 019f 0B7BBD0D 		.ascii	"\013{\275\015\004\356\302O\252\224\244\352\247\371\350"
  73      04EEC24F 
  73      AA94A4EA 
  73      A7F9E8
  74 01ae D686A27F 		.ascii	"\326\206\242\177\315\347\306=\235\017\015\266\373\260"
  74      CDE7C63D 
  74      9D0F0DB6 
  74      FBB0
  75 01bc 36D6435D 		.ascii	"6\326C]\204Y\212\324\354\217\376\203}N\263\363\006\373"
  75      84598AD4 
  75      EC8FFE83 
  75      7D4EB3F3 
  75      06FB
  76 01ce 03CD3E6F 		.ascii	"\003\315>o_\230\364\324\3319\036R\344\"\"\037F&\002"
  76      5F98F4D4 
  76      D9391E52 
  76      E422221F 
  76      462602
  77 01e1 BA2DD413 		.ascii	"\272-\324\023\260/\210\214g/B9\364\353\305I\037\365"
  77      B02F888C 
  77      672F4239 
  77      F4EBC549 
  77      1FF5
  78 01f3 0075FC2E 		.ascii	"\000u\374.\237\317\252\177\375!\253\2577h\205\006\002"
  78      9FCFAA7F 
  78      FD21ABAF 
  78      37688506 
  78      02
  79 0204 6AED0985 		.ascii	"j\355\011\205}\001f\366\036\015\205O\234<\356R\277\216"
  79      7D0166F6 
  79      1E0D854F 
  79      9C3CEE52 
  79      BF8E
  80 0216 BFA1A7FA 		.ascii	"\277\241\247\372\007\302!\353pwW\307>\253\263\363\200"
  80      07C221EB 
  80      707757C7 
  80      3EABB3F3 
  80      80
  81 0227 D57DA8EB 		.ascii	"\325}\250\353\264\277\021\334\023\014\036\363\365\261"
  81      B4BF11DC 
  81      130C1EF3 
  81      F5B1
  82 0235 9F3ACB05 		.ascii	"\237:\313\005\004"
  82      04
  83              		.text
  84              		.section	.gnu.lto_stStopAlarm.f90be03af687a657,"",%progbits
  85 0000 789C5D50 		.ascii	"x\234]PAK\002Q\020\236\357=[%\350^d\247N^v)\377B\004"
  85      414B0251 
  85      109EEF3D 
  85      5B25E85E 
  85      64A74E5E 
  86 0019 819EF42E 		.ascii	"\201\236\364.a\007\017\202\341JW\327\320\004\205\352"
  86      61070F82 
ARM GAS  /tmp/cc7kExNn.s 			page 6


  86      E14A57D7 
  86      D00485EA 
  87 0029 92E621F6 		.ascii	"\222\346!\366\340\301\262T:\006\005\"A]2\350\027H\207"
  87      E0C1B254 
  87      3A060522 
  87      415D32E8 
  87      174887
  88 003c A0431026 		.ascii	"\240C\020&%\004\326\274\335\210hx\303\314\233\371\346"
  88      2504D6BC 
  88      DD886878 
  88      C3CC9BF9 
  88      E6
  89 004d FBE6BD29 		.ascii	"\373\346\275)\022\244\203(BD\363\354\220\004\261\337"
  89      12A48328 
  89      4244F3EC 
  89      9004B1DF 
  90 005d 27CAF904 		.ascii	"'\312\371\004\240\022\313\007\312\012d\261'\253\022"
  90      A012CB07 
  90      CA0A64B1 
  90      27AB12
  91 006c BDE2D385 		.ascii	"\275\342\323\205\0104,\266nu\244\355X\205Y[\022\325"
  91      08342CB6 
  91      6E75A4ED 
  91      5885595B 
  91      12D5
  92 007e D895A181 		.ascii	"\330\225\241\201\0001\354\361|r0\243y\334:\216\241\261"
  92      0031ECF1 
  92      7C7230A3 
  92      79DC3A8E 
  92      A1B1
  93 0090 04751ED0 		.ascii	"\004u\036\320\265&_E\253{]\307\347*\267J\354J\243,\205"
  93      B5265F45 
  93      AB7B5DC7 
  93      E72AB74A 
  93      EC4AA32C 
  94 00a5 8AF219BD 		.ascii	"\212\362\031\275\321\370\366\262\242\377R\344]\245\261"
  94      D1F8F6B2 
  94      A2FF52E4 
  94      5DA5B1
  95 00b4 261D9A9A 		.ascii	"&\035\232\232\304_z\234@c\376&4.V\012\275{\357\256\264"
  95      C45F7A9C 
  95      4063FE26 
  95      342E560A 
  95      BD7BEFAE 
  96 00c9 251C4CBF 		.ascii	"%\034L\277\365\361:\355^\025\207\207K\365\366\373\215"
  96      F5F13AED 
  96      5E158787 
  96      4BF5F6FB 
  96      8D
  97 00da CFC6116C 		.ascii	"\317\306\021l)p\006?N\341'\205m\336\215\336\274F\313"
  97      2970063F 
  97      4EE12785 
  97      6DDE8DDE 
  97      BC46CB
  98 00ed CAE7AC41 		.ascii	"\312\347\254A}87\344)\211\026l\034\362\202\216\010\332"
  98      7D3837E4 
  98      2989166C 
ARM GAS  /tmp/cc7kExNn.s 			page 7


  98      1CF2828E 
  98      08DA
  99 00ff 30FE6AF0 		.ascii	"0\376j\360\036\350\360\364\013\266\007\345\253E\265"
  99      1EE8F0F4 
  99      0BB607E5 
  99      AB45B5
 100 010e 9BF30125 		.ascii	"\233\363\001%n\360K\004\321\202\256\033\356I\231Fb="
 100      6EF04B04 
 100      D182AE1B 
 100      EE499946 
 100      623D
 101 0120 6998E9B8 		.ascii	"i\230\351\270\21213\243\307)\370\277\273\231JgL#\022"
 101      8A3133A3 
 101      C729F8BF 
 101      BB994A67 
 101      4C2312
 102 0133 0D07978D 		.ascii	"\015\007\227\215Ph\305\210\256\205\267\226~\360\261"
 102      5068C588 
 102      AE85B796 
 102      7EF0B1
 103 0142 6472434F 		.ascii	"drCO\3207\374G\1772"
 103      D037FC47 
 103      7F32
 104              		.text
 105              		.section	.gnu.lto_stSetAlarm.f90be03af687a657,"",%progbits
 106 0000 789C5D52 		.ascii	"x\234]RMk\023Q\024\275gn2\023\242R\021\027\202\021\212"
 106      4D6B1351 
 106      14BD676E 
 106      3213A252 
 106      11178211 
 107 0015 506A5D64 		.ascii	"Pj]d\210\335\370\003\004\021\332\225\335\327\032\205"
 107      88DDF803 
 107      0411DA95 
 107      DDD71A85 
 108 0025 0A914A13 		.ascii	"\012\221J\023\\\332\327\2645\230Buc\322.\306)F\251\306"
 108      5CDAD7B4 
 108      35984275 
 108      63D22EC6 
 108      2946A9C6 
 109 0039 A649AA82 		.ascii	"\246I\252\202\342f\010~,\324\012\335\2700\245\"Vp!\224"
 109      E266087E 
 109      2CD40ADD 
 109      B830A522 
 109      56702194 
 110 004d FA114468 		.ascii	"\372\021Dh\274o\322\212\372\2307\367\335;\347\236w\356"
 110      BC6FD28A 
 110      FA9837F7 
 110      DD3BE79E 
 110      77EE
 111 005f 618264D0 		.ascii	"a\202d\320\036\203\350\024\021\355\227\015&\030\327"
 111      1E83E814 
 111      11ED970D 
 111      2618D7
 112 006e 96884643 		.ascii	"\226\210FC\006\240\017*\004\03210\202\253\234g\3242"
 112      06A00F2A 
 112      041A3130 
 112      82AB9C67 
ARM GAS  /tmp/cc7kExNn.s 			page 8


 112      D432
 113 0080 9F1E1B5D 		.ascii	"\237\036\033]sJ\226\227\257X\227\325\304>\227\211fd"
 113      734A9697 
 113      AF5897D5 
 113      C43E9789 
 113      6664
 114 0092 EB853974 		.ascii	"\353\2059t\011\352Y\263\341\265M\261\313\200!\351\362"
 114      09EA59B3 
 114      E1B54DB1 
 114      CB8021E9 
 114      F2
 115 00a3 FA2B6787 		.ascii	"\372+g\207N\015\354\226\364W\261Ro\343v\220\2347nx\007"
 115      4E0DEC96 
 115      F457B152 
 115      6FE37690 
 115      9C376E78 
 116 00b8 3B6F2B95 		.ascii	";o+\225V^}\214\325^\227\031E\260\360\341.\"\270\203"
 116      565E7D8C 
 116      D55E9719 
 116      45B0F0E1 
 116      2E22B883 
 117 00cc 08498970 		.ascii	"\010I\211p\017\235\032\376\241\272y}\227\031(l_\211"
 117      0F9D1AFE 
 117      A1BA797D 
 117      9719286C 
 117      5F89
 118 00de 79989058 		.ascii	"y\230\220X^\206\2476\233\031\345}\274\205'\307\203\242"
 118      5E86A736 
 118      9B19E57D 
 118      BC8527C7 
 118      83A2
 119 00f0 5D3A587A 		.ascii	"]:Xz\003DYA\352I&\331\320\221\327`h\256+^\366i\230\017"
 119      03445941 
 119      EA4926D9 
 119      D091D760 
 119      68AE2B5E 
 120 0108 F932DEBE 		.ascii	"\3712\336\276s\362\341\216\202\257\343\271\263sZy\351"
 120      73F2E18E 
 120      82AFE3B9 
 120      B3735A79 
 120      E9
 121 0119 762DA5F4 		.ascii	"v-\245\364\257\024\177\304\005t8\302\364\031\351\215"
 121      AF147FC4 
 121      057438C2 
 121      F419E98D 
 122 0129 CCEACBEF 		.ascii	"\314\352\313\3577\255?\272\306[\266<\262X\203|q3\214"
 122      37AD3FBA 
 122      C65BB63C 
 122      B258837C 
 122      71338C
 123 013c BF7413CA 		.ascii	"\277t\023\3120\205\242\002\323an\261\324r?W\346\363"
 123      3085A202 
 123      D3616EB1 
 123      D4723F57 
 123      E6F3
 124 014e 47754D80 		.ascii	"GuM\200\271\211\332\033K[\025\364\373\226J\215\365p"
 124      B989DA1B 
ARM GAS  /tmp/cc7kExNn.s 			page 9


 124      4B5B15F4 
 124      FB964A8D 
 124      F570
 125 0160 2BD5DC01 		.ascii	"+\325\334\001)\025\026~\274\010\271p\340\262\211E\021"
 125      2915167E 
 125      BC08B970 
 125      E0B28945 
 125      11
 126 0171 56D5C2E4 		.ascii	"V\325\302\344C\361\365\267\257\226]R\343\243j\366\222"
 126      43F1F5B7 
 126      AF965D52 
 126      E3A36AF6 
 126      92
 127 0182 CB16EEC3 		.ascii	"\313\026\356\303\305\264\314\356_*\200f\256\272b\306"
 127      C5B4CCEE 
 127      5F2A8066 
 127      AEBA62C6 
 128 0192 CA3E6051 		.ascii	"\312>`Q\332Cx\000\033\207#[\010<DLT\321\032\322\357"
 128      DA437800 
 128      1B87235B 
 128      083C444C 
 128      54D11AD2 
 129 01a7 27EB71DF 		.ascii	"'\353q\337Z=\006}Az\2661\005]\360\035\310\312L\342\243"
 129      5A3D067D 
 129      417AB631 
 129      055DF01D 
 129      C8CA4CE2 
 130 01bc FC3507A2 		.ascii	"\3745\007\242Q\273\365\014%\355\301\201\204\235\034"
 130      51BBF50C 
 130      25EDC181 
 130      849D1C
 131 01cb 8EEBD89F 		.ascii	"\216\353\330\237LE\343d\015\234N\246\316\235?\033\320"
 131      4C45E364 
 131      0D9C4EA6 
 131      CE9D3F1B 
 131      D0
 132 01dc AFEEFFA1 		.ascii	"\257\356\377\241\027\206\206SI\373d_o\367\021\273\247"
 132      17868653 
 132      49FB645F 
 132      6FF711BB 
 132      A7
 133 01ed E798DD77 		.ascii	"\347\230\335w\242\367bl\253\271?\2218\023\035\244\337"
 133      A2F7626C 
 133      ABB93F91 
 133      38131DA4 
 133      DF
 134 01fe 9500C76F 		.ascii	"\225\000\307o"
 135              		.text
 136              		.section	.gnu.lto_stGetAlarm.f90be03af687a657,"",%progbits
 137 0000 789C5D90 		.ascii	"x\234]\220\317+DQ\024\307\317\367\235\231\367\036\022"
 137      CF2B4451 
 137      14C7CFF7 
 137      9D99F71E 
 137      12
 138 0011 6B46D62C 		.ascii	"kF\326,\3465\374\013J\012\033\366\223XXL\221\221\255"
 138      E635FC0B 
 138      4A0A1BF6 
ARM GAS  /tmp/cc7kExNn.s 			page 10


 138      9358584C 
 138      9191AD
 139 0024 6BF22314 		.ascii	"k\362#\024R\014izj\324\3705\306l-\364Rb\341W\366J\262"
 139      520C697A 
 139      6AD4F835 
 139      C66C2DF4 
 139      5262E157 
 140 003b B150D390 		.ascii	"\261P\323\220\037\221q\356\214$\267\373\353\234\373"
 140      1F9171EE 
 140      8C24B7FB 
 140      EB9CFB
 141 004a E99CEFF7 		.ascii	"\351\234\357\367\372\311\240I\020u\021Q\255,0\301X\270"
 141      FAC9A049 
 141      10751151 
 141      AD2C30C1 
 141      58B8
 142 005c 201AB30D 		.ascii	" \032\263\015@_\224\015\03250\212y\2163\216\013\257"
 142      405F940D 
 142      1A35308A 
 142      798E338E 
 142      0BAF
 143 006e 5ED51CBB 		.ascii	"^\325\034\273\032\223\360:w\226\250\320!P-\341\366F"
 143      1A93F03A 
 143      7796A8D0 
 143      21502DE1 
 143      F646
 144 0080 266F37A4 		.ascii	"&o7\244\224\212)/\236\263\326\366\257\224\337e\203V"
 144      948A292F 
 144      9EB3D6F6 
 144      AF94DF65 
 144      8356
 145 0092 05DF4400 		.ascii	"\005\337D\000)\004t\217-4\220\320w\331\257\245J\323"
 145      2904748F 
 145      2D3490D0 
 145      77D9AFA5 
 145      4AD3
 146 00a4 9764D280 		.ascii	"\227d\322\200\344\267a\212\024\312\\\303S_\205)\345"
 146      E4B7618A 
 146      14CA5CC3 
 146      535F8529 
 146      E5
 147 00b5 DD27F1D1 		.ascii	"\335'\361\321\3523\310ef\331|D3\002jU\263RUN~\300\321"
 147      EA33C865 
 147      66D97C44 
 147      33026A55 
 147      B352554E 
 148 00cc E1FBE967 		.ascii	"\341\373\351g\274\363\267\336\270\222\341\305\337\254"
 148      BCF3B7DE 
 148      B892E1C5 
 148      DFAC
 149 00da 9A62C155 		.ascii	"\232b\301U\306\237^\204\035\230\322i\027f\202\265\201"
 149      C69F5E84 
 149      1D98D269 
 149      176682B5 
 149      81
 150 00eb E589A34B 		.ascii	"\345\211\243KK\033\360\027\261\213\364k\256\274\024"
 150      4B1BF017 
ARM GAS  /tmp/cc7kExNn.s 			page 11


 150      B18BF46B 
 150      AEBC14
 151 00fa EA323E49 		.ascii	"\3522>I%\367^Nl\027\011\270lbOL\244\265\011m\366\374"
 151      25F75E4E 
 151      6C1709B8 
 151      6C624F4C 
 151      A4B5096D 
 152 0110 F9C972D2 		.ascii	"\371\311r\322j|L\335&\363\365\213e.[\310\300\305\212"
 152      6A7C4CDD 
 152      26F3F58B 
 152      652E5BC8 
 152      C0C58A
 153 0123 682CF611 		.ascii	"h,\366\021\250\260\234\2751C\031\015\255\037\030.\333"
 153      A8B09CBD 
 153      3143190D 
 153      AD1F182E 
 153      DB
 154 0134 D88783C6 		.ascii	"\330\207\203\306\300\017\201,B\364\200X~j\213K\242X"
 154      C00F812C 
 154      42F48058 
 154      7E6A8B4B 
 154      A258
 155 0146 74D12362 		.ascii	"t\321#b\267\323\237\254\365KF\276D|C\3735\210\352\202"
 155      B7D39FAC 
 155      F54B46BE 
 155      447C43FB 
 155      3588EA82 
 156 015a 41A73407 		.ascii	"A\2474\007\242N\177O\304\211\016\365\3523\034\035\016"
 156      A24E7F4F 
 156      C4890EF5 
 156      EA331C1D 
 156      0E
 157 016b F652F3FF 		.ascii	"\366R\363\377\327\301\201\241\341\250\323\325\335\321"
 157      D7C181A1 
 157      E1A8D3D5 
 157      DDD1
 158 0179 DCE4B4B7 		.ascii	"\334\344\264\267\2678\335m\035#\241\037>\034\211\364"
 158      B738DD6D 
 158      1D23A11F 
 158      3E1C89F4 
 159 0189 05FBE91B 		.ascii	"\005\373\351\033\374H\232\346"
 159      FC489AE6 
 160              		.text
 161              		.section	.gnu.lto_.symbol_nodes.f90be03af687a657,"",%progbits
 162 0000 789C55C8 		.ascii	"x\234U\310K\015\200@\014\006\341\371w\251/\020\305\271"
 162      4B0D8040 
 162      0C06E1F9 
 162      77A92F10 
 162      C5B9
 163 0012 2B0111A8 		.ascii	"+\001\021\250@\004\006x\255\022B\303\255s\231\3443\012"
 163      40040678 
 163      AD1242C3 
 163      AD7399E4 
 163      330A
 164 0024 335139E4 		.ascii	"3Q9\344\260\354\020\333\332\024r\312\225\345\222\227"
 164      B0EC10DB 
 164      DA1472CA 
ARM GAS  /tmp/cc7kExNn.s 			page 12


 164      95E59297 
 165 0034 2CB7BC66 		.ascii	",\267\274fy\344C\022u\271\375\002\255\215P1\326\376"
 165      79E44312 
 165      75B9FD02 
 165      AD8D5031 
 165      D6FE
 166 0046 8A0F3B12 		.ascii	"\212\017;\022\036\251"
 166      1EA9
 167              		.text
 168              		.section	.gnu.lto_.refs.f90be03af687a657,"",%progbits
 169 0000 789C6365 		.ascii	"x\234ce`b`d\000\002\000\000I\000\011"
 169      60626064 
 169      00020000 
 169      490009
 170              		.text
 171              		.section	.gnu.lto_.decls.f90be03af687a657,"",%progbits
 172 0000 789CB557 		.ascii	"x\234\265WkP\024\331\025\356\333w\006ax\271\2431\246"
 172      6B5014D9 
 172      15EEDB77 
 172      066178B9 
 172      A331A6
 173 0013 E2562C0B 		.ascii	"\342V,\013\205J\005F\300\230\315\217X\272h\214U\272"
 173      854A0546 
 173      C098CD8F 
 173      58BA688C 
 173      55BA
 174 0025 9B1ACD26 		.ascii	"\233\032\315&\177\266\246\020\331\225*@\003c\252\266"
 174      7FB6A610 
 174      D9952A40 
 174      0363AAB6 
 175 0035 F2635B60 		.ascii	"\362c[`\025q}\240\202\002\272\274\004A@^\012\"\017G"
 175      15717DA0 
 175      8202BABC 
 175      0441405E 
 175      0A220F47 
 176 0049 50404445 		.ascii	"P@DE\\D@\001_\304'\"\276PTr\356\243\247\233v0\233J\245"
 176      5C444001 
 176      5FC42722 
 176      BE505472 
 176      EEA3A79B 
 177 0062 6B4ECF3D 		.ascii	"kN\317=\367~\347;\347\236so\337n\275 \012YFA(\023\005"
 177      F77EE73B 
 177      E79E736F 
 177      DF6EBD20 
 177      0A594641 
 178 0079 A10409C2 		.ascii	"\241\004\011\302\030\\N\202 \024\011\312E\364# \265"
 178      185C4E82 
 178      201409CA 
 178      45F42320 
 178      B5
 179 008a 2027414E 		.ascii	" 'AN\201\234\006i\024\336\277\276\004\016\014\377_\200"
 179      819C0669 
 179      14DEBFBE 
 179      040E0CFF 
 179      5F80
 180 009c 9C55F188 		.ascii	"\234U\361\210\234\303\221\315?\301\306\205\333@(\302"
 180      9CC391CD 
ARM GAS  /tmp/cc7kExNn.s 			page 13


 180      3FC1C685 
 180      DB4028C2 
 181 00ac 54901320 		.ascii	"T\220\023 \336 ?\203\261\251 w\240\335)0\356\217@\027"
 181      DE203F83 
 181      B1A92077 
 181      A0DD2930 
 181      EE8F4017 
 182 00c0 41F488F1 		.ascii	"A\364\210\361\222\270~\016m\370\011s\320x\356oA\327"
 182      92B87E0E 
 182      6DF80973 
 182      D078EE6F 
 182      41D7
 183 00d2 716E998B 		.ascii	"qn\231\213\360\020\230lO\346\344\243\261#W\354\177\021"
 183      F010986C 
 183      4FE6E4A3 
 183      B12357EC 
 183      7F11
 184 00e4 1792E3E2 		.ascii	"\027\222\343\342\371\3715\217'@\303\273\205sj\371\346"
 184      F9F9358F 
 184      2740C3BB 
 184      85736AF9 
 184      E6
 185 00f5 FC074E92 		.ascii	"\374\007N\222\357y\234s\276\206s/F\025\333N\327\212"
 185      EF799C73 
 185      BE86732F 
 185      4615DB4E 
 185      D78A
 186 0107 BDE81A02 		.ascii	"\275\350\032\002,\232L{\021bwD\205\252c\362\205\020"
 186      2C9A4C7B 
 186      11627744 
 186      85AA63F2 
 186      8510
 187 0119 ED875E51 		.ascii	"\355\207^Q\340\244r\027\222-\270.rU\344\224\364\307"
 187      E0A47217 
 187      922DB82E 
 187      7255E494 
 187      F4C7
 188 012b 8D918A91 		.ascii	"\215\221\212\221\0153O\362\305\346\300\032\324L\266"
 188      0D334FF2 
 188      C5E6C01A 
 188      D44CB6
 189 013a 46A2E200 		.ascii	"F\242\342\000!\265\201\212\220\205\315\307\355\361\011"
 189      21B5818A 
 189      9085CDC7 
 189      EDF109
 190 0149 CAE4903C 		.ascii	"\312\344\220<\373')\255\003\206>t\235\364f,D\264os\331"
 190      FB2729AD 
 190      03863E74 
 190      9DF4662C 
 190      44B46F73 
 191 015e 609F1EC3 		.ascii	"`\237\036\3032\201v\337\253\274?\372\025J\354r\376\205"
 191      328176DF 
 191      ABBC3FFA 
 191      154AEC72 
 191      FE85
 192 0170 92B63363 		.ascii	"\222\2663c/m\236\33312\032\220\010j\373P\353\001WP\247"
 192      2F6D9EDB 
ARM GAS  /tmp/cc7kExNn.s 			page 14


 192      31321A90 
 192      086AFB50 
 192      EB015750 
 193 0185 1AD06450 		.ascii	"\032\320dPG6v\2342LO\246V\261\322d\021}1\015\025\242"
 193      4736769C 
 193      324C4FA6 
 193      56B1D264 
 193      117D310D 
 194 019b 19A800CD 		.ascii	"\031\250\000\315\000\347Eh:\334W\353\030\223-fw\321"
 194      00E74568 
 194      3ADC57EB 
 194      18932D66 
 194      77D1
 195 01ad A4591952 		.ascii	"\244Y\031RF\277d\353\214\371Ur\254\224\007V3\011\012"
 195      46BF64EB 
 195      8CF95572 
 195      AC940756 
 195      33090A
 196 01c0 E5238C0E 		.ascii	"\345#\214\016#?\02214\341\236\207\372\020:\204za>G\320"
 196      233F1231 
 196      34E19E87 
 196      FA103A84 
 196      7A613E47 
 197 01d5 2CB08E2D 		.ascii	",\260\216-\354N\320\343\2714\330\234\327\243C\030\202"
 197      EC4ED0E3 
 197      B934D89C 
 197      D7A34318 
 197      82
 198 01e6 98634063 		.ascii	"\230c@cc\030:\212\037V\275rg\035d\374\344\271\263\271"
 198      63183A8A 
 198      1F56BD72 
 198      671D64FC 
 198      E4B9B3B9 
 199 01fa 6EF80FA4 		.ascii	"n\370\017\244-\356\314,\330\352\202\014>\361\222\024"
 199      2DEECC2C 
 199      D8EA820C 
 199      3EF19214 
 200 020a 4362D4FB 		.ascii	"Cb\324\373\010\366\010\321Q\344Cl\210gT\012\235%\320"
 200      08F608D1 
 200      51E4436C 
 200      8867540A 
 200      9D25D0
 201 021d 994BE662 		.ascii	"\231K\346bkJ\231\263w\263$\211\250\034\031P\231\022"
 201      6B4A99B3 
 201      77B32489 
 201      A81C1950 
 201      9912
 202 022f DD1C039B 		.ascii	"\335\034\003\233L]b\317\200\001g \352\343Ml\362c\035"
 202      4C5D62CF 
 202      80016720 
 202      EAE34D6C 
 202      F2631D
 203 0242 F23130D3 		.ascii	"\36210\323\213E\001\247\277#\246\225`zL1\005&\370s\030"
 203      8B4501A7 
 203      BF23A695 
 203      607A4C31 
 203      0526F873 
ARM GAS  /tmp/cc7kExNn.s 			page 15


 204 0257 47858338 		.ascii	"G\205\2038\300\311\216c=o<\361\013\346$\357@\332#'\273"
 204      C0C98E63 
 204      3D6F3CF1 
 204      0BE624EF 
 204      40DA2327 
 205 026c 93A6E679 		.ascii	"\223\246\346y\271\324\311\011pr\\qR9\261\223*\307N\212"
 205      B9D4C909 
 205      70725C71 
 205      5239B193 
 205      2AC74E8A 
 206 0280 4ED95ADD 		.ascii	"N\331Z\335udS\020*(\026\351\213\035\213\367\230\260"
 206      75645310 
 206      2A2816E9 
 206      8B1D8BF7 
 206      98B0
 207 0292 AC35B4AC 		.ascii	"\2545\264\254\325\210\327\265}\344\341eW\250k?\255\253"
 207      D588D7B5 
 207      7DE4E165 
 207      57A86B3F 
 207      ADAB
 208 02a4 F78D3249 		.ascii	"\367\2152I\202\310$\035\301\241b%\264bmakia\317\216"
 208      82C8241D 
 208      C1A16225 
 208      B4626D61 
 208      6B6961CF 
 209 02b9 9679E01C 		.ascii	"\226y\340\034\266\012k\013.~\311\231\332\177\231\"\331"
 209      B60A6B0B 
 209      2E7EC999 
 209      DA7F9922 
 209      D9
 210 02ca 60123045 		.ascii	"`\0220E\262@\352\024\236:-\317I\312\263\253\374e\272"
 210      B240EA14 
 210      9E3A2DCF 
 210      49CAB3AB 
 210      FC65BA
 211 02dd 1E9732A2 		.ascii	"\036\2272\242\264\213\367\223=8S\375\307v&\022\221M"
 211      B48BF793 
 211      3D3853FD 
 211      C7762612 
 211      914D
 212 02ef 61B26999 		.ascii	"a\262i\231NQ\246\302gme\356\270\2061\345\025\344H\256"
 212      4E51A6C2 
 212      676D65EE 
 212      B88631E5 
 212      15E448AE 
 213 0303 EA54902C 		.ascii	"\352T\220,)\271h\030\267\304G\253\352\363D\356\2661"
 213      29B96818 
 213      B7C447AB 
 213      EAF344EE 
 213      B631
 214 0315 7D5AA2BC 		.ascii	"}Z\242\274\304\001\205\352\025\277\365Z\277\247\251"
 214      C40185EA 
 214      15BFF55A 
 214      BFA7A9
 215 0324 DF27DF3F 		.ascii	"\337'\337?\316\360\304M\314oz\371\366\035\356\204\012"
 215      CEF0C44D 
 215      CC6F7AF9 
ARM GAS  /tmp/cc7kExNn.s 			page 16


 215      F61DEE84 
 215      0A
 216 0335 8ADDD7FD 		.ascii	"\212\335\327\375\233\364\222\333R\274\201n)tFa:C\230"
 216      9BF492DB 
 216      52BC816E 
 216      29744661 
 216      3A4398
 217 0348 48A39132 		.ascii	"H\243\2212\\\212+\331\217\331f\325\021\302\363\251\267"
 217      5C8A2BD9 
 217      8FD966D5 
 217      11C2F3A9 
 217      B7
 218 0359 3CD8669D 		.ascii	"<\330f\235I\366\370Hg\257\233[\002Y\033;c%\227?Q\262"
 218      49F6F848 
 218      67AF9B5B 
 218      02591B3B 
 218      6325973F 
 219 036f 66984A13 		.ascii	"f\230J\023\235\312Y\344&\323B\023\360\2257\222N\272"
 219      9DCA59E4 
 219      26D34213 
 219      F0953792 
 219      4EBA
 220 0381 30B6AB24 		.ascii	"0\266\253$\244\324\352g-z\246;\223\341\301\202Jw\306"
 220      A4D4EA67 
 220      2D7AA63B 
 220      93E1C182 
 220      4A77C6
 221 0394 6E23C397 		.ascii	"n#\303\227\0072\343\334\330p\033\321\033\2564\015\351"
 221      0732E3DC 
 221      D8701BD1 
 221      1BAE340D 
 221      E9
 222 03a5 F0664CA7 		.ascii	"\360fL\247s\2759\277\200D\346M\266\354\330\230\247j"
 222      73BD39BF 
 222      8044E64D 
 222      B6ECD898 
 222      A76A
 223 03b7 D37AB34D 		.ascii	"\323z\263M\333\276c\370\340$\274\215\302\305\224\226"
 223      DBBE63F8 
 223      E024BC8D 
 223      C2C59496 
 224 03c7 CE7A6547 		.ascii	"\316zeG5\245,H\031&y\274\014\271\277\244\314\336\333"
 224      35A52C48 
 224      192679BC 
 224      0CB9BFA4 
 224      CCDEDB
 225 03da BED6E97C 		.ascii	"\276\326\351|\004\373dP;\254uo\276\326\333\240\363\""
 225      04FB6450 
 225      3BAC756F 
 225      BED6DBA0 
 225      F322
 226 03ec 5BEBF907 		.ascii	"[\353\371\007\023\263\234\360>\346\243\261\256\347\252"
 226      13B39CF0 
 226      3EE6A3B1 
 226      AEE7AA
 227 03fb 4E7E3268 		.ascii	"N~2h\011\2568 \220\267\367\254F\272\363: \230\037\225"
 227      09AE3820 
ARM GAS  /tmp/cc7kExNn.s 			page 17


 227      90B7F7AC 
 227      46BAF33A 
 227      20981F95 
 228 040f 602E23FE 		.ascii	"`.#\376h\210/\334\336\200\015\361d\271\374\024V\260"
 228      68882FDC 
 228      DE800DF1 
 228      64B9FC14 
 228      56B0
 229 0421 686D1D3D 		.ascii	"hm\035=\257\307\231,S[\317\034k\3445l&\372\236\023\015"
 229      AFC7992C 
 229      535BCF1C 
 229      6BE4356C 
 229      26FA9E13 
 230 0436 D5AEF820 		.ascii	"\325\256\370 \033\274\225p\263\301\011\3473E.\200\221"
 230      1BBC9570 
 230      B3C109E7 
 230      33452E80 
 230      91
 231 0447 1720BDE7 		.ascii	"\027 \275\347y\013\302El\260\272\262\246\221\027k\256"
 231      790BC245 
 231      6CB0BAB2 
 231      A691176B 
 231      AE
 232 0458 EAB96D64 		.ascii	"\352\271md\317\355\212\201\263\215\006V;\011\221\215"
 232      CFED8A81 
 232      B38D0656 
 232      3B09918D 
 233 0468 D77E6D21 		.ascii	"\327~m!.c\226\365\303%\207x\035\311\2635>e\270\315\223"
 233      2E6396F5 
 233      C3258778 
 233      1DC9B335 
 233      3E65B8CD 
 234 047d 4C47E2AB 		.ascii	"LG\342\253\206\004f_4\267\310\254\221i\006\272\311\246"
 234      8604665F 
 234      34B7C8AC 
 234      916906BA 
 234      C9A6
 235 048f D23572A6 		.ascii	"\3225r\246[o\334I\321P1\035\315R?\300\373(\37462\312"
 235      5B6FDC49 
 235      D150311D 
 235      CD523FC0 
 235      FB28FC36 
 236 04a5 46F47049 		.ascii	"F\364pI\032\364P\203;?\004>\222\235\263\327\200+X\220"
 236      1AF45083 
 236      3B3F043E 
 236      929DB3D7 
 236      802B5890 
 237 04b9 694FAFDF 		.ascii	"iO\257\337\343k\323\007\324\334\027\325\261\316\370"
 237      E36BD307 
 237      D4DC17D5 
 237      B1CEF8
 238 04c8 041BDB5D 		.ascii	"\004\033\333]w\340\374$\\\307\024y\017\030\331\036\210"
 238      77E0FC24 
 238      5CC71479 
 238      0F18D91E 
 238      88
 239 04d9 E9FC14D7 		.ascii	"\351\374\024\327\263\221\223\211\273\256#\334\310\224"
ARM GAS  /tmp/cc7kExNn.s 			page 18


 239      B3919389 
 239      BBAE23DC 
 239      C894
 240 04e7 C1B83BFD 		.ascii	"\301\270;\375<?\323AM:\367\300\033\237cC\357\232\033"
 240      3C3FD341 
 240      4D3AF7C0 
 240      1B9F6343 
 240      EF9A1B
 241 04fa BCF125D6 		.ascii	"\274\361%\326n\254\310;\204p'S\206S\033\037\030p\017"
 241      6EACC83B 
 241      84702753 
 241      86531B1F 
 241      18700F
 242 050d 5332DAF7 		.ascii	"S2\332\367\037w\306\275L\311\035I\206\003\350\026S~"
 242      1F77C6BD 
 242      4CC91D49 
 242      8603E816 
 242      537E
 243 051f ACEA8877 		.ascii	"\254\352\210w\305w\231\022_Z\272\317\025?dJLuW\"?[\373"
 243      C5779912 
 243      5F5ABACF 
 243      153F644A 
 243      4C755722 
 244 0536 897E3BE7 		.ascii	"\211~;\347v\206\013\257\212\023\350\011\355\255/\021"
 244      76860BAF 
 244      8A13E809 
 244      EDAD2F11 
 245 0546 1E62E084 		.ascii	"\036b\340\204\212\313\275\272\011\353\360J\256\303\\"
 245      8ACBBDBA 
 245      09EBF04A 
 245      AEC35C
 246 0555 5A86A4DA 		.ascii	"Z\206\244\332\244c\036\3322\264\002\372\034E\277\246"
 246      A4631EDA 
 246      32B402FA 
 246      1C45BFA6 
 247 0565 997D2567 		.ascii	"\231}%g\266\355Nv\216N[\207\211\320\323\036'\234z\356"
 247      B6ED4E76 
 247      8E4E5B87 
 247      89D0D31E 
 247      279C7AEE 
 248 0579 8EBCBCBC 		.ascii	"\216\274\274\274\246x\251.\037z\317\222\342b%\333\343"
 248      A678A92E 
 248      1F7ACF92 
 248      E26225DB 
 248      E3
 249 058a 77330787 		.ascii	"w3\007\207oK\322.7\312\004YFch\212\262\015\256Q\332"
 249      6F4BD22E 
 249      37CA0459 
 249      4663688A 
 249      B20DAE51 
 250 059f 66721798 		.ascii	"fr\027\230\305\315HxF\307a\012\277\240\205\237\177\017"
 250      C5CD4878 
 250      46C7610A 
 250      BFA0859F 
 250      7F0F
 251 05b1 DEA282F7 		.ascii	"\336\242\202\367h\341]\024\356O\320\211|J\013u\002z"
 251      68E15D14 
ARM GAS  /tmp/cc7kExNn.s 			page 19


 251      EE4FD089 
 251      7C4A0B75 
 251      027A
 252 05c3 09E32FE8 		.ascii	"\011\343/\350\020A\303\026D\337\213>h\243\350\205$\220"
 252      1041C316 
 252      44DF8B3E 
 252      68A3E885 
 252      2490
 253 05d5 7890EF40 		.ascii	"x\220\357@b@v\202\304\201l\005\331\004\262\005d\033"
 253      62407682 
 253      C4816C05 
 253      D904B205 
 253      641B
 254 05e7 C87690CD 		.ascii	"\310v\220\315 \211 o\220\027z\007\222\000\355X\220\267"
 254      2089206F 
 254      90177A07 
 254      9200ED58 
 254      90B7
 255 05f9 D0DE217A 		.ascii	"\320\336!z\321\2071\213\261;\\\211\361\2316F\223vF\355"
 255      D187318B 
 255      B13B5C89 
 255      F1993646 
 255      937646ED 
 256 060d 2AF47387 		.ascii	"*\364s\207h\177\005<\254\002?\321\202\373\220\006\335"
 256      687F053C 
 256      AC023FD1 
 256      82FB9006 
 256      DD
 257 061e AD4AD655 		.ascii	"\255J\326U\307\271U\241\353#\024\364c-\372\221\026}"
 257      C7B955A1 
 257      EB2314F4 
 257      632DFA91 
 257      167D
 258 0630 5F15C9B0 		.ascii	"_\025\311\260\026}\356\275\272\265\253\310\037j\341"
 258      167DEEBD 
 258      BAB5ABC8 
 258      1F6AE1
 259 063f F7B5E4C3 		.ascii	"\367\265\344\303*\364\200\026\335\253E\337T\205\362"
 259      2AF48016 
 259      DDAB45DF 
 259      5485F2
 260 064e D47128EA 		.ascii	"\324q(\352\244\250\270\0378\216d\\\340\252\034v;^p\343"
 260      A4A8B81F 
 260      388E645C 
 260      E0AA1C76 
 260      3B5E70E3 
 261 0662 D6A78A7D 		.ascii	"\326\247\212}\320q\022\031\234\035)\027\036\0327J\022"
 261      D0711219 
 261      9C1D2917 
 261      1E1A374A 
 261      12
 262 0673 2230811F 		.ascii	"\"0\201\037'\312:\032xd\334\035+5\317\245d\367\264d"
 262      27CA3A1A 
 262      7864DC1D 
 262      2B35CFA5 
 262      64F7B464 
 263 0687 FF7AAF22 		.ascii	"\377z\257\"*\327w\035\243\355\221n\004x\344F\012\037"
ARM GAS  /tmp/cc7kExNn.s 			page 20


 263      2AD7771D 
 263      A3ED916E 
 263      0478E446 
 263      0A1F
 264 0699 454634C2 		.ascii	"EF4\302\341\362\316G-Z\362\327\252\034\0179^xj\362\327"
 264      E1F2CE47 
 264      2D5AF2D7 
 264      AA1C0F39 
 264      5E786AF2 
 265 06ae 118CFC0E 		.ascii	"\021\214\374\016\220\337\340p\371\361\316\013\310\340"
 265      90DFE070 
 265      F9F1CE0B 
 265      C8E0
 266 06bc E405A1F5 		.ascii	"\344\005\241\365J\236\007\316\323\321\243\271\376\207"
 266      4A9E07CE 
 266      D3D1A3B9 
 266      FE87
 267 06ca 9A1438FE 		.ascii	"\232\0248\376\247\260\364\274\030t\202o\022\264G\234"
 267      A7B0F4BC 
 267      1874826F 
 267      12B4479C 
 268 06da 827689F6 		.ascii	"\202v\211\366\363\226$\313\361\016G\273ac\377\27779"
 268      F39624CB 
 268      F10E47BB 
 268      6163FFBF 
 268      3739
 269 06ec 3918EEED 		.ascii	"9\030\356\355\270!\252\337\247H\204\312#9It\243\257"
 269      B821AADF 
 269      A74884CA 
 269      23394974 
 269      A3AF
 270 06fe 66F00FE0 		.ascii	"f\360\017\340\314\362g\251\356\370\250\216\035\343W"
 270      CCF267A9 
 270      EEF8A88E 
 270      1DE357
 271 070d 5A7A10BC 		.ascii	"Zz\020\274\334\331\372\311\313\235W\301UxX\002O\034"
 271      DCD9FAC9 
 271      CB9D57C1 
 271      55785802 
 271      4F1C
 272 071f 622FCDC9 		.ascii	"b/\315\311\312,\2419\376Uq\257H^\364\036\333\262*\365"
 272      CA2CA139 
 272      FE5571AF 
 272      485EF41E 
 272      DBB22AF5 
 273 0733 B889B165 		.ascii	"\270\211\261e\337\257j\340G\275;\250\327\262\366\344"
 273      DFAF6AE0 
 273      47BD3BA8 
 273      D7B2F6E4 
 274 0743 E8D82972 		.ascii	"\350\330)r\227\014g\236\177\232l\300\035\014;zwO\027"
 274      970C679E 
 274      7F9A6CC0 
 274      1D0C3B7A 
 274      774F17
 275 0756 62581255 		.ascii	"bX\022U\303\303\243/'>\334\017\210\374P\331/\322S\245"
 275      C3C3A32F 
 275      273EDC0F 
ARM GAS  /tmp/cc7kExNn.s 			page 21


 275      88FC50D9 
 275      2FD253A5 
 276 076a 63A4F6B5 		.ascii	"c\244\366\265\033\356\245L\272\376\354\341\007\360="
 276      1BEEA54C 
 276      BAFEECE1 
 276      07F03D
 277 0779 32032103 		.ascii	"2\003!\003H\256\374\351(\240L\321\200~\020\261\374\351"
 277      48AEFCE9 
 277      28A04CD1 
 277      807E10B1 
 277      FCE9
 278 078b 9D2A01FD 		.ascii	"\235*\001\375\320\267\244\233\275\253\015eIx\272\200"
 278      D0B7A49B 
 278      BDAB0D65 
 278      4978BA80 
 279 079b 02E95985 		.ascii	"\002\351Y\205\322\241>\231\324O\2268\003e\200\243T\250"
 279      D2A13E99 
 279      D44F9638 
 279      036580A3 
 279      54A8
 280 07ad 35E90187 		.ascii	"5\351\001\207\307\333\252\322\\\225\203\011Q\356T\300"
 280      C7DBAAD2 
 280      5C958309 
 280      51EE54C0 
 281 07bd A58824BE 		.ascii	"\245\210$\276l\321(GI\320;\317g\246\271\030\270\217"
 281      6CD12847 
 281      49D03BCF 
 281      67A6B918 
 281      B88F
 282 07cf F8       		.ascii	"\370"
 283 07d0 0FFA0074 		.ascii	"\017\372\000ty\327\246}.j\356\203\037\342\276P\265-"
 283      79D7A67D 
 283      2E6AEE83 
 283      1FE2BE50 
 283      B52D
 284 07e2 C77376B6 		.ascii	"\307sv\266\324f\203\217\234z\357\322\030\233\024\273"
 284      D466838F 
 284      9C7AEFD2 
 284      189B14BB 
 285 07f2 10E58846 		.ascii	"\020\345\210F\224\006\305\202/\031\225\351>\350Y%\012"
 285      9406C582 
 285      2F1995E9 
 285      3EE85925 
 285      0A
 286 0803 28579C0D 		.ascii	"(W\234\015\226=cU\031\356\370\026K\377\246\204\230R"
 286      963D6355 
 286      19EEF816 
 286      4BFFA684 
 286      9852
 287 0815 277BE1E7 		.ascii	"'{\341\347\025\252\012O^\306\017)\205?\244-|\036-\374"
 287      15AA0A4F 
 287      5EC60F29 
 287      853FA42D 
 287      7C1E2DFC 
 288 0829 C97B0753 		.ascii	"\311{\007Su\3709g;\334V<\211\263\265\370\261\257\234"
 288      75F83967 
 288      3BDC563C 
ARM GAS  /tmp/cc7kExNn.s 			page 22


 288      89B3B5F8 
 288      B1AF9C
 289 083c 4CF69593 		.ascii	"L\366\225\223\2570\345k\231\016S\246\216\301-%\316x"
 289      AF30E56B 
 289      990E53A6 
 289      8EC12D25 
 289      CE78
 290 084e 939E3275 		.ascii	"\223\2362uv\305U\361e\341\252z\363\237\312\337\374\337"
 290      76C555F1 
 290      65E1AA7A 
 290      F39FCADF 
 290      FCDF
 291 0860 0EB5BDE5 		.ascii	"\016\265\275\345\257\204\006PO\304\224\364\351'\\5\305"
 291      AF840650 
 291      4FC494F4 
 291      E9275C35 
 291      C5
 292 0871 F2AA39C2 		.ascii	"\362\2529\302\022\335\265\375\3055\235\266\210E\220"
 292      12DDB5FD 
 292      C5359DB6 
 292      884590
 293 0880 AD429AAD 		.ascii	"\255B\232\255\022\232\350b9\321\015]\317j\334\265e\231"
 293      129AE862 
 293      39D10D5D 
 293      CF6ADCB5 
 293      6599
 294 0892 105DFEB6 		.ascii	"\020]\376\266f\265\275*\363yUJyU\340kNeY\300\253RF\253"
 294      66B5BD2A 
 294      F379554A 
 294      7955E06B 
 294      4E6559C0 
 295 08aa 52B13769 		.ascii	"R\2617i\001\336\303&\337\260\257\274^T\212R<\254\024"
 295      01DEC326 
 295      DFB0AFBC 
 295      5E548A52 
 295      3CAC14
 296 08bd 857CB895 		.ascii	"\205|\270\225+\251,\327\246\362(Meru\376ug\234\303\330"
 296      2BA92CD7 
 296      A6F2284D 
 296      657275FE 
 296      75679CC3 
 297 08d2 D2AE6CAB 		.ascii	"\322\256l\253q\266\307\264@\023\323\351q1\035\3431U"
 297      71B6C7B4 
 297      4013D3E9 
 297      71311DE3 
 297      3155
 298 08e4 88B305A7 		.ascii	"\210\263\005\247h\353\262\3100\253\363\322\317\3762"
 298      68EBB2C8 
 298      30ABF3D2 
 298      CFFE32
 299 08f3 33C8DF5F 		.ascii	"3\310\337_\370\330\317\317\304~\353\242Mk\203\303M\321"
 299      F8D8CFCF 
 299      C47EEBA2 
 299      4D6B83C3 
 299      4DD1
 300 0905 5121E4DF 		.ascii	"Q!\344\337\022m\365\013\021\334\242\255+\255\301Q\326"
 300      126DF50B 
ARM GAS  /tmp/cc7kExNn.s 			page 23


 300      11DCA2AD 
 300      2BADC151 
 300      D6
 301 0916 45E1C151 		.ascii	"E\341\301Q\021\006\213eCX\244\325\177\276\305\372W\323"
 301      11068B65 
 301      4358A4D5 
 301      7FBEC5FA 
 301      57D3
 302 0928 BAF556D3 		.ascii	"\272\365V\323\327!!\276\320\357\033\271.2\32474xu\230"
 302      D72121BE 
 302      D0EF1BB9 
 302      2E32D437 
 302      34787598 
 303 093c EF7CDF80 		.ascii	"\357|\337\200\271\376\277\363\375{\200\357\206\365k"
 303      B9FEBFF3 
 303      FD7B80EF 
 303      86F56B
 304 094b 82ADA1A6 		.ascii	"\202\255\241\246q\303\246\260\310\220\360\015kBM\021"
 304      71C3A6B0 
 304      C890F00D 
 304      6B424D11 
 305 095b C1216BC3 		.ascii	"\301!k\303\"CM\2265\241_\005o\010\267Z\254\337\254\017"
 305      22434D96 
 305      35A15F05 
 305      6F08B75A 
 305      ACDFAC0F 
 306 096f 8DF65B2B 		.ascii	"\215\366[+8\313\016\226\377o\016\242\277\2116\301\014"
 306      38CB0E96 
 306      FF6F0EA2 
 306      BF8936C1 
 306      0C
 307 0980 D6001BB0 		.ascii	"\326\000\033\260\272\200j\015\213\010\265X\275\324\263"
 307      BA806A0D 
 307      8B08B558 
 307      BDD4B3
 308 098f 8DB2DAF1 		.ascii	"\215\262\332\361!k\011\204\007\341J&\275n=\2333\264"
 308      216B0984 
 308      07E14A26 
 308      BD6E3D9B 
 308      33B4
 309 09a1 43AD7273 		.ascii	"C\255rs)o\002\302\022\036\276\306\022\006\231\014\324"
 309      296F02C2 
 309      121EBEC6 
 309      1206990C 
 309      D4
 310 09b2 2670FDBA 		.ascii	"&p\375\272(k\264i\345\252\025\201\001\246\345\313\027"
 310      286BB469 
 310      E5AA1581 
 310      01A6E5CB 
 310      17
 311 09c3 9B562D5B 		.ascii	"\233V-[\361\017\177\236Rb\005\036\364AA+\314\201<\237"
 311      F10F7F9E 
 311      5262051E 
 311      F441412B 
 311      CC813C9F 
 312 09d7 810116AB 		.ascii	"\201\001\026\253\263\334\020?7\353\026\257Xd\306\213"
 312      B3DC103F 
ARM GAS  /tmp/cc7kExNn.s 			page 24


 312      37EB16AF 
 312      5864C68B 
 313 09e7 83CCBA4F 		.ascii	"\203\314\272O\027\2572\343\240 36\203,2\233\361\237"
 313      17AF32E3 
 313      A0203336 
 313      832C329B 
 313      F19F
 314 09f9 5706E1A0 		.ascii	"W\006\341\240\317V\351\202\202\226\230)G\000\275\373"
 314      CF56E982 
 314      82969829 
 314      4700BDFB 
 315 0a09 E3254BCD 		.ascii	"\343%K\315\342J\260\\\266\304\254[\271\002\320A\346"
 315      E24AB05C 
 315      B6C4AC5B 
 315      B902D041 
 315      E6
 316 0a1a 00107F40 		.ascii	"\000\020\177@\376\315\034\360\323\"\214\266F\220\010"
 316      FECD1CF0 
 316      D3228CB6 
 316      469008
 317 0a29 C222580A 		.ascii	"\302\"X\012\270b\261\032\371d\243\311B\260\004\223\371"
 317      B862B11A 
 317      F964A3C9 
 317      42B00493 
 317      F9
 318 0a3a BB5B2C5F 		.ascii	"\273[,_m\210\014\261X\374\346\177\022\360\211\263\254"
 318      6D880CB1 
 318      58FCE67F 
 318      12F089B3 
 318      AC
 319 0a4b E942D606 		.ascii	"\351B\326\006G}d\207\257[\317\320\223\345\236P\007\346"
 319      477D6487 
 319      AF5BCFD0 
 319      93E59E50 
 319      07E6
 320 0a5d 81BF9587 		.ascii	"\201\277\225\207\277v8\374\373\177\003j\222?\033"
 320      BF7638FC 
 320      FB7F036A 
 320      923F1B
 321              		.text
 322              		.section	.gnu.lto_.symtab.f90be03af687a657,"",%progbits
 323 0000 7374496E 		.ascii	"stInit\000"
 323      697400
 324 0007 00       		.ascii	"\000"
 325 0008 00       		.ascii	"\000"
 326 0009 00       		.ascii	"\000"
 327 000a 00000000 		.ascii	"\000\000\000\000\000\000\000\000"
 327      00000000 
 328 0012 AE000000 		.ascii	"\256\000\000\000"
 329 0016 73745374 		.ascii	"stStartAlarm\000"
 329      61727441 
 329      6C61726D 
 329      00
 330 0023 00       		.ascii	"\000"
 331 0024 00       		.ascii	"\000"
 332 0025 00       		.ascii	"\000"
 333 0026 00000000 		.ascii	"\000\000\000\000\000\000\000\000"
ARM GAS  /tmp/cc7kExNn.s 			page 25


 333      00000000 
 334 002e BD000000 		.ascii	"\275\000\000\000"
 335 0032 73745374 		.ascii	"stStopAlarm\000"
 335      6F70416C 
 335      61726D00 
 336 003e 00       		.ascii	"\000"
 337 003f 00       		.ascii	"\000"
 338 0040 00       		.ascii	"\000"
 339 0041 00000000 		.ascii	"\000\000\000\000\000\000\000\000"
 339      00000000 
 340 0049 BF000000 		.ascii	"\277\000\000\000"
 341 004d 73745365 		.ascii	"stSetAlarm\000"
 341      74416C61 
 341      726D00
 342 0058 00       		.ascii	"\000"
 343 0059 00       		.ascii	"\000"
 344 005a 00       		.ascii	"\000"
 345 005b 00000000 		.ascii	"\000\000\000\000\000\000\000\000"
 345      00000000 
 346 0063 C1000000 		.ascii	"\301\000\000\000"
 347 0067 73744765 		.ascii	"stGetAlarm\000"
 347      74416C61 
 347      726D00
 348 0072 00       		.ascii	"\000"
 349 0073 00       		.ascii	"\000"
 350 0074 00       		.ascii	"\000"
 351 0075 00000000 		.ascii	"\000\000\000\000\000\000\000\000"
 351      00000000 
 352 007d C4000000 		.ascii	"\304\000\000\000"
 353 0081 73745F6C 		.ascii	"st_lld_init\000"
 353      6C645F69 
 353      6E697400 
 354 008d 00       		.ascii	"\000"
 355 008e 02       		.ascii	"\002"
 356 008f 00       		.ascii	"\000"
 357 0090 00000000 		.ascii	"\000\000\000\000\000\000\000\000"
 357      00000000 
 358 0098 C6000000 		.ascii	"\306\000\000\000"
 359              		.text
 360              		.section	.gnu.lto_.opts,"",%progbits
 361 0000 272D666D 		.ascii	"'-fmath-errno' '-fsigned-zeros' '-ftrapping-math' '"
 361      6174682D 
 361      6572726E 
 361      6F272027 
 361      2D667369 
 362 0033 2D666E6F 		.ascii	"-fno-trapv' '-fno-openmp' '-fno-openacc' '-mcpu=cor"
 362      2D747261 
 362      70762720 
 362      272D666E 
 362      6F2D6F70 
 363 0066 7465782D 		.ascii	"tex-m3' '-mno-thumb-interwork' '-mthumb' '-ggdb' '-"
 363      6D332720 
 363      272D6D6E 
 363      6F2D7468 
 363      756D622D 
 364 0099 4F322720 		.ascii	"O2' '-fomit-frame-pointer' '-falign-functions=16' '"
 364      272D666F 
ARM GAS  /tmp/cc7kExNn.s 			page 26


 364      6D69742D 
 364      6672616D 
 364      652D706F 
 365 00cc 2D666675 		.ascii	"-ffunction-sections' '-fdata-sections' '-fno-common"
 365      6E637469 
 365      6F6E2D73 
 365      65637469 
 365      6F6E7327 
 366 00ff 2720272D 		.ascii	"' '-flto'\000"
 366      666C746F 
 366      2700
 367              		.text
 368              		.comm	__gnu_lto_v1,1,1
 369              		.comm	__gnu_lto_slim,1,1
 370              		.ident	"GCC: (GNU Tools for ARM Embedded Processors 6-2017-q2-update) 6.3.1 20170620 (release) [AR
ARM GAS  /tmp/cc7kExNn.s 			page 27


DEFINED SYMBOLS
                            *ABS*:0000000000000000 hal_st.c
                            *COM*:0000000000000001 __gnu_lto_v1
                            *COM*:0000000000000001 __gnu_lto_slim

NO UNDEFINED SYMBOLS
