ARM GAS  /tmp/ccBJFTz4.s 			page 1


   1              		.cpu cortex-m3
   2              		.eabi_attribute 20, 1
   3              		.eabi_attribute 21, 1
   4              		.eabi_attribute 23, 3
   5              		.eabi_attribute 24, 1
   6              		.eabi_attribute 25, 1
   7              		.eabi_attribute 26, 1
   8              		.eabi_attribute 30, 2
   9              		.eabi_attribute 34, 1
  10              		.eabi_attribute 18, 4
  11              		.file	"main.c"
  12              		.text
  13              	.Ltext0:
  14              		.section	.gnu.lto_.profile.9a58d88a0bfd9a86,"",%progbits
  15 0000 789C6365 		.ascii	"x\234ce`b`e```dx\301h\013\000\003\215\0014"
  15      60626065 
  15      60606064 
  15      78C1680B 
  15      00038D01 
  16              		.text
  17              		.section	.gnu.lto_.icf.9a58d88a0bfd9a86,"",%progbits
  18 0000 789C6365 		.ascii	"x\234ce`b\340c@\000&\206\275\217\337\257\341bZ\365\345"
  18      6062E063 
  18      40002686 
  18      BD8FDFAF 
  18      E1625AF5 
  19 0015 C56C3E06 		.ascii	"\305l>\006\0003\036\006\216"
  19      00331E06 
  19      8E
  20              		.text
  21              		.section	.gnu.lto_.jmpfuncs.9a58d88a0bfd9a86,"",%progbits
  22 0000 789C6365 		.ascii	"x\234ce`b\010eb\200\003F fb\234\316\3148\365\357\324"
  22      60620865 
  22      62800346 
  22      2066629C 
  22      CECC38F5 
  23 0016 7EE63EE6 		.ascii	"~\346>\346\371\314\014\214_\230\031\2273\312@\305w\356"
  23      F9CC0C8C 
  23      5F981997 
  23      33CA40C5 
  23      77EE
  24 0028 7C739BBD 		.ascii	"|s\233\275\376o\003\307|f\306\305\314 \035+\030\353"
  24      FE6F03C7 
  24      7C66C6C5 
  24      CC201D2B 
  24      18EB
  25 003a 19185918 		.ascii	"\031\030Y\030X\260\313\256\204\310\202$\267\266\237"
  25      58B0CBAE 
  25      84C88224 
  25      B7B69F
  26 0049 D9C80532 		.ascii	"\331\310\0052\222\211\221\221q\025\334\304)\255g\336"
  26      92899191 
  26      7115DCC4 
  26      29AD67DE 
  27 0059 31416CEA 		.ascii	"1Al\352Pg\\\015\022\307a\326\032\204Ywv\374\372\307"
  27      50675C0D 
  27      12C761D6 
ARM GAS  /tmp/ccBJFTz4.s 			page 2


  27      1A845977 
  27      76FCFAC7 
  28 006d 0FD2C40C 		.ascii	"\017\322\304\014\322\264\026b\030D3\033v\315\353\240"
  28      D2B41662 
  28      1844331B 
  28      76CDEBA0 
  29 007d 9A213633 		.ascii	"\232!63\020T\277\036\227z\034\216\333\200\242\036\207"
  29      1054BF1E 
  29      977A1C8E 
  29      DB80A21E 
  29      87
  30 008e A11B310D 		.ascii	"\241\0331\015\005\252;\375r\321s6H\010\\\340g\334\004"
  30      05AA3BFD 
  30      72D17336 
  30      48085CE0 
  30      67DC04
  31 00a1 D7FFECD8 		.ascii	"\327\377\354\330\365NV\2208\013c\303\204\226\006\026"
  31      F54E5690 
  31      380B63C3 
  31      84960616 
  32 00b1 C6CD4029 		.ascii	"\306\315@)F\016p\000L\177\373S\012$\305\312\010\024"
  32      460E7000 
  32      4C7FFB53 
  32      0A24C5CA 
  32      0814
  33 00c3 DF02D202 		.ascii	"\337\002\322\002\022\335\375\371\317ipX\2621\0120n\205"
  33      12DDFDF9 
  33      CF697058 
  33      B2310A30 
  33      6E85
  34 00d5 1884AC6B 		.ascii	"\030\204\254k\335\213\375s\270\240\332\230\030\267\201"
  34      DD8BFD73 
  34      B8A0DA98 
  34      18B781
  35 00e4 B541D4E1 		.ascii	"\265A\324\341\210\334\355x#w\007\"B\220$\331\0273\003"
  35      88DCED78 
  35      23770722 
  35      429024D9 
  35      173303
  36 00f7 9311E34E 		.ascii	"\223\021\343N\210$\020\000\000\221r\224\350"
  36      88241000 
  36      00917294 
  36      E8
  37              		.text
  38              		.section	.gnu.lto_.inline.9a58d88a0bfd9a86,"",%progbits
  39 0000 789C6365 		.ascii	"x\234ce`b\230\316\200\000\214\014\014\366+\271\030\031"
  39      606298CE 
  39      80008C0C 
  39      0CF62BB9 
  39      1819
  40 0012 98C43EAC 		.ascii	"\230\304>\254fd`\001\312\002\001\0237#P\202\211\033"
  40      66646001 
  40      CA020113 
  40      37235082 
  40      891B
  41 0024 24CDCCC3 		.ascii	"$\315\314\303\000\022\304\302a\341e``f`\230\340\207"
  41      0012C4C2 
ARM GAS  /tmp/ccBJFTz4.s 			page 3


  41      61E16560 
  41      60666098 
  41      E087
  42 0036 950B558A 		.ascii	"\225\013U\212]\021\234FQ\313\310\305\000%\030\000\344"
  42      5D119C46 
  42      51CBC8C5 
  42      00251800 
  42      E4
  43 0047 360716   		.ascii	"6\007\026"
  44              		.text
  45              		.section	.gnu.lto_.pureconst.9a58d88a0bfd9a86,"",%progbits
  46 0000 789C6365 		.ascii	"x\234ce`b`f```d0\005\000\000\241\000A"
  46      60626066 
  46      60606064 
  46      30050000 
  46      A10041
  47              		.text
  48              		.section	.gnu.lto_main.9a58d88a0bfd9a86,"",%progbits
  49 0000 789C9556 		.ascii	"x\234\225V\337S\023W\030\275g\357\206\204\220\200\200"
  49      DF531357 
  49      18BD67EF 
  49      86849080 
  49      80
  50 0011 02A5D1C1 		.ascii	"\002\245\321\301'\307\227\362\326\231\372\326\227\376"
  50      27C797F2 
  50      D699FAD6 
  50      97FE
  51 001f 0F3E76EC 		.ascii	"\017>v\354K\037\332?\241Y4 \350\250\314(\322\2650\233"
  51      4B1FDA3F 
  51      A1593420 
  51      E8A8CC28 
  51      D2B5309B 
  52 0033 EA382256 		.ascii	"\3528\"V\004[+h-)\245V%*\376@[Q[\245U#?Z\012\225\206"
  52      045B2B68 
  52      2D29A556 
  52      252AFE40 
  52      5B515BA5 
  53 004e 29B4DFB7 		.ascii	")\264\337\2677.1\256\333mfr\223\275\373\3559\347;\347"
  53      372E31AE 
  53      DB6D6672 
  53      93BDFBED 
  53      39E73BE7 
  54 0062 DEE40684 		.ascii	"\336\344\006\204&\336\013\013Q,\204x\223\336\010\010"
  54      26DE0B0B 
  54      512C8478 
  54      93DE0808 
  55 0072 68AD5784 		.ascii	"h\255W\204h\010i\220\352\213\204\256\276\350j\346m\210"
  55      68086990 
  55      EA8B84AE 
  55      BEE86AE6 
  55      6D88
  56 0084 B82675D0 		.ascii	"\270&u\320 \324k\217l\227\270\226\350\355\220\273\245"
  56      20D46B8F 
  56      6C97B896 
  56      E8ED90BB 
  56      A5
  57 0095 250574BA 		.ascii	"%\005t\272\234\275|`\242\224/\201:\272\034\333\327s"
ARM GAS  /tmp/ccBJFTz4.s 			page 4


  57      9CBD7C60 
  57      A2942F81 
  57      3ABA1CDB 
  57      D773
  58 00a7 2CB2F188 		.ascii	",\262\361\210A\257T\373\3765fWJ\267\244&L\252\356B\014"
  58      41AF54FB 
  58      FE356657 
  58      4AB7A426 
  58      4CAAEE42 
  59 00bc 471063F6 		.ascii	"G\020c\366\243\330(\250\370a\337r[\264H\347\2734\331"
  59      A3D828A8 
  59      F861DF72 
  59      5BB448E7 
  59      BB34D9
  60 00cf 8D22D0E7 		.ascii	"\215\"\320\347\211\353H\031\313\377l7R\303\007\261\360"
  60      89EB4819 
  60      CBFF6C37 
  60      52C307B1 
  60      F0
  61 00e0 CEFA1261 		.ascii	"\316\372\022aI\031\341!\312C9\017\025<T\362P\305C5\017"
  61      4919E121 
  61      CA43390F 
  61      153C54F2 
  61      50C54335 
  62 00f5 353C08B1 		.ascii	"5<\010\261\203\336\020;\211\023r\022\333\222\247k\031"
  62      83DE103B 
  62      89137212 
  62      DB92A76B 
  62      19
  63 0106 98D90606 		.ascii	"\230\331\006\006\246\306\203\361%#dI\335\224D\205c\210"
  63      A6C683F1 
  63      25236449 
  63      DD944485 
  63      6388
  64 0118 D34301C1 		.ascii	"\323C\001\301u\003\232{\235Fu\237\345\3522\030\232\357"
  64      75039A7B 
  64      9D46759F 
  64      E5EA3218 
  64      9AEF
  65 012a DACC7554 		.ascii	"\332\314uT\266\277q\350j\220\033'\325t\271\267e\272"
  65      B6BF71E8 
  65      6A901B27 
  65      D574B9B7 
  65      65BA
  66 013c A1585D1A 		.ascii	"\241X]\032]\011\203\255\031\234\272ah\026:\033\310\214"
  66      5D0983AD 
  66      199CBA61 
  66      68163A1B 
  66      C88C
  67 014e 3A4B06D1 		.ascii	":K\006\321C\016\034g\007\350\346\\\333\305\216@\375"
  67      430E1C67 
  67      07E8E65C 
  67      DBC58E40 
  67      FD
  68 015f 7123D1C0 		.ascii	"q#\321\300\367B8\001\013\037\333F\243\027\365\371>S"
  68      F7423801 
  68      0B1FDB46 
ARM GAS  /tmp/ccBJFTz4.s 			page 5


  68      A317F5F9 
  68      3E53
  69 0171 2EE8A3A7 		.ascii	".\350\243\247&\321\230\234uSYlr\3438I*\363u\205QP\027"
  69      26D1989C 
  69      7553596C 
  69      72E33849 
  69      2AF37585 
  70 0188 3EC4F834 		.ascii	">\304\3704\3674=6\034&a\260d\011\276@\034\237\347D%"
  70      F7343D36 
  70      1C2661B0 
  70      6409BE40 
  70      1C9FE744 
  71 019d 17B36311 		.ascii	"\027\263c\021*n\266\005\207q\212D\331\204\370\022\361"
  71      2A6EB605 
  71      87718A44 
  71      D984F812 
  71      F1
  72 01ae 7CEC4821 		.ascii	"|\354H!v\344\020;\372\"v\024\375\204}\372e\354\344I"
  72      76E4103B 
  72      FA227614 
  72      FD847DFA 
  72      65ECE449 
  73 01c2 30C48083 		.ascii	"0\304\200\203~\006qK\226R\207\211\344\202[^e\246\324"
  73      7E06714B 
  73      96528789 
  73      E4825B5E 
  73      65A6D4
  74 01d5 A9C3B3AA 		.ascii	"\251\303\263\252\303\377l\351+\217\226\3169\244_3\351"
  74      C3FF6CE9 
  74      2B8F96CE 
  74      39A45F33 
  74      E9
  75 01e6 2A226D4A 		.ascii	"*\"mJf\335l-7)r\201AE\372\350\374\355\226@.\337V\312"
  75      66DD6C2D 
  75      37297281 
  75      4145FAE8 
  75      FCED9640 
  76 01fe 1729C468 		.ascii	"\027)\304h\272\347\311`GX\245dh\370\306\236;;\367\367"
  76      BAE7C960 
  76      4758A564 
  76      68F8C69E 
  76      3B3BF7F7 
  77 0212 88C67315 		.ascii	"\210\306s\025X\205!\304,Z\252\314\262\344\301\362-\261"
  77      588521C4 
  77      2C5AAACC 
  77      B2E4C1F2 
  77      2DB1
  78 0224 E420DBA7 		.ascii	"\344 \333\247\263\2659D\035\303\264d\034\210D\362\260"
  78      B3B53944 
  78      1DC3B464 
  78      1C8844F2 
  78      B0
  79 0235 7481586D 		.ascii	"t\201Xm\312\"\202\370N\011\035\311\034|\\\304\317\257"
  79      CA2282F8 
  79      4E091DC9 
  79      1C7C5CC4 
  79      CFAF
ARM GAS  /tmp/ccBJFTz4.s 			page 6


  80 0247 C16819CE 		.ascii	"\301h\031\316\363\263U\264r\267\236\311\314|\304\017"
  80      F3B355B4 
  80      72B79EC9 
  80      CC7CC40F 
  81 0257 77CA123F 		.ascii	"w\312\022?\036~\237\347\341\356\376\336\226\020\255"
  81      1E7E9FE7 
  81      E1EEFEDE 
  81      9610AD
  82 0266 55B58EAB 		.ascii	"U\265\216\253q\301^\253\274Yq\021\365\004\276\355@\023"
  82      71C15EAB 
  82      BC597111 
  82      F504BEED 
  82      4013
  83 0278 147644C1 		.ascii	"\024vD\301\217w7\267j\252\211\364&\\\"\034*\352mzK\025"
  83      8F7737B7 
  83      6AAA89F4 
  83      265C221C 
  83      2AEA6D7A 
  84 028e 45A98E8A 		.ascii	"E\251\216\212F{\216~R\252\212\350\367\006#\366\032o"
  84      467B8E7E 
  84      52AA8AE8 
  84      F70623F6 
  84      1A6F
  85 02a0 AA73E9B0 		.ascii	"\252s\351\260\306\224A\"K\373\314\377\262G\376W\234"
  85      C6944122 
  85      4BFBCCFF 
  85      B247FE57 
  85      9C
  86 02b1 FCAFDA4B 		.ascii	"\374\257\332K\372\324\366t\237\035\340k\000F\021#u\226"
  86      FAD4F674 
  86      9F1DE06B 
  86      00461123 
  86      7596
  87 02c3 ACB537DB 		.ascii	"\254\2657\33397\263_7e\210\244\\\363)\345\272\207\224"
  87      3937B35F 
  87      376588A4 
  87      5CF329E5 
  87      BA8794
  88 02d6 1B8E949B 		.ascii	"\033\216\224\233T5\312I\305\354\224\037x\244<\246\210"
  88      5435CA49 
  88      C5EC941F 
  88      78A43CA6 
  88      88
  89 02e7 F735A667 		.ascii	"\3675\246g4\225r\363\006\334\312Ky)\227r\271\037y\267"
  89      349572F3 
  89      06DCCA4B 
  89      79299772 
  89      B91F79B7 
  90 02fb 3D52FE61 		.ascii	"=R\376a%\345\037\013R\256P\360\216\010\311\"\356\024"
  90      25E51F0B 
  90      52AE50F0 
  90      8E08C922 
  90      EE14
  91 030d A45C4975 		.ascii	"\244\\Iu>B\035\367\351\344]\017'\3579N\336WN\022\273"
  91      3E421DF7 
  91      E9E45D0F 
  91      27EF394E 
ARM GAS  /tmp/ccBJFTz4.s 			page 7


  91      DE574E12 
  92 0322 4A3191CC 		.ascii	"J1\221\314z\230\371\023\357\272|\363vN\224)\361U~$\375"
  92      7A98F913 
  92      EFBA7CF3 
  92      764E9429 
  92      F1557E24 
  93 0337 ECE1DE83 		.ascii	"\354\341\336\203\025\367\036\026\270W\255\340\267\316"
  93      15F71E16 
  93      B857ADE0 
  93      B7CE
  94 0345 2E744694 		.ascii	".tF\224{\303\225\230(p\257\206\352|\270\367\213O\367"
  94      7BC39598 
  94      2870AF86 
  94      EA7CB8F7 
  94      8B4FF7
  95 0358 7EF570EF 		.ascii	"~\365p\357\221\343\336\343\347\356\325<w\257/\362j\367"
  95      91E3DEE3 
  95      E7EED53C 
  95      77AF2FF2 
  95      6AF7
  96 036a 9EE4B9C7 		.ascii	"\236\344\271\307\373%\343V\273\326\224t\350@\306\247"
  96      FB25E356 
  96      BBD69474 
  96      E840C6A7 
  97 037a CEA71E3A 		.ascii	"\316\247\036:'\035\235S\366\326\275\333\277\270\\\306"
  97      271D9D53 
  97      F6D6BDDB 
  97      BFB85CC6 
  98 038a 0656F3F2 		.ascii	"\006V\363\362\233f!\353l\321\323\036\242g\012D\177\032"
  98      9B6621EB 
  98      6CD1D31E 
  98      A2670A44 
  98      7F1A
  99 039c 75DFE474 		.ascii	"u\337\344tX\302o>E\377\356!z\326\021\375\307\213\233"
  99      58C26F3E 
  99      45FFEE21 
  99      7AD611FD 
  99      C78B9B
 100 03af FCB01B31 		.ascii	"\374\260\0331\375\321\225\020\361\234O\342y\017\342"
 100      FDD19510 
 100      F19C4FE2 
 100      790FE2
 101 03be 3F1DE267 		.ascii	"?\035\342g\352\217\316>\275t\313\334\361\345\177\035"
 101      EA8FCE3E 
 101      BD74CBDC 
 101      F1E57F1D 
 102 03ce 4E16560E 		.ascii	"N\026V\016'\177\241\336>\215\010:cIA\277\333\222\233"
 102      277FA1DE 
 102      3E8D083A 
 102      634941BF 
 102      DB929B
 103 03e1 99D81578 		.ascii	"\231\330\025x\265\345Y\325M\333R\333\036\251~\262\346"
 103      B5E559D5 
 103      4DDB52DB 
 103      1EA97EB2 
 103      E6
 104 03f2 25165504 		.ascii	"%\026U\004|`\323\031\006;\354\315\"D\360\203w\337\377"
ARM GAS  /tmp/ccBJFTz4.s 			page 8


 104      7C60D319 
 104      063BECCD 
 104      2244F083 
 104      77DFFF
 105 0405 F08D2DE2 		.ascii	"\360\215-\342_\022\022eB"
 105      5F121265 
 105      42
 106              		.text
 107              		.section	.gnu.lto_pwmcfg.9a58d88a0bfd9a86,"",%progbits
 108 0000 789C6365 		.ascii	"x\234ce`bHbd`\000\"0\230\316\314\270\376\315\316\237"
 108      60624862 
 108      64600022 
 108      3098CECC 
 108      B8FECDCE 
 109 0015 BC7DCCF3 		.ascii	"\274}\314\363\231\201\202@\356\264\326C\347\331A\\F"
 109      99818240 
 109      EEB4D643 
 109      E7D9415C 
 109      46
 110 0026 30F7D19D 		.ascii	"0\367\321\235\003\263\230-\2665t,hP\230\317\3144\003"
 110      03B3982D 
 110      B635742C 
 110      685098CF 
 110      CC3403
 111 0039 A86A39A3 		.ascii	"\250j9\243\314\014\240\354\012F\031\220\202C\2376,\347"
 111      CC0CA0EC 
 111      0A461990 
 111      82439F36 
 111      2CE7
 112 004b 01A96766 		.ascii	"\001\251gfd&F\375\321\377\337\017\360C\3243\001\271"
 112      642646FD 
 112      D1FFDF0F 
 112      F043D433 
 112      01B9
 113 005d 5B8E1C6F 		.ascii	"[\216\034o\343\200\330\316\010\344\316\354\377\374\236"
 113      E380D8CE 
 113      08E4CEEC 
 113      FFFC9E
 114 006c 1755FB5A 		.ascii	"\027U\373Z\024\355\004\025\\\351_5\011\252\300a>3\013"
 114      14ED0415 
 114      5CE95F35 
 114      09AAC061 
 114      3E330B
 115 007f A3A10CE3 		.ascii	"\243\241\014\343zF\013F#\031\306u@j\015\243\014\343"
 115      7A460B46 
 115      2319C675 
 115      406A0DA3 
 115      0CE3
 116 0091 6A20BD0A 		.ascii	"j \275\012H\257d\264\000i8\265\370\333!V\210\013\236"
 116      48AF64B4 
 116      006938B5 
 116      F8DB2156 
 116      880B9E
 117 00a4 80F817D6 		.ascii	"\200\370\027\326\255\234\315\007\341O8\007\022\370\373"
 117      AD9CCD07 
 117      E14F3807 
 117      12F8FB
ARM GAS  /tmp/ccBJFTz4.s 			page 9


 118 00b3 A9E93317 		.ascii	"\251\3513\027\304\304\204\371\314\2543\230\231\0307"
 118      C4C484F9 
 118      CCAC3398 
 118      991837
 119 00c2 81AC6466 		.ascii	"\201\254df\334\010\242X@6\317`fe\334\300h1\203\231\015"
 119      DC08A258 
 119      4036CF60 
 119      6665DCC0 
 119      68318399 
 120 00d7 E25D7610 		.ascii	"\342]v\020\305\300\270\031h\005\000\245\313l\331"
 120      C5C0B819 
 120      680500A5 
 120      CB6CD9
 121              		.text
 122              		.section	.gnu.lto_.symbol_nodes.9a58d88a0bfd9a86,"",%progbits
 123 0000 789C55CA 		.ascii	"x\234U\312\271\015\302@\020\205\341\367\274,\227\241"
 123      B90DC240 
 123      1085E1F7 
 123      BC2C97A1 
 124 0010 061095D0 		.ascii	"\006\020\225\320\022)\3118Xa\011$\240\005$WA\354\230"
 124      1229C938 
 124      58610924 
 124      A0052457 
 124      41EC98
 125 0023 0EB89753 		.ascii	"\016\270\227S\324\200\260\327\016\230\350\327\373f,"
 125      D480B0D7 
 125      0E98E8D7 
 125      FB662C
 126 0032 224C0920 		.ascii	"\"L\011 :P\200\365\016(\262M6\205\331\0131,NvO&#\300"
 126      3A5080F5 
 126      0E28B24D 
 126      3685D90B 
 126      312C4E76 
 127 004a F04661F8 		.ascii	"\360Fa\370\001\222d\014\360M\211\024\274(F\301\223\322"
 127      0192640C 
 127      F04D8914 
 127      BC2846C1 
 127      93D2
 128 005c 5070A758 		.ascii	"Pp\247X\005\017JS\201\247\264\024\\)m\005gJG\301\211"
 128      050F4A53 
 128      81A7B414 
 128      5C296D05 
 128      674A47C1 
 129 0071 D25570A4 		.ascii	"\322Up\244\304\377`\320Gv\372\322\240\207<4\206;\227"
 129      C4FF60D0 
 129      4776FAD2 
 129      A0873C34 
 129      863B97
 130 0084 ED220BED 		.ascii	"\355\"\013\355 \257\353C\015\334\35430h\301\245e\333"
 130      20AFEB43 
 130      0DDCEC33 
 130      3068C1A5 
 130      65DB
 131 0096 C8420DF2 		.ascii	"\310B\015\362\264\362|^m?\257\266_T\333-\3136\221-\353"
 131      B4F27C5E 
 131      6D3FAFB6 
 131      5F54DB2D 
ARM GAS  /tmp/ccBJFTz4.s 			page 10


 131      CB36912D 
 132 00ab FF500B1F 		.ascii	"\377P\013\037\332\200[\325\276\362\333\011~\364\343"
 132      DA805BD5 
 132      BEF2DB09 
 132      7EF4E3
 133 00ba 637C     		.ascii	"c|"
 134              		.text
 135              		.section	.gnu.lto_.refs.9a58d88a0bfd9a86,"",%progbits
 136 0000 789C05C1 		.ascii	"x\234\005\301Q\012@@\000\000\321\231i\367C\221\222\222"
 136      510A4040 
 136      0000D199 
 136      69F74391 
 136      9292
 137 0012 3881FB1F 		.ascii	"8\201\373\037\320{\223\370\200\215\0345r\342\222kn\270"
 137      D07B93F8 
 137      808D1C35 
 137      72E2926B 
 137      6EB8
 138 0024 E781675E 		.ascii	"\347\201g^y\347\223/?\031G\001,"
 138      79E7932F 
 138      3F194701 
 138      2C
 139              		.text
 140              		.section	.gnu.lto_.decls.9a58d88a0bfd9a86,"",%progbits
 141 0000 789CB559 		.ascii	"x\234\265YyTTiv\257\357}UP\024\005:t\247\217g\016\231"
 141      79545469 
 141      76AFEF7D 
 141      55501405 
 141      3A74A78F 
 142 0017 E9D37194 		.ascii	"\351\323q\224IfD\354\231\234\311\231I\322\335\340t\233"
 142      496644EC 
 142      999CC999 
 142      49D2DDE0 
 142      749B
 143 0029 A8ED8093 		.ascii	"\250\355\200\223d\316L\302A(\233J\263\030('\366I\316"
 143      64CE4CC2 
 143      41289B4A 
 143      B3182827 
 143      F649CE
 144 003c 9C820259 		.ascii	"\234\202\002YdUQ\021\025\\\330E\004\024\024D\213Udq"
 144      64555111 
 144      155CD845 
 144      04141444 
 144      8B556471 
 145 0050 29574040 		.ascii	")W@@\331QY\004E\005\224\334\357\373\336\253\367\252"
 145      D9515904 
 145      450594DC 
 145      EFFBDEAB 
 145      F7AA
 146 0062 ACB27BFE 		.ascii	"\254\262{\376H\235\272\365\336}\357\367\335\373\273"
 146      489DBAF5 
 146      DE7DEFF7 
 146      DDFBBB
 147 0071 F77EDB7B 		.ascii	"\367~\333{\245\220q\262\320\217d\262X\271Lv\032\311"
 147      A59071B2 
 147      D08F64B2 
 147      58B94C76 
ARM GAS  /tmp/ccBJFTz4.s 			page 11


 147      1AC9
 148 0083 648BF0C1 		.ascii	"d\213\360\3012\231\254\004D\011\262\002d\025\\\277\004"
 148      3299AC04 
 148      4409B202 
 148      64155CBF 
 148      04
 149 0094 C7169020 		.ascii	"\307\026\220 8_\011\307\255p\014\006!\0375H(\234\377"
 149      385F09C7 
 149      AD700C06 
 149      211F3548 
 149      289CFF
 150 00a7 2FC89F40 		.ascii	"/\310\237@\014 \361 ) i \207@\216\200\034\007\311\003"
 150      0C20F120 
 150      29206920 
 150      87408E80 
 150      1C07C903 
 151 00bb 2900E1A0 		.ascii	")\000\341\240M\021\034O\3626\204O7\334\370!\034\335"
 151      4D111C4F 
 151      F236844F 
 151      37DCF821 
 151      1CDD
 152 00cd 40DE07D9 		.ascii	"@\336\007\331$c\376J\000\227\213\230\377@\220\347p\355"
 152      2463FE4A 
 152      00978B98 
 152      FF4090E7 
 152      70ED
 153 00df 1462DC3C 		.ascii	"\024b\334<y.\033@\216\201\370\200\254\005)E\214g\026"
 153      792E1B40 
 153      8E81F880 
 153      AC052945 
 153      8C6716
 154 00f2 62B19158 		.ascii	"b\261\221X\376\007\2618\312\370\230\222\341X\016\022"
 154      FE07B138 
 154      CAF89892 
 154      E1580E12 
 155 0102 0D520112 		.ascii	"\015R\001\022\307s\373\003\034\177\216\304\330\012x"
 155      C773FB03 
 155      1C7F8EC4 
 155      D80A78
 156 0111 EEC7F958 		.ascii	"\356\307\371X\016\361\361\0121\306\363q\377\351\035"
 156      0EF1F10A 
 156      31C6F371 
 156      FFE91D
 157 0120 B1FD0E12 		.ascii	"\261\375\016\022\353\300\307C8\376\003b1\376=\317\235"
 157      EBC0C743 
 157      38FE0362 
 157      31FE3DCF 
 157      9D
 158 0131 E4FB5338 		.ascii	"\344\373S8\376#\310?\201\254\003\371\002\344W \277\004"
 158      FE23C83F 
 158      81AC03F9 
 158      02E45720 
 158      BF04
 159 0143 F93B2B7B 		.ascii	"\371;+{\302g?F7bN\037\302)\030\271\251\220\034\324\247"
 159      C2673F46 
 159      37624E1F 
 159      C22918B9 
ARM GAS  /tmp/ccBJFTz4.s 			page 12


 159      A9901CD4 
 160 0158 1D07075C 		.ascii	"\035\007\007\\A}_\205>\004u\"f\350\2013\273\273\014"
 160      417D5F85 
 160      3E047522 
 160      66E88133 
 160      BBBB0C
 161 016b 54D354FB 		.ascii	"T\323T\373a^]\012jk\346\253nW\314!b\247\247\245\260"
 161      615E5D0A 
 161      6A6BE6AB 
 161      6E57CC21 
 161      62A7A7A5 
 162 0180 98D859A9 		.ascii	"\230\330Y\251B\244',\201K\245O\316\277ra\227\010\242"
 162      42A4272C 
 162      814BA54F 
 162      CEBF7261 
 162      9708A2
 163 0193 EF55C1AF 		.ascii	"\357U\301\257W\235\324\263\217r\231H\301\224:}\302\021"
 163      579DD4B3 
 163      8F729948 
 163      C1943A7D 
 163      C211
 164 01a5 7F8F80B8 		.ascii	"\177\217\200\270\314\326\273\365r\344\241\312# \343"
 164      CCD6BBF5 
 164      72E4A1CA 
 164      2320E3
 165 01b4 C8CCCAF4 		.ascii	"\310\314\312\3648\275\236CeH\205J\021F\247\320*h\003"
 165      38BD9E43 
 165      6548854A 
 165      1146A7D0 
 165      2A6803
 166 01c7 16E1375E 		.ascii	"\026\3417^\257\217\326\247\031\364N_\310P\001rG\371"
 166      AF8FD6A7 
 166      19F44E5F 
 166      C8500172 
 166      47F9
 167 01d9 C85D864E 		.ascii	"\310]\206N#\017\342\217\340P\011\\<\011\027\301E\341"
 167      230FE28F 
 167      E050095C 
 167      3C0917C1 
 167      45E1
 168 01eb 89F4630E 		.ascii	"\211\364c\016\3707\324E\363\305\356{r\244\362\260\331"
 168      F837D445 
 168      F3C5EE7B 
 168      72A4F2B0 
 168      D9
 169 01fc FE8C8DF6 		.ascii	"\376\214\215\366\214\313\335\254\217\232c\011\227\012"
 169      8CCBDDAC 
 169      8F9A6309 
 169      970A
 170 020a E0522E72 		.ascii	"\340R.r\001j,\214\322\351\302\343\2168\006\321`Kc\007"
 170      016A2C8C 
 170      D2E9C2E3 
 170      8E3806D1 
 170      604B6307 
 171 021e 0B9510BB 		.ascii	"\013\225\020\273;\244\003Ir\341\316rq\3068S\"\307\311"
 171      3BA40349 
 171      72E1CE72 
ARM GAS  /tmp/ccBJFTz4.s 			page 13


 171      71C63853 
 171      22C7C9
 172 0231 14CB559E 		.ascii	"\024\313U\236\031<\250\222\304\374\3019\275~)\252\006"
 172      193CA892 
 172      C4FCC139 
 172      BD7E29AA 
 172      06
 173 0242 37E74437 		.ascii	"7\347D7\356\346\220\247\216\351\3612\031\372\330\035"
 173      EEE690A7 
 173      8EE9F132 
 173      19FAD81D 
 174 0252 AD06C2E7 		.ascii	"\255\006\302\347\201\260;O\270\012\010W\362\001g\027"
 174      81B03B4F 
 174      B80A0857 
 174      F2016717 
 175 0262 34BAE0FD 		.ascii	"4\272\340\375\314AfF\335\031W\263\003\010\244\202\006"
 175      CC416646 
 175      DD1957B3 
 175      0308A482 
 175      06
 176 0273 520B1E6A 		.ascii	"R\013\036jD\017\325\310\216\213\013\266]\014\225\015"
 176      440FD5C8 
 176      8E8B0BB6 
 176      5D0C950D 
 177 0283 46B9E26C 		.ascii	"F\271\342l\346b\272\265\377\376\022!\251\226\315\215"
 177      E662BAB5 
 177      FFFE1221 
 177      A996CD8D 
 178 0293 369AF3A1 		.ascii	"6\232\363\241\226\254\276o\322\353?D\227\200\311E\221"
 178      96ACBE6F 
 178      D2EB3F44 
 178      9780C945 
 178      91
 179 02a4 49AD90D2 		.ascii	"I\255\220\322\2035\317Z\025\254\277)A\275\327\032\265"
 179      8335CF5A 
 179      15ACBF29 
 179      41BDD71A 
 179      B5
 180 02b5 5B8E1FB2 		.ascii	"[\216\037\262\014W4\026\\q\305c\314\375H\336T%g\257"
 180      0C573416 
 180      5C71C563 
 180      CCFD48DE 
 180      542567AF 
 181 02c9 A64D766B 		.ascii	"\246Mvkz\265\347\375h\275\036\241F\360\337 \372\257"
 181      7AB5E7FD 
 181      68BD1EA1 
 181      46F0DF20 
 181      FAAF
 182 02db 10FC57EC 		.ascii	"\020\374W\354\273\275\337\021?g\016\027z{.sx\2019\034"
 182      BBBDDF11 
 182      3F670E17 
 182      7A7B2E73 
 182      7881391C 
 183 02ef 6A683AAB 		.ascii	"jh:\253\260\347\360\212]\207\323\377\016]\037\265\200"
 183      B0E7F08A 
 183      5D87D3FF 
 183      0E5D1FB5 
ARM GAS  /tmp/ccBJFTz4.s 			page 14


 183      80
 184 0300 BBCB36DC 		.ascii	"\273\3136\334\215\275)\035\221\343X6\240j\252.4\363"
 184      8DBD291D 
 184      91E35836 
 184      A06AAA2E 
 184      34F3
 185 0312 B1AF0635 		.ascii	"\261\257\0065k\246g\314\211\251\036\240\306V\245.b\234"
 185      6BA667CC 
 185      89A91EA0 
 185      C656A52E 
 185      629C
 186 0324 C4A0C2A0 		.ascii	"\304\240\302\240uc\203\366\324\350\245C*6\206\365\034"
 186      756383F6 
 186      D4E8A543 
 186      2A3686F5 
 186      1C
 187 0335 E8F5D3A7 		.ascii	"\350\365\323\247\363\325\3546\0065>s\372\372\022U<\341"
 187      F3D5EC36 
 187      06353E73 
 187      FAFA1255 
 187      3CE1
 188 0347 438993EB 		.ascii	"C\211\223\353\002u\031\272A\310 Owt\235Uy\246\"w\217"
 188      027519BA 
 188      41C8204F 
 188      77749D55 
 188      79A62277 
 189 035c 334E638E 		.ascii	"3Nc\216\022\206&\263\2258\203*\334\351\033CI\316\366"
 189      128626B3 
 189      9538832A 
 189      DCE91B43 
 189      49CEF6
 190 036f 5270DB6E 		.ascii	"Rp\333n\012\346~ORp\013Rp\323F\012\252&\212\253\\\030"
 190      0AE67E4F 
 190      52700B52 
 190      70D3460A 
 190      AA268AAB 
 191 0385 7723D11F 		.ascii	"w#\321\037\027u\335\202N\306\3347-\2760.a\201p\222\331"
 191      1775DD82 
 191      4EC6DC37 
 191      2DBE302E 
 191      61817092 
 192 039a E87D361B 		.ascii	"\350}6\033\355i\276\321\357\204\013\030\364NnQ\234\023"
 192      ED69BED1 
 192      EF840B18 
 192      F44E6E51 
 192      9C13
 193 03ac AE64CAE2 		.ascii	"\256d\312\342\302\201\303\316\3702S\356^\357\377\202"
 193      C281C3CE 
 193      F83253EE 
 193      5EEFFF82 
 194 03bc D9F81968 		.ascii	"\331\370\031h/*\347\273\371\371.\207$\247\270\273\370"
 194      2F2AE7BB 
 194      F9F92E87 
 194      24A7B8BB 
 194      F8
 195 03cd 8813BEC1 		.ascii	"\210\023\276\301\240\261\311\343\245\030\337\341'\270"
 195      A0B1C9E3 
ARM GAS  /tmp/ccBJFTz4.s 			page 15


 195      A518DFE1 
 195      27B8
 196 03db C3933372 		.ascii	"\303\2233r\374\300\222\311&\306\344u\347>\223\013\036"
 196      FCC092C9 
 196      26C6E475 
 196      E73E930B 
 196      1E
 197 03ec 66F76AEF 		.ascii	"f\367j\357]\037\340\344\234\014\015@|\375$\251p1\377"
 197      5D1FE0E4 
 197      9C0C0D40 
 197      7CFD24A9 
 197      7031FF
 198 03ff 6457A103 		.ascii	"dW\241\003\236b\210\341\371\3304\027\202\030\002\304"
 198      9E6288E1 
 198      F9D83417 
 198      821802C4 
 199 040f DFB8A341 		.ascii	"\337\270\243A$'\227\343r\2175)\361+\206)98bP\022\314"
 199      242797E3 
 199      728F3529 
 199      F12B8629 
 199      39386250 
 200 0425 0860FEDA 		.ascii	"\010`\376\332\035\015S\014W\360\370M\266#Rz\354\244"
 200      1D0D530C 
 200      57F0F84D 
 200      B623527A 
 200      ECA4
 201 0437 E32C3A4A 		.ascii	"\343,:J\034g24\206\224$\237\350\021\344~\024\311\255"
 201      1C673234 
 201      8694249F 
 201      E811E47E 
 201      14C9AD
 202 044a 07DBA847 		.ascii	"\007\333\250G\346\0052\330\000&\343\363\316O\300\231"
 202      E60532D8 
 202      0026E3F3 
 202      CE4FC099 
 203 045a 7B1FB4B8 		.ascii	"{\037\264\270\342|L\313\2324U\326b\333\003\032\007\303"
 203      E27C4CCB 
 203      9A3455D6 
 203      62DB031A 
 203      07C3
 204 046c EF76329B 		.ascii	"\357v2\233\351@\252\373\004@\217\305\352\022\217\324"
 204      E940AAFB 
 204      04408FC5 
 204      EA128FD4 
 205 047c 51E7BDCC 		.ascii	"Q\347\275\314*\016\227SG\350\\\355\370\032V\010w\320"
 205      2A0E9753 
 205      47E85CED 
 205      F81A5608 
 205      77D0
 206 048e AA7B9E1A 		.ascii	"\252{\236\032\371b> \023\346\316\273\027+0\276\300\240"
 206      F9623E20 
 206      13E6CEBB 
 206      172B30BE 
 206      C0A0
 207 04a0 550F332E 		.ascii	"U\0173.\361\235\377\036\321o\016\037\215\341{\364u\242"
 207      F19DFF1E 
 207      D16F0E1F 
ARM GAS  /tmp/ccBJFTz4.s 			page 16


 207      8DE17BF4 
 207      75A2
 208 04b2 37DCB93C 		.ascii	"7\334\271<%\307F\006\216?\231\322\200I\3776|\247\331"
 208      25C74606 
 208      8E3F99D2 
 208      8049FF36 
 208      7CA7D9
 209 04c5 1D5AB4B7 		.ascii	"\035Z\264\267\317w(p3k\276\253\351l3\277 \266\020}o"
 209      CF772870 
 209      336BBEAB 
 209      E96C33BF 
 209      20B6107D 
 210 04da 75438D33 		.ascii	"uC\2153\276\302n\016$\36678\340\253<+\276\257\272\361"
 210      BEC26E0E 
 210      24F63738 
 210      E0AB3C2B 
 210      BEAFBAF1 
 211 04ee 7D35BBFB 		.ascii	"}5\273\373y+\302&v\263r\370J\2630\010I<\265\246\373"
 211      792BC226 
 211      76B372F8 
 211      4AB33008 
 211      493CB5A6 
 212 0503 9FE0BBEC 		.ascii	"\237\340\273\354^\347\313\246.\205[\032\035\201P\021"
 212      5EE7CBA6 
 212      2E855B1A 
 212      1D815011 
 213 0513 395D5216 		.ascii	"9]R\026\200O\021\035\202o\220\2330\020i_\313\230p\225"
 213      804F111D 
 213      826F909B 
 213      3010695F 
 213      CB987095 
 214 0527 829FBF0B 		.ascii	"\202\237\277\013|\352x\356~\025\356f~\362fk\014J\334"
 214      7CEA78EE 
 214      7E15EE66 
 214      7EF2666B 
 214      0C4ADC
 215 053a C7943D17 		.ascii	"\307\224=\027\017w8\342\001\246D\337\375\014\217\260"
 215      0F7738E2 
 215      01A644DF 
 215      FD0C8FB0 
 216 054a D34BE9BB 		.ascii	"\323K\351\273{\020~\314\224\214\266\307+\361\024;\177"
 216      7B107ECC 
 216      948CB6C7 
 216      2BF1143B 
 216      7F
 217 055b D3D2B012 		.ascii	"\323\322\260\022\317\262\363\346\312\202|\204\027\230"
 217      CFB2F3E6 
 217      CA827C84 
 217      1798
 218 0569 327DB0F9 		.ascii	"2}\260\371\261\012\353\345T\3111\035:\247\304\006\246"
 218      B10AEBE5 
 218      54C9311D 
 218      3AA7C406 
 218      A6
 219 057a E4BDDC97 		.ascii	"\344\275\334\227\247\306\361L\271u\376v\2743NfJ|Y\331"
 219      A7C6F14C 
 219      B975FE76 
ARM GAS  /tmp/ccBJFTz4.s 			page 17


 219      BC334E66 
 219      4A7C59D9 
 220 058e 01679CCE 		.ascii	"\001g\234\316\224\350\232\316t~\034? \372`\356`\216"
 220      94E89ACE 
 220      747E1C3F 
 220      20FA60EE 
 220      608E
 221 05a0 139F2B07 		.ascii	"\023\237+\007\320\023M\355/\020\316`\340\304\312\233"
 221      D0134DED 
 221      2F10CE60 
 221      E0C4CA9B 
 222 05b0 BD72BBD3 		.ascii	"\275r\273\323U\032\307OW\253i%3j3\316\272Zg\366\016"
 222      551AC74F 
 222      57AB6925 
 222      336A33CE 
 222      BA5A67F6 
 223 05c5 A0EB283A 		.ascii	"\240\353(:\235s\023\332\020\364\365\241\343\271r\353"
 223      9D7313DA 
 223      10F4F5A1 
 223      E3B972EB 
 224 05d5 D4DA437F 		.ascii	"\324\332C\1770\231X\367\334\005-_\276\374\275\345\222"
 224      309958F7 
 224      DC052D5F 
 224      BEFCBDE5 
 224      92
 225 05e6 8F07FD3D 		.ascii	"\217\007\375=\246\2171\300\312\272\013\217\226\\M\322"
 225      A68F31C0 
 225      CABA0B8F 
 225      965C4DD2 
 226 05f6 E7D4236A 		.ascii	"\347\324#jj\036\206\300>\356=\261\377\315Q\273\005\344"
 226      6A1E86C0 
 226      3EEE3DB1 
 226      FFCD51BB 
 226      05E4
 227 0608 57C69AF4 		.ascii	"W\306\232\364\207e\352\2151\230\302\237Y\303g\336\202"
 227      8765EA8D 
 227      3198C29F 
 227      59C367DE 
 227      82
 228 0619 B74AE0AF 		.ascii	"\267J\340\257\254\341/(\334\213\240\323\371\230>\221"
 228      ACE12F28 
 228      DC8BA0D3 
 228      F9983E91 
 229 0629 CB500AE7 		.ascii	"\313P\012\347\216\2229r\213\240\311\330=\316y\240\003"
 229      8E923972 
 229      8BA0C9D8 
 229      3DCE79A0 
 229      03
 230 063a DC72B41F 		.ascii	"\334r\264\037$\033\344\020H&H>H\026\3101\220\303 9 "
 230      241BE410 
 230      4826483E 
 230      4816C831 
 230      90C32039 
 231 064f 27407241 		.ascii	"'@rA\216\200\024\200\354\001\311\0009\012r\020d/H\036"
 231      8E801480 
 231      EC01C900 
 231      390A7210 
ARM GAS  /tmp/ccBJFTz4.s 			page 18


 231      642F481E 
 232 0663 B79C4E25 		.ascii	"\267\234N%\214cW\210\310q\027g\305\321\323:\"\223\004"
 232      8C635788 
 232      C8711767 
 232      C5D1D33A 
 232      229304
 233 0676 9D6413ED 		.ascii	"\235d\023\355%\202\247%\340xkp\021\262BwI\2225k;\267"
 233      2582A725 
 233      E0786B70 
 233      11B24277 
 233      4992356B 
 234 068c 12747DA8 		.ascii	"\022t}\250\210\336im\273\320\032\375H\302$\301\032]"
 234      88DE696D 
 234      BBD01AFD 
 234      48C224C1 
 234      1A5D
 235 069e F756DD4C 		.ascii	"\367V\335L\022\3431\326\360\253\326\306\247%h\2755\272"
 235      12E331D6 
 235      F0ABD6C6 
 235      A72568BD 
 235      35BA
 236 06b0 CD1ADD2F 		.ascii	"\315\032\335/\241\222h\233\2124)\022\333\006\333L,\210"
 236      A192689B 
 236      8A342912 
 236      DB06DB4C 
 236      2C88
 237 06c2 4B72F8D2 		.ascii	"Kr\370\322v\207\263\350\237\022\353\261\266\223\310"
 237      7687B3E8 
 237      9F12EBB1 
 237      B693C8
 238 06d1 E0FCFEEB 		.ascii	"\340\374\376\353\211[\024\331\177\001L\272$1[\303\343"
 238      895B14D9 
 238      7F014CBA 
 238      24315BC3 
 238      E3
 239 06e2 6E7B0CFA 		.ascii	"n{\014\372\226\325\324X\264\265\261\366\267*\"q\035"
 239      96D5D458 
 239      B4B5B1F6 
 239      B72A2271 
 239      1D
 240 06f3 651B6D66 		.ascii	"e\033mf\032\005\360\260(\012\337\315\271\241T\036.\014"
 240      1A05F0B0 
 240      280ADFCD 
 240      B9A1541E 
 240      2E0C
 241 0705 7D346D6D 		.ascii	"}4mm|N\222\3438\333\035Oj|.\224\031_Dn\3505\2375a\312"
 241      7C4E92E3 
 241      38DB1D4F 
 241      6A7C2E94 
 241      195F446E 
 242 071f E60BC8E0 		.ascii	"\346\013\310\340d_\321~\247\300\025w\320\311\216\253"
 242      645FD17E 
 242      A7C01577 
 242      D0C98EAB 
 243 072f 3F722113 		.ascii	"?r!\023\036\177\336\343W\323\011\272\232\026C\353B\316"
 243      1E7FDEE3 
 243      57D309BA 
ARM GAS  /tmp/ccBJFTz4.s 			page 19


 243      9A1643EB 
 243      42CE
 244 0741 BC9A9264 		.ascii	"\274\232\222d\331\036\341\250\010\006\366\377\367 '"
 244      D91EE1A8 
 244      0806F6FF 
 244      F72027
 245 0750 2BC358EA 		.ascii	"+\303X\352CN\235h\336\367Q\206\342\234|\222S3\340\362"
 245      434E9D68 
 245      DEF75186 
 245      E29C7C92 
 245      5333E0F2 
 246 0764 CEC4A441 		.ascii	"\316\304\244AG$W\277\307\317\231\354\304\215\374z\250"
 246      472457BF 
 246      C7CF99EC 
 246      C48DFC7A 
 246      A8
 247 0775 D5CB3CC8 		.ascii	"\325\313<\310\344\351\341\001\212\007<\371\242S\234"
 247      E4E9E101 
 247      8A073CF9 
 247      A2539C
 248 0784 1A6D91CB 		.ascii	"\032m\221\313$vK-\354\236bv\245\221O\301\315I\222\324"
 248      24764B2D 
 248      EC9E6276 
 248      A5914FC1 
 248      CD4992D4 
 249 0798 EB106D19 		.ascii	"\353\020m\031\037\37158\277\012\214+A\316\202\234\001"
 249      1FF93538 
 249      BF0A8C2B 
 249      41CE829C 
 249      01
 250 07a9 A9002907 		.ascii	"\251\000)\0079m\236\252\300\011<\200\374dnaP\257\337"
 250      396D9EAA 
 250      C0093C80 
 250      FC646E61 
 250      50AFDF
 251 07bc AD26A4D1 		.ascii	"\255&\244\321S(U\231\235ao\323\353\004\337\340\317\363"
 251      53285599 
 251      9D616FD3 
 251      EB04DFE0 
 251      CFF3
 252 07ce FAE6     		.ascii	"\372\346"
 253 07d0 D5F759C7 		.ascii	"\325\367Y\307&\213S\261\265O\313\336D\360s;\366\353"
 253      268B53B1 
 253      B54FCBDE 
 253      44F0733B 
 253      F6EB
 254 07e2 8D51983E 		.ascii	"\215Q\230>%\235\345\341\374\216\314b\316#\330\256\035"
 254      259DE5E1 
 254      FC8ECC62 
 254      CE23D8AE 
 254      1D
 255 07f3 ACA39227 		.ascii	"\254\243\222'\232zk\323uo\233\016gp\362D\322l\033.1"
 255      9A7A6BD3 
 255      756F9B0E 
 255      6770F244 
 255      D26C1B2E 
 256 0808 DE3BE9CE 		.ascii	"\336;\351\316\210WA\262Z\255\341\222\251]R\302s\026"
ARM GAS  /tmp/ccBJFTz4.s 			page 20


 256      885741B2 
 256      5AADE192 
 256      A95D52C2 
 256      7316
 257 081a 25ACB228 		.ascii	"%\254\262(a<If/\334\354\241c\024\022X\315\222)C\255"
 257      613C4966 
 257      2FDCECA1 
 257      63141258 
 257      CD922943 
 258 082f 90B52B20 		.ascii	"\220\265+ - \027@j@\316[dqb\\\222\305> Smg\226\224V"
 258      2D201740 
 258      6A40CE5B 
 258      6471625C 
 258      92C53E20 
 259 0849 4E702613 		.ascii	"Np&\023<\2416\360\372\355\316\352\371\361O|uX\373\262"
 259      3CA136F0 
 259      FAEDCEEA 
 259      F9F14F7C 
 259      7558FBB2 
 260 085d 9C5CC8C0 		.ascii	"\234\\\310\3005}\315\306\177-L.gy\3705\200_\265\256"
 260      357DCDC6 
 260      7F2D4C2E 
 260      6779F835 
 260      805FB5AE 
 261 0871 8264EF71 		.ascii	"\202d\357qQ\202\221\221\226\346m\2354\000\363\024u\031"
 261      51829191 
 261      96E66D9D 
 261      3400F314 
 261      7519
 262 0883 781BF918 		.ascii	"x\033\371\030\352\341\274\0168_\262\340\374\310\237"
 262      EAE1BC0E 
 262      385FB2E0 
 262      FCC89F
 263 0892 716E8062 		.ascii	"qn\200b\335\005\022F;\305\262e^\366-\266\347\376\203"
 263      DD051246 
 263      3BC5B265 
 263      5EF62DB6 
 263      E7FE83
 264 08a5 D9268F71 		.ascii	"\331&\217q&\233\266\275\304Y\276\267\227\315\362F\313"
 264      269BB6BD 
 264      C459BEB7 
 264      97CDF246 
 264      CB
 265 08b6 595ED249 		.ascii	"Y^\322I\232\270eb\363f\360\330\010\234\031\322\016J"
 265      9AB86562 
 265      F366F0D8 
 265      089C19D2 
 265      0E4A
 266 08c8 2681ECA3 		.ascii	"&\201\354\243o\224\014\372\245\034\372\227\017P' \356"
 266      6F940CFA 
 266      A51CFA97 
 266      0F502720 
 266      EE
 267 08d9 5104E0E1 		.ascii	"Q\004\340\341\267\204\223\233\231\3003P\326u\362\014"
 267      B784939B 
 267      99C03350 
 267      D675F20C 
ARM GAS  /tmp/ccBJFTz4.s 			page 21


 268 08e9 4472D225 		.ascii	"Dr\322%>\2404\322n)\274\224\370U\337N\362z\204\024\244"
 268      3EA034D2 
 268      6E29BC94 
 268      F855DF4E 
 268      F27A8414 
 269 08fe 5BC418E9 		.ascii	"[\304\030\351\264\313\302\237}\304\367=!\267\325\357"
 269      B4CBC29F 
 269      7DC4F73D 
 269      21B7D5EF 
 270 090e 1C37F5FF 		.ascii	"\0347\365\377i9\312\252\355T\202\241MZ\261\257\335\267"
 270      6939CAAA 
 270      ED5482A1 
 270      4D5AB1AF 
 270      DDB7
 271 0920 8996E476 		.ascii	"\211\226\344vx\224\345\266\3322\267\374\3721N\327\217"
 271      7894E5B6 
 271      DA32B7FC 
 271      FA314ED7 
 271      8F
 272 0931 0E30F040 		.ascii	"\0160\360@\362\236\347\255\365\303\326\020\374\216\003"
 272      F29EE7AD 
 272      F5C3D610 
 272      FC8E03
 273 0940 E3CDC4F7 		.ascii	"\343\315\304\367g\242\365\007V\323G\276\207\226\223"
 273      67A2F507 
 273      56D347BE 
 273      879693
 274 094f D35BFD60 		.ascii	"\323[\375`b)\345Zf\213\353\310\350O\016>#\245!s\376"
 274      6229E55A 
 274      668BEBC8 
 274      E84F0E3E 
 274      23A52173 
 275 0964 84E4F51A 		.ascii	"\204\344\365\032eK\346~Xx\312\357\024\324(q'{0H\336"
 275      654BE67E 
 275      5878CAEF 
 275      14D42871 
 275      277B3048 
 276 0979 5B5F2FC7 		.ascii	"[_/\307=L\211i\270}V\215\373\2312\324V\032\255\304\303"
 276      3D4C8969 
 276      B87D568D 
 276      FB9932D4 
 276      561AADC4 
 277 098e 4C192E4E 		.ascii	"L\031.Nz\342\212\0371\245x\367\215\\\214'\230R\362\262"
 277      7AE28A1F 
 277      31A578F7 
 277      8D5C8C27 
 277      9852F2B2 
 278 09a2 AF5281A7 		.ascii	"\257R\201\247\251\342\324\033m\310E\302\356\336\203"
 278      A9E2D41B 
 278      6DC845C2 
 278      EEDE83
 279 09b1 DFD02F1E 		.ascii	"\337\320/\036\301\227\212[\305\015\375-X\205\273\337"
 279      C1978A5B 
 279      C50DFD2D 
 279      5885BBDF 
 280 09c1 B9BDAAFF 		.ascii	"\271\275\252\377\203\270Q\270i\033m\261\275\222\300"
 280      83B851B8 
ARM GAS  /tmp/ccBJFTz4.s 			page 22


 280      691B6DB1 
 280      BD92C0
 281 09d0 6F58C3A5 		.ascii	"oX\303\245+\201\255\345GF\341\244V}P\253\036\250\315"
 281      2B81ADE5 
 281      4746E1A4 
 281      567D50AB 
 281      1EA8CD
 282 09e3 03907B20 		.ascii	"\003\220{ \235 \367A\272@z-6\347\255\022\207&\333\016"
 282      9D20F741 
 282      BA407A2D 
 282      36E7AD12 
 282      8726DB0E 
 283 09f7 A57BAADF 		.ascii	"\245{\252\337\213\350;\326h\353\315y\227\304\364]k\260"
 283      8BE83BD6 
 283      68EBCD79 
 283      97C4F45D 
 283      6BB0
 284 0a09 6425E53B 		.ascii	"d%\345;C7\353\270\335\266\266~\263\335n\273\315[\277"
 284      4337EBB8 
 284      DDB6B67E 
 284      B3DD6EBB 
 284      CD5BBF
 285 0a1c DB361D9B 		.ascii	"\3336\035\233\367O\003/F\252\226\340\323\012\272\177"
 285      F74F032F 
 285      46AA96E0 
 285      D30ABA7F 
 286 0a2c AA797D21 		.ascii	"\252y}!\321\301\274\177\032\276O\373\377\0004~(\356"
 286      D1C1BC7F 
 286      1ABE4FFB 
 286      FF00347E 
 286      28EE
 287 0a3e 9FBADFEA 		.ascii	"\237\272\337\352\377\346\365\274\037\362\370\347\344"
 287      FFE6F5BC 
 287      1FF2F8E7 
 287      E4
 288 0a4b 14DCA7E6 		.ascii	"\024\334\247\346E\317(\244{\241\001\213\005o\320<K\221"
 288      45CF28A4 
 288      7BA1018B 
 288      056FD03C 
 288      4B91
 289 0a5d 53C01775 		.ascii	"S\300\027u\024.\310q-\243\233\\\177\350\211\332\336"
 289      142EC871 
 289      2DA39B5C 
 289      7FE889DA 
 289      DE
 290 0a6e 2BB411CE 		.ascii	"+\264\021\316\336+\264\027\347pi\023\270\224\243aN\205"
 290      DE2BB417 
 290      E7706913 
 290      B894A361 
 290      4E85
 291 0a80 8638ABD7 		.ascii	"\2068\253\327h\344*yy\332x\252\304Q\312\254\303\202"
 291      68E42A79 
 291      79DA78AA 
 291      C451CAAC 
 291      C382
 292 0a92 D9285B8A 		.ascii	"\331([\212\311\221\274\256Hn\254\345za\276!\033\261"
 292      C991BCAE 
ARM GAS  /tmp/ccBJFTz4.s 			page 23


 292      486EACE5 
 292      7A61BE21 
 292      1BB1
 293 0aa4 A5343884 		.ascii	"\24548\204\330/\242B\325E\341\203\020\275\016W9\372"
 293      D82FA242 
 293      D545E183 
 293      10BD0E57 
 293      39FA
 294 0ab6 CB80F412 		.ascii	"\313\200\364\022\022Z\360:\307\253\034o\222~\371\306"
 294      125AF03A 
 294      C7AB1C6F 
 294      927EF9C6 
 295 0ac6 486291DD 		.ascii	"Hb\221\335f\236\204\217\214\301\031\023\031\265\316"
 295      669E848F 
 295      8CC11913 
 295      19B5CE
 296 0ad5 5A234E74 		.ascii	"Z#Nt\200\220\264\201\304 \243\315\3377\363\223\211\301"
 296      8090B481 
 296      C420A3CD 
 296      DF37F393 
 296      89C1
 297 0ae7 21A1884F 		.ascii	"!\241\210O3\333\207U}0\007\302\225\234O\020{)\326\336"
 297      33DB8755 
 297      7D3007C2 
 297      959C4F10 
 297      7B29D6DE 
 298 0afb B607E305 		.ascii	"\266\007\343\005Z(\3642\352v\235j\231d\241\331\244\222"
 298      5A28F432 
 298      EA769D6A 
 298      9964A1D9 
 298      A492
 299 0b0d 2C344FE8 		.ascii	",4O\350B\263E\316\214=xz%C\371Q\216>\347\241\336x\255"
 299      42B345CE 
 299      8C3D787A 
 299      2543F951 
 299      8E3EE7A1 
 300 0b24 05B715ED 		.ascii	"\005\267\025\355\324\303\232\243\377\204\342\320c\261"
 300      D4C39AA3 
 300      FF84E2D0 
 300      63B1
 301 0b32 5A700ABF 		.ascii	"Zp\012\277\217\270>\204\306 \36724\316}D\352\226\226"
 301      8FB83E84 
 301      C620F732 
 301      34CE7D44 
 301      EA9696
 302 0b45 D0E28A13 		.ascii	"\320\342\212\023\034\250\343\334\271\371)\3626j\005"
 302      1CA8E3DC 
 302      B9F929F2 
 302      366A05
 303 0b54 F95B054B 		.ascii	"\371[\005K\376HX\301\376H\270\324v%O\215\367R0\227v"
 303      FE4858C1 
 303      FE48B8D4 
 303      76254F8D 
 303      F7523097 
 304 0b69 B4789793 		.ascii	"\264x\227\223\320\235\200\247\302Cff\211f\240;\255\340"
 304      D09D80A7 
 304      C2436666 
ARM GAS  /tmp/ccBJFTz4.s 			page 24


 304      8966A03B 
 304      ADE0
 305 0b7b BBD3143C 		.ascii	"\273\323\024<0Lr\3467\203\025?8O\376q\230\206\316\364"
 305      304C72E6 
 305      3783153F 
 305      384FFE71 
 305      9886CEF4 
 306 0b8f 54A4B782 		.ascii	"T\244\267\202\177Kr1\275{X\205\263\231\213\005\303\276"
 306      7F4B7231 
 306      BD7B5885 
 306      B3998B05 
 306      C3BE
 307 0ba1 49B9E4AF 		.ascii	"I\271\344\257\2045\215\364\257\204Yh\372Ll:\315\231"
 307      84358DF4 
 307      AF845968 
 307      FA4C6C3A 
 307      CD99
 308 0bb3 FF4AB0A6 		.ascii	"\377J\260\246\361\334\006\0152\214\316v/,\301\005\314"
 308      F1DC060D 
 308      328CCE76 
 308      2F2CC105 
 308      CC
 309 0bc4 49C1E1AC 		.ascii	"I\301\341\254q\007\321\311U<~\213\254\014\257\300\311"
 309      7107D1C9 
 309      553C7E8B 
 309      AC0CAFC0 
 309      C9
 310 0bd5 0BD1C9AC 		.ascii	"\013\321\311\254}'/m;)\2513\266\223\367\2562jj\013}"
 310      7D272F6D 
 310      3B29A933 
 310      B693F7AE 
 310      326A6A0B 
 311 0bea E95A6258 		.ascii	"\351ZbX\214w]fo\0131O+;\307\361\245-O=;\252\206\322"
 311      8C775D66 
 311      6F0B314F 
 311      2B3BC7F1 
 311      A52D4F3D 
 312 0c02 3E005A8B 		.ascii	">\000Z\213]83\2419I\177\024Q\030\232\020\231M\220\302"
 312      5D3833A1 
 312      39497F14 
 312      51189A10 
 312      994D90C2 
 313 0c16 9293055A 		.ascii	"\222\223\005Z\320\256\204\266Y\025\236g\005\035\232"
 313      D0AE84B6 
 313      59159E67 
 313      051D9A
 314 0c25 7D36E6C4 		.ascii	"}6\346\304\233\030\030\365h/\327\307(\350\316\346\265"
 314      9B1818F5 
 314      682FD7C7 
 314      28E8CEE6 
 314      B5
 315 0c36 D8FEB5D0 		.ascii	"\330\376\265\320\376\015m_{\340I\207\012\033\034i\373"
 315      FE0D6D5F 
 315      7BE04987 
 315      0A1B1C69 
 315      FB
 316 0c47 D181CBDD 		.ascii	"\321\201\313\335j\032\003y\034`1\214\226\337(v\224\013"
ARM GAS  /tmp/ccBJFTz4.s 			page 25


 316      6A1A0379 
 316      1C60318C 
 316      96DF2876 
 316      940B
 317 0c59 8F507A4C 		.ascii	"\217PzL/\346'\035\315V\331\015,\032\223\300\2420\037"
 317      2FE6271D 
 317      CD56D90D 
 317      2C1A93C0 
 317      A2301F
 318 0c6c 584AA5B1 		.ascii	"XJ\245\261\332\221g5\267>S_\317\021\004Z\0249-\012\234"
 318      DA916735 
 318      B73E535F 
 318      CF11045A 
 318      14392D0A 
 319 0c81 0C98704A 		.ascii	"\014\230pJ\031\333gt\306\031\214S{Ya\231+\365\337b\346"
 319      19DB6774 
 319      C6198C53 
 319      7B596199 
 319      2BF5DF62 
 320 0c96 64DAFD64 		.ascii	"d\332\375d\247\302\314)\226q2\025\366\215:\333\345\024"
 320      A7C2CC29 
 320      96713215 
 320      F68D3ADB 
 320      E514
 321 0ca8 4739ED14 		.ascii	"G9\355\0248\325\305\326\327\310yN]\214\023 P\0146s\202"
 321      38D5C5D6 
 321      D7C8794E 
 321      5D8C1320 
 321      500C3673 
 322 0cbd 53C6299E 		.ascii	"S\306)\236r:\0247Y\303\341\\\373\234:\223\372Z\034\315"
 322      723A1437 
 322      59C3E15C 
 322      FB9C3A93 
 322      FA5A1CCD 
 323 0cd1 B94B649C 		.ascii	"\271Kd\234\032v\357kCf\242\273\330\305\326\374\212K"
 323      1A76EF6B 
 323      4366A2BB 
 323      D8C5D6FC 
 323      8A4B
 324 0ce3 F6892653 		.ascii	"\366\211&S\242I\002\321\264\371\334\207BI\373\031Q@"
 324      A24902D1 
 324      B4F9DC87 
 324      4249FB19 
 324      5140
 325 0cf5 A0049168 		.ascii	"\240\004\221h\202@4\205\022\275\266\2777\011\343JF\364"
 325      82403485 
 325      12BDB6BF 
 325      3709E34A 
 325      46F4
 326 0d07 CDB92113 		.ascii	"\315\271!\023\307\2676m0\247>Ul\235*\264N\243\255\307"
 326      C7B7366D 
 326      30A73E55 
 326      6C9D2AB4 
 326      4EA3ADC7 
 327 0d1b 730D7B96 		.ascii	"s\015{\226\340\233\254uuj\356KL\331\017\233\273tL\343"
 327      E09BAC75 
 327      756AEE4B 
ARM GAS  /tmp/ccBJFTz4.s 			page 26


 327      4CD90F9B 
 327      BB744CE3 
 328 0d2f 6CBA0B1E 		.ascii	"l\272\013\036\243\000.\245\351\362+\205y,\301\312Q\304"
 328      A3002EA5 
 328      E9F22B85 
 328      792CC1CA 
 328      51C4
 329 0d41 568E0CAC 		.ascii	"V\216\014\254B{\260\325\312as\035\332\213m\2764\177"
 329      427BB0D5 
 329      CA61731D 
 329      DA8B6DBE 
 329      347F
 330 0d53 1E377495 		.ascii	"\0367t\225\345\215\230\332\315\362V\225p`\304\005\317"
 330      E58D98DA 
 330      CDF25695 
 330      7060C405 
 330      CF
 331 0d64 32D7D78B 		.ascii	"2\327\327\213\237\036sFj\017;\213#\312\004\303\342\372"
 331      9F1E7346 
 331      6A0F3B8B 
 331      23CA04C3 
 331      E2FA
 332 0d76 C82FD927 		.ascii	"\310/\331'\227\032\310\266\340\000V\243\375\"\275A\272"
 332      971AC8B6 
 332      E00056A3 
 332      FD22BD41 
 332      BA
 333 0d87 588183F4 		.ascii	"X\201\203\364\270\203C\254[\021\304>\346\265\336\324"
 333      B88343AC 
 333      5B11C43E 
 333      E6B5DED4 
 334 0d97 7A4E69B7 		.ascii	"zNi\267ZY\264Z\007\205j\305\247\236\311\021\2525\321"
 334      5A59B45A 
 334      07856AC5 
 334      A79EC911 
 334      AA35D1
 335 0daa B334DD90 		.ascii	"\2634\335\220\343A (]\364\226.$\374\020M\370Xqf\242"
 335      E3412028 
 335      5DF4962E 
 335      24FC104D 
 335      F8587166 
 336 0dbf 02472969 		.ascii	"\002G)i\302\017\304_\271\272\304<~?\3540\217\337\303"
 336      C20FC45F 
 336      B9BAC43C 
 336      7E3FEC30 
 336      8FDFC3
 337 0dd2 62FBC342 		.ascii	"b\373\303B\373#\264}_zI\202\003\316f\355\307\242F\012"
 337      FB23B47D 
 337      5F7A4982 
 337      03CE66ED 
 337      C7A2460A 
 338 0de6 381A4015 		.ascii	"8\032@\025{\335\001\327\346\367\316\2159\231\273`\016"
 338      7BDD01D7 
 338      E6F7CE8D 
 338      3999BB60 
 338      0E
 339 0df7 0B6AA63E 		.ascii	"\013j\246>{\300~\027<F\203:*\004u\262g2F\305\263je]"
ARM GAS  /tmp/ccBJFTz4.s 			page 27


 339      7BC07E17 
 339      3C46833A 
 339      2A0475B2 
 339      673246C5 
 340 0e0f 1010285B 		.ascii	"\020\020([\344\224-p:N9\325>kjR\343\002\245\355\325"
 340      E4942D70 
 340      3A4E39D5 
 340      3E6B6A52 
 340      E302A5ED 
 341 0e24 CDC2552E 		.ascii	"\315\302U.\226\256n\206\341\276n\241\273\336LQ\214\025"
 341      96AE6E86 
 341      E1BE6EA1 
 341      BBDE4C51 
 341      8C15
 342 0e36 EE346EA2 		.ascii	"\3564n\242\030tBtvBp\226G\235MU\350\373U\330\304\234"
 342      18744274 
 342      76427096 
 342      479D4D55 
 342      E8FB55D8 
 343 0e4c 954CD5DF 		.ascii	"\225L\325\337\024\246\232\233Y\212\316|\263\201|\321"
 343      14A69A9B 
 343      598ACE7C 
 343      B3817CD1 
 344 0e5c 40BE60A0 		.ascii	"@\276`\240\200\0320\\K\311r\300\257\230\201\216\231"
 344      801A305C 
 344      4BC972C0 
 344      AF98818E 
 344      99
 345 0e6d 2BB7153F 		.ascii	"+\267\025?:N\015\214\224x\274\271\025\243\217w\243\217"
 345      3A4E0D8C 
 345      9478BCB9 
 345      15A38F77 
 345      A38F
 346 0e7f 0D85CC80 		.ascii	"\015\205\314\200d\203\\H\354\240\"\374#\362\337\300"
 346      64835C48 
 346      ECA022FC 
 346      23F2DFC0 
 347 0e8f 8B9BBFC4 		.ascii	"\213\233\277\304\213\314\306\336\311=\315.`\303h\324"
 347      8BCCC6DE 
 347      C93DCD2E 
 347      60C368D4 
 348 0e9f 1BDB5A70 		.ascii	"\033\333Zp\001,!Nt\177T\314\233\020_\024\220+\233a\227"
 348      012C214E 
 348      747F54CC 
 348      9B105F14 
 348      902B9B61 
 349 0eb4 73921AE9 		.ascii	"s\222\032\351{y\267W-\335T\021\342\342\246\252\004\233"
 349      7B79B757 
 349      2DDD5411 
 349      E2E2A6AA 
 349      049B
 350 0ec6 B77B704A 		.ascii	"\267{pJ\206\372t\327SW)\376\230\005\376\024f\233\260"
 350      86FA74D7 
 350      535729FE 
 350      9805FE14 
 350      669BB0
 351 0ed9 53141CBF 		.ascii	"S\024\034\277\277\263\320Y\012\316\262\000\227\362\340"
ARM GAS  /tmp/ccBJFTz4.s 			page 28


 351      BFB3D059 
 351      0ACEB200 
 351      97F2E0
 352 0ee8 520A8E29 		.ascii	"R\012\216)\312i\264\330\336\315[<\036\237\346\301\247"
 352      CA69B4D8 
 352      DECD5B3C 
 352      1E9FE6C1 
 352      A7
 353 0ef9 29F8726C 		.ascii	")\370rl\235\321\202v\262\205\3452\036\\F\301\343E\245"
 353      9DD18276 
 353      B285E532 
 353      1E5C46C1 
 353      E345A5
 354 0f0c 692A2938 		.ascii	"i*)8\332\002\\\316\203\313Y\200O\222z-8\307Y\200+x0"
 354      DA025CCE 
 354      83CB5980 
 354      4F927A2D 
 354      38C75980 
 355 0f23 392A0243 		.ascii	"9*\002C\302\003\277V~\276\361\267\037z{y\311T\376\376"
 355      C203BF56 
 355      7EBEF1B7 
 355      1F7A7B79 
 355      C954FEFE 
 356 0f37 DBB561BA 		.ascii	"\333\265a\272\217\327\370\353~\346\271=2\3023 \"\364"
 356      8FD7F8EB 
 356      7EE6B93D 
 356      32C23320 
 356      22F4
 357 0f49 A761E161 		.ascii	"\247a\341a\232\237j\002\266h=\265a\201!\333\2034\236"
 357      9A9F6A02 
 357      B6683DB5 
 357      618121DB 
 357      83349E
 358 0f5c A10181C1 		.ascii	"\241\001\201\301\3320\215\247\177\220fk\300\366\020"
 358      DA308DA7 
 358      7F90666B 
 358      C0F610
 359 0f6b 9DBFEE9B 		.ascii	"\235\277\356\233m\232\310U\3012\245\320\372\307\357"
 359      6D9AC855 
 359      C132A5D0 
 359      FAC7EF
 360 0f7a 681DF94D 		.ascii	"h\035\371M\244\247\177\244.\010\240\244I`p@X\230&$\322"
 360      A4A77FA4 
 360      2E08A0A4 
 360      49607040 
 360      58982624 
 361 0f8f 89F9FE85 		.ascii	"\211\371\376\205\277\316\221?\252\267\375w(\177\027"
 361      BFCE913F 
 361      AAB7FD77 
 361      287F17
 362 0f9e F8AC     		.ascii	"\370\254"
 363 0fa0 5AE5C9BE 		.ascii	"Z\345\311\276\341\221\236\301\001!\236\333\302#t\221"
 363      E1919EC1 
 363      01219EDB 
 363      C2237491 
 364 0fb0 9E7E9B37 		.ascii	"\236~\2337|\274\306s\375z\037\317\315\3536\374\321\213"
 364      7CBCC673 
ARM GAS  /tmp/ccBJFTz4.s 			page 29


 364      FD7A1FCF 
 364      CDEB36FC 
 364      D18B
 365 0fc2 DCF18766 		.ascii	"\334\361\207f\376!!A`\334Q\023\026\260%D\023\344L-\205"
 365      FE212141 
 365      60DC5113 
 365      16B02544 
 365      13E44C2D 
 366 0fd7 85467EED 		.ascii	"\205F~\355\257s\330\246\211\320\206\007)\311\2450\240"
 366      AF73D8A6 
 366      89D08607 
 366      29C9A530 
 366      A0
 367 0fe8 EE10181E 		.ascii	"\356\020\030\036\266U\373\025\016\214X#\017\015\017"
 367      B655FB15 
 367      0E8C5823 
 367      0F0D0F
 368 0ff7 D238C10D 		.ascii	"\3228\301\015r\364\327)\003"
 368      72F4D729 
 368      03
 369 1000 034242B6 		.ascii	"\003BB\266\004\004~\355B\260\374\271\277n\351\246\177"
 369      04047EED 
 369      42B0FCB9 
 369      BF6EE9A6 
 369      7F
 370 1011 DDE0CD68 		.ascii	"\335\340\315hy\323\246N[#4\377\265]\023\026\370\215"
 370      79D3A64E 
 370      5B2334FF 
 370      B55D1316 
 370      F88D
 371 1023 3C48AB89 		.ascii	"<H\253\211p\"\367\351\015E\244.@\247!\272\277\357\332"
 371      7022F7E9 
 371      0D45A42E 
 371      40A721BA 
 371      BFEFDA
 372 1036 4F7D7EA7 		.ascii	"O}~\247$g~\233\277\334\244\"'\277\335\270n\343\272\315"
 372      24677E9B 
 372      BFDCA422 
 372      27BFDDB8 
 372      6EE3BACD 
 373 104a 1F59C725 		.ascii	"\037Y\307%\244\211\217\004\242P\301\201Z\362\327\021"
 373      A4898F04 
 373      A250C181 
 373      5AF2D711 
 374 105a 5B3E11DA 		.ascii	"[>\021\332?j\"\260N\033\252\360\366\336\340\3731\367"
 374      3F6A22B0 
 374      4E1BAAF0 
 374      F6DEE0FB 
 374      31F7
 375 106c A5AFDC67 		.ascii	"\245\257\334g\303\247\276\330\307\333W\376\231\317f"
 375      C3A7BED8 
 375      C7DB57FE 
 375      99CF66
 376 107b 5FECEDED 		.ascii	"_\354\355\355\213}A>\365\365\305\233\374\274\261\367"
 376      8B7D413E 
 376      F5F5C59B 
 376      FCBCB1F7 
ARM GAS  /tmp/ccBJFTz4.s 			page 30


 377 108b C6CD726F 		.ascii	"\306\315ro\357\265\276\024\277\206\376z\341\265\237"
 377      EFB5BE14 
 377      BF86FE7A 
 377      E1B59F
 378 109a FB727ED0 		.ascii	"\373r~\320r\335Z_\271\337\006@{\373\256\001\361\002"
 378      72DD5A5F 
 378      B9DF0640 
 378      7BFBAE01 
 378      F102
 379 10ac E4BFF9AE 		.ascii	"\344\277\371\256\371n\331\216\324\205\222jk\011Kg\263"
 379      F96ED98E 
 379      D485926A 
 379      6B094B67 
 379      B3
 380 10bd E2AFC39F 		.ascii	"\342\257\303\237\371\002\025?p\377\245\217/^\347C\214"
 380      F902153F 
 380      70FFA58F 
 380      2F5EE743 
 380      8C
 381 10ce 7F01B25E 		.ascii	"\177\001\262^\276\336\373\237}\177!5\036\030\016\331"
 381      BEDEFB9F 
 381      7D7F2135 
 381      1E180ED9 
 382 10de 0EF3D4EC 		.ascii	"\016\363\324\354\320yzo\360[\347\007>\230\233_{\355"
 382      D0797A6F 
 382      F05BE707 
 382      3E989B5F 
 382      7BED
 383 10f0 D8C11C6C 		.ascii	"\330\301\034l\365Z\275z\307\026p\241\376|\323\272/\375"
 383      F55ABD7A 
 383      C71670A1 
 383      FE7CD3BA 
 383      2FFD
 384 1102 374367F3 		.ascii	"7Cg\363\321lUj\303Y\231~\376m\\I+\241k\200\260\256!"
 384      D16C556A 
 384      C359997E 
 384      FE6D5C49 
 384      2BA16B80 
 385 1119 0F0DD086 		.ascii	"\017\015\320\2069\222\237U\2012U`\360\346\340 \277\020"
 385      39929F55 
 385      81325560 
 385      F0E6E020 
 385      BF10
 386 112b 8D661B3F 		.ascii	"\215f\033?\004\274\376\026\352/\2348A\227\205\270\300"
 386      04BCFE16 
 386      EA2F9C38 
 386      419785B8 
 386      C0
 387 113c D772A9AF 		.ascii	"\327r\251\257\010\235\271X\201\301\004\302\217\202\277"
 387      089DB958 
 387      81C104C2 
 387      8F82BF
 388 114b B20BD205 		.ascii	"\262\013\322\005Gh\002\202\010\306\021j\352\247\013"
 388      47680282 
 388      08C6116A 
 388      EAA70B
 389 115a DFF63D38 		.ascii	"\337\366=8\372h#I/\345\373\324\022\270BN\277\322l\242"
ARM GAS  /tmp/ccBJFTz4.s 			page 31


 389      FA682349 
 389      2FE5FBD4 
 389      12B8424E 
 389      BFD26CA2 
 390 116e 1D7529E8 		.ascii	"\035u)\350k\303$\000w\353\013\033\303u\332\255\332\300"
 390      6BC32400 
 390      77EB0B1B 
 390      C375DAAD 
 390      DAC0
 391 1180 009D363C 		.ascii	"\000\2356<\354/\204\020\375#5\272\257\"\302\267o#IR"
 391      EC2F8410 
 391      FD2335BA 
 391      AF22C2B7 
 391      6F234952 
 392 1194 6BC34952 		.ascii	"k\303IRB\003\310\000P1E\033\344\257\373K\263)\346K\033"
 392      4203C800 
 392      5031451B 
 392      E4AFFB4B 
 392      B329E64B 
 393 11a9 28B5A5A4 		.ascii	"(\265\245\244\034\003\"tN\201\301~\337D\256\013\323"
 393      1C032274 
 393      4E81C17E 
 393      DF44AE0B 
 393      D3
 394 11ba EA7EF8AE 		.ascii	"\352~\370\256\370IX\220d\202\373\301;z5\300\024\244"
 394      F8495890 
 394      6482FBC1 
 394      3B7A35C0 
 394      14A4
 395 11cc 1B7B3990 		.ascii	"\033{9\220a\265\365\253\377\003\326$\026\304"
 395      61B5F5AB 
 395      FF03D624 
 395      16C4
 396              		.text
 397              		.section	.gnu.lto_.symtab.9a58d88a0bfd9a86,"",%progbits
 398 0000 6D61696E 		.ascii	"main\000"
 398      00
 399 0005 00       		.ascii	"\000"
 400 0006 00       		.ascii	"\000"
 401 0007 00       		.ascii	"\000"
 402 0008 00000000 		.ascii	"\000\000\000\000\000\000\000\000"
 402      00000000 
 403 0010 6D010000 		.ascii	"m\001\000\000"
 404 0014 50574D44 		.ascii	"PWMD1\000"
 404      3100
 405 001a 00       		.ascii	"\000"
 406 001b 02       		.ascii	"\002"
 407 001c 00       		.ascii	"\000"
 408 001d 00000000 		.ascii	"\000\000\000\000\000\000\000\000"
 408      00000000 
 409 0025 AA010000 		.ascii	"\252\001\000\000"
 410 0029 63685468 		.ascii	"chThdSleep\000"
 410      64536C65 
 410      657000
 411 0034 00       		.ascii	"\000"
 412 0035 02       		.ascii	"\002"
 413 0036 00       		.ascii	"\000"
ARM GAS  /tmp/ccBJFTz4.s 			page 32


 414 0037 00000000 		.ascii	"\000\000\000\000\000\000\000\000"
 414      00000000 
 415 003f 7C010000 		.ascii	"|\001\000\000"
 416 0043 70776D53 		.ascii	"pwmStop\000"
 416      746F7000 
 417 004b 00       		.ascii	"\000"
 418 004c 02       		.ascii	"\002"
 419 004d 00       		.ascii	"\000"
 420 004e 00000000 		.ascii	"\000\000\000\000\000\000\000\000"
 420      00000000 
 421 0056 7E010000 		.ascii	"~\001\000\000"
 422 005a 70776D44 		.ascii	"pwmDisableChannel\000"
 422      69736162 
 422      6C654368 
 422      616E6E65 
 422      6C00
 423 006c 00       		.ascii	"\000"
 424 006d 02       		.ascii	"\002"
 425 006e 00       		.ascii	"\000"
 426 006f 00000000 		.ascii	"\000\000\000\000\000\000\000\000"
 426      00000000 
 427 0077 83010000 		.ascii	"\203\001\000\000"
 428 007b 70776D43 		.ascii	"pwmChangePeriod\000"
 428      68616E67 
 428      65506572 
 428      696F6400 
 429 008b 00       		.ascii	"\000"
 430 008c 02       		.ascii	"\002"
 431 008d 00       		.ascii	"\000"
 432 008e 00000000 		.ascii	"\000\000\000\000\000\000\000\000"
 432      00000000 
 433 0096 88010000 		.ascii	"\210\001\000\000"
 434 009a 70776D45 		.ascii	"pwmEnableChannel\000"
 434      6E61626C 
 434      65436861 
 434      6E6E656C 
 434      00
 435 00ab 00       		.ascii	"\000"
 436 00ac 02       		.ascii	"\002"
 437 00ad 00       		.ascii	"\000"
 438 00ae 00000000 		.ascii	"\000\000\000\000\000\000\000\000"
 438      00000000 
 439 00b6 8E010000 		.ascii	"\216\001\000\000"
 440 00ba 70776D45 		.ascii	"pwmEnableChannelNotification\000"
 440      6E61626C 
 440      65436861 
 440      6E6E656C 
 440      4E6F7469 
 441 00d7 00       		.ascii	"\000"
 442 00d8 02       		.ascii	"\002"
 443 00d9 00       		.ascii	"\000"
 444 00da 00000000 		.ascii	"\000\000\000\000\000\000\000\000"
 444      00000000 
 445 00e2 90010000 		.ascii	"\220\001\000\000"
 446 00e6 5F70616C 		.ascii	"_pal_lld_setgroupmode\000"
 446      5F6C6C64 
 446      5F736574 
ARM GAS  /tmp/ccBJFTz4.s 			page 33


 446      67726F75 
 446      706D6F64 
 447 00fc 00       		.ascii	"\000"
 448 00fd 02       		.ascii	"\002"
 449 00fe 00       		.ascii	"\000"
 450 00ff 00000000 		.ascii	"\000\000\000\000\000\000\000\000"
 450      00000000 
 451 0107 9C010000 		.ascii	"\234\001\000\000"
 452 010b 70776D45 		.ascii	"pwmEnablePeriodicNotification\000"
 452      6E61626C 
 452      65506572 
 452      696F6469 
 452      634E6F74 
 453 0129 00       		.ascii	"\000"
 454 012a 02       		.ascii	"\002"
 455 012b 00       		.ascii	"\000"
 456 012c 00000000 		.ascii	"\000\000\000\000\000\000\000\000"
 456      00000000 
 457 0134 9E010000 		.ascii	"\236\001\000\000"
 458 0138 70776D53 		.ascii	"pwmStart\000"
 458      74617274 
 458      00
 459 0141 00       		.ascii	"\000"
 460 0142 02       		.ascii	"\002"
 461 0143 00       		.ascii	"\000"
 462 0144 00000000 		.ascii	"\000\000\000\000\000\000\000\000"
 462      00000000 
 463 014c A3010000 		.ascii	"\243\001\000\000"
 464 0150 63685379 		.ascii	"chSysInit\000"
 464      73496E69 
 464      7400
 465 015a 00       		.ascii	"\000"
 466 015b 02       		.ascii	"\002"
 467 015c 00       		.ascii	"\000"
 468 015d 00000000 		.ascii	"\000\000\000\000\000\000\000\000"
 468      00000000 
 469 0165 A6010000 		.ascii	"\246\001\000\000"
 470 0169 68616C49 		.ascii	"halInit\000"
 470      6E697400 
 471 0171 00       		.ascii	"\000"
 472 0172 02       		.ascii	"\002"
 473 0173 00       		.ascii	"\000"
 474 0174 00000000 		.ascii	"\000\000\000\000\000\000\000\000"
 474      00000000 
 475 017c A8010000 		.ascii	"\250\001\000\000"
 476              		.text
 477              		.section	.gnu.lto_.opts,"",%progbits
 478 0000 272D666D 		.ascii	"'-fmath-errno' '-fsigned-zeros' '-ftrapping-math' '"
 478      6174682D 
 478      6572726E 
 478      6F272027 
 478      2D667369 
 479 0033 2D666E6F 		.ascii	"-fno-trapv' '-fno-openmp' '-fno-openacc' '-mcpu=cor"
 479      2D747261 
 479      70762720 
 479      272D666E 
 479      6F2D6F70 
ARM GAS  /tmp/ccBJFTz4.s 			page 34


 480 0066 7465782D 		.ascii	"tex-m3' '-mno-thumb-interwork' '-mthumb' '-ggdb' '-"
 480      6D332720 
 480      272D6D6E 
 480      6F2D7468 
 480      756D622D 
 481 0099 4F322720 		.ascii	"O2' '-fomit-frame-pointer' '-falign-functions=16' '"
 481      272D666F 
 481      6D69742D 
 481      6672616D 
 481      652D706F 
 482 00cc 2D666675 		.ascii	"-ffunction-sections' '-fdata-sections' '-fno-common"
 482      6E637469 
 482      6F6E2D73 
 482      65637469 
 482      6F6E7327 
 483 00ff 2720272D 		.ascii	"' '-flto'\000"
 483      666C746F 
 483      2700
 484              		.text
 485              		.comm	__gnu_lto_v1,1,1
 486              		.comm	__gnu_lto_slim,1,1
 487              		.ident	"GCC: (GNU Tools for ARM Embedded Processors 6-2017-q2-update) 6.3.1 20170620 (release) [AR
ARM GAS  /tmp/ccBJFTz4.s 			page 35


DEFINED SYMBOLS
                            *ABS*:0000000000000000 main.c
                            *COM*:0000000000000001 __gnu_lto_v1
                            *COM*:0000000000000001 __gnu_lto_slim

NO UNDEFINED SYMBOLS
