ARM GAS  /tmp/ccrC2NJB.s 			page 1


   1              		.cpu cortex-m3
   2              		.eabi_attribute 20, 1
   3              		.eabi_attribute 21, 1
   4              		.eabi_attribute 23, 3
   5              		.eabi_attribute 24, 1
   6              		.eabi_attribute 25, 1
   7              		.eabi_attribute 26, 1
   8              		.eabi_attribute 30, 2
   9              		.eabi_attribute 34, 1
  10              		.eabi_attribute 18, 4
  11              		.file	"memstreams.c"
  12              		.text
  13              	.Ltext0:
  14              		.section	.gnu.lto_.profile.2354e20b2fc1e037,"",%progbits
  15 0000 789C6365 		.ascii	"x\234ce`b`a```d\010\260\004\000\001Y\000\226"
  15      60626061 
  15      60606064 
  15      08B00400 
  15      01590096 
  16              		.text
  17              		.section	.gnu.lto_.icf.2354e20b2fc1e037,"",%progbits
  18 0000 789C6365 		.ascii	"x\234ce`bPc@\0006\206MO/\354\345b\334\371\347\304s^"
  18      60625063 
  18      40003686 
  18      4D4F2FEC 
  18      E562DCF9 
  19 0018 A6F9DFE6 		.ascii	"\246\371\337\346\177\345f\006\223,og\316~\300\317\372"
  19      7FE56606 
  19      932C6F67 
  19      CE7EC0CF 
  19      FA
  20 0029 F5C6F237 		.ascii	"\365\306\3627l\014\000\205\312\023\300"
  20      6C0C0085 
  20      CA13C0
  21              		.text
  22              		.section	.gnu.lto_.jmpfuncs.2354e20b2fc1e037,"",%progbits
  23 0000 789C458B 		.ascii	"x\234E\213\273\021\000 \010C\023@-\235\312\241\254\262"
  23      BB110020 
  23      08431340 
  23      2D9DCAA1 
  23      ACB2
  24 0012 BA5888AF 		.ascii	"\272X\210\257\310]~\015\206\205O\203\221.1\221y\352"
  24      C85D7E0D 
  24      86854F83 
  24      912E3191 
  24      79EA
  25 0024 10D56D93 		.ascii	"\020\325m\223o\342\225\246\251\"\342^\246\022\034\360"
  25      6FE295A6 
  25      A922E25E 
  25      A6121CF0 
  26 0034 C60714   		.ascii	"\306\007\024"
  27              		.text
  28              		.section	.gnu.lto_.inline.2354e20b2fc1e037,"",%progbits
  29 0000 789CB591 		.ascii	"x\234\265\2211\016\3020\014E\277\235\224D4Ua*HHd\002"
  29      310EC230 
  29      0C45BF9D 
  29      94443455 
ARM GAS  /tmp/ccrC2NJB.s 			page 2


  29      612A4848 
  30 0016 A69E8189 		.ascii	"\246\236\201\211\2213p\024\330:vddd\344(\0359\002##"
  30      91337014 
  30      D83A7664 
  30      6464E428 
  30      1D390223 
  31 002b 23D8AD40 		.ascii	"#\330\255@Ht$\221\236\034Ky\266\223\004\214\003\341"
  31      48742491 
  31      9E1C4B79 
  31      B693048C 
  31      03E1
  32 003d BD12200B 		.ascii	"\275\022 \013d\020\011f\255\334)\343pP\227\360M\311"
  32      64100966 
  32      ADDC29E3 
  32      705097F0 
  32      4DC9
  33 004f A09BB32D 		.ascii	"\240\233\263-\005^C\017{\232\007\320\325\215X\011\276"
  33      055E430F 
  33      7B9A07D0 
  33      D58D5809 
  33      BE
  34 0060 E4131112 		.ascii	"\344\023\021\022B\332\371Z\323\236:\241\251\012\270"
  34      42DAF95A 
  34      D39E3AA1 
  34      A90AB8
  35 006f C7E287D0 		.ascii	"\307\342\207\320\034\213~!c<%\373%\344(\023\2505}]\203"
  35      1C8B7E21 
  35      633C25FB 
  35      25E42813 
  35      A8357D5D 
  36 0084 BFF7B6C9 		.ascii	"\277\367\266\311M\036D=\223c\324d\224\344J\3246\003"
  36      4D1E443D 
  36      9363D464 
  36      94E44AD4 
  36      3603
  37 0096 4CBD956D 		.ascii	"L\275\225m>U\272g\370C\021\013\357\010\234TK\244\347"
  37      3E55BA67 
  37      F843110B 
  37      EF089C54 
  37      4BA4E7
  38 00a9 0DEB073C 		.ascii	"\015\353\007<\001\310\1775\215"
  38      01C87F35 
  38      8D
  39              		.text
  40              		.section	.gnu.lto_.pureconst.2354e20b2fc1e037,"",%progbits
  41 0000 789C6365 		.ascii	"x\234ce`b\340f```e\220b\224b\222b\226b\221\002\000\004"
  41      6062E066 
  41      60606065 
  41      90629462 
  41      92629662 
  42 0018 2200A4   		.ascii	"\"\000\244"
  43              		.text
  44              		.section	.gnu.lto__put.2354e20b2fc1e037,"",%progbits
  45 0000 789C9552 		.ascii	"x\234\225RIOSQ\024\276\337\275oh\241\326\350\312E\027"
  45      494F5351 
  45      14BEDFBD 
  45      6F68A1D6 
ARM GAS  /tmp/ccrC2NJB.s 			page 3


  45      E8CA4517 
  46 0014 2C24A489 		.ascii	",$\244\211\366i\304\245?\006\010\211$4\022\353Z.-\026"
  46      F669C4A5 
  46      3F060889 
  46      243412EB 
  46      5A2E2D16 
  47 0028 E2047160 		.ascii	"\342\004q`J\353#1\004E\231A\001\247F\022\025\004E\015"
  47      4AEB2331 
  47      04459941 
  47      01A74612 
  47      1504450D 
  48 003c C6B07021 		.ascii	"\306\260p!\205\204(\032\034\342\016=\347\275&`\334\300"
  48      8584281A 
  48      1CE20E3D 
  48      E7BD2660 
  48      DCC0
  49 004e 4B7BDF1D 		.ascii	"K{\337\035\3167\234\357]SH\261\254\204(\027B\034\247"
  49      CE379CEF 
  49      5D5348B1 
  49      AC842817 
  49      421CA7
  50 0061 3F4C01D9 		.ascii	"?L\001\331\372J\210\206\200\224\206\013\241\213\324"
  50      FA4A8886 
  50      8094860B 
  50      A18BD4
  51 0070 C69C103A 		.ascii	"\306\234\020:\244`\370\373\006\300\023\035\200\250\227"
  51      A460F8FB 
  51      06C0131D 
  51      80A897
  52 007f CA403D5A 		.ascii	"\312@=ZT\273\302\233\306\241\214\272\254\\%`\320rc\276"
  52      54BBC29B 
  52      C6A18CBA 
  52      AC5C2560 
  52      D07263BE 
  53 0093 6B39CC4B 		.ascii	"k9\314K\240\204\226\371\311\364\272\021\355\325\364"
  53      A08496F9 
  53      C9F4BA11 
  53      EDD5F4
  54 00a2 E4DAAF59 		.ascii	"\344\332\257Y7F\026t\320URtR\371-D\320\213\010\253\337"
  54      37461674 
  54      D0555274 
  54      52F92D44 
  54      D08B08AB 
  55 00b7 46948ADF 		.ascii	"F\224\212\337\315/\266\332\352\020\004\315G\233\273"
  55      CD2FB6DA 
  55      EA1004CD 
  55      479BBB
  56 00c6 2743653D 		.ascii	"'Ce=Z'un\356\252\322\007]\245\320\007\265\035H[\002"
  56      5A27756E 
  56      EEAAD207 
  56      5DA5D007 
  56      B51D485B 
  57 00db 775046E5 		.ascii	"wPF\345\231t\337\212R\216\007\375\234\376\3765\\\200"
  57      9974DF8A 
  57      528E07FD 
  57      9CFEFE35 
  57      5C80
ARM GAS  /tmp/ccrC2NJB.s 			page 4


  58 00ed 7EF92975 		.ascii	"~\371)u\310%\267w}\350\261\010\2160\320\020\350G\031"
  58      C825B777 
  58      7DE8B108 
  58      8E30D010 
  58      E84719
  59 0100 57FFF8B6 		.ascii	"W\377\370\266\3702\250\216zHw\"\325\025.\275\351!?v"
  59      F832A88E 
  59      7A487722 
  59      D5152EBD 
  59      E9213F76 
  60 0114 ECBF92D2 		.ascii	"\354\277\222\322/\264\341*\023\003\377\012\363C\345"
  60      2FB4E12A 
  60      1303FF0A 
  60      F343E5
  61 0123 9F8637AF 		.ascii	"\237\2067\257\357\261\014\014\242\224\033\242>\206`"
  61      EFB10C0C 
  61      A2941BA2 
  61      3E8660
  62 0132 81DE836F 		.ascii	"\201\336\203o\221\323\233\177\232t\356\375\201\017c"
  62      91D39B7F 
  62      9A74EEFD 
  62      810F63
  63 0141 F3FBC220 		.ascii	"\363\373\302 II\221\220Y\223\246\226\305\203M\203\035"
  63      49499190 
  63      5993A696 
  63      C5834D83 
  63      1D
  64 0152 E0210876 		.ascii	"\340!\010vS\314\233!\036\2048Ot\234\366\005\312\212"
  64      53CC9B21 
  64      1E84384F 
  64      749CF605 
  64      CA8A
  65 0164 DE6A05C9 		.ascii	"\336j\005\311\356\301\213QO\200\344\262\324\371\032"
  65      EEC18B51 
  65      4F80E4B2 
  65      D4F91A
  66 0173 92536B97 		.ascii	"\222Sk\227\246-\336\313*\223\374\264\235{\372\332\346"
  66      A62DDECB 
  66      2A93FCB4 
  66      9D7BFADA 
  66      E6
  67 0184 EC4DAF9B 		.ascii	"\354M\257\233\337\317g\233C.\262\015\024~\211\253\002"
  67      DFCF679B 
  67      432EB20D 
  67      147E89AB 
  67      02
  68 0195 04C230BB 		.ascii	"\004\3020\273\247\263\236|r\300v\372\265\177\024\304"
  68      A7B39E7C 
  68      72C076FA 
  68      B57F14C4 
  69 01a5 085C7470 		.ascii	"\010\\tp\013\002\243p<\356\231\230\317l\355\222j\314"
  69      0B02A370 
  69      3CEE9998 
  69      CF6CED92 
  69      6ACC
  70 01b7 A3E21830 		.ascii	"\243\342\0300NTy4.M\227\027Lf\2717\301m)A\327Ky=\264"
  70      4E547934 
ARM GAS  /tmp/ccrC2NJB.s 			page 5


  70      2E4D9717 
  70      4C66B937 
  70      C16D2941 
  71 01d0 A40A3DD8 		.ascii	"\244\012=\330\273R\262q\317S\222\254t\3373\235\312\244"
  71      BB52B271 
  71      CF5392AC 
  71      74DF339D 
  71      CAA4
  72 01e2 3B4D9F8B 		.ascii	";M\237\213\2006\253\221B\327\314\011\336\333\036\220"
  72      8036AB91 
  72      42D7CC09 
  72      DEDB1E90 
  73 01f2 FD5F40DD 		.ascii	"\375_@\335a\272\024\004\303\004\213a\222\250\263*\350"
  73      61BA1404 
  73      C3048B61 
  73      92A8B32A 
  73      E8
  74 0203 87DC91B2 		.ascii	"\207\334\221\262}\322\342\035\031<\314)Lm\245\360\300"
  74      7DD2E21D 
  74      193CCC29 
  74      4C6DA5F0 
  74      C0
  75 0214 F7D69686 		.ascii	"\367\326\226\206\317\022\362\211\306\233\346\206\213"
  75      CF12F289 
  75      C69BE686 
  75      8B
  76 0221 D80C7D7D 		.ascii	"\330\014}}<$\006\322j\013\026\234\356P\345\321\226\312"
  76      3C2406D2 
  76      6A0B169C 
  76      EE50E5D1 
  76      96CA
  77 0233 633844ED 		.ascii	"c8D\355ekxWf\035Rd\275\263_\000\301V3c\317\366\262\236"
  77      656B7857 
  77      661D5264 
  77      BDB35F00 
  77      C1563363 
  78 024b C4593C41 		.ascii	"\304Y<AD\316Vm\217DB \207\210\232Z]\000]?0\007E\033"
  78      44CE566D 
  78      8F444220 
  78      87889A5A 
  78      5D005D3F 
  79 0263 8DC51CFF 		.ascii	"\215\305\034\377w*\341\234\254\250ujk*\235\304\231\323"
  79      772AE19C 
  79      ACA8756A 
  79      6B2A9DC4 
  79      99D3
  80 0275 D515F184 		.ascii	"\325\025\361\204\023\257\216\027\246\261*!k\352P\251"
  80      13AF8E17 
  80      A6B12A21 
  80      6BEA50A9 
  81 0285 E289BABF 		.ascii	"\342\211\272\277D\213Cl"
  81      448B436C 
  82              		.text
  83              		.section	.gnu.lto__get.2354e20b2fc1e037,"",%progbits
  84 0000 789C9552 		.ascii	"x\234\225R[KTQ\024\336\337\331g\346\314\031F\243\036"
  84      5B4B5451 
  84      14DEDFD9 
ARM GAS  /tmp/ccrC2NJB.s 			page 6


  84      67E6CC19 
  84      46A31E
  85 0013 8460081F 		.ascii	"\204`\010\037\022\031HO\240\375\230\0365\004\005\207"
  85      1219484F 
  85      A0FD981E 
  85      35040587 
  86 0023 A4E93172 		.ascii	"\244\3511r;c\243h\224\024yc\246#\204h\226w\247\274$"
  86      3B63A368 
  86      94147963 
  86      A6238468 
  86      9677A7BC 
  87 0038 0C49D945 		.ascii	"\014I\331E\313\012\003{\212R\301\302b\272B\205\265\326"
  87      CB0A037B 
  87      8A52C1C2 
  87      62BA4285 
  87      B5D6
  88 004a 3E52462F 		.ascii	">RF/y8g\237\275\327^\337\367\255\365\355\355\023\206"
  88      7938679F 
  88      BDD75EDF 
  88      F7ADF5ED 
  88      ED1386
  89 005d 98914294 		.ascii	"\230\221B\224\013!\216\320\007\237\200\321\366H\210"
  89      0B218ED0 
  89      079F80D1 
  89      F64888
  90 006c 86806198 		.ascii	"\206\200a\230.\204\012\312\334\202\020*$azq\023\340"
  90      2E840ACA 
  90      DC82102A 
  90      24617A71 
  90      13E0
  91 007e 890A40D4 		.ascii	"\211\012@\324\033\322D=\316\313\016\211'\215#)yN\272"
  91      1BD2443D 
  91      CECB0E89 
  91      278D2329 
  91      794EBA
  92 0091 52C0A465 		.ascii	"R\300\244en\261\373u>/\201BZ\256N%7\315H\237\242'\333"
  92      6EB1FB75 
  92      3E2F8142 
  92      5AAE4E25 
  92      37CD489F 
  93 00a8 31E9BF3C 		.ascii	"1\351\277<\266\244lW\032\242\213\322\373\021F\037\302"
  93      B6A46C57 
  93      1AA28BD2 
  93      FB11461F 
  93      C2
  94 00b9 AC7E1511 		.ascii	"\254~\025\021J~\266\270\334f\311C\0204\037o\356\231"
  94      4A7EB6B8 
  94      DC66C943 
  94      10341F6F 
  94      EE99
  95 00cb 0A15F72A 		.ascii	"\012\025\367*\025W\331\205\213R\035t\245\304\000\344"
  95      1557D985 
  95      8B521D74 
  95      A5C400E4 
  96 00db 4E208504 		.ascii	"N \205\004\256\241\230\363?\276_~hKGc\335\311Dw~\321"
  96      AEA198F3 
  96      3FBE5F7E 
ARM GAS  /tmp/ccrC2NJB.s 			page 7


  96      684B4763 
  96      DDC94477 
  97 00f1 158DFDD2 		.ascii	"\025\215\375\322\265\357BB\335S\246K%_\377\033\317\017"
  97      B5EF4242 
  97      DD53A64B 
  97      255FFF1B 
  97      CF0F
  98 0103 A5A79203 		.ascii	"\245\247\222\003kR\226i\350\235\037+\363\301m\350\273"
  98      6B529669 
  98      E89D1F2B 
  98      F3C16DE8 
  98      BB
  99 0114 AE825C5C 		.ascii	"\256\202\\\\u2\324\207!\017Z\026\306\341\337\300W\243"
  99      7532D487 
  99      210F5A16 
  99      C6E1DFC0 
  99      57A3
 100 0126 5B97F2FC 		.ascii	"[\227\362\374&\206Q\204A\024qS\324\313\010\374\240\037"
 100      26865184 
 100      41147153 
 100      D4CB08FC 
 100      A01F
 101 0138 47879F22 		.ascii	"G\207\237\"\253\266~6\251\354\372\376\331O\317\367\346"
 101      ABB67E36 
 101      A9ECFAFE 
 101      D94FCFF7 
 101      E6
 102 0149 816A36C8 		.ascii	"\201j6\310\032*\332GS\277\237\007\213\006+\300\203-"
 102      1A2ADA47 
 102      53BF9F07 
 102      8B062BC0 
 102      832D
 103 015b 1815E460 		.ascii	"\030\025\344`\2103\205h!Jv\275\225\026\364\227k\210"
 103      88338568 
 103      214A76BD 
 103      9516F497 
 103      6B88
 104 016d F77C3F1B 		.ascii	"\367|?\033\321\"$\231&\0076\020\237\336\350\237\363"
 104      D1222499 
 104      26073610 
 104      9FDEE89F 
 104      F3
 105 017e 732C2D7D 		.ascii	"s,-}TW\373\231\333\217->\003S\367\364u\376As\310E\272"
 105      5457FB99 
 105      DB8F2D3E 
 105      0353F7F4 
 105      75FE4173 
 106 0195 810EA1D0 		.ascii	"\201\016\241\320\225\001\002a\224\333\247\275\336\325"
 106      95010261 
 106      94DBA7BD 
 106      DED5
 107 01a3 F890E50C 		.ascii	"\370\220\345\014*o\313\306\030\\tr\033\002\343p4\367"
 107      2A6FCBC6 
 107      185C7472 
 107      1B02E370 
 107      34F7
 108 01b5 FD128FD9 		.ascii	"\375\022\217\331\277K\252\011M\005\246\312\020\325*"
ARM GAS  /tmp/ccrC2NJB.s 			page 8


 108      BF4BAA09 
 108      4D05A6CA 
 108      10D52A
 109 01c4 1A5FCC95 		.ascii	"\032_\314\225o\027Il\332\304V\252\237\256\231\324=\014"
 109      6F17496C 
 109      DAC456AA 
 109      9FAE99D4 
 109      3D0C
 110 01d6 242C6FDB 		.ascii	"$,o\333\332\225\222\205\033Z\311`\245\233\272\350D*"
 110      DA959285 
 110      1B5AC960 
 110      A59BBAE8 
 110      442A
 111 01e8 B9E2F3B8 		.ascii	"\271\342\363\270\010h\261\032)|k9\352\305\354\235\036"
 111      0868B11A 
 111      297C6B39 
 111      EAC5EC9D 
 111      1E
 112 01f9 59FF78D4 		.ascii	"Y\377x\324s\300\345\012\003\230d=L\021\273`\337\013"
 112      73C0E50A 
 112      0398643D 
 112      4C11BB60 
 112      DF0B
 113 020b B4EBC3EC 		.ascii	"\264\353\303\354\272\315\"\355\311\331\314)\2171\350"
 113      BACD22ED 
 113      C9D9CC29 
 113      8F31E8
 114 021a D993695A 		.ascii	"\331\223iZ\030\0152\251\015`\232\320\244\332ns\312\177"
 114      180D32A9 
 114      0D609AD0 
 114      A4DA6E73 
 114      CA7F
 115 022c 7554C2C0 		.ascii	"uT\302\300\231?\266\335\202C\324L\362\241i1S\355I\205"
 115      993FB6DD 
 115      8243D44C 
 115      F2A16931 
 115      53ED4985 
 116 0240 589D9D33 		.ascii	"X\235\2353\365\205\330\204!\322:\3753@L\353\251\211"
 116      F585D884 
 116      21D23AFD 
 116      33404CEB 
 116      A989
 117 0252 BB7BB804 		.ascii	"\273{\270\004\003\2471\213\2601\375\346%\010%\273\337"
 117      03A7318B 
 117      B031FDE6 
 117      250825BB 
 117      DF
 118 0263 2E81AE13 		.ascii	".\201\256\023\030EVEJK\035\357=\036s\252+j\235\332\232"
 118      18455645 
 118      4A4B1DEF 
 118      3D1E73AA 
 118      2B6A9DDA 
 119 0278 4A2776F2 		.ascii	"J'v\362DUE4\346D\253\242\333\323\322c\302\250\251\223"
 119      44554534 
 119      E644ABA2 
 119      DBD3D263 
 119      C2A8A993 
ARM GAS  /tmp/ccrC2NJB.s 			page 9


 120 028c D1581D2A 		.ascii	"\321X\035*\177\001\306\035:\306"
 120      7F01C61D 
 120      3AC6
 121              		.text
 122              		.section	.gnu.lto__reads.2354e20b2fc1e037,"",%progbits
 123 0000 789C9552 		.ascii	"x\234\225R]KTQ\024=\353\234;sgdf\372\003\022>$\"\244"
 123      5D4B5451 
 123      143DEB9C 
 123      3B736764 
 123      66FA0312 
 124 0018 1762A087 		.ascii	"\027b\240\207\250\347\236\373\007\032B\202S\322\364"
 124      A8E79EFB 
 124      071A4282 
 124      53D2F4
 125 0027 3EC75127 		.ascii	">\307Q'\315(\243\034\035s\270\202\230Y\371\225e\216"
 125      CD28A31C 
 125      1D73B882 
 125      9859F995 
 125      658E
 126 0039 590C0645 		.ascii	"Y\014\006E\231F~<\365\020\224\021RQ!\341\203\250\355"
 126      99467E3C 
 126      F5109411 
 126      525121E1 
 126      83A8ED
 127 004c 7DEE94E5 		.ascii	"}\356\224\345\223\016w\316=g\357\275\326\336k\235\353"
 127      930E77CE 
 127      3D67EFBD 
 127      D6DE6B9D 
 127      EB
 128 005d 13529458 		.ascii	"\023R\224XB\034\025BD\351\017\237\200l\237\027\242!"
 128      421C1542 
 128      44E90F9F 
 128      806C9F17 
 128      A221
 129 006f 20A55A72 		.ascii	" \245Zr\204.\262\246\017\012\035R\260\274\260\005\360"
 129      842EB2A6 
 129      0F0A1D52 
 129      B0BCB005 
 129      F0
 130 0080 46072012 		.ascii	"F\007 \022RYH\340\252\352Tx\3334\332\243\256(W\011X"
 130      525948E0 
 130      AAEA5478 
 130      DB34DAA3 
 130      AE285709 
 131 0095 74FC39D7 		.ascii	"t\3749\327\3751\302G\240\204\2167\365B\253]>\240uR\347"
 131      FD31C247 
 131      A0848E37 
 131      F542AB5D 
 131      3EA07552 
 132 00aa 3B7F1CBF 		.ascii	";\177\034\277\326\330|\322URd\250\3726\2121\200b\356"
 132      D6D87CD2 
 132      555264A8 
 132      FA368A31 
 132      8062EE
 133 00bd 3D8872AA 		.ascii	"=\210r\252]\234[n\267\325a\010\332\217\267\364\346B"
 133      5D9C5B6E 
 133      B7D56108 
ARM GAS  /tmp/ccrC2NJB.s 			page 10


 133      DA8FB7F4 
 133      E642
 134 00cf 65FD06B7 		.ascii	"e\375\006\267r]\351C\256R\270\003\365/\220B\002wQF\345"
 134      725DE943 
 134      AE52B803 
 134      F52F9042 
 134      02775146 
 135 00e4 1B6DCBE9 		.ascii	"\033m\313\351\240r\014\264\241\177\302\225\005\350\353"
 135      A0720CB4 
 135      A17FC295 
 135      05E8EB
 136 00f3 0E03B570 		.ascii	"\016\003\265po7\324\022\0302\320M}#\035QG\01443\323"
 136      6F37D412 
 136      1832D04D 
 136      7D231D51 
 136      470C3433 
 137 0108 F12EFCA7 		.ascii	"\361.\374\247k\332@%\206wC\245\300\010\312\270~\355"
 137      6BDA4025 
 137      867743A5 
 137      C008CAB8 
 137      7EED
 138 011a FBF26C50 		.ascii	"\373\362lPE\015\326\235l\354\216\224\366\031\354|\247"
 138      450DD69D 
 138      6CEC8E94 
 138      F619EC7C 
 138      A7
 139 012b 2FA3F34D 		.ascii	"/\243\363M%\256\362a\364\1778\377\250\372\303\330VG"
 139      25AEF261 
 139      F47F38FF 
 139      A8FAC3D8 
 139      5647
 140 013d D86F610C 		.ascii	"\330oa\014\245l\006yp\037~\320{d\001y\275\265}Q\347"
 140      A56C0679 
 140      701F7ED0 
 140      7B640179 
 140      BDB57D51 
 141 0152 9FAFE356 		.ascii	"\237\257\343V\337e\034\200i'\301R-j\357\367\361\342"
 141      DF651C80 
 141      6927C152 
 141      2D6AEFF7 
 141      F1E2
 142 0164 E7C506A7 		.ascii	"\347\305\006\247\002,'\310K\021XT\210Sa^\204\270D\334"
 142      022C27C8 
 142      4B115854 
 142      8853615E 
 142      84B844DC 
 143 0178 7C6B6D34 		.ascii	"|km45\275\325'${?\317J\323\215zg)\274\212\344\324\352"
 143      35BDD527 
 143      247B3FCF 
 143      4AD38D7A 
 143      6729BC8A 
 144 018f 46944359 		.ascii	"F\224CY\305W\230n\236yc\363\025\372\214\260\365\027"
 144      C557986E 
 144      9E7963F3 
 144      15FA8CB0 
 144      F517
 145 01a1 AF5A422E 		.ascii	"\257ZB.\262\015ZkRd\023\006\343\254\204r\375+\311a\333"
ARM GAS  /tmp/ccrC2NJB.s 			page 11


 145      B20D5A6B 
 145      52641306 
 145      E3AC8472 
 145      FD2BC961 
 146 01b6 19D25E4A 		.ascii	"\031\322^J\342\001\\t\261\034\201\207p\014\365\313\012"
 146      E2015C74 
 146      B11C8187 
 146      700CF5CB 
 146      0A
 147 01c7 8FD9B74F 		.ascii	"\217\331\267O\252\011C\305\226\340\221\241j\354J\265"
 147      AA0943C5 
 147      96E091A1 
 147      6AEC4AB5 
 148 01d7 FA3C2E1E 		.ascii	"\372<.\036\224\030\305\012\232\346\237E\377\306l\343"
 148      9418C50A 
 148      9AE69F45 
 148      FFC66CE3 
 149 01e7 6E1B7D16 		.ascii	"n\033}\026K\216Q\272v\314\010%\217\262l\006\245\254"
 149      4B8E51BA 
 149      76CC0825 
 149      8FB26C06 
 149      A5AC
 150 01f9 820BDE1D 		.ascii	"\202\013\336\035f\211\337\310\337<\345\221\004\3665"
 150      6689DFC8 
 150      DF3CE591 
 150      04F635
 151 0208 A4854933 		.ascii	"\244\205I3\244\344!s\336\220=\251A\333\343\012\022\035"
 151      A4E42173 
 151      DE903DA9 
 151      41DBE30A 
 151      121D
 152 021a 0FF905A9 		.ascii	"\017\371\005\251\336\010\207\230 \227\373\372\316Nl"
 152      DE088798 
 152      2097FBFA 
 152      CE4E6C
 153 0229 EA80AB02 		.ascii	"\352\200\253\002\031V\207)$DV\025\231z\270*\350\015"
 153      19568729 
 153      24445615 
 153      997AB82A 
 153      E80D
 154 023b B475C223 		.ascii	"\264u\302#\011\355i\240\0126\354\361\216a\323\336,\351"
 154      09ED69A0 
 154      0A36ECF1 
 154      8E61D3DE 
 154      2CE9
 155 024d 143C9630 		.ascii	"\024<\2260Q\023\027S\247\203\034\332;\353\223\035\326"
 155      51131753 
 155      A7831CDA 
 155      3BEB931D 
 155      D6
 156 025e A770884A 		.ascii	"\247p\210J|#c\267\027\013\314\234\370\005\"\267%\251"
 156      7C2363B7 
 156      170BCC9C 
 156      F80522B7 
 156      25A9
 157 0270 F0ABEEF7 		.ascii	"\360\253\356\367\212\2769\260\313\344Jye\245\343=\347"
 157      8ABE39B0 
ARM GAS  /tmp/ccrC2NJB.s 			page 12


 157      CBE44A79 
 157      65A5E33D 
 157      E7
 158 0281 E2CE99AA 		.ascii	"\342\316\231\252:\247\256\266\332\211_8_S\025\213;\261"
 158      3AA7AEB6 
 158      DA895F38 
 158      5F53158B 
 158      3BB1
 159 0293 9A58615B 		.ascii	"\232Xa[yZ\310\332zY]\217\263*\026\257\377\015K\330N"
 159      795AC8DA 
 159      7A595D8F 
 159      B32A16AF 
 159      FF0D4BD8 
 160 02a8 F4       		.ascii	"\364"
 161              		.text
 162              		.section	.gnu.lto__writes.2354e20b2fc1e037,"",%progbits
 163 0000 789C9552 		.ascii	"x\234\225R\337K\024Q\024\276\337\334\231\235\335mw\373"
 163      DF4B1451 
 163      14BEDFDC 
 163      999DDD6D 
 163      77FB
 164 0012 07A47C48 		.ascii	"\007\244|HD\250\035\210\205\242\350\275\177CCHpK\332"
 164      44A81D88 
 164      85A2E8BD 
 164      7F434348 
 164      704BDA
 165 0025 DEF7BAEA 		.ascii	"\336\367\272\352f\011e\224\253k.#\204X\231\277\262\324"
 165      66096594 
 165      AB6B2E23 
 165      845899BF 
 165      B2D4
 166 0037 558BC582 		.ascii	"U\213\305\202\310\320\310\037/\332S\351\303\242\021"
 166      C8D0C81F 
 166      2FDA53E9 
 166      C3A211
 167 0046 11D543A8 		.ascii	"\021\325C\250\235sg\311\362)\227\331;\367\236s\276\357"
 167      9D7367C9 
 167      F22997D9 
 167      3BF79E73 
 167      BEEF
 168 0058 9CEFBB63 		.ascii	"\234\357\273c\011C\0345\2058%\204\210\321\037\226\200"
 168      09431C35 
 168      85382584 
 168      88D11F96 
 168      80
 169 0069 D1BE2044 		.ascii	"\321\276 D\243\3370\344\262#T\320\2349\"TH\302\364\302"
 169      A3DF30E4 
 169      B22354D0 
 169      9C392254 
 169      48C2F4C2 
 170 007d 26C01BE5 		.ascii	"&\300\033\345\207H\032\322D\022\267d\247\304\373\346"
 170      87481AD2 
 170      4412B764 
 170      A7C4FBE6 
 171 008d 911E7953 		.ascii	"\221\036yS\272R\300\244\343\327\371\356O\021>\002\345"
 171      BA52C0A4 
 171      E3D7F9EE 
ARM GAS  /tmp/ccrC2NJB.s 			page 13


 171      4F113E02 
 171      E5
 172 009e 74BCA716 		.ascii	"t\274\247\026\257\333U\375J\245T\241s\346\334\355\246"
 172      AFDB55FD 
 172      4AA554A1 
 172      73E6DCED 
 172      A6
 173 00af 96F3AE34 		.ascii	"\226\363\2564D\226\252\037\240\014\375(\343\336\017"
 173      4496AA1F 
 173      A00CFD28 
 173      E3DE0F
 174 00be 5145B54B 		.ascii	"QE\265K\363+\355\266<\016A\373\261\326\336|\250\262"
 174      F32BEDB6 
 174      3C0E41FB 
 174      B1D6DE7C 
 174      A8B2
 175 00d0 4FE3B6EE 		.ascii	"O\343\266\356Hu\314\225\022\217 \377\006RH`\000\225"
 175      4875CC95 
 175      128F20FF 
 175      06524860 
 175      0095
 176 00e2 54FEAB6D 		.ascii	"T\376\253m%\023\220\216\2066\366\215\273F\011\372*\243"
 176      2513908E 
 176      8636F68D 
 176      BB4609FA 
 176      2AA3
 177 00f4 A1261EEF 		.ascii	"\241&\036\357\207\232\002\203\032\272\255\356f\"\362"
 177      879A0283 
 177      1ABAADEE 
 177      6622F2
 178 0103 A4866667 		.ascii	"\244\206fg;\326\302%\350\207N\01550\264\037j\010\014"
 178      3BD6C225 
 178      E8874E0D 
 178      3530B41F 
 178      6A080C
 179 0116 A392EBBF 		.ascii	"\243\222\353\277}Yy\033\2201\215u'\233\272#\025\367"
 179      7D59791B 
 179      90318D75 
 179      279BBA23 
 179      15F7
 180 0128 3576A7C3 		.ascii	"5v\247\303\312\252Bs\271+-\214\374\013\347\037U\177"
 180      CAAA4273 
 180      B92B2D8C 
 180      FC0BE71F 
 180      557F
 181 013a 1CDDE908 		.ascii	"\034\335\351\010\373L\214\242\202\315 \017\236\300\007"
 181      FB4C8CA2 
 181      82CD200F 
 181      9EC007
 182 0149 7A0F2FA2 		.ascii	"z\017/\242\240vv\257\251\302\217\015\364O\037:\014\335"
 182      A07676AF 
 182      A9C28F0D 
 182      F44F1F3A 
 182      0CDD
 183 015b CD002B35 		.ascii	"\315\000+5\251\273\317\342\305\307\213\015N\371ik\007"
 183      A9BBCFE2 
 183      C5C78B0D 
ARM GAS  /tmp/ccrC2NJB.s 			page 14


 183      4EF9696B 
 183      07
 184 016c 78098235 		.ascii	"x\011\2025\2058\025\346E\210\033D\315\227\326FC\323"
 184      853815E6 
 184      45881B44 
 184      CD97D646 
 184      43D3
 185 017e 5B6E20D5 		.ascii	"[n \325\273;g\350f\324:G\341\"RS\305b\214C9\3117\230"
 185      BB3B67E8 
 185      66D43A47 
 185      E1225253 
 185      C5628C43 
 186 0196 69997D67 		.ascii	"i\231}g\363\015ZZ\327\317\327s\255!\027\271F\245\024"
 186      F30D5A5A 
 186      D7CFD773 
 186      AD2117B9 
 186      46A514
 187 01a9 09F21306 		.ascii	"\011\362\023\006c,\204r}\353\251!\333\031T^\312\300"
 187      632C8472 
 187      7DEBA921 
 187      DB19545E 
 187      CAC0
 188 01bb 53B8E862 		.ascii	"S\270\350b5\002\317\340h\3527Q\217\331: \325\270\246"
 188      3502CFE0 
 188      68EA3751 
 188      8FD93A20 
 188      D5B8A6
 189 01ce 624730A1 		.ascii	"bG0\241\251\232\272\322Y\313\343\342A\211Q\254\243y"
 189      A99ABAD2 
 189      59CBE3E2 
 189      418951AC 
 189      A379
 190 01e0 E165EC4F 		.ascii	"\341e\354O\314\326\346\266\321W\261\354h\245\003g\265"
 190      CCD6E6B6 
 190      D157B1EC 
 190      68A50367 
 190      B5
 191 01f1 50F228C7 		.ascii	"P\362(\307fP\312,\271\340]a\216\370\265\374\3153\036"
 191      6650CA2C 
 191      B9E05D61 
 191      8EF8B5FC 
 191      CD331E
 192 0204 89FF4043 		.ascii	"\211\377@C\332\230\324C\032<d\336\033\262'],\015\031"
 192      DA98D443 
 192      1A3C64DE 
 192      1BB2275D 
 192      2C0D19
 193 0217 C831D612 		.ascii	"\3101\326\022\233H\367F8\304\004\371\374\326\232\235"
 193      9B48F746 
 193      38C404F9 
 193      FCD69A9D 
 194 0227 DC567E57 		.ascii	"\334V~W\006\262\254\016SH\012]\034\244i\\\031\364\006"
 194      06B2AC0E 
 194      53480A5D 
 194      1CA4695C 
 194      19F406
 195 023a DA3AED91 		.ascii	"\332:\355\221\204\376k\240\023l\330\364\236a3\336,\231"
ARM GAS  /tmp/ccrC2NJB.s 			page 15


 195      84FE6BA0 
 195      136CD8F4 
 195      9E6133DE 
 195      2C99
 196 024c 343C9630 		.ascii	"4<\2260Q\023\027Sg\002\034\372\177\326\347{\254/\340"
 196      51131753 
 196      67021CFA 
 196      7FD6E77B 
 196      AC2FE0
 197 025f 1095F84C 		.ascii	"\020\225\370L\306N,\225\2309\361\035Dn\033\244\302'"
 197      C64E2C95 
 197      9839F11D 
 197      446E1BA4 
 197      C227
 198 0271 5757257D 		.ascii	"WW%}s`\227\311\225\252h\324\361\236\313\011\347bu\275"
 198      736097C9 
 198      95AA68D4 
 198      F19ECB09 
 198      E76275BD 
 199 0285 535F57E3 		.ascii	"S_W\343$\256^\251\255\216'\234xm\274\264\215^\020F]"
 199      24AE5EA9 
 199      AD8E279C 
 199      786DBCB4 
 199      8D5E1046 
 200 029a 8351D380 		.ascii	"\203Q\323\200K2\236h\370\015X\000Ni"
 200      4B329E68 
 200      F80D5800 
 200      4E69
 201              		.text
 202              		.section	.gnu.lto_msObjectInit.2354e20b2fc1e037,"",%progbits
 203 0000 789C9D93 		.ascii	"x\234\235\223\313kSA\024\306\347\273s\037\211\266\305"
 203      CB6B5341 
 203      14C6E7BB 
 203      731F89B6 
 203      C5
 204 0011 850BD12E 		.ascii	"\205\013\321.\272\020B@r\335\271\021\\\352\277\321J"
 204      BA104240 
 204      72DDB911 
 204      5CEABFD1 
 204      4A
 205 0022 8AC5864A 		.ascii	"\212\305\206J\257nD\310$m\215\264\020\025[[C\343-J\214"
 205      AF6E44C8 
 205      246D8DB4 
 205      10155B5B 
 205      43E32D4A 
 206 0037 5A933E7C 		.ascii	"Z\223>|\326X\023\003*\266>P\354B|\201-\305\010\"R\241"
 206      D6581303 
 206      2AB63E50 
 206      EC427C81 
 206      2DC50822 
 207 004d 50B4F1CC 		.ascii	"P\264\361\314$\005-n\314p/\363\270\347\373\315\231\363"
 207      24052D6E 
 207      CC702FF3 
 207      B8E7FBCD 
 207      99F3
 208 005f CD3598C6 		.ascii	"\3155\230\306\2069c{\030c\333\350\005g\320N=g,\342\321"
 208      8639637B 
ARM GAS  /tmp/ccrC2NJB.s 			page 16


 208      1863DBE8 
 208      0567D04E 
 208      3D672CE2 
 209 0074 0039101E 		.ascii	"\0009\020\036\260\260\2060N\362A\216blqJ\363\247\005"
 209      B0B08630 
 209      4EF2418E 
 209      626C714A 
 209      F3A705
 210 0087 B5C2E079 		.ascii	"\265\302\340y\353\270\350\331\342\222\374\034\275\262"
 210      EBB8E8D9 
 210      E292FC1C 
 210      BDB2
 211 0095 210D3F45 		.ascii	"!\015?E\275\354\036\037\346q\356r@\247\351\367g\211"
 211      BDEC1E1F 
 211      E671EE72 
 211      40A7E9F7 
 211      6789
 212 00a7 F90639D5 		.ascii	"\371\0069\325\320D\323\245os\263^\276\003\214\306W\373"
 212      D044D3A5 
 212      6F73B35E 
 212      BE038CC6 
 212      57FB
 213 00b9 330DBE94 		.ascii	"3\015\276\224\020QQx\332\317\305v\227\323\0328\361p"
 213      10515178 
 213      DACFC576 
 213      97D31A38 
 213      F170
 214 00cb 058DB88C 		.ascii	"\005\215\270\214FFK\014\243\360Qt\272;\367\306\313w"
 214      46464B0C 
 214      A3F05174 
 214      BA3BF7C6 
 214      CB77
 215 00dd 2AE5EBC5 		.ascii	"*\345\353\305d\272\256*\3759\240\244:\256\255\227\352"
 215      64BAAE2A 
 215      FD39A0A4 
 215      3AAEAD97 
 215      EA
 216 00ee 0C1925BD 		.ascii	"\014\031%\275\020\231\233\255\347\273\2244\226\231."
 216      10999BAD 
 216      E7BB9434 
 216      96992E
 217 00fd ADEDFA28 		.ascii	"\255\355\372(\271\371L\227\330\347r\003\331\365b\203"
 217      B9F94C97 
 217      D8E77203 
 217      D9F56283 
 218 010d 614C8997 		.ascii	"aL\211\227\323\305\207:\337\255\304\037g\342\2477\254"
 218      D3C5873A 
 218      DFADC41F 
 218      67E2A737 
 218      AC
 219 011e ED5B49D9 		.ascii	"\355[I\331\300\370?\244\023\360\311\370O\023\253\003"
 219      C0F83FA4 
 219      13F0C9F8 
 219      4F13AB03 
 220 012e F5A65E29 		.ascii	"\365\246^)\021&a\202\372\261W(\210\325rL\024\026R\310"
 220      11266182 
 220      FAB15728 
ARM GAS  /tmp/ccrC2NJB.s 			page 17


 220      88D5724C 
 220      141652C8 
 221 0142 EFDD48B5 		.ascii	"\357\335H\265\246\023\352\220\311\232\220\273z\240\000"
 221      A613EA90 
 221      C99A90BB 
 221      7AA000
 222 0151 AC9764D2 		.ascii	"\254\227d\322\206>\256\311\236\227\020]\211er\307$\211"
 222      863EAEC9 
 222      9E97105D 
 222      896572C7 
 222      2489
 223 0163 E8677B8A 		.ascii	"\350g{\212/,YZ\256\222[~<s\242\316E2B\376\214lu\271"
 223      2F2C595A 
 223      AE925B7E 
 223      3C73A2CE 
 223      453242FE 
 224 017b 99A49A5F 		.ascii	"\231\244\232_\247\214\344\307\324B4k\331\031\351]\223"
 224      A78CE4C7 
 224      D442346B 
 224      D919E95D 
 224      93
 225 018c CB2DDC80 		.ascii	"\313-\334\200\213!e\034n\302\376\023f)X\327J~\251!\374"
 225      8B21651C 
 225      6EC2FE13 
 225      662958D7 
 225      4A7EA921 
 226 01a1 4B90C3D6 		.ascii	"K\220\303\326E\031GkO\022\243\007%\177\223\313=\270"
 226      4519476B 
 226      4F12A307 
 226      257F93CB 
 226      3DB8
 227 01b3 4DB7E256 		.ascii	"M\267\342V\025^\3762\231\365R\360\020m|\011\022q\207"
 227      155EFE32 
 227      99F552F0 
 227      106D7C09 
 227      127187
 228 01c6 F0849E42 		.ascii	"\360\204\236B\230Q\322\211\322\333y\253\232\364\177"
 228      9851D289 
 228      D2DB79AB 
 228      9AF47F
 229 01d5 64A9E3AE 		.ascii	"d\251\343\256\312R\026\0159\330IrT\321\336\325B3pO\321"
 229      CA52160D 
 229      39D84972 
 229      54D1DED5 
 229      4233704F 
 230 01ea 34499B96 		.ascii	"4I\233\2264\263B{_\033\355\276\242)c\363\222\346\221"
 230      34B3427B 
 230      5F1BEDBE 
 230      A22963F3 
 230      92E691
 231 01fd B41F9F3F 		.ascii	"\264\037\237?\324F+(\232.i\017\376\366\303\000C\221"
 231      D4462B28 
 231      9A2E690F 
 231      FEF6C300 
 231      4391
 232 020f 545F111D 		.ascii	"T_\021\035)\307!\341\352w\353\245\272\320\245\240\343"
 232      29C721E1 
ARM GAS  /tmp/ccrC2NJB.s 			page 18


 232      EA77EBA5 
 232      BAD0A5A0 
 232      E3
 233 0220 F80301BB 		.ascii	"\370\003\001\273\362t8\366\201\346v\273\275\255\305"
 233      F27438F6 
 233      81E676BB 
 233      BDADC5
 234 022f 760E7706 		.ascii	"v\016w\006\233C\216\035\012\206\252\303\300~\306C\316"
 234      9B438E1D 
 234      0A86AAC3 
 234      C07EC643 
 234      CE
 235 0240 21B3E548 		.ascii	"!\263\345Hkk\260Sw\332\216\006y\260\303\371\015e\">"
 235      6B6BB053 
 235      77DA8E06 
 235      79B0C3F9 
 235      0D65223E 
 236 0254 A3       		.ascii	"\243"
 237              		.text
 238              		.section	.gnu.lto_vmt.2354e20b2fc1e037,"",%progbits
 239 0000 789C6365 		.ascii	"x\234ce`b\230\305\300\300\240\315\000\001\323\231\031"
 239      606298C5 
 239      C0C0A0CD 
 239      0001D399 
 239      19
 240 0011 77EE7C73 		.ascii	"w\356|s\233\275\376oCGC\303\203\356\365\314\035\314"
 240      9BBDFE6F 
 240      434743C3 
 240      83EEF5CC 
 240      1DCC
 241 0023 F3991966 		.ascii	"\363\231\031f2c\310-x\005\224`\234\311\314\210!\261"
 241      3263C82D 
 241      78059460 
 241      9CC9CC88 
 241      21B1
 242 0035 0A28C134 		.ascii	"\012(\3014\223\231\011C\342\031\323|f\346\231\314\314"
 242      93990943 
 242      E219D37C 
 242      66E699CC 
 242      CC
 243 0046 6089AFCF 		.ascii	"`\211\257\317\236\354\347\260\330\326\320\261\240\301"
 243      9EECE7B0 
 243      D8D6D0B1 
 243      A0C1
 244 0054 613E33CB 		.ascii	"a>3\313\014f\006\306U\214\3653\230\031\031W\202(&\306"
 244      0C6606C6 
 244      558CF533 
 244      98191957 
 244      822826C6 
 245 0068 15208A99 		.ascii	"\025 \212\231q9c=\003\343jF\013\006M==}\010\312/\326"
 245      7139633D 
 245      03E36A46 
 245      0B064D3D 
 245      3D7D08CA 
 246 007e CF48CCD1 		.ascii	"\317H\314\321\317\311L\322/.)JM\314-\326\317M\315\205"
 246      CFC94CD2 
 246      2F2E294A 
ARM GAS  /tmp/ccrC2NJB.s 			page 19


 246      4DCC2DD6 
 246      CF4DCD85 
 247 0092 32F59219 		.ascii	"2\365\222\031\000nmH\023"
 247      006E6D48 
 247      13
 248              		.text
 249              		.section	.gnu.lto_.symbol_nodes.2354e20b2fc1e037,"",%progbits
 250 0000 789C5DC9 		.ascii	"x\234]\311\273\011\200@\020\204\341\231;\357\332\020"
 250      BB098040 
 250      1084E199 
 250      3BEFDA10 
 251 0010 AC442BDB 		.ascii	"\254D+\333\215\014\305\022,C\314l\300\006|\203\241E"
 251      8D0CC512 
 251      2C43CC6C 
 251      C0067C83 
 251      A145
 252 0022 B8282637 		.ascii	"\270(&7\311\017\337\00484\260\271\225\002\264\023`\351"
 252      C90FDF04 
 252      3834B0B9 
 252      9502B413 
 252      60E9
 253 0034 BB51A3D9 		.ascii	"\273Q\243\331Faj\013\305\2456S|j\007%\373m\320\012\010"
 253      46616A0B 
 253      C5A53653 
 253      7C6A0725 
 253      FB6DD00A 
 254 0049 3BA105E0 		.ascii	";\241\005\340yR\302{\001\252\245\211\213\270\352;\367"
 254      7952C27B 
 254      01AAA589 
 254      8BB8EA3B 
 254      F7
 255 005a FE2B1E77 		.ascii	"\376+\036wZ'T"
 255      5A2754
 256              		.text
 257              		.section	.gnu.lto_.refs.2354e20b2fc1e037,"",%progbits
 258 0000 789C05C1 		.ascii	"x\234\005\301\261\001\000\000\010\303\2404\332\335\377"
 258      B1010000 
 258      08C3A034 
 258      DADDFF
 259 000f AF158A1C 		.ascii	"\257\025\212\034\220\265\331:*\206\007\003e\000<"
 259      90B5D93A 
 259      2A860703 
 259      65003C
 260              		.text
 261              		.section	.gnu.lto_.decls.2354e20b2fc1e037,"",%progbits
 262 0000 789CA557 		.ascii	"x\234\245WkP\024\331\025\356\323w\230\201a\000K\215"
 262      6B5014D9 
 262      15EED377 
 262      98816100 
 262      4B8D
 263 0012 E56EF8E1 		.ascii	"\345n\370\341\032\266B~\300\210V\255\376\310\017SV\305"
 263      1AB6427E 
 263      C08856AD 
 263      FEC80F53 
 263      56C5
 264 0024 A42A2C55 		.ascii	"\244*,U\311\352\376\234\360\030\204\024\014\204\031"
 264      C9EAFE9C 
ARM GAS  /tmp/ccrC2NJB.s 			page 20


 264      F0188414 
 264      0C8419
 265 0033 B26B7E35 		.ascii	"\262k~5 \212\250+>\000y\010,\276\305\007\012\213\272"
 265      208AA82B 
 265      3E007908 
 265      2CBEC507 
 265      0A8BBA
 266 0046 C83A2A2F 		.ascii	"\310:*/\025y*\256\002\"\202\022]T\020\027D\024r\356"
 266      15792AAE 
 266      02228212 
 266      5D541017 
 266      441472EE 
 267 005a BDDD333D 		.ascii	"\275\3353=\343\220X\265]\036\272\357\351s\276s\316w"
 267      E39058B5 
 267      5D1EBAEF 
 267      E973BE73 
 267      CE77
 268 006c CF3D3D7A 		.ascii	"\317==z\011\242`\016\020\204RQ\020\376\2162\213\227"
 268      09A2600E 
 268      10845251 
 268      10FE8E32 
 268      8B97
 269 007e 4E108493 		.ascii	"N\020\204\223\202\363\322\2424\240\\C\271\215\322\207"
 269      82F3D2A2 
 269      34A05C43 
 269      B98DD287 
 270 008e A20741F8 		.ascii	"\242\007A\370\030\005\377\011\277\006\301\345\332\206"
 270      1805FF09 
 270      BF06C1E5 
 270      DA86
 271 009c 6B3DDEE7 		.ascii	"k=\336\347\243,D\271\212\262\016\345,\212\016\337E\340"
 271      A32C44B9 
 271      8AB20EE5 
 271      2C8A0EDF 
 271      45E0
 272 00ae BD83E2E2 		.ascii	"\275\203\342\342s\033\336\011u\302\347\031\274\2112"
 272      731BDE09 
 272      75C2E719 
 272      BC8932
 273 00bd 6683F0FE 		.ascii	"f\203\360\376\265g\016\\\212I\261=\341R\314w*\334k\036"
 273      B5670E5C 
 273      8A49B13D 
 273      E152CC77 
 273      2ADC6B1E 
 274 00d1 702BDC70 		.ascii	"p+\334p\333d\334\016U\276\0243\020e)\274\217+\312\274"
 274      DB64DC0E 
 274      55BE1433 
 274      106529BC 
 274      8F2BCABC 
 275 00e5 7C0CEF63 		.ascii	"|\014\357c\327\242\316\327\003\366]\017\\\250\361\325"
 275      D7A2CED7 
 275      03F65D0F 
 275      5CA8F1D5 
 276 00f5 7C8832E7 		.ascii	"|\2102\347\236\360\177\205/}\360\276^\025\203\342v\310"
 276      9EF07F85 
 276      2F7DF0BE 
 276      5E1583E2 
ARM GAS  /tmp/ccrC2NJB.s 			page 21


 276      76C8
 277 0107 B128EE14 		.ascii	"\261(\356\024\336_\243xQX\340\230\012\376;\376\310\366"
 277      DE5FA378 
 277      5158E098 
 277      0AFE3BFE 
 277      C8F6
 278 0119 D3D35EAE 		.ascii	"\323\323^\256\024\271\337\030\312\023\224\237P\236\311"
 278      14B9DF18 
 278      CA13949F 
 278      509EC9
 279 0128 781A9449 		.ascii	"x\032\224I\224q\224W(\023\262\216r\334 8{\305\375\312"
 279      94719457 
 279      2813B28E 
 279      72DC2038 
 279      7BC5FDCA 
 280 013c 2750B3A3 		.ascii	"'P\263\243\276N\274\017\275\200\3600\217i\001\370_`"
 280      BE4EBC0F 
 280      BD80F030 
 280      8F6901F8 
 280      5F60
 281 014e C296B3CA 		.ascii	"\302\226\263\312\005\300\364\250\025\0059QE\005\212"
 281      05C0F4A8 
 281      15053951 
 281      45058A
 282 015d 87BC16E5 		.ascii	"\207\274\026\345\245(C\262\177\2623\250\020\371k\036"
 282      A52843B2 
 282      7FB233A8 
 282      10F96B1E 
 283 016d 49B93817 		.ascii	"I\2718\027\374\201\271)\336 :\003\000\250\035T\200<"
 283      FC81B929 
 283      DE203A03 
 283      00A81D54 
 283      803C
 284 017f 6DF9BD23 		.ascii	"m\371\275#?\301Y\034(\325\217\025\264<\326\367C\037"
 284      3FC1591C 
 284      28D58F15 
 284      B43CD6F7 
 284      431F
 285 0191 D596AD06 		.ascii	"\325\226\255\006\246k\252+\256\017 \2705\370\334?u\364"
 285      A66BAA2B 
 285      AE0F20B8 
 285      35F8DC3F 
 285      75F4
 286 01a3 8FA12724 		.ascii	"\217\241'$~y\353\234\264\235\316\034:\346\375\015\201"
 286      7E79EB9C 
 286      B49DCE1C 
 286      3AE6FD0D 
 286      81
 287 01b4 403DCC02 		.ascii	"@=\314\002]\217\\\230\362\343k\372\272\332>~RC\346\321"
 287      5D8F5C98 
 287      F2E36BFA 
 287      BADA3E7E 
 287      5243E6D1 
 288 01c8 67B1A67A 		.ascii	"g\261\246z\250P\017\301\372\303\024\303~g|\321yI\232"
 288      A8500FC1 
 288      FAC314C3 
 288      7E677CD1 
ARM GAS  /tmp/ccrC2NJB.s 			page 22


 288      79499A
 289 01db 07A7410F 		.ascii	"\007\247A\017'\201\300q\010\245\011\005\322\266\317"
 289      2781C071 
 289      08A50905 
 289      D2B6CF
 290 01ea 92A47469 		.ascii	"\222\244ti\264\\\"\213\005X\021\010\313\002\0058\005"
 290      B45C228B 
 290      05581108 
 290      CB020538 
 290      05
 291 01fb C114935A 		.ascii	"\301\024\223Z\301\011\010\204\012\010\244\370\307J\217"
 291      C1090884 
 291      0A08A4F8 
 291      C74A8F
 292 020a D6FB9114 		.ascii	"\326\373\221\024\206_\220{\271\332\337\211_\272\264"
 292      865F907B 
 292      B9DADF89 
 292      5FBAB4
 293 0219 2A539244 		.ascii	"*S\222D8\213\001*\235\0010\236\347\010g<G\030k\032\312"
 293      388B012A 
 293      9D01309E 
 293      E708673C 
 293      47186B1A 
 294 022e 050D6D0A 		.ascii	"\005\015m\012\012\024\245\241\272\361\242\342j/\246"
 294      0A14A5A1 
 294      BAF1A2E2 
 294      6A2FA6
 295 023d 5B67802A 		.ascii	"[g\200*`\272\206\331I{\000\026>_\017\".;G[\366\373\342"
 295      60BA86D9 
 295      497B0016 
 295      3E5F0F22 
 295      2E3B475B 
 296 0254 72A11EE6 		.ascii	"r\241\036\346\3412s\307\311|=.\265H\023\235g\250\032"
 296      E13273C7 
 296      C97C3D2E 
 296      B548139D 
 296      67A81A
 297 0267 1A7D53A3 		.ascii	"\032}S\243\341*\232\360\327\250\332_\320{\306\2374\001"
 297      E12A9AF0 
 297      D7A8DA5F 
 297      D07BC69F 
 297      3401
 298 0279 A3AE6353 		.ascii	"\243\256cSe1\341\200\032\232\307\315\302A\177\016\270"
 298      6531E180 
 298      1A9AC7CD 
 298      C2417F0E 
 298      B8
 299 028a 048B1D19 		.ascii	"\004\213\035\031\330\232\355\355,\266\352\267i[h\261"
 299      D89AEDED 
 299      2CB6EAB7 
 299      695B68B1 
 300 029a 7598E305 		.ascii	"u\230\343\005g\261Z\271VI\312\311\220|\376$@-\026\366"
 300      67B15AB9 
 300      5649CAC9 
 300      907CFE24 
 300      402D16F6 
 301 02ae 3D160617 		.ascii	"=\026\006\027\261Z\255\\\355yT\236\343\325\276\234\032"
ARM GAS  /tmp/ccrC2NJB.s 			page 23


 301      B15AAD5C 
 301      ED79549E 
 301      E3D5BE9C 
 301      1A
 302 02bf ADD6900E 		.ascii	"\255\326\220\016\226\201\230=\360\362]\000\350\203="
 302      9681983D 
 302      F0F25D00 
 302      E8833D
 303 02ce 02D83D00 		.ascii	"\002\330=\000(\314/\377\2161\177\011\223\371\301\231"
 303      28CC2FFF 
 303      8E317F09 
 303      93F9C199 
 304 02de 4C1D631E 		.ascii	"L\035c\036\203\334\331\336\325\243%wy\220\251\247\315"
 304      83DCD9DE 
 304      D5A32577 
 304      7990A9A7 
 304      CD
 305 02ef 277D1D85 		.ascii	"'}\035\205\314\326\006\355{#IK\340*\372^v\372^\2029"
 305      CCD606ED 
 305      7B23494B 
 305      E02AFA5E 
 305      76FA5E82 
 306 0304 2BB9E2B9 		.ascii	"+\271\342\271\222\312\2479\207\014\213\363X\303fH\363"
 306      92CAA739 
 306      870C8BF3 
 306      58C36648 
 306      F3
 307 0315 44865883 		.ascii	"D\206X\203\357\277\303\367\002\324\303b\374[\015\032"
 307      EFBFC3F7 
 307      02D4C362 
 307      FC5B0D1A 
 308 0325 9E52DE74 		.ascii	"\236R\336t\361nXZ&\331\037H\366\246\033\301\373.\016"
 308      F16E585A 
 308      26D91F48 
 308      F6A61BC1 
 308      FB2E0E
 309 0338 49925E43 		.ascii	"I\222^C\255\340\2303\013|\304\277G\241\037\340\010\334"
 309      ADE09833 
 309      0B7CC4BF 
 309      47A11FE0 
 309      08DC
 310 034a C7B3D400 		.ascii	"\307\263\324\000K\321y\323\303\212Lor\205\237\224S'"
 310      4BD179D3 
 310      C38A4C6F 
 310      72859F94 
 310      5327
 311 035c A62BF54A 		.ascii	"\246+\365Jo\360v9\225\363l\321\334\2314\263L\232\224"
 311      6FF07639 
 311      95F36CD1 
 311      DC9934B3 
 311      4C9A94
 312 036f 4CEC3F8F 		.ascii	"L\354?\217\254\226\023y\370Q\201dO\227(\225h\004\215"
 312      AC961379 
 312      F8518164 
 312      4F972895 
 312      68048D
 313 0382 CE441ADD 		.ascii	"\316D\032\335\023\271\306\022i\354\031\236\322\222&"
ARM GAS  /tmp/ccrC2NJB.s 			page 24


 313      13B9C612 
 313      69EC199E 
 313      D29226
 314 0391 9E485FF3 		.ascii	"\236H_\363\261\012\332?\021\274\345\002T\2073\202\037"
 314      B10ADA3F 
 314      11BCE502 
 314      54873382 
 314      1F
 315 03a2 CE83532F 		.ascii	"\316\203S/\316\031H+3\027;\352\236\0158\033\352\305"
 315      CE19482B 
 315      33173BEA 
 315      9E0D381B 
 315      EAC5
 316 03b4 BDA5B5F7 		.ascii	"\275\245\265\367\351>\264a\2567\235\201#\034\207\307"
 316      E93EB461 
 316      AE379D81 
 316      231C87C7 
 317 03c4 7D1B5A71 		.ascii	"}\033Zq\033\"\344mhA\345\015\276\015%W^\244\031\030"
 317      1B22E46D 
 317      6841E50D 
 317      BE0D2557 
 317      5EA41918 
 318 03d8 1D6D8EE3 		.ascii	"\035m\216\343\3235\275{L4d;P\330\311R\200\004\350\000"
 318      D335BD7B 
 318      4C34643B 
 318      50D8C952 
 318      8004E800 
 319 03ec 833C5C5A 		.ascii	"\203<\\Z_\335\230\360c\316\250\203v~\320J\006\017_r"
 319      5FDD98F0 
 319      63CEA883 
 319      767ED04A 
 319      060F5F72 
 320 0400 1CBE4EAE 		.ascii	"\034\276N\256k\231\310\274,\252)ns\241\370\026\243\270"
 320      6B99C8BC 
 320      2CAA296E 
 320      73A1F816 
 320      A3B8
 321 0412 4BA17867 		.ascii	"K\241xg\333\315No\307f/\231<\260YjG\307\325\314\020"
 321      DBCD4E6F 
 321      C7662F99 
 321      3CB0596A 
 321      47C7D5CC 
 322 0427 AE3BABBD 		.ascii	"\256;\253\275\356N\363mFs\327\361\213q\244\202\300\\"
 322      EE4EF36D 
 322      4673D7F1 
 322      8B71A482 
 322      C05C
 323 0439 F5D58E8D 		.ascii	"\365\325\216\215\277\004\275<b\262\376\377\2109\337"
 323      BF04BD3C 
 323      62B2FEFF 
 323      8839DF
 324 0448 7CE9A941 		.ascii	"|\351\251A\315\307\217.|\334u\360\261\273o\244\325\237"
 324      CDC78F2E 
 324      7CDC75F0 
 324      B1BB6FA4 
 324      D59F
 325 045a 05431DDC 		.ascii	"\005C\035\334\341\265\347u\246\227\371(|\334\343\272"
ARM GAS  /tmp/ccrC2NJB.s 			page 25


 325      E1B5E775 
 325      A697F928 
 325      7CDCE3BA 
 326 046a E1811BE5 		.ascii	"\341\201\033\345\001s\363\321\313\370\350Q\370\350*"
 326      0173F3D1 
 326      CBF8E851 
 326      F8E82A
 327 0479 EB2BF495 		.ascii	"\353+\364\225\371x\231K\244\275\022\035\314h\004\335"
 327      F978994B 
 327      A4BD121D 
 327      CC6804DD 
 328 0489 4E2EBADD 		.ascii	"N.\272\335\271\350c\\\224\344\355\236\361%Us\223Q\327"
 328      B9E8635C 
 328      94E4ED9E 
 328      F1255573 
 328      9351D7
 329 049c B2F394E8 		.ascii	"\262\363\224\350\320\365\363\374\354\245W\007\264\216"
 329      D0F5F3FC 
 329      ECA55707 
 329      B48E
 330 04aa 8D7DC095 		.ascii	"\215}\300\225\312\310\234\317Gfa\355\253\353^|\351\215"
 330      CAC89CCF 
 330      476661ED 
 330      ABEB5E7C 
 330      E98D
 331 04bc CBC92357 		.ascii	"\313\311#W\0324\304\316\003\225\247\335\276\341G\352"
 331      1A34C4CE 
 331      0395A7DD 
 331      BEE147EA 
 332 04cc F9E2C8A6 		.ascii	"\371\342\310\246\332\273>\344\032_\354\232=x\313\207"
 332      DABB3EE4 
 332      1A5FEC9A 
 332      3D78CB87 
 333 04dc B4F3C5EC 		.ascii	"\264\363\305\354\213\361\373\006r\213/F\2473\352}\325"
 333      8BF1FB06 
 333      728B2F46 
 333      A733EA7D 
 333      D5
 334 04ed 2CD3C3ED 		.ascii	",\323\303\355d\371\211\203\345\347\233\277\357\363'"
 334      64F98983 
 334      E5E79BBF 
 334      EFF327
 335 04fc 3F72AF99 		.ascii	"?r\257\231\306\354a\235\332\353\226\213\327O\016\257"
 335      C6EC619D 
 335      DAEB968B 
 335      D74F0EAF 
 336 050c DBC31726 		.ascii	"\333\303\027&|I\037\367\332z\346\311k\177\265W\257\213"
 336      7C491FF7 
 336      DA7AE6C9 
 336      6B7FB557 
 336      AF8B
 337 051e D7338757 		.ascii	"\3273\207W\347\305\212V\1772\310\275j\036_k\324\363"
 337      E7C58A56 
 337      7F32C8BD 
 337      6A1E5F6B 
 337      D4F3
 338 0530 112FB16F 		.ascii	"\021/\261oi_y\226\037\031\345/\363Kj\316\272\244\337"
ARM GAS  /tmp/ccrC2NJB.s 			page 26


 338      695F7996 
 338      1F19E52F 
 338      F34B6ACE 
 338      BAA4DF
 339 0543 EC0239A6 		.ascii	"\354\0029\246@js\323\217\216\020X\020\024\024\034\024"
 339      406A73D3 
 339      8F8E1058 
 339      1014141C 
 339      14
 340 0554 B48B0D4C 		.ascii	"\264\213\015Llm\215\000/\320\366!=\251\317qS_\302\002"
 340      6C6D8D00 
 340      2FD0F621 
 340      3DA9CF71 
 340      535FC202 
 341 0568 BAB1F033 		.ascii	"\272\261\3603v\344$\004\3018\312+\224\011\010b_\366"
 341      76E42404 
 341      C138CA2B 
 341      94090862 
 341      5FF6
 342 057a 721AC73E 		.ascii	"r\032\307><\263\352\334YI\332\252\245u\302S\331\317"
 342      3CB3EADC 
 342      5949DAAA 
 342      A575C253 
 342      D9CF
 343 058c 71E48D34 		.ascii	"q\344\2154p-\015/\3337C\3632J$\374\307\335t\220%\031"
 343      702D0D2F 
 343      DB3743F3 
 343      324A24FC 
 343      C7DD7490 
 344 05a2 464DF980 		.ascii	"FM\371\200y\276\205\340\017\011j$\310\035\346\014;\261"
 344      79BE85E0 
 344      0F096A24 
 344      C81DE60C 
 344      3BB1
 345 05b4 12E7DE26 		.ascii	"\022\347\336&Bk\202Q\317H\357EEJa\304c\202,(\022X\332"
 345      426B8251 
 345      CF48EF45 
 345      454A61C4 
 345      63822C28 
 346 05cb DD546B58 		.ascii	"\335TkX 3\2225\027#\202G:\320=+\177\346\246\313!}\255"
 346      20339235 
 346      17238247 
 346      3AD03D2B 
 346      7FE6A6CB 
 347 05e2 8A24C094 		.ascii	"\212$\300\224cK\307\336\356?\347\303\373v!.\337\365"
 347      634BC7DE 
 347      EE3FE7C3 
 347      FB76212E 
 347      DFF5
 348 05f4 E7E4E8F8 		.ascii	"\347\344\350\370\246\226\321M}\265\347^\277?)\321\320"
 348      A696D14D 
 348      7DB5E75E 
 348      BF3F29D1 
 348      D0
 349 0605 4DD53DBD 		.ascii	"M\325=\275T\372%\004\005\341f\005\005\363b\256\177\304"
 349      54FA2504 
 349      05E16605 
ARM GAS  /tmp/ccrC2NJB.s 			page 27


 349      05F362AE 
 349      7FC4
 350 0617 6BA787E5 		.ascii	"k\247\207\345-\2465\253\256\347\241\223EU\351\324t\310"
 350      2DA635AB 
 350      AEE7A193 
 350      4555E9D4 
 350      74C8
 351 0629 DD544D93 		.ascii	"\335TM\223\272\013\246\321\340\015{7+\267@\206\030\014"
 351      BA0BA6D1 
 351      E00D7B37 
 351      2BB74086 
 351      180C
 352 063b 696210A4 		.ascii	"ib\020\244\243H(3X\367;\2276pDy\3449\212*\241\306\202"
 352      A3482833 
 352      58F73B97 
 352      36704479 
 352      E4398A2A 
 353 0652 C03D1912 		.ascii	"\300=\031\022\232#\0370\354nnt\263n-\320\362j\351\024"
 353      9A231F30 
 353      EC6E6E74 
 353      B36E2DD0 
 353      F26AE914 
 354 0666 78ECD19A 		.ascii	"x\354\321\232W\300{fb\337\3744I\002j\245n\032$5\367"
 354      57C07B66 
 354      62DFFC34 
 354      49026AA5 
 354      6E1A2435 
 355 067b 78F71D6F 		.ascii	"x\367\035or\210\221*\336\333\321\336K x\001w\352.\320"
 355      7288912A 
 355      DEDBD1DE 
 355      4B207801 
 355      77EA2ED0 
 356 068f D246DB2C 		.ascii	"\322F\333,.\200M\242c\232Q\010\317\304@&\362\361!\334"
 356      2E804DA2 
 356      639A5108 
 356      CFC44026 
 356      F2F121DC 
 357 06a3 D0DF816F 		.ascii	"\320\337\201o\2675\353\325=A\2438{b\213\250\364\304"
 357      B735EBD5 
 357      3D41A338 
 357      7B628BA8 
 357      F4C4
 358 06b5 A3A2B446 		.ascii	"\243\242\264F>\004Q\007\003|\336eN\356\353t\371h\255"
 358      3E045107 
 358      037CDE65 
 358      4EEEEB74 
 358      F968AD
 359 06c8 5FA49AD1 		.ascii	"_\244\232\321[E:\243\263DyFo\036;\335.\342\214.c\337"
 359      5B453AA3 
 359      B3447946 
 359      6F1E3BDD 
 359      2EE28C2E 
 360 06de ACDF179F 		.ascii	"\254\337\027\237p|\263\320\020\347\261\243\262\373\356"
 360      707CB3D0 
 360      10E7B1A3 
 360      B2FBEE
 361 06ed 733A5BA4 		.ascii	"s:[\244s\272\350xm\225\226\234e\014\301\315\323O\266"
ARM GAS  /tmp/ccrC2NJB.s 			page 28


 361      73BAE878 
 361      6D95969C 
 361      650CC1CD 
 361      D34FB6
 362 0700 69C905BE 		.ascii	"i\311\005\276\250,z|]\207\271\301v\221\360X\225i\366"
 362      A82C7A7C 
 362      5D87B9C1 
 362      7691F058 
 362      9569F6
 363 0713 237EE407 		.ascii	"#~\344\007\376\272\374PI'\375\274\3007\370\032v\210"
 363      FEBAFC50 
 363      4927FDBC 
 363      C037F81A 
 363      7688
 364 0725 9AB9067D 		.ascii	"\232\271\006}^WZ\026a\272p\003\344p\273\307o\363\036"
 364      5E575A16 
 364      61BA7003 
 364      E470BBC7 
 364      6FF31E
 365 0738 88CAB769 		.ascii	"\210\312\267i\027\327ugl\237\360\377\244QS*y\263hu\005"
 365      17D77567 
 365      6C9FF0FF 
 365      A451532A 
 365      79B36875 
 366 074d 4FAA34CC 		.ascii	"O\2524\314f\217\370\011\323L<\334\261GG\232y\374\261"
 366      668FF809 
 366      D34C3CDC 
 366      B147479A 
 366      79FCB1
 367 0760 D2F1C3F4 		.ascii	"\322\361\303\364S\001\271\270{{)\035\364\020\365\026"
 367      5301B9B8 
 367      7B7B291D 
 367      F410F516 
 368 0770 5CF422ED 		.ascii	"\\\364\"\355\334\242\"\377`;+ \237f\230\307\243\014"
 368      DCA222FF 
 368      603B2B20 
 368      9F6698C7 
 368      A30C
 369 0782 6654EFD7 		.ascii	"fT\357\327\250\311\305\004dra\037\232@\001\343w\267"
 369      A8C9C504 
 369      6472611F 
 369      9A4001E3 
 369      77B7
 370 0794 C2EFA3BC 		.ascii	"\302\357\243\274\352\003\376\310\357\003\374\0146\025"
 370      EA03FEC8 
 370      EF03FC0C 
 370      3615
 371 07a2 FDA6B672 		.ascii	"\375\246\266rH\312\312\226\226I=\"\265\204mJ\353\300"
 371      48CACA96 
 371      96493D22 
 371      B5846D4A 
 371      EBC0
 372 07b4 4E514357 		.ascii	"NQCW\374\377P\205\214\333\314\234\036\311\360\351\001"
 372      FCFF5085 
 372      8CDBCC9C 
 372      1EC9F0E9 
 372      01
ARM GAS  /tmp/ccrC2NJB.s 			page 29


 373 07c5 A9DDCEF6 		.ascii	"\251\335\316\366\246p/\376\372\235\317"
 373      A6702FFE 
 373      FA9DCF
 374 07d0 E6C330DF 		.ascii	"\346\3030\337\027\307\244\021\230\346\013\314\265H\374"
 374      17C7A411 
 374      98E60BCC 
 374      B548FC
 375 07df 143D7B6E 		.ascii	"\024={n7\357t\371%Dc9\033\250\2307\020\275\317A\372"
 375      37EF74F9 
 375      25446339 
 375      1BA89837 
 375      10BDCF41 
 376 07f4 EC85A94E 		.ascii	"\354\205\251N\242\000\244#\300\347\213T\376\341J\377"
 376      A200A423 
 376      C0E78B54 
 376      FEE14AFF 
 377 0804 6DCDB8D3 		.ascii	"m\315\270\323\342\315\\K\260\377\366\213\236}\327\253"
 377      E2CD5C4B 
 377      B0FFF68B 
 377      9E7DD7AB 
 378 0814 7D912FDE 		.ascii	"}\221/\336Q\364s\275\245u\232\377\246-C\367R\356\376"
 378      51F473BD 
 378      A5759AFF 
 378      A62D43F7 
 378      52EEFE
 379 0827 6DF5E073 		.ascii	"m\365\340s\362\277\030.g\014\177\313\030f\013\215)9"
 379      F2BF182E 
 379      670C7FCB 
 379      18660B8D 
 379      2939
 380 0839 D5E6BDF6 		.ascii	"\325\346\275\366\363uK\326\204\205\011>&Sj\274\305\266"
 380      F3754BD6 
 380      8485093E 
 380      26536ABC 
 380      C5B6
 381 084b CA64FBD2 		.ascii	"\312d\373\322\230\224l3n\210\216\016\211LI\014\261$"
 381      98946C33 
 381      6E888E0E 
 381      894C490C 
 381      B124
 382 085d 59CC21E6 		.ascii	"Y\314!\346\310\250\370\220\317B\226/\013[\031\362\317"
 382      C8A8F890 
 382      CF42962F 
 382      0B5B19F2 
 382      CF
 383 086e E521A9C9 		.ascii	"\345!\251\3111\2216\263\321\345\2651\336\022\235\220"
 383      319136B3 
 383      D1E5B531 
 383      DE129D90 
 384 087e 1A633626 		.ascii	"\032c6&FF\307\305[\314FS\2149625\301f\262mL6[C\343\004"
 384      4646C7C5 
 384      5BCC4653 
 384      8C393632 
 384      35C166B2 
 385 0899 9D8CFF97 		.ascii	"\235\214\377\227_\206o\335h5\232\254\266\030\004CPL"
 385      5F866FDD 
 385      68359AAC 
ARM GAS  /tmp/ccrC2NJB.s 			page 30


 385      B6180443 
 385      504C
 386 08ab 1B1F562C 		.ascii	"\033\037V,7\331t\362\335+\321\272\301d[\025\032j\344"
 386      37D974F2 
 386      DD2BD1BA 
 386      C1645B15 
 386      1A6AE4
 387 08be FF92ACC6 		.ascii	"\377\222\254\306\350\244\304\304$\21319)\305f5\376\341"
 387      E8A4C4C4 
 387      248B3139 
 387      29C56635 
 387      FEE1
 388 08d0 AFE16BC2 		.ascii	"\257\341k\302\277\246\272\344\370\004s\212\325\270v"
 388      BFA6BAE4 
 388      F804738A 
 388      D5B876
 389 08df CD1A6374 		.ascii	"\315\032ct\234\222\345\357\324\216q\221\011\306\204"
 389      9C92E5EF 
 389      D48E7191 
 389      09C684
 390 08ee F828A3D5 		.ascii	"\370(\243\325\226b\216L\264\032\023\315\211\362ch4\362"
 390      96628E4C 
 390      B41A13CD 
 390      89F26368 
 390      34F2
 391 0900 B7C16CD3 		.ascii	"\267\301l\323\232p\031c\325Z\343\377m6\331\326}hi\024"
 391      9A701963 
 391      D55AE3FF 
 391      6D36D9D6 
 391      7D686914 
 392 0914 14CDDC4A 		.ascii	"\024\315\334J\374,tEh\230\263P[\014RH\2113}\225\022"
 392      FC2C7445 
 392      6898B350 
 392      5B0C5248 
 392      89337D95 
 393 0929 6F335B0D 		.ascii	"o3[\015\211\326\210\250\177\230\243m\177\266\304\333"
 393      89D688A8 
 393      7F98A36D 
 393      7FB6C4DB 
 394 0939 8839C9AA 		.ascii	"\2109\311\252\241Q\265Q\251\261\261\346\024\362\257"
 394      A151B551 
 394      A9B1B1E6 
 394      14F2AF
 395 0948 441BC10D 		.ascii	"D\033\301\015\325\320|\274\230\203!\334\234\3707\226"
 395      D5D07CBC 
 395      988321DC 
 395      9CF83796 
 396 0958 EEFAF02F 		.ascii	"\356\372\360/\010&\373\241\265\305\011\332\244\330X"
 396      0826FBA1 
 396      B5C509DA 
 396      A4D858
 397 0967 ABD94611 		.ascii	"\253\331F\021\222R6r\020-ZD'o\324$\230#cu\226$[\\J\322"
 397      92523672 
 397      102D5A44 
 397      276FD424 
 397      98236375 
 398 0981 5710A68B 		.ascii	"W\020\246\213\265,\261&\233\243Qc\261\244&$\254\375"
ARM GAS  /tmp/ccrC2NJB.s 			page 31


 398      B52CB126 
 398      9BA35163 
 398      B1A42624 
 398      ACFD
 399 0993 85BB6B4B 		.ascii	"\205\273kK\211\267l\300\014\376\013,\007P\343"
 399      89B76CC0 
 399      0CFE0B2C 
 399      0750E3
 400              		.text
 401              		.section	.gnu.lto_.symtab.2354e20b2fc1e037,"",%progbits
 402 0000 6D734F62 		.ascii	"msObjectInit\000"
 402      6A656374 
 402      496E6974 
 402      00
 403 000d 00       		.ascii	"\000"
 404 000e 00       		.ascii	"\000"
 405 000f 00       		.ascii	"\000"
 406 0010 00000000 		.ascii	"\000\000\000\000\000\000\000\000"
 406      00000000 
 407 0018 0A010000 		.ascii	"\012\001\000\000"
 408              		.text
 409              		.section	.gnu.lto_.opts,"",%progbits
 410 0000 272D666D 		.ascii	"'-fmath-errno' '-fsigned-zeros' '-ftrapping-math' '"
 410      6174682D 
 410      6572726E 
 410      6F272027 
 410      2D667369 
 411 0033 2D666E6F 		.ascii	"-fno-trapv' '-fno-openmp' '-fno-openacc' '-mcpu=cor"
 411      2D747261 
 411      70762720 
 411      272D666E 
 411      6F2D6F70 
 412 0066 7465782D 		.ascii	"tex-m3' '-mno-thumb-interwork' '-mthumb' '-ggdb' '-"
 412      6D332720 
 412      272D6D6E 
 412      6F2D7468 
 412      756D622D 
 413 0099 4F322720 		.ascii	"O2' '-fomit-frame-pointer' '-falign-functions=16' '"
 413      272D666F 
 413      6D69742D 
 413      6672616D 
 413      652D706F 
 414 00cc 2D666675 		.ascii	"-ffunction-sections' '-fdata-sections' '-fno-common"
 414      6E637469 
 414      6F6E2D73 
 414      65637469 
 414      6F6E7327 
 415 00ff 2720272D 		.ascii	"' '-flto'\000"
 415      666C746F 
 415      2700
 416              		.text
 417              		.comm	__gnu_lto_v1,1,1
 418              		.comm	__gnu_lto_slim,1,1
 419              		.ident	"GCC: (GNU Tools for ARM Embedded Processors 6-2017-q2-update) 6.3.1 20170620 (release) [AR
ARM GAS  /tmp/ccrC2NJB.s 			page 32


DEFINED SYMBOLS
                            *ABS*:0000000000000000 memstreams.c
                            *COM*:0000000000000001 __gnu_lto_v1
                            *COM*:0000000000000001 __gnu_lto_slim

NO UNDEFINED SYMBOLS
