ARM GAS  /tmp/ccoj8IAI.s 			page 1


   1              		.cpu cortex-m3
   2              		.eabi_attribute 20, 1
   3              		.eabi_attribute 21, 1
   4              		.eabi_attribute 23, 3
   5              		.eabi_attribute 24, 1
   6              		.eabi_attribute 25, 1
   7              		.eabi_attribute 26, 1
   8              		.eabi_attribute 30, 2
   9              		.eabi_attribute 34, 1
  10              		.eabi_attribute 18, 4
  11              		.file	"nvic.c"
  12              		.text
  13              	.Ltext0:
  14              		.section	.gnu.lto_.profile.6eed590646ba36d6,"",%progbits
  15 0000 789C6365 		.ascii	"x\234ce`b`a```d\220\022\003\000\000\312\000="
  15      60626061 
  15      60606064 
  15      90120300 
  15      00CA003D 
  16              		.text
  17              		.section	.gnu.lto_.icf.6eed590646ba36d6,"",%progbits
  18 0000 789C6365 		.ascii	"x\234ce`b\220b@\000\026\206\027\337\372'q3~\336ur'\033"
  18      60629062 
  18      40001686 
  18      17DFFA27 
  18      71337EDE 
  19 0018 D385E635 		.ascii	"\323\205\3465\217\270\231;\356\375hab\000\000\253P\014"
  19      8FB8993B 
  19      EEFD6861 
  19      620000AB 
  19      500C
  20 002a 3B       		.ascii	";"
  21              		.text
  22              		.section	.gnu.lto_.jmpfuncs.6eed590646ba36d6,"",%progbits
  23 0000 789C6365 		.ascii	"x\234ce`b\220b@\000\026\006&FF\346\372zF \250g\202\260"
  23      60629062 
  23      40001606 
  23      264646E6 
  23      FA7A4620 
  24 0018 99416C06 		.ascii	"\231Al\006\000)\250\003:"
  24      0029A803 
  24      3A
  25              		.text
  26              		.section	.gnu.lto_.inline.6eed590646ba36d6,"",%progbits
  27 0000 789C4D8C 		.ascii	"x\234M\214\321\021\2000\014B!M\323\350\217#\324\011"
  27      D1118030 
  27      0C42214D 
  27      D3E88F23 
  27      D409
  28 0012 5CD2453A 		.ascii	"\\\322E:\222\2438\202\261\236U>\270\343\036\220!\330"
  28      92A33882 
  28      B19E553E 
  28      B8E31E90 
  28      21D8
  29 0024 F1498179 		.ascii	"\361I\201y\242pe\204\333\324\316\015\326\252@\216E\021"
  29      A2706584 
  29      DBD4CE0D 
ARM GAS  /tmp/ccoj8IAI.s 			page 2


  29      D6AA408E 
  29      4511
  30 0036 C9833808 		.ascii	"\311\2038\010/d\257$m\365\251\004\325~\"\310J\366\227"
  30      2F64AF24 
  30      6DF5A904 
  30      D57E22C8 
  30      4AF697
  31 0049 14BBDF41 		.ascii	"\024\273\337A(\241\330;\035pLq\001\226\277\015\245"
  31      28A1D83B 
  31      1D704C71 
  31      0196BF0D 
  31      A5
  32              		.text
  33              		.section	.gnu.lto_.pureconst.6eed590646ba36d6,"",%progbits
  34 0000 789C6365 		.ascii	"x\234ce`b\340d```a\220b\224b\222b\226\002\000\002\321"
  34      6062E064 
  34      60606061 
  34      90629462 
  34      92629602 
  35 0017 0083     		.ascii	"\000\203"
  36              		.text
  37              		.section	.gnu.lto_nvicEnableVector.6eed590646ba36d6,"",%progbits
  38 0000 789C9D53 		.ascii	"x\234\235S\317k\023Q\020~\337N\222M\332$\236\305`{\020"
  38      CF6B1351 
  38      107EDF4E 
  38      924DDA24 
  38      9EC5607B 
  39 0015 4211B216 		.ascii	"B\021\262\026\374\007T\360\326\213\377\201\344b\301"
  39      FC0754F0 
  39      D68BFF81 
  39      E462C1
  40 0024 26A595E2 		.ascii	"&\245\225\342\255/IM0\026-\332$V\014\033\241\332\264"
  40      AD2F494D 
  40      30162DDA 
  40      24560C1B 
  40      A1DAB4
  41 0037 B54D53AB 		.ascii	"\265MS\2536U!\204\202\344PE\361&x0\242\344\020\251\301"
  41      36552184 
  41      82E45045 
  41      F1267830 
  41      A2E410A9 
  42 004c 8387A63A 		.ascii	"\203\207\246:o7\240\240\036\364\261\373~\314|\337\314"
  42      6F37A0A0 
  42      1EF4B1FB 
  42      7ECC7CDF 
  42      CC
  43 005d 7CF3769D 		.ascii	"|\363v\235B\023'I\210\343B\210C\374\202\004\264\231"
  43      42132749 
  43      88E34288 
  43      43FC8204 
  43      B499
  44 006f 1742C4DC 		.ascii	"\027B\304\334\032\2406\322\0151\251a\022\327(G\250\245"
  44      1AA036D2 
  44      0D31A961 
  44      12D72847 
  44      A8A5
  45 0081 3E56B481 		.ascii	">V\264\201\005\311\243\232k\037\224\305*L\246\317\361"
ARM GAS  /tmp/ccoj8IAI.s 			page 3


  45      05C9A39A 
  45      6B1F94C5 
  45      2A4CA6CF 
  45      F1
  46 0092 AB061630 		.ascii	"\253\006\0260\300\250WSk\267\351*\231\0048\370\370e"
  46      C0A85753 
  46      6BB7E92A 
  46      990438F8 
  46      F865
  47 00a4 E756C3AF 		.ascii	"\347V\303\257\216\032\372\371\330\221\263Y?\205 x?W"
  47      8E1AFAF9 
  47      D891B359 
  47      3F852078 
  47      3F57
  48 00b6 CBBCF505 		.ascii	"\313\274\365\005\357J\031\227\325\355Y\222GL\",\201"
  48      EF4A1997 
  48      D5ED5992 
  48      474C222C 
  48      81
  49 00c7 38201611 		.ascii	"8 \026\021@\021\001\301&\201e\004\031\276\034\377\324"
  49      401101C1 
  49      26816504 
  49      19BE1CFF 
  49      D4
  50 00d8 223A6651 		.ascii	"\":fQ/\327;\015\275K\375\220\351R\357\377\201\272\202"
  50      2FD73B0D 
  50      BD4BFD90 
  50      E952EFFF 
  50      81BA82
  51 00eb A0C2BF2F 		.ascii	"\240\302\277/\357g|.\207]+V\341\002\257\245\327\250"
  51      EF677C2E 
  51      875D2B56 
  51      E102AFA5 
  51      D7A8
  52 00fd CAFDEF29 		.ascii	"\312\375\357)Y}s\017\271\323^@\3015&:HMN\250\314:o\235"
  52      597D730F 
  52      B9D35E40 
  52      C135263A 
  52      484D4EA8 
  53 0115 6E357978 		.ascii	"n5yxr\011\221\346\030\2529WHS+5\021o\247:\245\036\025"
  53      720991E6 
  53      18AA3957 
  53      48532B35 
  53      116FA73A 
  54 012c 364F5A9E 		.ascii	"6OZ\236 \232H\354&a\033\210m\277\266\305\005\007J\\"
  54      209A48EC 
  54      26611B88 
  54      6DBFB6C5 
  54      05074A5C 
  55 0140 5E13B56C 		.ascii	"^\023\265l\275Oa\330\233\275T{\251+\257n\311\333\270"
  55      BD4F61D8 
  55      9BBD547B 
  55      A92BAF6E 
  55      C9DBB8
  56 0153 F3F99BD7 		.ascii	"\363\371\233\327>\312ZB\372\331t\275\325\336\364\233"
  56      3ECA5A42 
  56      FAD974BD 
ARM GAS  /tmp/ccoj8IAI.s 			page 4


  56      D5DEF49B 
  57 0163 C8C7B8FB 		.ascii	"\310\307\270\373\205\303&\271Qf\235k\034H\021v\336\255"
  57      85C326B9 
  57      51669D6B 
  57      1C481176 
  57      DEAD
  58 0175 CF1C3056 		.ascii	"\317\0340V\344TL\366\233\344\301:L\334\264\356EE[\372"
  58      E4544CF6 
  58      9BE4C13A 
  58      4CDCB4EE 
  58      45455BFA 
  59 0189 5AA4C192 		.ascii	"Z\244\301\222r\026\"&\365\340\001\214<9\255;\333\300"
  59      72162226 
  59      F5E0018C 
  59      3C39AD3B 
  59      DBC0
  60 019b 2097A80A 		.ascii	" \227\250\012n'\363\345B\267f\235\335L\254\317o\355"
  60      6E27F3E5 
  60      42B7669D 
  60      DD4CACCF 
  60      6FED
  61 01ad 79ED9A9D 		.ascii	"y\355\232\235xh\325\234\330K.zl\220\333\006\335\230"
  61      7868D59C 
  61      D84B2E7A 
  61      6C90DB06 
  61      DD98
  62 01bf 5FADF814 		.ascii	"_\255\370\024\310\211><\262A\273\311\272n\203<*\377"
  62      C8893E3C 
  62      B241BBC9 
  62      BA6E833C 
  62      2AFF
  63 01d1 F6F3A4DB 		.ascii	"\366\363\244\333\016\003<F\200\251\266z\243\253\376"
  63      0E033C46 
  63      80A9B67A 
  63      A3ABFE
  64 01e0 5FB4F562 		.ascii	"_\264\365b\323\322\206\337\265M\230\344EEi\323-m[J\233"
  64      D3D286DF 
  64      B54D98E4 
  64      454569D3 
  64      2D6D5B4A 
  65 01f5 C74AD54C 		.ascii	"\307J\325L7z\377+\331\023+\231\366\227dO\177&{f'k!^"
  65      377AFF2B 
  65      D9132B99 
  65      F697644F 
  65      7F267B66 
  66 020d 284D5B6D 		.ascii	"(M[m\264~\2124\027\312\037\011\0078\032\012\031\366"
  66      B47E8A34 
  66      17CA1F09 
  66      07381A0A 
  66      19F6
  67 021f 131D37CE 		.ascii	"\023\0357\316\235=o\214F\307.\214\033\341\350\310H4"
  67      9D3D6F8C 
  67      46C72E8C 
  67      1BE1E8C8 
  67      4834
  68 0231 629C3833 		.ascii	"b\23483tj\350\242\021\231\030\016\207\302\002\021\307"
  68      746AE8A2 
ARM GAS  /tmp/ccoj8IAI.s 			page 5


  68      1199180E 
  68      87C20211 
  68      C7
  69 0242 E8D870F4 		.ascii	"\350\330p\364\007D\001\025\374"
  69      07440115 
  69      FC
  70              		.text
  71              		.section	.gnu.lto_nvicDisableVector.6eed590646ba36d6,"",%progbits
  72 0000 789C9592 		.ascii	"x\234\225\222\317k\023A\024\307\337w\336&\331\332&^"
  72      CF6B1341 
  72      14C7DF77 
  72      DE26D9DA 
  72      265E
  73 0012 0583F620 		.ascii	"\005\203\366 \224\"d\310\237 \202\267^\374\017$\010"
  73      942264C8 
  73      9F2082B7 
  73      5EFC0F24 
  73      08
  74 0023 0A36112B 		.ascii	"\0126\021+\305['\375\261\205\212Z\264M\255\0306B\244"
  74      C55B27FD 
  74      B1858A5A 
  74      B44DAD18 
  74      3642A4
  75 0036 696B9BFE 		.ascii	"ik\233\376\210\332z\012\213 \001\243(x\022<X\021=T\264"
  75      88DA7A0A 
  75      8B2001A3 
  75      2878123C 
  75      58113D54 
  76 004b F4E0A1AD 		.ascii	"\364\340\241\255\276\331\365 xr\330\235\2317\373y\357"
  76      BED9F520 
  76      7872D89D 
  76      9937FB79 
  76      EF
  77 005c FBDE9B8D 		.ascii	"\373\336\233\215\221\242\363\212H\023\321Qy\301\004"
  77      91A2F38A 
  77      4813D151 
  77      79C104
  78 006b 35F98AA8 		.ascii	"5\371\212\250\350*\300n\214\013\032R\030\302-\236a\004"
  78      E82AC06E 
  78      8C0B1A52 
  78      18C22D9E 
  78      6104
  79 007d E39F3755 		.ascii	"\343\2377U\357\234\221\321\234i\304=3v\304g\242Yy\355"
  79      EF9C91D1 
  79      9C69C43D 
  79      3376C467 
  79      A25979ED 
  80 0091 C01C7A85 		.ascii	"\300\034z\205z3\272r\237o\262\317\200#\346\217\366\275"
  80      7A33BA72 
  80      9F6FB2CF 
  80      8023E68F 
  80      F6BD
  81 00a3 AD943515 		.ascii	"\255\2245\025\272\305\3347S\245\024g@\262\237\015\246"
  81      BAC5DC37 
  81      53A51467 
  81      40B29F0D 
  81      A6
ARM GAS  /tmp/ccoj8IAI.s 			page 6


  82 00b4 DF277B1E 		.ascii	"\337'{\036\0323l\232/\247\330\234\360\231\261\000\226"
  82      1A336C9A 
  82      2FA7D89C 
  82      F099B100 
  82      96
  83 00c5 8098471A 		.ascii	"\200\230G\0325\244I\216\010\213\350\261\374\307\325"
  83      35A4498E 
  83      088BE8B1 
  83      FCC7D5
  84 00d4 83E964DC 		.ascii	"\203\351d\334\211\004\361\010q\310Z\177\213\2469\370"
  84      8904F108 
  84      71C85A7F 
  84      8BA639F8 
  85 00e4 356E9A9F 		.ascii	"5n\232\237\252xw\306\005,\256\304\321a;92\305\210&\304"
  85      AA7877C6 
  85      052CAEC4 
  85      D1613B39 
  85      32C58826 
  86 00f9 C756749D 		.ascii	"\307Vt\235\225]\371+Fv\274\366z\0056N\231U\231!\012"
  86      955DF92B 
  86      4676BCF6 
  86      7A05364E 
  86      99559921 
  87 010e ADEAB3BD 		.ascii	"\255\352\263\275.\233l\0141,\211\274`{\336|G\004q\004"
  87      2E9B6C0C 
  87      312C89BC 
  87      607BDE7C 
  87      47047104 
  88 0122 DDA92E6F 		.ascii	"\335\251.o&-\344\3408\226#\350\273\327JD\220\255\271"
  88      262DE4E0 
  88      389623E8 
  88      BBD74A44 
  88      90ADB9
  89 0135 F1FC85E7 		.ascii	"\361\374\205\347Fa\200:\322\342*PPji\313\010P\032\013"
  89      4661803A 
  89      D2E22A50 
  89      506A69CB 
  89      08501A0B 
  90 0149 5E272C10 		.ascii	"^',\020\017\033\321x\360\355gWd\232`\304\244\344\350"
  90      0F1BD178 
  90      F0ED6757 
  90      649A60C4 
  90      A4E4E8
  91 015c F6F6CE46 		.ascii	"\366\366\316F\312G\271(\315\256\034\3639\201U\351\310"
  91      CA47B928 
  91      CDAE1CF3 
  91      398155E9 
  91      C8
  92 016d 8AA85987 		.ascii	"\212\250Y\207\366\207\265\311\303z\311\214\026M\267"
  92      F687B5C9 
  92      C37AC98C 
  92      164DB7
  93 017c CF2ED6E0 		.ascii	"\317.\326\340\343nx\0156\332\302n\215\263u\373\2612"
  93      E36E780D 
  93      36DAC26E 
  93      8DB375FB 
  93      B132
ARM GAS  /tmp/ccoj8IAI.s 			page 7


  94 018e E87307D6 		.ascii	"\350s\007\326\241\245\302\360\212\032\310J\2126\231"
  94      A1A5C2F0 
  94      8A1AC84A 
  94      8A3699
  95 019d DD2FB5AD 		.ascii	"\335/\265\255\304\237t\376G\354\020\036\207b\370W,\357"
  95      C49F74FE 
  95      47EC101E 
  95      8762F857 
  95      2CEF
  96 01af 73279E58 		.ascii	"s'\236X1\204bO\221\375\273\326N\0206$\3466\206+\213"
  96      3184624F 
  96      91FDBBD6 
  96      4E103624 
  96      E636862B 
  97 01c4 37C2C687 		.ascii	"7\302\306\207\377\315\204\340r%\222\340\311LFGOa@_8"
  97      FFCD84E0 
  97      722592E0 
  97      C94C4647 
  97      4F61405F 
  98 01d9 77495F2E 		.ascii	"wI_.\\\271:\240s\205\376\376B^\237:\333w\272\357\232"
  98      5CB93AA0 
  98      7385FEFE 
  98      425E9F3A 
  98      DB77BAEF 
  99 01ee CE0F5ECC 		.ascii	"\316\017^\314er\204\374o\002\365\321\032"
  99      657284FC 
  99      6F02F5D1 
  99      1A
 100              		.text
 101              		.section	.gnu.lto_nvicSetSystemHandlerPriority.6eed590646ba36d6,"",%progbits
 102 0000 789C6D51 		.ascii	"x\234mQ\317KTQ\024>\337=\357WA\256\245\\\270\010\006"
 102      CF4B5451 
 102      143EDF3D 
 102      EF5741AE 
 102      A55CB808 
 103 0015 89E6E1A6 		.ascii	"\211\346\341\246E\273p\355\246\377@\306@A\347\311\030"
 103      45BB70ED 
 103      A6FF40C6 
 103      4041E7C9 
 103      18
 104 0026 D1CEFBDE 		.ascii	"\321\316\373\336\250C\006\026\3258\032=\336\200\204"
 104      A8430616 
 104      D5381A3D 
 104      DE8084
 105 0035 A5D968B5 		.ascii	"\245\331h\265\031\032b\230U\263\260\250\245\2732\212"
 105      191A6298 
 105      55B3B0A8 
 105      A5BB328A 
 106 0045 8106FAE1 		.ascii	"\201\006\372\3416\353\334\347\004-\272\334\373\336="
 106      36EBDCE7 
 106      042DBADC 
 106      FBDE3D
 107 0054 3FBE73BF 		.ascii	"?\276s\277\357\034\233\024uAt\221\210\316\310\001\023"
 107      EF1C9B14 
 107      75417491 
 107      88CEC801 
 107      13
ARM GAS  /tmp/ccoj8IAI.s 			page 8


 108 0065 D4ED3744 		.ascii	"\324\3557D\241\247\000s\321\036hNa\016\267\270\302h"
 108      A1A70073 
 108      D11E684E 
 108      610EB7B8 
 108      C268
 109 0077 953ED7D5 		.ascii	"\225>\327\325\320\206\226\325\254\034:\213z\241?a\242"
 109      D08696D5 
 109      AC1C3A8B 
 109      7AA13F61 
 109      A2
 110 0088 35396661 		.ascii	"59fa\003C\222\365n~\347\001/s\302\200%\346\367\275\373"
 110      034392F5 
 110      6E7EE701 
 110      2F73C280 
 110      25E6F7BD 
 111 009d 077DC654 		.ascii	"\007}\306T\030\024\263x\367U\303\343,H\356]\335\016"
 111      1814B378 
 111      F755C3E3 
 111      2C48EE5D 
 111      DD0E
 112 00af 9DCC43AD 		.ascii	"\235\314C\255#\335\374Tf}6a\306&X\012\3421\006\360\010"
 112      23DDFC54 
 112      667D3661 
 112      C626580A 
 112      E23106F0 
 113 00c4 03242EC2 		.ascii	"\003$.\302\0262\222\276\025}\3512_H\2417\332\277\016"
 113      163292BE 
 113      157DE932 
 113      5F48A137 
 113      DABF0E
 114 00d7 DC1EF4B0 		.ascii	"\334\036\364\260\322\203>\371\017t\033\031\223\377q"
 114      D2833EF9 
 114      0F741B19 
 114      93FF71
 115 00e6 F7A87CCA 		.ascii	"\367\250|\312\261\326\377\322\305S8\242\234j\357\321"
 115      B1D6FFD2 
 115      C55338A2 
 115      9C6AEFD1 
 116 00f6 D447BF4B 		.ascii	"\324G\277KB\240\177\377\247\347\002\006\241\004k\261"
 116      42A07FFF 
 116      A7E70206 
 116      A1046BB1 
 117 0106 F9D8308F 		.ascii	"\371\3300\217\023-\011\3104\344&+\363\347\016\242\037"
 117      132D09C8 
 117      34E4262B 
 117      F3E70EA2 
 117      1F
 118 0117 A5BD7A03 		.ascii	"\245\275z\003\246P\314*fP\007\305o\213=\007\213\357"
 118      A650CC2A 
 118      665007C5 
 118      6F8B3D07 
 118      8BEF
 119 0129 DF5ED8B0 		.ascii	"\337^\330\260P\023N\035\264V\332\347M\216DW\026Zo]\023"
 119      50134E1D 
 119      B456DAE7 
 119      4D8E4457 
 119      165A6F5D 
ARM GAS  /tmp/ccoj8IAI.s 			page 9


 120 013e 75524D61 		.ascii	"uRMa\275q\317>6\365~Q\367\031\374j\364\301K\020\207"
 120      BD71CF3E 
 120      36F57E51 
 120      F719FC6A 
 120      F4C14B10 
 121 0153 D2F2EAE9 		.ascii	"\322\362\352\351\204]\354\212\270\035)d\000_\313\257"
 121      845DEC8A 
 121      B81D2964 
 121      005FCBAF 
 122 0163 374FFADB 		.ascii	"7O\372\333z>\324\203\011{x\206\004\253\3510$\270~'\036"
 122      7A3ED483 
 122      097B7886 
 122      04ABE930 
 122      24B87E27 
 123 0178 19AE9958 		.ascii	"\031\256\231X5\237\360\011<\207\037\263\235\316\351"
 123      359FF009 
 123      3C871FB3 
 123      9DCEE9
 124 0187 058685A1 		.ascii	"\005\206\205\241\214>\252\276\\N\011\247\363[\022\015"
 124      8C3EAABE 
 124      5C4E09A7 
 124      F35B120D 
 125 0197 A24D119D 		.ascii	"\242M\021\235\313f\375\343\035\314\372\023cS\376LP\270"
 125      CB66FDE3 
 125      1DCCFA13 
 125      6353FE4C 
 125      50B8
 126 01a9 3AEBE782 		.ascii	":\353\347\202\351\351 \357_\272<:2z\335\317_\233\314"
 126      E9E920EF 
 126      5FBA3C3A 
 126      327ADDCF 
 126      5F9BCC
 127 01bc 6573E44E 		.ascii	"es\344N\214\345\307\247\256\024\254\231\302d\360\007"
 127      8CE5C7A7 
 127      AE14AC99 
 127      C264F007 
 128 01cc EEC2ACC0 		.ascii	"\356\302\254\300"
 129              		.text
 130              		.section	.gnu.lto_nvicClearPending.6eed590646ba36d6,"",%progbits
 131 0000 789C2D51 		.ascii	"x\234-Q\317O\023Q\020\236\357\315n[\022Z\257&6\312\301"
 131      CF4F1351 
 131      109EEFCD 
 131      6E5B125A 
 131      AF2636CA 
 132 0015 8410927D 		.ascii	"\204\020\222}\341O0\036<q\361?0\275h\"\255\021C\274"
 132      E14F301E 
 132      3C71F13F 
 132      30BD6822 
 132      AD1143BC 
 133 0029 F15AA08D 		.ascii	"\361Z\240\215\230\010Q(bl\266\306\032~(\024\320\203"
 133      98085128 
 133      626CB6C6 
 133      1A7E2814 
 133      D083
 134 003b E0A5D978 		.ascii	"\340\245\331x\341\200\006\257\032\017\232\230x\200h"
 134      E18006AF 
 134      1A0F9A98 
ARM GAS  /tmp/ccoj8IAI.s 			page 10


 134      788068
 135 004a E3C103A0 		.ascii	"\343\301\003\2403\273\274\354{;\363\275o\276\2317\343"
 135      33BBBCEC 
 135      7B3BF3BD 
 135      6FBE9937 
 135      E3
 136 005b 93A14310 		.ascii	"\223\241C\020Y\":'\033L0\263\037\210\312\031\003\250"
 136      59223A27 
 136      1B4C30B3 
 136      1F88CA19 
 136      03A8
 137 006d E132A071 		.ascii	"\3412\240q\203q\314\360\002#\252\375\3306\003KNVga'"
 137      8371CCF0 
 137      0223AAFD 
 137      D836034B 
 137      4E566761 
 138 0082 5D755367 		.ascii	"]uSgC&Z\224\255\013K\030\020\326\376\344\306S~\300!"
 138      43265A94 
 138      AD0B4B18 
 138      10D6FEE4 
 138      C6537EC0 
 139 0097 039EB8BF 		.ascii	"\003\236\270\277\367\236|\317\251k\320'\356\261\233"
 139      F79E7CCF 
 139      A96BD027 
 139      EEB19B
 140 00a6 ABE73800 		.ascii	"\253\3478\000\211\275\030\315\177\316\366\277p\256\342"
 140      89BD18CD 
 140      7FCEF6BF 
 140      70AEE2
 141 00b5 3AEFE7D8 		.ascii	":\357\347\330]\014\231\261\012\026A\254 \217e\344I "
 141      5D0C99B1 
 141      0A1641AC 
 141      208F65E4 
 141      4920
 142 00c7 C24BF42B 		.ascii	"\302K\364+\377\333\346\311|6\345%\011\361\012)\251\235"
 142      FFDBE6C9 
 142      7C36E525 
 142      09F10A29 
 142      A99D
 143 00d9 DA9FD071 		.ascii	"\332\237\320q'\377j\256\363\245\205\375+\031@\351F\002"
 143      27FF6AAE 
 143      F3A585FD 
 143      2B1940E9 
 143      4602
 144 00eb 3DD6C393 		.ascii	"=\326\303\223\303\367\325\"\232\226@}\326}6\372\347"
 144      C3F7D522 
 144      9A96407D 
 144      D67D36FA 
 144      E7
 145 00fc 9F98E856 		.ascii	"\237\230\350V\217\3375\241b\0156\015\206\244\331m\355"
 145      8FDF35A1 
 145      620D360D 
 145      86A4D96D 
 145      ED
 146 010d 1CF56AC5 		.ascii	"\034\365j\305>|\254I\015B;\252\336\353IH\234\220\036"
 146      3E7CAC49 
 146      0D423BAA 
ARM GAS  /tmp/ccoj8IAI.s 			page 11


 146      DEEB4948 
 146      9C901E
 147 0120 B5D6B7B3 		.ascii	"\265\326\267\263J\362p\001\353\011\351Wu%\235\220<\014"
 147      4AF27001 
 147      EB09E957 
 147      75259D90 
 147      3C0C
 148 0132 E6852A60 		.ascii	"\346\205*`\245[;U\367\005\026 \252\357\006\012\210F"
 148      A55B3B55 
 148      F7051620 
 148      AAEF060A 
 148      8846
 149 0144 7D2AFA98 		.ascii	"}*\372\230V\215T\334\2167\317\016\377\366&\256\213&"
 149      568D54DC 
 149      8E37CF0E 
 149      FFF626AE 
 149      8B26
 150 0156 5C4EA087 		.ascii	"\\N\240\207\007\335\267\271\020\215\262\264\274y>\344"
 150      07DDB7B9 
 150      108DB2B4 
 150      BC793EE4 
 151 0166 3436A42F 		.ascii	"46\244/mI\247\001{_\267f\317\33057Yv}!g\260\211\020"
 151      6D49A701 
 151      7B5FB766 
 151      CFD83537 
 151      59767D21 
 152 017e 8FE361A8 		.ascii	"\217\343a\250\332\352\237e\036j\353es,\344\036l\301"
 152      DAEA9F65 
 152      1E6AEB65 
 152      732CE41E 
 152      6CC1
 153 0190 CA13E341 		.ascii	"\312\023\343A\275\306\220\324C\007\2504\237\317\304"
 153      BDC690D4 
 153      4307A834 
 153      9FCFC4
 154 019f E5C5039C 		.ascii	"\345\305\003\234fh[\2043\030\0046\371J\243\366\372\265"
 154      66685B84 
 154      33180436 
 154      F94AA3F6 
 154      FAB5
 155 01b1 9BF656E9 		.ascii	"\233\366V\351\366\235Q[(\215\214\224\212\366\322\325"
 155      F69D515B 
 155      288D8C94 
 155      8AF6D2D5 
 156 01c1 E1CBC377 		.ascii	"\341\313\303wmq\354F!(\020\212\377\00145\250\304"
 156      6D71EC46 
 156      2128108A 
 156      FF013435 
 156      A8C4
 157              		.text
 158              		.section	.gnu.lto_.symbol_nodes.6eed590646ba36d6,"",%progbits
 159 0000 789C6365 		.ascii	"x\234ce`b\360b\000\002\246\333\214\365\014\014\023\316"
 159      6062F062 
 159      0002A6DB 
 159      8CF50C0C 
 159      13CE
 160 0012 313000A9 		.ascii	"10\000\251]\015\216@\221;\214\365\214\250\"w\031\353"
ARM GAS  /tmp/ccoj8IAI.s 			page 12


 160      5D0D8E40 
 160      913B8CF5 
 160      8CA82277 
 160      19EB
 161 0024 995045EE 		.ascii	"\231PE\3561\3263\243\2100\000\000\352X\0232"
 161      31D633A3 
 161      88300000 
 161      EA581332 
 162              		.text
 163              		.section	.gnu.lto_.refs.6eed590646ba36d6,"",%progbits
 164 0000 789C6365 		.ascii	"x\234ce`b`d\000\002\000\000I\000\011"
 164      60626064 
 164      00020000 
 164      490009
 165              		.text
 166              		.section	.gnu.lto_.decls.6eed590646ba36d6,"",%progbits
 167 0000 789CBD59 		.ascii	"x\234\275YkPTG\026\236\276=\3000 \272H%f\227l\245,S"
 167      6B505447 
 167      169EBE3D 
 167      C03020BA 
 167      48256697 
 168 0018 5295E8A0 		.ascii	"R\225\350\240\356&\371\261U+A]\251]\023j0\356\376\243"
 168      EE26F9B1 
 168      552B415D 
 168      A95D136A 
 168      30EEFEA3 
 169 002c 084E225B 		.ascii	"\010N\"[\010\006p+\376\330\312E \"F\002\012*\257\200"
 169      0806702B 
 169      FED8CA45 
 169      20224602 
 169      0A2AAF80 
 170 0040 202AA202 		.ascii	" *\242\002\202\240\":\240\"\357(\210\310K\036\002\362"
 170      82A0223A 
 170      A022EF28 
 170      88C84B1E 
 170      02F2
 171 0052 94972F90 		.ascii	"\224\227/\220\300\236~\\\346r\235\261R\265[{\31333\247"
 171      C09E7E5C 
 171      E6729DB1 
 171      52B55B7B 
 171      CB3333A7 
 172 0066 FBEB73BE 		.ascii	"\373\353s\276>\247\373t_\264R\011\252?\275\243R}#\250"
 172      3EA7FB74 
 172      5FB45209 
 172      AA3FBDA3 
 172      527D23A8 
 173 007a 54C7904A 		.ascii	"T\307\220J5\007\217\225J\245:\2472=j\220+ \327@\214"
 173      35078F95 
 173      4AA53AA7 
 173      323D6A90 
 173      2B20D740 
 174 008f 2065AAD7 		.ascii	" e\252\327\237\3350v\021|o\003q\004q\002\311\007q\006"
 174      9FDD3076 
 174      117C6F03 
 174      71047102 
 174      C9077106 
 175 00a3 5909F239 		.ascii	"Y\011\3629i\003\314R\220V\370\335\0022\0042\010\202"
ARM GAS  /tmp/ccoj8IAI.s 			page 13


 175      6903CC52 
 175      9056F8DD 
 175      02320432 
 175      0882
 176 00b5 410468B7 		.ascii	"A\004h\267\005\261\001A\334\237\362\3717t\330\233\361"
 176      05B10141 
 176      DC9FF2F9 
 176      3774D89B 
 176      F1
 177 00c6 A1B42FD9 		.ascii	"\241\264/\331\225\374\300\324T\032\304| >\017\345\023"
 177      95FCC0D4 
 177      541AC47C 
 177      203E0FE5 
 177      13
 178 00d7 0A1D5A0B 		.ascii	"\012\035Z\013\374\211m\003\364\373\202\270!f\223\330"
 178      FC896D03 
 178      F4FB82B8 
 178      216693D8 
 179 00e7 F92BB767 		.ascii	"\371+\267g\344z\010Zh3\302\202M\302\327\323\014_2\334"
 179      E47A085A 
 179      6833C282 
 179      4DC2D7D3 
 179      0C5F32DC 
 180 00fb 96DB3417 		.ascii	"\226\3334\027\343\243\030\025\036\274Y\"<Dm\010\346"
 180      E3A31815 
 180      1EBC5922 
 180      3C446D08 
 180      E6
 181 010c 8496D056 		.ascii	"\204\226\320V\204\330'\242B\3259\351A\210\266C\253\240"
 181      84D827A2 
 181      42D539E9 
 181      4188B643 
 181      ABA0
 182 011e E286A526 		.ascii	"\342\206\245&$\215\340\272\300U\201\233\244\377\370"
 182      248DE0BA 
 182      C055819B 
 182      A4FFF8
 183 012d 6024B3C8 		.ascii	"`$\263\310\272\231'\351a\334\331\017:L\032\215\004\223"
 183      BA9927E9 
 183      61DCD90F 
 183      3A4C1A8D 
 183      0493
 184 013f 0384E403 		.ascii	"\003\204\344\003d\006\031m\336?\317Oe\232\034\222f?"
 184      6406196D 
 184      DE3FCF4F 
 184      659A1C92 
 184      663F
 185 0151 9E50D3A7 		.ascii	"\236P\323\247\355@\355\2445m=\242mI\367\2723\004\014"
 185      ED40EDA4 
 185      356D3DA2 
 185      6D49F7BA 
 185      33040C
 186 0164 A985DF1D 		.ascii	"\251\205\337\035S\2477\255>+\262G\363\201)l\355\025"
 186      53A737AD 
 186      3E2BB247 
 186      F381296C 
 186      ED15
ARM GAS  /tmp/ccoj8IAI.s 			page 14


 187 0176 59D9381A 		.ascii	"Y\3318\032\243\225ZD|.\206\246\234\341\313S\213X\023"
 187      A3955A44 
 187      7C2E86A6 
 187      9CE1CB53 
 187      8B5813
 188 0189 41D4FF38 		.ascii	"A\324\3778q\302\006;\323\337w\303s\223\011\332Q\213"
 188      71C2063B 
 188      D3DF77C3 
 188      739309DA 
 188      518B
 189 019b D4C46B6D 		.ascii	"\324\304km\342#\007P\235\264\350\275\243XH\250j*S#\027"
 189      E2230750 
 189      9DB4E8BD 
 189      A35848A8 
 189      6A2A5323 
 190 01b0 ED49E2C4 		.ascii	"\355I\342\3048\367te\354>Q\024P\036\322\242s\010\243"
 190      38F77465 
 190      EC3E5114 
 190      501ED2A2 
 190      7308A3
 191 01c3 336835A1 		.ascii	"3h5\241\274\222$>R\024\367\2121a\242\355f\025\312A\316"
 191      BC92243E 
 191      5214F78A 
 191      3161A2ED 
 191      6615CA41 
 192 01d8 E83C7256 		.ascii	"\350<rV\241\\\344B\234\022\034:\013\215\331\320\010"
 192      A15CE442 
 192      9C121C3A 
 192      0B8DD9D0 
 192      08
 193 01e9 5EB24EC4 		.ascii	"^\262N\304\246[\343\357\010\001\241\374Z\353\0035\322"
 193      A65BE3EF 
 193      0801A1FC 
 193      5AEB0335 
 193      D2
 194 01fa BA981D5F 		.ascii	"\272\230\035_`f<\343r;kyy\004\341\222\017\\.\230\270"
 194      60663CE3 
 194      723B6B79 
 194      7904E192 
 194      0F5C2E98 
 195 020f 00351686 		.ascii	"\0005\026\206\262\251\216%j\262r\010\340K5i\212\312"
 195      B2A98E25 
 195      6AB27208 
 195      E04B3569 
 195      8ACA
 196 0221 AC9CC6F3 		.ascii	"\254\234\306\363m\027\021m\2745\367\302\270\230\005"
 196      6D17116D 
 196      BC35F7C2 
 196      B89805
 197 0230 4020B119 		.ascii	"@ \261\031\253I\261c\001X\002j\365\335\211&\373eGh\220"
 197      AB49B163 
 197      0158026A 
 197      F5DD8926 
 197      FB654768 
 198 0245 C3C42502 		.ascii	"\303\304%\002\332\366\026\272\004D\212\200\210\012]"
 198      DAF616BA 
 198      04448A80 
ARM GAS  /tmp/ccoj8IAI.s 			page 15


 198      880A5D
 199 0254 46CBE0B3 		.ascii	"F\313\340\263\020\251\231\313\231\007\241\303\326\313"
 199      10A999CB 
 199      9907A1C3 
 199      D6CB
 200 0262 D3C4B44E 		.ascii	"\323\304\264N\3218ze\305\343\013\242\010\024E5\301\241"
 200      D1387A65 
 200      C5E30BA2 
 200      08144535 
 200      C1A1
 201 0274 2C1347F8 		.ascii	",\023G\370\011\237\247Q\007B\247\320CX\000W\320r\030"
 201      099FA751 
 201      0742A7D0 
 201      43580057 
 201      D07218
 202 0287 DEF8B064 		.ascii	"\336\370\260d\014\343P\226^3\364o\346f\377\342`\221"
 202      0CE35096 
 202      5E33F46F 
 202      E666FFE2 
 202      6091
 203 0299 4B09E572 		.ascii	"K\011\345rU\342r\344B\316\254\300\271\324\277\223 \032"
 203      55E272E4 
 203      42CEACC0 
 203      B9D4BF93 
 203      201A
 204 02ab F78A245A 		.ascii	"\367\212$Z\200B\305&&\305J&\327(\223\274\227Ca\030\037"
 204      8042C526 
 204      26C54A26 
 204      D72893BC 
 204      97436118 
 205 02c0 664C4E0E 		.ascii	"fLN\016M_\266\227,\375n\336\022\231\323u\223\245\353"
 205      4D5FB697 
 205      2CFD6EDE 
 205      1299D375 
 205      93A5EB
 206 02d3 4A4B466A 		.ascii	"JKFj\251\344\324Q\017\234\313\014\025_jy\241\341\206"
 206      A9E4D451 
 206      0F9CCB0C 
 206      155F6A79 
 206      A1E186
 207 02e6 06DF5D40 		.ascii	"\006\337]@\251\324d\250Ti\250\214\032:\333\230Zl\317"
 207      A9D464A8 
 207      5469A88C 
 207      1A3ADB98 
 207      5A6CCF
 208 02f9 D2243A93 		.ascii	"\322$:\223\205Z\272\257\200\353c6\240\307\235{T\204"
 208      855ABAAF 
 208      80EB6336 
 208      A0C79D7B 
 208      5484
 209 030b 981EE304 		.ascii	"\230\036\343\004z\177\343\251\304E,\217\342q\004\015"
 209      7A7FE3A9 
 209      C4452C8F 
 209      E271040D 
 210 031b 293333E1 		.ascii	")33\341j\\\312\250t\335\237\255\346\253>\314\212\354"
 210      6A5CCAA8 
 210      74DD9FAD 
ARM GAS  /tmp/ccoj8IAI.s 			page 16


 210      E6AB3ECC 
 210      8AEC
 211 032d 82C28143 		.ascii	"\202\302\201Cv\332H\022Y\272\004I\207\264\010U\250\222"
 211      76DA4812 
 211      59BA0449 
 211      87B40855 
 211      A892
 212 033f AC29A473 		.ascii	"\254)\244sF\025l\371N\266\226\246i\035c(Z\024\337S\323"
 212      46156CF9 
 212      4EB696A6 
 212      691D6328 
 212      5A14DF53 
 213 0354 1C9503FC 		.ascii	"\034\225\003\374\026\205W!Gi\020A\367d\366\244\331r"
 213      16855721 
 213      47691041 
 213      F764F6A4 
 213      D972
 214 0366 E6D6A07F 		.ascii	"\346\326\240\177\037\333\235\341\300\231\023bwb\177"
 214      1FDB9DE1 
 214      C0991362 
 214      77627F
 215 0375 38ACE64C 		.ascii	"8\254\346L\311f\215n\212\3753\256f<\037\344\035\316"
 215      C9668D6E 
 215      8AFD33AE 
 215      663C1FE4 
 215      1DCE
 216 0387 B562D851 		.ascii	"\265b\330Q\202\035\237\315\214\267\266\310\363\216\304"
 216      821D9FCD 
 216      8CB7B6C8 
 216      F38EC4
 217 0396 F367C633 		.ascii	"\363g\3063'\242'K\003\243\235\241\022 Y\031pfe\240\300"
 217      27A2274B 
 217      03A39DA1 
 217      12205919 
 217      706665A0 
 218 03ab 38794E8D 		.ascii	"8yN\215\353\250'\241\260\240'Q+\333\351o]\022\305%\250"
 218      EBA827A1 
 218      B0A02751 
 218      2BDBE96F 
 218      5D12C525 
 219 03c0 1126D660 		.ascii	"\021&\326`\312\215\363\374F\037K\027\3612\025Z\347\214"
 219      CA8DF3FC 
 219      461F4B17 
 219      F132155A 
 219      E78C
 220 03d2 5C619BDE 		.ascii	"\\a\233\336\203m\352\314\267i=\320\271\313\267y\352"
 220      836DEACC 
 220      B7693DD0 
 220      B9CBB779 
 220      EA
 221 03e3 E99B8BF0 		.ascii	"\351\233\213\360\003\346 !\276\264\300a\336\001l\337"
 221      03E62021 
 221      BEB4C061 
 221      DE016CDF 
 222 03f3 7CBA7D1F 		.ascii	"|\272}\037\200\207\373&\017\215\310\202\213&\363.&{"
 222      8087FB26 
 222      0F8DC882 
ARM GAS  /tmp/ccoj8IAI.s 			page 17


 222      8B26F32E 
 222      267B
 223 0405 AF16599B 		.ascii	"\257\026Y\233R\201\250\275Z\350\257\241\021i\246\251"
 223      5281A8BD 
 223      5AE8AFA1 
 223      1169A6A9 
 224 0415 B823A522 		.ascii	"\270#\245\"\355l\302\260\015\011_\330\257\263\336!F"
 224      ED6CC2B0 
 224      0D095FD8 
 224      AFB3DE21 
 224      46
 225 0426 0CDAC8AD 		.ascii	"\014\332\310\255\267\274\311zaG\334~\276$\323H-\275"
 225      B7BCC97A 
 225      6147DC7E 
 225      BE24D348 
 225      2DBD
 226 0438 D23E6EB4 		.ascii	"\322>n\264cz'\011\377\324\360\261F\015O\264\003\350"
 226      637A2709 
 226      FFD4F0B1 
 226      460D4FB4 
 226      03E8
 227 044a 372693C7 		.ascii	"7&\223\307\355q'\337\357\255%\221<\323\037\203\272w"
 227      ED7127DF 
 227      EFAD2591 
 227      3CD31F83 
 227      BA77
 228 045c 302FC9D6 		.ascii	"0/\311\326b\242\273\244Dw2\236\021})m\202rA>\004x;\205"
 228      62A2BBA4 
 228      4477329E 
 228      117D296D 
 228      8272413E 
 229 0474 77539E5D 		.ascii	"wS\236]\022\317\243#S\277\345\353Q^\362\035i\311G\347"
 229      12CFA323 
 229      53BFE5EB 
 229      515EF21D 
 229      69C947E7 
 230 0488 FBAF276B 		.ascii	"\373\257'k9KR\020o4$e\333\340A\306\362iT\304\013\276"
 230      394B5210 
 230      6F342465 
 230      DBE041C6 
 230      F26954C4 
 231 049e 6FC8A66B 		.ascii	"o\310\246k:\336\373Rk\221e\277\304\3621c\031\225\234"
 231      3ADEFB52 
 231      6B9165BF 
 231      C4F23163 
 231      19959C
 232 04b1 9E62AD64 		.ascii	"\236b\255d\331\013\360\036\012\037\240,\373%\226\221"
 232      D90BF01E 
 232      0A1FA02C 
 232      FB259691 
 233 04c1 67A36F60 		.ascii	"g\243o`\226\253_s*\300\210\312\264\302\204\005\333r"
 233      96AB5F73 
 233      2AC088CA 
 233      B4C28405 
 233      DB72
 234 04d3 F04DF65F 		.ascii	"\360M\366_\024\276j\345\323N\303$\342\305\315\261\374"
 234      14BE6AE5 
ARM GAS  /tmp/ccoj8IAI.s 			page 18


 234      D34EC324 
 234      E2C5CDB1 
 234      FC
 235 04e4 1CE8946F 		.ascii	"\034\350\224o['\276mC\373s\367a<\312\3420y4b\277\206"
 235      5B27BE6D 
 235      43FB73F7 
 235      613CCAE2 
 235      30793462 
 236 04fa 81DF06B5 		.ascii	"\201\337\006\265\")\371\367\026\3030.\205a\214\321\274"
 236      2229F9F7 
 236      16C3302E 
 236      85618CD1 
 236      BC
 237 050b 56D77AC9 		.ascii	"V\327z\311V\031\206'\000\037\241\360\011Js\\\242YP2"
 237      56198627 
 237      001FA1F0 
 237      094A735C 
 237      A2595032 
 238 051f 9E29550F 		.ascii	"\236)U\017B\2637\273;C\213\247\030\2153\306\003\025"
 238      42B337BB 
 238      3B438BA7 
 238      188D33C6 
 238      0315
 239 0531 3C1D6924 		.ascii	"<\035i$WsIc)\366x\226uJ\211t\344\211\374y\2400O\300"
 239      57734963 
 239      29F67896 
 239      754A8974 
 239      E489FC79 
 240 0549 919876FE 		.ascii	"\221\230v\376\322\021\023c\303G\222\265\331\321\334"
 240      D2111363 
 240      C34792B5 
 240      D9D1DC
 241 0558 98678F0F 		.ascii	"\230g\217\017\262\316\302\276\312ri$\351\334\237\323"
 241      B2CEC2BE 
 241      CA726924 
 241      E9DC9FD3 
 242 0568 7DC00A1F 		.ascii	"}\300\012\037a\235]\355\217\243\034p\022Sn\227\357\375"
 242      619D5DED 
 242      8FA31C70 
 242      12536E97 
 242      EFFD
 243 057a 27CE64BF 		.ascii	"'\316d\277\253\037\205\177\310\006\205\223\002}\353"
 243      AB1F857F 
 243      C8068593 
 243      027DEB
 244 0589 445E2A66 		.ascii	"D^*f\361K\243\313?\2774*l1>C\301\213ot\235J\322\240"
 244      F14BA3CB 
 244      3FBF342A 
 244      6C313E43 
 244      C18B6F74 
 245 05a1 15FC594A 		.ascii	"\025\374YJ>\\V\244\213\341\241P{F>\034\270\027.\212"
 245      3E5C56A4 
 245      8BE1A150 
 245      7B463E1C 
 245      B8172E8A 
 246 05b5 DFDBA356 		.ascii	"\337\333\243V\344\210\352\2408D\011K\347\267\035\252"
 246      E488EAA0 
ARM GAS  /tmp/ccoj8IAI.s 			page 19


 246      3844094B 
 246      E7B71DAA 
 247 05c5 A6615A43 		.ascii	"\246aZC.\253l\300\340\016\370\010\307h\010\320/9ZJ;"
 247      2EAB6CC0 
 247      E00EF808 
 247      C76808D0 
 247      2F395A4A 
 248 05da 7AB1001D 		.ascii	"z\261\000\035\006h\277\004\212&\213#T`\350\371\225u"
 248      0668BF04 
 248      8A268B23 
 248      5460E8F9 
 248      9575
 249 05ec 438E2675 		.ascii	"C\216&u\252\236\333\206\254\240_\270m)W|]\311\320\023"
 249      AA9EDB86 
 249      ACA05FB8 
 249      6D29577C 
 249      5DC9D013 
 250 0600 32F47325 		.ascii	"2\364s%\372\231\222w\225\214\367\254\222\267N\001n\221"
 250      FA999277 
 250      958CF7AC 
 250      92B74E01 
 250      6E91
 251 0612 816794E0 		.ascii	"\201g\224\340WJ\323\3232\364S%z\322\204\216\345\253"
 251      574AD3D3 
 251      32F45325 
 251      7AD2848E 
 251      E5AB
 252 0624 70BD5A05 		.ascii	"p\275Z\005\213\304\031\216\011\322E\320\260\271\320"
 252      8BC4198E 
 252      09D245D0 
 252      B0B9D0
 253 0633 8F820BDA 		.ascii	"\217\202\013\332'\254@\021 \221 \321 a \337\203\354"
 253      27AC4011 
 253      209120D1 
 253      206120DF 
 253      83EC
 254 0645 07390072 		.ascii	"\0079\000r\020$\006d/\310\017 \341\302\012z\021e\001"
 254      10240664 
 254      2FC80F20 
 254      E1C20A7A 
 254      116501
 255 0658 29F33305 		.ascii	")\3633\005dT\031\220ae\370\2729\032\016Pt\233\243\245"
 255      64541990 
 255      6165F8BA 
 255      391A0E50 
 255      749BA3A5 
 256 066c 6315DD7C 		.ascii	"c\025\335|-|~\2469\366)\347\370\3505\333\262\324L+\231"
 256      2D7C7EA6 
 256      39F629E7 
 256      F8E835DB 
 256      B2D44C2B 
 257 0681 4C99D0EC 		.ascii	"L\231\320\354x\232\355p\014\025EDP*~4\231&u\177\300"
 257      789AED70 
 257      0C154544 
 257      502A7E34 
 257      9926757F 
 258 0696 E9902856 		.ascii	"\351\220(V\270\222\272\012\327\024fK\252\266\360\272"
ARM GAS  /tmp/ccoj8IAI.s 			page 20


 258      B892BA0A 
 258      D714664B 
 258      AAB6F0BA 
 259 06a6 326F0B16 		.ascii	"2o\013\026\375\354\375\216\233\010w\322E/\204^M\255"
 259      FDECFD8E 
 259      9B0877D2 
 259      452F845E 
 259      4DAD
 260 06b8 B3432E4B 		.ascii	"\263C.K\231\217\347\003\032\270\270\243\30308V\230?"
 260      998FE703 
 260      1AB8B8A3 
 260      C3303856 
 260      983F
 261 06ca 008947F3 		.ascii	"\000\211G\363yA\207 \035\377\213\324\220\275\032\235"
 261      79418720 
 261      1DFF8BD4 
 261      90BD1A9D 
 262 06da 37E1601F 		.ascii	"7\341`\0375\177\345\246,L%+N\260\247/$\360M\256^\265"
 262      357FE5A6 
 262      2C4C252B 
 262      4EB0A72F 
 262      24F04DAE 
 263 06f0 B7DB7895 		.ascii	"\267\333x\225\211$\033yn\2409\203\227\2441\372\2462"
 263      89241B79 
 263      6EA03983 
 263      97A431FA 
 263      A632
 264 0702 9352C475 		.ascii	"\223R\304u'Yiq\342\245e\346@I\202\345;K\202\300\253"
 264      27596971 
 264      E2A565E6 
 264      404982E5 
 264      3B4B82C0 
 265 0717 E379561D 		.ascii	"\343yV\035\247\302\213:\221\262:\036\203\020\034\025"
 265      A7C28B3A 
 265      91B23A1E 
 265      83101C15 
 266 0727 083C5170 		.ascii	"\010<Qp\224\006\021\364\305\372\246\347\266x\220\025"
 266      940611F4 
 266      C5FAA6E7 
 266      B6789015 
 267 0737 A0B4D9D8 		.ascii	"\240\264\331\330t;\351\304\210\3745'\306\376\306\266"
 267      743BE9C4 
 267      88FC3527 
 267      C6FEC6B6 
 268 0747 0B0B9C25 		.ascii	"\013\013\234%\013op\326\320w<\234\237\357wT\262W\005"
 268      0B6F70D6 
 268      D0773C9C 
 268      9FEF7754 
 268      B25705
 269 075a 47F6AA20 		.ascii	"G\366\252 UM'^5\213\313\353+\021\036e\334\312&rO\361"
 269      554D275E 
 269      358BCBEB 
 269      2B111E65 
 269      DCCA2672 
 270 0770 B1A48A47 		.ascii	"\261\244\212G&L\334Yl1&\031RL\322\005J\263\371\345\255"
 270      264CDC59 
 270      6C312619 
ARM GAS  /tmp/ccoj8IAI.s 			page 21


 270      524CD205 
 270      4AB3F9E5 
 271 0785 162B654C 		.ascii	"\026+eL\322\200f*\245y\202\322\314\220h>\314O\350\263"
 271      D280662A 
 271      A57982D2 
 271      CC90683E 
 271      CC4FE8B3 
 272 0799 514ECA22 		.ascii	"QN\312\"\372\300\255\213\345<\271\025D\357\233\315\257"
 272      FAC0AD8B 
 272      E53CB915 
 272      44EF9BCD 
 272      AF
 273 07aa B2C14F19 		.ascii	"\262\301O\031\353\303\207^Vi\360K\246\024=\311.Z\304"
 273      EBC3875E 
 273      5669F04B 
 273      A6143DC9 
 273      2E5AC4
 274 07bd 9046A227 		.ascii	"\220F\242'\026?\255\3427\026\215\254\333\211wOf\217"
 274      163FADE2 
 274      37168DAC 
 274      DB89774F 
 274      668F
 275 07cf 65       		.ascii	"e"
 276 07d0 5AE31936 		.ascii	"Z\343\03166\252\260\341\241\332\342|\317I\363u\245\323"
 276      36AAB0E1 
 276      A1DAE27C 
 276      CF49F375 
 276      A5D3
 277 07e2 8D2F89BF 		.ascii	"\215/\211\277\350\240\234n6L\340\014\235\300y:\201s"
 277      E8A09C6E 
 277      364CE00C 
 277      9DC0793A 
 277      8173
 278 07f4 D204CE3F 		.ascii	"\322\004\316?\233\274\242UN\327\"\372t_r4\317\303'\240"
 278      9BBCA255 
 278      4ED722FA 
 278      745F7234 
 278      CFC327A0 
 279 0808 1E9B3A3E 		.ascii	"\036\233:>\270\010\303\033\032\351\033y2\223\343\200"
 279      B808C31B 
 279      1AE91B79 
 279      3293E380 
 280 0818 2398525C 		.ascii	"#\230R\\t\265\234\317\316\025\324\354\263\245uv8\212"
 280      74B59CCF 
 280      CE15D4EC 
 280      B3A57576 
 280      388A
 281 082a F5CDC4A4 		.ascii	"\365\315\304\244\346\333\342\030\246$M\266\017\360\325"
 281      E6DBE218 
 281      A6244DB6 
 281      0FF0D5
 282 0839 EF42129D 		.ascii	"\357B\022\235\361\323![\034\317\372\346b\"\023lp\"S"
 282      F1D3215B 
 282      1CCFFAE6 
 282      6222136C 
 282      702253
 283 084c E2EAE232 		.ascii	"\342\352\3422\354p*S\236\204\367v\362\265\263\014\324"
ARM GAS  /tmp/ccoj8IAI.s 			page 22


 283      EC702A53 
 283      9E84F776 
 283      F2B5B30C 
 283      D4
 284 085d 57FD71CD 		.ascii	"W\375q\315\374\355\305^v\027q\342w\221\363\317\243\217"
 284      FCEDC55E 
 284      761771E2 
 284      7791F3CF 
 284      A38F
 285 086f DAE14C36 		.ascii	"\332\341L6\264\2519\3742\307\332\201\032S\335\361\017"
 285      B4A939FC 
 285      32C7DA81 
 285      1A53DDF1 
 285      0F
 286 0880 8B91BD2E 		.ascii	"\213\221\275.E\366\032[IU\0255\007\325\312\353\362U"
 286      45F61A5B 
 286      49551535 
 286      07D5CAEB 
 286      F255
 287 0892 0856310D 		.ascii	"\010V1\015\226\221\006\353\272\024\254\214\204\260i"
 287      969106EB 
 287      BA14AC8C 
 287      84B069
 288 08a1 2BE5F5D7 		.ascii	"+\345\365\327\"\272\244\276m=\316b\034\237\325\265u"
 288      22BAA4BE 
 288      6D3DCE62 
 288      1C9FD5B5 
 288      75
 289 08b2 217C8E29 		.ascii	"!|\216)\341\325\225\247lp\036S\206\263j+\254q\021Sz"
 289      E1D595A7 
 289      6C701E53 
 289      86B36A2B 
 289      AC711153 
 290 08c7 FAA62F61 		.ascii	"\372\246/a|\225)'\207\323\017\332\342R>\246\347I\035"
 290      7C952927 
 290      87D30FDA 
 290      E2523EA6 
 290      E7491D
 291 08da 8FCF0F64 		.ascii	"\217\317\017d3\275\032+\274'E\204\254\266\301g\275s"
 291      33BD1A2B 
 291      BC274584 
 291      ACB6C167 
 291      BD73
 292 08ec 1A7C9B82 		.ascii	"\032|\233\202\337\036.\210\315\264_x\231`\217\013\010"
 292      DF1E2E88 
 292      CDB45F78 
 292      99608F0B 
 292      08
 293 08fd 3B2CEA46 		.ascii	";,\352FH\315>\346\212J\005GT\002\345\266\001\012\236"
 293      48CD3EE6 
 293      8A4A0547 
 293      5402E5B6 
 293      010A9E
 294 0910 34157445 		.ascii	"4\025tEP\\\022\272\375M\227\204r\216\236/&\364h\316"
 294      505C12BA 
 294      FD4D9784 
 294      728E9E2F 
ARM GAS  /tmp/ccoj8IAI.s 			page 23


 294      26F468CE 
 295 0924 410C1D07 		.ascii	"A\014\035\007\306\273\003\330\331\222\011\266\217s\264"
 295      C6BB03D8 
 295      D99209B6 
 295      8F73B4
 296 0933 B4E1D04F 		.ascii	"\264\341\320OJ\333\365;M\266/+m\263+\205d\234\336Wd"
 296      4ADBF53B 
 296      4DB62F2B 
 296      6DB32B85 
 296      649CDE57 
 297 0948 F08B4A78 		.ascii	"\360\213Jx\276\334x\0341\036\300\320d\023\234V\242O"
 297      BEDC781C 
 297      311EC0D0 
 297      64139C56 
 297      A24F
 298 095a 2AA9B4C8 		.ascii	"*\251\264\310l_R\242\013\225\350AYPn)\321gLh\371\341"
 298      6C5F52A2 
 298      0B95E841 
 298      59506E29 
 298      D1674C68 
 299 0970 550961A8 		.ascii	"U\011a\250\240]\015\374\344z\010'\327=8\215j@\352AZ"
 299      A05D0DFC 
 299      E47A0827 
 299      D73D388D 
 299      6A40EA41 
 300 0985 41EE83B4 		.ascii	"A\356\203\264\203T\203\324\201\334\005i\001\371\031"
 300      835483D4 
 300      81DC0569 
 300      01F919
 301 0994 A40DA411 		.ascii	"\244\015\244\021\244\013\244\003\344\016H'H-\310\003"
 301      A40BA403 
 301      E40E4827 
 301      482DC803 
 302 09a4 906690A6 		.ascii	"\220f\220\246\371K\007\211A\213\277)\006\267\315&O6"
 302      F94B0789 
 302      418BBF29 
 302      06B7CD26 
 302      4F36
 303 09b6 A9695908 		.ascii	"\251iY\010.(\301\271\312\020L\313BpC\211N}\015\035`"
 303      2E28C1B9 
 303      CA104CCB 
 303      42704389 
 303      4E7D0D1D 
 304 09cb 425729D1 		.ascii	"BW)\321\361\013RG\256\261|\025\245\300*J\342h\351,\342"
 304      F10B5247 
 304      AEB17C15 
 304      A5C02A4A 
 304      E268E92C 
 305 09e0 EF06F2AB 		.ascii	"\357\006\362\253&G\303\031E/\246\013\320G\004\345*\352"
 305      2647C319 
 305      452FA60B 
 305      D04704E5 
 305      2AEA
 306 09f2 964DB3C8 		.ascii	"\226M\263\310|\246\345\360\011\331<o\232O\365\002\270"
 306      7CA6E5F0 
 306      09D93C6F 
 306      9A4FF502 
ARM GAS  /tmp/ccoj8IAI.s 			page 24


 306      B8
 307 0a03 CC7A81F9 		.ascii	"\314z\201\3715*\207\227\311\340e\346\243\310\340\354"
 307      352A8797 
 307      C9E065E6 
 307      A3C8E0EC 
 308 0a13 A25437CC 		.ascii	"\242T7\314.c\015\312\313\030\211Z\335\023~\031\313\201"
 308      2E630DCA 
 308      CB18895A 
 308      DD137E19 
 308      CB81
 309 0a25 409CE5C6 		.ascii	"@\234\345\306\244\362\217\262\224\373\243E\266?N\231"
 309      A4F28FB2 
 309      94FBA345 
 309      B63F4E99 
 310 0a35 DF1F0B98 		.ascii	"\337\037\013\230\3122\230g~u08\224\244\272\216\370:"
 310      CA329867 
 310      7E753038 
 310      94A4BA8E 
 310      F83A
 311 0a47 35AEA525 		.ascii	"5\256\245%I(j\312\217w@K]\314\355\005\324\003[\340\377"
 311      49286ACA 
 311      8F77404B 
 311      5DCCED05 
 311      D4035BE0 
 312 0a5c B11D58F8 		.ascii	"\261\035X\370\312G\255\311=\363\0218\3546\3353\033\350"
 312      CA47ADC9 
 312      3DF31138 
 312      EC36DD33 
 312      1BE8
 313 0a6e 3D93FCA1 		.ascii	"=\223\374\241\260\246-\314F~\025|\264\340*\330\313\257"
 313      B0A62DCC 
 313      467E157C 
 313      B4E02AD8 
 313      CBAF
 314 0a80 82BDF42A 		.ascii	"\202\275\364*XS\223_\201\360}V\243\323\373k+\371\021"
 314      5853935F 
 314      81F07D56 
 314      A3D3FB6B 
 314      2BF911
 315 0a93 F92EF9F3 		.ascii	"\371.\371\363\345\341\341h\304Jt?)\331\307k'\217hq\017"
 315      E5E1E168 
 315      C44A743F 
 315      29D9C76B 
 315      278F6871 
 316 0aa8 C35E2A19 		.ascii	"\303^*\031Y\313\240\344\335\360\356O\211\335\310\342"
 316      59CBA0E4 
 316      DDF0EE4F 
 316      89DDC8E2 
 317 0ab8 A135241D 		.ascii	"\2415$\035Z\203\354\320j|Y2m\217G\250!ug\306\304\220"
 317      5A83ECD0 
 317      6A7C5932 
 317      6D8F47A8 
 317      217567C6 
 318 0ace 35727146 		.ascii	"5rqFH\013rR\372\373\267\012\215BF\207\005,\375\377A"
 318      480B7252 
 318      FAFBB70A 
 318      8D424687 
ARM GAS  /tmp/ccoj8IAI.s 			page 25


 318      052CFDFF 
 319 0ae3 A208E6C7 		.ascii	"\242\010\346\307\276#\315\346\376\2344\002a\037\245"
 319      BE23CDE6 
 319      FE9C3402 
 319      611FA5
 320 0af2 7EC6202B 		.ascii	"~\306 +O\300Q\"\304\210\264\220\327\352\027'35\362s"
 320      4FC05122 
 320      C488B490 
 320      D7EA1727 
 320      3335F273 
 321 0b06 8FD8EE07 		.ascii	"\217\330\356\007\334c\232\361qz\356\015I\347^L\355q"
 321      DC639AF1 
 321      717AEE0D 
 321      49E75E4C 
 321      ED71
 322 0b18 F6A71AE2 		.ascii	"\366\247\032\342#\362\215>H\270;\022\333\265r\333\023"
 322      23F28D3E 
 322      48B83B12 
 322      DBB572DB 
 322      13
 323 0b29 6FB25D9E 		.ascii	"o\262]\236\322\265\376\375\014\361\216Q4\016]qM\332"
 323      D2B5FEFD 
 323      0CF18E51 
 323      340E5D71 
 323      4DDA
 324 0b3b 6B14C3D6 		.ascii	"k\024\303\326\243IX\351\003\220I#Z.\033\331\007-[\005"
 324      A34958E9 
 324      03904923 
 324      5A2E1BD9 
 324      072D5B05 
 325 0b4f 157A2ABC 		.ascii	"\025z*\274\257Z\022\360/?\337\215\001>_\372\033\266"
 325      AF5A12F0 
 325      2F3FDF8D 
 325      013E5FFA 
 325      1BB6
 326 0b61 197C4302 		.ascii	"\031|C\002\2034\177\371\354\213\367\334\327\254Qi\275"
 326      83347FF9 
 326      EC8BF7DC 
 326      D7AC5169 
 326      BD
 327 0b72 BD77FB05 		.ascii	"\275w\373\005\204\254[\353\035\362w]\340\256\020\335"
 327      84AC5BEB 
 327      1DF2775D 
 327      E0AE10DD 
 328 0b82 D7BEBEAB 		.ascii	"\327\276\276\253|\202v\256\012\010\0140\2542\370|\351"
 328      7C8276AE 
 328      0A080C30 
 328      AC32F87C 
 328      E9
 329 0b93 B7EAA355 		.ascii	"\267\352\243Uk]\327|\274\352\233\265\253v\357\332\356"
 329      6B5DD77C 
 329      BCEA9BB5 
 329      AB76EFDA 
 329      EE
 330 0ba4 1362D02D 		.ascii	"\023b\320-\350\326\371\005\370\372\357\336n\320\355"
 330      E8D6F905 
 330      F8FAEFDE 
ARM GAS  /tmp/ccoj8IAI.s 			page 26


 330      6ED0ED
 331 0bb3 F4F1DDE1 		.ascii	"\364\361\335\341\027`\320yo7|\345\263\333?\304;d\317"
 331      1760D079 
 331      6F377CE5 
 331      B3DB3FC4 
 331      3B64CF
 332 0bc6 2E43F0EA 		.ascii	".C\360\352\035*\215\344\340o\377\235\203\340=\301:\357"
 332      1D2A8DE4 
 332      E06FFF9D 
 332      83E03DC1 
 332      3AEF
 333 0bd8 E090ED60 		.ascii	"\340\220\355`\015\254~\260z\265\216\375\013\014\326"
 333      0DAC7EB0 
 333      7AB58EFD 
 333      0B0CD6
 334 0be7 EDF0F1D7 		.ascii	"\355\360\361\327\355\012\014\012\011\326\371\006\356"
 334      ED0A0C0A 
 334      09D6F906 
 334      EE
 335 0bf4 DC1918A0 		.ascii	"\334\031\030\240s\323oq\337\362\255\216L{\265\257\352"
 335      73D36F71 
 335      DFF2AD8E 
 335      4C7BB5AF 
 335      EA
 336 0c05 37E47B83 		.ascii	"7\344{\203_\260i\376\316\244\305\313\020\342\265'8\304"
 336      5FB069FE 
 336      CEA4C5CB 
 336      10E2B527 
 336      38C4
 337 0c17 B073B34F 		.ascii	"\260s\263O\300v\177C\220g\220_`\220_\310\036\032-w\177"
 337      C0767F43 
 337      9067905F 
 337      60905FC8 
 337      1E1A2D77 
 338 0c2c 834F90A7 		.ascii	"\203O\220\247!\000\334}m\253\337\350\265Q\277m\343\206"
 338      2100DC7D 
 338      6DABDFE8 
 338      B551BF6D 
 338      E386
 339 0c3e 3F0A1E9E 		.ascii	"?\012\036\236\266,b\237x\207\330\360\357\371\356?\250"
 339      B62C629F 
 339      7887D8F0 
 339      EFF9EE3F 
 339      A8
 340 0c4f 3DDC3ED5 		.ascii	"=\334>\325\317\253\353\324\036\356\236&u\255\332\303"
 340      CFABEBD4 
 340      1EEE9E26 
 340      75ADDAC3 
 341 0c5f CB53AFD1 		.ascii	"\313S\257\3213m\015tn4u\272B\347F\275\332k\253\207\336"
 341      336D0D74 
 341      6E3475BA 
 341      42E746BD 
 341      DA6BAB87 
 342 0c74 553E333E 		.ascii	"U>3>\037\303\267!:\367-^\036^\363\321\360\015\0142x"
 342      1FC3B721 
 342      3AF72D5E 
 342      1E5EF3D1 
ARM GAS  /tmp/ccoj8IAI.s 			page 27


 342      F00D0C32 
 343 0c89 FBEE5C07 		.ascii	"\373\356\\\007\241\260\375l\233\207\273\367V\0107\030"
 343      A1B0FD6C 
 343      9B87BBF7 
 343      56083718 
 344 0c99 71D3ABB7 		.ascii	"q\323\253\267l\331\244\307n\033\364x\003|{n\322\253"
 344      6CD9A4C7 
 344      6E1BF478 
 344      037C7B6E 
 344      D2AB
 345 0cab DD3679E9 		.ascii	"\3356y\351\325\237nr\323[A\027\0006\020}3\371p\207\017"
 345      D59F6E72 
 345      D35B4117 
 345      0036107D 
 345      33F97087 
 346 0cc0 2BAFCDEE 		.ascii	"+\257\315\356^z\354\265\331\023\273\273\303\267\273"
 346      5E7AECB5 
 346      D913BBBB 
 346      C3B7BB
 347 0ccf DECACD43 		.ascii	"\336\312\315C\357\256Wo\333\372\271\036X\002\302\335"
 347      EFAE576F 
 347      DBFAB91E 
 347      5802C2DD 
 348 0cdf F30B8F0D 		.ascii	"\363\013\217\015\360\351\346\256\327x\271\177J}-\362"
 348      F0E9E6AE 
 348      D778B97F 
 348      4A7D2DF2 
 349 0cef F6FE6A77 		.ascii	"\366\376jw\200\257\267\367\352\217>Y\267N#ij\337\035"
 349      80AFB7F7 
 349      EA8F3E59 
 349      B74E2369 
 349      6ADF1D
 350 0d02 3E41FF01 		.ascii	">A\377\001(\351\327\371"
 350      28E9D7F9 
 351              		.text
 352              		.section	.gnu.lto_.symtab.6eed590646ba36d6,"",%progbits
 353 0000 6E766963 		.ascii	"nvicEnableVector\000"
 353      456E6162 
 353      6C655665 
 353      63746F72 
 353      00
 354 0011 00       		.ascii	"\000"
 355 0012 00       		.ascii	"\000"
 356 0013 00       		.ascii	"\000"
 357 0014 00000000 		.ascii	"\000\000\000\000\000\000\000\000"
 357      00000000 
 358 001c BA000000 		.ascii	"\272\000\000\000"
 359 0020 6E766963 		.ascii	"nvicDisableVector\000"
 359      44697361 
 359      626C6556 
 359      6563746F 
 359      7200
 360 0032 00       		.ascii	"\000"
 361 0033 00       		.ascii	"\000"
 362 0034 00       		.ascii	"\000"
 363 0035 00000000 		.ascii	"\000\000\000\000\000\000\000\000"
 363      00000000 
ARM GAS  /tmp/ccoj8IAI.s 			page 28


 364 003d BE000000 		.ascii	"\276\000\000\000"
 365 0041 6E766963 		.ascii	"nvicSetSystemHandlerPriority\000"
 365      53657453 
 365      79737465 
 365      6D48616E 
 365      646C6572 
 366 005e 00       		.ascii	"\000"
 367 005f 00       		.ascii	"\000"
 368 0060 00       		.ascii	"\000"
 369 0061 00000000 		.ascii	"\000\000\000\000\000\000\000\000"
 369      00000000 
 370 0069 C0000000 		.ascii	"\300\000\000\000"
 371 006d 6E766963 		.ascii	"nvicClearPending\000"
 371      436C6561 
 371      7250656E 
 371      64696E67 
 371      00
 372 007e 00       		.ascii	"\000"
 373 007f 00       		.ascii	"\000"
 374 0080 00       		.ascii	"\000"
 375 0081 00000000 		.ascii	"\000\000\000\000\000\000\000\000"
 375      00000000 
 376 0089 C2000000 		.ascii	"\302\000\000\000"
 377              		.text
 378              		.section	.gnu.lto_.opts,"",%progbits
 379 0000 272D666D 		.ascii	"'-fmath-errno' '-fsigned-zeros' '-ftrapping-math' '"
 379      6174682D 
 379      6572726E 
 379      6F272027 
 379      2D667369 
 380 0033 2D666E6F 		.ascii	"-fno-trapv' '-fno-openmp' '-fno-openacc' '-mcpu=cor"
 380      2D747261 
 380      70762720 
 380      272D666E 
 380      6F2D6F70 
 381 0066 7465782D 		.ascii	"tex-m3' '-mno-thumb-interwork' '-mthumb' '-ggdb' '-"
 381      6D332720 
 381      272D6D6E 
 381      6F2D7468 
 381      756D622D 
 382 0099 4F322720 		.ascii	"O2' '-fomit-frame-pointer' '-falign-functions=16' '"
 382      272D666F 
 382      6D69742D 
 382      6672616D 
 382      652D706F 
 383 00cc 2D666675 		.ascii	"-ffunction-sections' '-fdata-sections' '-fno-common"
 383      6E637469 
 383      6F6E2D73 
 383      65637469 
 383      6F6E7327 
 384 00ff 2720272D 		.ascii	"' '-flto'\000"
 384      666C746F 
 384      2700
 385              		.text
 386              		.comm	__gnu_lto_v1,1,1
 387              		.comm	__gnu_lto_slim,1,1
 388              		.ident	"GCC: (GNU Tools for ARM Embedded Processors 6-2017-q2-update) 6.3.1 20170620 (release) [AR
ARM GAS  /tmp/ccoj8IAI.s 			page 29


ARM GAS  /tmp/ccoj8IAI.s 			page 30


DEFINED SYMBOLS
                            *ABS*:0000000000000000 nvic.c
                            *COM*:0000000000000001 __gnu_lto_v1
                            *COM*:0000000000000001 __gnu_lto_slim

NO UNDEFINED SYMBOLS
