ARM GAS  /tmp/ccUnfzhi.s 			page 1


   1              		.syntax unified
   2              		.cpu cortex-m3
   3              		.fpu softvfp
   4              		.eabi_attribute 20, 1
   5              		.eabi_attribute 21, 1
   6              		.eabi_attribute 23, 3
   7              		.eabi_attribute 24, 1
   8              		.eabi_attribute 25, 1
   9              		.eabi_attribute 26, 1
  10              		.eabi_attribute 30, 2
  11              		.eabi_attribute 34, 1
  12              		.eabi_attribute 18, 4
  13              		.thumb
  14              		.file	"board.c"
  15              		.text
  16              	.Ltext0:
  17              		.section	.gnu.lto_.jmpfuncs.5d846184c1d4861f,"",%progbits
  18 0000 789C6362 		.ascii	"x\234cb`b\300\006\330\2414H\226\221\201\001\000\001"
  18      6062C006 
  18      D8A13448 
  18      96918101 
  18      0001
  19 0012 39000F   		.ascii	"9\000\017"
  20              		.text
  21              		.section	.gnu.lto_.inline.5d846184c1d4861f,"",%progbits
  22 0000 789C6362 		.ascii	"x\234cb`b\300\006t\2404P\226\205\207\021\254\210m\201"
  22      6062C006 
  22      74A03450 
  22      96858711 
  22      AC886D81 
  23 0014 3C582D23 		.ascii	"<X-#\027\210``c\005\012\263}\320\203\2133\000\000<%"
  23      17886060 
  23      63050AB3 
  23      7DD0838B 
  23      3300003C 
  24 0029 0312     		.ascii	"\003\022"
  25              		.text
  26              		.section	.gnu.lto_.pureconst.5d846184c1d4861f,"",%progbits
  27 0000 789C6362 		.ascii	"x\234cb`b`e\200\000&\006\011F)\000\001\000\000?"
  27      60626065 
  27      80002606 
  27      09462900 
  27      0100003F 
  28              		.text
  29              		.section	.gnu.lto___early_init.5d846184c1d4861f,"",%progbits
  30 0000 789C6362 		.ascii	"x\234cb`b@\007\222@\\\011\304f@\314\310\314\300\310"
  30      60624007 
  30      92405C09 
  30      C46640CC 
  30      C8CCC0C8 
  31 0014 34E11C03 		.ascii	"4\341\034\003C#\007\023##\210\301\300\310P\317\304X"
  31      43230713 
  31      232388C1 
  31      C0C850CF 
  31      C458
  32 0026 1FC90856 		.ascii	"\037\311\010V\273\236\351\300\203\377\377\327mx\372"
  32      BB9EE9C0 
ARM GAS  /tmp/ccUnfzhi.s 			page 2


  32      83FFFFD7 
  32      6D78FA
  33 0035 301AA894 		.ascii	"0\032\250\224\201\201\225\241\245\241a\202\002\003C"
  33      818195A1 
  33      A5A16182 
  33      020343
  34 0044 32583E04 		.ascii	"2X>\004H\2024\20522\201h\346\363\014\315\017n\205%2"
  34      48823485 
  34      32328168 
  34      E6F30CCD 
  34      0F6E8525 
  35 0059 2E646405 		.ascii	".dd\005\312V3\374j\350h\020\310d\004\252\206\030\227"
  35      CA5633FC 
  35      6AE86810 
  35      C86404AA 
  35      861897
  36 006c 09A22F32 		.ascii	"\011\242/24>\270\315\004S\004\001!@\011\240\001 \307"
  36      343EB8CD 
  36      04530401 
  36      214009A0 
  36      0120C7
  37 007f 9AE8E9E9 		.ascii	"\232\350\351\351CP~\261~Fb\216~R~bQJ\261~pH|p\210\257"
  37      43507EB1 
  37      7E46628E 
  37      7E527E62 
  37      514AB17E 
  38 0099 B151984F 		.ascii	"\261Q\230O\274\213g\260\263\177\230kP$DN/\231\001\000"
  38      BC8B67B0 
  38      B37F986B 
  38      5024444E 
  38      2F990100 
  39 00ad 46DF31A8 		.ascii	"F\3371\250"
  40              		.text
  41              		.section	.gnu.lto_boardInit.5d846184c1d4861f,"",%progbits
  42 0000 789C6362 		.ascii	"x\234cb`b@\007\222@\374\025\210\315\200\230\221\231"
  42      60624007 
  42      9240FC15 
  42      88CD8098 
  42      9199
  43 0012 819169C2 		.ascii	"\201\221i\3029\006\206F\016&FF\020\203\201\221\241\236"
  43      39068646 
  43      0E264646 
  43      10838191 
  43      A19E
  44 0024 89B13E92 		.ascii	"\211\261>\222\021\254v=\323\201\007\377\377\257\273"
  44      11AC763D 
  44      D38107FF 
  44      FFAFBB
  45 0033 B0F36136 		.ascii	"\260\363a6#+\023C&#\0033\210\000\002V\206\226\206\206"
  45      232B1343 
  45      26230333 
  45      88000256 
  45      86968686 
  46 0047 090A0C0C 		.ascii	"\011\012\014\014\311`n\010\220\004i\017ed\002\321\314"
  46      C9606E08 
  46      9004690F 
  46      656402D1 
ARM GAS  /tmp/ccUnfzhi.s 			page 3


  46      CC
  47 0058 67190EDD 		.ascii	"g\031\016\335\272q\213?\221q!#+C:#\2236\303\252\206"
  47      BA718B3F 
  47      91712123 
  47      2B433A23 
  47      9336C3AA 
  48 006d 9646814C 		.ascii	"\226F\201LF\306\331\014\263\0303\031\231\"\200\004s"
  48      46C6D90C 
  48      B3183319 
  48      99228004 
  48      73
  49 007e 43434B03 		.ascii	"CCK\003\013\003\230\011\266.\211\021\346\310\263\014"
  49      0B039809 
  49      B62E8911 
  49      E6C8B30C 
  50 008e CD3B9961 		.ascii	"\315;\231a\272\231\323!\352\031\004\3002\207<!\022\244"
  50      BA99D321 
  50      EA1904C0 
  50      32873C21 
  50      12A4
  51 00a0 99990EE2 		.ascii	"\231\231\016\342_dh|\360\232\011\242\035\006B\030\031"
  51      5F64687C 
  51      F09A09A2 
  51      1D064218 
  51      19
  52 00b1 414E0605 		.ascii	"AN\006\005\224\211\236\236>\004\345\027\353g$\346\350"
  52      94899E9E 
  52      3E04E517 
  52      EB6724E6 
  52      E8
  53 00c2 27E52716 		.ascii	"'\345'\026\245\024\353\007\207\304\007\207\370\032\033"
  53      A514EB07 
  53      87C40787 
  53      F81A1B
  54 00d1 85F9C4BB 		.ascii	"\205\371\304\273x\006;\373\207\271\006EB\344\364\222"
  54      78063BFB 
  54      87B90645 
  54      42E4F492 
  55 00e1 1900BD95 		.ascii	"\031\000\275\225H\343"
  55      48E3
  56              		.text
  57              		.section	.gnu.lto_.symbol_nodes.5d846184c1d4861f,"",%progbits
  58 0000 789C6362 		.ascii	"x\234cb`b\260e\200\002\246;\214\365\014\014\023\316"
  58      6062B065 
  58      8002A63B 
  58      8CF50C0C 
  58      13CE
  59 0012 3130D4D7 		.ascii	"10\324\327\317\353`d\272\313X\317\210\340\262\336fd"
  59      CFEB6064 
  59      BACB58CF 
  59      88E0B2DE 
  59      6664
  60 0024 60AD6760 		.ascii	"`\255g`\274\307X\317\004\021mh`df`fh~\360\217\221\001"
  60      BCC758CF 
  60      04116D68 
  60      60646660 
  60      66687EF0 
ARM GAS  /tmp/ccUnfzhi.s 			page 4


  61 003b 003FAE12 		.ascii	"\000?\256\022\022"
  61      12
  62              		.text
  63              		.section	.gnu.lto_.refs.5d846184c1d4861f,"",%progbits
  64 0000 789C6362 		.ascii	"x\234cb`b`d\200\002\000\000F\000\006"
  64      60626064 
  64      80020000 
  64      460006
  65              		.text
  66              		.section	.gnu.lto_.decls.5d846184c1d4861f,"",%progbits
  67 0000 789CAD56 		.ascii	"x\234\255V_L[U\030\377N\213\214\206f\1770[\324\007\327"
  67      5F4C5B55 
  67      18FF4E8B 
  67      8C86667F 
  67      305BD407 
  68 0015 69E6C392 		.ascii	"i\346\303\222\365\026\266E\037\314\022(\035VAH\313p"
  68      F516B645 
  68      1FCC1228 
  68      1D564148 
  68      CB70
  69 0027 BE783DB4 		.ascii	"\276x=\264\227\321Xz\311\345b\340\355\014\220\340\036"
  69      97D1587A 
  69      C9E562E0 
  69      ED0C90E0 
  69      1E
  70 0038 B42CC85E 		.ascii	"\264,\310^\246\001\034(\376\3116\015\312\014\221\352"
  70      A6011C28 
  70      FEC9360D 
  70      CA0C91EA 
  71 0048 B6944C47 		.ascii	"\266\224LG\346FR\015\032\232\305,\372b\266\304\305\314"
  71      E646520D 
  71      1A9AC52C 
  71      FA62B6C4 
  71      C5CC
  72 005a 2CD673CF 		.ascii	",\326s\317\271\227\336[Z(\306\223\236s\357=\347;\277"
  72      B997DE5B 
  72      5A28C693 
  72      9E73EF3D 
  72      E73BBF
  73 006d EF77BEEF 		.ascii	"\357w\276\357;\337W\033\330\340\014\000dh{\330\011\260"
  73      3BDF571B 
  73      D8E00C00 
  73      64687BD8 
  73      09B0
  74 007f D30660A7 		.ascii	"\323\006`\247\337\207!\333\264\357q\332\247h\237\246"
  74      DF8721DB 
  74      B4EF71DA 
  74      A7689FA6 
  75 008f 1DD1FE31 		.ascii	"\035\321\3761X\233\266N\267\302\015\332'\3649\233>?"
  75      589BB64E 
  75      B7C20DDA 
  75      27F4399B 
  75      3E3F
  76 00a1 0D6B9B86 		.ascii	"\015k\233\206UB\373\026\332o\322\276D\373m\035{Y\177"
  76      5542FB16 
  76      DA6FD2BE 
  76      44FB6D1D 
ARM GAS  /tmp/ccUnfzhi.s 			page 5


  76      7B597F
  77 00b4 4EE5D9B7 		.ascii	"N\345\331\267\033\336#c\351\364\033\243\337!r\212<\310"
  77      1BDE2363 
  77      E9F41BA3 
  77      DF21728A 
  77      3CC8
  78 00c6 64ECB00B 		.ascii	"d\354\260\013\336!\264\215\015\022\202T\214\016\357"
  78      DE21B48D 
  78      0D128254 
  78      8C0EEF
  79 00d5 846308A3 		.ascii	"\204c\010\243\255\016p\261\027\247\203)\002\300h\002"
  79      AD0E70B1 
  79      17A78329 
  79      02C06802 
  80 00e5 EDD2DF8E 		.ascii	"\355\322\337\216\332\015\212O#\330\007\323t\177\234"
  80      DA0D8A4F 
  80      23D807D3 
  80      747F9C
  81 00f4 90BE2751 		.ascii	"\220\276'Q\036\225\000O\301\244\246\201|H\354\014_C"
  81      1E95004F 
  81      C1A4A681 
  81      7C48EC0C 
  81      5F43
  82 0106 1847BBCD 		.ascii	"\030G\273\315\"\030\275\217lk\211&\256K\013\344N&\263"
  82      2218BD8F 
  82      6C6B8926 
  82      AE4B0BE4 
  82      4E26B3
  83 0119 8D2BB7C1 		.ascii	"\215+\267\301\013\210\212\236E\373\326\305\236\312\305"
  83      0B888A9E 
  83      45FBD6C5 
  83      9ECAC5
  84 0128 FE602D76 		.ascii	"\376`-v:\236^\036\374\271\037\015\367\217q\015`\250"
  84      3A9E5E1E 
  84      FCB91F0D 
  84      F78F710D 
  84      60A8
  85 013a 1844B93A 		.ascii	"\030D\271:8\310GV\220'`\234\234O\244'\027G\020\031\353"
  85      38C84756 
  85      9027609C 
  85      9C4FA427 
  85      17471019 
  86 014f 23E49F4C 		.ascii	"#\344\237L\006U\30003%\265\344\302V0\354\230\266\033"
  86      0655C030 
  86      3325B5E4 
  86      C25630EC 
  86      98B61B
  87 0162 867C96EE 		.ascii	"\206|\226\356\333\013g\251\261\322+W\027\253\010)\323"
  87      DB0B67A9 
  87      B1D22B57 
  87      17AB0829 
  87      D3
  88 0173 77B80A8A 		.ascii	"w\270\012\212c\364)\332\013\033\212i\202\347\250~N\234"
  88      63F429DA 
  88      0B1B8A69 
  88      82E7A87E 
  88      4E9C
ARM GAS  /tmp/ccUnfzhi.s 			page 6


  89 0185 E92089BB 		.ascii	"\351 \211\273I')\341\363\220\347Hz\333\003c\232\360"
  89      492729E1 
  89      F390E748 
  89      7ADB0363 
  89      9AF0
  90 0197 BDE4197A 		.ascii	"\275\344\031z\220oQ\036U\257\032\232\234\253\374\023"
  90      906F511E 
  90      55AF1A9A 
  90      9CABFC13 
  91 01a7 F349E4C2 		.ascii	"\363I\344\302\3503*n\203k9\026\333\010B#3\223K\366\002"
  91      E8332A6E 
  91      836B3916 
  91      DB084223 
  91      33934BF6 
  92 01bc 273B5304 		.ascii	"';S\004\331\276\304Lr\344Q\215\254\003\206\350\247\026"
  92      D9BEC44C 
  92      72E4518D 
  92      AC0386E8 
  92      A716
  93 01ce BBCF9994 		.ascii	"\273\317\231\224Y\002W\267\367\360\333Kw\021u\023]\230"
  93      590257B7 
  93      F7F0DB4B 
  93      77117513 
  93      5D98
  94 01e0 A5DB6C30 		.ascii	"\245\333l0o\263\222\306h\213\303\352p\372m\010hxlY\177"
  94      6FB392C6 
  94      688BC3EA 
  94      70FA6D08 
  94      68786C59 
  95 01f5 D1AEFB36 		.ascii	"\321\256\3736-\374\027\030\212F:\237n\375\2257]\300"
  95      2DFC1718 
  95      8A463A9F 
  95      6EFD9537 
  95      5DC0
  96 0207 7290F4CA 		.ascii	"r\220\364\312\311?\206\321\251~\262\3401x}\277iD\227"
  96      C93F86D1 
  96      A97EB2E0 
  96      31787DBF 
  96      694497
  97 021a C5347349 		.ascii	"\3054sIg\034\033`\327\213\001+\313C/_3;\015\243/hXb"
  97      671C1B60 
  97      D78B012B 
  97      CB432F5F 
  97      333B0DA3 
  98 0232 F425DA43 		.ascii	"\364%\332C\30796~M\307\325f\203%\246\373\\V\267%\006"
  98      C739367E 
  98      4DC7D566 
  98      8325A6FB 
  98      5C56B725 
  99 0247 36320D49 		.ascii	"62\015I\334\327\003\322\210\262\345b\360,gqY\360\036"
  99      DCD703D2 
  99      88B2E562 
  99      F02C6771 
  99      59F01E
 100 025a D46976E1 		.ascii	"\324iv\341X\267\212\301z\2440\267\370\363Y\254\337\213"
 100      58B78AC1 
 100      7AA430B7 
ARM GAS  /tmp/ccUnfzhi.s 			page 7


 100      F8F359AC 
 100      DF8B
 101 026c C17215E6 		.ascii	"\301r\025\3465j\302\272S\014\226g=\177\031\3569\317"
 101      356AC2BA 
 101      530C9667 
 101      3D7F19EE 
 101      39CF
 102 027e DC738139 		.ascii	"\334s\2019\346\0336^b\343\0256&\255\256\372k\315]\340"
 102      E61B365E 
 102      62E31536 
 102      26ADAEFA 
 102      6BCD5DE0 
 103 0292 39C3849A 		.ascii	"9\303\204\232M.P<\356\011\273\201[0i]\245Y\365q\030"
 103      4D2E503C 
 103      EE09BB81 
 103      5B30695D 
 103      A559F571 
 104 02a7 B1BF4BB8 		.ascii	"\261\277K\270\353\016\302\347d(\321\204\321'L\241\246"
 104      EB0EC2E7 
 104      6428D184 
 104      D1274CA1 
 104      A6
 105 02b8 884F79B8 		.ascii	"\210Oy\270\215x\310Y\256!\217?}j\340\364\265\311r=\030"
 105      8D78C859 
 105      AE218F3F 
 105      7D6AE0F4 
 105      B5C9723D 
 106 02cd F5A9D937 		.ascii	"\365\251\3317'.\227\201\316wS`C\303\332N\013\330\320"
 106      272E9781 
 106      CE775360 
 106      43C3DA4E 
 106      0BD8D0
 107 02e0 F022C5D7 		.ascii	"\360\"\305\327\217\275\016\330\375b\300.\215\216sfW"
 107      8FBD0ED8 
 107      FD62C02E 
 107      8D8E7366 
 107      57
 108 02f1 36CBEC72 		.ascii	"6\313\354r<\0173\375\230\311\377\345\230\014\014\240"
 108      3C0F33FD 
 108      98C9FFE5 
 108      980C0CA0 
 109 0301 1C4E6633 		.ascii	"\034Nf3,/\221\205\376\036\334@\345\346(b\271\271\177"
 109      2C2F9185 
 109      FE1EDC40 
 109      E5E62862 
 109      B9B97F
 110 0314 DDDC8CD1 		.ascii	"\335\334\214\321E\026\246\033g\332<%\205\330\314\227"
 110      4516A61B 
 110      67DA3C25 
 110      85D8CC97 
 111 0324 4B4FF3F3 		.ascii	"KO\363\363\313\177\036\242e\025\243%v\237~\263oX\231"
 111      CB7F1EA2 
 111      6515A325 
 111      769F7EB3 
 111      6F5899
 112 0337 AC301AA7 		.ascii	"\2540\032\247Tni\232I\261\322\224\332\2704\015\364'"
 112      546E699A 
ARM GAS  /tmp/ccUnfzhi.s 			page 8


 112      49B1D294 
 112      DAB8340D 
 112      F427
 113 0349 2EA67869 		.ascii	".\246xi\302\350&K\301\367\030\205\324\177\253\020\024"
 113      C2E8264B 
 113      C1F71885 
 113      D47FAB10 
 113      14
 114 035a EFAB14CB 		.ascii	"\357\253\024\313\347\034\354\357M\203\231r\315\300\211"
 114      E71CECEF 
 114      4D839972 
 114      CDC089
 115 0369 C4DC4B71 		.ascii	"\304\334Kq\274\003\342\272\0158\252a\007d\354\337\316"
 115      BC03E2BA 
 115      0D38AA61 
 115      0764ECDF 
 115      CE
 116 037a 7698C566 		.ascii	"v\230\305f\013\213a\264\202vd\375MV#\305\351(\030(i"
 116      0B8B61B4 
 116      827664FD 
 116      4D5623C5 
 116      E9281828 
 117 038f E458A5E8 		.ascii	"\344X\245\350td_\354\226\214cH\321cgr\217me\261N\035"
 117      74645FEC 
 117      968C6348 
 117      D1636772 
 117      8F6D65B1 
 118 03a5 D38BE2FC 		.ascii	"\323\213\342\374\351\267t\247\360\2728XR\204\035\013"
 118      E9B774A7 
 118      F0BA3858 
 118      52841D0B 
 119 03b5 E57FEA94 		.ascii	"\345\177\352\224\037r\234\034\3374\236+_\010\031GO\231"
 119      1F729C1C 
 119      DF349E2B 
 119      5F081947 
 119      4F99
 120 03c7 EAEC8FEC 		.ascii	"\352\354\217\354\206\374\304\322\3532\033\177a\343-"
 120      86FCC4D2 
 120      EB321B7F 
 120      61E32D
 121 03d6 36FE6A4E 		.ascii	"6\376jN\2709wu\251\000\035M\303mzW\215v\320\355\026"
 121      B8397775 
 121      A9001D4D 
 121      C36D7A57 
 121      8D76D0ED 
 122 03eb F84FEE12 		.ascii	"\370O\356\022\332qTh\225\261\022\356\022\202\315b\260"
 122      DA715468 
 122      95B112EE 
 122      1282CD62 
 122      B0
 123 03fc B9E14055 		.ascii	"\271\341@UK\275X\353\017z\033[|\201\227\371\232;\004"
 123      4BBD58EB 
 123      0F7A1B5B 
 123      7C8197F9 
 123      9A3B04
 124 040f 4E5194B0 		.ascii	"NQ\224\260\022\355\025#\261\210ZZ\367\342Q\227\027\034"
 124      12ED1523 
ARM GAS  /tmp/ccUnfzhi.s 			page 9


 124      B1885A5A 
 124      F7E25197 
 124      171C
 125 0421 6CD14F27 		.ascii	"l\321O'<\271\220\235\262\242j\210\024\216\217G*{z\264"
 125      3CB9909D 
 125      B2A26A88 
 125      148E8F47 
 125      2A7B7AB4 
 126 0435 15311A0D 		.ascii	"\0251\032\015\273\333a{\227\332q\240J\014E\345\320k"
 126      BBDB617B 
 126      97DA71A0 
 126      4A0C45E5 
 126      D06B
 127 0447 0CF2D07A 		.ascii	"\014\362\320z\010\365\365\265B]\223\277\361\365J\006"
 127      08F5F5B5 
 127      425D93BF 
 127      F1F54A06 
 128 0457 D1B90A53 		.ascii	"\321\271\012S\301a\216wFd\261KR\273;E\365\025\241]\356"
 128      C1618E77 
 128      4664B14B 
 128      52BB3B45 
 128      F515A15D 
 129 046c 90045955 		.ascii	"\220\004YUe\241A\212\251\262R\247\340\316\366H\210\202"
 129      65A1418A 
 129      A9B252A7 
 129      E0CEF648 
 129      8882
 130 047e C9DD4A48 		.ascii	"\311\335JHRzE\257\034\226j\244X\250]\254\217\250\222"
 130      527A45AF 
 130      1C966AA4 
 130      58A85DAC 
 130      8FA892
 131 0491 D8262B62 		.ascii	"\330&+bu\240A\364U\327\370\005\254t\354\217\3111i\277"
 131      75A041F4 
 131      55D7F805 
 131      AC74EC8F 
 131      C93169BF 
 132 04a5 845B2342 		.ascii	"\204[#B$\026\212v\207%\241K\015Gb*\325X\326M\237T\245"
 132      24168A76 
 132      8725A14B 
 132      0D47622A 
 132      D558D64D 
 133 04bc 6A97C38A 		.ascii	"j\227\303\212=\244Dio/m\252\256\305*.m\252\341\017/"
 133      3DA44469 
 133      6F2F6DAA 
 133      AEC52A2E 
 133      6DAAE10F 
 134 04d1 7FD4F287 		.ascii	"\177\324\362\207O{8\232\252\353\275r\254-r\274B\243"
 134      4F7B389A 
 134      AAEBBD72 
 134      AC2D72BC 
 134      42A3
 135 04e3 1F96DA70 		.ascii	"\037\226\332pwT\025Cl\3521\267\"\207\251\220{\355\322"
 135      77541543 
 135      6CEA31B7 
 135      2287A990 
 135      7BEDD2
ARM GAS  /tmp/ccUnfzhi.s 			page 10


 136 04f6 3366BB84 		.ascii	"3f\273\204\344\216\0169&H=\252\340m\010\372\203\324"
 136      E48E0E39 
 136      26483DAA 
 136      E06D08FA 
 136      83D4
 137 0508 3C26EB32 		.ascii	"<&\3532[\264Uz<=\255\224\250\263\372\210\277Ql\356\355"
 137      5BB4557A 
 137      3C3DAD94 
 137      A8B3FA88 
 137      BF516CEE 
 138 051d 946AA5B6 		.ascii	"\224j\245\266\022_\2137P\322P\335\024(\365\035k\366"
 138      125F8B37 
 138      50D250DD 
 138      1428F51D 
 138      6BF6
 139 052f 7B038E80 		.ascii	"{\003\216\200/\350\013\264\370j=\017i\263U\377\002\020"
 139      2FE80BB4 
 139      F86A3D0F 
 139      69B355FF 
 139      0210
 140 0541 C10939   		.ascii	"\301\0119"
 141              		.text
 142              		.section	.gnu.lto_.symtab.5d846184c1d4861f,"",%progbits
 143 0000 5F5F6561 		.ascii	"__early_init\000\000\000\000\000\000\000\000\000\000"
 143      726C795F 
 143      696E6974 
 143      00000000 
 143      00000000 
 144 0016 0000A100 		.ascii	"\000\000\241\000\000\000boardInit\000\000\000\000\000"
 144      0000626F 
 144      61726449 
 144      6E697400 
 144      00000000 
 145 002a 00000000 		.ascii	"\000\000\000\000\000\000\000\246\000\000\000pal_def"
 145      000000A6 
 145      00000070 
 145      616C5F64 
 145      6566
 146 003c 61756C74 		.ascii	"ault_config\000\000\000\000\000\000\000\000\000\000"
 146      5F636F6E 
 146      66696700 
 146      00000000 
 146      00000000 
 147 0051 0000AB00 		.ascii	"\000\000\253\000\000\000stm32_clock_init\000\000\002"
 147      00007374 
 147      6D33325F 
 147      636C6F63 
 147      6B5F696E 
 148 006a 00000000 		.ascii	"\000\000\000\000\000\000\000\000\000\251\000\000\000"
 148      00000000 
 148      00A90000 
 148      00
 149              		.text
 150              		.section	.gnu.lto_.opts,"",%progbits
 151 0000 272D6D63 		.ascii	"'-mcpu=cortex-m3' '-mno-thumb-interwork' '-mthumb' "
 151      70753D63 
 151      6F727465 
ARM GAS  /tmp/ccUnfzhi.s 			page 11


 151      782D6D33 
 151      2720272D 
 152 0033 272D6767 		.ascii	"'-ggdb' '-O2' '-fomit-frame-pointer' '-falign-funct"
 152      64622720 
 152      272D4F32 
 152      2720272D 
 152      666F6D69 
 153 0066 696F6E73 		.ascii	"ions=16' '-ffunction-sections' '-fdata-sections' '-"
 153      3D313627 
 153      20272D66 
 153      66756E63 
 153      74696F6E 
 154 0099 666E6F2D 		.ascii	"fno-common' '-flto'\000"
 154      636F6D6D 
 154      6F6E2720 
 154      272D666C 
 154      746F2700 
 155              		.text
 156              		.cfi_sections	.debug_frame
 157              		.section	.text.__early_init,"ax",%progbits
 158              		.align	2
 159              		.p2align 4,,15
 160              		.global	__early_init
 161              		.thumb
 162              		.thumb_func
 163              		.type	__early_init, %function
 164              	__early_init:
 165              	.LFB219:
 166              		.file 1 "../../../os/hal/boards/ST_STM32VL_DISCOVERY/board.c"
 167              		.loc 1 40 0
 168              		.cfi_startproc
 169              		@ args = 0, pretend = 0, frame = 0
 170              		@ frame_needed = 0, uses_anonymous_args = 0
 171              		@ link register save eliminated.
 172              		.loc 1 42 0
 173 0000 FFF7FEBF 		b	stm32_clock_init
 174              	.LVL0:
 175              		.cfi_endproc
 176              	.LFE219:
 177              		.size	__early_init, .-__early_init
 178 0004 AFF30080 		.section	.text.boardInit,"ax",%progbits
 178      AFF30080 
 178      AFF30080 
 179              		.align	2
 180              		.p2align 4,,15
 181              		.global	boardInit
 182              		.thumb
 183              		.thumb_func
 184              		.type	boardInit, %function
 185              	boardInit:
 186              	.LFB220:
 187              		.loc 1 48 0
 188              		.cfi_startproc
 189              		@ args = 0, pretend = 0, frame = 0
 190              		@ frame_needed = 0, uses_anonymous_args = 0
 191              		@ link register save eliminated.
 192              		.loc 1 50 0
ARM GAS  /tmp/ccUnfzhi.s 			page 12


 193 0000 0023     		movs	r3, #0
 194 0002 C4F20103 		movt	r3, 16385
 195 0006 5A68     		ldr	r2, [r3, #4]
 196 0008 42F01002 		orr	r2, r2, #16
 197 000c 5A60     		str	r2, [r3, #4]
 198 000e 7047     		bx	lr
 199              		.cfi_endproc
 200              	.LFE220:
 201              		.size	boardInit, .-boardInit
 202              		.global	pal_default_config
 203              		.section	.rodata.pal_default_config,"a",%progbits
 204              		.align	2
 205              		.type	pal_default_config, %object
 206              		.size	pal_default_config, 60
 207              	pal_default_config:
 208 0000 FFFFFFFF 		.word	-1
 209 0004 844BB3B4 		.word	-1263318140
 210 0008 B8848888 		.word	-2004319048
 211 000c FFFFFFFF 		.word	-1
 212 0010 88888888 		.word	-2004318072
 213 0014 8888B3B4 		.word	-1263302520
 214 0018 FFFCFFFF 		.word	-769
 215 001c 88888888 		.word	-2004318072
 216 0020 434B8888 		.word	-2004333757
 217 0024 FFFFFFFF 		.word	-1
 218 0028 44888888 		.word	-2004318140
 219 002c 88888888 		.word	-2004318072
 220 0030 FFFFFFFF 		.word	-1
 221 0034 88888888 		.word	-2004318072
 222 0038 88888888 		.word	-2004318072
 223              		.text
 224              	.Letext0:
 225              		.file 2 "/home/otto/MentorGraphics/Sourcery_CodeBench_Lite_for_ARM_EABI/arm-none-eabi/include/stdi
 226              		.file 3 "../../../os/common/ports/ARMCMx/compilers/GCC/chtypes.h"
 227              		.file 4 "../../../os/rt/include/chsystypes.h"
 228              		.file 5 "../../../os/rt/include/chschd.h"
 229              		.file 6 "../../../os/common/ext/CMSIS/ST/STM32F1xx/stm32f100xb.h"
 230              		.file 7 "../../../os/common/ports/ARMCMx/chcore.h"
 231              		.file 8 "../../../os/common/ports/ARMCMx/chcore_v7m.h"
 232              		.file 9 "../../../os/rt/include/chsem.h"
 233              		.file 10 "../../../os/rt/include/chmtx.h"
 234              		.file 11 "../../../os/hal/ports/STM32/LLD/GPIOv1/hal_pal_lld.h"
 235              		.file 12 "../../../os/common/ext/CMSIS/include/core_cm3.h"
 236              		.file 13 "../../../os/hal/ports/STM32/STM32F1xx/hal_lld.h"
 237              		.section	.debug_info,"",%progbits
 238              	.Ldebug_info0:
 239 0000 03070000 		.4byte	0x703
 240 0004 0400     		.2byte	0x4
 241 0006 00000000 		.4byte	.Ldebug_abbrev0
 242 000a 04       		.byte	0x4
 243 000b 01       		.uleb128 0x1
 244 000c 86020000 		.4byte	.LASF99
 245 0010 01       		.byte	0x1
 246 0011 A3000000 		.4byte	.LASF100
 247 0015 6D010000 		.4byte	.LASF101
 248 0019 00000000 		.4byte	.Ldebug_ranges0+0
 249 001d 00000000 		.4byte	0
ARM GAS  /tmp/ccUnfzhi.s 			page 13


 250 0021 00000000 		.4byte	.Ldebug_line0
 251 0025 02       		.uleb128 0x2
 252 0026 04       		.byte	0x4
 253 0027 05       		.byte	0x5
 254 0028 696E7400 		.ascii	"int\000"
 255 002c 03       		.uleb128 0x3
 256 002d 04       		.byte	0x4
 257 002e 07       		.byte	0x7
 258 002f 4B030000 		.4byte	.LASF0
 259 0033 03       		.uleb128 0x3
 260 0034 01       		.byte	0x1
 261 0035 06       		.byte	0x6
 262 0036 30030000 		.4byte	.LASF1
 263 003a 04       		.uleb128 0x4
 264 003b 1A010000 		.4byte	.LASF4
 265 003f 02       		.byte	0x2
 266 0040 2A       		.byte	0x2a
 267 0041 45000000 		.4byte	0x45
 268 0045 03       		.uleb128 0x3
 269 0046 01       		.byte	0x1
 270 0047 08       		.byte	0x8
 271 0048 72020000 		.4byte	.LASF2
 272 004c 03       		.uleb128 0x3
 273 004d 02       		.byte	0x2
 274 004e 05       		.byte	0x5
 275 004f 57000000 		.4byte	.LASF3
 276 0053 04       		.uleb128 0x4
 277 0054 58030000 		.4byte	.LASF5
 278 0058 02       		.byte	0x2
 279 0059 36       		.byte	0x36
 280 005a 5E000000 		.4byte	0x5e
 281 005e 03       		.uleb128 0x3
 282 005f 02       		.byte	0x2
 283 0060 07       		.byte	0x7
 284 0061 9A030000 		.4byte	.LASF6
 285 0065 04       		.uleb128 0x4
 286 0066 DB030000 		.4byte	.LASF7
 287 006a 02       		.byte	0x2
 288 006b 4F       		.byte	0x4f
 289 006c 70000000 		.4byte	0x70
 290 0070 03       		.uleb128 0x3
 291 0071 04       		.byte	0x4
 292 0072 05       		.byte	0x5
 293 0073 E2010000 		.4byte	.LASF8
 294 0077 04       		.uleb128 0x4
 295 0078 42030000 		.4byte	.LASF9
 296 007c 02       		.byte	0x2
 297 007d 50       		.byte	0x50
 298 007e 82000000 		.4byte	0x82
 299 0082 03       		.uleb128 0x3
 300 0083 04       		.byte	0x4
 301 0084 07       		.byte	0x7
 302 0085 1E040000 		.4byte	.LASF10
 303 0089 03       		.uleb128 0x3
 304 008a 08       		.byte	0x8
 305 008b 05       		.byte	0x5
 306 008c 5F010000 		.4byte	.LASF11
ARM GAS  /tmp/ccUnfzhi.s 			page 14


 307 0090 04       		.uleb128 0x4
 308 0091 43000000 		.4byte	.LASF12
 309 0095 02       		.byte	0x2
 310 0096 78       		.byte	0x78
 311 0097 9B000000 		.4byte	0x9b
 312 009b 03       		.uleb128 0x3
 313 009c 08       		.byte	0x8
 314 009d 07       		.byte	0x7
 315 009e 79000000 		.4byte	.LASF13
 316 00a2 04       		.uleb128 0x4
 317 00a3 D7000000 		.4byte	.LASF14
 318 00a7 03       		.byte	0x3
 319 00a8 3C       		.byte	0x3c
 320 00a9 3A000000 		.4byte	0x3a
 321 00ad 04       		.uleb128 0x4
 322 00ae 15040000 		.4byte	.LASF15
 323 00b2 03       		.byte	0x3
 324 00b3 3D       		.byte	0x3d
 325 00b4 3A000000 		.4byte	0x3a
 326 00b8 04       		.uleb128 0x4
 327 00b9 09000000 		.4byte	.LASF16
 328 00bd 03       		.byte	0x3
 329 00be 3E       		.byte	0x3e
 330 00bf 3A000000 		.4byte	0x3a
 331 00c3 04       		.uleb128 0x4
 332 00c4 CB010000 		.4byte	.LASF17
 333 00c8 03       		.byte	0x3
 334 00c9 40       		.byte	0x40
 335 00ca 77000000 		.4byte	0x77
 336 00ce 04       		.uleb128 0x4
 337 00cf 10050000 		.4byte	.LASF18
 338 00d3 03       		.byte	0x3
 339 00d4 41       		.byte	0x41
 340 00d5 65000000 		.4byte	0x65
 341 00d9 04       		.uleb128 0x4
 342 00da 97000000 		.4byte	.LASF19
 343 00de 03       		.byte	0x3
 344 00df 43       		.byte	0x43
 345 00e0 77000000 		.4byte	0x77
 346 00e4 04       		.uleb128 0x4
 347 00e5 E3030000 		.4byte	.LASF20
 348 00e9 03       		.byte	0x3
 349 00ea 45       		.byte	0x45
 350 00eb 65000000 		.4byte	0x65
 351 00ef 04       		.uleb128 0x4
 352 00f0 AD030000 		.4byte	.LASF21
 353 00f4 04       		.byte	0x4
 354 00f5 35       		.byte	0x35
 355 00f6 53000000 		.4byte	0x53
 356 00fa 04       		.uleb128 0x4
 357 00fb 00000000 		.4byte	.LASF22
 358 00ff 04       		.byte	0x4
 359 0100 3F       		.byte	0x3f
 360 0101 05010000 		.4byte	0x105
 361 0105 05       		.uleb128 0x5
 362 0106 43010000 		.4byte	.LASF40
 363 010a 44       		.byte	0x44
ARM GAS  /tmp/ccUnfzhi.s 			page 15


 364 010b 05       		.byte	0x5
 365 010c 9A       		.byte	0x9a
 366 010d E3010000 		.4byte	0x1e3
 367 0111 06       		.uleb128 0x6
 368 0112 4F020000 		.4byte	.LASF23
 369 0116 05       		.byte	0x5
 370 0117 9B       		.byte	0x9b
 371 0118 18020000 		.4byte	0x218
 372 011c 00       		.byte	0
 373 011d 06       		.uleb128 0x6
 374 011e 16050000 		.4byte	.LASF24
 375 0122 05       		.byte	0x5
 376 0123 9C       		.byte	0x9c
 377 0124 C3000000 		.4byte	0xc3
 378 0128 08       		.byte	0x8
 379 0129 07       		.uleb128 0x7
 380 012a 63747800 		.ascii	"ctx\000"
 381 012e 05       		.byte	0x5
 382 012f 9D       		.byte	0x9d
 383 0130 75040000 		.4byte	0x475
 384 0134 0C       		.byte	0xc
 385 0135 06       		.uleb128 0x6
 386 0136 49020000 		.4byte	.LASF25
 387 013a 05       		.byte	0x5
 388 013b 9F       		.byte	0x9f
 389 013c EE010000 		.4byte	0x1ee
 390 0140 10       		.byte	0x10
 391 0141 06       		.uleb128 0x6
 392 0142 4D010000 		.4byte	.LASF26
 393 0146 05       		.byte	0x5
 394 0147 A0       		.byte	0xa0
 395 0148 EE010000 		.4byte	0x1ee
 396 014c 14       		.byte	0x14
 397 014d 06       		.uleb128 0x6
 398 014e 55020000 		.4byte	.LASF27
 399 0152 05       		.byte	0x5
 400 0153 A7       		.byte	0xa7
 401 0154 DA050000 		.4byte	0x5da
 402 0158 18       		.byte	0x18
 403 0159 06       		.uleb128 0x6
 404 015a 53010000 		.4byte	.LASF28
 405 015e 05       		.byte	0x5
 406 015f B0       		.byte	0xb0
 407 0160 EC050000 		.4byte	0x5ec
 408 0164 1C       		.byte	0x1c
 409 0165 06       		.uleb128 0x6
 410 0166 3D000000 		.4byte	.LASF29
 411 016a 05       		.byte	0x5
 412 016b B5       		.byte	0xb5
 413 016c AD000000 		.4byte	0xad
 414 0170 20       		.byte	0x20
 415 0171 06       		.uleb128 0x6
 416 0172 3C030000 		.4byte	.LASF30
 417 0176 05       		.byte	0x5
 418 0177 B9       		.byte	0xb9
 419 0178 A2000000 		.4byte	0xa2
 420 017c 21       		.byte	0x21
ARM GAS  /tmp/ccUnfzhi.s 			page 16


 421 017d 06       		.uleb128 0x6
 422 017e FF030000 		.4byte	.LASF31
 423 0182 05       		.byte	0x5
 424 0183 BE       		.byte	0xbe
 425 0184 B8000000 		.4byte	0xb8
 426 0188 22       		.byte	0x22
 427 0189 08       		.uleb128 0x8
 428 018a 7500     		.ascii	"u\000"
 429 018c 05       		.byte	0x5
 430 018d 0F01     		.2byte	0x10f
 431 018f 0F050000 		.4byte	0x50f
 432 0193 24       		.byte	0x24
 433 0194 09       		.uleb128 0x9
 434 0195 CA040000 		.4byte	.LASF32
 435 0199 05       		.byte	0x5
 436 019a 1401     		.2byte	0x114
 437 019c F4010000 		.4byte	0x1f4
 438 01a0 28       		.byte	0x28
 439 01a1 09       		.uleb128 0x9
 440 01a2 02010000 		.4byte	.LASF33
 441 01a6 05       		.byte	0x5
 442 01a7 1A01     		.2byte	0x11a
 443 01a9 18020000 		.4byte	0x218
 444 01ad 2C       		.byte	0x2c
 445 01ae 09       		.uleb128 0x9
 446 01af 21000000 		.4byte	.LASF34
 447 01b3 05       		.byte	0x5
 448 01b4 2001     		.2byte	0x120
 449 01b6 D9000000 		.4byte	0xd9
 450 01ba 34       		.byte	0x34
 451 01bb 09       		.uleb128 0x9
 452 01bc 8A040000 		.4byte	.LASF35
 453 01c0 05       		.byte	0x5
 454 01c1 2701     		.2byte	0x127
 455 01c3 D4050000 		.4byte	0x5d4
 456 01c7 38       		.byte	0x38
 457 01c8 09       		.uleb128 0x9
 458 01c9 E9030000 		.4byte	.LASF36
 459 01cd 05       		.byte	0x5
 460 01ce 2B01     		.2byte	0x12b
 461 01d0 C3000000 		.4byte	0xc3
 462 01d4 3C       		.byte	0x3c
 463 01d5 09       		.uleb128 0x9
 464 01d6 A6040000 		.4byte	.LASF37
 465 01da 05       		.byte	0x5
 466 01db 3201     		.2byte	0x132
 467 01dd CB020000 		.4byte	0x2cb
 468 01e1 40       		.byte	0x40
 469 01e2 00       		.byte	0
 470 01e3 04       		.uleb128 0x4
 471 01e4 70040000 		.4byte	.LASF38
 472 01e8 04       		.byte	0x4
 473 01e9 44       		.byte	0x44
 474 01ea EE010000 		.4byte	0x1ee
 475 01ee 0A       		.uleb128 0xa
 476 01ef 04       		.byte	0x4
 477 01f0 FA000000 		.4byte	0xfa
ARM GAS  /tmp/ccUnfzhi.s 			page 17


 478 01f4 04       		.uleb128 0x4
 479 01f5 27050000 		.4byte	.LASF39
 480 01f9 04       		.byte	0x4
 481 01fa 49       		.byte	0x49
 482 01fb FF010000 		.4byte	0x1ff
 483 01ff 05       		.uleb128 0x5
 484 0200 DF000000 		.4byte	.LASF41
 485 0204 04       		.byte	0x4
 486 0205 05       		.byte	0x5
 487 0206 88       		.byte	0x88
 488 0207 18020000 		.4byte	0x218
 489 020b 06       		.uleb128 0x6
 490 020c 1B050000 		.4byte	.LASF42
 491 0210 05       		.byte	0x5
 492 0211 89       		.byte	0x89
 493 0212 EE010000 		.4byte	0x1ee
 494 0216 00       		.byte	0
 495 0217 00       		.byte	0
 496 0218 04       		.uleb128 0x4
 497 0219 8A030000 		.4byte	.LASF43
 498 021d 04       		.byte	0x4
 499 021e 50       		.byte	0x50
 500 021f 23020000 		.4byte	0x223
 501 0223 05       		.uleb128 0x5
 502 0224 22010000 		.4byte	.LASF44
 503 0228 08       		.byte	0x8
 504 0229 05       		.byte	0x5
 505 022a 8F       		.byte	0x8f
 506 022b 48020000 		.4byte	0x248
 507 022f 06       		.uleb128 0x6
 508 0230 1B050000 		.4byte	.LASF42
 509 0234 05       		.byte	0x5
 510 0235 90       		.byte	0x90
 511 0236 EE010000 		.4byte	0x1ee
 512 023a 00       		.byte	0
 513 023b 06       		.uleb128 0x6
 514 023c ED040000 		.4byte	.LASF45
 515 0240 05       		.byte	0x5
 516 0241 91       		.byte	0x91
 517 0242 EE010000 		.4byte	0x1ee
 518 0246 04       		.byte	0x4
 519 0247 00       		.byte	0
 520 0248 04       		.uleb128 0x4
 521 0249 B5040000 		.4byte	.LASF46
 522 024d 04       		.byte	0x4
 523 024e 57       		.byte	0x57
 524 024f 53020000 		.4byte	0x253
 525 0253 0B       		.uleb128 0xb
 526 0254 D2040000 		.4byte	.LASF47
 527 0258 1C       		.byte	0x1c
 528 0259 05       		.byte	0x5
 529 025a 6A01     		.2byte	0x16a
 530 025c AF020000 		.4byte	0x2af
 531 0260 09       		.uleb128 0x9
 532 0261 4F020000 		.4byte	.LASF23
 533 0265 05       		.byte	0x5
 534 0266 6B01     		.2byte	0x16b
ARM GAS  /tmp/ccUnfzhi.s 			page 18


 535 0268 18020000 		.4byte	0x218
 536 026c 00       		.byte	0
 537 026d 09       		.uleb128 0x9
 538 026e 16050000 		.4byte	.LASF24
 539 0272 05       		.byte	0x5
 540 0273 6C01     		.2byte	0x16c
 541 0275 C3000000 		.4byte	0xc3
 542 0279 08       		.byte	0x8
 543 027a 08       		.uleb128 0x8
 544 027b 63747800 		.ascii	"ctx\000"
 545 027f 05       		.byte	0x5
 546 0280 6E01     		.2byte	0x16e
 547 0282 75040000 		.4byte	0x475
 548 0286 0C       		.byte	0xc
 549 0287 09       		.uleb128 0x9
 550 0288 49020000 		.4byte	.LASF25
 551 028c 05       		.byte	0x5
 552 028d 7101     		.2byte	0x171
 553 028f EE010000 		.4byte	0x1ee
 554 0293 10       		.byte	0x10
 555 0294 09       		.uleb128 0x9
 556 0295 4D010000 		.4byte	.LASF26
 557 0299 05       		.byte	0x5
 558 029a 7201     		.2byte	0x172
 559 029c EE010000 		.4byte	0x1ee
 560 02a0 14       		.byte	0x14
 561 02a1 09       		.uleb128 0x9
 562 02a2 C2040000 		.4byte	.LASF48
 563 02a6 05       		.byte	0x5
 564 02a7 7501     		.2byte	0x175
 565 02a9 EE010000 		.4byte	0x1ee
 566 02ad 18       		.byte	0x18
 567 02ae 00       		.byte	0
 568 02af 04       		.uleb128 0x4
 569 02b0 AC040000 		.4byte	.LASF49
 570 02b4 04       		.byte	0x4
 571 02b5 5C       		.byte	0x5c
 572 02b6 BA020000 		.4byte	0x2ba
 573 02ba 0A       		.uleb128 0xa
 574 02bb 04       		.byte	0x4
 575 02bc C0020000 		.4byte	0x2c0
 576 02c0 0C       		.uleb128 0xc
 577 02c1 CB020000 		.4byte	0x2cb
 578 02c5 0D       		.uleb128 0xd
 579 02c6 CB020000 		.4byte	0x2cb
 580 02ca 00       		.byte	0
 581 02cb 0E       		.uleb128 0xe
 582 02cc 04       		.byte	0x4
 583 02cd 04       		.uleb128 0x4
 584 02ce 09020000 		.4byte	.LASF50
 585 02d2 04       		.byte	0x4
 586 02d3 61       		.byte	0x61
 587 02d4 D8020000 		.4byte	0x2d8
 588 02d8 0B       		.uleb128 0xb
 589 02d9 CA030000 		.4byte	.LASF51
 590 02dd 14       		.byte	0x14
 591 02de 05       		.byte	0x5
ARM GAS  /tmp/ccUnfzhi.s 			page 19


 592 02df 4501     		.2byte	0x145
 593 02e1 27030000 		.4byte	0x327
 594 02e5 09       		.uleb128 0x9
 595 02e6 1B050000 		.4byte	.LASF42
 596 02ea 05       		.byte	0x5
 597 02eb 4601     		.2byte	0x146
 598 02ed F2050000 		.4byte	0x5f2
 599 02f1 00       		.byte	0
 600 02f2 09       		.uleb128 0x9
 601 02f3 ED040000 		.4byte	.LASF45
 602 02f7 05       		.byte	0x5
 603 02f8 4701     		.2byte	0x147
 604 02fa F2050000 		.4byte	0x5f2
 605 02fe 04       		.byte	0x4
 606 02ff 09       		.uleb128 0x9
 607 0300 14010000 		.4byte	.LASF52
 608 0304 05       		.byte	0x5
 609 0305 4801     		.2byte	0x148
 610 0307 EF000000 		.4byte	0xef
 611 030b 08       		.byte	0x8
 612 030c 09       		.uleb128 0x9
 613 030d 5A010000 		.4byte	.LASF53
 614 0311 05       		.byte	0x5
 615 0312 4901     		.2byte	0x149
 616 0314 AF020000 		.4byte	0x2af
 617 0318 0C       		.byte	0xc
 618 0319 08       		.uleb128 0x8
 619 031a 70617200 		.ascii	"par\000"
 620 031e 05       		.byte	0x5
 621 031f 4B01     		.2byte	0x14b
 622 0321 CB020000 		.4byte	0x2cb
 623 0325 10       		.byte	0x10
 624 0326 00       		.byte	0
 625 0327 04       		.uleb128 0x4
 626 0328 74030000 		.4byte	.LASF54
 627 032c 04       		.byte	0x4
 628 032d 66       		.byte	0x66
 629 032e 32030000 		.4byte	0x332
 630 0332 0B       		.uleb128 0xb
 631 0333 F2040000 		.4byte	.LASF55
 632 0337 0C       		.byte	0xc
 633 0338 05       		.byte	0x5
 634 0339 5501     		.2byte	0x155
 635 033b 74030000 		.4byte	0x374
 636 033f 09       		.uleb128 0x9
 637 0340 1B050000 		.4byte	.LASF42
 638 0344 05       		.byte	0x5
 639 0345 5601     		.2byte	0x156
 640 0347 F2050000 		.4byte	0x5f2
 641 034b 00       		.byte	0
 642 034c 09       		.uleb128 0x9
 643 034d ED040000 		.4byte	.LASF45
 644 0351 05       		.byte	0x5
 645 0352 5801     		.2byte	0x158
 646 0354 F2050000 		.4byte	0x5f2
 647 0358 04       		.byte	0x4
 648 0359 09       		.uleb128 0x9
ARM GAS  /tmp/ccUnfzhi.s 			page 20


 649 035a 14010000 		.4byte	.LASF52
 650 035e 05       		.byte	0x5
 651 035f 5A01     		.2byte	0x15a
 652 0361 EF000000 		.4byte	0xef
 653 0365 08       		.byte	0x8
 654 0366 09       		.uleb128 0x9
 655 0367 D9010000 		.4byte	.LASF56
 656 036b 05       		.byte	0x5
 657 036c 6201     		.2byte	0x162
 658 036e EF000000 		.4byte	0xef
 659 0372 0A       		.byte	0xa
 660 0373 00       		.byte	0
 661 0374 04       		.uleb128 0x4
 662 0375 6A000000 		.4byte	.LASF57
 663 0379 04       		.byte	0x4
 664 037a 6B       		.byte	0x6b
 665 037b 7F030000 		.4byte	0x37f
 666 037f 0B       		.uleb128 0xb
 667 0380 11000000 		.4byte	.LASF58
 668 0384 04       		.byte	0x4
 669 0385 05       		.byte	0x5
 670 0386 7C01     		.2byte	0x17c
 671 0388 9A030000 		.4byte	0x39a
 672 038c 09       		.uleb128 0x9
 673 038d 3D040000 		.4byte	.LASF59
 674 0391 05       		.byte	0x5
 675 0392 8401     		.2byte	0x184
 676 0394 F8050000 		.4byte	0x5f8
 677 0398 00       		.byte	0
 678 0399 00       		.byte	0
 679 039a 04       		.uleb128 0x4
 680 039b F6000000 		.4byte	.LASF60
 681 039f 04       		.byte	0x4
 682 03a0 70       		.byte	0x70
 683 03a1 A5030000 		.4byte	0x3a5
 684 03a5 0B       		.uleb128 0xb
 685 03a6 F2010000 		.4byte	.LASF61
 686 03aa 70       		.byte	0x70
 687 03ab 05       		.byte	0x5
 688 03ac 9C01     		.2byte	0x19c
 689 03ae E7030000 		.4byte	0x3e7
 690 03b2 09       		.uleb128 0x9
 691 03b3 B7030000 		.4byte	.LASF62
 692 03b7 05       		.byte	0x5
 693 03b8 A001     		.2byte	0x1a0
 694 03ba 48020000 		.4byte	0x248
 695 03be 00       		.byte	0
 696 03bf 09       		.uleb128 0x9
 697 03c0 EF000000 		.4byte	.LASF63
 698 03c4 05       		.byte	0x5
 699 03c5 A401     		.2byte	0x1a4
 700 03c7 27030000 		.4byte	0x327
 701 03cb 1C       		.byte	0x1c
 702 03cc 08       		.uleb128 0x8
 703 03cd 64626700 		.ascii	"dbg\000"
 704 03d1 05       		.byte	0x5
 705 03d2 A801     		.2byte	0x1a8
ARM GAS  /tmp/ccUnfzhi.s 			page 21


 706 03d4 74030000 		.4byte	0x374
 707 03d8 28       		.byte	0x28
 708 03d9 09       		.uleb128 0x9
 709 03da 4C000000 		.4byte	.LASF64
 710 03de 05       		.byte	0x5
 711 03df AC01     		.2byte	0x1ac
 712 03e1 FA000000 		.4byte	0xfa
 713 03e5 2C       		.byte	0x2c
 714 03e6 00       		.byte	0
 715 03e7 03       		.uleb128 0x3
 716 03e8 04       		.byte	0x4
 717 03e9 07       		.byte	0x7
 718 03ea 61000000 		.4byte	.LASF65
 719 03ee 0F       		.uleb128 0xf
 720 03ef 77000000 		.4byte	0x77
 721 03f3 10       		.uleb128 0x10
 722 03f4 77000000 		.4byte	0x77
 723 03f8 03040000 		.4byte	0x403
 724 03fc 11       		.uleb128 0x11
 725 03fd E7030000 		.4byte	0x3e7
 726 0401 03       		.byte	0x3
 727 0402 00       		.byte	0
 728 0403 12       		.uleb128 0x12
 729 0404 20       		.byte	0x20
 730 0405 06       		.byte	0x6
 731 0406 6A01     		.2byte	0x16a
 732 0408 4E040000 		.4byte	0x44e
 733 040c 09       		.uleb128 0x9
 734 040d 6B040000 		.4byte	.LASF66
 735 0411 06       		.byte	0x6
 736 0412 6C01     		.2byte	0x16c
 737 0414 EE030000 		.4byte	0x3ee
 738 0418 00       		.byte	0
 739 0419 09       		.uleb128 0x9
 740 041a 47040000 		.4byte	.LASF67
 741 041e 06       		.byte	0x6
 742 041f 6D01     		.2byte	0x16d
 743 0421 EE030000 		.4byte	0x3ee
 744 0425 04       		.byte	0x4
 745 0426 09       		.uleb128 0x9
 746 0427 33010000 		.4byte	.LASF68
 747 042b 06       		.byte	0x6
 748 042c 6E01     		.2byte	0x16e
 749 042e 4E040000 		.4byte	0x44e
 750 0432 08       		.byte	0x8
 751 0433 09       		.uleb128 0x9
 752 0434 0B040000 		.4byte	.LASF69
 753 0438 06       		.byte	0x6
 754 0439 6F01     		.2byte	0x16f
 755 043b 77000000 		.4byte	0x77
 756 043f 18       		.byte	0x18
 757 0440 09       		.uleb128 0x9
 758 0441 D3010000 		.4byte	.LASF70
 759 0445 06       		.byte	0x6
 760 0446 7001     		.2byte	0x170
 761 0448 EE030000 		.4byte	0x3ee
 762 044c 1C       		.byte	0x1c
ARM GAS  /tmp/ccUnfzhi.s 			page 22


 763 044d 00       		.byte	0
 764 044e 0F       		.uleb128 0xf
 765 044f F3030000 		.4byte	0x3f3
 766 0453 13       		.uleb128 0x13
 767 0454 30040000 		.4byte	.LASF71
 768 0458 06       		.byte	0x6
 769 0459 7101     		.2byte	0x171
 770 045b 03040000 		.4byte	0x403
 771 045f 04       		.uleb128 0x4
 772 0460 0B010000 		.4byte	.LASF72
 773 0464 07       		.byte	0x7
 774 0465 65       		.byte	0x65
 775 0466 CB020000 		.4byte	0x2cb
 776 046a 04       		.uleb128 0x4
 777 046b 92040000 		.4byte	.LASF73
 778 046f 07       		.byte	0x7
 779 0470 6D       		.byte	0x6d
 780 0471 90000000 		.4byte	0x90
 781 0475 05       		.uleb128 0x5
 782 0476 FC010000 		.4byte	.LASF74
 783 047a 04       		.byte	0x4
 784 047b 07       		.byte	0x7
 785 047c 89       		.byte	0x89
 786 047d 8D040000 		.4byte	0x48d
 787 0481 07       		.uleb128 0x7
 788 0482 737000   		.ascii	"sp\000"
 789 0485 07       		.byte	0x7
 790 0486 8A       		.byte	0x8a
 791 0487 09050000 		.4byte	0x509
 792 048b 00       		.byte	0
 793 048c 00       		.byte	0
 794 048d 0B       		.uleb128 0xb
 795 048e 5F040000 		.4byte	.LASF75
 796 0492 24       		.byte	0x24
 797 0493 08       		.byte	0x8
 798 0494 5901     		.2byte	0x159
 799 0496 09050000 		.4byte	0x509
 800 049a 08       		.uleb128 0x8
 801 049b 723400   		.ascii	"r4\000"
 802 049e 08       		.byte	0x8
 803 049f 6C01     		.2byte	0x16c
 804 04a1 5F040000 		.4byte	0x45f
 805 04a5 00       		.byte	0
 806 04a6 08       		.uleb128 0x8
 807 04a7 723500   		.ascii	"r5\000"
 808 04aa 08       		.byte	0x8
 809 04ab 6D01     		.2byte	0x16d
 810 04ad 5F040000 		.4byte	0x45f
 811 04b1 04       		.byte	0x4
 812 04b2 08       		.uleb128 0x8
 813 04b3 723600   		.ascii	"r6\000"
 814 04b6 08       		.byte	0x8
 815 04b7 6E01     		.2byte	0x16e
 816 04b9 5F040000 		.4byte	0x45f
 817 04bd 08       		.byte	0x8
 818 04be 08       		.uleb128 0x8
 819 04bf 723700   		.ascii	"r7\000"
ARM GAS  /tmp/ccUnfzhi.s 			page 23


 820 04c2 08       		.byte	0x8
 821 04c3 6F01     		.2byte	0x16f
 822 04c5 5F040000 		.4byte	0x45f
 823 04c9 0C       		.byte	0xc
 824 04ca 08       		.uleb128 0x8
 825 04cb 723800   		.ascii	"r8\000"
 826 04ce 08       		.byte	0x8
 827 04cf 7001     		.2byte	0x170
 828 04d1 5F040000 		.4byte	0x45f
 829 04d5 10       		.byte	0x10
 830 04d6 08       		.uleb128 0x8
 831 04d7 723900   		.ascii	"r9\000"
 832 04da 08       		.byte	0x8
 833 04db 7101     		.2byte	0x171
 834 04dd 5F040000 		.4byte	0x45f
 835 04e1 14       		.byte	0x14
 836 04e2 08       		.uleb128 0x8
 837 04e3 72313000 		.ascii	"r10\000"
 838 04e7 08       		.byte	0x8
 839 04e8 7201     		.2byte	0x172
 840 04ea 5F040000 		.4byte	0x45f
 841 04ee 18       		.byte	0x18
 842 04ef 08       		.uleb128 0x8
 843 04f0 72313100 		.ascii	"r11\000"
 844 04f4 08       		.byte	0x8
 845 04f5 7301     		.2byte	0x173
 846 04f7 5F040000 		.4byte	0x45f
 847 04fb 1C       		.byte	0x1c
 848 04fc 08       		.uleb128 0x8
 849 04fd 6C7200   		.ascii	"lr\000"
 850 0500 08       		.byte	0x8
 851 0501 7401     		.2byte	0x174
 852 0503 5F040000 		.4byte	0x45f
 853 0507 20       		.byte	0x20
 854 0508 00       		.byte	0
 855 0509 0A       		.uleb128 0xa
 856 050a 04       		.byte	0x4
 857 050b 8D040000 		.4byte	0x48d
 858 050f 14       		.uleb128 0x14
 859 0510 04       		.byte	0x4
 860 0511 05       		.byte	0x5
 861 0512 D2       		.byte	0xd2
 862 0513 72050000 		.4byte	0x572
 863 0517 15       		.uleb128 0x15
 864 0518 09050000 		.4byte	.LASF76
 865 051c 05       		.byte	0x5
 866 051d D9       		.byte	0xd9
 867 051e CE000000 		.4byte	0xce
 868 0522 15       		.uleb128 0x15
 869 0523 9D040000 		.4byte	.LASF77
 870 0527 05       		.byte	0x5
 871 0528 E0       		.byte	0xe0
 872 0529 CE000000 		.4byte	0xce
 873 052d 15       		.uleb128 0x15
 874 052e 83040000 		.4byte	.LASF78
 875 0532 05       		.byte	0x5
 876 0533 E7       		.byte	0xe7
ARM GAS  /tmp/ccUnfzhi.s 			page 24


 877 0534 CB020000 		.4byte	0x2cb
 878 0538 15       		.uleb128 0x15
 879 0539 4C040000 		.4byte	.LASF79
 880 053d 05       		.byte	0x5
 881 053e EE       		.byte	0xee
 882 053f 72050000 		.4byte	0x572
 883 0543 15       		.uleb128 0x15
 884 0544 41020000 		.4byte	.LASF80
 885 0548 05       		.byte	0x5
 886 0549 F3       		.byte	0xf3
 887 054a CE000000 		.4byte	0xce
 888 054e 15       		.uleb128 0x15
 889 054f 90000000 		.4byte	.LASF81
 890 0553 05       		.byte	0x5
 891 0554 FC       		.byte	0xfc
 892 0555 9D050000 		.4byte	0x59d
 893 0559 16       		.uleb128 0x16
 894 055a 20050000 		.4byte	.LASF82
 895 055e 05       		.byte	0x5
 896 055f 0501     		.2byte	0x105
 897 0561 D4050000 		.4byte	0x5d4
 898 0565 16       		.uleb128 0x16
 899 0566 29030000 		.4byte	.LASF83
 900 056a 05       		.byte	0x5
 901 056b 0D01     		.2byte	0x10d
 902 056d D9000000 		.4byte	0xd9
 903 0571 00       		.byte	0
 904 0572 0A       		.uleb128 0xa
 905 0573 04       		.byte	0x4
 906 0574 E3010000 		.4byte	0x1e3
 907 0578 05       		.uleb128 0x5
 908 0579 52040000 		.4byte	.LASF84
 909 057d 0C       		.byte	0xc
 910 057e 09       		.byte	0x9
 911 057f 34       		.byte	0x34
 912 0580 9D050000 		.4byte	0x59d
 913 0584 06       		.uleb128 0x6
 914 0585 4F020000 		.4byte	.LASF23
 915 0589 09       		.byte	0x9
 916 058a 35       		.byte	0x35
 917 058b 18020000 		.4byte	0x218
 918 058f 00       		.byte	0
 919 0590 07       		.uleb128 0x7
 920 0591 636E7400 		.ascii	"cnt\000"
 921 0595 09       		.byte	0x9
 922 0596 37       		.byte	0x37
 923 0597 E4000000 		.4byte	0xe4
 924 059b 08       		.byte	0x8
 925 059c 00       		.byte	0
 926 059d 0A       		.uleb128 0xa
 927 059e 04       		.byte	0x4
 928 059f 78050000 		.4byte	0x578
 929 05a3 05       		.uleb128 0x5
 930 05a4 3A010000 		.4byte	.LASF85
 931 05a8 10       		.byte	0x10
 932 05a9 0A       		.byte	0xa
 933 05aa 39       		.byte	0x39
ARM GAS  /tmp/ccUnfzhi.s 			page 25


 934 05ab D4050000 		.4byte	0x5d4
 935 05af 06       		.uleb128 0x6
 936 05b0 4F020000 		.4byte	.LASF23
 937 05b4 0A       		.byte	0xa
 938 05b5 3A       		.byte	0x3a
 939 05b6 18020000 		.4byte	0x218
 940 05ba 00       		.byte	0
 941 05bb 06       		.uleb128 0x6
 942 05bc 80020000 		.4byte	.LASF86
 943 05c0 0A       		.byte	0xa
 944 05c1 3C       		.byte	0x3c
 945 05c2 EE010000 		.4byte	0x1ee
 946 05c6 08       		.byte	0x8
 947 05c7 06       		.uleb128 0x6
 948 05c8 1B050000 		.4byte	.LASF42
 949 05cc 0A       		.byte	0xa
 950 05cd 3E       		.byte	0x3e
 951 05ce 08060000 		.4byte	0x608
 952 05d2 0C       		.byte	0xc
 953 05d3 00       		.byte	0
 954 05d4 0A       		.uleb128 0xa
 955 05d5 04       		.byte	0x4
 956 05d6 A3050000 		.4byte	0x5a3
 957 05da 0A       		.uleb128 0xa
 958 05db 04       		.byte	0x4
 959 05dc E0050000 		.4byte	0x5e0
 960 05e0 17       		.uleb128 0x17
 961 05e1 E5050000 		.4byte	0x5e5
 962 05e5 03       		.uleb128 0x3
 963 05e6 01       		.byte	0x1
 964 05e7 08       		.byte	0x8
 965 05e8 BD030000 		.4byte	.LASF87
 966 05ec 0A       		.uleb128 0xa
 967 05ed 04       		.byte	0x4
 968 05ee 6A040000 		.4byte	0x46a
 969 05f2 0A       		.uleb128 0xa
 970 05f3 04       		.byte	0x4
 971 05f4 CD020000 		.4byte	0x2cd
 972 05f8 0F       		.uleb128 0xf
 973 05f9 DA050000 		.4byte	0x5da
 974 05fd 04       		.uleb128 0x4
 975 05fe C2030000 		.4byte	.LASF88
 976 0602 0A       		.byte	0xa
 977 0603 34       		.byte	0x34
 978 0604 A3050000 		.4byte	0x5a3
 979 0608 0A       		.uleb128 0xa
 980 0609 04       		.byte	0x4
 981 060a FD050000 		.4byte	0x5fd
 982 060e 03       		.uleb128 0x3
 983 060f 01       		.byte	0x1
 984 0610 02       		.byte	0x2
 985 0611 F9030000 		.4byte	.LASF89
 986 0615 18       		.uleb128 0x18
 987 0616 0C       		.byte	0xc
 988 0617 0B       		.byte	0xb
 989 0618 68       		.byte	0x68
 990 0619 42060000 		.4byte	0x642
ARM GAS  /tmp/ccUnfzhi.s 			page 26


 991 061d 07       		.uleb128 0x7
 992 061e 6F647200 		.ascii	"odr\000"
 993 0622 0B       		.byte	0xb
 994 0623 6A       		.byte	0x6a
 995 0624 77000000 		.4byte	0x77
 996 0628 00       		.byte	0
 997 0629 07       		.uleb128 0x7
 998 062a 63726C00 		.ascii	"crl\000"
 999 062e 0B       		.byte	0xb
 1000 062f 6C       		.byte	0x6c
 1001 0630 77000000 		.4byte	0x77
 1002 0634 04       		.byte	0x4
 1003 0635 07       		.uleb128 0x7
 1004 0636 63726800 		.ascii	"crh\000"
 1005 063a 0B       		.byte	0xb
 1006 063b 6E       		.byte	0x6e
 1007 063c 77000000 		.4byte	0x77
 1008 0640 08       		.byte	0x8
 1009 0641 00       		.byte	0
 1010 0642 04       		.uleb128 0x4
 1011 0643 61030000 		.4byte	.LASF90
 1012 0647 0B       		.byte	0xb
 1013 0648 6F       		.byte	0x6f
 1014 0649 15060000 		.4byte	0x615
 1015 064d 18       		.uleb128 0x18
 1016 064e 3C       		.byte	0x3c
 1017 064f 0B       		.byte	0xb
 1018 0650 78       		.byte	0x78
 1019 0651 92060000 		.4byte	0x692
 1020 0655 06       		.uleb128 0x6
 1021 0656 5A020000 		.4byte	.LASF91
 1022 065a 0B       		.byte	0xb
 1023 065b 7A       		.byte	0x7a
 1024 065c 42060000 		.4byte	0x642
 1025 0660 00       		.byte	0
 1026 0661 06       		.uleb128 0x6
 1027 0662 F2030000 		.4byte	.LASF92
 1028 0666 0B       		.byte	0xb
 1029 0667 7C       		.byte	0x7c
 1030 0668 42060000 		.4byte	0x642
 1031 066c 0C       		.byte	0xc
 1032 066d 06       		.uleb128 0x6
 1033 066e 61020000 		.4byte	.LASF93
 1034 0672 0B       		.byte	0xb
 1035 0673 7E       		.byte	0x7e
 1036 0674 42060000 		.4byte	0x642
 1037 0678 18       		.byte	0x18
 1038 0679 06       		.uleb128 0x6
 1039 067a EB010000 		.4byte	.LASF94
 1040 067e 0B       		.byte	0xb
 1041 067f 80       		.byte	0x80
 1042 0680 42060000 		.4byte	0x642
 1043 0684 24       		.byte	0x24
 1044 0685 06       		.uleb128 0x6
 1045 0686 04040000 		.4byte	.LASF95
 1046 068a 0B       		.byte	0xb
 1047 068b 83       		.byte	0x83
ARM GAS  /tmp/ccUnfzhi.s 			page 27


 1048 068c 42060000 		.4byte	0x642
 1049 0690 30       		.byte	0x30
 1050 0691 00       		.byte	0
 1051 0692 04       		.uleb128 0x4
 1052 0693 68020000 		.4byte	.LASF96
 1053 0697 0B       		.byte	0xb
 1054 0698 8D       		.byte	0x8d
 1055 0699 4D060000 		.4byte	0x64d
 1056 069d 19       		.uleb128 0x19
 1057 069e 23020000 		.4byte	.LASF102
 1058 06a2 01       		.byte	0x1
 1059 06a3 28       		.byte	0x28
 1060 06a4 00000000 		.4byte	.LFB219
 1061 06a8 04000000 		.4byte	.LFE219-.LFB219
 1062 06ac 01       		.uleb128 0x1
 1063 06ad 9C       		.byte	0x9c
 1064 06ae BC060000 		.4byte	0x6bc
 1065 06b2 1A       		.uleb128 0x1a
 1066 06b3 04000000 		.4byte	.LVL0
 1067 06b7 FF060000 		.4byte	0x6ff
 1068 06bb 00       		.byte	0
 1069 06bc 1B       		.uleb128 0x1b
 1070 06bd 19020000 		.4byte	.LASF103
 1071 06c1 01       		.byte	0x1
 1072 06c2 30       		.byte	0x30
 1073 06c3 00000000 		.4byte	.LFB220
 1074 06c7 10000000 		.4byte	.LFE220-.LFB220
 1075 06cb 01       		.uleb128 0x1
 1076 06cc 9C       		.byte	0x9c
 1077 06cd 1C       		.uleb128 0x1c
 1078 06ce E0040000 		.4byte	.LASF97
 1079 06d2 0C       		.byte	0xc
 1080 06d3 9606     		.2byte	0x696
 1081 06d5 D9060000 		.4byte	0x6d9
 1082 06d9 0F       		.uleb128 0xf
 1083 06da 65000000 		.4byte	0x65
 1084 06de 1D       		.uleb128 0x1d
 1085 06df 636800   		.ascii	"ch\000"
 1086 06e2 05       		.byte	0x5
 1087 06e3 D201     		.2byte	0x1d2
 1088 06e5 9A030000 		.4byte	0x39a
 1089 06e9 1E       		.uleb128 0x1e
 1090 06ea 2A000000 		.4byte	.LASF98
 1091 06ee 01       		.byte	0x1
 1092 06ef 19       		.byte	0x19
 1093 06f0 FA060000 		.4byte	0x6fa
 1094 06f4 05       		.uleb128 0x5
 1095 06f5 03       		.byte	0x3
 1096 06f6 00000000 		.4byte	pal_default_config
 1097 06fa 17       		.uleb128 0x17
 1098 06fb 92060000 		.4byte	0x692
 1099 06ff 1F       		.uleb128 0x1f
 1100 0700 30020000 		.4byte	.LASF104
 1101 0704 0D       		.byte	0xd
 1102 0705 D8       		.byte	0xd8
 1103 0706 00       		.byte	0
 1104              		.section	.debug_abbrev,"",%progbits
ARM GAS  /tmp/ccUnfzhi.s 			page 28


 1105              	.Ldebug_abbrev0:
 1106 0000 01       		.uleb128 0x1
 1107 0001 11       		.uleb128 0x11
 1108 0002 01       		.byte	0x1
 1109 0003 25       		.uleb128 0x25
 1110 0004 0E       		.uleb128 0xe
 1111 0005 13       		.uleb128 0x13
 1112 0006 0B       		.uleb128 0xb
 1113 0007 03       		.uleb128 0x3
 1114 0008 0E       		.uleb128 0xe
 1115 0009 1B       		.uleb128 0x1b
 1116 000a 0E       		.uleb128 0xe
 1117 000b 55       		.uleb128 0x55
 1118 000c 17       		.uleb128 0x17
 1119 000d 11       		.uleb128 0x11
 1120 000e 01       		.uleb128 0x1
 1121 000f 10       		.uleb128 0x10
 1122 0010 17       		.uleb128 0x17
 1123 0011 00       		.byte	0
 1124 0012 00       		.byte	0
 1125 0013 02       		.uleb128 0x2
 1126 0014 24       		.uleb128 0x24
 1127 0015 00       		.byte	0
 1128 0016 0B       		.uleb128 0xb
 1129 0017 0B       		.uleb128 0xb
 1130 0018 3E       		.uleb128 0x3e
 1131 0019 0B       		.uleb128 0xb
 1132 001a 03       		.uleb128 0x3
 1133 001b 08       		.uleb128 0x8
 1134 001c 00       		.byte	0
 1135 001d 00       		.byte	0
 1136 001e 03       		.uleb128 0x3
 1137 001f 24       		.uleb128 0x24
 1138 0020 00       		.byte	0
 1139 0021 0B       		.uleb128 0xb
 1140 0022 0B       		.uleb128 0xb
 1141 0023 3E       		.uleb128 0x3e
 1142 0024 0B       		.uleb128 0xb
 1143 0025 03       		.uleb128 0x3
 1144 0026 0E       		.uleb128 0xe
 1145 0027 00       		.byte	0
 1146 0028 00       		.byte	0
 1147 0029 04       		.uleb128 0x4
 1148 002a 16       		.uleb128 0x16
 1149 002b 00       		.byte	0
 1150 002c 03       		.uleb128 0x3
 1151 002d 0E       		.uleb128 0xe
 1152 002e 3A       		.uleb128 0x3a
 1153 002f 0B       		.uleb128 0xb
 1154 0030 3B       		.uleb128 0x3b
 1155 0031 0B       		.uleb128 0xb
 1156 0032 49       		.uleb128 0x49
 1157 0033 13       		.uleb128 0x13
 1158 0034 00       		.byte	0
 1159 0035 00       		.byte	0
 1160 0036 05       		.uleb128 0x5
 1161 0037 13       		.uleb128 0x13
ARM GAS  /tmp/ccUnfzhi.s 			page 29


 1162 0038 01       		.byte	0x1
 1163 0039 03       		.uleb128 0x3
 1164 003a 0E       		.uleb128 0xe
 1165 003b 0B       		.uleb128 0xb
 1166 003c 0B       		.uleb128 0xb
 1167 003d 3A       		.uleb128 0x3a
 1168 003e 0B       		.uleb128 0xb
 1169 003f 3B       		.uleb128 0x3b
 1170 0040 0B       		.uleb128 0xb
 1171 0041 01       		.uleb128 0x1
 1172 0042 13       		.uleb128 0x13
 1173 0043 00       		.byte	0
 1174 0044 00       		.byte	0
 1175 0045 06       		.uleb128 0x6
 1176 0046 0D       		.uleb128 0xd
 1177 0047 00       		.byte	0
 1178 0048 03       		.uleb128 0x3
 1179 0049 0E       		.uleb128 0xe
 1180 004a 3A       		.uleb128 0x3a
 1181 004b 0B       		.uleb128 0xb
 1182 004c 3B       		.uleb128 0x3b
 1183 004d 0B       		.uleb128 0xb
 1184 004e 49       		.uleb128 0x49
 1185 004f 13       		.uleb128 0x13
 1186 0050 38       		.uleb128 0x38
 1187 0051 0B       		.uleb128 0xb
 1188 0052 00       		.byte	0
 1189 0053 00       		.byte	0
 1190 0054 07       		.uleb128 0x7
 1191 0055 0D       		.uleb128 0xd
 1192 0056 00       		.byte	0
 1193 0057 03       		.uleb128 0x3
 1194 0058 08       		.uleb128 0x8
 1195 0059 3A       		.uleb128 0x3a
 1196 005a 0B       		.uleb128 0xb
 1197 005b 3B       		.uleb128 0x3b
 1198 005c 0B       		.uleb128 0xb
 1199 005d 49       		.uleb128 0x49
 1200 005e 13       		.uleb128 0x13
 1201 005f 38       		.uleb128 0x38
 1202 0060 0B       		.uleb128 0xb
 1203 0061 00       		.byte	0
 1204 0062 00       		.byte	0
 1205 0063 08       		.uleb128 0x8
 1206 0064 0D       		.uleb128 0xd
 1207 0065 00       		.byte	0
 1208 0066 03       		.uleb128 0x3
 1209 0067 08       		.uleb128 0x8
 1210 0068 3A       		.uleb128 0x3a
 1211 0069 0B       		.uleb128 0xb
 1212 006a 3B       		.uleb128 0x3b
 1213 006b 05       		.uleb128 0x5
 1214 006c 49       		.uleb128 0x49
 1215 006d 13       		.uleb128 0x13
 1216 006e 38       		.uleb128 0x38
 1217 006f 0B       		.uleb128 0xb
 1218 0070 00       		.byte	0
ARM GAS  /tmp/ccUnfzhi.s 			page 30


 1219 0071 00       		.byte	0
 1220 0072 09       		.uleb128 0x9
 1221 0073 0D       		.uleb128 0xd
 1222 0074 00       		.byte	0
 1223 0075 03       		.uleb128 0x3
 1224 0076 0E       		.uleb128 0xe
 1225 0077 3A       		.uleb128 0x3a
 1226 0078 0B       		.uleb128 0xb
 1227 0079 3B       		.uleb128 0x3b
 1228 007a 05       		.uleb128 0x5
 1229 007b 49       		.uleb128 0x49
 1230 007c 13       		.uleb128 0x13
 1231 007d 38       		.uleb128 0x38
 1232 007e 0B       		.uleb128 0xb
 1233 007f 00       		.byte	0
 1234 0080 00       		.byte	0
 1235 0081 0A       		.uleb128 0xa
 1236 0082 0F       		.uleb128 0xf
 1237 0083 00       		.byte	0
 1238 0084 0B       		.uleb128 0xb
 1239 0085 0B       		.uleb128 0xb
 1240 0086 49       		.uleb128 0x49
 1241 0087 13       		.uleb128 0x13
 1242 0088 00       		.byte	0
 1243 0089 00       		.byte	0
 1244 008a 0B       		.uleb128 0xb
 1245 008b 13       		.uleb128 0x13
 1246 008c 01       		.byte	0x1
 1247 008d 03       		.uleb128 0x3
 1248 008e 0E       		.uleb128 0xe
 1249 008f 0B       		.uleb128 0xb
 1250 0090 0B       		.uleb128 0xb
 1251 0091 3A       		.uleb128 0x3a
 1252 0092 0B       		.uleb128 0xb
 1253 0093 3B       		.uleb128 0x3b
 1254 0094 05       		.uleb128 0x5
 1255 0095 01       		.uleb128 0x1
 1256 0096 13       		.uleb128 0x13
 1257 0097 00       		.byte	0
 1258 0098 00       		.byte	0
 1259 0099 0C       		.uleb128 0xc
 1260 009a 15       		.uleb128 0x15
 1261 009b 01       		.byte	0x1
 1262 009c 27       		.uleb128 0x27
 1263 009d 19       		.uleb128 0x19
 1264 009e 01       		.uleb128 0x1
 1265 009f 13       		.uleb128 0x13
 1266 00a0 00       		.byte	0
 1267 00a1 00       		.byte	0
 1268 00a2 0D       		.uleb128 0xd
 1269 00a3 05       		.uleb128 0x5
 1270 00a4 00       		.byte	0
 1271 00a5 49       		.uleb128 0x49
 1272 00a6 13       		.uleb128 0x13
 1273 00a7 00       		.byte	0
 1274 00a8 00       		.byte	0
 1275 00a9 0E       		.uleb128 0xe
ARM GAS  /tmp/ccUnfzhi.s 			page 31


 1276 00aa 0F       		.uleb128 0xf
 1277 00ab 00       		.byte	0
 1278 00ac 0B       		.uleb128 0xb
 1279 00ad 0B       		.uleb128 0xb
 1280 00ae 00       		.byte	0
 1281 00af 00       		.byte	0
 1282 00b0 0F       		.uleb128 0xf
 1283 00b1 35       		.uleb128 0x35
 1284 00b2 00       		.byte	0
 1285 00b3 49       		.uleb128 0x49
 1286 00b4 13       		.uleb128 0x13
 1287 00b5 00       		.byte	0
 1288 00b6 00       		.byte	0
 1289 00b7 10       		.uleb128 0x10
 1290 00b8 01       		.uleb128 0x1
 1291 00b9 01       		.byte	0x1
 1292 00ba 49       		.uleb128 0x49
 1293 00bb 13       		.uleb128 0x13
 1294 00bc 01       		.uleb128 0x1
 1295 00bd 13       		.uleb128 0x13
 1296 00be 00       		.byte	0
 1297 00bf 00       		.byte	0
 1298 00c0 11       		.uleb128 0x11
 1299 00c1 21       		.uleb128 0x21
 1300 00c2 00       		.byte	0
 1301 00c3 49       		.uleb128 0x49
 1302 00c4 13       		.uleb128 0x13
 1303 00c5 2F       		.uleb128 0x2f
 1304 00c6 0B       		.uleb128 0xb
 1305 00c7 00       		.byte	0
 1306 00c8 00       		.byte	0
 1307 00c9 12       		.uleb128 0x12
 1308 00ca 13       		.uleb128 0x13
 1309 00cb 01       		.byte	0x1
 1310 00cc 0B       		.uleb128 0xb
 1311 00cd 0B       		.uleb128 0xb
 1312 00ce 3A       		.uleb128 0x3a
 1313 00cf 0B       		.uleb128 0xb
 1314 00d0 3B       		.uleb128 0x3b
 1315 00d1 05       		.uleb128 0x5
 1316 00d2 01       		.uleb128 0x1
 1317 00d3 13       		.uleb128 0x13
 1318 00d4 00       		.byte	0
 1319 00d5 00       		.byte	0
 1320 00d6 13       		.uleb128 0x13
 1321 00d7 16       		.uleb128 0x16
 1322 00d8 00       		.byte	0
 1323 00d9 03       		.uleb128 0x3
 1324 00da 0E       		.uleb128 0xe
 1325 00db 3A       		.uleb128 0x3a
 1326 00dc 0B       		.uleb128 0xb
 1327 00dd 3B       		.uleb128 0x3b
 1328 00de 05       		.uleb128 0x5
 1329 00df 49       		.uleb128 0x49
 1330 00e0 13       		.uleb128 0x13
 1331 00e1 00       		.byte	0
 1332 00e2 00       		.byte	0
ARM GAS  /tmp/ccUnfzhi.s 			page 32


 1333 00e3 14       		.uleb128 0x14
 1334 00e4 17       		.uleb128 0x17
 1335 00e5 01       		.byte	0x1
 1336 00e6 0B       		.uleb128 0xb
 1337 00e7 0B       		.uleb128 0xb
 1338 00e8 3A       		.uleb128 0x3a
 1339 00e9 0B       		.uleb128 0xb
 1340 00ea 3B       		.uleb128 0x3b
 1341 00eb 0B       		.uleb128 0xb
 1342 00ec 01       		.uleb128 0x1
 1343 00ed 13       		.uleb128 0x13
 1344 00ee 00       		.byte	0
 1345 00ef 00       		.byte	0
 1346 00f0 15       		.uleb128 0x15
 1347 00f1 0D       		.uleb128 0xd
 1348 00f2 00       		.byte	0
 1349 00f3 03       		.uleb128 0x3
 1350 00f4 0E       		.uleb128 0xe
 1351 00f5 3A       		.uleb128 0x3a
 1352 00f6 0B       		.uleb128 0xb
 1353 00f7 3B       		.uleb128 0x3b
 1354 00f8 0B       		.uleb128 0xb
 1355 00f9 49       		.uleb128 0x49
 1356 00fa 13       		.uleb128 0x13
 1357 00fb 00       		.byte	0
 1358 00fc 00       		.byte	0
 1359 00fd 16       		.uleb128 0x16
 1360 00fe 0D       		.uleb128 0xd
 1361 00ff 00       		.byte	0
 1362 0100 03       		.uleb128 0x3
 1363 0101 0E       		.uleb128 0xe
 1364 0102 3A       		.uleb128 0x3a
 1365 0103 0B       		.uleb128 0xb
 1366 0104 3B       		.uleb128 0x3b
 1367 0105 05       		.uleb128 0x5
 1368 0106 49       		.uleb128 0x49
 1369 0107 13       		.uleb128 0x13
 1370 0108 00       		.byte	0
 1371 0109 00       		.byte	0
 1372 010a 17       		.uleb128 0x17
 1373 010b 26       		.uleb128 0x26
 1374 010c 00       		.byte	0
 1375 010d 49       		.uleb128 0x49
 1376 010e 13       		.uleb128 0x13
 1377 010f 00       		.byte	0
 1378 0110 00       		.byte	0
 1379 0111 18       		.uleb128 0x18
 1380 0112 13       		.uleb128 0x13
 1381 0113 01       		.byte	0x1
 1382 0114 0B       		.uleb128 0xb
 1383 0115 0B       		.uleb128 0xb
 1384 0116 3A       		.uleb128 0x3a
 1385 0117 0B       		.uleb128 0xb
 1386 0118 3B       		.uleb128 0x3b
 1387 0119 0B       		.uleb128 0xb
 1388 011a 01       		.uleb128 0x1
 1389 011b 13       		.uleb128 0x13
ARM GAS  /tmp/ccUnfzhi.s 			page 33


 1390 011c 00       		.byte	0
 1391 011d 00       		.byte	0
 1392 011e 19       		.uleb128 0x19
 1393 011f 2E       		.uleb128 0x2e
 1394 0120 01       		.byte	0x1
 1395 0121 3F       		.uleb128 0x3f
 1396 0122 19       		.uleb128 0x19
 1397 0123 03       		.uleb128 0x3
 1398 0124 0E       		.uleb128 0xe
 1399 0125 3A       		.uleb128 0x3a
 1400 0126 0B       		.uleb128 0xb
 1401 0127 3B       		.uleb128 0x3b
 1402 0128 0B       		.uleb128 0xb
 1403 0129 27       		.uleb128 0x27
 1404 012a 19       		.uleb128 0x19
 1405 012b 11       		.uleb128 0x11
 1406 012c 01       		.uleb128 0x1
 1407 012d 12       		.uleb128 0x12
 1408 012e 06       		.uleb128 0x6
 1409 012f 40       		.uleb128 0x40
 1410 0130 18       		.uleb128 0x18
 1411 0131 9742     		.uleb128 0x2117
 1412 0133 19       		.uleb128 0x19
 1413 0134 01       		.uleb128 0x1
 1414 0135 13       		.uleb128 0x13
 1415 0136 00       		.byte	0
 1416 0137 00       		.byte	0
 1417 0138 1A       		.uleb128 0x1a
 1418 0139 898201   		.uleb128 0x4109
 1419 013c 00       		.byte	0
 1420 013d 11       		.uleb128 0x11
 1421 013e 01       		.uleb128 0x1
 1422 013f 9542     		.uleb128 0x2115
 1423 0141 19       		.uleb128 0x19
 1424 0142 31       		.uleb128 0x31
 1425 0143 13       		.uleb128 0x13
 1426 0144 00       		.byte	0
 1427 0145 00       		.byte	0
 1428 0146 1B       		.uleb128 0x1b
 1429 0147 2E       		.uleb128 0x2e
 1430 0148 00       		.byte	0
 1431 0149 3F       		.uleb128 0x3f
 1432 014a 19       		.uleb128 0x19
 1433 014b 03       		.uleb128 0x3
 1434 014c 0E       		.uleb128 0xe
 1435 014d 3A       		.uleb128 0x3a
 1436 014e 0B       		.uleb128 0xb
 1437 014f 3B       		.uleb128 0x3b
 1438 0150 0B       		.uleb128 0xb
 1439 0151 27       		.uleb128 0x27
 1440 0152 19       		.uleb128 0x19
 1441 0153 11       		.uleb128 0x11
 1442 0154 01       		.uleb128 0x1
 1443 0155 12       		.uleb128 0x12
 1444 0156 06       		.uleb128 0x6
 1445 0157 40       		.uleb128 0x40
 1446 0158 18       		.uleb128 0x18
ARM GAS  /tmp/ccUnfzhi.s 			page 34


 1447 0159 9742     		.uleb128 0x2117
 1448 015b 19       		.uleb128 0x19
 1449 015c 00       		.byte	0
 1450 015d 00       		.byte	0
 1451 015e 1C       		.uleb128 0x1c
 1452 015f 34       		.uleb128 0x34
 1453 0160 00       		.byte	0
 1454 0161 03       		.uleb128 0x3
 1455 0162 0E       		.uleb128 0xe
 1456 0163 3A       		.uleb128 0x3a
 1457 0164 0B       		.uleb128 0xb
 1458 0165 3B       		.uleb128 0x3b
 1459 0166 05       		.uleb128 0x5
 1460 0167 49       		.uleb128 0x49
 1461 0168 13       		.uleb128 0x13
 1462 0169 3F       		.uleb128 0x3f
 1463 016a 19       		.uleb128 0x19
 1464 016b 3C       		.uleb128 0x3c
 1465 016c 19       		.uleb128 0x19
 1466 016d 00       		.byte	0
 1467 016e 00       		.byte	0
 1468 016f 1D       		.uleb128 0x1d
 1469 0170 34       		.uleb128 0x34
 1470 0171 00       		.byte	0
 1471 0172 03       		.uleb128 0x3
 1472 0173 08       		.uleb128 0x8
 1473 0174 3A       		.uleb128 0x3a
 1474 0175 0B       		.uleb128 0xb
 1475 0176 3B       		.uleb128 0x3b
 1476 0177 05       		.uleb128 0x5
 1477 0178 49       		.uleb128 0x49
 1478 0179 13       		.uleb128 0x13
 1479 017a 3F       		.uleb128 0x3f
 1480 017b 19       		.uleb128 0x19
 1481 017c 3C       		.uleb128 0x3c
 1482 017d 19       		.uleb128 0x19
 1483 017e 00       		.byte	0
 1484 017f 00       		.byte	0
 1485 0180 1E       		.uleb128 0x1e
 1486 0181 34       		.uleb128 0x34
 1487 0182 00       		.byte	0
 1488 0183 03       		.uleb128 0x3
 1489 0184 0E       		.uleb128 0xe
 1490 0185 3A       		.uleb128 0x3a
 1491 0186 0B       		.uleb128 0xb
 1492 0187 3B       		.uleb128 0x3b
 1493 0188 0B       		.uleb128 0xb
 1494 0189 49       		.uleb128 0x49
 1495 018a 13       		.uleb128 0x13
 1496 018b 3F       		.uleb128 0x3f
 1497 018c 19       		.uleb128 0x19
 1498 018d 02       		.uleb128 0x2
 1499 018e 18       		.uleb128 0x18
 1500 018f 00       		.byte	0
 1501 0190 00       		.byte	0
 1502 0191 1F       		.uleb128 0x1f
 1503 0192 2E       		.uleb128 0x2e
ARM GAS  /tmp/ccUnfzhi.s 			page 35


 1504 0193 00       		.byte	0
 1505 0194 3F       		.uleb128 0x3f
 1506 0195 19       		.uleb128 0x19
 1507 0196 03       		.uleb128 0x3
 1508 0197 0E       		.uleb128 0xe
 1509 0198 3A       		.uleb128 0x3a
 1510 0199 0B       		.uleb128 0xb
 1511 019a 3B       		.uleb128 0x3b
 1512 019b 0B       		.uleb128 0xb
 1513 019c 27       		.uleb128 0x27
 1514 019d 19       		.uleb128 0x19
 1515 019e 3C       		.uleb128 0x3c
 1516 019f 19       		.uleb128 0x19
 1517 01a0 00       		.byte	0
 1518 01a1 00       		.byte	0
 1519 01a2 00       		.byte	0
 1520              		.section	.debug_aranges,"",%progbits
 1521 0000 24000000 		.4byte	0x24
 1522 0004 0200     		.2byte	0x2
 1523 0006 00000000 		.4byte	.Ldebug_info0
 1524 000a 04       		.byte	0x4
 1525 000b 00       		.byte	0
 1526 000c 0000     		.2byte	0
 1527 000e 0000     		.2byte	0
 1528 0010 00000000 		.4byte	.LFB219
 1529 0014 04000000 		.4byte	.LFE219-.LFB219
 1530 0018 00000000 		.4byte	.LFB220
 1531 001c 10000000 		.4byte	.LFE220-.LFB220
 1532 0020 00000000 		.4byte	0
 1533 0024 00000000 		.4byte	0
 1534              		.section	.debug_ranges,"",%progbits
 1535              	.Ldebug_ranges0:
 1536 0000 00000000 		.4byte	.LFB219
 1537 0004 04000000 		.4byte	.LFE219
 1538 0008 00000000 		.4byte	.LFB220
 1539 000c 10000000 		.4byte	.LFE220
 1540 0010 00000000 		.4byte	0
 1541 0014 00000000 		.4byte	0
 1542              		.section	.debug_line,"",%progbits
 1543              	.Ldebug_line0:
 1544 0000 6A020000 		.section	.debug_str,"MS",%progbits,1
 1544      02004402 
 1544      00000201 
 1544      FB0E0D00 
 1544      01010101 
 1545              	.LASF22:
 1546 0000 74687265 		.ascii	"thread_t\000"
 1546      61645F74 
 1546      00
 1547              	.LASF16:
 1548 0009 74726566 		.ascii	"trefs_t\000"
 1548      735F7400 
 1549              	.LASF58:
 1550 0011 63685F73 		.ascii	"ch_system_debug\000"
 1550      79737465 
 1550      6D5F6465 
 1550      62756700 
ARM GAS  /tmp/ccUnfzhi.s 			page 36


 1551              	.LASF34:
 1552 0021 6570656E 		.ascii	"epending\000"
 1552      64696E67 
 1552      00
 1553              	.LASF98:
 1554 002a 70616C5F 		.ascii	"pal_default_config\000"
 1554      64656661 
 1554      756C745F 
 1554      636F6E66 
 1554      696700
 1555              	.LASF29:
 1556 003d 73746174 		.ascii	"state\000"
 1556      6500
 1557              	.LASF12:
 1558 0043 75696E74 		.ascii	"uint64_t\000"
 1558      36345F74 
 1558      00
 1559              	.LASF64:
 1560 004c 6D61696E 		.ascii	"mainthread\000"
 1560      74687265 
 1560      616400
 1561              	.LASF3:
 1562 0057 73686F72 		.ascii	"short int\000"
 1562      7420696E 
 1562      7400
 1563              	.LASF65:
 1564 0061 73697A65 		.ascii	"sizetype\000"
 1564      74797065 
 1564      00
 1565              	.LASF57:
 1566 006a 73797374 		.ascii	"system_debug_t\000"
 1566      656D5F64 
 1566      65627567 
 1566      5F7400
 1567              	.LASF13:
 1568 0079 6C6F6E67 		.ascii	"long long unsigned int\000"
 1568      206C6F6E 
 1568      6720756E 
 1568      7369676E 
 1568      65642069 
 1569              	.LASF81:
 1570 0090 77747365 		.ascii	"wtsemp\000"
 1570      6D7000
 1571              	.LASF19:
 1572 0097 6576656E 		.ascii	"eventmask_t\000"
 1572      746D6173 
 1572      6B5F7400 
 1573              	.LASF100:
 1574 00a3 2E2E2F2E 		.ascii	"../../../os/hal/boards/ST_STM32VL_DISCOVERY/board.c"
 1574      2E2F2E2E 
 1574      2F6F732F 
 1574      68616C2F 
 1574      626F6172 
 1575 00d6 00       		.ascii	"\000"
 1576              	.LASF14:
 1577 00d7 746D6F64 		.ascii	"tmode_t\000"
 1577      655F7400 
ARM GAS  /tmp/ccUnfzhi.s 			page 37


 1578              	.LASF41:
 1579 00df 63685F74 		.ascii	"ch_threads_list\000"
 1579      68726561 
 1579      64735F6C 
 1579      69737400 
 1580              	.LASF63:
 1581 00ef 76746C69 		.ascii	"vtlist\000"
 1581      737400
 1582              	.LASF60:
 1583 00f6 63685F73 		.ascii	"ch_system_t\000"
 1583      79737465 
 1583      6D5F7400 
 1584              	.LASF33:
 1585 0102 6D736771 		.ascii	"msgqueue\000"
 1585      75657565 
 1585      00
 1586              	.LASF72:
 1587 010b 72656761 		.ascii	"regarm_t\000"
 1587      726D5F74 
 1587      00
 1588              	.LASF52:
 1589 0114 64656C74 		.ascii	"delta\000"
 1589      6100
 1590              	.LASF4:
 1591 011a 75696E74 		.ascii	"uint8_t\000"
 1591      385F7400 
 1592              	.LASF44:
 1593 0122 63685F74 		.ascii	"ch_threads_queue\000"
 1593      68726561 
 1593      64735F71 
 1593      75657565 
 1593      00
 1594              	.LASF68:
 1595 0133 45585449 		.ascii	"EXTICR\000"
 1595      435200
 1596              	.LASF85:
 1597 013a 63685F6D 		.ascii	"ch_mutex\000"
 1597      75746578 
 1597      00
 1598              	.LASF40:
 1599 0143 63685F74 		.ascii	"ch_thread\000"
 1599      68726561 
 1599      6400
 1600              	.LASF26:
 1601 014d 6F6C6465 		.ascii	"older\000"
 1601      7200
 1602              	.LASF28:
 1603 0153 77616261 		.ascii	"wabase\000"
 1603      736500
 1604              	.LASF53:
 1605 015a 66756E63 		.ascii	"func\000"
 1605      00
 1606              	.LASF11:
 1607 015f 6C6F6E67 		.ascii	"long long int\000"
 1607      206C6F6E 
 1607      6720696E 
 1607      7400
ARM GAS  /tmp/ccUnfzhi.s 			page 38


 1608              	.LASF101:
 1609 016d 2F686F6D 		.ascii	"/home/otto/Escritorio/Semestre12/Embebidos/ChibiOS_"
 1609      652F6F74 
 1609      746F2F45 
 1609      73637269 
 1609      746F7269 
 1610 01a0 31372E36 		.ascii	"17.6.2/demos/STM32/NIL-STM32F100-DISCOVERY\000"
 1610      2E322F64 
 1610      656D6F73 
 1610      2F53544D 
 1610      33322F4E 
 1611              	.LASF17:
 1612 01cb 74707269 		.ascii	"tprio_t\000"
 1612      6F5F7400 
 1613              	.LASF70:
 1614 01d3 4D415052 		.ascii	"MAPR2\000"
 1614      3200
 1615              	.LASF56:
 1616 01d9 6C617374 		.ascii	"lasttime\000"
 1616      74696D65 
 1616      00
 1617              	.LASF8:
 1618 01e2 6C6F6E67 		.ascii	"long int\000"
 1618      20696E74 
 1618      00
 1619              	.LASF94:
 1620 01eb 50444461 		.ascii	"PDData\000"
 1620      746100
 1621              	.LASF61:
 1622 01f2 63685F73 		.ascii	"ch_system\000"
 1622      79737465 
 1622      6D00
 1623              	.LASF74:
 1624 01fc 706F7274 		.ascii	"port_context\000"
 1624      5F636F6E 
 1624      74657874 
 1624      00
 1625              	.LASF50:
 1626 0209 76697274 		.ascii	"virtual_timer_t\000"
 1626      75616C5F 
 1626      74696D65 
 1626      725F7400 
 1627              	.LASF103:
 1628 0219 626F6172 		.ascii	"boardInit\000"
 1628      64496E69 
 1628      7400
 1629              	.LASF102:
 1630 0223 5F5F6561 		.ascii	"__early_init\000"
 1630      726C795F 
 1630      696E6974 
 1630      00
 1631              	.LASF104:
 1632 0230 73746D33 		.ascii	"stm32_clock_init\000"
 1632      325F636C 
 1632      6F636B5F 
 1632      696E6974 
 1632      00
ARM GAS  /tmp/ccUnfzhi.s 			page 39


 1633              	.LASF80:
 1634 0241 73656E74 		.ascii	"sentmsg\000"
 1634      6D736700 
 1635              	.LASF25:
 1636 0249 6E657765 		.ascii	"newer\000"
 1636      7200
 1637              	.LASF23:
 1638 024f 71756575 		.ascii	"queue\000"
 1638      6500
 1639              	.LASF27:
 1640 0255 6E616D65 		.ascii	"name\000"
 1640      00
 1641              	.LASF91:
 1642 025a 50414461 		.ascii	"PAData\000"
 1642      746100
 1643              	.LASF93:
 1644 0261 50434461 		.ascii	"PCData\000"
 1644      746100
 1645              	.LASF96:
 1646 0268 50414C43 		.ascii	"PALConfig\000"
 1646      6F6E6669 
 1646      6700
 1647              	.LASF2:
 1648 0272 756E7369 		.ascii	"unsigned char\000"
 1648      676E6564 
 1648      20636861 
 1648      7200
 1649              	.LASF86:
 1650 0280 6F776E65 		.ascii	"owner\000"
 1650      7200
 1651              	.LASF99:
 1652 0286 474E5520 		.ascii	"GNU C 4.8.1 -mcpu=cortex-m3 -mno-thumb-interwork -m"
 1652      4320342E 
 1652      382E3120 
 1652      2D6D6370 
 1652      753D636F 
 1653 02b9 7468756D 		.ascii	"thumb -ggdb -O2 -fomit-frame-pointer -falign-functi"
 1653      62202D67 
 1653      67646220 
 1653      2D4F3220 
 1653      2D666F6D 
 1654 02ec 6F6E733D 		.ascii	"ons=16 -ffunction-sections -fdata-sections -fno-com"
 1654      3136202D 
 1654      6666756E 
 1654      6374696F 
 1654      6E2D7365 
 1655 031f 6D6F6E20 		.ascii	"mon -flto\000"
 1655      2D666C74 
 1655      6F00
 1656              	.LASF83:
 1657 0329 65776D61 		.ascii	"ewmask\000"
 1657      736B00
 1658              	.LASF1:
 1659 0330 7369676E 		.ascii	"signed char\000"
 1659      65642063 
 1659      68617200 
 1660              	.LASF30:
ARM GAS  /tmp/ccUnfzhi.s 			page 40


 1661 033c 666C6167 		.ascii	"flags\000"
 1661      7300
 1662              	.LASF9:
 1663 0342 75696E74 		.ascii	"uint32_t\000"
 1663      33325F74 
 1663      00
 1664              	.LASF0:
 1665 034b 756E7369 		.ascii	"unsigned int\000"
 1665      676E6564 
 1665      20696E74 
 1665      00
 1666              	.LASF5:
 1667 0358 75696E74 		.ascii	"uint16_t\000"
 1667      31365F74 
 1667      00
 1668              	.LASF90:
 1669 0361 73746D33 		.ascii	"stm32_gpio_setup_t\000"
 1669      325F6770 
 1669      696F5F73 
 1669      65747570 
 1669      5F7400
 1670              	.LASF54:
 1671 0374 76697274 		.ascii	"virtual_timers_list_t\000"
 1671      75616C5F 
 1671      74696D65 
 1671      72735F6C 
 1671      6973745F 
 1672              	.LASF43:
 1673 038a 74687265 		.ascii	"threads_queue_t\000"
 1673      6164735F 
 1673      71756575 
 1673      655F7400 
 1674              	.LASF6:
 1675 039a 73686F72 		.ascii	"short unsigned int\000"
 1675      7420756E 
 1675      7369676E 
 1675      65642069 
 1675      6E7400
 1676              	.LASF21:
 1677 03ad 73797374 		.ascii	"systime_t\000"
 1677      696D655F 
 1677      7400
 1678              	.LASF62:
 1679 03b7 726C6973 		.ascii	"rlist\000"
 1679      7400
 1680              	.LASF87:
 1681 03bd 63686172 		.ascii	"char\000"
 1681      00
 1682              	.LASF88:
 1683 03c2 6D757465 		.ascii	"mutex_t\000"
 1683      785F7400 
 1684              	.LASF51:
 1685 03ca 63685F76 		.ascii	"ch_virtual_timer\000"
 1685      69727475 
 1685      616C5F74 
 1685      696D6572 
 1685      00
ARM GAS  /tmp/ccUnfzhi.s 			page 41


 1686              	.LASF7:
 1687 03db 696E7433 		.ascii	"int32_t\000"
 1687      325F7400 
 1688              	.LASF20:
 1689 03e3 636E745F 		.ascii	"cnt_t\000"
 1689      7400
 1690              	.LASF36:
 1691 03e9 7265616C 		.ascii	"realprio\000"
 1691      7072696F 
 1691      00
 1692              	.LASF92:
 1693 03f2 50424461 		.ascii	"PBData\000"
 1693      746100
 1694              	.LASF89:
 1695 03f9 5F426F6F 		.ascii	"_Bool\000"
 1695      6C00
 1696              	.LASF31:
 1697 03ff 72656673 		.ascii	"refs\000"
 1697      00
 1698              	.LASF95:
 1699 0404 50454461 		.ascii	"PEData\000"
 1699      746100
 1700              	.LASF69:
 1701 040b 52455345 		.ascii	"RESERVED0\000"
 1701      52564544 
 1701      3000
 1702              	.LASF15:
 1703 0415 74737461 		.ascii	"tstate_t\000"
 1703      74655F74 
 1703      00
 1704              	.LASF10:
 1705 041e 6C6F6E67 		.ascii	"long unsigned int\000"
 1705      20756E73 
 1705      69676E65 
 1705      6420696E 
 1705      7400
 1706              	.LASF71:
 1707 0430 4146494F 		.ascii	"AFIO_TypeDef\000"
 1707      5F547970 
 1707      65446566 
 1707      00
 1708              	.LASF59:
 1709 043d 70616E69 		.ascii	"panic_msg\000"
 1709      635F6D73 
 1709      6700
 1710              	.LASF67:
 1711 0447 4D415052 		.ascii	"MAPR\000"
 1711      00
 1712              	.LASF79:
 1713 044c 77747472 		.ascii	"wttrp\000"
 1713      7000
 1714              	.LASF84:
 1715 0452 63685F73 		.ascii	"ch_semaphore\000"
 1715      656D6170 
 1715      686F7265 
 1715      00
 1716              	.LASF75:
ARM GAS  /tmp/ccUnfzhi.s 			page 42


 1717 045f 706F7274 		.ascii	"port_intctx\000"
 1717      5F696E74 
 1717      63747800 
 1718              	.LASF66:
 1719 046b 45564352 		.ascii	"EVCR\000"
 1719      00
 1720              	.LASF38:
 1721 0470 74687265 		.ascii	"thread_reference_t\000"
 1721      61645F72 
 1721      65666572 
 1721      656E6365 
 1721      5F7400
 1722              	.LASF78:
 1723 0483 77746F62 		.ascii	"wtobjp\000"
 1723      6A7000
 1724              	.LASF35:
 1725 048a 6D74786C 		.ascii	"mtxlist\000"
 1725      69737400 
 1726              	.LASF73:
 1727 0492 73746B61 		.ascii	"stkalign_t\000"
 1727      6C69676E 
 1727      5F7400
 1728              	.LASF77:
 1729 049d 65786974 		.ascii	"exitcode\000"
 1729      636F6465 
 1729      00
 1730              	.LASF37:
 1731 04a6 6D706F6F 		.ascii	"mpool\000"
 1731      6C00
 1732              	.LASF49:
 1733 04ac 76746675 		.ascii	"vtfunc_t\000"
 1733      6E635F74 
 1733      00
 1734              	.LASF46:
 1735 04b5 72656164 		.ascii	"ready_list_t\000"
 1735      795F6C69 
 1735      73745F74 
 1735      00
 1736              	.LASF48:
 1737 04c2 63757272 		.ascii	"current\000"
 1737      656E7400 
 1738              	.LASF32:
 1739 04ca 77616974 		.ascii	"waiting\000"
 1739      696E6700 
 1740              	.LASF47:
 1741 04d2 63685F72 		.ascii	"ch_ready_list\000"
 1741      65616479 
 1741      5F6C6973 
 1741      7400
 1742              	.LASF97:
 1743 04e0 49544D5F 		.ascii	"ITM_RxBuffer\000"
 1743      52784275 
 1743      66666572 
 1743      00
 1744              	.LASF45:
 1745 04ed 70726576 		.ascii	"prev\000"
 1745      00
ARM GAS  /tmp/ccUnfzhi.s 			page 43


 1746              	.LASF55:
 1747 04f2 63685F76 		.ascii	"ch_virtual_timers_list\000"
 1747      69727475 
 1747      616C5F74 
 1747      696D6572 
 1747      735F6C69 
 1748              	.LASF76:
 1749 0509 7264796D 		.ascii	"rdymsg\000"
 1749      736700
 1750              	.LASF18:
 1751 0510 6D73675F 		.ascii	"msg_t\000"
 1751      7400
 1752              	.LASF24:
 1753 0516 7072696F 		.ascii	"prio\000"
 1753      00
 1754              	.LASF42:
 1755 051b 6E657874 		.ascii	"next\000"
 1755      00
 1756              	.LASF82:
 1757 0520 77746D74 		.ascii	"wtmtxp\000"
 1757      787000
 1758              	.LASF39:
 1759 0527 74687265 		.ascii	"threads_list_t\000"
 1759      6164735F 
 1759      6C697374 
 1759      5F7400
 1760              		.comm	__gnu_lto_v1,1,1
 1761              		.ident	"GCC: (Sourcery CodeBench Lite 2013.11-24) 4.8.1"
ARM GAS  /tmp/ccUnfzhi.s 			page 44


DEFINED SYMBOLS
                            *ABS*:00000000 board.c
     /tmp/ccUnfzhi.s:158    .text.__early_init:00000000 $t
     /tmp/ccUnfzhi.s:164    .text.__early_init:00000000 __early_init
     /tmp/ccUnfzhi.s:179    .text.boardInit:00000000 $t
     /tmp/ccUnfzhi.s:185    .text.boardInit:00000000 boardInit
     /tmp/ccUnfzhi.s:207    .rodata.pal_default_config:00000000 pal_default_config
     /tmp/ccUnfzhi.s:204    .rodata.pal_default_config:00000000 $d
                            *COM*:00000001 __gnu_lto_v1
                     .debug_frame:00000010 $d

UNDEFINED SYMBOLS
stm32_clock_init
