ARM GAS  /tmp/ccsT0lva.s 			page 1


   1              		.syntax unified
   2              		.cpu cortex-m3
   3              		.fpu softvfp
   4              		.eabi_attribute 20, 1
   5              		.eabi_attribute 21, 1
   6              		.eabi_attribute 23, 3
   7              		.eabi_attribute 24, 1
   8              		.eabi_attribute 25, 1
   9              		.eabi_attribute 26, 1
  10              		.eabi_attribute 30, 2
  11              		.eabi_attribute 34, 1
  12              		.eabi_attribute 18, 4
  13              		.thumb
  14              		.file	"crt1.c"
  15              		.text
  16              	.Ltext0:
  17              		.section	.gnu.lto_.jmpfuncs.91af698fa9fcdf3,"",%progbits
  18 0000 789C6362 		.ascii	"x\234cb`b\300\006x\2404+\003\003#P\0113\003\013\003"
  18      6062C006 
  18      78A0342B 
  18      03032350 
  18      0933030B 
  19 0015 03000236 		.ascii	"\003\000\0026\000 "
  19      0020
  20              		.text
  21              		.section	.gnu.lto_.inline.91af698fa9fcdf3,"",%progbits
  22 0000 789C6362 		.ascii	"x\234cb`b\300\006\342\2414+\003\0033\023#X\021\333\002"
  22      6062C006 
  22      E2A1342B 
  22      03033313 
  22      235811DB 
  23 0015 79B05A46 		.ascii	"y\260ZF\014\021&\014\021f \017\"\302\002\261\200\205"
  23      0C11260C 
  23      1166200F 
  23      22C202B1 
  23      8085
  24 0027 41E41527 		.ascii	"A\344\025'PD\251m\321LF\2702\006\000\3774\006\240"
  24      5044A96D 
  24      D14C46B8 
  24      320600FF 
  24      3406A0
  25              		.text
  26              		.section	.gnu.lto_.pureconst.91af698fa9fcdf3,"",%progbits
  27 0000 789C6362 		.ascii	"x\234cb`b\340f\200\000V\006\011F\011&\011f\023\026)"
  27      6062E066 
  27      80005606 
  27      09460926 
  27      09661316 
  28 0015 00044D00 		.ascii	"\000\004M\000\265"
  28      B5
  29              		.text
  30              		.section	.gnu.lto___core_init.91af698fa9fcdf3,"",%progbits
  31 0000 789C6362 		.ascii	"x\234cb`b@\007\222@\034\014\304\226@\314\310\314\300"
  31      60624007 
  31      92401C0C 
  31      C49640CC 
  31      C8CCC0
ARM GAS  /tmp/ccsT0lva.s 			page 2


  32 0013 C834E11C 		.ascii	"\3104\341\034\003C#\007\023##\210\301\300\310P\317\304"
  32      03432307 
  32      13232388 
  32      C1C0C850 
  32      CFC4
  33 0025 581FC908 		.ascii	"X\037\311\010V\273\236\351\300\203\377\377\327m\350"
  33      56BB9EE9 
  33      C083FFFF 
  33      D76DE8
  34 0034 9AF38671 		.ascii	"\232\363\206q%\023\310,V\206\226\206\206\011\012\014"
  34      2513C82C 
  34      56869686 
  34      86090A0C 
  35 0044 0CC96015 		.ascii	"\014\311`\025!@\022\244-\224\221\011D3_d`Ld\\\310\310"
  35      214012A4 
  35      2D949109 
  35      44335F64 
  35      604C645C 
  36 005a 0AB72D84 		.ascii	"\012\267-\204\221\021$\001\322j\256\247\247\017A\371"
  36      91112401 
  36      D26AAEA7 
  36      A70F41F9 
  37 006a C5FAC9F9 		.ascii	"\305\372\311\371\271\271\371y\372\305%\211E%\245\005"
  37      B9B9F979 
  37      FAC52589 
  37      4525A505 
  38 007a FA8E41BE 		.ascii	"\372\216A\276\316\276\025 \321\202\314\234\324\242b"
  38      CEBE1520 
  38      D182CC9C 
  38      D4A262
  39 0089 7D776767 		.ascii	"}wgg\375\344\242\022C\275d\006\000\267\214)["
  39      FDE4A212 
  39      43BD6406 
  39      00B78C29 
  39      5B
  40              		.text
  41              		.section	.gnu.lto___early_init.91af698fa9fcdf3,"",%progbits
  42 0000 789C6362 		.ascii	"x\234cb`b@\007\222@\034\000\304\226@\314\310\314\300"
  42      60624007 
  42      92401C00 
  42      C49640CC 
  42      C8CCC0
  43 0013 C834E11C 		.ascii	"\3104\341\034\003C#\007\023##\210\301\300\310P\317\304"
  43      03432307 
  43      13232388 
  43      C1C0C850 
  43      CFC4
  44 0025 581FC908 		.ascii	"X\037\311\010V\273\236\351\300\203\377\377\327};5G\002"
  44      56BB9EE9 
  44      C083FFFF 
  44      D77D3B35 
  44      4702
  45 0037 64102B43 		.ascii	"d\020+CKC\303\004\005\006\206d\260t\010\220\004\351"
  45      4B43C304 
  45      05068664 
  45      B0740890 
  45      04E9
ARM GAS  /tmp/ccsT0lva.s 			page 3


  46 0049 09656402 		.ascii	"\011ed\002\321\314\027\031\030\023\031\0272\262\302"
  46      D1CC1719 
  46      18131917 
  46      32B2C2
  47 0058 AD0A6164 		.ascii	"\255\012ad\004I\200\264\232\353\351\351CP~\261~r~nn"
  47      044980B4 
  47      9AEBE9E9 
  47      43507EB1 
  47      7E727E6E 
  48 006d 7E9E7E71 		.ascii	"~\236~qIbQIi\201\276c\220\257\263o\005H\264 3'\265\250"
  48      49625149 
  48      6981BE63 
  48      90AFB36F 
  48      0548B420 
  49 0085 58DFDDD9 		.ascii	"X\337\335\331Y?\271\250\304P/\231\001\000\031\306(^"
  49      593FB9A8 
  49      C4502F99 
  49      010019C6 
  49      285E
  50              		.text
  51              		.section	.gnu.lto___late_init.91af698fa9fcdf3,"",%progbits
  52 0000 789C6362 		.ascii	"x\234cb`b@\007\222@\034\000\304\226@\314\310\314\300"
  52      60624007 
  52      92401C00 
  52      C49640CC 
  52      C8CCC0
  53 0013 C834E11C 		.ascii	"\3104\341\034\003C#\007\023##\210\301\300\310P\317\304"
  53      03432307 
  53      13232388 
  53      C1C0C850 
  53      CFC4
  54 0025 581FC908 		.ascii	"X\037\311\010V\273\236\351\300\203\377\377\327m\352"
  54      56BB9EE9 
  54      C083FFFF 
  54      D76DEA
  55 0034 9E230132 		.ascii	"\236#\0012\210\225\241\245\241a\202\002\003C2X:\004"
  55      8895A1A5 
  55      A1618202 
  55      03433258 
  55      3A04
  56 0046 4882F484 		.ascii	"H\202\364\20422\201h\346\213\014\214\211\214\013\031"
  56      32328168 
  56      E68B0C8C 
  56      898C0B19 
  57 0056 59E15685 		.ascii	"Y\341V\20502\202$@Z\315\365\364\364!(\277X?9?77?O\277"
  57      30328224 
  57      405ACDF5 
  57      F4F42128 
  57      BF583F39 
  58 0070 B824B1A8 		.ascii	"\270$\261\250\244\264@\3371\310\327\331\267\002$Z\220"
  58      A4B440DF 
  58      31C8D7D9 
  58      B702245A 
  58      90
  59 0081 99935A54 		.ascii	"\231\223ZT\254\357\356\354\254\237\\Tb\250\227\314\000"
  59      ACEFEEEC 
  59      AC9F5C54 
ARM GAS  /tmp/ccsT0lva.s 			page 4


  59      62A897CC 
  59      00
  60 0092 00DB0527 		.ascii	"\000\333\005'\333"
  60      DB
  61              		.text
  62              		.section	.gnu.lto___default_exit.91af698fa9fcdf3,"",%progbits
  63 0000 789C6362 		.ascii	"x\234cb`b@\007:@\354\003\304\226@\314\310\312\300\310"
  63      60624007 
  63      3A40EC03 
  63      C49640CC 
  63      C8CAC0C8 
  64 0014 34E11C03 		.ascii	"4\341\034\003C#\007\023#3\210\301\310\314\310\002\021"
  64      43230713 
  64      233388C1 
  64      C8CCC802 
  64      11
  65 0025 60810838 		.ascii	"`\201\010822\32431\2630\326G2\202\265\257g:\360\340"
  65      3232D433 
  65      31B330D6 
  65      473282B5 
  65      AF673AF0 
  66 003a FFFF7577 		.ascii	"\377\377uwN\317\335\303\270\236\011$\306\312\320\322"
  66      4ECFDDC3 
  66      B89E0924 
  66      C6CAD0D2 
  67 004a D0304181 		.ascii	"\3200A\201\201!\031\254\"\004H2\002I&\240Y!\214\314"
  67      812119AC 
  67      22044832 
  67      024926A0 
  67      59218CCC 
  68 005e 0C404318 		.ascii	"\014@C\030C\030Y\2404\304\020\006s==}\010\312/\326O"
  68      431859A0 
  68      34C41006 
  68      733D3D7D 
  68      08CA2FD6 
  69 0073 CECFCDCD 		.ascii	"\316\317\315\315\317\323/.I,*)-\320w\014\362u\366\255"
  69      CFD32F2E 
  69      492C2A29 
  69      2DD0770C 
  69      F275F6AD 
  70 0087 00891664 		.ascii	"\000\211\026d\346\244\026\025\353\273;;\353'\027\225"
  70      E6A41615 
  70      EBBB3B3B 
  70      EB271795 
  71 0097 18EA2533 		.ascii	"\030\352%3\000\000\351N*\305"
  71      0000E94E 
  71      2AC5
  72              		.text
  73              		.section	.gnu.lto___init_ram_areas.91af698fa9fcdf3,"",%progbits
  74 0000 789C8D54 		.ascii	"x\234\215T]HTA\024>g\346\336\273w\177lW\326 \241H$\350"
  74      5D485441 
  74      143E67E6 
  74      DEBB777F 
  74      6C57D620 
  75 0018 2172E949 		.ascii	"!r\351I\350!0\037z\362\241P\250\207\250m\213e\251\315"
  75      E821301F 
  75      7AF2A150 
ARM GAS  /tmp/ccsT0lva.s 			page 5


  75      A887A86D 
  75      8B65A9CD 
  76 002c 4557080A 		.ascii	"EW\010\012\234\325\015\242\244\266 \260\334@\021\351"
  76      9CD50DA2 
  76      A4B620B0 
  76      DC4011E9 
  77 003c 4F88E865 		.ascii	"O\210\350e\211\036V(T0\311G\243\300\222|\260 \304z("
  77      891E5628 
  77      5430C947 
  77      A3C0927C 
  77      B020C47A 
  78 0051 A2EDCC9D 		.ascii	"\242\355\314\235\271W\224\265\032\356\275g\346\3149"
  78      B95794B5 
  78      1AEEBD67 
  78      E6CC39
  79 0060 DF39E79B 		.ascii	"\3379\347\2339\227\001\203\215\243\237\336\263&\300"
  79      39970183 
  79      8DA39FDE 
  79      B326C0
  80 006f 41921802 		.ascii	"A\222\030\002d\205Y\200\234\315\220\253\011GSM\0145"
  80      64855980 
  80      9CCD90AB 
  80      0947534D 
  80      0C35
  81 0081 99B04D66 		.ascii	"\231\260Mf\014L\002\210\200\225\367\201\010YhK=\372"
  81      0C4C0288 
  81      8095F781 
  81      0859684B 
  81      3DFA
  82 0093 949CB06D 		.ascii	"\224\234\260m\346S\373~g\337\317\202j\031p\226A\005"
  82      E653FB7E 
  82      67DFCF82 
  82      6A197096 
  82      4105
  83 00a5 DC124094 		.ascii	"\334\022@\224\022\020z\0317L\313g\373\203\001\354=\206"
  83      12107A19 
  83      374CCB67 
  83      FB8301EC 
  83      3D86
  84 00b7 3229DE08 		.ascii	"2)\336\010#B\334Zx\365q\216\337\021\345\374\260\370"
  84      2342DC5A 
  84      78F5718E 
  84      DF11E5FC 
  84      B0F8
  85 00c9 55A920A6 		.ascii	"U\251 \246\220\012\330\217\220@8J\013lp\0043\326W\244"
  85      900AD88F 
  85      9040384A 
  85      0B6C7004 
  85      33D657A4 
  86 00dd 7CCB43B3 		.ascii	"|\313C\2637\352\305p_A\374&\327\024r\006\007\376\323"
  86      37EAC570 
  86      5F41FC26 
  86      D7147206 
  86      07FED3
  87 00f0 B3381B2A 		.ascii	"\2638\033*\344\256\210J\245\327qk\371\227\333\023V^"
  87      E4AE884A 
  87      A5D7716B 
ARM GAS  /tmp/ccsT0lva.s 			page 6


  87      F997DB13 
  87      565E
  88 0102 A8540656 		.ascii	"\250T\006V\276}(at+B\034G\260\2212\215\343(INr\214\244"
  88      BE7D2861 
  88      742B421C 
  88      47B09132 
  88      8DE32849 
  89 011a A1A5AD65 		.ascii	"\241\245\255e@\357\007\365:\004\024\255\206>FXk\"\332"
  89      40EF07F5 
  89      3A0414AD 
  89      863E4658 
  89      6B22DA
  90 012d A256EE44 		.ascii	"\242V\356D\265\262N\303\3230!/D\241\301]'\034\352\332"
  90      B5B24EC3 
  90      D330212F 
  90      44A1C15D 
  90      271CEADA 
  91 0141 E93B07D0 		.ascii	"\351;\007\320\201\214\004\237\206\276\205\253\223[\342"
  91      818C049F 
  91      86BE85AB 
  91      935BE2
  92 0150 781F4DED 		.ascii	"x\037M\355x\021~\212A!nR!f\032\327\252\350@\016y\237"
  92      78117E8A 
  92      41216E52 
  92      21661AD7 
  92      AAE8400E 
  93 0166 F4B0419B 		.ascii	"\364\260A\233&\221\366_C\337\333\322\342\017\364\242"
  93      2691F65F 
  93      43DFDBD2 
  93      E20FF4A2 
  94 0176 C994542E 		.ascii	"\311\224T.\322N\002\323Hb`\017<\022\005!N\244\320\032"
  94      D24E02D3 
  94      4862600F 
  94      3C120521 
  94      4EA4D01A 
  95 018a 82BB04EF 		.ascii	"\202\273\004\357#\177\311\227\302?\345\305\242\020\345"
  95      237FC997 
  95      C23FE5C5 
  95      A210E5
  96 0199 9D717CE8 		.ascii	"\235q|\350\2444\352\304\011\2508S\213\250\364I\014j"
  96      A434EAC4 
  96      09A83853 
  96      8BA8F449 
  96      0C6A
  97 01ab B8E39BC2 		.ascii	"\270\343\233\302a5\2701\007.(\365\363\200\252\326\362"
  97      6135B831 
  97      072E28F5 
  97      F380AAD6 
  97      F2
  98 01bc EDEBBBBC 		.ascii	"\355\353\273\274b\331\003\302\251\013\316|?)K6\200\356"
  98      62D903C2 
  98      A90BCE7C 
  98      3F294B36 
  98      80EE
  99 01ce 26A7D0CF 		.ascii	"&\247\320\317/\177.nwc\327\250\200v\022\231\014\310"
  99      2F7F2E6E 
  99      7763D7A8 
ARM GAS  /tmp/ccsT0lva.s 			page 7


  99      80761299 
  99      0CC8
 100 01e0 7520329B 		.ascii	"u 2\233~c)#\262\310\011!\302\216\025_\263\"gi\330\177"
 100      7E632923 
 100      B2C80921 
 100      C28E155F 
 100      B3226769 
 101 01f6 ADFF6B71 		.ascii	"\255\377kq\233\213\027\326&\316\305\231\006\266>\331"
 101      9B8B17D6 
 101      26CEC599 
 101      06B63ED9 
 102 0206 B076582D 		.ascii	"\260vX-\326\273\016\021\035y\243\203\"+\342\036\230"
 102      D6BB0E11 
 102      1D79A383 
 102      222BE21E 
 102      98
 103 0217 09D442DE 		.ascii	"\011\324B\336\211)4\356\020\342(\2245\323G\2704\317"
 103      892934EE 
 103      10E22894 
 103      35D347B8 
 103      34CF
 104 0229 5CF890E4 		.ascii	"\\\370\220\3446\262)\261\356Ob\012^.\345\232=\247\244"
 104      36B229B1 
 104      EE4F620A 
 104      5E2EE59A 
 104      3DA7A4
 105 023c 470451CB 		.ascii	"G\004Q\313\350\314\370\273\225K\224\2151\263zz\0368"
 105      E8CCF8BB 
 105      954B948D 
 105      31B37A7A 
 105      1E38
 106 024e B1CEBF48 		.ascii	"\261\316\277HE\330x\261\352\220k\311\373$\215%E&J\225"
 106      45D878B1 
 106      EA906BC9 
 106      FB248D25 
 106      45264A95 
 107 0262 CFE5BB54 		.ascii	"\317\345\273TZ\236\303*T\032kT\312\231\255x'v\036\337"
 107      5A9EC32A 
 107      541A6B54 
 107      CA99AD78 
 107      27761EDF 
 108 0276 F3E88C6A 		.ascii	"\363\350\214j\263\352tF]vl\311\016\256g\307Pd\014.\257"
 108      B3EA7446 
 108      5D766CC9 
 108      0EAE67C7 
 108      50640C2E 
 109 028b 9151FB77 		.ascii	"\221Q\373w2xU2j\035(\227\014#\211\266\205\024\3327\256"
 109      32785532 
 109      6A1D2897 
 109      0C2389B6 
 109      8514DA37 
 110 02a0 AE955F56 		.ascii	"\256\225_V\356\244\375t\207\353R\247\201Yd}\326\252"
 110      EEA4FD74 
 110      87EB52A7 
 110      8159647D 
 110      D6AA
 111 02b2 D1EA9C08 		.ascii	"\321\352\234\010\237&\336\317\242\352)R\351N=L\311\354"
ARM GAS  /tmp/ccsT0lva.s 			page 8


 111      9F26DECF 
 111      A2EA2952 
 111      E94E3D4C 
 111      C9EC
 112 02c4 8571D90C 		.ascii	"\205q\331\014=\224_Z\375\213\3746T\033\355t\367\237"
 112      3D945F5A 
 112      FD8BFC36 
 112      541BED74 
 112      F79F
 113 02d6 59D8411D 		.ascii	"Y\330A\035E\355?\007\271\205\322n\257I\265\005\322\226"
 113      45ED3F07 
 113      B985D26E 
 113      AF49B505 
 113      D296
 114 02e8 3CE3E6A6 		.ascii	"<\343\346\246\246\230z:\273c\211\316t\272\363|\254;"
 114      A6987A3A 
 114      BB6389CE 
 114      74BAF37C 
 114      AC3B
 115 02fa 1BEFCAF6 		.ascii	"\033\357\312\366db-G\332Z\333.Hm&u\356LWw\354Pkk,\321"
 115      64622D47 
 115      DA5ADB2E 
 115      486D2675 
 115      EE4C5777 
 116 0314 95DDD794 		.ascii	"\225\335\327\224\000\336\025\317\260l\0063\177\000T"
 116      00DE15CF 
 116      B06C0633 
 116      7F0054
 117 0323 E65540   		.ascii	"\346U@"
 118              		.text
 119              		.section	.gnu.lto_.symbol_nodes.91af698fa9fcdf3,"",%progbits
 120 0000 789C4DD0 		.ascii	"x\234M\320YN\002Q\020\205\341\277o\367\005\001Ap`\036"
 120      594E0251 
 120      1085E1BF 
 120      6FF70501 
 120      4170601E 
 121 0014 5C831BF0 		.ascii	"\\\203\033\360\325]\335W\036]\201kQqB\260\031\025d\022"
 121      D55DDD57 
 121      1E5D816B 
 121      517142B0 
 121      19156412 
 122 0028 8585D827 		.ascii	"\205\205\330'\306@\275|99IUR\006\303\205\307\337\230"
 122      C640BD7C 
 122      39394955 
 122      5206C385 
 122      C7DF98
 123 003b 5B1C5C87 		.ascii	"[\034\\\207\340\334M\3233w8o/\336\343\314^l\341\374"
 123      E0DC4DD3 
 123      3377386F 
 123      2FDEE3CC 
 123      5E6CE1FC 
 124 004f FF78651E 		.ascii	"\377xe\036p\301\256\264\227\004\316\267\217x\321F\373"
 124      70C1AEB4 
 124      9704CEB7 
 124      8F78D146 
 124      FB
 125 0060 141D8978 		.ascii	"\024\035\211x\306\027/\004\242\215\025\257\304D\207"
ARM GAS  /tmp/ccsT0lva.s 			page 9


 125      C6172F04 
 125      A28D15AF 
 125      C44487
 126 006f B8E87220 		.ascii	"\270\350r \336H\210\220\244\350\221\022}\016\305\200"
 126      DE488890 
 126      A4E89112 
 126      7D0EC580 
 127 007f B4189211 		.ascii	"\264\030\222\021#\216\304\230\254x''>8\026\023N\304"
 127      238EC498 
 127      AC782727 
 127      3E381613 
 127      4EC4
 128 0091 9453F1C9 		.ascii	"\224S\361\311\231\230\221\027s\012bAQ,)\211\025e\361"
 128      99989117 
 128      730A6241 
 128      512C2989 
 128      1565F1
 129 00a4 4545ACA9 		.ascii	"EE\254\251\212oj\342\207\272\330\320\020[\316\365\252"
 129      8A6F6AE2 
 129      87BAD8D0 
 129      105BCEF5 
 129      AA
 130 00b5 5F3DDA45 		.ascii	"_=\332E\311"
 130      C9
 131              		.text
 132              		.section	.gnu.lto_.refs.91af698fa9fcdf3,"",%progbits
 133 0000 789C25C1 		.ascii	"x\234%\301[\026BP\000\000\300{\346\270Ry\246\007J\221"
 133      5B164250 
 133      0000C07B 
 133      E6B85279 
 133      A6074A91 
 134 0014 2CA6FD6F 		.ascii	",\246\375o\310\207\031A\370\207\235D\024\247(u\2209"
 134      C8871941 
 134      F8879D44 
 134      14A72875 
 134      9039
 135 0026 3A39CB15 		.ascii	":9\313\025J\225Z\343\242uus\367\320\351\015\236^Fo\037"
 135      4A955AE3 
 135      A2757573 
 135      F7D0E90D 
 135      9E5E466F 
 136 003b 93D9D7E2 		.ascii	"\223\331\327\342g\015\033s\304\003w"
 136      670D1B73 
 136      C40377
 137              		.text
 138              		.section	.gnu.lto_.decls.91af698fa9fcdf3,"",%progbits
 139 0000 789C9558 		.ascii	"x\234\225Xml\024E\030\236\331+m\217\036\005\011b0\030"
 139      6D6C1445 
 139      189ED92B 
 139      6D8F1E05 
 139      09623018 
 140 0014 AE0A9A10 		.ascii	"\256\012\232\020\351\321\357\250\001\205F\321\304\372"
 140      E9D1EFA8 
 140      018546D1 
 140      C4FA
 141 0022 0343E22F 		.ascii	"\003C\342/7\353uI/\264\267d\273\215\240\177\026\304"
 141      37EB7549 
ARM GAS  /tmp/ccsT0lva.s 			page 10


 141      2FB4B764 
 141      BB8DA07F 
 141      16C4
 142 0034 D240620A 		.ascii	"\322@b\012\361R\265\001[Dr\304\022[\032[\017\254\335"
 142      F152B501 
 142      5B4472C4 
 142      125B1A5B 
 142      0FACDD
 143 0047 36B19C35 		.ascii	"6\261\2345\"I\251\006\212\346\214F\305D\003\301@\004"
 143      2249A906 
 143      8AE68C46 
 143      C54403C1 
 143      4004
 144 0059 E47CF7E3 		.ascii	"\344|\367\343>vv\346\006&}\356fv\337\347}f\346\231w"
 144      3E7676E6 
 144      06267DEE 
 144      6676DFE7 
 144      7D66E699 
 145 006e 929E8004 		.ascii	"\222\236\200\0044\200\021JC[\271\004\241\347|\010\025"
 145      3480114A 
 145      435BB904 
 145      A1E77C08 
 145      15
 146 007f 2384D6A3 		.ascii	"#\204\326\243\\\233\007\350\007\304\001\003\200A\300"
 146      5C9B07E8 
 146      07C40103 
 146      8041C0
 147 008e 08A00290 		.ascii	"\010\240\002\220\000\314\000\276\007\\\000\\\002\244"
 147      00CC00BE 
 147      075C005C 
 147      02A4
 148 009c 00BF007E 		.ascii	"\000\277\000~\003\\\006\374\005\270\002\270\006\270"
 148      035C06FC 
 148      05B802B8 
 148      06B8
 149 00aa 0EB809F8 		.ascii	"\016\270\011\370\317L\014\272>@\011`>`\001`\021`\011"
 149      CF4C0CBA 
 149      3E400960 
 149      3E600160 
 149      116009
 150 00bd E001C083 		.ascii	"\340\001\300\203\200\207\000\025\200\225\200\307\000"
 150      80870015 
 150      809580C7 
 150      00
 151 00ca AB019580 		.ascii	"\253\001\225\200*@-\240\001#W\353\317\353cb\234iq\""
 151      2A402DA0 
 151      012357EB 
 151      CFEB6362 
 151      9C697122 
 152 00de 264E8919 		.ascii	"&N\211\031 b\006(1\203D\314 %\306\334\247\371\200' "
 152      20620628 
 152      318344CC 
 152      2025C6DC 
 152      A7F98027 
 153 00f3 A01CBE03 		.ascii	"\240\034\276\003\200\011@\011\340Ix\366\024\3404\364"
 153      80094009 
 153      E04978F6 
ARM GAS  /tmp/ccsT0lva.s 			page 11


 153      14E034F4 
 154 0103 2701450E 		.ascii	"'\001E\016\014\300\024 \011\230vr\2178\337\011\"\377"
 154      0CC01420 
 154      09987672 
 154      8F38DF09 
 154      22FF
 155 0115 0A7458EF 		.ascii	"\012tX\3573Ro\037\033Z\246\367\355\236H\247\237FKQL"
 155      33526F1F 
 155      1B5AA6F7 
 155      ED9E48A7 
 155      9F464B51 
 156 012a 87D6D7A9 		.ascii	"\207\326\327\251\353X\223\360\372\373\321+X\302\345"
 156      EB5893F0 
 156      FAFBD12B 
 156      58C2E5
 157 0139 7E14B43A 		.ascii	"~\024\264:\001\277%\202\220\204\217\340\245No\213\317"
 157      01BF2582 
 157      90848FE0 
 157      A54E6F8B 
 157      CF
 158 014a 4E279893 		.ascii	"N'\230\223Z\215\216\003\277[\327'\037!v\027\232\017"
 158      5A8D8E03 
 158      BF5BD727 
 158      1F217617 
 158      9A0F
 159 015c 62E0AF29 		.ascii	"b\340\257)\373\346Q\364\261)\247\307u\237%f\246\353"
 159      FBE651F4 
 159      B129A7C7 
 159      759F2566 
 159      A6EB
 160 016e C72BF239 		.ascii	"\307+\3629\022\376\010\013\336Y\033\327\247\003\335"
 160      12FE080B 
 160      DE591BD7 
 160      A703DD
 161 017d 13A9747A 		.ascii	"\023\251tz\205=\025\001m\306\020{\024\257\316)I\370"
 161      853D1501 
 161      6DC6107B 
 161      14AFCE29 
 161      49F8
 162 018f 588E4A93 		.ascii	"X\216J\223\212\223R\307\251R'\277!\244\304{\227\032"
 162      8A9352C7 
 162      A95227BF 
 162      21A4C47B 
 162      971A
 163 01a1 20A54E50 		.ascii	" \245NP\244&\214K\244\3246\246\224\263\231o\344o3My"
 163      A4268C4B 
 163      A4D436A6 
 163      94B3996F 
 163      E46F334D 
 164 01b6 90541EA2 		.ascii	"\220T\036\242(\247\214\356\263\201\356]\371\312o\341"
 164      28A78CEE 
 164      B381EE5D 
 164      F9CA6FE1 
 165 01c6 7C6956F6 		.ascii	"|iV\366\0212\373\250;\373\303\250_?w\316\370\267\363"
 165      1132FBA8 
 165      3BFBC3A8 
 165      5F3F77CE 
ARM GAS  /tmp/ccsT0lva.s 			page 12


 165      F8B7F3
 166 01d9 430C674C 		.ascii	"C\014gL\327\357\244\323\370>\324m\246\011&\313\027\243"
 166      D7EFA4D3 
 166      F83ED46D 
 166      A60926CB 
 166      17A3
 167 01eb 03D67183 		.ascii	"\003\326q\203\323\226\204\023\356\2345\035g\016\333"
 167      D3968413 
 167      EE9C351D 
 167      670EDB
 168 01fa 22C8B00A 		.ascii	"\"\310\260\012\035\205\003e\\[ 8\321Af\250\204\277\300"
 168      1D850365 
 168      5C5B2038 
 168      D14166A8 
 168      84BFC0
 169 020d AB1037CC 		.ascii	"\253\0207\314\014\374\022/vVg\345\327\215\013r\320~"
 169      0CFC122F 
 169      765667E5 
 169      D78D0B72 
 169      D07E
 170 021f 8A8855E7 		.ascii	"\212\210U\347\265\012\0043\335m\314]\376\032\353\007"
 170      B50A0433 
 170      DD6DCC5D 
 170      FE1AEB07 
 171 022f 0365681F 		.ascii	"\003eh\037\214\314Zy>\011\032]\271\001\242V\215\275"
 171      8CCC5A79 
 171      3E091A5D 
 171      B901A256 
 171      8DBD
 172 0241 90D4857D 		.ascii	"\220\324\205}\347\257b\330\011x1\211\375\260\321\327"
 172      E7AF62D8 
 172      09783189 
 172      FDB0D1D7 
 173 0251 888D9670 		.ascii	"\210\215\226p\211\337\275\2470\316\004\230\371\254\327"
 173      89DFBDA7 
 173      30CE0498 
 173      F9ACD7
 174 0260 4EC7BC7B 		.ascii	"N\307\274{\027\322\365L\346\004.\313\244\021\320mK\310"
 174      17D2F54C 
 174      E6042ECB 
 174      A411D06D 
 174      4BC8
 175 0272 5C232DDC 		.ascii	"\\#-\334\351\332\315\011p\255;\365U\357!\270(&\261\235"
 175      E9DACD09 
 175      70AD3BF5 
 175      55EF21B8 
 175      2826B19D 
 176 0286 5640FB85 		.ascii	"V@\373\205{\315\027t\355\343Orrm&W\354nr\2252\347f\\"
 176      7BCD1774 
 176      EDE34F72 
 176      726D2657 
 176      EC6E7295 
 177 029e C9CBD577 		.ascii	"\311\313\325w\317\271\202\204\321\366nKx\034\216\223"
 177      CFB98284 
 177      D1F66E4B 
 177      781C8E93 
 178 02ae 840D5C01 		.ascii	"\204\015\\\001\237S\326g\322\372\234\306\025\271`\001"
ARM GAS  /tmp/ccsT0lva.s 			page 13


 178      9F53D667 
 178      D2FA9CC6 
 178      15B96001 
 179 02be 9D104807 		.ascii	"\235\020H\007\355\203\224\227/w\336\020?c\346\324\226"
 179      ED839497 
 179      2F77DE10 
 179      3F63E6D4 
 179      96
 180 02cf 6626ABDB 		.ascii	"f&\253\333E\236+\034\011\217\345\226\347\211\223\360"
 180      459E2B1C 
 180      098FE596 
 180      E78993F0 
 181 02df B7506466 		.ascii	"\267Pdf\263\216\245\356\034K+\204uR\316b\177V;\340\317"
 181      B38EA5EE 
 181      1C4B2B84 
 181      7552CE62 
 181      7F563BE0 
 182 02f4 754A5CCB 		.ascii	"uJ\\\313\310D\301\242\307\262\213fO\343;\3472\250E\303"
 182      C844C1A2 
 182      C7B28B66 
 182      4FE33BE7 
 182      32A845C3 
 183 0308 7A97615E 		.ascii	"z\227a^\033\247`bY\003\355\307\317H\370\264\265;\346"
 183      1BA76062 
 183      5903EDC7 
 183      CF48F8B4 
 183      B53BE6
 184 031b AEBC896E 		.ascii	"\256\274\211n\352]\272q\253S\260\3354\357\217\324A\343"
 184      EA5DBA71 
 184      AB53B0DD 
 184      34EF8FD4 
 184      41E3
 185 032d C0D4BBCB 		.ascii	"\300\324\273\313\364~\347\376\310\024\316\031r\006\236"
 185      F47EE7FE 
 185      C814CE19 
 185      72069E
 186 033c 459D775D 		.ascii	"E\235w]F\366\216g\024\246\226\023\012\307\274\012\027"
 186      46F68E67 
 186      14A69613 
 186      0AC7BC0A 
 186      17
 187 034d B90A3F10 		.ascii	"\271\012?\020\012\311|\205\307\335\012\235#^\205?\270"
 187      0AC97C85 
 187      C7DD0A9D 
 187      235E853F 
 187      B8
 188 035e 0A170985 		.ascii	"\012\027\011\205\351\374]ZG(L\341\367\365\311=\272~"
 188      E9FC5D5A 
 188      47284CE1 
 188      F7F5C93D 
 188      BA7E
 189 0370 1B24B21A 		.ascii	"\033$\262\0327\270\032?\272/m'\014\0270(M\030\324C3"
 189      37B81A3F 
 189      BA2F6D27 
 189      0C173028 
 189      4D18D443 
 190 0385 68AF8F27 		.ascii	"h\257\217'\3743\333\2404aP\017\315\240\017\270\012\277"
ARM GAS  /tmp/ccsT0lva.s 			page 14


 190      FC33DBA0 
 190      3461500F 
 190      CDA00FB8 
 190      0ABF
 191 0397 B20D4A13 		.ascii	"\262\015J\023\006\365\320\014\212s\025~g\033\224&\014"
 191      06F5D00C 
 191      8A73157E 
 191      671B9426 
 191      0C
 192 03a8 EAA11B34 		.ascii	"\352\241\0334\312\325\370\223j\220P\300\240\330^\267"
 192      CAD5F893 
 192      6A9050C0 
 192      A0D85EB7 
 193 03b8 4187A815 		.ascii	"A\207\250\025\304\025\376\233mP\354\314rB\201VA\\\205"
 193      C415FE9B 
 193      6D50ECCC 
 193      72428156 
 193      415C85
 194 03cb AB6C8362 		.ascii	"\253l\203bg\334\006\035\242V\020W\341\037\266A\261\275"
 194      67DC061D 
 194      A2561057 
 194      E11FB641 
 194      B1BD
 195 03dd EB08057A 		.ascii	"\353\010\005z\005q5nP\015\362\0250\250\2270h\230ZAE"
 195      0571356E 
 195      500DF215 
 195      30A89730 
 195      68985A41 
 196 03f2 3CE15B6C 		.ascii	"<\341[l\203z\011\203\206\251\025\304U\270\3036\250\227"
 196      837A0983 
 196      86A915C4 
 196      55B8C336 
 196      A897
 197 0404 3068985A 		.ascii	"0h\230ZA\\\205]\002\323\240^\302\240aF\005q5\366\010"
 197      415C855D 
 197      02D3A05E 
 197      C2A06146 
 197      057135F6 
 198 0419 34838A0A 		.ascii	"4\203\212\012\0304D\030\224\240V\020W\270K`\0324D\030"
 198      18344418 
 198      94A05610 
 198      57B84B60 
 198      1A344418 
 199 042d 94A05610 		.ascii	"\224\240V\020Wa\277\3004h\2100(A\255 \256\302;l\203"
 199      5761BFC0 
 199      34688830 
 199      2841AD20 
 199      AEC23B6C 
 200 0442 86088312 		.ascii	"\206\010\203\022\214\012\342j\034\240\0324\257\200A"
 200      8C0AE26A 
 200      1CA01A34 
 200      AF8041
 201 0451 A38441E3 		.ascii	"\243\204A\343\324\012\232\307\023\216\261\015\032%\014"
 201      D40A9AC7 
 201      138EB10D 
 201      1A250C
 202 0460 1AA75610 		.ascii	"\032\247V\020W\341=\266A\243\204A\343\324\012\342*\364"
ARM GAS  /tmp/ccsT0lva.s 			page 15


 202      57E13DB6 
 202      41A38441 
 202      E3D40AE2 
 202      2AF4
 203 0472 B20D1A25 		.ascii	"\262\015\032%\014\032gT\020W\3430\325\240\342\002\006"
 203      0C1A6754 
 203      1057E330 
 203      D5A0E202 
 203      06
 204 0483 8D1106CD 		.ascii	"\215\021\006\315R+\210+|\204m\320\030a\320,\265\202"
 204      522B882B 
 204      7C846DD0 
 204      1861D02C 
 204      B582
 205 0495 B80A1FB3 		.ascii	"\270\012\037\263\015\032#\014\232\245V\020W!\3166h\214"
 205      0D1A230C 
 205      9AA55610 
 205      5721CE36 
 205      688C
 206 04a7 30689651 		.ascii	"0h\226QA\\\215O\250\006\225\0240h\2060h\216ZA\305<\341"
 206      415C8D4F 
 206      A8069514 
 206      30688630 
 206      688E5A41 
 207 04be 4FD906CD 		.ascii	"O\331\006\315\020\006\315Q+\210\253p\222m\320\014a\320"
 207      1006CD51 
 207      2B88AB70 
 207      926DD00C 
 207      61D0
 208 04d0 1CB582B8 		.ascii	"\034\265\202\270\012\237\261\015\232!\014\232cT\020"
 208      0A9FB10D 
 208      9A210C9A 
 208      635410
 209 04df 57E373B7 		.ascii	"W\343s\267A\010\271~B\260\375aq\023B\031\203\225\367"
 209      4108B97E 
 209      42B0FD61 
 209      71134219 
 209      8395F7
 210 04f2 2F958775 		.ascii	"/\225\207u\212\3022,\2269\347\273\370\325\0005TV\206"
 210      8AC2322C 
 210      9639E7BB 
 210      F8D50035 
 210      545686
 211 0505 EC3FA53D 		.ascii	"\354?\245=\024V\332\332\224h\250]\223T\255c{h\303\346"
 211      1456DADA 
 211      9468A85D 
 211      9354AD63 
 211      7B68C3E6 
 212 0519 A6C6A61D 		.ascii	"\246\306\246\035\346\323\355\221VYm\017mjl\014\205U"
 212      E6D3ED91 
 212      56596D0F 
 212      6D6A6C0C 
 212      8555
 213 052b ADAA328C 		.ascii	"\255\2522\214\312D1\254\250\262\030\211F\264\342M/m"
 213      CA4431AC 
 213      A8B21889 
 213      46B4E24D 
ARM GAS  /tmp/ccsT0lva.s 			page 16


 213      2F6D
 214 053d 0936A2A2 		.ascii	"\0116\242\242\327ei[@\024eIm\335i\275\200\240VI\263"
 214      D765695B 
 214      40146549 
 214      6DDD69BD 
 214      80A05649 
 215 0552 83CA45B1 		.ascii	"\203\312E\261Y\336*u\264j\242\274#\242\225F\201\255"
 215      59DE2A75 
 215      B46AA2BC 
 215      23A29546 
 215      81AD
 216 0564 75A8D145 		.ascii	"u\250\321E\242\365ZT\2456QRe\251\375\325P\213\322&\207"
 216      A2F55A54 
 216      A5365152 
 216      65A9FDD5 
 216      508BD226 
 217 0579 144D5342 		.ascii	"\024MSBMrTS\324M\252\264\275%\022n\017\275\254t\250"
 217      4D725453 
 217      D44DAAB4 
 217      BD25126E 
 217      0FBDAC74 
 218 058e 6159DD29 		.ascii	"aY\335)6*\315\362F9\032n\021_\214@\376\255\212*\302"
 218      362ACDF2 
 218      46391A6E 
 218      115F8C40 
 218      FEAD8A2A 
 219 05a3 64C56737 		.ascii	"d\305g7l|!$\251mk\242JT^#K\257EB\221h\270\265\243Y\206"
 219      6C7C2124 
 219      A96D6BA2 
 219      4A545E23 
 219      4BAF4542 
 220 05be 353547A2 		.ascii	"55G\242Ze\013*\355\200\357\232jQ+\267d5y\207f\351\372"
 220      5A650B2A 
 220      ED80EF9A 
 220      6A512BB7 
 220      64357987 
 221 05d5 ADA1D99B 		.ascii	"\255\241\331\233\037n\205%X\335@T\021\263\317\027\232"
 221      1F6E8525 
 221      58DD4054 
 221      11B3CF17 
 221      9A
 222 05e6 53CC8E44 		.ascii	"S\314\216D\315\237\235\362b\321\234\376Z1\227Q\\\220"
 222      CD9F9DF2 
 222      62D19CFE 
 222      5A319751 
 222      5C90
 223 05f8 FF482C77 		.ascii	"\377H,wFvfq\2413\214*\366k\233_\345\345W\271\370Un~"
 223      46766671 
 223      A1338C2A 
 223      F66B9B5F 
 223      E5E557B9 
 224 0610 15C1AFF6 		.ascii	"\025\301\257\366\362\253]\374j7\277\232\340\327x\371"
 224      F2AB5DFC 
 224      6A37BF9A 
 224      E0D778F9 
 225 0620 352E7E8D 		.ascii	"5.~\215\233_C\360k\275\374Z\027\277\326\315\257%\370"
 225      9B5F43F0 
ARM GAS  /tmp/ccsT0lva.s 			page 17


 225      6BBDFC5A 
 225      17BFD6CD 
 225      AF25F8
 226 0633 755E7E9D 		.ascii	"u^~\235\213_\347\346\327\021\374z/\277\336\305\257w"
 226      8B5FE7E6 
 226      D711FC7A 
 226      2FBFDEC5 
 226      AF77
 227 0645 F3EB097E 		.ascii	"\363\353\011~\203\227\337\340\3427\270\371\015Y\376"
 227      8397DFE0 
 227      E237B8F9 
 227      0D59FE
 228 0654 FFAB7CEC 		.ascii	"\377\253|\3548"
 228      38
 229              		.text
 230              		.section	.gnu.lto_.symtab.91af698fa9fcdf3,"",%progbits
 231 0000 5F5F636F 		.ascii	"__core_init\000\000\001\000\000\000\000\000\000\000"
 231      72655F69 
 231      6E697400 
 231      00010000 
 231      00000000 
 232 0015 0000A100 		.ascii	"\000\000\241\000\000\000__early_init\000\000\001\000"
 232      00005F5F 
 232      6561726C 
 232      795F696E 
 232      69740000 
 233 002b 00000000 		.ascii	"\000\000\000\000\000\000\000\000\250\000\000\000__l"
 233      00000000 
 233      A8000000 
 233      5F5F6C
 234 003a 6174655F 		.ascii	"ate_init\000\000\001\000\000\000\000\000\000\000\000"
 234      696E6974 
 234      00000100 
 234      00000000 
 234      000000
 235 004d 00AC0000 		.ascii	"\000\254\000\000\000__default_exit\000\000\001\000\000"
 235      005F5F64 
 235      65666175 
 235      6C745F65 
 235      78697400 
 236 0065 00000000 		.ascii	"\000\000\000\000\000\000\000\260\000\000\000__init_"
 236      000000B0 
 236      0000005F 
 236      5F696E69 
 236      745F
 237 0077 72616D5F 		.ascii	"ram_areas\000\000\000\000\000\000\000\000\000\000\000"
 237      61726561 
 237      73000000 
 237      00000000 
 237      00000000 
 238 008b 00B60000 		.ascii	"\000\266\000\000\000__ram0_init_text__\000\000\002\000"
 238      005F5F72 
 238      616D305F 
 238      696E6974 
 238      5F746578 
 239 00a6 00000000 		.ascii	"\000\000\000\000\000\000\000\000\323\000\000\000__r"
 239      00000000 
ARM GAS  /tmp/ccsT0lva.s 			page 18


 239      D3000000 
 239      5F5F72
 240 00b5 616D305F 		.ascii	"am0_init__\000\000\002\000\000\000\000\000\000\000\000"
 240      696E6974 
 240      5F5F0000 
 240      02000000 
 240      00000000 
 241 00ca 00D60000 		.ascii	"\000\326\000\000\000__ram0_clear__\000\000\002\000\000"
 241      005F5F72 
 241      616D305F 
 241      636C6561 
 241      725F5F00 
 242 00e2 00000000 		.ascii	"\000\000\000\000\000\000\000\331\000\000\000__ram0_"
 242      000000D9 
 242      0000005F 
 242      5F72616D 
 242      305F
 243 00f4 6E6F696E 		.ascii	"noinit__\000\000\002\000\000\000\000\000\000\000\000"
 243      69745F5F 
 243      00000200 
 243      00000000 
 243      000000
 244 0107 00DC0000 		.ascii	"\000\334\000\000\000__ram1_init_text__\000\000\002\000"
 244      005F5F72 
 244      616D315F 
 244      696E6974 
 244      5F746578 
 245 0122 00000000 		.ascii	"\000\000\000\000\000\000\000\000\340\000\000\000__r"
 245      00000000 
 245      E0000000 
 245      5F5F72
 246 0131 616D315F 		.ascii	"am1_init__\000\000\002\000\000\000\000\000\000\000\000"
 246      696E6974 
 246      5F5F0000 
 246      02000000 
 246      00000000 
 247 0146 00E30000 		.ascii	"\000\343\000\000\000__ram1_clear__\000\000\002\000\000"
 247      005F5F72 
 247      616D315F 
 247      636C6561 
 247      725F5F00 
 248 015e 00000000 		.ascii	"\000\000\000\000\000\000\000\346\000\000\000__ram1_"
 248      000000E6 
 248      0000005F 
 248      5F72616D 
 248      315F
 249 0170 6E6F696E 		.ascii	"noinit__\000\000\002\000\000\000\000\000\000\000\000"
 249      69745F5F 
 249      00000200 
 249      00000000 
 249      000000
 250 0183 00E90000 		.ascii	"\000\351\000\000\000__ram2_init_text__\000\000\002\000"
 250      005F5F72 
 250      616D325F 
 250      696E6974 
 250      5F746578 
 251 019e 00000000 		.ascii	"\000\000\000\000\000\000\000\000\355\000\000\000__r"
ARM GAS  /tmp/ccsT0lva.s 			page 19


 251      00000000 
 251      ED000000 
 251      5F5F72
 252 01ad 616D325F 		.ascii	"am2_init__\000\000\002\000\000\000\000\000\000\000\000"
 252      696E6974 
 252      5F5F0000 
 252      02000000 
 252      00000000 
 253 01c2 00F00000 		.ascii	"\000\360\000\000\000__ram2_clear__\000\000\002\000\000"
 253      005F5F72 
 253      616D325F 
 253      636C6561 
 253      725F5F00 
 254 01da 00000000 		.ascii	"\000\000\000\000\000\000\000\363\000\000\000__ram2_"
 254      000000F3 
 254      0000005F 
 254      5F72616D 
 254      325F
 255 01ec 6E6F696E 		.ascii	"noinit__\000\000\002\000\000\000\000\000\000\000\000"
 255      69745F5F 
 255      00000200 
 255      00000000 
 255      000000
 256 01ff 00F60000 		.ascii	"\000\366\000\000\000__ram3_init_text__\000\000\002\000"
 256      005F5F72 
 256      616D335F 
 256      696E6974 
 256      5F746578 
 257 021a 00000000 		.ascii	"\000\000\000\000\000\000\000\000\372\000\000\000__r"
 257      00000000 
 257      FA000000 
 257      5F5F72
 258 0229 616D335F 		.ascii	"am3_init__\000\000\002\000\000\000\000\000\000\000\000"
 258      696E6974 
 258      5F5F0000 
 258      02000000 
 258      00000000 
 259 023e 00FD0000 		.ascii	"\000\375\000\000\000__ram3_clear__\000\000\002\000\000"
 259      005F5F72 
 259      616D335F 
 259      636C6561 
 259      725F5F00 
 260 0256 00000000 		.ascii	"\000\000\000\000\000\000\000\000\001\000\000__ram3_"
 260      00000000 
 260      0100005F 
 260      5F72616D 
 260      335F
 261 0268 6E6F696E 		.ascii	"noinit__\000\000\002\000\000\000\000\000\000\000\000"
 261      69745F5F 
 261      00000200 
 261      00000000 
 261      000000
 262 027b 00030100 		.ascii	"\000\003\001\000\000__ram4_init_text__\000\000\002\000"
 262      005F5F72 
 262      616D345F 
 262      696E6974 
 262      5F746578 
ARM GAS  /tmp/ccsT0lva.s 			page 20


 263 0296 00000000 		.ascii	"\000\000\000\000\000\000\000\000\007\001\000\000__r"
 263      00000000 
 263      07010000 
 263      5F5F72
 264 02a5 616D345F 		.ascii	"am4_init__\000\000\002\000\000\000\000\000\000\000\000"
 264      696E6974 
 264      5F5F0000 
 264      02000000 
 264      00000000 
 265 02ba 000A0100 		.ascii	"\000\012\001\000\000__ram4_clear__\000\000\002\000\000"
 265      005F5F72 
 265      616D345F 
 265      636C6561 
 265      725F5F00 
 266 02d2 00000000 		.ascii	"\000\000\000\000\000\000\000\015\001\000\000__ram4_"
 266      0000000D 
 266      0100005F 
 266      5F72616D 
 266      345F
 267 02e4 6E6F696E 		.ascii	"noinit__\000\000\002\000\000\000\000\000\000\000\000"
 267      69745F5F 
 267      00000200 
 267      00000000 
 267      000000
 268 02f7 00100100 		.ascii	"\000\020\001\000\000__ram5_init_text__\000\000\002\000"
 268      005F5F72 
 268      616D355F 
 268      696E6974 
 268      5F746578 
 269 0312 00000000 		.ascii	"\000\000\000\000\000\000\000\000\024\001\000\000__r"
 269      00000000 
 269      14010000 
 269      5F5F72
 270 0321 616D355F 		.ascii	"am5_init__\000\000\002\000\000\000\000\000\000\000\000"
 270      696E6974 
 270      5F5F0000 
 270      02000000 
 270      00000000 
 271 0336 00170100 		.ascii	"\000\027\001\000\000__ram5_clear__\000\000\002\000\000"
 271      005F5F72 
 271      616D355F 
 271      636C6561 
 271      725F5F00 
 272 034e 00000000 		.ascii	"\000\000\000\000\000\000\000\032\001\000\000__ram5_"
 272      0000001A 
 272      0100005F 
 272      5F72616D 
 272      355F
 273 0360 6E6F696E 		.ascii	"noinit__\000\000\002\000\000\000\000\000\000\000\000"
 273      69745F5F 
 273      00000200 
 273      00000000 
 273      000000
 274 0373 001D0100 		.ascii	"\000\035\001\000\000__ram6_init_text__\000\000\002\000"
 274      005F5F72 
 274      616D365F 
 274      696E6974 
ARM GAS  /tmp/ccsT0lva.s 			page 21


 274      5F746578 
 275 038e 00000000 		.ascii	"\000\000\000\000\000\000\000\000!\001\000\000__ram6"
 275      00000000 
 275      21010000 
 275      5F5F7261 
 275      6D36
 276 03a0 5F696E69 		.ascii	"_init__\000\000\002\000\000\000\000\000\000\000\000"
 276      745F5F00 
 276      00020000 
 276      00000000 
 276      0000
 277 03b2 00240100 		.ascii	"\000$\001\000\000__ram6_clear__\000\000\002\000\000"
 277      005F5F72 
 277      616D365F 
 277      636C6561 
 277      725F5F00 
 278 03ca 00000000 		.ascii	"\000\000\000\000\000\000\000'\001\000\000__ram6_noi"
 278      00000027 
 278      0100005F 
 278      5F72616D 
 278      365F6E6F 
 279 03df 6E69745F 		.ascii	"nit__\000\000\002\000\000\000\000\000\000\000\000\000"
 279      5F000002 
 279      00000000 
 279      00000000 
 279      00
 280 03f0 2A010000 		.ascii	"*\001\000\000__ram7_i"
 280      5F5F7261 
 280      6D375F69 
 281 03fc 6E69745F 		.ascii	"nit_text__\000\000\002\000\000\000\000\000\000\000\000"
 281      74657874 
 281      5F5F0000 
 281      02000000 
 281      00000000 
 282 0411 002E0100 		.ascii	"\000.\001\000\000__ram7_init__\000\000\002\000\000\000"
 282      005F5F72 
 282      616D375F 
 282      696E6974 
 282      5F5F0000 
 283 0429 00000000 		.ascii	"\000\000\000\000\000\0001\001\000\000__ram7_clear__"
 283      00003101 
 283      00005F5F 
 283      72616D37 
 283      5F636C65 
 284 0441 00000200 		.ascii	"\000\000\002\000\000\000\000\000\000\000\000\0004\001"
 284      00000000 
 284      00000000 
 284      3401
 285 044f 00005F5F 		.ascii	"\000\000__ram7_noinit__\000\000\002\000\000\000\000"
 285      72616D37 
 285      5F6E6F69 
 285      6E69745F 
 285      5F000002 
 286 0467 00000000 		.ascii	"\000\000\000\000\0007\001\000\000"
 286      00370100 
 286      00
 287              		.text
ARM GAS  /tmp/ccsT0lva.s 			page 22


 288              		.section	.gnu.lto_.opts,"",%progbits
 289 0000 272D6D63 		.ascii	"'-mcpu=cortex-m3' '-mno-thumb-interwork' '-mthumb' "
 289      70753D63 
 289      6F727465 
 289      782D6D33 
 289      2720272D 
 290 0033 272D6767 		.ascii	"'-ggdb' '-O2' '-fomit-frame-pointer' '-falign-funct"
 290      64622720 
 290      272D4F32 
 290      2720272D 
 290      666F6D69 
 291 0066 696F6E73 		.ascii	"ions=16' '-ffunction-sections' '-fdata-sections' '-"
 291      3D313627 
 291      20272D66 
 291      66756E63 
 291      74696F6E 
 292 0099 666E6F2D 		.ascii	"fno-common' '-flto'\000"
 292      636F6D6D 
 292      6F6E2720 
 292      272D666C 
 292      746F2700 
 293              		.text
 294              		.cfi_sections	.debug_frame
 295              		.section	.text.__core_init,"ax",%progbits
 296              		.align	2
 297              		.p2align 4,,15
 298              		.weak	__core_init
 299              		.thumb
 300              		.thumb_func
 301              		.type	__core_init, %function
 302              	__core_init:
 303              	.LFB63:
 304              		.file 1 "../../../os/common/startup/ARMCMx/compilers/GCC/crt1.c"
 305              		.loc 1 136 0
 306              		.cfi_startproc
 307              		@ args = 0, pretend = 0, frame = 0
 308              		@ frame_needed = 0, uses_anonymous_args = 0
 309              		@ link register save eliminated.
 310 0000 7047     		bx	lr
 311              		.cfi_endproc
 312              	.LFE63:
 313              		.size	__core_init, .-__core_init
 314 0002 00BFAFF3 		.section	.text.__early_init,"ax",%progbits
 314      0080AFF3 
 314      0080AFF3 
 314      0080
 315              		.align	2
 316              		.p2align 4,,15
 317              		.weak	__early_init
 318              		.thumb
 319              		.thumb_func
 320              		.type	__early_init, %function
 321              	__early_init:
 322              	.LFB64:
 323              		.loc 1 155 0
 324              		.cfi_startproc
 325              		@ args = 0, pretend = 0, frame = 0
ARM GAS  /tmp/ccsT0lva.s 			page 23


 326              		@ frame_needed = 0, uses_anonymous_args = 0
 327              		@ link register save eliminated.
 328 0000 7047     		bx	lr
 329              		.cfi_endproc
 330              	.LFE64:
 331              		.size	__early_init, .-__early_init
 332 0002 00BFAFF3 		.section	.text.__late_init,"ax",%progbits
 332      0080AFF3 
 332      0080AFF3 
 332      0080
 333              		.align	2
 334              		.p2align 4,,15
 335              		.weak	__late_init
 336              		.thumb
 337              		.thumb_func
 338              		.type	__late_init, %function
 339              	__late_init:
 340              	.LFB65:
 341              		.loc 1 169 0
 342              		.cfi_startproc
 343              		@ args = 0, pretend = 0, frame = 0
 344              		@ frame_needed = 0, uses_anonymous_args = 0
 345              		@ link register save eliminated.
 346 0000 7047     		bx	lr
 347              		.cfi_endproc
 348              	.LFE65:
 349              		.size	__late_init, .-__late_init
 350 0002 00BFAFF3 		.section	.text.__default_exit,"ax",%progbits
 350      0080AFF3 
 350      0080AFF3 
 350      0080
 351              		.align	2
 352              		.p2align 4,,15
 353              		.weak	__default_exit
 354              		.thumb
 355              		.thumb_func
 356              		.type	__default_exit, %function
 357              	__default_exit:
 358              	.LFB66:
 359              		.loc 1 182 0
 360              		.cfi_startproc
 361              		@ Volatile: function does not return.
 362              		@ args = 0, pretend = 0, frame = 0
 363              		@ frame_needed = 0, uses_anonymous_args = 0
 364              		@ link register save eliminated.
 365              	.L5:
 366 0000 FEE7     		b	.L5
 367              		.cfi_endproc
 368              	.LFE66:
 369              		.size	__default_exit, .-__default_exit
 370 0002 00BFAFF3 		.section	.text.__init_ram_areas,"ax",%progbits
 370      0080AFF3 
 370      0080AFF3 
 370      0080
 371              		.align	2
 372              		.p2align 4,,15
 373              		.global	__init_ram_areas
ARM GAS  /tmp/ccsT0lva.s 			page 24


 374              		.thumb
 375              		.thumb_func
 376              		.type	__init_ram_areas, %function
 377              	__init_ram_areas:
 378              	.LFB67:
 379              		.loc 1 192 0
 380              		.cfi_startproc
 381              		@ args = 0, pretend = 0, frame = 0
 382              		@ frame_needed = 0, uses_anonymous_args = 0
 383              		@ link register save eliminated.
 384              	.LVL0:
 385              		.loc 1 192 0
 386 0000 F0B4     		push	{r4, r5, r6, r7}
 387              		.cfi_def_cfa_offset 16
 388              		.cfi_offset 4, -16
 389              		.cfi_offset 5, -12
 390              		.cfi_offset 6, -8
 391              		.cfi_offset 7, -4
 392 0002 134E     		ldr	r6, .L19
 393              	.LBB2:
 394              		.loc 1 209 0
 395 0004 0025     		movs	r5, #0
 396 0006 06F17007 		add	r7, r6, #112
 397              	.LVL1:
 398              	.L15:
 399              		.loc 1 197 0
 400 000a A6F11001 		sub	r1, r6, #16
 401              	.LVL2:
 402 000e 1AC9     		ldmia	r1, {r1, r3, r4}
 403              	.LVL3:
 404              		.loc 1 201 0
 405 0010 A342     		cmp	r3, r4
 406 0012 0DD2     		bcs	.L7
 407 0014 0439     		subs	r1, r1, #4
 408              	.LVL4:
 409 0016 1A46     		mov	r2, r3
 410              	.LVL5:
 411              	.L9:
 412              		.loc 1 202 0
 413 0018 51F8040F 		ldr	r0, [r1, #4]!
 414              	.LVL6:
 415 001c 42F8040B 		str	r0, [r2], #4
 416              	.LVL7:
 417              		.loc 1 201 0
 418 0020 A242     		cmp	r2, r4
 419 0022 F9D3     		bcc	.L9
 420 0024 DA43     		mvns	r2, r3
 421              	.LVL8:
 422 0026 1444     		add	r4, r4, r2
 423 0028 24F00304 		bic	r4, r4, #3
 424 002c 0434     		adds	r4, r4, #4
 425 002e 2344     		add	r3, r3, r4
 426              	.LVL9:
 427              	.L7:
 428              		.loc 1 208 0 discriminator 1
 429 0030 56F8042C 		ldr	r2, [r6, #-4]
 430 0034 9342     		cmp	r3, r2
ARM GAS  /tmp/ccsT0lva.s 			page 25


 431 0036 03D2     		bcs	.L13
 432              	.L14:
 433              		.loc 1 209 0
 434 0038 43F8045B 		str	r5, [r3], #4
 435              	.LVL10:
 436              		.loc 1 208 0
 437 003c 9342     		cmp	r3, r2
 438 003e FBD3     		bcc	.L14
 439              	.L13:
 440              	.LVL11:
 441              	.LBE2:
 442              		.loc 1 214 0
 443 0040 BE42     		cmp	r6, r7
 444 0042 06F11003 		add	r3, r6, #16
 445              	.LVL12:
 446 0046 01D2     		bcs	.L18
 447 0048 1E46     		mov	r6, r3
 448              	.LVL13:
 449 004a DEE7     		b	.L15
 450              	.LVL14:
 451              	.L18:
 452              		.loc 1 216 0
 453 004c F0BC     		pop	{r4, r5, r6, r7}
 454              	.LVL15:
 455 004e 7047     		bx	lr
 456              	.L20:
 457              		.align	2
 458              	.L19:
 459 0050 10000000 		.word	.LANCHOR0+16
 460              		.cfi_endproc
 461              	.LFE67:
 462              		.size	__init_ram_areas, .-__init_ram_areas
 463 0054 AFF30080 		.section	.rodata.ram_areas,"a",%progbits
 463      AFF30080 
 463      AFF30080 
 464              		.align	2
 465              		.set	.LANCHOR0,. + 0
 466              		.type	ram_areas, %object
 467              		.size	ram_areas, 128
 468              	ram_areas:
 469 0000 00000000 		.word	__ram0_init_text__
 470 0004 00000000 		.word	__ram0_init__
 471 0008 00000000 		.word	__ram0_clear__
 472 000c 00000000 		.word	__ram0_noinit__
 473 0010 00000000 		.word	__ram1_init_text__
 474 0014 00000000 		.word	__ram1_init__
 475 0018 00000000 		.word	__ram1_clear__
 476 001c 00000000 		.word	__ram1_noinit__
 477 0020 00000000 		.word	__ram2_init_text__
 478 0024 00000000 		.word	__ram2_init__
 479 0028 00000000 		.word	__ram2_clear__
 480 002c 00000000 		.word	__ram2_noinit__
 481 0030 00000000 		.word	__ram3_init_text__
 482 0034 00000000 		.word	__ram3_init__
 483 0038 00000000 		.word	__ram3_clear__
 484 003c 00000000 		.word	__ram3_noinit__
 485 0040 00000000 		.word	__ram4_init_text__
ARM GAS  /tmp/ccsT0lva.s 			page 26


 486 0044 00000000 		.word	__ram4_init__
 487 0048 00000000 		.word	__ram4_clear__
 488 004c 00000000 		.word	__ram4_noinit__
 489 0050 00000000 		.word	__ram5_init_text__
 490 0054 00000000 		.word	__ram5_init__
 491 0058 00000000 		.word	__ram5_clear__
 492 005c 00000000 		.word	__ram5_noinit__
 493 0060 00000000 		.word	__ram6_init_text__
 494 0064 00000000 		.word	__ram6_init__
 495 0068 00000000 		.word	__ram6_clear__
 496 006c 00000000 		.word	__ram6_noinit__
 497 0070 00000000 		.word	__ram7_init_text__
 498 0074 00000000 		.word	__ram7_init__
 499 0078 00000000 		.word	__ram7_clear__
 500 007c 00000000 		.word	__ram7_noinit__
 501              		.text
 502              	.Letext0:
 503              		.file 2 "/home/otto/MentorGraphics/Sourcery_CodeBench_Lite_for_ARM_EABI/arm-none-eabi/include/stdi
 504              		.file 3 "../../../os/common/ext/CMSIS/include/core_cm3.h"
 505              		.section	.debug_info,"",%progbits
 506              	.Ldebug_info0:
 507 0000 FF020000 		.4byte	0x2ff
 508 0004 0400     		.2byte	0x4
 509 0006 00000000 		.4byte	.Ldebug_abbrev0
 510 000a 04       		.byte	0x4
 511 000b 01       		.uleb128 0x1
 512 000c DC010000 		.4byte	.LASF55
 513 0010 01       		.byte	0x1
 514 0011 E3020000 		.4byte	.LASF56
 515 0015 4D030000 		.4byte	.LASF57
 516 0019 00000000 		.4byte	.Ldebug_ranges0+0
 517 001d 00000000 		.4byte	0
 518 0021 00000000 		.4byte	.Ldebug_line0
 519 0025 02       		.uleb128 0x2
 520 0026 01       		.byte	0x1
 521 0027 06       		.byte	0x6
 522 0028 58040000 		.4byte	.LASF0
 523 002c 02       		.uleb128 0x2
 524 002d 01       		.byte	0x1
 525 002e 08       		.byte	0x8
 526 002f 7A010000 		.4byte	.LASF1
 527 0033 02       		.uleb128 0x2
 528 0034 02       		.byte	0x2
 529 0035 05       		.byte	0x5
 530 0036 0E040000 		.4byte	.LASF2
 531 003a 02       		.uleb128 0x2
 532 003b 02       		.byte	0x2
 533 003c 07       		.byte	0x7
 534 003d 80000000 		.4byte	.LASF3
 535 0041 03       		.uleb128 0x3
 536 0042 1A010000 		.4byte	.LASF5
 537 0046 02       		.byte	0x2
 538 0047 4F       		.byte	0x4f
 539 0048 4C000000 		.4byte	0x4c
 540 004c 02       		.uleb128 0x2
 541 004d 04       		.byte	0x4
 542 004e 05       		.byte	0x5
ARM GAS  /tmp/ccsT0lva.s 			page 27


 543 004f 3F040000 		.4byte	.LASF4
 544 0053 03       		.uleb128 0x3
 545 0054 36040000 		.4byte	.LASF6
 546 0058 02       		.byte	0x2
 547 0059 50       		.byte	0x50
 548 005a 5E000000 		.4byte	0x5e
 549 005e 02       		.uleb128 0x2
 550 005f 04       		.byte	0x4
 551 0060 07       		.byte	0x7
 552 0061 22010000 		.4byte	.LASF7
 553 0065 02       		.uleb128 0x2
 554 0066 08       		.byte	0x8
 555 0067 05       		.byte	0x5
 556 0068 AB030000 		.4byte	.LASF8
 557 006c 02       		.uleb128 0x2
 558 006d 08       		.byte	0x8
 559 006e 07       		.byte	0x7
 560 006f B9020000 		.4byte	.LASF9
 561 0073 04       		.uleb128 0x4
 562 0074 04       		.byte	0x4
 563 0075 05       		.byte	0x5
 564 0076 696E7400 		.ascii	"int\000"
 565 007a 02       		.uleb128 0x2
 566 007b 04       		.byte	0x4
 567 007c 07       		.byte	0x7
 568 007d AC020000 		.4byte	.LASF10
 569 0081 02       		.uleb128 0x2
 570 0082 04       		.byte	0x4
 571 0083 07       		.byte	0x7
 572 0084 44030000 		.4byte	.LASF11
 573 0088 05       		.uleb128 0x5
 574 0089 10       		.byte	0x10
 575 008a 01       		.byte	0x1
 576 008b 34       		.byte	0x34
 577 008c C1000000 		.4byte	0xc1
 578 0090 06       		.uleb128 0x6
 579 0091 18040000 		.4byte	.LASF12
 580 0095 01       		.byte	0x1
 581 0096 35       		.byte	0x35
 582 0097 C1000000 		.4byte	0xc1
 583 009b 00       		.byte	0
 584 009c 06       		.uleb128 0x6
 585 009d 59000000 		.4byte	.LASF13
 586 00a1 01       		.byte	0x1
 587 00a2 36       		.byte	0x36
 588 00a3 C1000000 		.4byte	0xc1
 589 00a7 04       		.byte	0x4
 590 00a8 06       		.uleb128 0x6
 591 00a9 F4000000 		.4byte	.LASF14
 592 00ad 01       		.byte	0x1
 593 00ae 37       		.byte	0x37
 594 00af C1000000 		.4byte	0xc1
 595 00b3 08       		.byte	0x8
 596 00b4 06       		.uleb128 0x6
 597 00b5 37030000 		.4byte	.LASF15
 598 00b9 01       		.byte	0x1
 599 00ba 38       		.byte	0x38
ARM GAS  /tmp/ccsT0lva.s 			page 28


 600 00bb C1000000 		.4byte	0xc1
 601 00bf 0C       		.byte	0xc
 602 00c0 00       		.byte	0
 603 00c1 07       		.uleb128 0x7
 604 00c2 04       		.byte	0x4
 605 00c3 53000000 		.4byte	0x53
 606 00c7 03       		.uleb128 0x3
 607 00c8 AA010000 		.4byte	.LASF16
 608 00cc 01       		.byte	0x1
 609 00cd 39       		.byte	0x39
 610 00ce 88000000 		.4byte	0x88
 611 00d2 08       		.uleb128 0x8
 612 00d3 3D000000 		.4byte	.LASF17
 613 00d7 01       		.byte	0x1
 614 00d8 88       		.byte	0x88
 615 00d9 00000000 		.4byte	.LFB63
 616 00dd 02000000 		.4byte	.LFE63-.LFB63
 617 00e1 01       		.uleb128 0x1
 618 00e2 9C       		.byte	0x9c
 619 00e3 08       		.uleb128 0x8
 620 00e4 1A030000 		.4byte	.LASF18
 621 00e8 01       		.byte	0x1
 622 00e9 9B       		.byte	0x9b
 623 00ea 00000000 		.4byte	.LFB64
 624 00ee 02000000 		.4byte	.LFE64-.LFB64
 625 00f2 01       		.uleb128 0x1
 626 00f3 9C       		.byte	0x9c
 627 00f4 08       		.uleb128 0x8
 628 00f5 FF000000 		.4byte	.LASF19
 629 00f9 01       		.byte	0x1
 630 00fa A9       		.byte	0xa9
 631 00fb 00000000 		.4byte	.LFB65
 632 00ff 02000000 		.4byte	.LFE65-.LFB65
 633 0103 01       		.uleb128 0x1
 634 0104 9C       		.byte	0x9c
 635 0105 08       		.uleb128 0x8
 636 0106 88010000 		.4byte	.LASF20
 637 010a 01       		.byte	0x1
 638 010b B6       		.byte	0xb6
 639 010c 00000000 		.4byte	.LFB66
 640 0110 02000000 		.4byte	.LFE66-.LFB66
 641 0114 01       		.uleb128 0x1
 642 0115 9C       		.byte	0x9c
 643 0116 09       		.uleb128 0x9
 644 0117 00000000 		.4byte	.LASF58
 645 011b 01       		.byte	0x1
 646 011c C0       		.byte	0xc0
 647 011d 00000000 		.4byte	.LFB67
 648 0121 54000000 		.4byte	.LFE67-.LFB67
 649 0125 01       		.uleb128 0x1
 650 0126 9C       		.byte	0x9c
 651 0127 60010000 		.4byte	0x160
 652 012b 0A       		.uleb128 0xa
 653 012c 72617000 		.ascii	"rap\000"
 654 0130 01       		.byte	0x1
 655 0131 C2       		.byte	0xc2
 656 0132 60010000 		.4byte	0x160
ARM GAS  /tmp/ccsT0lva.s 			page 29


 657 0136 00000000 		.4byte	.LLST0
 658 013a 0B       		.uleb128 0xb
 659 013b 04000000 		.4byte	.LBB2
 660 013f 3C000000 		.4byte	.LBE2-.LBB2
 661 0143 0A       		.uleb128 0xa
 662 0144 747000   		.ascii	"tp\000"
 663 0147 01       		.byte	0x1
 664 0148 C5       		.byte	0xc5
 665 0149 C1000000 		.4byte	0xc1
 666 014d 6D000000 		.4byte	.LLST1
 667 0151 0A       		.uleb128 0xa
 668 0152 7000     		.ascii	"p\000"
 669 0154 01       		.byte	0x1
 670 0155 C6       		.byte	0xc6
 671 0156 C1000000 		.4byte	0xc1
 672 015a B1000000 		.4byte	.LLST2
 673 015e 00       		.byte	0
 674 015f 00       		.byte	0
 675 0160 07       		.uleb128 0x7
 676 0161 04       		.byte	0x4
 677 0162 66010000 		.4byte	0x166
 678 0166 0C       		.uleb128 0xc
 679 0167 C7000000 		.4byte	0xc7
 680 016b 0D       		.uleb128 0xd
 681 016c C7000000 		.4byte	0xc7
 682 0170 7B010000 		.4byte	0x17b
 683 0174 0E       		.uleb128 0xe
 684 0175 81000000 		.4byte	0x81
 685 0179 07       		.byte	0x7
 686 017a 00       		.byte	0
 687 017b 0F       		.uleb128 0xf
 688 017c 63000000 		.4byte	.LASF21
 689 0180 01       		.byte	0x1
 690 0181 5C       		.byte	0x5c
 691 0182 8C010000 		.4byte	0x18c
 692 0186 05       		.uleb128 0x5
 693 0187 03       		.byte	0x3
 694 0188 00000000 		.4byte	ram_areas
 695 018c 0C       		.uleb128 0xc
 696 018d 6B010000 		.4byte	0x16b
 697 0191 10       		.uleb128 0x10
 698 0192 5F010000 		.4byte	.LASF22
 699 0196 03       		.byte	0x3
 700 0197 9606     		.2byte	0x696
 701 0199 9D010000 		.4byte	0x19d
 702 019d 11       		.uleb128 0x11
 703 019e 41000000 		.4byte	0x41
 704 01a2 12       		.uleb128 0x12
 705 01a3 6D000000 		.4byte	.LASF23
 706 01a7 01       		.byte	0x1
 707 01a8 40       		.byte	0x40
 708 01a9 53000000 		.4byte	0x53
 709 01ad 12       		.uleb128 0x12
 710 01ae 34010000 		.4byte	.LASF24
 711 01b2 01       		.byte	0x1
 712 01b3 40       		.byte	0x40
 713 01b4 53000000 		.4byte	0x53
ARM GAS  /tmp/ccsT0lva.s 			page 30


 714 01b8 12       		.uleb128 0x12
 715 01b9 27040000 		.4byte	.LASF25
 716 01bd 01       		.byte	0x1
 717 01be 40       		.byte	0x40
 718 01bf 53000000 		.4byte	0x53
 719 01c3 12       		.uleb128 0x12
 720 01c4 2D000000 		.4byte	.LASF26
 721 01c8 01       		.byte	0x1
 722 01c9 40       		.byte	0x40
 723 01ca 53000000 		.4byte	0x53
 724 01ce 12       		.uleb128 0x12
 725 01cf C9030000 		.4byte	.LASF27
 726 01d3 01       		.byte	0x1
 727 01d4 43       		.byte	0x43
 728 01d5 53000000 		.4byte	0x53
 729 01d9 12       		.uleb128 0x12
 730 01da A2000000 		.4byte	.LASF28
 731 01de 01       		.byte	0x1
 732 01df 43       		.byte	0x43
 733 01e0 53000000 		.4byte	0x53
 734 01e4 12       		.uleb128 0x12
 735 01e5 50010000 		.4byte	.LASF29
 736 01e9 01       		.byte	0x1
 737 01ea 43       		.byte	0x43
 738 01eb 53000000 		.4byte	0x53
 739 01ef 12       		.uleb128 0x12
 740 01f0 48040000 		.4byte	.LASF30
 741 01f4 01       		.byte	0x1
 742 01f5 43       		.byte	0x43
 743 01f6 53000000 		.4byte	0x53
 744 01fa 12       		.uleb128 0x12
 745 01fb 97010000 		.4byte	.LASF31
 746 01ff 01       		.byte	0x1
 747 0200 46       		.byte	0x46
 748 0201 53000000 		.4byte	0x53
 749 0205 12       		.uleb128 0x12
 750 0206 11000000 		.4byte	.LASF32
 751 020a 01       		.byte	0x1
 752 020b 46       		.byte	0x46
 753 020c 53000000 		.4byte	0x53
 754 0210 12       		.uleb128 0x12
 755 0211 EC030000 		.4byte	.LASF33
 756 0215 01       		.byte	0x1
 757 0216 46       		.byte	0x46
 758 0217 53000000 		.4byte	0x53
 759 021b 12       		.uleb128 0x12
 760 021c B9030000 		.4byte	.LASF34
 761 0220 01       		.byte	0x1
 762 0221 46       		.byte	0x46
 763 0222 53000000 		.4byte	0x53
 764 0226 12       		.uleb128 0x12
 765 0227 E1000000 		.4byte	.LASF35
 766 022b 01       		.byte	0x1
 767 022c 49       		.byte	0x49
 768 022d 53000000 		.4byte	0x53
 769 0231 12       		.uleb128 0x12
 770 0232 6C010000 		.4byte	.LASF36
ARM GAS  /tmp/ccsT0lva.s 			page 31


 771 0236 01       		.byte	0x1
 772 0237 49       		.byte	0x49
 773 0238 53000000 		.4byte	0x53
 774 023c 12       		.uleb128 0x12
 775 023d 93000000 		.4byte	.LASF37
 776 0241 01       		.byte	0x1
 777 0242 49       		.byte	0x49
 778 0243 53000000 		.4byte	0x53
 779 0247 12       		.uleb128 0x12
 780 0248 DC030000 		.4byte	.LASF38
 781 024c 01       		.byte	0x1
 782 024d 49       		.byte	0x49
 783 024e 53000000 		.4byte	0x53
 784 0252 12       		.uleb128 0x12
 785 0253 FB030000 		.4byte	.LASF39
 786 0257 01       		.byte	0x1
 787 0258 4C       		.byte	0x4c
 788 0259 53000000 		.4byte	0x53
 789 025d 12       		.uleb128 0x12
 790 025e 7F020000 		.4byte	.LASF40
 791 0262 01       		.byte	0x1
 792 0263 4C       		.byte	0x4c
 793 0264 53000000 		.4byte	0x53
 794 0268 12       		.uleb128 0x12
 795 0269 8D020000 		.4byte	.LASF41
 796 026d 01       		.byte	0x1
 797 026e 4C       		.byte	0x4c
 798 026f 53000000 		.4byte	0x53
 799 0273 12       		.uleb128 0x12
 800 0274 9C020000 		.4byte	.LASF42
 801 0278 01       		.byte	0x1
 802 0279 4C       		.byte	0x4c
 803 027a 53000000 		.4byte	0x53
 804 027e 12       		.uleb128 0x12
 805 027f BA010000 		.4byte	.LASF43
 806 0283 01       		.byte	0x1
 807 0284 4F       		.byte	0x4f
 808 0285 53000000 		.4byte	0x53
 809 0289 12       		.uleb128 0x12
 810 028a 42010000 		.4byte	.LASF44
 811 028e 01       		.byte	0x1
 812 028f 4F       		.byte	0x4f
 813 0290 53000000 		.4byte	0x53
 814 0294 12       		.uleb128 0x12
 815 0295 64040000 		.4byte	.LASF45
 816 0299 01       		.byte	0x1
 817 029a 4F       		.byte	0x4f
 818 029b 53000000 		.4byte	0x53
 819 029f 12       		.uleb128 0x12
 820 02a0 27030000 		.4byte	.LASF46
 821 02a4 01       		.byte	0x1
 822 02a5 4F       		.byte	0x4f
 823 02a6 53000000 		.4byte	0x53
 824 02aa 12       		.uleb128 0x12
 825 02ab BE000000 		.4byte	.LASF47
 826 02af 01       		.byte	0x1
 827 02b0 52       		.byte	0x52
ARM GAS  /tmp/ccsT0lva.s 			page 32


 828 02b1 53000000 		.4byte	0x53
 829 02b5 12       		.uleb128 0x12
 830 02b6 B0000000 		.4byte	.LASF48
 831 02ba 01       		.byte	0x1
 832 02bb 52       		.byte	0x52
 833 02bc 53000000 		.4byte	0x53
 834 02c0 12       		.uleb128 0x12
 835 02c1 0B010000 		.4byte	.LASF49
 836 02c5 01       		.byte	0x1
 837 02c6 52       		.byte	0x52
 838 02c7 53000000 		.4byte	0x53
 839 02cb 12       		.uleb128 0x12
 840 02cc D1000000 		.4byte	.LASF50
 841 02d0 01       		.byte	0x1
 842 02d1 52       		.byte	0x52
 843 02d2 53000000 		.4byte	0x53
 844 02d6 12       		.uleb128 0x12
 845 02d7 D0020000 		.4byte	.LASF51
 846 02db 01       		.byte	0x1
 847 02dc 55       		.byte	0x55
 848 02dd 53000000 		.4byte	0x53
 849 02e1 12       		.uleb128 0x12
 850 02e2 1F000000 		.4byte	.LASF52
 851 02e6 01       		.byte	0x1
 852 02e7 55       		.byte	0x55
 853 02e8 53000000 		.4byte	0x53
 854 02ec 12       		.uleb128 0x12
 855 02ed CD010000 		.4byte	.LASF53
 856 02f1 01       		.byte	0x1
 857 02f2 55       		.byte	0x55
 858 02f3 53000000 		.4byte	0x53
 859 02f7 12       		.uleb128 0x12
 860 02f8 49000000 		.4byte	.LASF54
 861 02fc 01       		.byte	0x1
 862 02fd 55       		.byte	0x55
 863 02fe 53000000 		.4byte	0x53
 864 0302 00       		.byte	0
 865              		.section	.debug_abbrev,"",%progbits
 866              	.Ldebug_abbrev0:
 867 0000 01       		.uleb128 0x1
 868 0001 11       		.uleb128 0x11
 869 0002 01       		.byte	0x1
 870 0003 25       		.uleb128 0x25
 871 0004 0E       		.uleb128 0xe
 872 0005 13       		.uleb128 0x13
 873 0006 0B       		.uleb128 0xb
 874 0007 03       		.uleb128 0x3
 875 0008 0E       		.uleb128 0xe
 876 0009 1B       		.uleb128 0x1b
 877 000a 0E       		.uleb128 0xe
 878 000b 55       		.uleb128 0x55
 879 000c 17       		.uleb128 0x17
 880 000d 11       		.uleb128 0x11
 881 000e 01       		.uleb128 0x1
 882 000f 10       		.uleb128 0x10
 883 0010 17       		.uleb128 0x17
 884 0011 00       		.byte	0
ARM GAS  /tmp/ccsT0lva.s 			page 33


 885 0012 00       		.byte	0
 886 0013 02       		.uleb128 0x2
 887 0014 24       		.uleb128 0x24
 888 0015 00       		.byte	0
 889 0016 0B       		.uleb128 0xb
 890 0017 0B       		.uleb128 0xb
 891 0018 3E       		.uleb128 0x3e
 892 0019 0B       		.uleb128 0xb
 893 001a 03       		.uleb128 0x3
 894 001b 0E       		.uleb128 0xe
 895 001c 00       		.byte	0
 896 001d 00       		.byte	0
 897 001e 03       		.uleb128 0x3
 898 001f 16       		.uleb128 0x16
 899 0020 00       		.byte	0
 900 0021 03       		.uleb128 0x3
 901 0022 0E       		.uleb128 0xe
 902 0023 3A       		.uleb128 0x3a
 903 0024 0B       		.uleb128 0xb
 904 0025 3B       		.uleb128 0x3b
 905 0026 0B       		.uleb128 0xb
 906 0027 49       		.uleb128 0x49
 907 0028 13       		.uleb128 0x13
 908 0029 00       		.byte	0
 909 002a 00       		.byte	0
 910 002b 04       		.uleb128 0x4
 911 002c 24       		.uleb128 0x24
 912 002d 00       		.byte	0
 913 002e 0B       		.uleb128 0xb
 914 002f 0B       		.uleb128 0xb
 915 0030 3E       		.uleb128 0x3e
 916 0031 0B       		.uleb128 0xb
 917 0032 03       		.uleb128 0x3
 918 0033 08       		.uleb128 0x8
 919 0034 00       		.byte	0
 920 0035 00       		.byte	0
 921 0036 05       		.uleb128 0x5
 922 0037 13       		.uleb128 0x13
 923 0038 01       		.byte	0x1
 924 0039 0B       		.uleb128 0xb
 925 003a 0B       		.uleb128 0xb
 926 003b 3A       		.uleb128 0x3a
 927 003c 0B       		.uleb128 0xb
 928 003d 3B       		.uleb128 0x3b
 929 003e 0B       		.uleb128 0xb
 930 003f 01       		.uleb128 0x1
 931 0040 13       		.uleb128 0x13
 932 0041 00       		.byte	0
 933 0042 00       		.byte	0
 934 0043 06       		.uleb128 0x6
 935 0044 0D       		.uleb128 0xd
 936 0045 00       		.byte	0
 937 0046 03       		.uleb128 0x3
 938 0047 0E       		.uleb128 0xe
 939 0048 3A       		.uleb128 0x3a
 940 0049 0B       		.uleb128 0xb
 941 004a 3B       		.uleb128 0x3b
ARM GAS  /tmp/ccsT0lva.s 			page 34


 942 004b 0B       		.uleb128 0xb
 943 004c 49       		.uleb128 0x49
 944 004d 13       		.uleb128 0x13
 945 004e 38       		.uleb128 0x38
 946 004f 0B       		.uleb128 0xb
 947 0050 00       		.byte	0
 948 0051 00       		.byte	0
 949 0052 07       		.uleb128 0x7
 950 0053 0F       		.uleb128 0xf
 951 0054 00       		.byte	0
 952 0055 0B       		.uleb128 0xb
 953 0056 0B       		.uleb128 0xb
 954 0057 49       		.uleb128 0x49
 955 0058 13       		.uleb128 0x13
 956 0059 00       		.byte	0
 957 005a 00       		.byte	0
 958 005b 08       		.uleb128 0x8
 959 005c 2E       		.uleb128 0x2e
 960 005d 00       		.byte	0
 961 005e 3F       		.uleb128 0x3f
 962 005f 19       		.uleb128 0x19
 963 0060 03       		.uleb128 0x3
 964 0061 0E       		.uleb128 0xe
 965 0062 3A       		.uleb128 0x3a
 966 0063 0B       		.uleb128 0xb
 967 0064 3B       		.uleb128 0x3b
 968 0065 0B       		.uleb128 0xb
 969 0066 27       		.uleb128 0x27
 970 0067 19       		.uleb128 0x19
 971 0068 11       		.uleb128 0x11
 972 0069 01       		.uleb128 0x1
 973 006a 12       		.uleb128 0x12
 974 006b 06       		.uleb128 0x6
 975 006c 40       		.uleb128 0x40
 976 006d 18       		.uleb128 0x18
 977 006e 9742     		.uleb128 0x2117
 978 0070 19       		.uleb128 0x19
 979 0071 00       		.byte	0
 980 0072 00       		.byte	0
 981 0073 09       		.uleb128 0x9
 982 0074 2E       		.uleb128 0x2e
 983 0075 01       		.byte	0x1
 984 0076 3F       		.uleb128 0x3f
 985 0077 19       		.uleb128 0x19
 986 0078 03       		.uleb128 0x3
 987 0079 0E       		.uleb128 0xe
 988 007a 3A       		.uleb128 0x3a
 989 007b 0B       		.uleb128 0xb
 990 007c 3B       		.uleb128 0x3b
 991 007d 0B       		.uleb128 0xb
 992 007e 27       		.uleb128 0x27
 993 007f 19       		.uleb128 0x19
 994 0080 11       		.uleb128 0x11
 995 0081 01       		.uleb128 0x1
 996 0082 12       		.uleb128 0x12
 997 0083 06       		.uleb128 0x6
 998 0084 40       		.uleb128 0x40
ARM GAS  /tmp/ccsT0lva.s 			page 35


 999 0085 18       		.uleb128 0x18
 1000 0086 9742     		.uleb128 0x2117
 1001 0088 19       		.uleb128 0x19
 1002 0089 01       		.uleb128 0x1
 1003 008a 13       		.uleb128 0x13
 1004 008b 00       		.byte	0
 1005 008c 00       		.byte	0
 1006 008d 0A       		.uleb128 0xa
 1007 008e 34       		.uleb128 0x34
 1008 008f 00       		.byte	0
 1009 0090 03       		.uleb128 0x3
 1010 0091 08       		.uleb128 0x8
 1011 0092 3A       		.uleb128 0x3a
 1012 0093 0B       		.uleb128 0xb
 1013 0094 3B       		.uleb128 0x3b
 1014 0095 0B       		.uleb128 0xb
 1015 0096 49       		.uleb128 0x49
 1016 0097 13       		.uleb128 0x13
 1017 0098 02       		.uleb128 0x2
 1018 0099 17       		.uleb128 0x17
 1019 009a 00       		.byte	0
 1020 009b 00       		.byte	0
 1021 009c 0B       		.uleb128 0xb
 1022 009d 0B       		.uleb128 0xb
 1023 009e 01       		.byte	0x1
 1024 009f 11       		.uleb128 0x11
 1025 00a0 01       		.uleb128 0x1
 1026 00a1 12       		.uleb128 0x12
 1027 00a2 06       		.uleb128 0x6
 1028 00a3 00       		.byte	0
 1029 00a4 00       		.byte	0
 1030 00a5 0C       		.uleb128 0xc
 1031 00a6 26       		.uleb128 0x26
 1032 00a7 00       		.byte	0
 1033 00a8 49       		.uleb128 0x49
 1034 00a9 13       		.uleb128 0x13
 1035 00aa 00       		.byte	0
 1036 00ab 00       		.byte	0
 1037 00ac 0D       		.uleb128 0xd
 1038 00ad 01       		.uleb128 0x1
 1039 00ae 01       		.byte	0x1
 1040 00af 49       		.uleb128 0x49
 1041 00b0 13       		.uleb128 0x13
 1042 00b1 01       		.uleb128 0x1
 1043 00b2 13       		.uleb128 0x13
 1044 00b3 00       		.byte	0
 1045 00b4 00       		.byte	0
 1046 00b5 0E       		.uleb128 0xe
 1047 00b6 21       		.uleb128 0x21
 1048 00b7 00       		.byte	0
 1049 00b8 49       		.uleb128 0x49
 1050 00b9 13       		.uleb128 0x13
 1051 00ba 2F       		.uleb128 0x2f
 1052 00bb 0B       		.uleb128 0xb
 1053 00bc 00       		.byte	0
 1054 00bd 00       		.byte	0
 1055 00be 0F       		.uleb128 0xf
ARM GAS  /tmp/ccsT0lva.s 			page 36


 1056 00bf 34       		.uleb128 0x34
 1057 00c0 00       		.byte	0
 1058 00c1 03       		.uleb128 0x3
 1059 00c2 0E       		.uleb128 0xe
 1060 00c3 3A       		.uleb128 0x3a
 1061 00c4 0B       		.uleb128 0xb
 1062 00c5 3B       		.uleb128 0x3b
 1063 00c6 0B       		.uleb128 0xb
 1064 00c7 49       		.uleb128 0x49
 1065 00c8 13       		.uleb128 0x13
 1066 00c9 02       		.uleb128 0x2
 1067 00ca 18       		.uleb128 0x18
 1068 00cb 00       		.byte	0
 1069 00cc 00       		.byte	0
 1070 00cd 10       		.uleb128 0x10
 1071 00ce 34       		.uleb128 0x34
 1072 00cf 00       		.byte	0
 1073 00d0 03       		.uleb128 0x3
 1074 00d1 0E       		.uleb128 0xe
 1075 00d2 3A       		.uleb128 0x3a
 1076 00d3 0B       		.uleb128 0xb
 1077 00d4 3B       		.uleb128 0x3b
 1078 00d5 05       		.uleb128 0x5
 1079 00d6 49       		.uleb128 0x49
 1080 00d7 13       		.uleb128 0x13
 1081 00d8 3F       		.uleb128 0x3f
 1082 00d9 19       		.uleb128 0x19
 1083 00da 3C       		.uleb128 0x3c
 1084 00db 19       		.uleb128 0x19
 1085 00dc 00       		.byte	0
 1086 00dd 00       		.byte	0
 1087 00de 11       		.uleb128 0x11
 1088 00df 35       		.uleb128 0x35
 1089 00e0 00       		.byte	0
 1090 00e1 49       		.uleb128 0x49
 1091 00e2 13       		.uleb128 0x13
 1092 00e3 00       		.byte	0
 1093 00e4 00       		.byte	0
 1094 00e5 12       		.uleb128 0x12
 1095 00e6 34       		.uleb128 0x34
 1096 00e7 00       		.byte	0
 1097 00e8 03       		.uleb128 0x3
 1098 00e9 0E       		.uleb128 0xe
 1099 00ea 3A       		.uleb128 0x3a
 1100 00eb 0B       		.uleb128 0xb
 1101 00ec 3B       		.uleb128 0x3b
 1102 00ed 0B       		.uleb128 0xb
 1103 00ee 49       		.uleb128 0x49
 1104 00ef 13       		.uleb128 0x13
 1105 00f0 3F       		.uleb128 0x3f
 1106 00f1 19       		.uleb128 0x19
 1107 00f2 3C       		.uleb128 0x3c
 1108 00f3 19       		.uleb128 0x19
 1109 00f4 00       		.byte	0
 1110 00f5 00       		.byte	0
 1111 00f6 00       		.byte	0
 1112              		.section	.debug_loc,"",%progbits
ARM GAS  /tmp/ccsT0lva.s 			page 37


 1113              	.Ldebug_loc0:
 1114              	.LLST0:
 1115 0000 00000000 		.4byte	.LVL0
 1116 0004 0A000000 		.4byte	.LVL1
 1117 0008 0600     		.2byte	0x6
 1118 000a 03       		.byte	0x3
 1119 000b 00000000 		.4byte	ram_areas
 1120 000f 9F       		.byte	0x9f
 1121 0010 0A000000 		.4byte	.LVL1
 1122 0014 0E000000 		.4byte	.LVL2
 1123 0018 0300     		.2byte	0x3
 1124 001a 76       		.byte	0x76
 1125 001b 70       		.sleb128 -16
 1126 001c 9F       		.byte	0x9f
 1127 001d 0E000000 		.4byte	.LVL2
 1128 0021 10000000 		.4byte	.LVL3
 1129 0025 0100     		.2byte	0x1
 1130 0027 51       		.byte	0x51
 1131 0028 10000000 		.4byte	.LVL3
 1132 002c 40000000 		.4byte	.LVL11
 1133 0030 0300     		.2byte	0x3
 1134 0032 76       		.byte	0x76
 1135 0033 70       		.sleb128 -16
 1136 0034 9F       		.byte	0x9f
 1137 0035 40000000 		.4byte	.LVL11
 1138 0039 4A000000 		.4byte	.LVL13
 1139 003d 0100     		.2byte	0x1
 1140 003f 56       		.byte	0x56
 1141 0040 4A000000 		.4byte	.LVL13
 1142 0044 4C000000 		.4byte	.LVL14
 1143 0048 0300     		.2byte	0x3
 1144 004a 73       		.byte	0x73
 1145 004b 70       		.sleb128 -16
 1146 004c 9F       		.byte	0x9f
 1147 004d 4C000000 		.4byte	.LVL14
 1148 0051 4E000000 		.4byte	.LVL15
 1149 0055 0100     		.2byte	0x1
 1150 0057 56       		.byte	0x56
 1151 0058 4E000000 		.4byte	.LVL15
 1152 005c 54000000 		.4byte	.LFE67
 1153 0060 0300     		.2byte	0x3
 1154 0062 73       		.byte	0x73
 1155 0063 70       		.sleb128 -16
 1156 0064 9F       		.byte	0x9f
 1157 0065 00000000 		.4byte	0
 1158 0069 00000000 		.4byte	0
 1159              	.LLST1:
 1160 006d 10000000 		.4byte	.LVL3
 1161 0071 16000000 		.4byte	.LVL4
 1162 0075 0100     		.2byte	0x1
 1163 0077 51       		.byte	0x51
 1164 0078 16000000 		.4byte	.LVL4
 1165 007c 18000000 		.4byte	.LVL5
 1166 0080 0200     		.2byte	0x2
 1167 0082 76       		.byte	0x76
 1168 0083 70       		.sleb128 -16
 1169 0084 18000000 		.4byte	.LVL5
ARM GAS  /tmp/ccsT0lva.s 			page 38


 1170 0088 1C000000 		.4byte	.LVL6
 1171 008c 0300     		.2byte	0x3
 1172 008e 71       		.byte	0x71
 1173 008f 04       		.sleb128 4
 1174 0090 9F       		.byte	0x9f
 1175 0091 1C000000 		.4byte	.LVL6
 1176 0095 20000000 		.4byte	.LVL7
 1177 0099 0100     		.2byte	0x1
 1178 009b 51       		.byte	0x51
 1179 009c 20000000 		.4byte	.LVL7
 1180 00a0 30000000 		.4byte	.LVL9
 1181 00a4 0300     		.2byte	0x3
 1182 00a6 71       		.byte	0x71
 1183 00a7 04       		.sleb128 4
 1184 00a8 9F       		.byte	0x9f
 1185 00a9 00000000 		.4byte	0
 1186 00ad 00000000 		.4byte	0
 1187              	.LLST2:
 1188 00b1 10000000 		.4byte	.LVL3
 1189 00b5 18000000 		.4byte	.LVL5
 1190 00b9 0100     		.2byte	0x1
 1191 00bb 53       		.byte	0x53
 1192 00bc 18000000 		.4byte	.LVL5
 1193 00c0 26000000 		.4byte	.LVL8
 1194 00c4 0100     		.2byte	0x1
 1195 00c6 52       		.byte	0x52
 1196 00c7 30000000 		.4byte	.LVL9
 1197 00cb 46000000 		.4byte	.LVL12
 1198 00cf 0100     		.2byte	0x1
 1199 00d1 53       		.byte	0x53
 1200 00d2 00000000 		.4byte	0
 1201 00d6 00000000 		.4byte	0
 1202              		.section	.debug_aranges,"",%progbits
 1203 0000 3C000000 		.4byte	0x3c
 1204 0004 0200     		.2byte	0x2
 1205 0006 00000000 		.4byte	.Ldebug_info0
 1206 000a 04       		.byte	0x4
 1207 000b 00       		.byte	0
 1208 000c 0000     		.2byte	0
 1209 000e 0000     		.2byte	0
 1210 0010 00000000 		.4byte	.LFB63
 1211 0014 02000000 		.4byte	.LFE63-.LFB63
 1212 0018 00000000 		.4byte	.LFB64
 1213 001c 02000000 		.4byte	.LFE64-.LFB64
 1214 0020 00000000 		.4byte	.LFB65
 1215 0024 02000000 		.4byte	.LFE65-.LFB65
 1216 0028 00000000 		.4byte	.LFB66
 1217 002c 02000000 		.4byte	.LFE66-.LFB66
 1218 0030 00000000 		.4byte	.LFB67
 1219 0034 54000000 		.4byte	.LFE67-.LFB67
 1220 0038 00000000 		.4byte	0
 1221 003c 00000000 		.4byte	0
 1222              		.section	.debug_ranges,"",%progbits
 1223              	.Ldebug_ranges0:
 1224 0000 00000000 		.4byte	.LFB63
 1225 0004 02000000 		.4byte	.LFE63
 1226 0008 00000000 		.4byte	.LFB64
ARM GAS  /tmp/ccsT0lva.s 			page 39


 1227 000c 02000000 		.4byte	.LFE64
 1228 0010 00000000 		.4byte	.LFB65
 1229 0014 02000000 		.4byte	.LFE65
 1230 0018 00000000 		.4byte	.LFB66
 1231 001c 02000000 		.4byte	.LFE66
 1232 0020 00000000 		.4byte	.LFB67
 1233 0024 54000000 		.4byte	.LFE67
 1234 0028 00000000 		.4byte	0
 1235 002c 00000000 		.4byte	0
 1236              		.section	.debug_line,"",%progbits
 1237              	.Ldebug_line0:
 1238 0000 4A010000 		.section	.debug_str,"MS",%progbits,1
 1238      0200E100 
 1238      00000201 
 1238      FB0E0D00 
 1238      01010101 
 1239              	.LASF58:
 1240 0000 5F5F696E 		.ascii	"__init_ram_areas\000"
 1240      69745F72 
 1240      616D5F61 
 1240      72656173 
 1240      00
 1241              	.LASF32:
 1242 0011 5F5F7261 		.ascii	"__ram2_init__\000"
 1242      6D325F69 
 1242      6E69745F 
 1242      5F00
 1243              	.LASF52:
 1244 001f 5F5F7261 		.ascii	"__ram7_init__\000"
 1244      6D375F69 
 1244      6E69745F 
 1244      5F00
 1245              	.LASF26:
 1246 002d 5F5F7261 		.ascii	"__ram0_noinit__\000"
 1246      6D305F6E 
 1246      6F696E69 
 1246      745F5F00 
 1247              	.LASF17:
 1248 003d 5F5F636F 		.ascii	"__core_init\000"
 1248      72655F69 
 1248      6E697400 
 1249              	.LASF54:
 1250 0049 5F5F7261 		.ascii	"__ram7_noinit__\000"
 1250      6D375F6E 
 1250      6F696E69 
 1250      745F5F00 
 1251              	.LASF13:
 1252 0059 696E6974 		.ascii	"init_area\000"
 1252      5F617265 
 1252      6100
 1253              	.LASF21:
 1254 0063 72616D5F 		.ascii	"ram_areas\000"
 1254      61726561 
 1254      7300
 1255              	.LASF23:
 1256 006d 5F5F7261 		.ascii	"__ram0_init_text__\000"
 1256      6D305F69 
ARM GAS  /tmp/ccsT0lva.s 			page 40


 1256      6E69745F 
 1256      74657874 
 1256      5F5F00
 1257              	.LASF3:
 1258 0080 73686F72 		.ascii	"short unsigned int\000"
 1258      7420756E 
 1258      7369676E 
 1258      65642069 
 1258      6E7400
 1259              	.LASF37:
 1260 0093 5F5F7261 		.ascii	"__ram3_clear__\000"
 1260      6D335F63 
 1260      6C656172 
 1260      5F5F00
 1261              	.LASF28:
 1262 00a2 5F5F7261 		.ascii	"__ram1_init__\000"
 1262      6D315F69 
 1262      6E69745F 
 1262      5F00
 1263              	.LASF48:
 1264 00b0 5F5F7261 		.ascii	"__ram6_init__\000"
 1264      6D365F69 
 1264      6E69745F 
 1264      5F00
 1265              	.LASF47:
 1266 00be 5F5F7261 		.ascii	"__ram6_init_text__\000"
 1266      6D365F69 
 1266      6E69745F 
 1266      74657874 
 1266      5F5F00
 1267              	.LASF50:
 1268 00d1 5F5F7261 		.ascii	"__ram6_noinit__\000"
 1268      6D365F6E 
 1268      6F696E69 
 1268      745F5F00 
 1269              	.LASF35:
 1270 00e1 5F5F7261 		.ascii	"__ram3_init_text__\000"
 1270      6D335F69 
 1270      6E69745F 
 1270      74657874 
 1270      5F5F00
 1271              	.LASF14:
 1272 00f4 636C6561 		.ascii	"clear_area\000"
 1272      725F6172 
 1272      656100
 1273              	.LASF19:
 1274 00ff 5F5F6C61 		.ascii	"__late_init\000"
 1274      74655F69 
 1274      6E697400 
 1275              	.LASF49:
 1276 010b 5F5F7261 		.ascii	"__ram6_clear__\000"
 1276      6D365F63 
 1276      6C656172 
 1276      5F5F00
 1277              	.LASF5:
 1278 011a 696E7433 		.ascii	"int32_t\000"
 1278      325F7400 
ARM GAS  /tmp/ccsT0lva.s 			page 41


 1279              	.LASF7:
 1280 0122 6C6F6E67 		.ascii	"long unsigned int\000"
 1280      20756E73 
 1280      69676E65 
 1280      6420696E 
 1280      7400
 1281              	.LASF24:
 1282 0134 5F5F7261 		.ascii	"__ram0_init__\000"
 1282      6D305F69 
 1282      6E69745F 
 1282      5F00
 1283              	.LASF44:
 1284 0142 5F5F7261 		.ascii	"__ram5_init__\000"
 1284      6D355F69 
 1284      6E69745F 
 1284      5F00
 1285              	.LASF29:
 1286 0150 5F5F7261 		.ascii	"__ram1_clear__\000"
 1286      6D315F63 
 1286      6C656172 
 1286      5F5F00
 1287              	.LASF22:
 1288 015f 49544D5F 		.ascii	"ITM_RxBuffer\000"
 1288      52784275 
 1288      66666572 
 1288      00
 1289              	.LASF36:
 1290 016c 5F5F7261 		.ascii	"__ram3_init__\000"
 1290      6D335F69 
 1290      6E69745F 
 1290      5F00
 1291              	.LASF1:
 1292 017a 756E7369 		.ascii	"unsigned char\000"
 1292      676E6564 
 1292      20636861 
 1292      7200
 1293              	.LASF20:
 1294 0188 5F5F6465 		.ascii	"__default_exit\000"
 1294      6661756C 
 1294      745F6578 
 1294      697400
 1295              	.LASF31:
 1296 0197 5F5F7261 		.ascii	"__ram2_init_text__\000"
 1296      6D325F69 
 1296      6E69745F 
 1296      74657874 
 1296      5F5F00
 1297              	.LASF16:
 1298 01aa 72616D5F 		.ascii	"ram_init_area_t\000"
 1298      696E6974 
 1298      5F617265 
 1298      615F7400 
 1299              	.LASF43:
 1300 01ba 5F5F7261 		.ascii	"__ram5_init_text__\000"
 1300      6D355F69 
 1300      6E69745F 
 1300      74657874 
ARM GAS  /tmp/ccsT0lva.s 			page 42


 1300      5F5F00
 1301              	.LASF53:
 1302 01cd 5F5F7261 		.ascii	"__ram7_clear__\000"
 1302      6D375F63 
 1302      6C656172 
 1302      5F5F00
 1303              	.LASF55:
 1304 01dc 474E5520 		.ascii	"GNU C 4.8.1 -mcpu=cortex-m3 -mno-thumb-interwork -m"
 1304      4320342E 
 1304      382E3120 
 1304      2D6D6370 
 1304      753D636F 
 1305 020f 7468756D 		.ascii	"thumb -ggdb -O2 -fomit-frame-pointer -falign-functi"
 1305      62202D67 
 1305      67646220 
 1305      2D4F3220 
 1305      2D666F6D 
 1306 0242 6F6E733D 		.ascii	"ons=16 -ffunction-sections -fdata-sections -fno-com"
 1306      3136202D 
 1306      6666756E 
 1306      6374696F 
 1306      6E2D7365 
 1307 0275 6D6F6E20 		.ascii	"mon -flto\000"
 1307      2D666C74 
 1307      6F00
 1308              	.LASF40:
 1309 027f 5F5F7261 		.ascii	"__ram4_init__\000"
 1309      6D345F69 
 1309      6E69745F 
 1309      5F00
 1310              	.LASF41:
 1311 028d 5F5F7261 		.ascii	"__ram4_clear__\000"
 1311      6D345F63 
 1311      6C656172 
 1311      5F5F00
 1312              	.LASF42:
 1313 029c 5F5F7261 		.ascii	"__ram4_noinit__\000"
 1313      6D345F6E 
 1313      6F696E69 
 1313      745F5F00 
 1314              	.LASF10:
 1315 02ac 756E7369 		.ascii	"unsigned int\000"
 1315      676E6564 
 1315      20696E74 
 1315      00
 1316              	.LASF9:
 1317 02b9 6C6F6E67 		.ascii	"long long unsigned int\000"
 1317      206C6F6E 
 1317      6720756E 
 1317      7369676E 
 1317      65642069 
 1318              	.LASF51:
 1319 02d0 5F5F7261 		.ascii	"__ram7_init_text__\000"
 1319      6D375F69 
 1319      6E69745F 
 1319      74657874 
 1319      5F5F00
ARM GAS  /tmp/ccsT0lva.s 			page 43


 1320              	.LASF56:
 1321 02e3 2E2E2F2E 		.ascii	"../../../os/common/startup/ARMCMx/compilers/GCC/crt"
 1321      2E2F2E2E 
 1321      2F6F732F 
 1321      636F6D6D 
 1321      6F6E2F73 
 1322 0316 312E6300 		.ascii	"1.c\000"
 1323              	.LASF18:
 1324 031a 5F5F6561 		.ascii	"__early_init\000"
 1324      726C795F 
 1324      696E6974 
 1324      00
 1325              	.LASF46:
 1326 0327 5F5F7261 		.ascii	"__ram5_noinit__\000"
 1326      6D355F6E 
 1326      6F696E69 
 1326      745F5F00 
 1327              	.LASF15:
 1328 0337 6E6F5F69 		.ascii	"no_init_area\000"
 1328      6E69745F 
 1328      61726561 
 1328      00
 1329              	.LASF11:
 1330 0344 73697A65 		.ascii	"sizetype\000"
 1330      74797065 
 1330      00
 1331              	.LASF57:
 1332 034d 2F686F6D 		.ascii	"/home/otto/Escritorio/Semestre12/Embebidos/ChibiOS_"
 1332      652F6F74 
 1332      746F2F45 
 1332      73637269 
 1332      746F7269 
 1333 0380 31372E36 		.ascii	"17.6.2/demos/STM32/NIL-STM32F100-DISCOVERY\000"
 1333      2E322F64 
 1333      656D6F73 
 1333      2F53544D 
 1333      33322F4E 
 1334              	.LASF8:
 1335 03ab 6C6F6E67 		.ascii	"long long int\000"
 1335      206C6F6E 
 1335      6720696E 
 1335      7400
 1336              	.LASF34:
 1337 03b9 5F5F7261 		.ascii	"__ram2_noinit__\000"
 1337      6D325F6E 
 1337      6F696E69 
 1337      745F5F00 
 1338              	.LASF27:
 1339 03c9 5F5F7261 		.ascii	"__ram1_init_text__\000"
 1339      6D315F69 
 1339      6E69745F 
 1339      74657874 
 1339      5F5F00
 1340              	.LASF38:
 1341 03dc 5F5F7261 		.ascii	"__ram3_noinit__\000"
 1341      6D335F6E 
 1341      6F696E69 
ARM GAS  /tmp/ccsT0lva.s 			page 44


 1341      745F5F00 
 1342              	.LASF33:
 1343 03ec 5F5F7261 		.ascii	"__ram2_clear__\000"
 1343      6D325F63 
 1343      6C656172 
 1343      5F5F00
 1344              	.LASF39:
 1345 03fb 5F5F7261 		.ascii	"__ram4_init_text__\000"
 1345      6D345F69 
 1345      6E69745F 
 1345      74657874 
 1345      5F5F00
 1346              	.LASF2:
 1347 040e 73686F72 		.ascii	"short int\000"
 1347      7420696E 
 1347      7400
 1348              	.LASF12:
 1349 0418 696E6974 		.ascii	"init_text_area\000"
 1349      5F746578 
 1349      745F6172 
 1349      656100
 1350              	.LASF25:
 1351 0427 5F5F7261 		.ascii	"__ram0_clear__\000"
 1351      6D305F63 
 1351      6C656172 
 1351      5F5F00
 1352              	.LASF6:
 1353 0436 75696E74 		.ascii	"uint32_t\000"
 1353      33325F74 
 1353      00
 1354              	.LASF4:
 1355 043f 6C6F6E67 		.ascii	"long int\000"
 1355      20696E74 
 1355      00
 1356              	.LASF30:
 1357 0448 5F5F7261 		.ascii	"__ram1_noinit__\000"
 1357      6D315F6E 
 1357      6F696E69 
 1357      745F5F00 
 1358              	.LASF0:
 1359 0458 7369676E 		.ascii	"signed char\000"
 1359      65642063 
 1359      68617200 
 1360              	.LASF45:
 1361 0464 5F5F7261 		.ascii	"__ram5_clear__\000"
 1361      6D355F63 
 1361      6C656172 
 1361      5F5F00
 1362              		.comm	__gnu_lto_v1,1,1
 1363              		.ident	"GCC: (Sourcery CodeBench Lite 2013.11-24) 4.8.1"
ARM GAS  /tmp/ccsT0lva.s 			page 45


DEFINED SYMBOLS
                            *ABS*:00000000 crt1.c
     /tmp/ccsT0lva.s:296    .text.__core_init:00000000 $t
     /tmp/ccsT0lva.s:302    .text.__core_init:00000000 __core_init
     /tmp/ccsT0lva.s:315    .text.__early_init:00000000 $t
     /tmp/ccsT0lva.s:321    .text.__early_init:00000000 __early_init
     /tmp/ccsT0lva.s:333    .text.__late_init:00000000 $t
     /tmp/ccsT0lva.s:339    .text.__late_init:00000000 __late_init
     /tmp/ccsT0lva.s:351    .text.__default_exit:00000000 $t
     /tmp/ccsT0lva.s:357    .text.__default_exit:00000000 __default_exit
     /tmp/ccsT0lva.s:371    .text.__init_ram_areas:00000000 $t
     /tmp/ccsT0lva.s:377    .text.__init_ram_areas:00000000 __init_ram_areas
     /tmp/ccsT0lva.s:459    .text.__init_ram_areas:00000050 $d
     /tmp/ccsT0lva.s:464    .rodata.ram_areas:00000000 $d
     /tmp/ccsT0lva.s:468    .rodata.ram_areas:00000000 ram_areas
                            *COM*:00000001 __gnu_lto_v1
                     .debug_frame:00000010 $d
     /tmp/ccsT0lva.s:463    .text.__init_ram_areas:00000054 $t

UNDEFINED SYMBOLS
__ram0_init_text__
__ram0_init__
__ram0_clear__
__ram0_noinit__
__ram1_init_text__
__ram1_init__
__ram1_clear__
__ram1_noinit__
__ram2_init_text__
__ram2_init__
__ram2_clear__
__ram2_noinit__
__ram3_init_text__
__ram3_init__
__ram3_clear__
__ram3_noinit__
__ram4_init_text__
__ram4_init__
__ram4_clear__
__ram4_noinit__
__ram5_init_text__
__ram5_init__
__ram5_clear__
__ram5_noinit__
__ram6_init_text__
__ram6_init__
__ram6_clear__
__ram6_noinit__
__ram7_init_text__
__ram7_init__
__ram7_clear__
__ram7_noinit__
