ARM GAS  /tmp/ccquRLXy.s 			page 1


   1              		.syntax unified
   2              		.cpu cortex-m3
   3              		.fpu softvfp
   4              		.eabi_attribute 20, 1
   5              		.eabi_attribute 21, 1
   6              		.eabi_attribute 23, 3
   7              		.eabi_attribute 24, 1
   8              		.eabi_attribute 25, 1
   9              		.eabi_attribute 26, 1
  10              		.eabi_attribute 30, 2
  11              		.eabi_attribute 34, 1
  12              		.eabi_attribute 18, 4
  13              		.thumb
  14              		.file	"stm32_dma.c"
  15              		.text
  16              	.Ltext0:
  17              		.section	.gnu.lto_.inline.303cdee661b7bfd2,"",%progbits
  18 0000 789C6362 		.ascii	"x\234cb`b\300\006\020\242\000\000\272\000\007"
  18      6062C006 
  18      10A20000 
  18      BA0007
  19              		.text
  20              		.section	.gnu.lto_.pureconst.303cdee661b7bfd2,"",%progbits
  21 0000 789C6362 		.ascii	"x\234cb`b`d\200\002\000\000F\000\006"
  21      60626064 
  21      80020000 
  21      460006
  22              		.text
  23              		.section	.gnu.lto_.symbol_nodes.303cdee661b7bfd2,"",%progbits
  24 0000 789C6362 		.ascii	"x\234cb`\002B\030\000\000\000V\000\007"
  24      60024218 
  24      00000056 
  24      0007
  25              		.text
  26              		.section	.gnu.lto_.refs.303cdee661b7bfd2,"",%progbits
  27 0000 789C6362 		.ascii	"x\234cb`b`d\200\002\000\000F\000\006"
  27      60626064 
  27      80020000 
  27      460006
  28              		.text
  29              		.section	.gnu.lto_.decls.303cdee661b7bfd2,"",%progbits
  30 0000 789C6362 		.ascii	"x\234cb`bPa``\370\017\004@\212\201\021\212\355\030\010"
  30      60625061 
  30      6060F80F 
  30      04408A81 
  30      118AED18 
  31 0015 0000CE1B 		.ascii	"\000\000\316\033\004e"
  31      0465
  32              		.text
  33              		.section	.gnu.lto_.symtab.303cdee661b7bfd2,"",%progbits
  34              		.text
  35              		.section	.gnu.lto_.opts,"",%progbits
  36 0000 272D6D63 		.ascii	"'-mcpu=cortex-m3' '-mno-thumb-interwork' '-mthumb' "
  36      70753D63 
  36      6F727465 
  36      782D6D33 
  36      2720272D 
ARM GAS  /tmp/ccquRLXy.s 			page 2


  37 0033 272D6767 		.ascii	"'-ggdb' '-O2' '-fomit-frame-pointer' '-falign-funct"
  37      64622720 
  37      272D4F32 
  37      2720272D 
  37      666F6D69 
  38 0066 696F6E73 		.ascii	"ions=16' '-ffunction-sections' '-fdata-sections' '-"
  38      3D313627 
  38      20272D66 
  38      66756E63 
  38      74696F6E 
  39 0099 666E6F2D 		.ascii	"fno-common' '-flto'\000"
  39      636F6D6D 
  39      6F6E2720 
  39      272D666C 
  39      746F2700 
  40              		.text
  41              		.cfi_sections	.debug_frame
  42              	.Letext0:
  43              		.file 1 "/home/otto/MentorGraphics/Sourcery_CodeBench_Lite_for_ARM_EABI/arm-none-eabi/include/stdi
  44              		.file 2 "../../../os/common/ports/ARMCMx/compilers/GCC/chtypes.h"
  45              		.file 3 "../../../os/rt/include/chsystypes.h"
  46              		.file 4 "../../../os/rt/include/chschd.h"
  47              		.file 5 "../../../os/common/ports/ARMCMx/chcore.h"
  48              		.file 6 "../../../os/common/ports/ARMCMx/chcore_v7m.h"
  49              		.file 7 "../../../os/rt/include/chsem.h"
  50              		.file 8 "../../../os/rt/include/chmtx.h"
  51              		.file 9 "../../../os/common/ext/CMSIS/include/core_cm3.h"
  52              		.section	.debug_info,"",%progbits
  53              	.Ldebug_info0:
  54 0000 B5050000 		.4byte	0x5b5
  55 0004 0400     		.2byte	0x4
  56 0006 00000000 		.4byte	.Ldebug_abbrev0
  57 000a 04       		.byte	0x4
  58 000b 01       		.uleb128 0x1
  59 000c 14020000 		.4byte	.LASF85
  60 0010 01       		.byte	0x1
  61 0011 EC000000 		.4byte	.LASF86
  62 0015 51010000 		.4byte	.LASF87
  63 0019 00000000 		.4byte	.Ldebug_line0
  64 001d 02       		.uleb128 0x2
  65 001e 04       		.byte	0x4
  66 001f 05       		.byte	0x5
  67 0020 696E7400 		.ascii	"int\000"
  68 0024 03       		.uleb128 0x3
  69 0025 04       		.byte	0x4
  70 0026 07       		.byte	0x7
  71 0027 D9020000 		.4byte	.LASF0
  72 002b 03       		.uleb128 0x3
  73 002c 01       		.byte	0x1
  74 002d 06       		.byte	0x6
  75 002e BE020000 		.4byte	.LASF1
  76 0032 04       		.uleb128 0x4
  77 0033 D3000000 		.4byte	.LASF4
  78 0037 01       		.byte	0x1
  79 0038 2A       		.byte	0x2a
  80 0039 3D000000 		.4byte	0x3d
  81 003d 03       		.uleb128 0x3
ARM GAS  /tmp/ccquRLXy.s 			page 3


  82 003e 01       		.byte	0x1
  83 003f 08       		.byte	0x8
  84 0040 00020000 		.4byte	.LASF2
  85 0044 03       		.uleb128 0x3
  86 0045 02       		.byte	0x2
  87 0046 05       		.byte	0x5
  88 0047 44000000 		.4byte	.LASF3
  89 004b 04       		.uleb128 0x4
  90 004c E6020000 		.4byte	.LASF5
  91 0050 01       		.byte	0x1
  92 0051 36       		.byte	0x36
  93 0052 56000000 		.4byte	0x56
  94 0056 03       		.uleb128 0x3
  95 0057 02       		.byte	0x2
  96 0058 07       		.byte	0x7
  97 0059 15030000 		.4byte	.LASF6
  98 005d 04       		.uleb128 0x4
  99 005e 56030000 		.4byte	.LASF7
 100 0062 01       		.byte	0x1
 101 0063 4F       		.byte	0x4f
 102 0064 68000000 		.4byte	0x68
 103 0068 03       		.uleb128 0x3
 104 0069 04       		.byte	0x4
 105 006a 05       		.byte	0x5
 106 006b B7010000 		.4byte	.LASF8
 107 006f 04       		.uleb128 0x4
 108 0070 D0020000 		.4byte	.LASF9
 109 0074 01       		.byte	0x1
 110 0075 50       		.byte	0x50
 111 0076 7A000000 		.4byte	0x7a
 112 007a 03       		.uleb128 0x3
 113 007b 04       		.byte	0x4
 114 007c 07       		.byte	0x7
 115 007d 8A030000 		.4byte	.LASF10
 116 0081 03       		.uleb128 0x3
 117 0082 08       		.byte	0x8
 118 0083 05       		.byte	0x5
 119 0084 43010000 		.4byte	.LASF11
 120 0088 04       		.uleb128 0x4
 121 0089 30000000 		.4byte	.LASF12
 122 008d 01       		.byte	0x1
 123 008e 78       		.byte	0x78
 124 008f 93000000 		.4byte	0x93
 125 0093 03       		.uleb128 0x3
 126 0094 08       		.byte	0x8
 127 0095 07       		.byte	0x7
 128 0096 66000000 		.4byte	.LASF13
 129 009a 04       		.uleb128 0x4
 130 009b 90000000 		.4byte	.LASF14
 131 009f 02       		.byte	0x2
 132 00a0 3C       		.byte	0x3c
 133 00a1 32000000 		.4byte	0x32
 134 00a5 04       		.uleb128 0x4
 135 00a6 81030000 		.4byte	.LASF15
 136 00aa 02       		.byte	0x2
 137 00ab 3D       		.byte	0x3d
 138 00ac 32000000 		.4byte	0x32
ARM GAS  /tmp/ccquRLXy.s 			page 4


 139 00b0 04       		.uleb128 0x4
 140 00b1 09000000 		.4byte	.LASF16
 141 00b5 02       		.byte	0x2
 142 00b6 3E       		.byte	0x3e
 143 00b7 32000000 		.4byte	0x32
 144 00bb 04       		.uleb128 0x4
 145 00bc AF010000 		.4byte	.LASF17
 146 00c0 02       		.byte	0x2
 147 00c1 40       		.byte	0x40
 148 00c2 6F000000 		.4byte	0x6f
 149 00c6 04       		.uleb128 0x4
 150 00c7 65040000 		.4byte	.LASF18
 151 00cb 02       		.byte	0x2
 152 00cc 41       		.byte	0x41
 153 00cd 5D000000 		.4byte	0x5d
 154 00d1 04       		.uleb128 0x4
 155 00d2 84000000 		.4byte	.LASF19
 156 00d6 02       		.byte	0x2
 157 00d7 43       		.byte	0x43
 158 00d8 6F000000 		.4byte	0x6f
 159 00dc 04       		.uleb128 0x4
 160 00dd 5E030000 		.4byte	.LASF20
 161 00e1 02       		.byte	0x2
 162 00e2 45       		.byte	0x45
 163 00e3 5D000000 		.4byte	0x5d
 164 00e7 04       		.uleb128 0x4
 165 00e8 28030000 		.4byte	.LASF21
 166 00ec 03       		.byte	0x3
 167 00ed 35       		.byte	0x35
 168 00ee 4B000000 		.4byte	0x4b
 169 00f2 04       		.uleb128 0x4
 170 00f3 00000000 		.4byte	.LASF22
 171 00f7 03       		.byte	0x3
 172 00f8 3F       		.byte	0x3f
 173 00f9 FD000000 		.4byte	0xfd
 174 00fd 05       		.uleb128 0x5
 175 00fe 27010000 		.4byte	.LASF40
 176 0102 44       		.byte	0x44
 177 0103 04       		.byte	0x4
 178 0104 9A       		.byte	0x9a
 179 0105 DB010000 		.4byte	0x1db
 180 0109 06       		.uleb128 0x6
 181 010a F5010000 		.4byte	.LASF23
 182 010e 04       		.byte	0x4
 183 010f 9B       		.byte	0x9b
 184 0110 10020000 		.4byte	0x210
 185 0114 00       		.byte	0
 186 0115 06       		.uleb128 0x6
 187 0116 6B040000 		.4byte	.LASF24
 188 011a 04       		.byte	0x4
 189 011b 9C       		.byte	0x9c
 190 011c BB000000 		.4byte	0xbb
 191 0120 08       		.byte	0x8
 192 0121 07       		.uleb128 0x7
 193 0122 63747800 		.ascii	"ctx\000"
 194 0126 04       		.byte	0x4
 195 0127 9D       		.byte	0x9d
ARM GAS  /tmp/ccquRLXy.s 			page 5


 196 0128 FC030000 		.4byte	0x3fc
 197 012c 0C       		.byte	0xc
 198 012d 06       		.uleb128 0x6
 199 012e EF010000 		.4byte	.LASF25
 200 0132 04       		.byte	0x4
 201 0133 9F       		.byte	0x9f
 202 0134 E6010000 		.4byte	0x1e6
 203 0138 10       		.byte	0x10
 204 0139 06       		.uleb128 0x6
 205 013a 31010000 		.4byte	.LASF26
 206 013e 04       		.byte	0x4
 207 013f A0       		.byte	0xa0
 208 0140 E6010000 		.4byte	0x1e6
 209 0144 14       		.byte	0x14
 210 0145 06       		.uleb128 0x6
 211 0146 FB010000 		.4byte	.LASF27
 212 014a 04       		.byte	0x4
 213 014b A7       		.byte	0xa7
 214 014c 61050000 		.4byte	0x561
 215 0150 18       		.byte	0x18
 216 0151 06       		.uleb128 0x6
 217 0152 37010000 		.4byte	.LASF28
 218 0156 04       		.byte	0x4
 219 0157 B0       		.byte	0xb0
 220 0158 73050000 		.4byte	0x573
 221 015c 1C       		.byte	0x1c
 222 015d 06       		.uleb128 0x6
 223 015e 2A000000 		.4byte	.LASF29
 224 0162 04       		.byte	0x4
 225 0163 B5       		.byte	0xb5
 226 0164 A5000000 		.4byte	0xa5
 227 0168 20       		.byte	0x20
 228 0169 06       		.uleb128 0x6
 229 016a CA020000 		.4byte	.LASF30
 230 016e 04       		.byte	0x4
 231 016f B9       		.byte	0xb9
 232 0170 9A000000 		.4byte	0x9a
 233 0174 21       		.byte	0x21
 234 0175 06       		.uleb128 0x6
 235 0176 73030000 		.4byte	.LASF31
 236 017a 04       		.byte	0x4
 237 017b BE       		.byte	0xbe
 238 017c B0000000 		.4byte	0xb0
 239 0180 22       		.byte	0x22
 240 0181 08       		.uleb128 0x8
 241 0182 7500     		.ascii	"u\000"
 242 0184 04       		.byte	0x4
 243 0185 0F01     		.2byte	0x10f
 244 0187 96040000 		.4byte	0x496
 245 018b 24       		.byte	0x24
 246 018c 09       		.uleb128 0x9
 247 018d 1F040000 		.4byte	.LASF32
 248 0191 04       		.byte	0x4
 249 0192 1401     		.2byte	0x114
 250 0194 EC010000 		.4byte	0x1ec
 251 0198 28       		.byte	0x28
 252 0199 09       		.uleb128 0x9
ARM GAS  /tmp/ccquRLXy.s 			page 6


 253 019a BB000000 		.4byte	.LASF33
 254 019e 04       		.byte	0x4
 255 019f 1A01     		.2byte	0x11a
 256 01a1 10020000 		.4byte	0x210
 257 01a5 2C       		.byte	0x2c
 258 01a6 09       		.uleb128 0x9
 259 01a7 21000000 		.4byte	.LASF34
 260 01ab 04       		.byte	0x4
 261 01ac 2001     		.2byte	0x120
 262 01ae D1000000 		.4byte	0xd1
 263 01b2 34       		.byte	0x34
 264 01b3 09       		.uleb128 0x9
 265 01b4 DF030000 		.4byte	.LASF35
 266 01b8 04       		.byte	0x4
 267 01b9 2701     		.2byte	0x127
 268 01bb 5B050000 		.4byte	0x55b
 269 01bf 38       		.byte	0x38
 270 01c0 09       		.uleb128 0x9
 271 01c1 64030000 		.4byte	.LASF36
 272 01c5 04       		.byte	0x4
 273 01c6 2B01     		.2byte	0x12b
 274 01c8 BB000000 		.4byte	0xbb
 275 01cc 3C       		.byte	0x3c
 276 01cd 09       		.uleb128 0x9
 277 01ce FB030000 		.4byte	.LASF37
 278 01d2 04       		.byte	0x4
 279 01d3 3201     		.2byte	0x132
 280 01d5 C3020000 		.4byte	0x2c3
 281 01d9 40       		.byte	0x40
 282 01da 00       		.byte	0
 283 01db 04       		.uleb128 0x4
 284 01dc C5030000 		.4byte	.LASF38
 285 01e0 03       		.byte	0x3
 286 01e1 44       		.byte	0x44
 287 01e2 E6010000 		.4byte	0x1e6
 288 01e6 0A       		.uleb128 0xa
 289 01e7 04       		.byte	0x4
 290 01e8 F2000000 		.4byte	0xf2
 291 01ec 04       		.uleb128 0x4
 292 01ed 7C040000 		.4byte	.LASF39
 293 01f1 03       		.byte	0x3
 294 01f2 49       		.byte	0x49
 295 01f3 F7010000 		.4byte	0x1f7
 296 01f7 05       		.uleb128 0x5
 297 01f8 98000000 		.4byte	.LASF41
 298 01fc 04       		.byte	0x4
 299 01fd 04       		.byte	0x4
 300 01fe 88       		.byte	0x88
 301 01ff 10020000 		.4byte	0x210
 302 0203 06       		.uleb128 0x6
 303 0204 70040000 		.4byte	.LASF42
 304 0208 04       		.byte	0x4
 305 0209 89       		.byte	0x89
 306 020a E6010000 		.4byte	0x1e6
 307 020e 00       		.byte	0
 308 020f 00       		.byte	0
 309 0210 04       		.uleb128 0x4
ARM GAS  /tmp/ccquRLXy.s 			page 7


 310 0211 05030000 		.4byte	.LASF43
 311 0215 03       		.byte	0x3
 312 0216 50       		.byte	0x50
 313 0217 1B020000 		.4byte	0x21b
 314 021b 05       		.uleb128 0x5
 315 021c DB000000 		.4byte	.LASF44
 316 0220 08       		.byte	0x8
 317 0221 04       		.byte	0x4
 318 0222 8F       		.byte	0x8f
 319 0223 40020000 		.4byte	0x240
 320 0227 06       		.uleb128 0x6
 321 0228 70040000 		.4byte	.LASF42
 322 022c 04       		.byte	0x4
 323 022d 90       		.byte	0x90
 324 022e E6010000 		.4byte	0x1e6
 325 0232 00       		.byte	0
 326 0233 06       		.uleb128 0x6
 327 0234 42040000 		.4byte	.LASF45
 328 0238 04       		.byte	0x4
 329 0239 91       		.byte	0x91
 330 023a E6010000 		.4byte	0x1e6
 331 023e 04       		.byte	0x4
 332 023f 00       		.byte	0
 333 0240 04       		.uleb128 0x4
 334 0241 0A040000 		.4byte	.LASF46
 335 0245 03       		.byte	0x3
 336 0246 57       		.byte	0x57
 337 0247 4B020000 		.4byte	0x24b
 338 024b 0B       		.uleb128 0xb
 339 024c 27040000 		.4byte	.LASF47
 340 0250 1C       		.byte	0x1c
 341 0251 04       		.byte	0x4
 342 0252 6A01     		.2byte	0x16a
 343 0254 A7020000 		.4byte	0x2a7
 344 0258 09       		.uleb128 0x9
 345 0259 F5010000 		.4byte	.LASF23
 346 025d 04       		.byte	0x4
 347 025e 6B01     		.2byte	0x16b
 348 0260 10020000 		.4byte	0x210
 349 0264 00       		.byte	0
 350 0265 09       		.uleb128 0x9
 351 0266 6B040000 		.4byte	.LASF24
 352 026a 04       		.byte	0x4
 353 026b 6C01     		.2byte	0x16c
 354 026d BB000000 		.4byte	0xbb
 355 0271 08       		.byte	0x8
 356 0272 08       		.uleb128 0x8
 357 0273 63747800 		.ascii	"ctx\000"
 358 0277 04       		.byte	0x4
 359 0278 6E01     		.2byte	0x16e
 360 027a FC030000 		.4byte	0x3fc
 361 027e 0C       		.byte	0xc
 362 027f 09       		.uleb128 0x9
 363 0280 EF010000 		.4byte	.LASF25
 364 0284 04       		.byte	0x4
 365 0285 7101     		.2byte	0x171
 366 0287 E6010000 		.4byte	0x1e6
ARM GAS  /tmp/ccquRLXy.s 			page 8


 367 028b 10       		.byte	0x10
 368 028c 09       		.uleb128 0x9
 369 028d 31010000 		.4byte	.LASF26
 370 0291 04       		.byte	0x4
 371 0292 7201     		.2byte	0x172
 372 0294 E6010000 		.4byte	0x1e6
 373 0298 14       		.byte	0x14
 374 0299 09       		.uleb128 0x9
 375 029a 17040000 		.4byte	.LASF48
 376 029e 04       		.byte	0x4
 377 029f 7501     		.2byte	0x175
 378 02a1 E6010000 		.4byte	0x1e6
 379 02a5 18       		.byte	0x18
 380 02a6 00       		.byte	0
 381 02a7 04       		.uleb128 0x4
 382 02a8 01040000 		.4byte	.LASF49
 383 02ac 03       		.byte	0x3
 384 02ad 5C       		.byte	0x5c
 385 02ae B2020000 		.4byte	0x2b2
 386 02b2 0A       		.uleb128 0xa
 387 02b3 04       		.byte	0x4
 388 02b4 B8020000 		.4byte	0x2b8
 389 02b8 0C       		.uleb128 0xc
 390 02b9 C3020000 		.4byte	0x2c3
 391 02bd 0D       		.uleb128 0xd
 392 02be C3020000 		.4byte	0x2c3
 393 02c2 00       		.byte	0
 394 02c3 0E       		.uleb128 0xe
 395 02c4 04       		.byte	0x4
 396 02c5 04       		.uleb128 0x4
 397 02c6 D7010000 		.4byte	.LASF50
 398 02ca 03       		.byte	0x3
 399 02cb 61       		.byte	0x61
 400 02cc D0020000 		.4byte	0x2d0
 401 02d0 0B       		.uleb128 0xb
 402 02d1 45030000 		.4byte	.LASF51
 403 02d5 14       		.byte	0x14
 404 02d6 04       		.byte	0x4
 405 02d7 4501     		.2byte	0x145
 406 02d9 1F030000 		.4byte	0x31f
 407 02dd 09       		.uleb128 0x9
 408 02de 70040000 		.4byte	.LASF42
 409 02e2 04       		.byte	0x4
 410 02e3 4601     		.2byte	0x146
 411 02e5 79050000 		.4byte	0x579
 412 02e9 00       		.byte	0
 413 02ea 09       		.uleb128 0x9
 414 02eb 42040000 		.4byte	.LASF45
 415 02ef 04       		.byte	0x4
 416 02f0 4701     		.2byte	0x147
 417 02f2 79050000 		.4byte	0x579
 418 02f6 04       		.byte	0x4
 419 02f7 09       		.uleb128 0x9
 420 02f8 CD000000 		.4byte	.LASF52
 421 02fc 04       		.byte	0x4
 422 02fd 4801     		.2byte	0x148
 423 02ff E7000000 		.4byte	0xe7
ARM GAS  /tmp/ccquRLXy.s 			page 9


 424 0303 08       		.byte	0x8
 425 0304 09       		.uleb128 0x9
 426 0305 3E010000 		.4byte	.LASF53
 427 0309 04       		.byte	0x4
 428 030a 4901     		.2byte	0x149
 429 030c A7020000 		.4byte	0x2a7
 430 0310 0C       		.byte	0xc
 431 0311 08       		.uleb128 0x8
 432 0312 70617200 		.ascii	"par\000"
 433 0316 04       		.byte	0x4
 434 0317 4B01     		.2byte	0x14b
 435 0319 C3020000 		.4byte	0x2c3
 436 031d 10       		.byte	0x10
 437 031e 00       		.byte	0
 438 031f 04       		.uleb128 0x4
 439 0320 EF020000 		.4byte	.LASF54
 440 0324 03       		.byte	0x3
 441 0325 66       		.byte	0x66
 442 0326 2A030000 		.4byte	0x32a
 443 032a 0B       		.uleb128 0xb
 444 032b 47040000 		.4byte	.LASF55
 445 032f 0C       		.byte	0xc
 446 0330 04       		.byte	0x4
 447 0331 5501     		.2byte	0x155
 448 0333 6C030000 		.4byte	0x36c
 449 0337 09       		.uleb128 0x9
 450 0338 70040000 		.4byte	.LASF42
 451 033c 04       		.byte	0x4
 452 033d 5601     		.2byte	0x156
 453 033f 79050000 		.4byte	0x579
 454 0343 00       		.byte	0
 455 0344 09       		.uleb128 0x9
 456 0345 42040000 		.4byte	.LASF45
 457 0349 04       		.byte	0x4
 458 034a 5801     		.2byte	0x158
 459 034c 79050000 		.4byte	0x579
 460 0350 04       		.byte	0x4
 461 0351 09       		.uleb128 0x9
 462 0352 CD000000 		.4byte	.LASF52
 463 0356 04       		.byte	0x4
 464 0357 5A01     		.2byte	0x15a
 465 0359 E7000000 		.4byte	0xe7
 466 035d 08       		.byte	0x8
 467 035e 09       		.uleb128 0x9
 468 035f 78030000 		.4byte	.LASF56
 469 0363 04       		.byte	0x4
 470 0364 6201     		.2byte	0x162
 471 0366 E7000000 		.4byte	0xe7
 472 036a 0A       		.byte	0xa
 473 036b 00       		.byte	0
 474 036c 04       		.uleb128 0x4
 475 036d 57000000 		.4byte	.LASF57
 476 0371 03       		.byte	0x3
 477 0372 6B       		.byte	0x6b
 478 0373 77030000 		.4byte	0x377
 479 0377 0B       		.uleb128 0xb
 480 0378 11000000 		.4byte	.LASF58
ARM GAS  /tmp/ccquRLXy.s 			page 10


 481 037c 04       		.byte	0x4
 482 037d 04       		.byte	0x4
 483 037e 7C01     		.2byte	0x17c
 484 0380 92030000 		.4byte	0x392
 485 0384 09       		.uleb128 0x9
 486 0385 9C030000 		.4byte	.LASF59
 487 0389 04       		.byte	0x4
 488 038a 8401     		.2byte	0x184
 489 038c 7F050000 		.4byte	0x57f
 490 0390 00       		.byte	0
 491 0391 00       		.byte	0
 492 0392 04       		.uleb128 0x4
 493 0393 AF000000 		.4byte	.LASF60
 494 0397 03       		.byte	0x3
 495 0398 70       		.byte	0x70
 496 0399 9D030000 		.4byte	0x39d
 497 039d 0B       		.uleb128 0xb
 498 039e C0010000 		.4byte	.LASF61
 499 03a2 70       		.byte	0x70
 500 03a3 04       		.byte	0x4
 501 03a4 9C01     		.2byte	0x19c
 502 03a6 DF030000 		.4byte	0x3df
 503 03aa 09       		.uleb128 0x9
 504 03ab 32030000 		.4byte	.LASF62
 505 03af 04       		.byte	0x4
 506 03b0 A001     		.2byte	0x1a0
 507 03b2 40020000 		.4byte	0x240
 508 03b6 00       		.byte	0
 509 03b7 09       		.uleb128 0x9
 510 03b8 A8000000 		.4byte	.LASF63
 511 03bc 04       		.byte	0x4
 512 03bd A401     		.2byte	0x1a4
 513 03bf 1F030000 		.4byte	0x31f
 514 03c3 1C       		.byte	0x1c
 515 03c4 08       		.uleb128 0x8
 516 03c5 64626700 		.ascii	"dbg\000"
 517 03c9 04       		.byte	0x4
 518 03ca A801     		.2byte	0x1a8
 519 03cc 6C030000 		.4byte	0x36c
 520 03d0 28       		.byte	0x28
 521 03d1 09       		.uleb128 0x9
 522 03d2 39000000 		.4byte	.LASF64
 523 03d6 04       		.byte	0x4
 524 03d7 AC01     		.2byte	0x1ac
 525 03d9 F2000000 		.4byte	0xf2
 526 03dd 2C       		.byte	0x2c
 527 03de 00       		.byte	0
 528 03df 03       		.uleb128 0x3
 529 03e0 04       		.byte	0x4
 530 03e1 07       		.byte	0x7
 531 03e2 4E000000 		.4byte	.LASF65
 532 03e6 04       		.uleb128 0x4
 533 03e7 C4000000 		.4byte	.LASF66
 534 03eb 05       		.byte	0x5
 535 03ec 65       		.byte	0x65
 536 03ed C3020000 		.4byte	0x2c3
 537 03f1 04       		.uleb128 0x4
ARM GAS  /tmp/ccquRLXy.s 			page 11


 538 03f2 E7030000 		.4byte	.LASF67
 539 03f6 05       		.byte	0x5
 540 03f7 6D       		.byte	0x6d
 541 03f8 88000000 		.4byte	0x88
 542 03fc 05       		.uleb128 0x5
 543 03fd CA010000 		.4byte	.LASF68
 544 0401 04       		.byte	0x4
 545 0402 05       		.byte	0x5
 546 0403 89       		.byte	0x89
 547 0404 14040000 		.4byte	0x414
 548 0408 07       		.uleb128 0x7
 549 0409 737000   		.ascii	"sp\000"
 550 040c 05       		.byte	0x5
 551 040d 8A       		.byte	0x8a
 552 040e 90040000 		.4byte	0x490
 553 0412 00       		.byte	0
 554 0413 00       		.byte	0
 555 0414 0B       		.uleb128 0xb
 556 0415 B9030000 		.4byte	.LASF69
 557 0419 24       		.byte	0x24
 558 041a 06       		.byte	0x6
 559 041b 5901     		.2byte	0x159
 560 041d 90040000 		.4byte	0x490
 561 0421 08       		.uleb128 0x8
 562 0422 723400   		.ascii	"r4\000"
 563 0425 06       		.byte	0x6
 564 0426 6C01     		.2byte	0x16c
 565 0428 E6030000 		.4byte	0x3e6
 566 042c 00       		.byte	0
 567 042d 08       		.uleb128 0x8
 568 042e 723500   		.ascii	"r5\000"
 569 0431 06       		.byte	0x6
 570 0432 6D01     		.2byte	0x16d
 571 0434 E6030000 		.4byte	0x3e6
 572 0438 04       		.byte	0x4
 573 0439 08       		.uleb128 0x8
 574 043a 723600   		.ascii	"r6\000"
 575 043d 06       		.byte	0x6
 576 043e 6E01     		.2byte	0x16e
 577 0440 E6030000 		.4byte	0x3e6
 578 0444 08       		.byte	0x8
 579 0445 08       		.uleb128 0x8
 580 0446 723700   		.ascii	"r7\000"
 581 0449 06       		.byte	0x6
 582 044a 6F01     		.2byte	0x16f
 583 044c E6030000 		.4byte	0x3e6
 584 0450 0C       		.byte	0xc
 585 0451 08       		.uleb128 0x8
 586 0452 723800   		.ascii	"r8\000"
 587 0455 06       		.byte	0x6
 588 0456 7001     		.2byte	0x170
 589 0458 E6030000 		.4byte	0x3e6
 590 045c 10       		.byte	0x10
 591 045d 08       		.uleb128 0x8
 592 045e 723900   		.ascii	"r9\000"
 593 0461 06       		.byte	0x6
 594 0462 7101     		.2byte	0x171
ARM GAS  /tmp/ccquRLXy.s 			page 12


 595 0464 E6030000 		.4byte	0x3e6
 596 0468 14       		.byte	0x14
 597 0469 08       		.uleb128 0x8
 598 046a 72313000 		.ascii	"r10\000"
 599 046e 06       		.byte	0x6
 600 046f 7201     		.2byte	0x172
 601 0471 E6030000 		.4byte	0x3e6
 602 0475 18       		.byte	0x18
 603 0476 08       		.uleb128 0x8
 604 0477 72313100 		.ascii	"r11\000"
 605 047b 06       		.byte	0x6
 606 047c 7301     		.2byte	0x173
 607 047e E6030000 		.4byte	0x3e6
 608 0482 1C       		.byte	0x1c
 609 0483 08       		.uleb128 0x8
 610 0484 6C7200   		.ascii	"lr\000"
 611 0487 06       		.byte	0x6
 612 0488 7401     		.2byte	0x174
 613 048a E6030000 		.4byte	0x3e6
 614 048e 20       		.byte	0x20
 615 048f 00       		.byte	0
 616 0490 0A       		.uleb128 0xa
 617 0491 04       		.byte	0x4
 618 0492 14040000 		.4byte	0x414
 619 0496 0F       		.uleb128 0xf
 620 0497 04       		.byte	0x4
 621 0498 04       		.byte	0x4
 622 0499 D2       		.byte	0xd2
 623 049a F9040000 		.4byte	0x4f9
 624 049e 10       		.uleb128 0x10
 625 049f 5E040000 		.4byte	.LASF70
 626 04a3 04       		.byte	0x4
 627 04a4 D9       		.byte	0xd9
 628 04a5 C6000000 		.4byte	0xc6
 629 04a9 10       		.uleb128 0x10
 630 04aa F2030000 		.4byte	.LASF71
 631 04ae 04       		.byte	0x4
 632 04af E0       		.byte	0xe0
 633 04b0 C6000000 		.4byte	0xc6
 634 04b4 10       		.uleb128 0x10
 635 04b5 D8030000 		.4byte	.LASF72
 636 04b9 04       		.byte	0x4
 637 04ba E7       		.byte	0xe7
 638 04bb C3020000 		.4byte	0x2c3
 639 04bf 10       		.uleb128 0x10
 640 04c0 A6030000 		.4byte	.LASF73
 641 04c4 04       		.byte	0x4
 642 04c5 EE       		.byte	0xee
 643 04c6 F9040000 		.4byte	0x4f9
 644 04ca 10       		.uleb128 0x10
 645 04cb E7010000 		.4byte	.LASF74
 646 04cf 04       		.byte	0x4
 647 04d0 F3       		.byte	0xf3
 648 04d1 C6000000 		.4byte	0xc6
 649 04d5 10       		.uleb128 0x10
 650 04d6 7D000000 		.4byte	.LASF75
 651 04da 04       		.byte	0x4
ARM GAS  /tmp/ccquRLXy.s 			page 13


 652 04db FC       		.byte	0xfc
 653 04dc 24050000 		.4byte	0x524
 654 04e0 11       		.uleb128 0x11
 655 04e1 75040000 		.4byte	.LASF76
 656 04e5 04       		.byte	0x4
 657 04e6 0501     		.2byte	0x105
 658 04e8 5B050000 		.4byte	0x55b
 659 04ec 11       		.uleb128 0x11
 660 04ed B7020000 		.4byte	.LASF77
 661 04f1 04       		.byte	0x4
 662 04f2 0D01     		.2byte	0x10d
 663 04f4 D1000000 		.4byte	0xd1
 664 04f8 00       		.byte	0
 665 04f9 0A       		.uleb128 0xa
 666 04fa 04       		.byte	0x4
 667 04fb DB010000 		.4byte	0x1db
 668 04ff 05       		.uleb128 0x5
 669 0500 AC030000 		.4byte	.LASF78
 670 0504 0C       		.byte	0xc
 671 0505 07       		.byte	0x7
 672 0506 34       		.byte	0x34
 673 0507 24050000 		.4byte	0x524
 674 050b 06       		.uleb128 0x6
 675 050c F5010000 		.4byte	.LASF23
 676 0510 07       		.byte	0x7
 677 0511 35       		.byte	0x35
 678 0512 10020000 		.4byte	0x210
 679 0516 00       		.byte	0
 680 0517 07       		.uleb128 0x7
 681 0518 636E7400 		.ascii	"cnt\000"
 682 051c 07       		.byte	0x7
 683 051d 37       		.byte	0x37
 684 051e DC000000 		.4byte	0xdc
 685 0522 08       		.byte	0x8
 686 0523 00       		.byte	0
 687 0524 0A       		.uleb128 0xa
 688 0525 04       		.byte	0x4
 689 0526 FF040000 		.4byte	0x4ff
 690 052a 05       		.uleb128 0x5
 691 052b 1E010000 		.4byte	.LASF79
 692 052f 10       		.byte	0x10
 693 0530 08       		.byte	0x8
 694 0531 39       		.byte	0x39
 695 0532 5B050000 		.4byte	0x55b
 696 0536 06       		.uleb128 0x6
 697 0537 F5010000 		.4byte	.LASF23
 698 053b 08       		.byte	0x8
 699 053c 3A       		.byte	0x3a
 700 053d 10020000 		.4byte	0x210
 701 0541 00       		.byte	0
 702 0542 06       		.uleb128 0x6
 703 0543 0E020000 		.4byte	.LASF80
 704 0547 08       		.byte	0x8
 705 0548 3C       		.byte	0x3c
 706 0549 E6010000 		.4byte	0x1e6
 707 054d 08       		.byte	0x8
 708 054e 06       		.uleb128 0x6
ARM GAS  /tmp/ccquRLXy.s 			page 14


 709 054f 70040000 		.4byte	.LASF42
 710 0553 08       		.byte	0x8
 711 0554 3E       		.byte	0x3e
 712 0555 8F050000 		.4byte	0x58f
 713 0559 0C       		.byte	0xc
 714 055a 00       		.byte	0
 715 055b 0A       		.uleb128 0xa
 716 055c 04       		.byte	0x4
 717 055d 2A050000 		.4byte	0x52a
 718 0561 0A       		.uleb128 0xa
 719 0562 04       		.byte	0x4
 720 0563 67050000 		.4byte	0x567
 721 0567 12       		.uleb128 0x12
 722 0568 6C050000 		.4byte	0x56c
 723 056c 03       		.uleb128 0x3
 724 056d 01       		.byte	0x1
 725 056e 08       		.byte	0x8
 726 056f 38030000 		.4byte	.LASF81
 727 0573 0A       		.uleb128 0xa
 728 0574 04       		.byte	0x4
 729 0575 F1030000 		.4byte	0x3f1
 730 0579 0A       		.uleb128 0xa
 731 057a 04       		.byte	0x4
 732 057b C5020000 		.4byte	0x2c5
 733 057f 13       		.uleb128 0x13
 734 0580 61050000 		.4byte	0x561
 735 0584 04       		.uleb128 0x4
 736 0585 3D030000 		.4byte	.LASF82
 737 0589 08       		.byte	0x8
 738 058a 34       		.byte	0x34
 739 058b 2A050000 		.4byte	0x52a
 740 058f 0A       		.uleb128 0xa
 741 0590 04       		.byte	0x4
 742 0591 84050000 		.4byte	0x584
 743 0595 03       		.uleb128 0x3
 744 0596 01       		.byte	0x1
 745 0597 02       		.byte	0x2
 746 0598 6D030000 		.4byte	.LASF83
 747 059c 14       		.uleb128 0x14
 748 059d 35040000 		.4byte	.LASF84
 749 05a1 09       		.byte	0x9
 750 05a2 9606     		.2byte	0x696
 751 05a4 A8050000 		.4byte	0x5a8
 752 05a8 13       		.uleb128 0x13
 753 05a9 5D000000 		.4byte	0x5d
 754 05ad 15       		.uleb128 0x15
 755 05ae 636800   		.ascii	"ch\000"
 756 05b1 04       		.byte	0x4
 757 05b2 D201     		.2byte	0x1d2
 758 05b4 92030000 		.4byte	0x392
 759 05b8 00       		.byte	0
 760              		.section	.debug_abbrev,"",%progbits
 761              	.Ldebug_abbrev0:
 762 0000 01       		.uleb128 0x1
 763 0001 11       		.uleb128 0x11
 764 0002 01       		.byte	0x1
 765 0003 25       		.uleb128 0x25
ARM GAS  /tmp/ccquRLXy.s 			page 15


 766 0004 0E       		.uleb128 0xe
 767 0005 13       		.uleb128 0x13
 768 0006 0B       		.uleb128 0xb
 769 0007 03       		.uleb128 0x3
 770 0008 0E       		.uleb128 0xe
 771 0009 1B       		.uleb128 0x1b
 772 000a 0E       		.uleb128 0xe
 773 000b 10       		.uleb128 0x10
 774 000c 17       		.uleb128 0x17
 775 000d 00       		.byte	0
 776 000e 00       		.byte	0
 777 000f 02       		.uleb128 0x2
 778 0010 24       		.uleb128 0x24
 779 0011 00       		.byte	0
 780 0012 0B       		.uleb128 0xb
 781 0013 0B       		.uleb128 0xb
 782 0014 3E       		.uleb128 0x3e
 783 0015 0B       		.uleb128 0xb
 784 0016 03       		.uleb128 0x3
 785 0017 08       		.uleb128 0x8
 786 0018 00       		.byte	0
 787 0019 00       		.byte	0
 788 001a 03       		.uleb128 0x3
 789 001b 24       		.uleb128 0x24
 790 001c 00       		.byte	0
 791 001d 0B       		.uleb128 0xb
 792 001e 0B       		.uleb128 0xb
 793 001f 3E       		.uleb128 0x3e
 794 0020 0B       		.uleb128 0xb
 795 0021 03       		.uleb128 0x3
 796 0022 0E       		.uleb128 0xe
 797 0023 00       		.byte	0
 798 0024 00       		.byte	0
 799 0025 04       		.uleb128 0x4
 800 0026 16       		.uleb128 0x16
 801 0027 00       		.byte	0
 802 0028 03       		.uleb128 0x3
 803 0029 0E       		.uleb128 0xe
 804 002a 3A       		.uleb128 0x3a
 805 002b 0B       		.uleb128 0xb
 806 002c 3B       		.uleb128 0x3b
 807 002d 0B       		.uleb128 0xb
 808 002e 49       		.uleb128 0x49
 809 002f 13       		.uleb128 0x13
 810 0030 00       		.byte	0
 811 0031 00       		.byte	0
 812 0032 05       		.uleb128 0x5
 813 0033 13       		.uleb128 0x13
 814 0034 01       		.byte	0x1
 815 0035 03       		.uleb128 0x3
 816 0036 0E       		.uleb128 0xe
 817 0037 0B       		.uleb128 0xb
 818 0038 0B       		.uleb128 0xb
 819 0039 3A       		.uleb128 0x3a
 820 003a 0B       		.uleb128 0xb
 821 003b 3B       		.uleb128 0x3b
 822 003c 0B       		.uleb128 0xb
ARM GAS  /tmp/ccquRLXy.s 			page 16


 823 003d 01       		.uleb128 0x1
 824 003e 13       		.uleb128 0x13
 825 003f 00       		.byte	0
 826 0040 00       		.byte	0
 827 0041 06       		.uleb128 0x6
 828 0042 0D       		.uleb128 0xd
 829 0043 00       		.byte	0
 830 0044 03       		.uleb128 0x3
 831 0045 0E       		.uleb128 0xe
 832 0046 3A       		.uleb128 0x3a
 833 0047 0B       		.uleb128 0xb
 834 0048 3B       		.uleb128 0x3b
 835 0049 0B       		.uleb128 0xb
 836 004a 49       		.uleb128 0x49
 837 004b 13       		.uleb128 0x13
 838 004c 38       		.uleb128 0x38
 839 004d 0B       		.uleb128 0xb
 840 004e 00       		.byte	0
 841 004f 00       		.byte	0
 842 0050 07       		.uleb128 0x7
 843 0051 0D       		.uleb128 0xd
 844 0052 00       		.byte	0
 845 0053 03       		.uleb128 0x3
 846 0054 08       		.uleb128 0x8
 847 0055 3A       		.uleb128 0x3a
 848 0056 0B       		.uleb128 0xb
 849 0057 3B       		.uleb128 0x3b
 850 0058 0B       		.uleb128 0xb
 851 0059 49       		.uleb128 0x49
 852 005a 13       		.uleb128 0x13
 853 005b 38       		.uleb128 0x38
 854 005c 0B       		.uleb128 0xb
 855 005d 00       		.byte	0
 856 005e 00       		.byte	0
 857 005f 08       		.uleb128 0x8
 858 0060 0D       		.uleb128 0xd
 859 0061 00       		.byte	0
 860 0062 03       		.uleb128 0x3
 861 0063 08       		.uleb128 0x8
 862 0064 3A       		.uleb128 0x3a
 863 0065 0B       		.uleb128 0xb
 864 0066 3B       		.uleb128 0x3b
 865 0067 05       		.uleb128 0x5
 866 0068 49       		.uleb128 0x49
 867 0069 13       		.uleb128 0x13
 868 006a 38       		.uleb128 0x38
 869 006b 0B       		.uleb128 0xb
 870 006c 00       		.byte	0
 871 006d 00       		.byte	0
 872 006e 09       		.uleb128 0x9
 873 006f 0D       		.uleb128 0xd
 874 0070 00       		.byte	0
 875 0071 03       		.uleb128 0x3
 876 0072 0E       		.uleb128 0xe
 877 0073 3A       		.uleb128 0x3a
 878 0074 0B       		.uleb128 0xb
 879 0075 3B       		.uleb128 0x3b
ARM GAS  /tmp/ccquRLXy.s 			page 17


 880 0076 05       		.uleb128 0x5
 881 0077 49       		.uleb128 0x49
 882 0078 13       		.uleb128 0x13
 883 0079 38       		.uleb128 0x38
 884 007a 0B       		.uleb128 0xb
 885 007b 00       		.byte	0
 886 007c 00       		.byte	0
 887 007d 0A       		.uleb128 0xa
 888 007e 0F       		.uleb128 0xf
 889 007f 00       		.byte	0
 890 0080 0B       		.uleb128 0xb
 891 0081 0B       		.uleb128 0xb
 892 0082 49       		.uleb128 0x49
 893 0083 13       		.uleb128 0x13
 894 0084 00       		.byte	0
 895 0085 00       		.byte	0
 896 0086 0B       		.uleb128 0xb
 897 0087 13       		.uleb128 0x13
 898 0088 01       		.byte	0x1
 899 0089 03       		.uleb128 0x3
 900 008a 0E       		.uleb128 0xe
 901 008b 0B       		.uleb128 0xb
 902 008c 0B       		.uleb128 0xb
 903 008d 3A       		.uleb128 0x3a
 904 008e 0B       		.uleb128 0xb
 905 008f 3B       		.uleb128 0x3b
 906 0090 05       		.uleb128 0x5
 907 0091 01       		.uleb128 0x1
 908 0092 13       		.uleb128 0x13
 909 0093 00       		.byte	0
 910 0094 00       		.byte	0
 911 0095 0C       		.uleb128 0xc
 912 0096 15       		.uleb128 0x15
 913 0097 01       		.byte	0x1
 914 0098 27       		.uleb128 0x27
 915 0099 19       		.uleb128 0x19
 916 009a 01       		.uleb128 0x1
 917 009b 13       		.uleb128 0x13
 918 009c 00       		.byte	0
 919 009d 00       		.byte	0
 920 009e 0D       		.uleb128 0xd
 921 009f 05       		.uleb128 0x5
 922 00a0 00       		.byte	0
 923 00a1 49       		.uleb128 0x49
 924 00a2 13       		.uleb128 0x13
 925 00a3 00       		.byte	0
 926 00a4 00       		.byte	0
 927 00a5 0E       		.uleb128 0xe
 928 00a6 0F       		.uleb128 0xf
 929 00a7 00       		.byte	0
 930 00a8 0B       		.uleb128 0xb
 931 00a9 0B       		.uleb128 0xb
 932 00aa 00       		.byte	0
 933 00ab 00       		.byte	0
 934 00ac 0F       		.uleb128 0xf
 935 00ad 17       		.uleb128 0x17
 936 00ae 01       		.byte	0x1
ARM GAS  /tmp/ccquRLXy.s 			page 18


 937 00af 0B       		.uleb128 0xb
 938 00b0 0B       		.uleb128 0xb
 939 00b1 3A       		.uleb128 0x3a
 940 00b2 0B       		.uleb128 0xb
 941 00b3 3B       		.uleb128 0x3b
 942 00b4 0B       		.uleb128 0xb
 943 00b5 01       		.uleb128 0x1
 944 00b6 13       		.uleb128 0x13
 945 00b7 00       		.byte	0
 946 00b8 00       		.byte	0
 947 00b9 10       		.uleb128 0x10
 948 00ba 0D       		.uleb128 0xd
 949 00bb 00       		.byte	0
 950 00bc 03       		.uleb128 0x3
 951 00bd 0E       		.uleb128 0xe
 952 00be 3A       		.uleb128 0x3a
 953 00bf 0B       		.uleb128 0xb
 954 00c0 3B       		.uleb128 0x3b
 955 00c1 0B       		.uleb128 0xb
 956 00c2 49       		.uleb128 0x49
 957 00c3 13       		.uleb128 0x13
 958 00c4 00       		.byte	0
 959 00c5 00       		.byte	0
 960 00c6 11       		.uleb128 0x11
 961 00c7 0D       		.uleb128 0xd
 962 00c8 00       		.byte	0
 963 00c9 03       		.uleb128 0x3
 964 00ca 0E       		.uleb128 0xe
 965 00cb 3A       		.uleb128 0x3a
 966 00cc 0B       		.uleb128 0xb
 967 00cd 3B       		.uleb128 0x3b
 968 00ce 05       		.uleb128 0x5
 969 00cf 49       		.uleb128 0x49
 970 00d0 13       		.uleb128 0x13
 971 00d1 00       		.byte	0
 972 00d2 00       		.byte	0
 973 00d3 12       		.uleb128 0x12
 974 00d4 26       		.uleb128 0x26
 975 00d5 00       		.byte	0
 976 00d6 49       		.uleb128 0x49
 977 00d7 13       		.uleb128 0x13
 978 00d8 00       		.byte	0
 979 00d9 00       		.byte	0
 980 00da 13       		.uleb128 0x13
 981 00db 35       		.uleb128 0x35
 982 00dc 00       		.byte	0
 983 00dd 49       		.uleb128 0x49
 984 00de 13       		.uleb128 0x13
 985 00df 00       		.byte	0
 986 00e0 00       		.byte	0
 987 00e1 14       		.uleb128 0x14
 988 00e2 34       		.uleb128 0x34
 989 00e3 00       		.byte	0
 990 00e4 03       		.uleb128 0x3
 991 00e5 0E       		.uleb128 0xe
 992 00e6 3A       		.uleb128 0x3a
 993 00e7 0B       		.uleb128 0xb
ARM GAS  /tmp/ccquRLXy.s 			page 19


 994 00e8 3B       		.uleb128 0x3b
 995 00e9 05       		.uleb128 0x5
 996 00ea 49       		.uleb128 0x49
 997 00eb 13       		.uleb128 0x13
 998 00ec 3F       		.uleb128 0x3f
 999 00ed 19       		.uleb128 0x19
 1000 00ee 3C       		.uleb128 0x3c
 1001 00ef 19       		.uleb128 0x19
 1002 00f0 00       		.byte	0
 1003 00f1 00       		.byte	0
 1004 00f2 15       		.uleb128 0x15
 1005 00f3 34       		.uleb128 0x34
 1006 00f4 00       		.byte	0
 1007 00f5 03       		.uleb128 0x3
 1008 00f6 08       		.uleb128 0x8
 1009 00f7 3A       		.uleb128 0x3a
 1010 00f8 0B       		.uleb128 0xb
 1011 00f9 3B       		.uleb128 0x3b
 1012 00fa 05       		.uleb128 0x5
 1013 00fb 49       		.uleb128 0x49
 1014 00fc 13       		.uleb128 0x13
 1015 00fd 3F       		.uleb128 0x3f
 1016 00fe 19       		.uleb128 0x19
 1017 00ff 3C       		.uleb128 0x3c
 1018 0100 19       		.uleb128 0x19
 1019 0101 00       		.byte	0
 1020 0102 00       		.byte	0
 1021 0103 00       		.byte	0
 1022              		.section	.debug_aranges,"",%progbits
 1023 0000 14000000 		.4byte	0x14
 1024 0004 0200     		.2byte	0x2
 1025 0006 00000000 		.4byte	.Ldebug_info0
 1026 000a 04       		.byte	0x4
 1027 000b 00       		.byte	0
 1028 000c 0000     		.2byte	0
 1029 000e 0000     		.2byte	0
 1030 0010 00000000 		.4byte	0
 1031 0014 00000000 		.4byte	0
 1032              		.section	.debug_line,"",%progbits
 1033              	.Ldebug_line0:
 1034 0000 6D010000 		.section	.debug_str,"MS",%progbits,1
 1034      02006701 
 1034      00000201 
 1034      FB0E0D00 
 1034      01010101 
 1035              	.LASF22:
 1036 0000 74687265 		.ascii	"thread_t\000"
 1036      61645F74 
 1036      00
 1037              	.LASF16:
 1038 0009 74726566 		.ascii	"trefs_t\000"
 1038      735F7400 
 1039              	.LASF58:
 1040 0011 63685F73 		.ascii	"ch_system_debug\000"
 1040      79737465 
 1040      6D5F6465 
 1040      62756700 
ARM GAS  /tmp/ccquRLXy.s 			page 20


 1041              	.LASF34:
 1042 0021 6570656E 		.ascii	"epending\000"
 1042      64696E67 
 1042      00
 1043              	.LASF29:
 1044 002a 73746174 		.ascii	"state\000"
 1044      6500
 1045              	.LASF12:
 1046 0030 75696E74 		.ascii	"uint64_t\000"
 1046      36345F74 
 1046      00
 1047              	.LASF64:
 1048 0039 6D61696E 		.ascii	"mainthread\000"
 1048      74687265 
 1048      616400
 1049              	.LASF3:
 1050 0044 73686F72 		.ascii	"short int\000"
 1050      7420696E 
 1050      7400
 1051              	.LASF65:
 1052 004e 73697A65 		.ascii	"sizetype\000"
 1052      74797065 
 1052      00
 1053              	.LASF57:
 1054 0057 73797374 		.ascii	"system_debug_t\000"
 1054      656D5F64 
 1054      65627567 
 1054      5F7400
 1055              	.LASF13:
 1056 0066 6C6F6E67 		.ascii	"long long unsigned int\000"
 1056      206C6F6E 
 1056      6720756E 
 1056      7369676E 
 1056      65642069 
 1057              	.LASF75:
 1058 007d 77747365 		.ascii	"wtsemp\000"
 1058      6D7000
 1059              	.LASF19:
 1060 0084 6576656E 		.ascii	"eventmask_t\000"
 1060      746D6173 
 1060      6B5F7400 
 1061              	.LASF14:
 1062 0090 746D6F64 		.ascii	"tmode_t\000"
 1062      655F7400 
 1063              	.LASF41:
 1064 0098 63685F74 		.ascii	"ch_threads_list\000"
 1064      68726561 
 1064      64735F6C 
 1064      69737400 
 1065              	.LASF63:
 1066 00a8 76746C69 		.ascii	"vtlist\000"
 1066      737400
 1067              	.LASF60:
 1068 00af 63685F73 		.ascii	"ch_system_t\000"
 1068      79737465 
 1068      6D5F7400 
 1069              	.LASF33:
ARM GAS  /tmp/ccquRLXy.s 			page 21


 1070 00bb 6D736771 		.ascii	"msgqueue\000"
 1070      75657565 
 1070      00
 1071              	.LASF66:
 1072 00c4 72656761 		.ascii	"regarm_t\000"
 1072      726D5F74 
 1072      00
 1073              	.LASF52:
 1074 00cd 64656C74 		.ascii	"delta\000"
 1074      6100
 1075              	.LASF4:
 1076 00d3 75696E74 		.ascii	"uint8_t\000"
 1076      385F7400 
 1077              	.LASF44:
 1078 00db 63685F74 		.ascii	"ch_threads_queue\000"
 1078      68726561 
 1078      64735F71 
 1078      75657565 
 1078      00
 1079              	.LASF86:
 1080 00ec 2E2E2F2E 		.ascii	"../../../os/hal/ports/STM32/LLD/DMAv1/stm32_dma.c\000"
 1080      2E2F2E2E 
 1080      2F6F732F 
 1080      68616C2F 
 1080      706F7274 
 1081              	.LASF79:
 1082 011e 63685F6D 		.ascii	"ch_mutex\000"
 1082      75746578 
 1082      00
 1083              	.LASF40:
 1084 0127 63685F74 		.ascii	"ch_thread\000"
 1084      68726561 
 1084      6400
 1085              	.LASF26:
 1086 0131 6F6C6465 		.ascii	"older\000"
 1086      7200
 1087              	.LASF28:
 1088 0137 77616261 		.ascii	"wabase\000"
 1088      736500
 1089              	.LASF53:
 1090 013e 66756E63 		.ascii	"func\000"
 1090      00
 1091              	.LASF11:
 1092 0143 6C6F6E67 		.ascii	"long long int\000"
 1092      206C6F6E 
 1092      6720696E 
 1092      7400
 1093              	.LASF87:
 1094 0151 2F686F6D 		.ascii	"/home/otto/Escritorio/Semestre12/Embebidos/ChibiOS_"
 1094      652F6F74 
 1094      746F2F45 
 1094      73637269 
 1094      746F7269 
 1095 0184 31372E36 		.ascii	"17.6.2/demos/STM32/NIL-STM32F100-DISCOVERY\000"
 1095      2E322F64 
 1095      656D6F73 
 1095      2F53544D 
ARM GAS  /tmp/ccquRLXy.s 			page 22


 1095      33322F4E 
 1096              	.LASF17:
 1097 01af 74707269 		.ascii	"tprio_t\000"
 1097      6F5F7400 
 1098              	.LASF8:
 1099 01b7 6C6F6E67 		.ascii	"long int\000"
 1099      20696E74 
 1099      00
 1100              	.LASF61:
 1101 01c0 63685F73 		.ascii	"ch_system\000"
 1101      79737465 
 1101      6D00
 1102              	.LASF68:
 1103 01ca 706F7274 		.ascii	"port_context\000"
 1103      5F636F6E 
 1103      74657874 
 1103      00
 1104              	.LASF50:
 1105 01d7 76697274 		.ascii	"virtual_timer_t\000"
 1105      75616C5F 
 1105      74696D65 
 1105      725F7400 
 1106              	.LASF74:
 1107 01e7 73656E74 		.ascii	"sentmsg\000"
 1107      6D736700 
 1108              	.LASF25:
 1109 01ef 6E657765 		.ascii	"newer\000"
 1109      7200
 1110              	.LASF23:
 1111 01f5 71756575 		.ascii	"queue\000"
 1111      6500
 1112              	.LASF27:
 1113 01fb 6E616D65 		.ascii	"name\000"
 1113      00
 1114              	.LASF2:
 1115 0200 756E7369 		.ascii	"unsigned char\000"
 1115      676E6564 
 1115      20636861 
 1115      7200
 1116              	.LASF80:
 1117 020e 6F776E65 		.ascii	"owner\000"
 1117      7200
 1118              	.LASF85:
 1119 0214 474E5520 		.ascii	"GNU C 4.8.1 -mcpu=cortex-m3 -mno-thumb-interwork -m"
 1119      4320342E 
 1119      382E3120 
 1119      2D6D6370 
 1119      753D636F 
 1120 0247 7468756D 		.ascii	"thumb -ggdb -O2 -fomit-frame-pointer -falign-functi"
 1120      62202D67 
 1120      67646220 
 1120      2D4F3220 
 1120      2D666F6D 
 1121 027a 6F6E733D 		.ascii	"ons=16 -ffunction-sections -fdata-sections -fno-com"
 1121      3136202D 
 1121      6666756E 
 1121      6374696F 
ARM GAS  /tmp/ccquRLXy.s 			page 23


 1121      6E2D7365 
 1122 02ad 6D6F6E20 		.ascii	"mon -flto\000"
 1122      2D666C74 
 1122      6F00
 1123              	.LASF77:
 1124 02b7 65776D61 		.ascii	"ewmask\000"
 1124      736B00
 1125              	.LASF1:
 1126 02be 7369676E 		.ascii	"signed char\000"
 1126      65642063 
 1126      68617200 
 1127              	.LASF30:
 1128 02ca 666C6167 		.ascii	"flags\000"
 1128      7300
 1129              	.LASF9:
 1130 02d0 75696E74 		.ascii	"uint32_t\000"
 1130      33325F74 
 1130      00
 1131              	.LASF0:
 1132 02d9 756E7369 		.ascii	"unsigned int\000"
 1132      676E6564 
 1132      20696E74 
 1132      00
 1133              	.LASF5:
 1134 02e6 75696E74 		.ascii	"uint16_t\000"
 1134      31365F74 
 1134      00
 1135              	.LASF54:
 1136 02ef 76697274 		.ascii	"virtual_timers_list_t\000"
 1136      75616C5F 
 1136      74696D65 
 1136      72735F6C 
 1136      6973745F 
 1137              	.LASF43:
 1138 0305 74687265 		.ascii	"threads_queue_t\000"
 1138      6164735F 
 1138      71756575 
 1138      655F7400 
 1139              	.LASF6:
 1140 0315 73686F72 		.ascii	"short unsigned int\000"
 1140      7420756E 
 1140      7369676E 
 1140      65642069 
 1140      6E7400
 1141              	.LASF21:
 1142 0328 73797374 		.ascii	"systime_t\000"
 1142      696D655F 
 1142      7400
 1143              	.LASF62:
 1144 0332 726C6973 		.ascii	"rlist\000"
 1144      7400
 1145              	.LASF81:
 1146 0338 63686172 		.ascii	"char\000"
 1146      00
 1147              	.LASF82:
 1148 033d 6D757465 		.ascii	"mutex_t\000"
 1148      785F7400 
ARM GAS  /tmp/ccquRLXy.s 			page 24


 1149              	.LASF51:
 1150 0345 63685F76 		.ascii	"ch_virtual_timer\000"
 1150      69727475 
 1150      616C5F74 
 1150      696D6572 
 1150      00
 1151              	.LASF7:
 1152 0356 696E7433 		.ascii	"int32_t\000"
 1152      325F7400 
 1153              	.LASF20:
 1154 035e 636E745F 		.ascii	"cnt_t\000"
 1154      7400
 1155              	.LASF36:
 1156 0364 7265616C 		.ascii	"realprio\000"
 1156      7072696F 
 1156      00
 1157              	.LASF83:
 1158 036d 5F426F6F 		.ascii	"_Bool\000"
 1158      6C00
 1159              	.LASF31:
 1160 0373 72656673 		.ascii	"refs\000"
 1160      00
 1161              	.LASF56:
 1162 0378 6C617374 		.ascii	"lasttime\000"
 1162      74696D65 
 1162      00
 1163              	.LASF15:
 1164 0381 74737461 		.ascii	"tstate_t\000"
 1164      74655F74 
 1164      00
 1165              	.LASF10:
 1166 038a 6C6F6E67 		.ascii	"long unsigned int\000"
 1166      20756E73 
 1166      69676E65 
 1166      6420696E 
 1166      7400
 1167              	.LASF59:
 1168 039c 70616E69 		.ascii	"panic_msg\000"
 1168      635F6D73 
 1168      6700
 1169              	.LASF73:
 1170 03a6 77747472 		.ascii	"wttrp\000"
 1170      7000
 1171              	.LASF78:
 1172 03ac 63685F73 		.ascii	"ch_semaphore\000"
 1172      656D6170 
 1172      686F7265 
 1172      00
 1173              	.LASF69:
 1174 03b9 706F7274 		.ascii	"port_intctx\000"
 1174      5F696E74 
 1174      63747800 
 1175              	.LASF38:
 1176 03c5 74687265 		.ascii	"thread_reference_t\000"
 1176      61645F72 
 1176      65666572 
 1176      656E6365 
ARM GAS  /tmp/ccquRLXy.s 			page 25


 1176      5F7400
 1177              	.LASF72:
 1178 03d8 77746F62 		.ascii	"wtobjp\000"
 1178      6A7000
 1179              	.LASF35:
 1180 03df 6D74786C 		.ascii	"mtxlist\000"
 1180      69737400 
 1181              	.LASF67:
 1182 03e7 73746B61 		.ascii	"stkalign_t\000"
 1182      6C69676E 
 1182      5F7400
 1183              	.LASF71:
 1184 03f2 65786974 		.ascii	"exitcode\000"
 1184      636F6465 
 1184      00
 1185              	.LASF37:
 1186 03fb 6D706F6F 		.ascii	"mpool\000"
 1186      6C00
 1187              	.LASF49:
 1188 0401 76746675 		.ascii	"vtfunc_t\000"
 1188      6E635F74 
 1188      00
 1189              	.LASF46:
 1190 040a 72656164 		.ascii	"ready_list_t\000"
 1190      795F6C69 
 1190      73745F74 
 1190      00
 1191              	.LASF48:
 1192 0417 63757272 		.ascii	"current\000"
 1192      656E7400 
 1193              	.LASF32:
 1194 041f 77616974 		.ascii	"waiting\000"
 1194      696E6700 
 1195              	.LASF47:
 1196 0427 63685F72 		.ascii	"ch_ready_list\000"
 1196      65616479 
 1196      5F6C6973 
 1196      7400
 1197              	.LASF84:
 1198 0435 49544D5F 		.ascii	"ITM_RxBuffer\000"
 1198      52784275 
 1198      66666572 
 1198      00
 1199              	.LASF45:
 1200 0442 70726576 		.ascii	"prev\000"
 1200      00
 1201              	.LASF55:
 1202 0447 63685F76 		.ascii	"ch_virtual_timers_list\000"
 1202      69727475 
 1202      616C5F74 
 1202      696D6572 
 1202      735F6C69 
 1203              	.LASF70:
 1204 045e 7264796D 		.ascii	"rdymsg\000"
 1204      736700
 1205              	.LASF18:
 1206 0465 6D73675F 		.ascii	"msg_t\000"
ARM GAS  /tmp/ccquRLXy.s 			page 26


 1206      7400
 1207              	.LASF24:
 1208 046b 7072696F 		.ascii	"prio\000"
 1208      00
 1209              	.LASF42:
 1210 0470 6E657874 		.ascii	"next\000"
 1210      00
 1211              	.LASF76:
 1212 0475 77746D74 		.ascii	"wtmtxp\000"
 1212      787000
 1213              	.LASF39:
 1214 047c 74687265 		.ascii	"threads_list_t\000"
 1214      6164735F 
 1214      6C697374 
 1214      5F7400
 1215              		.comm	__gnu_lto_v1,1,1
 1216              		.ident	"GCC: (Sourcery CodeBench Lite 2013.11-24) 4.8.1"
ARM GAS  /tmp/ccquRLXy.s 			page 27


DEFINED SYMBOLS
                            *ABS*:00000000 stm32_dma.c
                            *COM*:00000001 __gnu_lto_v1

NO UNDEFINED SYMBOLS
